[2025-04-09T22:52:40.945+0000] {local_task_job_runner.py:123} INFO - ::group::Pre task execution logs
[2025-04-09T22:52:40.952+0000] {taskinstance.py:2614} INFO - Dependencies all met for dep_context=non-requeueable deps ti=<TaskInstance: la_traffic_download_to_bq_via_url.unzip_file manual__2025-04-09T22:52:35.114354+00:00 [queued]>
[2025-04-09T22:52:40.956+0000] {taskinstance.py:2614} INFO - Dependencies all met for dep_context=requeueable deps ti=<TaskInstance: la_traffic_download_to_bq_via_url.unzip_file manual__2025-04-09T22:52:35.114354+00:00 [queued]>
[2025-04-09T22:52:40.956+0000] {taskinstance.py:2867} INFO - Starting attempt 1 of 2
[2025-04-09T22:52:40.960+0000] {taskinstance.py:2890} INFO - Executing <Task(PythonOperator): unzip_file> on 2025-04-09 22:52:35.114354+00:00
[2025-04-09T22:52:40.963+0000] {warnings.py:112} WARNING - /home/***/.local/lib/python3.12/site-packages/***/task/task_runner/standard_task_runner.py:70: DeprecationWarning: This process (pid=211) is multi-threaded, use of fork() may lead to deadlocks in the child.
  pid = os.fork()

[2025-04-09T22:52:40.964+0000] {standard_task_runner.py:72} INFO - Started process 212 to run task
[2025-04-09T22:52:40.965+0000] {standard_task_runner.py:104} INFO - Running: ['***', 'tasks', 'run', 'la_traffic_download_to_bq_via_url', 'unzip_file', 'manual__2025-04-09T22:52:35.114354+00:00', '--job-id', '53', '--raw', '--subdir', 'DAGS_FOLDER/dag.py', '--cfg-path', '/tmp/tmpdtxw37iy']
[2025-04-09T22:52:40.965+0000] {standard_task_runner.py:105} INFO - Job 53: Subtask unzip_file
[2025-04-09T22:52:40.981+0000] {task_command.py:467} INFO - Running <TaskInstance: la_traffic_download_to_bq_via_url.unzip_file manual__2025-04-09T22:52:35.114354+00:00 [running]> on host 6416417ff662
[2025-04-09T22:52:41.008+0000] {taskinstance.py:3134} INFO - Exporting env vars: AIRFLOW_CTX_DAG_OWNER='***' AIRFLOW_CTX_DAG_ID='la_traffic_download_to_bq_via_url' AIRFLOW_CTX_TASK_ID='unzip_file' AIRFLOW_CTX_EXECUTION_DATE='2025-04-09T22:52:35.114354+00:00' AIRFLOW_CTX_TRY_NUMBER='1' AIRFLOW_CTX_DAG_RUN_ID='manual__2025-04-09T22:52:35.114354+00:00'
[2025-04-09T22:52:41.009+0000] {logging_mixin.py:190} INFO - Task instance is in running state
[2025-04-09T22:52:41.010+0000] {logging_mixin.py:190} INFO -  Previous state of the Task instance: queued
[2025-04-09T22:52:41.010+0000] {logging_mixin.py:190} INFO - Current task name:unzip_file state:running start_date:2025-04-09 22:52:40.952270+00:00
[2025-04-09T22:52:41.010+0000] {logging_mixin.py:190} INFO - Dag name:la_traffic_download_to_bq_via_url and current dag run status:running
[2025-04-09T22:52:41.010+0000] {taskinstance.py:732} INFO - ::endgroup::
[2025-04-09T22:52:41.402+0000] {logging_mixin.py:190} INFO - Extracted: ['socrata_metadata.json', 'traffic-collision-data-from-2010-to-present.csv']
[2025-04-09T22:52:41.479+0000] {python.py:240} INFO - Done. Returned value was: None
[2025-04-09T22:52:41.486+0000] {taskinstance.py:341} INFO - ::group::Post task execution logs
[2025-04-09T22:52:41.486+0000] {taskinstance.py:353} INFO - Marking task as SUCCESS. dag_id=la_traffic_download_to_bq_via_url, task_id=unzip_file, run_id=manual__2025-04-09T22:52:35.114354+00:00, execution_date=20250409T225235, start_date=20250409T225240, end_date=20250409T225241
[2025-04-09T22:52:41.496+0000] {logging_mixin.py:190} INFO - Task instance in success state
[2025-04-09T22:52:41.497+0000] {logging_mixin.py:190} INFO -  Previous state of the Task instance: running
[2025-04-09T22:52:41.497+0000] {logging_mixin.py:190} INFO - Dag name:la_traffic_download_to_bq_via_url queued_at:2025-04-09 22:52:35.140564+00:00
[2025-04-09T22:52:41.497+0000] {logging_mixin.py:190} INFO - Task hostname:6416417ff662 operator:PythonOperator
[2025-04-09T22:52:41.517+0000] {local_task_job_runner.py:266} INFO - Task exited with return code 0
[2025-04-09T22:52:41.531+0000] {taskinstance.py:3901} INFO - 1 downstream tasks scheduled from follow-on schedule check
[2025-04-09T22:52:41.532+0000] {local_task_job_runner.py:245} INFO - ::endgroup::
