[2025-04-09T22:52:42.530+0000] {local_task_job_runner.py:123} INFO - ::group::Pre task execution logs
[2025-04-09T22:52:42.537+0000] {taskinstance.py:2614} INFO - Dependencies all met for dep_context=non-requeueable deps ti=<TaskInstance: la_traffic_download_to_bq_via_url.upload_to_gcs manual__2025-04-09T22:52:35.114354+00:00 [queued]>
[2025-04-09T22:52:42.541+0000] {taskinstance.py:2614} INFO - Dependencies all met for dep_context=requeueable deps ti=<TaskInstance: la_traffic_download_to_bq_via_url.upload_to_gcs manual__2025-04-09T22:52:35.114354+00:00 [queued]>
[2025-04-09T22:52:42.541+0000] {taskinstance.py:2867} INFO - Starting attempt 1 of 2
[2025-04-09T22:52:42.545+0000] {taskinstance.py:2890} INFO - Executing <Task(PythonOperator): upload_to_gcs> on 2025-04-09 22:52:35.114354+00:00
[2025-04-09T22:52:42.548+0000] {warnings.py:112} WARNING - /home/***/.local/lib/python3.12/site-packages/***/task/task_runner/standard_task_runner.py:70: DeprecationWarning: This process (pid=214) is multi-threaded, use of fork() may lead to deadlocks in the child.
  pid = os.fork()

[2025-04-09T22:52:42.549+0000] {standard_task_runner.py:72} INFO - Started process 215 to run task
[2025-04-09T22:52:42.549+0000] {standard_task_runner.py:104} INFO - Running: ['***', 'tasks', 'run', 'la_traffic_download_to_bq_via_url', 'upload_to_gcs', 'manual__2025-04-09T22:52:35.114354+00:00', '--job-id', '54', '--raw', '--subdir', 'DAGS_FOLDER/dag.py', '--cfg-path', '/tmp/tmp79pu34zc']
[2025-04-09T22:52:42.550+0000] {standard_task_runner.py:105} INFO - Job 54: Subtask upload_to_gcs
[2025-04-09T22:52:42.567+0000] {task_command.py:467} INFO - Running <TaskInstance: la_traffic_download_to_bq_via_url.upload_to_gcs manual__2025-04-09T22:52:35.114354+00:00 [running]> on host 6416417ff662
[2025-04-09T22:52:42.594+0000] {taskinstance.py:3134} INFO - Exporting env vars: AIRFLOW_CTX_DAG_OWNER='***' AIRFLOW_CTX_DAG_ID='la_traffic_download_to_bq_via_url' AIRFLOW_CTX_TASK_ID='upload_to_gcs' AIRFLOW_CTX_EXECUTION_DATE='2025-04-09T22:52:35.114354+00:00' AIRFLOW_CTX_TRY_NUMBER='1' AIRFLOW_CTX_DAG_RUN_ID='manual__2025-04-09T22:52:35.114354+00:00'
[2025-04-09T22:52:42.594+0000] {logging_mixin.py:190} INFO - Task instance is in running state
[2025-04-09T22:52:42.594+0000] {logging_mixin.py:190} INFO -  Previous state of the Task instance: queued
[2025-04-09T22:52:42.594+0000] {logging_mixin.py:190} INFO - Current task name:upload_to_gcs state:running start_date:2025-04-09 22:52:42.537599+00:00
[2025-04-09T22:52:42.595+0000] {logging_mixin.py:190} INFO - Dag name:la_traffic_download_to_bq_via_url and current dag run status:running
[2025-04-09T22:52:42.595+0000] {taskinstance.py:732} INFO - ::endgroup::
[2025-04-09T22:53:37.639+0000] {logging_mixin.py:190} INFO - Uploaded traffic-collision-data-from-2010-to-present.csv to gs://la-traffic-collision/traffic-collision-data-from-2010-to-present.csv
[2025-04-09T22:53:37.734+0000] {python.py:240} INFO - Done. Returned value was: None
[2025-04-09T22:53:37.749+0000] {taskinstance.py:341} INFO - ::group::Post task execution logs
[2025-04-09T22:53:37.750+0000] {taskinstance.py:353} INFO - Marking task as SUCCESS. dag_id=la_traffic_download_to_bq_via_url, task_id=upload_to_gcs, run_id=manual__2025-04-09T22:52:35.114354+00:00, execution_date=20250409T225235, start_date=20250409T225242, end_date=20250409T225337
[2025-04-09T22:53:37.767+0000] {logging_mixin.py:190} INFO - Task instance in success state
[2025-04-09T22:53:37.768+0000] {logging_mixin.py:190} INFO -  Previous state of the Task instance: running
[2025-04-09T22:53:37.768+0000] {logging_mixin.py:190} INFO - Dag name:la_traffic_download_to_bq_via_url queued_at:2025-04-09 22:52:35.140564+00:00
[2025-04-09T22:53:37.768+0000] {logging_mixin.py:190} INFO - Task hostname:6416417ff662 operator:PythonOperator
[2025-04-09T22:53:37.814+0000] {local_task_job_runner.py:266} INFO - Task exited with return code 0
[2025-04-09T22:53:37.836+0000] {taskinstance.py:3901} INFO - 1 downstream tasks scheduled from follow-on schedule check
[2025-04-09T22:53:37.837+0000] {local_task_job_runner.py:245} INFO - ::endgroup::
