[2025-04-09T22:44:06.361+0000] {local_task_job_runner.py:123} INFO - ::group::Pre task execution logs
[2025-04-09T22:44:06.372+0000] {taskinstance.py:2614} INFO - Dependencies all met for dep_context=non-requeueable deps ti=<TaskInstance: la_traffic_download_to_bq_via_url.unzip_file scheduled__2025-04-06T00:00:00+00:00 [queued]>
[2025-04-09T22:44:06.377+0000] {taskinstance.py:2614} INFO - Dependencies all met for dep_context=requeueable deps ti=<TaskInstance: la_traffic_download_to_bq_via_url.unzip_file scheduled__2025-04-06T00:00:00+00:00 [queued]>
[2025-04-09T22:44:06.378+0000] {taskinstance.py:2867} INFO - Starting attempt 1 of 2
[2025-04-09T22:44:06.384+0000] {taskinstance.py:2890} INFO - Executing <Task(PythonOperator): unzip_file> on 2025-04-06 00:00:00+00:00
[2025-04-09T22:44:06.391+0000] {warnings.py:112} WARNING - /home/***/.local/lib/python3.12/site-packages/***/task/task_runner/standard_task_runner.py:70: DeprecationWarning: This process (pid=80) is multi-threaded, use of fork() may lead to deadlocks in the child.
  pid = os.fork()

[2025-04-09T22:44:06.393+0000] {standard_task_runner.py:104} INFO - Running: ['***', 'tasks', 'run', 'la_traffic_download_to_bq_via_url', 'unzip_file', 'scheduled__2025-04-06T00:00:00+00:00', '--job-id', '46', '--raw', '--subdir', 'DAGS_FOLDER/dag.py', '--cfg-path', '/tmp/tmpgoo3lcuw']
[2025-04-09T22:44:06.393+0000] {standard_task_runner.py:72} INFO - Started process 81 to run task
[2025-04-09T22:44:06.394+0000] {standard_task_runner.py:105} INFO - Job 46: Subtask unzip_file
[2025-04-09T22:44:06.418+0000] {task_command.py:467} INFO - Running <TaskInstance: la_traffic_download_to_bq_via_url.unzip_file scheduled__2025-04-06T00:00:00+00:00 [running]> on host 6416417ff662
[2025-04-09T22:44:06.464+0000] {taskinstance.py:3134} INFO - Exporting env vars: AIRFLOW_CTX_DAG_OWNER='***' AIRFLOW_CTX_DAG_ID='la_traffic_download_to_bq_via_url' AIRFLOW_CTX_TASK_ID='unzip_file' AIRFLOW_CTX_EXECUTION_DATE='2025-04-06T00:00:00+00:00' AIRFLOW_CTX_TRY_NUMBER='1' AIRFLOW_CTX_DAG_RUN_ID='scheduled__2025-04-06T00:00:00+00:00'
[2025-04-09T22:44:06.465+0000] {logging_mixin.py:190} INFO - Task instance is in running state
[2025-04-09T22:44:06.466+0000] {logging_mixin.py:190} INFO -  Previous state of the Task instance: queued
[2025-04-09T22:44:06.466+0000] {logging_mixin.py:190} INFO - Current task name:unzip_file state:running start_date:2025-04-09 22:44:06.372798+00:00
[2025-04-09T22:44:06.466+0000] {logging_mixin.py:190} INFO - Dag name:la_traffic_download_to_bq_via_url and current dag run status:running
[2025-04-09T22:44:06.466+0000] {taskinstance.py:732} INFO - ::endgroup::
[2025-04-09T22:44:06.914+0000] {logging_mixin.py:190} INFO - Extracted: ['socrata_metadata.json', 'traffic-collision-data-from-2010-to-present.csv']
[2025-04-09T22:44:06.993+0000] {python.py:240} INFO - Done. Returned value was: None
[2025-04-09T22:44:07.003+0000] {taskinstance.py:341} INFO - ::group::Post task execution logs
[2025-04-09T22:44:07.004+0000] {taskinstance.py:353} INFO - Marking task as SUCCESS. dag_id=la_traffic_download_to_bq_via_url, task_id=unzip_file, run_id=scheduled__2025-04-06T00:00:00+00:00, execution_date=20250406T000000, start_date=20250409T224406, end_date=20250409T224407
[2025-04-09T22:44:07.019+0000] {logging_mixin.py:190} INFO - Task instance in success state
[2025-04-09T22:44:07.019+0000] {logging_mixin.py:190} INFO -  Previous state of the Task instance: running
[2025-04-09T22:44:07.020+0000] {logging_mixin.py:190} INFO - Dag name:la_traffic_download_to_bq_via_url queued_at:2025-04-09 22:43:54.315968+00:00
[2025-04-09T22:44:07.020+0000] {logging_mixin.py:190} INFO - Task hostname:6416417ff662 operator:PythonOperator
[2025-04-09T22:44:07.067+0000] {local_task_job_runner.py:266} INFO - Task exited with return code 0
[2025-04-09T22:44:07.082+0000] {taskinstance.py:3901} INFO - 1 downstream tasks scheduled from follow-on schedule check
[2025-04-09T22:44:07.083+0000] {local_task_job_runner.py:245} INFO - ::endgroup::
