[2025-04-05T20:06:53.335+0000] {processor.py:186} INFO - Started process (PID=76) to work on /home/airflow/.local/lib/python3.12/site-packages/airflow/example_dags/example_display_name.py
[2025-04-05T20:06:53.337+0000] {processor.py:914} INFO - Processing file /home/airflow/.local/lib/python3.12/site-packages/airflow/example_dags/example_display_name.py for tasks to queue
[2025-04-05T20:06:53.338+0000] {logging_mixin.py:190} INFO - [2025-04-05T20:06:53.338+0000] {dagbag.py:588} INFO - Filling up the DagBag from /home/airflow/.local/lib/python3.12/site-packages/airflow/example_dags/example_display_name.py
[2025-04-05T20:06:53.346+0000] {processor.py:925} INFO - DAG(s) 'example_display_name' retrieved from /home/airflow/.local/lib/python3.12/site-packages/airflow/example_dags/example_display_name.py
[2025-04-05T20:06:53.390+0000] {logging_mixin.py:190} INFO - [2025-04-05T20:06:53.390+0000] {override.py:1912} INFO - Created Permission View: can edit on DAG:example_display_name
[2025-04-05T20:06:53.393+0000] {logging_mixin.py:190} INFO - [2025-04-05T20:06:53.393+0000] {override.py:1912} INFO - Created Permission View: can read on DAG:example_display_name
[2025-04-05T20:06:53.395+0000] {logging_mixin.py:190} INFO - [2025-04-05T20:06:53.395+0000] {override.py:1912} INFO - Created Permission View: can delete on DAG:example_display_name
[2025-04-05T20:06:53.397+0000] {logging_mixin.py:190} INFO - [2025-04-05T20:06:53.397+0000] {override.py:1912} INFO - Created Permission View: can create on DAG Run:example_display_name
[2025-04-05T20:06:53.400+0000] {logging_mixin.py:190} INFO - [2025-04-05T20:06:53.400+0000] {override.py:1912} INFO - Created Permission View: can read on DAG Run:example_display_name
[2025-04-05T20:06:53.402+0000] {logging_mixin.py:190} INFO - [2025-04-05T20:06:53.402+0000] {override.py:1912} INFO - Created Permission View: can delete on DAG Run:example_display_name
[2025-04-05T20:06:53.404+0000] {logging_mixin.py:190} INFO - [2025-04-05T20:06:53.404+0000] {override.py:1912} INFO - Created Permission View: menu access on DAG Run:example_display_name
[2025-04-05T20:06:53.404+0000] {logging_mixin.py:190} INFO - [2025-04-05T20:06:53.404+0000] {dag.py:3239} INFO - Sync 1 DAGs
[2025-04-05T20:06:53.410+0000] {logging_mixin.py:190} INFO - [2025-04-05T20:06:53.410+0000] {dag.py:3262} INFO - Creating ORM DAG for example_display_name
[2025-04-05T20:06:53.410+0000] {logging_mixin.py:190} INFO - [2025-04-05T20:06:53.410+0000] {dag.py:4180} INFO - Setting next_dagrun for example_display_name to None, run_after=None
[2025-04-05T20:06:53.417+0000] {processor.py:208} INFO - Processing /home/airflow/.local/lib/python3.12/site-packages/airflow/example_dags/example_display_name.py took 0.085 seconds
[2025-04-05T20:07:24.226+0000] {processor.py:186} INFO - Started process (PID=145) to work on /home/airflow/.local/lib/python3.12/site-packages/airflow/example_dags/example_display_name.py
[2025-04-05T20:07:24.227+0000] {processor.py:914} INFO - Processing file /home/airflow/.local/lib/python3.12/site-packages/airflow/example_dags/example_display_name.py for tasks to queue
[2025-04-05T20:07:24.228+0000] {logging_mixin.py:190} INFO - [2025-04-05T20:07:24.227+0000] {dagbag.py:588} INFO - Filling up the DagBag from /home/airflow/.local/lib/python3.12/site-packages/airflow/example_dags/example_display_name.py
[2025-04-05T20:07:24.232+0000] {processor.py:925} INFO - DAG(s) 'example_display_name' retrieved from /home/airflow/.local/lib/python3.12/site-packages/airflow/example_dags/example_display_name.py
[2025-04-05T20:07:24.242+0000] {logging_mixin.py:190} INFO - [2025-04-05T20:07:24.242+0000] {dag.py:3239} INFO - Sync 1 DAGs
[2025-04-05T20:07:24.248+0000] {logging_mixin.py:190} INFO - [2025-04-05T20:07:24.248+0000] {dag.py:4180} INFO - Setting next_dagrun for example_display_name to None, run_after=None
[2025-04-05T20:07:24.259+0000] {processor.py:208} INFO - Processing /home/airflow/.local/lib/python3.12/site-packages/airflow/example_dags/example_display_name.py took 0.035 seconds
[2025-04-05T20:07:55.058+0000] {processor.py:186} INFO - Started process (PID=208) to work on /home/airflow/.local/lib/python3.12/site-packages/airflow/example_dags/example_display_name.py
[2025-04-05T20:07:55.058+0000] {processor.py:914} INFO - Processing file /home/airflow/.local/lib/python3.12/site-packages/airflow/example_dags/example_display_name.py for tasks to queue
[2025-04-05T20:07:55.059+0000] {logging_mixin.py:190} INFO - [2025-04-05T20:07:55.059+0000] {dagbag.py:588} INFO - Filling up the DagBag from /home/airflow/.local/lib/python3.12/site-packages/airflow/example_dags/example_display_name.py
[2025-04-05T20:07:55.063+0000] {processor.py:925} INFO - DAG(s) 'example_display_name' retrieved from /home/airflow/.local/lib/python3.12/site-packages/airflow/example_dags/example_display_name.py
[2025-04-05T20:07:55.071+0000] {logging_mixin.py:190} INFO - [2025-04-05T20:07:55.071+0000] {dag.py:3239} INFO - Sync 1 DAGs
[2025-04-05T20:07:55.077+0000] {logging_mixin.py:190} INFO - [2025-04-05T20:07:55.077+0000] {dag.py:4180} INFO - Setting next_dagrun for example_display_name to None, run_after=None
[2025-04-05T20:07:55.085+0000] {processor.py:208} INFO - Processing /home/airflow/.local/lib/python3.12/site-packages/airflow/example_dags/example_display_name.py took 0.030 seconds
[2025-04-05T20:08:25.706+0000] {processor.py:186} INFO - Started process (PID=271) to work on /home/airflow/.local/lib/python3.12/site-packages/airflow/example_dags/example_display_name.py
[2025-04-05T20:08:25.707+0000] {processor.py:914} INFO - Processing file /home/airflow/.local/lib/python3.12/site-packages/airflow/example_dags/example_display_name.py for tasks to queue
[2025-04-05T20:08:25.708+0000] {logging_mixin.py:190} INFO - [2025-04-05T20:08:25.708+0000] {dagbag.py:588} INFO - Filling up the DagBag from /home/airflow/.local/lib/python3.12/site-packages/airflow/example_dags/example_display_name.py
[2025-04-05T20:08:25.712+0000] {processor.py:925} INFO - DAG(s) 'example_display_name' retrieved from /home/airflow/.local/lib/python3.12/site-packages/airflow/example_dags/example_display_name.py
[2025-04-05T20:08:25.721+0000] {logging_mixin.py:190} INFO - [2025-04-05T20:08:25.720+0000] {dag.py:3239} INFO - Sync 1 DAGs
[2025-04-05T20:08:25.726+0000] {logging_mixin.py:190} INFO - [2025-04-05T20:08:25.726+0000] {dag.py:4180} INFO - Setting next_dagrun for example_display_name to None, run_after=None
[2025-04-05T20:08:25.733+0000] {processor.py:208} INFO - Processing /home/airflow/.local/lib/python3.12/site-packages/airflow/example_dags/example_display_name.py took 0.029 seconds
[2025-04-05T23:17:35.781+0000] {processor.py:186} INFO - Started process (PID=75) to work on /home/airflow/.local/lib/python3.12/site-packages/airflow/example_dags/example_display_name.py
[2025-04-05T23:17:35.784+0000] {processor.py:914} INFO - Processing file /home/airflow/.local/lib/python3.12/site-packages/airflow/example_dags/example_display_name.py for tasks to queue
[2025-04-05T23:17:35.786+0000] {logging_mixin.py:190} INFO - [2025-04-05T23:17:35.786+0000] {dagbag.py:588} INFO - Filling up the DagBag from /home/airflow/.local/lib/python3.12/site-packages/airflow/example_dags/example_display_name.py
[2025-04-05T23:17:35.791+0000] {processor.py:925} INFO - DAG(s) 'example_display_name' retrieved from /home/airflow/.local/lib/python3.12/site-packages/airflow/example_dags/example_display_name.py
[2025-04-05T23:17:35.803+0000] {logging_mixin.py:190} INFO - [2025-04-05T23:17:35.803+0000] {dag.py:3239} INFO - Sync 1 DAGs
[2025-04-05T23:17:35.810+0000] {logging_mixin.py:190} INFO - [2025-04-05T23:17:35.810+0000] {dag.py:4180} INFO - Setting next_dagrun for example_display_name to None, run_after=None
[2025-04-05T23:17:35.820+0000] {processor.py:208} INFO - Processing /home/airflow/.local/lib/python3.12/site-packages/airflow/example_dags/example_display_name.py took 0.042 seconds
[2025-04-05T23:18:02.478+0000] {processor.py:186} INFO - Started process (PID=76) to work on /home/airflow/.local/lib/python3.12/site-packages/airflow/example_dags/example_display_name.py
[2025-04-05T23:18:02.479+0000] {processor.py:914} INFO - Processing file /home/airflow/.local/lib/python3.12/site-packages/airflow/example_dags/example_display_name.py for tasks to queue
[2025-04-05T23:18:02.481+0000] {logging_mixin.py:190} INFO - [2025-04-05T23:18:02.481+0000] {dagbag.py:588} INFO - Filling up the DagBag from /home/airflow/.local/lib/python3.12/site-packages/airflow/example_dags/example_display_name.py
[2025-04-05T23:18:02.486+0000] {processor.py:925} INFO - DAG(s) 'example_display_name' retrieved from /home/airflow/.local/lib/python3.12/site-packages/airflow/example_dags/example_display_name.py
[2025-04-05T23:18:02.619+0000] {logging_mixin.py:190} INFO - [2025-04-05T23:18:02.619+0000] {dag.py:3239} INFO - Sync 1 DAGs
[2025-04-05T23:18:02.623+0000] {logging_mixin.py:190} INFO - [2025-04-05T23:18:02.623+0000] {dag.py:4180} INFO - Setting next_dagrun for example_display_name to None, run_after=None
[2025-04-05T23:18:02.632+0000] {processor.py:208} INFO - Processing /home/airflow/.local/lib/python3.12/site-packages/airflow/example_dags/example_display_name.py took 0.156 seconds
[2025-04-05T23:18:33.448+0000] {processor.py:186} INFO - Started process (PID=140) to work on /home/airflow/.local/lib/python3.12/site-packages/airflow/example_dags/example_display_name.py
[2025-04-05T23:18:33.449+0000] {processor.py:914} INFO - Processing file /home/airflow/.local/lib/python3.12/site-packages/airflow/example_dags/example_display_name.py for tasks to queue
[2025-04-05T23:18:33.450+0000] {logging_mixin.py:190} INFO - [2025-04-05T23:18:33.450+0000] {dagbag.py:588} INFO - Filling up the DagBag from /home/airflow/.local/lib/python3.12/site-packages/airflow/example_dags/example_display_name.py
[2025-04-05T23:18:33.455+0000] {processor.py:925} INFO - DAG(s) 'example_display_name' retrieved from /home/airflow/.local/lib/python3.12/site-packages/airflow/example_dags/example_display_name.py
[2025-04-05T23:18:33.467+0000] {logging_mixin.py:190} INFO - [2025-04-05T23:18:33.466+0000] {dag.py:3239} INFO - Sync 1 DAGs
[2025-04-05T23:18:33.475+0000] {logging_mixin.py:190} INFO - [2025-04-05T23:18:33.475+0000] {dag.py:4180} INFO - Setting next_dagrun for example_display_name to None, run_after=None
[2025-04-05T23:18:33.485+0000] {processor.py:208} INFO - Processing /home/airflow/.local/lib/python3.12/site-packages/airflow/example_dags/example_display_name.py took 0.040 seconds
[2025-04-05T23:19:03.622+0000] {processor.py:186} INFO - Started process (PID=204) to work on /home/airflow/.local/lib/python3.12/site-packages/airflow/example_dags/example_display_name.py
[2025-04-05T23:19:03.623+0000] {processor.py:914} INFO - Processing file /home/airflow/.local/lib/python3.12/site-packages/airflow/example_dags/example_display_name.py for tasks to queue
[2025-04-05T23:19:03.624+0000] {logging_mixin.py:190} INFO - [2025-04-05T23:19:03.624+0000] {dagbag.py:588} INFO - Filling up the DagBag from /home/airflow/.local/lib/python3.12/site-packages/airflow/example_dags/example_display_name.py
[2025-04-05T23:19:03.628+0000] {processor.py:925} INFO - DAG(s) 'example_display_name' retrieved from /home/airflow/.local/lib/python3.12/site-packages/airflow/example_dags/example_display_name.py
[2025-04-05T23:19:03.640+0000] {logging_mixin.py:190} INFO - [2025-04-05T23:19:03.639+0000] {dag.py:3239} INFO - Sync 1 DAGs
[2025-04-05T23:19:03.646+0000] {logging_mixin.py:190} INFO - [2025-04-05T23:19:03.646+0000] {dag.py:4180} INFO - Setting next_dagrun for example_display_name to None, run_after=None
[2025-04-05T23:19:03.656+0000] {processor.py:208} INFO - Processing /home/airflow/.local/lib/python3.12/site-packages/airflow/example_dags/example_display_name.py took 0.037 seconds
[2025-04-05T23:19:33.855+0000] {processor.py:186} INFO - Started process (PID=268) to work on /home/airflow/.local/lib/python3.12/site-packages/airflow/example_dags/example_display_name.py
[2025-04-05T23:19:33.856+0000] {processor.py:914} INFO - Processing file /home/airflow/.local/lib/python3.12/site-packages/airflow/example_dags/example_display_name.py for tasks to queue
[2025-04-05T23:19:33.857+0000] {logging_mixin.py:190} INFO - [2025-04-05T23:19:33.857+0000] {dagbag.py:588} INFO - Filling up the DagBag from /home/airflow/.local/lib/python3.12/site-packages/airflow/example_dags/example_display_name.py
[2025-04-05T23:19:33.860+0000] {processor.py:925} INFO - DAG(s) 'example_display_name' retrieved from /home/airflow/.local/lib/python3.12/site-packages/airflow/example_dags/example_display_name.py
[2025-04-05T23:19:33.869+0000] {logging_mixin.py:190} INFO - [2025-04-05T23:19:33.869+0000] {dag.py:3239} INFO - Sync 1 DAGs
[2025-04-05T23:19:33.877+0000] {logging_mixin.py:190} INFO - [2025-04-05T23:19:33.876+0000] {dag.py:4180} INFO - Setting next_dagrun for example_display_name to None, run_after=None
[2025-04-05T23:19:33.887+0000] {processor.py:208} INFO - Processing /home/airflow/.local/lib/python3.12/site-packages/airflow/example_dags/example_display_name.py took 0.035 seconds
[2025-04-05T23:20:04.074+0000] {processor.py:186} INFO - Started process (PID=332) to work on /home/airflow/.local/lib/python3.12/site-packages/airflow/example_dags/example_display_name.py
[2025-04-05T23:20:04.075+0000] {processor.py:914} INFO - Processing file /home/airflow/.local/lib/python3.12/site-packages/airflow/example_dags/example_display_name.py for tasks to queue
[2025-04-05T23:20:04.077+0000] {logging_mixin.py:190} INFO - [2025-04-05T23:20:04.077+0000] {dagbag.py:588} INFO - Filling up the DagBag from /home/airflow/.local/lib/python3.12/site-packages/airflow/example_dags/example_display_name.py
[2025-04-05T23:20:04.082+0000] {processor.py:925} INFO - DAG(s) 'example_display_name' retrieved from /home/airflow/.local/lib/python3.12/site-packages/airflow/example_dags/example_display_name.py
[2025-04-05T23:20:04.093+0000] {logging_mixin.py:190} INFO - [2025-04-05T23:20:04.093+0000] {dag.py:3239} INFO - Sync 1 DAGs
[2025-04-05T23:20:04.102+0000] {logging_mixin.py:190} INFO - [2025-04-05T23:20:04.102+0000] {dag.py:4180} INFO - Setting next_dagrun for example_display_name to None, run_after=None
[2025-04-05T23:20:04.112+0000] {processor.py:208} INFO - Processing /home/airflow/.local/lib/python3.12/site-packages/airflow/example_dags/example_display_name.py took 0.041 seconds
[2025-04-05T23:20:34.375+0000] {processor.py:186} INFO - Started process (PID=396) to work on /home/airflow/.local/lib/python3.12/site-packages/airflow/example_dags/example_display_name.py
[2025-04-05T23:20:34.375+0000] {processor.py:914} INFO - Processing file /home/airflow/.local/lib/python3.12/site-packages/airflow/example_dags/example_display_name.py for tasks to queue
[2025-04-05T23:20:34.377+0000] {logging_mixin.py:190} INFO - [2025-04-05T23:20:34.377+0000] {dagbag.py:588} INFO - Filling up the DagBag from /home/airflow/.local/lib/python3.12/site-packages/airflow/example_dags/example_display_name.py
[2025-04-05T23:20:34.380+0000] {processor.py:925} INFO - DAG(s) 'example_display_name' retrieved from /home/airflow/.local/lib/python3.12/site-packages/airflow/example_dags/example_display_name.py
[2025-04-05T23:20:34.394+0000] {logging_mixin.py:190} INFO - [2025-04-05T23:20:34.393+0000] {dag.py:3239} INFO - Sync 1 DAGs
[2025-04-05T23:20:34.401+0000] {logging_mixin.py:190} INFO - [2025-04-05T23:20:34.400+0000] {dag.py:4180} INFO - Setting next_dagrun for example_display_name to None, run_after=None
[2025-04-05T23:20:34.412+0000] {processor.py:208} INFO - Processing /home/airflow/.local/lib/python3.12/site-packages/airflow/example_dags/example_display_name.py took 0.040 seconds
[2025-04-05T23:21:04.629+0000] {processor.py:186} INFO - Started process (PID=460) to work on /home/airflow/.local/lib/python3.12/site-packages/airflow/example_dags/example_display_name.py
[2025-04-05T23:21:04.630+0000] {processor.py:914} INFO - Processing file /home/airflow/.local/lib/python3.12/site-packages/airflow/example_dags/example_display_name.py for tasks to queue
[2025-04-05T23:21:04.631+0000] {logging_mixin.py:190} INFO - [2025-04-05T23:21:04.631+0000] {dagbag.py:588} INFO - Filling up the DagBag from /home/airflow/.local/lib/python3.12/site-packages/airflow/example_dags/example_display_name.py
[2025-04-05T23:21:04.638+0000] {processor.py:925} INFO - DAG(s) 'example_display_name' retrieved from /home/airflow/.local/lib/python3.12/site-packages/airflow/example_dags/example_display_name.py
[2025-04-05T23:21:04.649+0000] {logging_mixin.py:190} INFO - [2025-04-05T23:21:04.649+0000] {dag.py:3239} INFO - Sync 1 DAGs
[2025-04-05T23:21:04.656+0000] {logging_mixin.py:190} INFO - [2025-04-05T23:21:04.655+0000] {dag.py:4180} INFO - Setting next_dagrun for example_display_name to None, run_after=None
[2025-04-05T23:21:04.666+0000] {processor.py:208} INFO - Processing /home/airflow/.local/lib/python3.12/site-packages/airflow/example_dags/example_display_name.py took 0.040 seconds
[2025-04-05T23:21:34.966+0000] {processor.py:186} INFO - Started process (PID=524) to work on /home/airflow/.local/lib/python3.12/site-packages/airflow/example_dags/example_display_name.py
[2025-04-05T23:21:34.966+0000] {processor.py:914} INFO - Processing file /home/airflow/.local/lib/python3.12/site-packages/airflow/example_dags/example_display_name.py for tasks to queue
[2025-04-05T23:21:34.968+0000] {logging_mixin.py:190} INFO - [2025-04-05T23:21:34.967+0000] {dagbag.py:588} INFO - Filling up the DagBag from /home/airflow/.local/lib/python3.12/site-packages/airflow/example_dags/example_display_name.py
[2025-04-05T23:21:34.972+0000] {processor.py:925} INFO - DAG(s) 'example_display_name' retrieved from /home/airflow/.local/lib/python3.12/site-packages/airflow/example_dags/example_display_name.py
[2025-04-05T23:21:34.986+0000] {logging_mixin.py:190} INFO - [2025-04-05T23:21:34.985+0000] {dag.py:3239} INFO - Sync 1 DAGs
[2025-04-05T23:21:34.994+0000] {logging_mixin.py:190} INFO - [2025-04-05T23:21:34.994+0000] {dag.py:4180} INFO - Setting next_dagrun for example_display_name to None, run_after=None
[2025-04-05T23:21:35.007+0000] {processor.py:208} INFO - Processing /home/airflow/.local/lib/python3.12/site-packages/airflow/example_dags/example_display_name.py took 0.044 seconds
[2025-04-05T23:22:05.198+0000] {processor.py:186} INFO - Started process (PID=588) to work on /home/airflow/.local/lib/python3.12/site-packages/airflow/example_dags/example_display_name.py
[2025-04-05T23:22:05.199+0000] {processor.py:914} INFO - Processing file /home/airflow/.local/lib/python3.12/site-packages/airflow/example_dags/example_display_name.py for tasks to queue
[2025-04-05T23:22:05.200+0000] {logging_mixin.py:190} INFO - [2025-04-05T23:22:05.200+0000] {dagbag.py:588} INFO - Filling up the DagBag from /home/airflow/.local/lib/python3.12/site-packages/airflow/example_dags/example_display_name.py
[2025-04-05T23:22:05.204+0000] {processor.py:925} INFO - DAG(s) 'example_display_name' retrieved from /home/airflow/.local/lib/python3.12/site-packages/airflow/example_dags/example_display_name.py
[2025-04-05T23:22:05.212+0000] {logging_mixin.py:190} INFO - [2025-04-05T23:22:05.212+0000] {dag.py:3239} INFO - Sync 1 DAGs
[2025-04-05T23:22:05.220+0000] {logging_mixin.py:190} INFO - [2025-04-05T23:22:05.220+0000] {dag.py:4180} INFO - Setting next_dagrun for example_display_name to None, run_after=None
[2025-04-05T23:22:05.227+0000] {processor.py:208} INFO - Processing /home/airflow/.local/lib/python3.12/site-packages/airflow/example_dags/example_display_name.py took 0.032 seconds
[2025-04-05T23:22:35.380+0000] {processor.py:186} INFO - Started process (PID=652) to work on /home/airflow/.local/lib/python3.12/site-packages/airflow/example_dags/example_display_name.py
[2025-04-05T23:22:35.381+0000] {processor.py:914} INFO - Processing file /home/airflow/.local/lib/python3.12/site-packages/airflow/example_dags/example_display_name.py for tasks to queue
[2025-04-05T23:22:35.383+0000] {logging_mixin.py:190} INFO - [2025-04-05T23:22:35.382+0000] {dagbag.py:588} INFO - Filling up the DagBag from /home/airflow/.local/lib/python3.12/site-packages/airflow/example_dags/example_display_name.py
[2025-04-05T23:22:35.387+0000] {processor.py:925} INFO - DAG(s) 'example_display_name' retrieved from /home/airflow/.local/lib/python3.12/site-packages/airflow/example_dags/example_display_name.py
[2025-04-05T23:22:35.401+0000] {logging_mixin.py:190} INFO - [2025-04-05T23:22:35.401+0000] {dag.py:3239} INFO - Sync 1 DAGs
[2025-04-05T23:22:35.407+0000] {logging_mixin.py:190} INFO - [2025-04-05T23:22:35.407+0000] {dag.py:4180} INFO - Setting next_dagrun for example_display_name to None, run_after=None
[2025-04-05T23:22:35.417+0000] {processor.py:208} INFO - Processing /home/airflow/.local/lib/python3.12/site-packages/airflow/example_dags/example_display_name.py took 0.039 seconds
[2025-04-05T23:23:05.652+0000] {processor.py:186} INFO - Started process (PID=716) to work on /home/airflow/.local/lib/python3.12/site-packages/airflow/example_dags/example_display_name.py
[2025-04-05T23:23:05.655+0000] {processor.py:914} INFO - Processing file /home/airflow/.local/lib/python3.12/site-packages/airflow/example_dags/example_display_name.py for tasks to queue
[2025-04-05T23:23:05.657+0000] {logging_mixin.py:190} INFO - [2025-04-05T23:23:05.657+0000] {dagbag.py:588} INFO - Filling up the DagBag from /home/airflow/.local/lib/python3.12/site-packages/airflow/example_dags/example_display_name.py
[2025-04-05T23:23:05.661+0000] {processor.py:925} INFO - DAG(s) 'example_display_name' retrieved from /home/airflow/.local/lib/python3.12/site-packages/airflow/example_dags/example_display_name.py
[2025-04-05T23:23:05.672+0000] {logging_mixin.py:190} INFO - [2025-04-05T23:23:05.672+0000] {dag.py:3239} INFO - Sync 1 DAGs
[2025-04-05T23:23:05.679+0000] {logging_mixin.py:190} INFO - [2025-04-05T23:23:05.679+0000] {dag.py:4180} INFO - Setting next_dagrun for example_display_name to None, run_after=None
[2025-04-05T23:23:05.688+0000] {processor.py:208} INFO - Processing /home/airflow/.local/lib/python3.12/site-packages/airflow/example_dags/example_display_name.py took 0.039 seconds
[2025-04-05T23:23:35.844+0000] {processor.py:186} INFO - Started process (PID=780) to work on /home/airflow/.local/lib/python3.12/site-packages/airflow/example_dags/example_display_name.py
[2025-04-05T23:23:35.846+0000] {processor.py:914} INFO - Processing file /home/airflow/.local/lib/python3.12/site-packages/airflow/example_dags/example_display_name.py for tasks to queue
[2025-04-05T23:23:35.848+0000] {logging_mixin.py:190} INFO - [2025-04-05T23:23:35.848+0000] {dagbag.py:588} INFO - Filling up the DagBag from /home/airflow/.local/lib/python3.12/site-packages/airflow/example_dags/example_display_name.py
[2025-04-05T23:23:35.852+0000] {processor.py:925} INFO - DAG(s) 'example_display_name' retrieved from /home/airflow/.local/lib/python3.12/site-packages/airflow/example_dags/example_display_name.py
[2025-04-05T23:23:35.866+0000] {logging_mixin.py:190} INFO - [2025-04-05T23:23:35.866+0000] {dag.py:3239} INFO - Sync 1 DAGs
[2025-04-05T23:23:35.872+0000] {logging_mixin.py:190} INFO - [2025-04-05T23:23:35.872+0000] {dag.py:4180} INFO - Setting next_dagrun for example_display_name to None, run_after=None
[2025-04-05T23:23:35.884+0000] {processor.py:208} INFO - Processing /home/airflow/.local/lib/python3.12/site-packages/airflow/example_dags/example_display_name.py took 0.043 seconds
[2025-04-05T23:24:32.485+0000] {processor.py:186} INFO - Started process (PID=75) to work on /home/airflow/.local/lib/python3.12/site-packages/airflow/example_dags/example_display_name.py
[2025-04-05T23:24:32.486+0000] {processor.py:914} INFO - Processing file /home/airflow/.local/lib/python3.12/site-packages/airflow/example_dags/example_display_name.py for tasks to queue
[2025-04-05T23:24:32.487+0000] {logging_mixin.py:190} INFO - [2025-04-05T23:24:32.487+0000] {dagbag.py:588} INFO - Filling up the DagBag from /home/airflow/.local/lib/python3.12/site-packages/airflow/example_dags/example_display_name.py
[2025-04-05T23:24:32.492+0000] {processor.py:925} INFO - DAG(s) 'example_display_name' retrieved from /home/airflow/.local/lib/python3.12/site-packages/airflow/example_dags/example_display_name.py
[2025-04-05T23:24:32.640+0000] {logging_mixin.py:190} INFO - [2025-04-05T23:24:32.640+0000] {dag.py:3239} INFO - Sync 1 DAGs
[2025-04-05T23:24:32.647+0000] {logging_mixin.py:190} INFO - [2025-04-05T23:24:32.647+0000] {dag.py:4180} INFO - Setting next_dagrun for example_display_name to None, run_after=None
[2025-04-05T23:24:32.657+0000] {processor.py:208} INFO - Processing /home/airflow/.local/lib/python3.12/site-packages/airflow/example_dags/example_display_name.py took 0.175 seconds
[2025-04-05T23:25:02.750+0000] {processor.py:186} INFO - Started process (PID=139) to work on /home/airflow/.local/lib/python3.12/site-packages/airflow/example_dags/example_display_name.py
[2025-04-05T23:25:02.750+0000] {processor.py:914} INFO - Processing file /home/airflow/.local/lib/python3.12/site-packages/airflow/example_dags/example_display_name.py for tasks to queue
[2025-04-05T23:25:02.751+0000] {logging_mixin.py:190} INFO - [2025-04-05T23:25:02.751+0000] {dagbag.py:588} INFO - Filling up the DagBag from /home/airflow/.local/lib/python3.12/site-packages/airflow/example_dags/example_display_name.py
[2025-04-05T23:25:02.755+0000] {processor.py:925} INFO - DAG(s) 'example_display_name' retrieved from /home/airflow/.local/lib/python3.12/site-packages/airflow/example_dags/example_display_name.py
[2025-04-05T23:25:02.764+0000] {logging_mixin.py:190} INFO - [2025-04-05T23:25:02.764+0000] {dag.py:3239} INFO - Sync 1 DAGs
[2025-04-05T23:25:02.770+0000] {logging_mixin.py:190} INFO - [2025-04-05T23:25:02.770+0000] {dag.py:4180} INFO - Setting next_dagrun for example_display_name to None, run_after=None
[2025-04-05T23:25:02.777+0000] {processor.py:208} INFO - Processing /home/airflow/.local/lib/python3.12/site-packages/airflow/example_dags/example_display_name.py took 0.030 seconds
[2025-04-05T23:25:32.855+0000] {processor.py:186} INFO - Started process (PID=203) to work on /home/airflow/.local/lib/python3.12/site-packages/airflow/example_dags/example_display_name.py
[2025-04-05T23:25:32.856+0000] {processor.py:914} INFO - Processing file /home/airflow/.local/lib/python3.12/site-packages/airflow/example_dags/example_display_name.py for tasks to queue
[2025-04-05T23:25:32.857+0000] {logging_mixin.py:190} INFO - [2025-04-05T23:25:32.857+0000] {dagbag.py:588} INFO - Filling up the DagBag from /home/airflow/.local/lib/python3.12/site-packages/airflow/example_dags/example_display_name.py
[2025-04-05T23:25:32.860+0000] {processor.py:925} INFO - DAG(s) 'example_display_name' retrieved from /home/airflow/.local/lib/python3.12/site-packages/airflow/example_dags/example_display_name.py
[2025-04-05T23:25:32.873+0000] {logging_mixin.py:190} INFO - [2025-04-05T23:25:32.873+0000] {dag.py:3239} INFO - Sync 1 DAGs
[2025-04-05T23:25:32.879+0000] {logging_mixin.py:190} INFO - [2025-04-05T23:25:32.879+0000] {dag.py:4180} INFO - Setting next_dagrun for example_display_name to None, run_after=None
[2025-04-05T23:25:32.885+0000] {processor.py:208} INFO - Processing /home/airflow/.local/lib/python3.12/site-packages/airflow/example_dags/example_display_name.py took 0.033 seconds
[2025-04-05T23:26:03.262+0000] {processor.py:186} INFO - Started process (PID=267) to work on /home/airflow/.local/lib/python3.12/site-packages/airflow/example_dags/example_display_name.py
[2025-04-05T23:26:03.263+0000] {processor.py:914} INFO - Processing file /home/airflow/.local/lib/python3.12/site-packages/airflow/example_dags/example_display_name.py for tasks to queue
[2025-04-05T23:26:03.265+0000] {logging_mixin.py:190} INFO - [2025-04-05T23:26:03.265+0000] {dagbag.py:588} INFO - Filling up the DagBag from /home/airflow/.local/lib/python3.12/site-packages/airflow/example_dags/example_display_name.py
[2025-04-05T23:26:03.268+0000] {processor.py:925} INFO - DAG(s) 'example_display_name' retrieved from /home/airflow/.local/lib/python3.12/site-packages/airflow/example_dags/example_display_name.py
[2025-04-05T23:26:03.278+0000] {logging_mixin.py:190} INFO - [2025-04-05T23:26:03.278+0000] {dag.py:3239} INFO - Sync 1 DAGs
[2025-04-05T23:26:03.285+0000] {logging_mixin.py:190} INFO - [2025-04-05T23:26:03.285+0000] {dag.py:4180} INFO - Setting next_dagrun for example_display_name to None, run_after=None
[2025-04-05T23:26:03.296+0000] {processor.py:208} INFO - Processing /home/airflow/.local/lib/python3.12/site-packages/airflow/example_dags/example_display_name.py took 0.038 seconds
[2025-04-05T23:26:33.514+0000] {processor.py:186} INFO - Started process (PID=331) to work on /home/airflow/.local/lib/python3.12/site-packages/airflow/example_dags/example_display_name.py
[2025-04-05T23:26:33.516+0000] {processor.py:914} INFO - Processing file /home/airflow/.local/lib/python3.12/site-packages/airflow/example_dags/example_display_name.py for tasks to queue
[2025-04-05T23:26:33.517+0000] {logging_mixin.py:190} INFO - [2025-04-05T23:26:33.517+0000] {dagbag.py:588} INFO - Filling up the DagBag from /home/airflow/.local/lib/python3.12/site-packages/airflow/example_dags/example_display_name.py
[2025-04-05T23:26:33.522+0000] {processor.py:925} INFO - DAG(s) 'example_display_name' retrieved from /home/airflow/.local/lib/python3.12/site-packages/airflow/example_dags/example_display_name.py
[2025-04-05T23:26:33.534+0000] {logging_mixin.py:190} INFO - [2025-04-05T23:26:33.534+0000] {dag.py:3239} INFO - Sync 1 DAGs
[2025-04-05T23:26:33.543+0000] {logging_mixin.py:190} INFO - [2025-04-05T23:26:33.543+0000] {dag.py:4180} INFO - Setting next_dagrun for example_display_name to None, run_after=None
[2025-04-05T23:26:33.553+0000] {processor.py:208} INFO - Processing /home/airflow/.local/lib/python3.12/site-packages/airflow/example_dags/example_display_name.py took 0.042 seconds
[2025-04-05T23:27:03.643+0000] {processor.py:186} INFO - Started process (PID=395) to work on /home/airflow/.local/lib/python3.12/site-packages/airflow/example_dags/example_display_name.py
[2025-04-05T23:27:03.646+0000] {processor.py:914} INFO - Processing file /home/airflow/.local/lib/python3.12/site-packages/airflow/example_dags/example_display_name.py for tasks to queue
[2025-04-05T23:27:03.647+0000] {logging_mixin.py:190} INFO - [2025-04-05T23:27:03.647+0000] {dagbag.py:588} INFO - Filling up the DagBag from /home/airflow/.local/lib/python3.12/site-packages/airflow/example_dags/example_display_name.py
[2025-04-05T23:27:03.651+0000] {processor.py:925} INFO - DAG(s) 'example_display_name' retrieved from /home/airflow/.local/lib/python3.12/site-packages/airflow/example_dags/example_display_name.py
[2025-04-05T23:27:03.665+0000] {logging_mixin.py:190} INFO - [2025-04-05T23:27:03.665+0000] {dag.py:3239} INFO - Sync 1 DAGs
[2025-04-05T23:27:03.671+0000] {logging_mixin.py:190} INFO - [2025-04-05T23:27:03.671+0000] {dag.py:4180} INFO - Setting next_dagrun for example_display_name to None, run_after=None
[2025-04-05T23:27:03.684+0000] {processor.py:208} INFO - Processing /home/airflow/.local/lib/python3.12/site-packages/airflow/example_dags/example_display_name.py took 0.044 seconds
[2025-04-05T23:27:33.940+0000] {processor.py:186} INFO - Started process (PID=459) to work on /home/airflow/.local/lib/python3.12/site-packages/airflow/example_dags/example_display_name.py
[2025-04-05T23:27:33.940+0000] {processor.py:914} INFO - Processing file /home/airflow/.local/lib/python3.12/site-packages/airflow/example_dags/example_display_name.py for tasks to queue
[2025-04-05T23:27:33.941+0000] {logging_mixin.py:190} INFO - [2025-04-05T23:27:33.941+0000] {dagbag.py:588} INFO - Filling up the DagBag from /home/airflow/.local/lib/python3.12/site-packages/airflow/example_dags/example_display_name.py
[2025-04-05T23:27:33.945+0000] {processor.py:925} INFO - DAG(s) 'example_display_name' retrieved from /home/airflow/.local/lib/python3.12/site-packages/airflow/example_dags/example_display_name.py
[2025-04-05T23:27:33.953+0000] {logging_mixin.py:190} INFO - [2025-04-05T23:27:33.953+0000] {dag.py:3239} INFO - Sync 1 DAGs
[2025-04-05T23:27:33.959+0000] {logging_mixin.py:190} INFO - [2025-04-05T23:27:33.959+0000] {dag.py:4180} INFO - Setting next_dagrun for example_display_name to None, run_after=None
[2025-04-05T23:27:33.965+0000] {processor.py:208} INFO - Processing /home/airflow/.local/lib/python3.12/site-packages/airflow/example_dags/example_display_name.py took 0.028 seconds
[2025-04-05T23:28:04.244+0000] {processor.py:186} INFO - Started process (PID=523) to work on /home/airflow/.local/lib/python3.12/site-packages/airflow/example_dags/example_display_name.py
[2025-04-05T23:28:04.245+0000] {processor.py:914} INFO - Processing file /home/airflow/.local/lib/python3.12/site-packages/airflow/example_dags/example_display_name.py for tasks to queue
[2025-04-05T23:28:04.246+0000] {logging_mixin.py:190} INFO - [2025-04-05T23:28:04.246+0000] {dagbag.py:588} INFO - Filling up the DagBag from /home/airflow/.local/lib/python3.12/site-packages/airflow/example_dags/example_display_name.py
[2025-04-05T23:28:04.250+0000] {processor.py:925} INFO - DAG(s) 'example_display_name' retrieved from /home/airflow/.local/lib/python3.12/site-packages/airflow/example_dags/example_display_name.py
[2025-04-05T23:28:04.257+0000] {logging_mixin.py:190} INFO - [2025-04-05T23:28:04.257+0000] {dag.py:3239} INFO - Sync 1 DAGs
[2025-04-05T23:28:04.263+0000] {logging_mixin.py:190} INFO - [2025-04-05T23:28:04.263+0000] {dag.py:4180} INFO - Setting next_dagrun for example_display_name to None, run_after=None
[2025-04-05T23:28:04.269+0000] {processor.py:208} INFO - Processing /home/airflow/.local/lib/python3.12/site-packages/airflow/example_dags/example_display_name.py took 0.028 seconds
[2025-04-05T23:28:34.372+0000] {processor.py:186} INFO - Started process (PID=587) to work on /home/airflow/.local/lib/python3.12/site-packages/airflow/example_dags/example_display_name.py
[2025-04-05T23:28:34.376+0000] {processor.py:914} INFO - Processing file /home/airflow/.local/lib/python3.12/site-packages/airflow/example_dags/example_display_name.py for tasks to queue
[2025-04-05T23:28:34.377+0000] {logging_mixin.py:190} INFO - [2025-04-05T23:28:34.377+0000] {dagbag.py:588} INFO - Filling up the DagBag from /home/airflow/.local/lib/python3.12/site-packages/airflow/example_dags/example_display_name.py
[2025-04-05T23:28:34.381+0000] {processor.py:925} INFO - DAG(s) 'example_display_name' retrieved from /home/airflow/.local/lib/python3.12/site-packages/airflow/example_dags/example_display_name.py
[2025-04-05T23:28:34.390+0000] {logging_mixin.py:190} INFO - [2025-04-05T23:28:34.390+0000] {dag.py:3239} INFO - Sync 1 DAGs
[2025-04-05T23:28:34.397+0000] {logging_mixin.py:190} INFO - [2025-04-05T23:28:34.397+0000] {dag.py:4180} INFO - Setting next_dagrun for example_display_name to None, run_after=None
[2025-04-05T23:28:34.405+0000] {processor.py:208} INFO - Processing /home/airflow/.local/lib/python3.12/site-packages/airflow/example_dags/example_display_name.py took 0.035 seconds
[2025-04-05T23:29:04.730+0000] {processor.py:186} INFO - Started process (PID=651) to work on /home/airflow/.local/lib/python3.12/site-packages/airflow/example_dags/example_display_name.py
[2025-04-05T23:29:04.732+0000] {processor.py:914} INFO - Processing file /home/airflow/.local/lib/python3.12/site-packages/airflow/example_dags/example_display_name.py for tasks to queue
[2025-04-05T23:29:04.733+0000] {logging_mixin.py:190} INFO - [2025-04-05T23:29:04.733+0000] {dagbag.py:588} INFO - Filling up the DagBag from /home/airflow/.local/lib/python3.12/site-packages/airflow/example_dags/example_display_name.py
[2025-04-05T23:29:04.737+0000] {processor.py:925} INFO - DAG(s) 'example_display_name' retrieved from /home/airflow/.local/lib/python3.12/site-packages/airflow/example_dags/example_display_name.py
[2025-04-05T23:29:04.746+0000] {logging_mixin.py:190} INFO - [2025-04-05T23:29:04.746+0000] {dag.py:3239} INFO - Sync 1 DAGs
[2025-04-05T23:29:04.754+0000] {logging_mixin.py:190} INFO - [2025-04-05T23:29:04.754+0000] {dag.py:4180} INFO - Setting next_dagrun for example_display_name to None, run_after=None
[2025-04-05T23:29:04.761+0000] {processor.py:208} INFO - Processing /home/airflow/.local/lib/python3.12/site-packages/airflow/example_dags/example_display_name.py took 0.034 seconds
[2025-04-05T23:29:35.107+0000] {processor.py:186} INFO - Started process (PID=714) to work on /home/airflow/.local/lib/python3.12/site-packages/airflow/example_dags/example_display_name.py
[2025-04-05T23:29:35.109+0000] {processor.py:914} INFO - Processing file /home/airflow/.local/lib/python3.12/site-packages/airflow/example_dags/example_display_name.py for tasks to queue
[2025-04-05T23:29:35.110+0000] {logging_mixin.py:190} INFO - [2025-04-05T23:29:35.110+0000] {dagbag.py:588} INFO - Filling up the DagBag from /home/airflow/.local/lib/python3.12/site-packages/airflow/example_dags/example_display_name.py
[2025-04-05T23:29:35.113+0000] {processor.py:925} INFO - DAG(s) 'example_display_name' retrieved from /home/airflow/.local/lib/python3.12/site-packages/airflow/example_dags/example_display_name.py
[2025-04-05T23:29:35.124+0000] {logging_mixin.py:190} INFO - [2025-04-05T23:29:35.124+0000] {dag.py:3239} INFO - Sync 1 DAGs
[2025-04-05T23:29:35.130+0000] {logging_mixin.py:190} INFO - [2025-04-05T23:29:35.130+0000] {dag.py:4180} INFO - Setting next_dagrun for example_display_name to None, run_after=None
[2025-04-05T23:29:35.139+0000] {processor.py:208} INFO - Processing /home/airflow/.local/lib/python3.12/site-packages/airflow/example_dags/example_display_name.py took 0.035 seconds
[2025-04-05T23:30:06.188+0000] {processor.py:186} INFO - Started process (PID=778) to work on /home/airflow/.local/lib/python3.12/site-packages/airflow/example_dags/example_display_name.py
[2025-04-05T23:30:06.190+0000] {processor.py:914} INFO - Processing file /home/airflow/.local/lib/python3.12/site-packages/airflow/example_dags/example_display_name.py for tasks to queue
[2025-04-05T23:30:06.191+0000] {logging_mixin.py:190} INFO - [2025-04-05T23:30:06.190+0000] {dagbag.py:588} INFO - Filling up the DagBag from /home/airflow/.local/lib/python3.12/site-packages/airflow/example_dags/example_display_name.py
[2025-04-05T23:30:06.194+0000] {processor.py:925} INFO - DAG(s) 'example_display_name' retrieved from /home/airflow/.local/lib/python3.12/site-packages/airflow/example_dags/example_display_name.py
[2025-04-05T23:30:06.204+0000] {logging_mixin.py:190} INFO - [2025-04-05T23:30:06.204+0000] {dag.py:3239} INFO - Sync 1 DAGs
[2025-04-05T23:30:06.210+0000] {logging_mixin.py:190} INFO - [2025-04-05T23:30:06.210+0000] {dag.py:4180} INFO - Setting next_dagrun for example_display_name to None, run_after=None
[2025-04-05T23:30:06.217+0000] {processor.py:208} INFO - Processing /home/airflow/.local/lib/python3.12/site-packages/airflow/example_dags/example_display_name.py took 0.031 seconds
[2025-04-05T23:30:36.493+0000] {processor.py:186} INFO - Started process (PID=842) to work on /home/airflow/.local/lib/python3.12/site-packages/airflow/example_dags/example_display_name.py
[2025-04-05T23:30:36.495+0000] {processor.py:914} INFO - Processing file /home/airflow/.local/lib/python3.12/site-packages/airflow/example_dags/example_display_name.py for tasks to queue
[2025-04-05T23:30:36.496+0000] {logging_mixin.py:190} INFO - [2025-04-05T23:30:36.496+0000] {dagbag.py:588} INFO - Filling up the DagBag from /home/airflow/.local/lib/python3.12/site-packages/airflow/example_dags/example_display_name.py
[2025-04-05T23:30:36.500+0000] {processor.py:925} INFO - DAG(s) 'example_display_name' retrieved from /home/airflow/.local/lib/python3.12/site-packages/airflow/example_dags/example_display_name.py
[2025-04-05T23:30:36.510+0000] {logging_mixin.py:190} INFO - [2025-04-05T23:30:36.509+0000] {dag.py:3239} INFO - Sync 1 DAGs
[2025-04-05T23:30:36.516+0000] {logging_mixin.py:190} INFO - [2025-04-05T23:30:36.516+0000] {dag.py:4180} INFO - Setting next_dagrun for example_display_name to None, run_after=None
[2025-04-05T23:30:36.523+0000] {processor.py:208} INFO - Processing /home/airflow/.local/lib/python3.12/site-packages/airflow/example_dags/example_display_name.py took 0.033 seconds
[2025-04-05T23:31:06.716+0000] {processor.py:186} INFO - Started process (PID=906) to work on /home/airflow/.local/lib/python3.12/site-packages/airflow/example_dags/example_display_name.py
[2025-04-05T23:31:06.717+0000] {processor.py:914} INFO - Processing file /home/airflow/.local/lib/python3.12/site-packages/airflow/example_dags/example_display_name.py for tasks to queue
[2025-04-05T23:31:06.719+0000] {logging_mixin.py:190} INFO - [2025-04-05T23:31:06.718+0000] {dagbag.py:588} INFO - Filling up the DagBag from /home/airflow/.local/lib/python3.12/site-packages/airflow/example_dags/example_display_name.py
[2025-04-05T23:31:06.724+0000] {processor.py:925} INFO - DAG(s) 'example_display_name' retrieved from /home/airflow/.local/lib/python3.12/site-packages/airflow/example_dags/example_display_name.py
[2025-04-05T23:31:06.738+0000] {logging_mixin.py:190} INFO - [2025-04-05T23:31:06.738+0000] {dag.py:3239} INFO - Sync 1 DAGs
[2025-04-05T23:31:06.745+0000] {logging_mixin.py:190} INFO - [2025-04-05T23:31:06.745+0000] {dag.py:4180} INFO - Setting next_dagrun for example_display_name to None, run_after=None
[2025-04-05T23:31:06.753+0000] {processor.py:208} INFO - Processing /home/airflow/.local/lib/python3.12/site-packages/airflow/example_dags/example_display_name.py took 0.039 seconds
[2025-04-05T23:31:36.924+0000] {processor.py:186} INFO - Started process (PID=970) to work on /home/airflow/.local/lib/python3.12/site-packages/airflow/example_dags/example_display_name.py
[2025-04-05T23:31:36.927+0000] {processor.py:914} INFO - Processing file /home/airflow/.local/lib/python3.12/site-packages/airflow/example_dags/example_display_name.py for tasks to queue
[2025-04-05T23:31:36.928+0000] {logging_mixin.py:190} INFO - [2025-04-05T23:31:36.928+0000] {dagbag.py:588} INFO - Filling up the DagBag from /home/airflow/.local/lib/python3.12/site-packages/airflow/example_dags/example_display_name.py
[2025-04-05T23:31:36.933+0000] {processor.py:925} INFO - DAG(s) 'example_display_name' retrieved from /home/airflow/.local/lib/python3.12/site-packages/airflow/example_dags/example_display_name.py
[2025-04-05T23:31:36.946+0000] {logging_mixin.py:190} INFO - [2025-04-05T23:31:36.946+0000] {dag.py:3239} INFO - Sync 1 DAGs
[2025-04-05T23:31:36.954+0000] {logging_mixin.py:190} INFO - [2025-04-05T23:31:36.954+0000] {dag.py:4180} INFO - Setting next_dagrun for example_display_name to None, run_after=None
[2025-04-05T23:31:36.962+0000] {processor.py:208} INFO - Processing /home/airflow/.local/lib/python3.12/site-packages/airflow/example_dags/example_display_name.py took 0.041 seconds
[2025-04-05T23:32:07.292+0000] {processor.py:186} INFO - Started process (PID=1034) to work on /home/airflow/.local/lib/python3.12/site-packages/airflow/example_dags/example_display_name.py
[2025-04-05T23:32:07.293+0000] {processor.py:914} INFO - Processing file /home/airflow/.local/lib/python3.12/site-packages/airflow/example_dags/example_display_name.py for tasks to queue
[2025-04-05T23:32:07.294+0000] {logging_mixin.py:190} INFO - [2025-04-05T23:32:07.294+0000] {dagbag.py:588} INFO - Filling up the DagBag from /home/airflow/.local/lib/python3.12/site-packages/airflow/example_dags/example_display_name.py
[2025-04-05T23:32:07.298+0000] {processor.py:925} INFO - DAG(s) 'example_display_name' retrieved from /home/airflow/.local/lib/python3.12/site-packages/airflow/example_dags/example_display_name.py
[2025-04-05T23:32:07.313+0000] {logging_mixin.py:190} INFO - [2025-04-05T23:32:07.313+0000] {dag.py:3239} INFO - Sync 1 DAGs
[2025-04-05T23:32:07.319+0000] {logging_mixin.py:190} INFO - [2025-04-05T23:32:07.319+0000] {dag.py:4180} INFO - Setting next_dagrun for example_display_name to None, run_after=None
[2025-04-05T23:32:07.328+0000] {processor.py:208} INFO - Processing /home/airflow/.local/lib/python3.12/site-packages/airflow/example_dags/example_display_name.py took 0.039 seconds
[2025-04-05T23:32:37.390+0000] {processor.py:186} INFO - Started process (PID=1098) to work on /home/airflow/.local/lib/python3.12/site-packages/airflow/example_dags/example_display_name.py
[2025-04-05T23:32:37.392+0000] {processor.py:914} INFO - Processing file /home/airflow/.local/lib/python3.12/site-packages/airflow/example_dags/example_display_name.py for tasks to queue
[2025-04-05T23:32:37.393+0000] {logging_mixin.py:190} INFO - [2025-04-05T23:32:37.393+0000] {dagbag.py:588} INFO - Filling up the DagBag from /home/airflow/.local/lib/python3.12/site-packages/airflow/example_dags/example_display_name.py
[2025-04-05T23:32:37.397+0000] {processor.py:925} INFO - DAG(s) 'example_display_name' retrieved from /home/airflow/.local/lib/python3.12/site-packages/airflow/example_dags/example_display_name.py
[2025-04-05T23:32:37.408+0000] {logging_mixin.py:190} INFO - [2025-04-05T23:32:37.408+0000] {dag.py:3239} INFO - Sync 1 DAGs
[2025-04-05T23:32:37.416+0000] {logging_mixin.py:190} INFO - [2025-04-05T23:32:37.416+0000] {dag.py:4180} INFO - Setting next_dagrun for example_display_name to None, run_after=None
[2025-04-05T23:32:37.423+0000] {processor.py:208} INFO - Processing /home/airflow/.local/lib/python3.12/site-packages/airflow/example_dags/example_display_name.py took 0.036 seconds
[2025-04-05T23:33:07.666+0000] {processor.py:186} INFO - Started process (PID=1162) to work on /home/airflow/.local/lib/python3.12/site-packages/airflow/example_dags/example_display_name.py
[2025-04-05T23:33:07.669+0000] {processor.py:914} INFO - Processing file /home/airflow/.local/lib/python3.12/site-packages/airflow/example_dags/example_display_name.py for tasks to queue
[2025-04-05T23:33:07.671+0000] {logging_mixin.py:190} INFO - [2025-04-05T23:33:07.671+0000] {dagbag.py:588} INFO - Filling up the DagBag from /home/airflow/.local/lib/python3.12/site-packages/airflow/example_dags/example_display_name.py
[2025-04-05T23:33:07.676+0000] {processor.py:925} INFO - DAG(s) 'example_display_name' retrieved from /home/airflow/.local/lib/python3.12/site-packages/airflow/example_dags/example_display_name.py
[2025-04-05T23:33:07.686+0000] {logging_mixin.py:190} INFO - [2025-04-05T23:33:07.686+0000] {dag.py:3239} INFO - Sync 1 DAGs
[2025-04-05T23:33:07.693+0000] {logging_mixin.py:190} INFO - [2025-04-05T23:33:07.692+0000] {dag.py:4180} INFO - Setting next_dagrun for example_display_name to None, run_after=None
[2025-04-05T23:33:07.704+0000] {processor.py:208} INFO - Processing /home/airflow/.local/lib/python3.12/site-packages/airflow/example_dags/example_display_name.py took 0.041 seconds
[2025-04-05T23:33:37.775+0000] {processor.py:186} INFO - Started process (PID=1226) to work on /home/airflow/.local/lib/python3.12/site-packages/airflow/example_dags/example_display_name.py
[2025-04-05T23:33:37.778+0000] {processor.py:914} INFO - Processing file /home/airflow/.local/lib/python3.12/site-packages/airflow/example_dags/example_display_name.py for tasks to queue
[2025-04-05T23:33:37.779+0000] {logging_mixin.py:190} INFO - [2025-04-05T23:33:37.779+0000] {dagbag.py:588} INFO - Filling up the DagBag from /home/airflow/.local/lib/python3.12/site-packages/airflow/example_dags/example_display_name.py
[2025-04-05T23:33:37.784+0000] {processor.py:925} INFO - DAG(s) 'example_display_name' retrieved from /home/airflow/.local/lib/python3.12/site-packages/airflow/example_dags/example_display_name.py
[2025-04-05T23:33:37.794+0000] {logging_mixin.py:190} INFO - [2025-04-05T23:33:37.794+0000] {dag.py:3239} INFO - Sync 1 DAGs
[2025-04-05T23:33:37.800+0000] {logging_mixin.py:190} INFO - [2025-04-05T23:33:37.800+0000] {dag.py:4180} INFO - Setting next_dagrun for example_display_name to None, run_after=None
[2025-04-05T23:33:37.808+0000] {processor.py:208} INFO - Processing /home/airflow/.local/lib/python3.12/site-packages/airflow/example_dags/example_display_name.py took 0.036 seconds
[2025-04-05T23:34:08.385+0000] {processor.py:186} INFO - Started process (PID=1291) to work on /home/airflow/.local/lib/python3.12/site-packages/airflow/example_dags/example_display_name.py
[2025-04-05T23:34:08.386+0000] {processor.py:914} INFO - Processing file /home/airflow/.local/lib/python3.12/site-packages/airflow/example_dags/example_display_name.py for tasks to queue
[2025-04-05T23:34:08.388+0000] {logging_mixin.py:190} INFO - [2025-04-05T23:34:08.388+0000] {dagbag.py:588} INFO - Filling up the DagBag from /home/airflow/.local/lib/python3.12/site-packages/airflow/example_dags/example_display_name.py
[2025-04-05T23:34:08.392+0000] {processor.py:925} INFO - DAG(s) 'example_display_name' retrieved from /home/airflow/.local/lib/python3.12/site-packages/airflow/example_dags/example_display_name.py
[2025-04-05T23:34:08.401+0000] {logging_mixin.py:190} INFO - [2025-04-05T23:34:08.401+0000] {dag.py:3239} INFO - Sync 1 DAGs
[2025-04-05T23:34:08.408+0000] {logging_mixin.py:190} INFO - [2025-04-05T23:34:08.408+0000] {dag.py:4180} INFO - Setting next_dagrun for example_display_name to None, run_after=None
[2025-04-05T23:34:08.418+0000] {processor.py:208} INFO - Processing /home/airflow/.local/lib/python3.12/site-packages/airflow/example_dags/example_display_name.py took 0.036 seconds
[2025-04-05T23:34:38.905+0000] {processor.py:186} INFO - Started process (PID=1355) to work on /home/airflow/.local/lib/python3.12/site-packages/airflow/example_dags/example_display_name.py
[2025-04-05T23:34:38.905+0000] {processor.py:914} INFO - Processing file /home/airflow/.local/lib/python3.12/site-packages/airflow/example_dags/example_display_name.py for tasks to queue
[2025-04-05T23:34:38.906+0000] {logging_mixin.py:190} INFO - [2025-04-05T23:34:38.906+0000] {dagbag.py:588} INFO - Filling up the DagBag from /home/airflow/.local/lib/python3.12/site-packages/airflow/example_dags/example_display_name.py
[2025-04-05T23:34:38.910+0000] {processor.py:925} INFO - DAG(s) 'example_display_name' retrieved from /home/airflow/.local/lib/python3.12/site-packages/airflow/example_dags/example_display_name.py
[2025-04-05T23:34:38.919+0000] {logging_mixin.py:190} INFO - [2025-04-05T23:34:38.918+0000] {dag.py:3239} INFO - Sync 1 DAGs
[2025-04-05T23:34:38.924+0000] {logging_mixin.py:190} INFO - [2025-04-05T23:34:38.924+0000] {dag.py:4180} INFO - Setting next_dagrun for example_display_name to None, run_after=None
[2025-04-05T23:34:38.930+0000] {processor.py:208} INFO - Processing /home/airflow/.local/lib/python3.12/site-packages/airflow/example_dags/example_display_name.py took 0.028 seconds
[2025-04-05T23:35:09.486+0000] {processor.py:186} INFO - Started process (PID=1418) to work on /home/airflow/.local/lib/python3.12/site-packages/airflow/example_dags/example_display_name.py
[2025-04-05T23:35:09.489+0000] {processor.py:914} INFO - Processing file /home/airflow/.local/lib/python3.12/site-packages/airflow/example_dags/example_display_name.py for tasks to queue
[2025-04-05T23:35:09.491+0000] {logging_mixin.py:190} INFO - [2025-04-05T23:35:09.491+0000] {dagbag.py:588} INFO - Filling up the DagBag from /home/airflow/.local/lib/python3.12/site-packages/airflow/example_dags/example_display_name.py
[2025-04-05T23:35:09.495+0000] {processor.py:925} INFO - DAG(s) 'example_display_name' retrieved from /home/airflow/.local/lib/python3.12/site-packages/airflow/example_dags/example_display_name.py
[2025-04-05T23:35:09.509+0000] {logging_mixin.py:190} INFO - [2025-04-05T23:35:09.508+0000] {dag.py:3239} INFO - Sync 1 DAGs
[2025-04-05T23:35:09.517+0000] {logging_mixin.py:190} INFO - [2025-04-05T23:35:09.517+0000] {dag.py:4180} INFO - Setting next_dagrun for example_display_name to None, run_after=None
[2025-04-05T23:35:09.529+0000] {processor.py:208} INFO - Processing /home/airflow/.local/lib/python3.12/site-packages/airflow/example_dags/example_display_name.py took 0.046 seconds
[2025-04-05T23:35:39.724+0000] {processor.py:186} INFO - Started process (PID=1482) to work on /home/airflow/.local/lib/python3.12/site-packages/airflow/example_dags/example_display_name.py
[2025-04-05T23:35:39.726+0000] {processor.py:914} INFO - Processing file /home/airflow/.local/lib/python3.12/site-packages/airflow/example_dags/example_display_name.py for tasks to queue
[2025-04-05T23:35:39.727+0000] {logging_mixin.py:190} INFO - [2025-04-05T23:35:39.727+0000] {dagbag.py:588} INFO - Filling up the DagBag from /home/airflow/.local/lib/python3.12/site-packages/airflow/example_dags/example_display_name.py
[2025-04-05T23:35:39.731+0000] {processor.py:925} INFO - DAG(s) 'example_display_name' retrieved from /home/airflow/.local/lib/python3.12/site-packages/airflow/example_dags/example_display_name.py
[2025-04-05T23:35:39.742+0000] {logging_mixin.py:190} INFO - [2025-04-05T23:35:39.742+0000] {dag.py:3239} INFO - Sync 1 DAGs
[2025-04-05T23:35:39.749+0000] {logging_mixin.py:190} INFO - [2025-04-05T23:35:39.749+0000] {dag.py:4180} INFO - Setting next_dagrun for example_display_name to None, run_after=None
[2025-04-05T23:35:39.757+0000] {processor.py:208} INFO - Processing /home/airflow/.local/lib/python3.12/site-packages/airflow/example_dags/example_display_name.py took 0.035 seconds
[2025-04-05T23:36:09.922+0000] {processor.py:186} INFO - Started process (PID=1546) to work on /home/airflow/.local/lib/python3.12/site-packages/airflow/example_dags/example_display_name.py
[2025-04-05T23:36:09.922+0000] {processor.py:914} INFO - Processing file /home/airflow/.local/lib/python3.12/site-packages/airflow/example_dags/example_display_name.py for tasks to queue
[2025-04-05T23:36:09.923+0000] {logging_mixin.py:190} INFO - [2025-04-05T23:36:09.923+0000] {dagbag.py:588} INFO - Filling up the DagBag from /home/airflow/.local/lib/python3.12/site-packages/airflow/example_dags/example_display_name.py
[2025-04-05T23:36:09.927+0000] {processor.py:925} INFO - DAG(s) 'example_display_name' retrieved from /home/airflow/.local/lib/python3.12/site-packages/airflow/example_dags/example_display_name.py
[2025-04-05T23:36:09.941+0000] {logging_mixin.py:190} INFO - [2025-04-05T23:36:09.941+0000] {dag.py:3239} INFO - Sync 1 DAGs
[2025-04-05T23:36:09.947+0000] {logging_mixin.py:190} INFO - [2025-04-05T23:36:09.947+0000] {dag.py:4180} INFO - Setting next_dagrun for example_display_name to None, run_after=None
[2025-04-05T23:36:09.960+0000] {processor.py:208} INFO - Processing /home/airflow/.local/lib/python3.12/site-packages/airflow/example_dags/example_display_name.py took 0.041 seconds
[2025-04-05T23:36:40.137+0000] {processor.py:186} INFO - Started process (PID=1610) to work on /home/airflow/.local/lib/python3.12/site-packages/airflow/example_dags/example_display_name.py
[2025-04-05T23:36:40.138+0000] {processor.py:914} INFO - Processing file /home/airflow/.local/lib/python3.12/site-packages/airflow/example_dags/example_display_name.py for tasks to queue
[2025-04-05T23:36:40.139+0000] {logging_mixin.py:190} INFO - [2025-04-05T23:36:40.139+0000] {dagbag.py:588} INFO - Filling up the DagBag from /home/airflow/.local/lib/python3.12/site-packages/airflow/example_dags/example_display_name.py
[2025-04-05T23:36:40.145+0000] {processor.py:925} INFO - DAG(s) 'example_display_name' retrieved from /home/airflow/.local/lib/python3.12/site-packages/airflow/example_dags/example_display_name.py
[2025-04-05T23:36:40.153+0000] {logging_mixin.py:190} INFO - [2025-04-05T23:36:40.153+0000] {dag.py:3239} INFO - Sync 1 DAGs
[2025-04-05T23:36:40.159+0000] {logging_mixin.py:190} INFO - [2025-04-05T23:36:40.158+0000] {dag.py:4180} INFO - Setting next_dagrun for example_display_name to None, run_after=None
[2025-04-05T23:36:40.168+0000] {processor.py:208} INFO - Processing /home/airflow/.local/lib/python3.12/site-packages/airflow/example_dags/example_display_name.py took 0.034 seconds
[2025-04-05T23:37:10.435+0000] {processor.py:186} INFO - Started process (PID=1674) to work on /home/airflow/.local/lib/python3.12/site-packages/airflow/example_dags/example_display_name.py
[2025-04-05T23:37:10.436+0000] {processor.py:914} INFO - Processing file /home/airflow/.local/lib/python3.12/site-packages/airflow/example_dags/example_display_name.py for tasks to queue
[2025-04-05T23:37:10.438+0000] {logging_mixin.py:190} INFO - [2025-04-05T23:37:10.438+0000] {dagbag.py:588} INFO - Filling up the DagBag from /home/airflow/.local/lib/python3.12/site-packages/airflow/example_dags/example_display_name.py
[2025-04-05T23:37:10.443+0000] {processor.py:925} INFO - DAG(s) 'example_display_name' retrieved from /home/airflow/.local/lib/python3.12/site-packages/airflow/example_dags/example_display_name.py
[2025-04-05T23:37:10.456+0000] {logging_mixin.py:190} INFO - [2025-04-05T23:37:10.455+0000] {dag.py:3239} INFO - Sync 1 DAGs
[2025-04-05T23:37:10.463+0000] {logging_mixin.py:190} INFO - [2025-04-05T23:37:10.463+0000] {dag.py:4180} INFO - Setting next_dagrun for example_display_name to None, run_after=None
[2025-04-05T23:37:10.471+0000] {processor.py:208} INFO - Processing /home/airflow/.local/lib/python3.12/site-packages/airflow/example_dags/example_display_name.py took 0.038 seconds
[2025-04-05T23:37:40.638+0000] {processor.py:186} INFO - Started process (PID=1738) to work on /home/airflow/.local/lib/python3.12/site-packages/airflow/example_dags/example_display_name.py
[2025-04-05T23:37:40.639+0000] {processor.py:914} INFO - Processing file /home/airflow/.local/lib/python3.12/site-packages/airflow/example_dags/example_display_name.py for tasks to queue
[2025-04-05T23:37:40.640+0000] {logging_mixin.py:190} INFO - [2025-04-05T23:37:40.640+0000] {dagbag.py:588} INFO - Filling up the DagBag from /home/airflow/.local/lib/python3.12/site-packages/airflow/example_dags/example_display_name.py
[2025-04-05T23:37:40.644+0000] {processor.py:925} INFO - DAG(s) 'example_display_name' retrieved from /home/airflow/.local/lib/python3.12/site-packages/airflow/example_dags/example_display_name.py
[2025-04-05T23:37:40.653+0000] {logging_mixin.py:190} INFO - [2025-04-05T23:37:40.653+0000] {dag.py:3239} INFO - Sync 1 DAGs
[2025-04-05T23:37:40.659+0000] {logging_mixin.py:190} INFO - [2025-04-05T23:37:40.659+0000] {dag.py:4180} INFO - Setting next_dagrun for example_display_name to None, run_after=None
[2025-04-05T23:37:40.668+0000] {processor.py:208} INFO - Processing /home/airflow/.local/lib/python3.12/site-packages/airflow/example_dags/example_display_name.py took 0.033 seconds
[2025-04-05T23:38:10.944+0000] {processor.py:186} INFO - Started process (PID=1802) to work on /home/airflow/.local/lib/python3.12/site-packages/airflow/example_dags/example_display_name.py
[2025-04-05T23:38:10.944+0000] {processor.py:914} INFO - Processing file /home/airflow/.local/lib/python3.12/site-packages/airflow/example_dags/example_display_name.py for tasks to queue
[2025-04-05T23:38:10.946+0000] {logging_mixin.py:190} INFO - [2025-04-05T23:38:10.946+0000] {dagbag.py:588} INFO - Filling up the DagBag from /home/airflow/.local/lib/python3.12/site-packages/airflow/example_dags/example_display_name.py
[2025-04-05T23:38:10.950+0000] {processor.py:925} INFO - DAG(s) 'example_display_name' retrieved from /home/airflow/.local/lib/python3.12/site-packages/airflow/example_dags/example_display_name.py
[2025-04-05T23:38:10.963+0000] {logging_mixin.py:190} INFO - [2025-04-05T23:38:10.963+0000] {dag.py:3239} INFO - Sync 1 DAGs
[2025-04-05T23:38:10.969+0000] {logging_mixin.py:190} INFO - [2025-04-05T23:38:10.969+0000] {dag.py:4180} INFO - Setting next_dagrun for example_display_name to None, run_after=None
[2025-04-05T23:38:10.979+0000] {processor.py:208} INFO - Processing /home/airflow/.local/lib/python3.12/site-packages/airflow/example_dags/example_display_name.py took 0.038 seconds
[2025-04-05T23:38:41.357+0000] {processor.py:186} INFO - Started process (PID=1866) to work on /home/airflow/.local/lib/python3.12/site-packages/airflow/example_dags/example_display_name.py
[2025-04-05T23:38:41.359+0000] {processor.py:914} INFO - Processing file /home/airflow/.local/lib/python3.12/site-packages/airflow/example_dags/example_display_name.py for tasks to queue
[2025-04-05T23:38:41.360+0000] {logging_mixin.py:190} INFO - [2025-04-05T23:38:41.360+0000] {dagbag.py:588} INFO - Filling up the DagBag from /home/airflow/.local/lib/python3.12/site-packages/airflow/example_dags/example_display_name.py
[2025-04-05T23:38:41.364+0000] {processor.py:925} INFO - DAG(s) 'example_display_name' retrieved from /home/airflow/.local/lib/python3.12/site-packages/airflow/example_dags/example_display_name.py
[2025-04-05T23:38:41.377+0000] {logging_mixin.py:190} INFO - [2025-04-05T23:38:41.377+0000] {dag.py:3239} INFO - Sync 1 DAGs
[2025-04-05T23:38:41.383+0000] {logging_mixin.py:190} INFO - [2025-04-05T23:38:41.383+0000] {dag.py:4180} INFO - Setting next_dagrun for example_display_name to None, run_after=None
[2025-04-05T23:38:41.391+0000] {processor.py:208} INFO - Processing /home/airflow/.local/lib/python3.12/site-packages/airflow/example_dags/example_display_name.py took 0.038 seconds
[2025-04-05T23:39:33.008+0000] {processor.py:186} INFO - Started process (PID=76) to work on /home/airflow/.local/lib/python3.12/site-packages/airflow/example_dags/example_display_name.py
[2025-04-05T23:39:33.008+0000] {processor.py:914} INFO - Processing file /home/airflow/.local/lib/python3.12/site-packages/airflow/example_dags/example_display_name.py for tasks to queue
[2025-04-05T23:39:33.010+0000] {logging_mixin.py:190} INFO - [2025-04-05T23:39:33.009+0000] {dagbag.py:588} INFO - Filling up the DagBag from /home/airflow/.local/lib/python3.12/site-packages/airflow/example_dags/example_display_name.py
[2025-04-05T23:39:33.015+0000] {processor.py:925} INFO - DAG(s) 'example_display_name' retrieved from /home/airflow/.local/lib/python3.12/site-packages/airflow/example_dags/example_display_name.py
[2025-04-05T23:39:33.164+0000] {logging_mixin.py:190} INFO - [2025-04-05T23:39:33.160+0000] {dag.py:3239} INFO - Sync 1 DAGs
[2025-04-05T23:39:33.185+0000] {logging_mixin.py:190} INFO - [2025-04-05T23:39:33.185+0000] {dag.py:4180} INFO - Setting next_dagrun for example_display_name to None, run_after=None
[2025-04-05T23:39:33.194+0000] {processor.py:208} INFO - Processing /home/airflow/.local/lib/python3.12/site-packages/airflow/example_dags/example_display_name.py took 0.192 seconds
[2025-04-05T23:40:19.404+0000] {processor.py:186} INFO - Started process (PID=76) to work on /home/airflow/.local/lib/python3.12/site-packages/airflow/example_dags/example_display_name.py
[2025-04-05T23:40:19.408+0000] {processor.py:914} INFO - Processing file /home/airflow/.local/lib/python3.12/site-packages/airflow/example_dags/example_display_name.py for tasks to queue
[2025-04-05T23:40:19.409+0000] {logging_mixin.py:190} INFO - [2025-04-05T23:40:19.409+0000] {dagbag.py:588} INFO - Filling up the DagBag from /home/airflow/.local/lib/python3.12/site-packages/airflow/example_dags/example_display_name.py
[2025-04-05T23:40:19.415+0000] {processor.py:925} INFO - DAG(s) 'example_display_name' retrieved from /home/airflow/.local/lib/python3.12/site-packages/airflow/example_dags/example_display_name.py
[2025-04-05T23:40:19.566+0000] {logging_mixin.py:190} INFO - [2025-04-05T23:40:19.563+0000] {dag.py:3239} INFO - Sync 1 DAGs
[2025-04-05T23:40:19.577+0000] {logging_mixin.py:190} INFO - [2025-04-05T23:40:19.577+0000] {dag.py:4180} INFO - Setting next_dagrun for example_display_name to None, run_after=None
[2025-04-05T23:40:19.589+0000] {processor.py:208} INFO - Processing /home/airflow/.local/lib/python3.12/site-packages/airflow/example_dags/example_display_name.py took 0.189 seconds
[2025-04-05T23:40:50.122+0000] {processor.py:186} INFO - Started process (PID=140) to work on /home/airflow/.local/lib/python3.12/site-packages/airflow/example_dags/example_display_name.py
[2025-04-05T23:40:50.122+0000] {processor.py:914} INFO - Processing file /home/airflow/.local/lib/python3.12/site-packages/airflow/example_dags/example_display_name.py for tasks to queue
[2025-04-05T23:40:50.123+0000] {logging_mixin.py:190} INFO - [2025-04-05T23:40:50.123+0000] {dagbag.py:588} INFO - Filling up the DagBag from /home/airflow/.local/lib/python3.12/site-packages/airflow/example_dags/example_display_name.py
[2025-04-05T23:40:50.127+0000] {processor.py:925} INFO - DAG(s) 'example_display_name' retrieved from /home/airflow/.local/lib/python3.12/site-packages/airflow/example_dags/example_display_name.py
[2025-04-05T23:40:50.141+0000] {logging_mixin.py:190} INFO - [2025-04-05T23:40:50.141+0000] {dag.py:3239} INFO - Sync 1 DAGs
[2025-04-05T23:40:50.148+0000] {logging_mixin.py:190} INFO - [2025-04-05T23:40:50.148+0000] {dag.py:4180} INFO - Setting next_dagrun for example_display_name to None, run_after=None
[2025-04-05T23:40:50.160+0000] {processor.py:208} INFO - Processing /home/airflow/.local/lib/python3.12/site-packages/airflow/example_dags/example_display_name.py took 0.041 seconds
[2025-04-05T23:41:20.483+0000] {processor.py:186} INFO - Started process (PID=204) to work on /home/airflow/.local/lib/python3.12/site-packages/airflow/example_dags/example_display_name.py
[2025-04-05T23:41:20.484+0000] {processor.py:914} INFO - Processing file /home/airflow/.local/lib/python3.12/site-packages/airflow/example_dags/example_display_name.py for tasks to queue
[2025-04-05T23:41:20.485+0000] {logging_mixin.py:190} INFO - [2025-04-05T23:41:20.485+0000] {dagbag.py:588} INFO - Filling up the DagBag from /home/airflow/.local/lib/python3.12/site-packages/airflow/example_dags/example_display_name.py
[2025-04-05T23:41:20.489+0000] {processor.py:925} INFO - DAG(s) 'example_display_name' retrieved from /home/airflow/.local/lib/python3.12/site-packages/airflow/example_dags/example_display_name.py
[2025-04-05T23:41:20.500+0000] {logging_mixin.py:190} INFO - [2025-04-05T23:41:20.500+0000] {dag.py:3239} INFO - Sync 1 DAGs
[2025-04-05T23:41:20.506+0000] {logging_mixin.py:190} INFO - [2025-04-05T23:41:20.506+0000] {dag.py:4180} INFO - Setting next_dagrun for example_display_name to None, run_after=None
[2025-04-05T23:41:20.517+0000] {processor.py:208} INFO - Processing /home/airflow/.local/lib/python3.12/site-packages/airflow/example_dags/example_display_name.py took 0.037 seconds
[2025-04-05T23:41:50.603+0000] {processor.py:186} INFO - Started process (PID=268) to work on /home/airflow/.local/lib/python3.12/site-packages/airflow/example_dags/example_display_name.py
[2025-04-05T23:41:50.604+0000] {processor.py:914} INFO - Processing file /home/airflow/.local/lib/python3.12/site-packages/airflow/example_dags/example_display_name.py for tasks to queue
[2025-04-05T23:41:50.605+0000] {logging_mixin.py:190} INFO - [2025-04-05T23:41:50.605+0000] {dagbag.py:588} INFO - Filling up the DagBag from /home/airflow/.local/lib/python3.12/site-packages/airflow/example_dags/example_display_name.py
[2025-04-05T23:41:50.609+0000] {processor.py:925} INFO - DAG(s) 'example_display_name' retrieved from /home/airflow/.local/lib/python3.12/site-packages/airflow/example_dags/example_display_name.py
[2025-04-05T23:41:50.618+0000] {logging_mixin.py:190} INFO - [2025-04-05T23:41:50.618+0000] {dag.py:3239} INFO - Sync 1 DAGs
[2025-04-05T23:41:50.626+0000] {logging_mixin.py:190} INFO - [2025-04-05T23:41:50.626+0000] {dag.py:4180} INFO - Setting next_dagrun for example_display_name to None, run_after=None
[2025-04-05T23:41:50.634+0000] {processor.py:208} INFO - Processing /home/airflow/.local/lib/python3.12/site-packages/airflow/example_dags/example_display_name.py took 0.034 seconds
[2025-04-05T23:42:47.165+0000] {processor.py:186} INFO - Started process (PID=77) to work on /home/airflow/.local/lib/python3.12/site-packages/airflow/example_dags/example_display_name.py
[2025-04-05T23:42:47.166+0000] {processor.py:914} INFO - Processing file /home/airflow/.local/lib/python3.12/site-packages/airflow/example_dags/example_display_name.py for tasks to queue
[2025-04-05T23:42:47.167+0000] {logging_mixin.py:190} INFO - [2025-04-05T23:42:47.167+0000] {dagbag.py:588} INFO - Filling up the DagBag from /home/airflow/.local/lib/python3.12/site-packages/airflow/example_dags/example_display_name.py
[2025-04-05T23:42:47.171+0000] {processor.py:925} INFO - DAG(s) 'example_display_name' retrieved from /home/airflow/.local/lib/python3.12/site-packages/airflow/example_dags/example_display_name.py
[2025-04-05T23:42:47.188+0000] {logging_mixin.py:190} INFO - [2025-04-05T23:42:47.188+0000] {dag.py:3239} INFO - Sync 1 DAGs
[2025-04-05T23:42:47.195+0000] {logging_mixin.py:190} INFO - [2025-04-05T23:42:47.195+0000] {dag.py:4180} INFO - Setting next_dagrun for example_display_name to None, run_after=None
[2025-04-05T23:42:47.205+0000] {processor.py:208} INFO - Processing /home/airflow/.local/lib/python3.12/site-packages/airflow/example_dags/example_display_name.py took 0.042 seconds
[2025-04-05T23:43:17.464+0000] {processor.py:186} INFO - Started process (PID=140) to work on /home/airflow/.local/lib/python3.12/site-packages/airflow/example_dags/example_display_name.py
[2025-04-05T23:43:17.465+0000] {processor.py:914} INFO - Processing file /home/airflow/.local/lib/python3.12/site-packages/airflow/example_dags/example_display_name.py for tasks to queue
[2025-04-05T23:43:17.467+0000] {logging_mixin.py:190} INFO - [2025-04-05T23:43:17.467+0000] {dagbag.py:588} INFO - Filling up the DagBag from /home/airflow/.local/lib/python3.12/site-packages/airflow/example_dags/example_display_name.py
[2025-04-05T23:43:17.471+0000] {processor.py:925} INFO - DAG(s) 'example_display_name' retrieved from /home/airflow/.local/lib/python3.12/site-packages/airflow/example_dags/example_display_name.py
[2025-04-05T23:43:17.483+0000] {logging_mixin.py:190} INFO - [2025-04-05T23:43:17.483+0000] {dag.py:3239} INFO - Sync 1 DAGs
[2025-04-05T23:43:17.489+0000] {logging_mixin.py:190} INFO - [2025-04-05T23:43:17.489+0000] {dag.py:4180} INFO - Setting next_dagrun for example_display_name to None, run_after=None
[2025-04-05T23:43:17.498+0000] {processor.py:208} INFO - Processing /home/airflow/.local/lib/python3.12/site-packages/airflow/example_dags/example_display_name.py took 0.036 seconds
[2025-04-05T23:43:47.623+0000] {processor.py:186} INFO - Started process (PID=204) to work on /home/airflow/.local/lib/python3.12/site-packages/airflow/example_dags/example_display_name.py
[2025-04-05T23:43:47.624+0000] {processor.py:914} INFO - Processing file /home/airflow/.local/lib/python3.12/site-packages/airflow/example_dags/example_display_name.py for tasks to queue
[2025-04-05T23:43:47.625+0000] {logging_mixin.py:190} INFO - [2025-04-05T23:43:47.625+0000] {dagbag.py:588} INFO - Filling up the DagBag from /home/airflow/.local/lib/python3.12/site-packages/airflow/example_dags/example_display_name.py
[2025-04-05T23:43:47.630+0000] {processor.py:925} INFO - DAG(s) 'example_display_name' retrieved from /home/airflow/.local/lib/python3.12/site-packages/airflow/example_dags/example_display_name.py
[2025-04-05T23:43:47.642+0000] {logging_mixin.py:190} INFO - [2025-04-05T23:43:47.642+0000] {dag.py:3239} INFO - Sync 1 DAGs
[2025-04-05T23:43:47.648+0000] {logging_mixin.py:190} INFO - [2025-04-05T23:43:47.648+0000] {dag.py:4180} INFO - Setting next_dagrun for example_display_name to None, run_after=None
[2025-04-05T23:43:47.660+0000] {processor.py:208} INFO - Processing /home/airflow/.local/lib/python3.12/site-packages/airflow/example_dags/example_display_name.py took 0.040 seconds
[2025-04-05T23:44:17.896+0000] {processor.py:186} INFO - Started process (PID=268) to work on /home/airflow/.local/lib/python3.12/site-packages/airflow/example_dags/example_display_name.py
[2025-04-05T23:44:17.896+0000] {processor.py:914} INFO - Processing file /home/airflow/.local/lib/python3.12/site-packages/airflow/example_dags/example_display_name.py for tasks to queue
[2025-04-05T23:44:17.897+0000] {logging_mixin.py:190} INFO - [2025-04-05T23:44:17.897+0000] {dagbag.py:588} INFO - Filling up the DagBag from /home/airflow/.local/lib/python3.12/site-packages/airflow/example_dags/example_display_name.py
[2025-04-05T23:44:17.901+0000] {processor.py:925} INFO - DAG(s) 'example_display_name' retrieved from /home/airflow/.local/lib/python3.12/site-packages/airflow/example_dags/example_display_name.py
[2025-04-05T23:44:17.909+0000] {logging_mixin.py:190} INFO - [2025-04-05T23:44:17.909+0000] {dag.py:3239} INFO - Sync 1 DAGs
[2025-04-05T23:44:17.915+0000] {logging_mixin.py:190} INFO - [2025-04-05T23:44:17.915+0000] {dag.py:4180} INFO - Setting next_dagrun for example_display_name to None, run_after=None
[2025-04-05T23:44:17.921+0000] {processor.py:208} INFO - Processing /home/airflow/.local/lib/python3.12/site-packages/airflow/example_dags/example_display_name.py took 0.029 seconds
[2025-04-05T23:44:52.504+0000] {processor.py:186} INFO - Started process (PID=75) to work on /home/airflow/.local/lib/python3.12/site-packages/airflow/example_dags/example_display_name.py
[2025-04-05T23:44:52.504+0000] {processor.py:914} INFO - Processing file /home/airflow/.local/lib/python3.12/site-packages/airflow/example_dags/example_display_name.py for tasks to queue
[2025-04-05T23:44:52.506+0000] {logging_mixin.py:190} INFO - [2025-04-05T23:44:52.506+0000] {dagbag.py:588} INFO - Filling up the DagBag from /home/airflow/.local/lib/python3.12/site-packages/airflow/example_dags/example_display_name.py
[2025-04-05T23:44:52.516+0000] {processor.py:925} INFO - DAG(s) 'example_display_name' retrieved from /home/airflow/.local/lib/python3.12/site-packages/airflow/example_dags/example_display_name.py
[2025-04-05T23:44:52.655+0000] {logging_mixin.py:190} INFO - [2025-04-05T23:44:52.654+0000] {dag.py:3239} INFO - Sync 1 DAGs
[2025-04-05T23:44:52.662+0000] {logging_mixin.py:190} INFO - [2025-04-05T23:44:52.662+0000] {dag.py:4180} INFO - Setting next_dagrun for example_display_name to None, run_after=None
[2025-04-05T23:44:52.676+0000] {processor.py:208} INFO - Processing /home/airflow/.local/lib/python3.12/site-packages/airflow/example_dags/example_display_name.py took 0.176 seconds
[2025-04-05T23:45:23.260+0000] {processor.py:186} INFO - Started process (PID=139) to work on /home/airflow/.local/lib/python3.12/site-packages/airflow/example_dags/example_display_name.py
[2025-04-05T23:45:23.261+0000] {processor.py:914} INFO - Processing file /home/airflow/.local/lib/python3.12/site-packages/airflow/example_dags/example_display_name.py for tasks to queue
[2025-04-05T23:45:23.263+0000] {logging_mixin.py:190} INFO - [2025-04-05T23:45:23.263+0000] {dagbag.py:588} INFO - Filling up the DagBag from /home/airflow/.local/lib/python3.12/site-packages/airflow/example_dags/example_display_name.py
[2025-04-05T23:45:23.267+0000] {processor.py:925} INFO - DAG(s) 'example_display_name' retrieved from /home/airflow/.local/lib/python3.12/site-packages/airflow/example_dags/example_display_name.py
[2025-04-05T23:45:23.275+0000] {logging_mixin.py:190} INFO - [2025-04-05T23:45:23.275+0000] {dag.py:3239} INFO - Sync 1 DAGs
[2025-04-05T23:45:23.281+0000] {logging_mixin.py:190} INFO - [2025-04-05T23:45:23.281+0000] {dag.py:4180} INFO - Setting next_dagrun for example_display_name to None, run_after=None
[2025-04-05T23:45:23.289+0000] {processor.py:208} INFO - Processing /home/airflow/.local/lib/python3.12/site-packages/airflow/example_dags/example_display_name.py took 0.033 seconds
[2025-04-05T23:45:53.439+0000] {processor.py:186} INFO - Started process (PID=203) to work on /home/airflow/.local/lib/python3.12/site-packages/airflow/example_dags/example_display_name.py
[2025-04-05T23:45:53.440+0000] {processor.py:914} INFO - Processing file /home/airflow/.local/lib/python3.12/site-packages/airflow/example_dags/example_display_name.py for tasks to queue
[2025-04-05T23:45:53.441+0000] {logging_mixin.py:190} INFO - [2025-04-05T23:45:53.441+0000] {dagbag.py:588} INFO - Filling up the DagBag from /home/airflow/.local/lib/python3.12/site-packages/airflow/example_dags/example_display_name.py
[2025-04-05T23:45:53.445+0000] {processor.py:925} INFO - DAG(s) 'example_display_name' retrieved from /home/airflow/.local/lib/python3.12/site-packages/airflow/example_dags/example_display_name.py
[2025-04-05T23:45:53.454+0000] {logging_mixin.py:190} INFO - [2025-04-05T23:45:53.454+0000] {dag.py:3239} INFO - Sync 1 DAGs
[2025-04-05T23:45:53.460+0000] {logging_mixin.py:190} INFO - [2025-04-05T23:45:53.460+0000] {dag.py:4180} INFO - Setting next_dagrun for example_display_name to None, run_after=None
[2025-04-05T23:45:53.472+0000] {processor.py:208} INFO - Processing /home/airflow/.local/lib/python3.12/site-packages/airflow/example_dags/example_display_name.py took 0.035 seconds
[2025-04-05T23:46:44.512+0000] {processor.py:186} INFO - Started process (PID=75) to work on /home/airflow/.local/lib/python3.12/site-packages/airflow/example_dags/example_display_name.py
[2025-04-05T23:46:44.513+0000] {processor.py:914} INFO - Processing file /home/airflow/.local/lib/python3.12/site-packages/airflow/example_dags/example_display_name.py for tasks to queue
[2025-04-05T23:46:44.514+0000] {logging_mixin.py:190} INFO - [2025-04-05T23:46:44.514+0000] {dagbag.py:588} INFO - Filling up the DagBag from /home/airflow/.local/lib/python3.12/site-packages/airflow/example_dags/example_display_name.py
[2025-04-05T23:46:44.520+0000] {processor.py:925} INFO - DAG(s) 'example_display_name' retrieved from /home/airflow/.local/lib/python3.12/site-packages/airflow/example_dags/example_display_name.py
[2025-04-05T23:46:44.673+0000] {logging_mixin.py:190} INFO - [2025-04-05T23:46:44.673+0000] {dag.py:3239} INFO - Sync 1 DAGs
[2025-04-05T23:46:44.678+0000] {logging_mixin.py:190} INFO - [2025-04-05T23:46:44.678+0000] {dag.py:4180} INFO - Setting next_dagrun for example_display_name to None, run_after=None
[2025-04-05T23:46:44.690+0000] {processor.py:208} INFO - Processing /home/airflow/.local/lib/python3.12/site-packages/airflow/example_dags/example_display_name.py took 0.182 seconds
[2025-04-05T23:47:15.572+0000] {processor.py:186} INFO - Started process (PID=138) to work on /home/airflow/.local/lib/python3.12/site-packages/airflow/example_dags/example_display_name.py
[2025-04-05T23:47:15.578+0000] {processor.py:914} INFO - Processing file /home/airflow/.local/lib/python3.12/site-packages/airflow/example_dags/example_display_name.py for tasks to queue
[2025-04-05T23:47:15.580+0000] {logging_mixin.py:190} INFO - [2025-04-05T23:47:15.580+0000] {dagbag.py:588} INFO - Filling up the DagBag from /home/airflow/.local/lib/python3.12/site-packages/airflow/example_dags/example_display_name.py
[2025-04-05T23:47:15.586+0000] {processor.py:925} INFO - DAG(s) 'example_display_name' retrieved from /home/airflow/.local/lib/python3.12/site-packages/airflow/example_dags/example_display_name.py
[2025-04-05T23:47:15.606+0000] {logging_mixin.py:190} INFO - [2025-04-05T23:47:15.605+0000] {dag.py:3239} INFO - Sync 1 DAGs
[2025-04-05T23:47:15.619+0000] {logging_mixin.py:190} INFO - [2025-04-05T23:47:15.619+0000] {dag.py:4180} INFO - Setting next_dagrun for example_display_name to None, run_after=None
[2025-04-05T23:47:15.634+0000] {processor.py:208} INFO - Processing /home/airflow/.local/lib/python3.12/site-packages/airflow/example_dags/example_display_name.py took 0.070 seconds
[2025-04-05T23:47:45.763+0000] {processor.py:186} INFO - Started process (PID=202) to work on /home/airflow/.local/lib/python3.12/site-packages/airflow/example_dags/example_display_name.py
[2025-04-05T23:47:45.765+0000] {processor.py:914} INFO - Processing file /home/airflow/.local/lib/python3.12/site-packages/airflow/example_dags/example_display_name.py for tasks to queue
[2025-04-05T23:47:45.766+0000] {logging_mixin.py:190} INFO - [2025-04-05T23:47:45.766+0000] {dagbag.py:588} INFO - Filling up the DagBag from /home/airflow/.local/lib/python3.12/site-packages/airflow/example_dags/example_display_name.py
[2025-04-05T23:47:45.775+0000] {processor.py:925} INFO - DAG(s) 'example_display_name' retrieved from /home/airflow/.local/lib/python3.12/site-packages/airflow/example_dags/example_display_name.py
[2025-04-05T23:47:45.789+0000] {logging_mixin.py:190} INFO - [2025-04-05T23:47:45.788+0000] {dag.py:3239} INFO - Sync 1 DAGs
[2025-04-05T23:47:45.800+0000] {logging_mixin.py:190} INFO - [2025-04-05T23:47:45.800+0000] {dag.py:4180} INFO - Setting next_dagrun for example_display_name to None, run_after=None
[2025-04-05T23:47:45.810+0000] {processor.py:208} INFO - Processing /home/airflow/.local/lib/python3.12/site-packages/airflow/example_dags/example_display_name.py took 0.051 seconds
[2025-04-05T23:48:16.032+0000] {processor.py:186} INFO - Started process (PID=266) to work on /home/airflow/.local/lib/python3.12/site-packages/airflow/example_dags/example_display_name.py
[2025-04-05T23:48:16.036+0000] {processor.py:914} INFO - Processing file /home/airflow/.local/lib/python3.12/site-packages/airflow/example_dags/example_display_name.py for tasks to queue
[2025-04-05T23:48:16.042+0000] {logging_mixin.py:190} INFO - [2025-04-05T23:48:16.041+0000] {dagbag.py:588} INFO - Filling up the DagBag from /home/airflow/.local/lib/python3.12/site-packages/airflow/example_dags/example_display_name.py
[2025-04-05T23:48:16.048+0000] {processor.py:925} INFO - DAG(s) 'example_display_name' retrieved from /home/airflow/.local/lib/python3.12/site-packages/airflow/example_dags/example_display_name.py
[2025-04-05T23:48:16.064+0000] {logging_mixin.py:190} INFO - [2025-04-05T23:48:16.064+0000] {dag.py:3239} INFO - Sync 1 DAGs
[2025-04-05T23:48:16.073+0000] {logging_mixin.py:190} INFO - [2025-04-05T23:48:16.073+0000] {dag.py:4180} INFO - Setting next_dagrun for example_display_name to None, run_after=None
[2025-04-05T23:48:16.085+0000] {processor.py:208} INFO - Processing /home/airflow/.local/lib/python3.12/site-packages/airflow/example_dags/example_display_name.py took 0.058 seconds
[2025-04-05T23:48:46.471+0000] {processor.py:186} INFO - Started process (PID=330) to work on /home/airflow/.local/lib/python3.12/site-packages/airflow/example_dags/example_display_name.py
[2025-04-05T23:48:46.476+0000] {processor.py:914} INFO - Processing file /home/airflow/.local/lib/python3.12/site-packages/airflow/example_dags/example_display_name.py for tasks to queue
[2025-04-05T23:48:46.479+0000] {logging_mixin.py:190} INFO - [2025-04-05T23:48:46.479+0000] {dagbag.py:588} INFO - Filling up the DagBag from /home/airflow/.local/lib/python3.12/site-packages/airflow/example_dags/example_display_name.py
[2025-04-05T23:48:46.484+0000] {processor.py:925} INFO - DAG(s) 'example_display_name' retrieved from /home/airflow/.local/lib/python3.12/site-packages/airflow/example_dags/example_display_name.py
[2025-04-05T23:48:46.497+0000] {logging_mixin.py:190} INFO - [2025-04-05T23:48:46.497+0000] {dag.py:3239} INFO - Sync 1 DAGs
[2025-04-05T23:48:46.505+0000] {logging_mixin.py:190} INFO - [2025-04-05T23:48:46.505+0000] {dag.py:4180} INFO - Setting next_dagrun for example_display_name to None, run_after=None
[2025-04-05T23:48:46.518+0000] {processor.py:208} INFO - Processing /home/airflow/.local/lib/python3.12/site-packages/airflow/example_dags/example_display_name.py took 0.053 seconds
[2025-04-05T23:49:32.951+0000] {processor.py:186} INFO - Started process (PID=77) to work on /home/airflow/.local/lib/python3.12/site-packages/airflow/example_dags/example_display_name.py
[2025-04-05T23:49:32.952+0000] {processor.py:914} INFO - Processing file /home/airflow/.local/lib/python3.12/site-packages/airflow/example_dags/example_display_name.py for tasks to queue
[2025-04-05T23:49:32.953+0000] {logging_mixin.py:190} INFO - [2025-04-05T23:49:32.953+0000] {dagbag.py:588} INFO - Filling up the DagBag from /home/airflow/.local/lib/python3.12/site-packages/airflow/example_dags/example_display_name.py
[2025-04-05T23:49:32.958+0000] {processor.py:925} INFO - DAG(s) 'example_display_name' retrieved from /home/airflow/.local/lib/python3.12/site-packages/airflow/example_dags/example_display_name.py
[2025-04-05T23:49:33.103+0000] {logging_mixin.py:190} INFO - [2025-04-05T23:49:33.102+0000] {dag.py:3239} INFO - Sync 1 DAGs
[2025-04-05T23:49:33.109+0000] {logging_mixin.py:190} INFO - [2025-04-05T23:49:33.109+0000] {dag.py:4180} INFO - Setting next_dagrun for example_display_name to None, run_after=None
[2025-04-05T23:49:33.119+0000] {processor.py:208} INFO - Processing /home/airflow/.local/lib/python3.12/site-packages/airflow/example_dags/example_display_name.py took 0.171 seconds
[2025-04-05T23:50:04.052+0000] {processor.py:186} INFO - Started process (PID=141) to work on /home/airflow/.local/lib/python3.12/site-packages/airflow/example_dags/example_display_name.py
[2025-04-05T23:50:04.056+0000] {processor.py:914} INFO - Processing file /home/airflow/.local/lib/python3.12/site-packages/airflow/example_dags/example_display_name.py for tasks to queue
[2025-04-05T23:50:04.058+0000] {logging_mixin.py:190} INFO - [2025-04-05T23:50:04.058+0000] {dagbag.py:588} INFO - Filling up the DagBag from /home/airflow/.local/lib/python3.12/site-packages/airflow/example_dags/example_display_name.py
[2025-04-05T23:50:04.069+0000] {processor.py:925} INFO - DAG(s) 'example_display_name' retrieved from /home/airflow/.local/lib/python3.12/site-packages/airflow/example_dags/example_display_name.py
[2025-04-05T23:50:04.084+0000] {logging_mixin.py:190} INFO - [2025-04-05T23:50:04.084+0000] {dag.py:3239} INFO - Sync 1 DAGs
[2025-04-05T23:50:04.092+0000] {logging_mixin.py:190} INFO - [2025-04-05T23:50:04.092+0000] {dag.py:4180} INFO - Setting next_dagrun for example_display_name to None, run_after=None
[2025-04-05T23:50:04.105+0000] {processor.py:208} INFO - Processing /home/airflow/.local/lib/python3.12/site-packages/airflow/example_dags/example_display_name.py took 0.061 seconds
[2025-04-05T23:50:34.585+0000] {processor.py:186} INFO - Started process (PID=205) to work on /home/airflow/.local/lib/python3.12/site-packages/airflow/example_dags/example_display_name.py
[2025-04-05T23:50:34.587+0000] {processor.py:914} INFO - Processing file /home/airflow/.local/lib/python3.12/site-packages/airflow/example_dags/example_display_name.py for tasks to queue
[2025-04-05T23:50:34.590+0000] {logging_mixin.py:190} INFO - [2025-04-05T23:50:34.589+0000] {dagbag.py:588} INFO - Filling up the DagBag from /home/airflow/.local/lib/python3.12/site-packages/airflow/example_dags/example_display_name.py
[2025-04-05T23:50:34.596+0000] {processor.py:925} INFO - DAG(s) 'example_display_name' retrieved from /home/airflow/.local/lib/python3.12/site-packages/airflow/example_dags/example_display_name.py
[2025-04-05T23:50:34.616+0000] {logging_mixin.py:190} INFO - [2025-04-05T23:50:34.616+0000] {dag.py:3239} INFO - Sync 1 DAGs
[2025-04-05T23:50:34.626+0000] {logging_mixin.py:190} INFO - [2025-04-05T23:50:34.626+0000] {dag.py:4180} INFO - Setting next_dagrun for example_display_name to None, run_after=None
[2025-04-05T23:50:34.641+0000] {processor.py:208} INFO - Processing /home/airflow/.local/lib/python3.12/site-packages/airflow/example_dags/example_display_name.py took 0.062 seconds
[2025-04-05T23:51:04.903+0000] {processor.py:186} INFO - Started process (PID=269) to work on /home/airflow/.local/lib/python3.12/site-packages/airflow/example_dags/example_display_name.py
[2025-04-05T23:51:04.908+0000] {processor.py:914} INFO - Processing file /home/airflow/.local/lib/python3.12/site-packages/airflow/example_dags/example_display_name.py for tasks to queue
[2025-04-05T23:51:04.910+0000] {logging_mixin.py:190} INFO - [2025-04-05T23:51:04.910+0000] {dagbag.py:588} INFO - Filling up the DagBag from /home/airflow/.local/lib/python3.12/site-packages/airflow/example_dags/example_display_name.py
[2025-04-05T23:51:04.917+0000] {processor.py:925} INFO - DAG(s) 'example_display_name' retrieved from /home/airflow/.local/lib/python3.12/site-packages/airflow/example_dags/example_display_name.py
[2025-04-05T23:51:04.934+0000] {logging_mixin.py:190} INFO - [2025-04-05T23:51:04.934+0000] {dag.py:3239} INFO - Sync 1 DAGs
[2025-04-05T23:51:04.945+0000] {logging_mixin.py:190} INFO - [2025-04-05T23:51:04.945+0000] {dag.py:4180} INFO - Setting next_dagrun for example_display_name to None, run_after=None
[2025-04-05T23:51:04.957+0000] {processor.py:208} INFO - Processing /home/airflow/.local/lib/python3.12/site-packages/airflow/example_dags/example_display_name.py took 0.061 seconds
[2025-04-05T23:51:35.303+0000] {processor.py:186} INFO - Started process (PID=333) to work on /home/airflow/.local/lib/python3.12/site-packages/airflow/example_dags/example_display_name.py
[2025-04-05T23:51:35.304+0000] {processor.py:914} INFO - Processing file /home/airflow/.local/lib/python3.12/site-packages/airflow/example_dags/example_display_name.py for tasks to queue
[2025-04-05T23:51:35.307+0000] {logging_mixin.py:190} INFO - [2025-04-05T23:51:35.307+0000] {dagbag.py:588} INFO - Filling up the DagBag from /home/airflow/.local/lib/python3.12/site-packages/airflow/example_dags/example_display_name.py
[2025-04-05T23:51:35.314+0000] {processor.py:925} INFO - DAG(s) 'example_display_name' retrieved from /home/airflow/.local/lib/python3.12/site-packages/airflow/example_dags/example_display_name.py
[2025-04-05T23:51:35.334+0000] {logging_mixin.py:190} INFO - [2025-04-05T23:51:35.334+0000] {dag.py:3239} INFO - Sync 1 DAGs
[2025-04-05T23:51:35.342+0000] {logging_mixin.py:190} INFO - [2025-04-05T23:51:35.342+0000] {dag.py:4180} INFO - Setting next_dagrun for example_display_name to None, run_after=None
[2025-04-05T23:51:35.359+0000] {processor.py:208} INFO - Processing /home/airflow/.local/lib/python3.12/site-packages/airflow/example_dags/example_display_name.py took 0.061 seconds
[2025-04-05T23:52:05.659+0000] {processor.py:186} INFO - Started process (PID=397) to work on /home/airflow/.local/lib/python3.12/site-packages/airflow/example_dags/example_display_name.py
[2025-04-05T23:52:05.661+0000] {processor.py:914} INFO - Processing file /home/airflow/.local/lib/python3.12/site-packages/airflow/example_dags/example_display_name.py for tasks to queue
[2025-04-05T23:52:05.662+0000] {logging_mixin.py:190} INFO - [2025-04-05T23:52:05.662+0000] {dagbag.py:588} INFO - Filling up the DagBag from /home/airflow/.local/lib/python3.12/site-packages/airflow/example_dags/example_display_name.py
[2025-04-05T23:52:05.669+0000] {processor.py:925} INFO - DAG(s) 'example_display_name' retrieved from /home/airflow/.local/lib/python3.12/site-packages/airflow/example_dags/example_display_name.py
[2025-04-05T23:52:05.681+0000] {logging_mixin.py:190} INFO - [2025-04-05T23:52:05.681+0000] {dag.py:3239} INFO - Sync 1 DAGs
[2025-04-05T23:52:05.691+0000] {logging_mixin.py:190} INFO - [2025-04-05T23:52:05.691+0000] {dag.py:4180} INFO - Setting next_dagrun for example_display_name to None, run_after=None
[2025-04-05T23:52:05.703+0000] {processor.py:208} INFO - Processing /home/airflow/.local/lib/python3.12/site-packages/airflow/example_dags/example_display_name.py took 0.047 seconds
[2025-04-05T23:53:01.954+0000] {processor.py:186} INFO - Started process (PID=77) to work on /home/airflow/.local/lib/python3.12/site-packages/airflow/example_dags/example_display_name.py
[2025-04-05T23:53:01.955+0000] {processor.py:914} INFO - Processing file /home/airflow/.local/lib/python3.12/site-packages/airflow/example_dags/example_display_name.py for tasks to queue
[2025-04-05T23:53:01.956+0000] {logging_mixin.py:190} INFO - [2025-04-05T23:53:01.956+0000] {dagbag.py:588} INFO - Filling up the DagBag from /home/airflow/.local/lib/python3.12/site-packages/airflow/example_dags/example_display_name.py
[2025-04-05T23:53:01.960+0000] {processor.py:925} INFO - DAG(s) 'example_display_name' retrieved from /home/airflow/.local/lib/python3.12/site-packages/airflow/example_dags/example_display_name.py
[2025-04-05T23:53:01.975+0000] {logging_mixin.py:190} INFO - [2025-04-05T23:53:01.975+0000] {dag.py:3239} INFO - Sync 1 DAGs
[2025-04-05T23:53:01.981+0000] {logging_mixin.py:190} INFO - [2025-04-05T23:53:01.981+0000] {dag.py:4180} INFO - Setting next_dagrun for example_display_name to None, run_after=None
[2025-04-05T23:53:01.995+0000] {processor.py:208} INFO - Processing /home/airflow/.local/lib/python3.12/site-packages/airflow/example_dags/example_display_name.py took 0.043 seconds
[2025-04-05T23:53:50.266+0000] {processor.py:186} INFO - Started process (PID=76) to work on /home/airflow/.local/lib/python3.12/site-packages/airflow/example_dags/example_display_name.py
[2025-04-05T23:53:50.267+0000] {processor.py:914} INFO - Processing file /home/airflow/.local/lib/python3.12/site-packages/airflow/example_dags/example_display_name.py for tasks to queue
[2025-04-05T23:53:50.268+0000] {logging_mixin.py:190} INFO - [2025-04-05T23:53:50.268+0000] {dagbag.py:588} INFO - Filling up the DagBag from /home/airflow/.local/lib/python3.12/site-packages/airflow/example_dags/example_display_name.py
[2025-04-05T23:53:50.273+0000] {processor.py:925} INFO - DAG(s) 'example_display_name' retrieved from /home/airflow/.local/lib/python3.12/site-packages/airflow/example_dags/example_display_name.py
[2025-04-05T23:53:50.427+0000] {logging_mixin.py:190} INFO - [2025-04-05T23:53:50.427+0000] {dag.py:3239} INFO - Sync 1 DAGs
[2025-04-05T23:53:50.433+0000] {logging_mixin.py:190} INFO - [2025-04-05T23:53:50.433+0000] {dag.py:4180} INFO - Setting next_dagrun for example_display_name to None, run_after=None
[2025-04-05T23:53:50.440+0000] {processor.py:208} INFO - Processing /home/airflow/.local/lib/python3.12/site-packages/airflow/example_dags/example_display_name.py took 0.177 seconds
[2025-04-05T23:54:21.257+0000] {processor.py:186} INFO - Started process (PID=140) to work on /home/airflow/.local/lib/python3.12/site-packages/airflow/example_dags/example_display_name.py
[2025-04-05T23:54:21.258+0000] {processor.py:914} INFO - Processing file /home/airflow/.local/lib/python3.12/site-packages/airflow/example_dags/example_display_name.py for tasks to queue
[2025-04-05T23:54:21.259+0000] {logging_mixin.py:190} INFO - [2025-04-05T23:54:21.259+0000] {dagbag.py:588} INFO - Filling up the DagBag from /home/airflow/.local/lib/python3.12/site-packages/airflow/example_dags/example_display_name.py
[2025-04-05T23:54:21.264+0000] {processor.py:925} INFO - DAG(s) 'example_display_name' retrieved from /home/airflow/.local/lib/python3.12/site-packages/airflow/example_dags/example_display_name.py
[2025-04-05T23:54:21.275+0000] {logging_mixin.py:190} INFO - [2025-04-05T23:54:21.275+0000] {dag.py:3239} INFO - Sync 1 DAGs
[2025-04-05T23:54:21.282+0000] {logging_mixin.py:190} INFO - [2025-04-05T23:54:21.282+0000] {dag.py:4180} INFO - Setting next_dagrun for example_display_name to None, run_after=None
[2025-04-05T23:54:21.293+0000] {processor.py:208} INFO - Processing /home/airflow/.local/lib/python3.12/site-packages/airflow/example_dags/example_display_name.py took 0.039 seconds
[2025-04-05T23:55:52.523+0000] {processor.py:186} INFO - Started process (PID=78) to work on /home/airflow/.local/lib/python3.12/site-packages/airflow/example_dags/example_display_name.py
[2025-04-05T23:55:52.524+0000] {processor.py:914} INFO - Processing file /home/airflow/.local/lib/python3.12/site-packages/airflow/example_dags/example_display_name.py for tasks to queue
[2025-04-05T23:55:52.525+0000] {logging_mixin.py:190} INFO - [2025-04-05T23:55:52.524+0000] {dagbag.py:588} INFO - Filling up the DagBag from /home/airflow/.local/lib/python3.12/site-packages/airflow/example_dags/example_display_name.py
[2025-04-05T23:55:52.528+0000] {processor.py:925} INFO - DAG(s) 'example_display_name' retrieved from /home/airflow/.local/lib/python3.12/site-packages/airflow/example_dags/example_display_name.py
[2025-04-05T23:55:52.542+0000] {logging_mixin.py:190} INFO - [2025-04-05T23:55:52.541+0000] {dag.py:3239} INFO - Sync 1 DAGs
[2025-04-05T23:55:52.549+0000] {logging_mixin.py:190} INFO - [2025-04-05T23:55:52.549+0000] {dag.py:4180} INFO - Setting next_dagrun for example_display_name to None, run_after=None
[2025-04-05T23:55:52.561+0000] {processor.py:208} INFO - Processing /home/airflow/.local/lib/python3.12/site-packages/airflow/example_dags/example_display_name.py took 0.041 seconds
[2025-04-05T23:56:22.975+0000] {processor.py:186} INFO - Started process (PID=148) to work on /home/airflow/.local/lib/python3.12/site-packages/airflow/example_dags/example_display_name.py
[2025-04-05T23:56:22.975+0000] {processor.py:914} INFO - Processing file /home/airflow/.local/lib/python3.12/site-packages/airflow/example_dags/example_display_name.py for tasks to queue
[2025-04-05T23:56:22.976+0000] {logging_mixin.py:190} INFO - [2025-04-05T23:56:22.976+0000] {dagbag.py:588} INFO - Filling up the DagBag from /home/airflow/.local/lib/python3.12/site-packages/airflow/example_dags/example_display_name.py
[2025-04-05T23:56:22.980+0000] {processor.py:925} INFO - DAG(s) 'example_display_name' retrieved from /home/airflow/.local/lib/python3.12/site-packages/airflow/example_dags/example_display_name.py
[2025-04-05T23:56:22.991+0000] {logging_mixin.py:190} INFO - [2025-04-05T23:56:22.990+0000] {dag.py:3239} INFO - Sync 1 DAGs
[2025-04-05T23:56:22.998+0000] {logging_mixin.py:190} INFO - [2025-04-05T23:56:22.998+0000] {dag.py:4180} INFO - Setting next_dagrun for example_display_name to None, run_after=None
[2025-04-05T23:56:23.005+0000] {processor.py:208} INFO - Processing /home/airflow/.local/lib/python3.12/site-packages/airflow/example_dags/example_display_name.py took 0.033 seconds
