[2025-04-05T20:06:53.569+0000] {processor.py:186} INFO - Started process (PID=81) to work on /home/airflow/.local/lib/python3.12/site-packages/airflow/example_dags/example_task_group.py
[2025-04-05T20:06:53.573+0000] {processor.py:914} INFO - Processing file /home/airflow/.local/lib/python3.12/site-packages/airflow/example_dags/example_task_group.py for tasks to queue
[2025-04-05T20:06:53.574+0000] {logging_mixin.py:190} INFO - [2025-04-05T20:06:53.574+0000] {dagbag.py:588} INFO - Filling up the DagBag from /home/airflow/.local/lib/python3.12/site-packages/airflow/example_dags/example_task_group.py
[2025-04-05T20:06:53.580+0000] {processor.py:925} INFO - DAG(s) 'example_task_group' retrieved from /home/airflow/.local/lib/python3.12/site-packages/airflow/example_dags/example_task_group.py
[2025-04-05T20:06:53.628+0000] {logging_mixin.py:190} INFO - [2025-04-05T20:06:53.627+0000] {override.py:1912} INFO - Created Permission View: can edit on DAG:example_task_group
[2025-04-05T20:06:53.631+0000] {logging_mixin.py:190} INFO - [2025-04-05T20:06:53.631+0000] {override.py:1912} INFO - Created Permission View: can read on DAG:example_task_group
[2025-04-05T20:06:53.633+0000] {logging_mixin.py:190} INFO - [2025-04-05T20:06:53.633+0000] {override.py:1912} INFO - Created Permission View: can delete on DAG:example_task_group
[2025-04-05T20:06:53.636+0000] {logging_mixin.py:190} INFO - [2025-04-05T20:06:53.636+0000] {override.py:1912} INFO - Created Permission View: can create on DAG Run:example_task_group
[2025-04-05T20:06:53.638+0000] {logging_mixin.py:190} INFO - [2025-04-05T20:06:53.638+0000] {override.py:1912} INFO - Created Permission View: can read on DAG Run:example_task_group
[2025-04-05T20:06:53.642+0000] {logging_mixin.py:190} INFO - [2025-04-05T20:06:53.641+0000] {override.py:1912} INFO - Created Permission View: can delete on DAG Run:example_task_group
[2025-04-05T20:06:53.644+0000] {logging_mixin.py:190} INFO - [2025-04-05T20:06:53.644+0000] {override.py:1912} INFO - Created Permission View: menu access on DAG Run:example_task_group
[2025-04-05T20:06:53.644+0000] {logging_mixin.py:190} INFO - [2025-04-05T20:06:53.644+0000] {dag.py:3239} INFO - Sync 1 DAGs
[2025-04-05T20:06:53.649+0000] {logging_mixin.py:190} INFO - [2025-04-05T20:06:53.649+0000] {dag.py:3262} INFO - Creating ORM DAG for example_task_group
[2025-04-05T20:06:53.651+0000] {logging_mixin.py:190} INFO - [2025-04-05T20:06:53.651+0000] {dag.py:4180} INFO - Setting next_dagrun for example_task_group to None, run_after=None
[2025-04-05T20:06:53.659+0000] {processor.py:208} INFO - Processing /home/airflow/.local/lib/python3.12/site-packages/airflow/example_dags/example_task_group.py took 0.092 seconds
[2025-04-05T20:07:24.341+0000] {processor.py:186} INFO - Started process (PID=150) to work on /home/airflow/.local/lib/python3.12/site-packages/airflow/example_dags/example_task_group.py
[2025-04-05T20:07:24.345+0000] {processor.py:914} INFO - Processing file /home/airflow/.local/lib/python3.12/site-packages/airflow/example_dags/example_task_group.py for tasks to queue
[2025-04-05T20:07:24.346+0000] {logging_mixin.py:190} INFO - [2025-04-05T20:07:24.346+0000] {dagbag.py:588} INFO - Filling up the DagBag from /home/airflow/.local/lib/python3.12/site-packages/airflow/example_dags/example_task_group.py
[2025-04-05T20:07:24.350+0000] {processor.py:925} INFO - DAG(s) 'example_task_group' retrieved from /home/airflow/.local/lib/python3.12/site-packages/airflow/example_dags/example_task_group.py
[2025-04-05T20:07:24.359+0000] {logging_mixin.py:190} INFO - [2025-04-05T20:07:24.359+0000] {dag.py:3239} INFO - Sync 1 DAGs
[2025-04-05T20:07:24.365+0000] {logging_mixin.py:190} INFO - [2025-04-05T20:07:24.365+0000] {dag.py:4180} INFO - Setting next_dagrun for example_task_group to None, run_after=None
[2025-04-05T20:07:24.373+0000] {processor.py:208} INFO - Processing /home/airflow/.local/lib/python3.12/site-packages/airflow/example_dags/example_task_group.py took 0.034 seconds
[2025-04-05T20:07:55.167+0000] {processor.py:186} INFO - Started process (PID=213) to work on /home/airflow/.local/lib/python3.12/site-packages/airflow/example_dags/example_task_group.py
[2025-04-05T20:07:55.171+0000] {processor.py:914} INFO - Processing file /home/airflow/.local/lib/python3.12/site-packages/airflow/example_dags/example_task_group.py for tasks to queue
[2025-04-05T20:07:55.172+0000] {logging_mixin.py:190} INFO - [2025-04-05T20:07:55.172+0000] {dagbag.py:588} INFO - Filling up the DagBag from /home/airflow/.local/lib/python3.12/site-packages/airflow/example_dags/example_task_group.py
[2025-04-05T20:07:55.176+0000] {processor.py:925} INFO - DAG(s) 'example_task_group' retrieved from /home/airflow/.local/lib/python3.12/site-packages/airflow/example_dags/example_task_group.py
[2025-04-05T20:07:55.185+0000] {logging_mixin.py:190} INFO - [2025-04-05T20:07:55.185+0000] {dag.py:3239} INFO - Sync 1 DAGs
[2025-04-05T20:07:55.190+0000] {logging_mixin.py:190} INFO - [2025-04-05T20:07:55.190+0000] {dag.py:4180} INFO - Setting next_dagrun for example_task_group to None, run_after=None
[2025-04-05T20:07:55.199+0000] {processor.py:208} INFO - Processing /home/airflow/.local/lib/python3.12/site-packages/airflow/example_dags/example_task_group.py took 0.035 seconds
[2025-04-05T20:08:25.816+0000] {processor.py:186} INFO - Started process (PID=276) to work on /home/airflow/.local/lib/python3.12/site-packages/airflow/example_dags/example_task_group.py
[2025-04-05T20:08:25.817+0000] {processor.py:914} INFO - Processing file /home/airflow/.local/lib/python3.12/site-packages/airflow/example_dags/example_task_group.py for tasks to queue
[2025-04-05T20:08:25.818+0000] {logging_mixin.py:190} INFO - [2025-04-05T20:08:25.818+0000] {dagbag.py:588} INFO - Filling up the DagBag from /home/airflow/.local/lib/python3.12/site-packages/airflow/example_dags/example_task_group.py
[2025-04-05T20:08:25.822+0000] {processor.py:925} INFO - DAG(s) 'example_task_group' retrieved from /home/airflow/.local/lib/python3.12/site-packages/airflow/example_dags/example_task_group.py
[2025-04-05T20:08:25.832+0000] {logging_mixin.py:190} INFO - [2025-04-05T20:08:25.832+0000] {dag.py:3239} INFO - Sync 1 DAGs
[2025-04-05T20:08:25.838+0000] {logging_mixin.py:190} INFO - [2025-04-05T20:08:25.838+0000] {dag.py:4180} INFO - Setting next_dagrun for example_task_group to None, run_after=None
[2025-04-05T20:08:25.850+0000] {processor.py:208} INFO - Processing /home/airflow/.local/lib/python3.12/site-packages/airflow/example_dags/example_task_group.py took 0.036 seconds
[2025-04-05T23:17:35.941+0000] {processor.py:186} INFO - Started process (PID=80) to work on /home/airflow/.local/lib/python3.12/site-packages/airflow/example_dags/example_task_group.py
[2025-04-05T23:17:35.944+0000] {processor.py:914} INFO - Processing file /home/airflow/.local/lib/python3.12/site-packages/airflow/example_dags/example_task_group.py for tasks to queue
[2025-04-05T23:17:35.946+0000] {logging_mixin.py:190} INFO - [2025-04-05T23:17:35.946+0000] {dagbag.py:588} INFO - Filling up the DagBag from /home/airflow/.local/lib/python3.12/site-packages/airflow/example_dags/example_task_group.py
[2025-04-05T23:17:35.951+0000] {processor.py:925} INFO - DAG(s) 'example_task_group' retrieved from /home/airflow/.local/lib/python3.12/site-packages/airflow/example_dags/example_task_group.py
[2025-04-05T23:17:35.968+0000] {logging_mixin.py:190} INFO - [2025-04-05T23:17:35.968+0000] {dag.py:3239} INFO - Sync 1 DAGs
[2025-04-05T23:17:35.975+0000] {logging_mixin.py:190} INFO - [2025-04-05T23:17:35.975+0000] {dag.py:4180} INFO - Setting next_dagrun for example_task_group to None, run_after=None
[2025-04-05T23:17:35.990+0000] {processor.py:208} INFO - Processing /home/airflow/.local/lib/python3.12/site-packages/airflow/example_dags/example_task_group.py took 0.052 seconds
[2025-04-05T23:18:02.969+0000] {processor.py:186} INFO - Started process (PID=81) to work on /home/airflow/.local/lib/python3.12/site-packages/airflow/example_dags/example_task_group.py
[2025-04-05T23:18:02.970+0000] {processor.py:914} INFO - Processing file /home/airflow/.local/lib/python3.12/site-packages/airflow/example_dags/example_task_group.py for tasks to queue
[2025-04-05T23:18:02.972+0000] {logging_mixin.py:190} INFO - [2025-04-05T23:18:02.972+0000] {dagbag.py:588} INFO - Filling up the DagBag from /home/airflow/.local/lib/python3.12/site-packages/airflow/example_dags/example_task_group.py
[2025-04-05T23:18:03.106+0000] {processor.py:925} INFO - DAG(s) 'example_task_group' retrieved from /home/airflow/.local/lib/python3.12/site-packages/airflow/example_dags/example_task_group.py
[2025-04-05T23:18:03.126+0000] {logging_mixin.py:190} INFO - [2025-04-05T23:18:03.126+0000] {dag.py:3239} INFO - Sync 1 DAGs
[2025-04-05T23:18:03.132+0000] {logging_mixin.py:190} INFO - [2025-04-05T23:18:03.131+0000] {dag.py:4180} INFO - Setting next_dagrun for example_task_group to None, run_after=None
[2025-04-05T23:18:03.143+0000] {processor.py:208} INFO - Processing /home/airflow/.local/lib/python3.12/site-packages/airflow/example_dags/example_task_group.py took 0.177 seconds
[2025-04-05T23:18:33.603+0000] {processor.py:186} INFO - Started process (PID=145) to work on /home/airflow/.local/lib/python3.12/site-packages/airflow/example_dags/example_task_group.py
[2025-04-05T23:18:33.604+0000] {processor.py:914} INFO - Processing file /home/airflow/.local/lib/python3.12/site-packages/airflow/example_dags/example_task_group.py for tasks to queue
[2025-04-05T23:18:33.605+0000] {logging_mixin.py:190} INFO - [2025-04-05T23:18:33.605+0000] {dagbag.py:588} INFO - Filling up the DagBag from /home/airflow/.local/lib/python3.12/site-packages/airflow/example_dags/example_task_group.py
[2025-04-05T23:18:33.610+0000] {processor.py:925} INFO - DAG(s) 'example_task_group' retrieved from /home/airflow/.local/lib/python3.12/site-packages/airflow/example_dags/example_task_group.py
[2025-04-05T23:18:33.620+0000] {logging_mixin.py:190} INFO - [2025-04-05T23:18:33.620+0000] {dag.py:3239} INFO - Sync 1 DAGs
[2025-04-05T23:18:33.627+0000] {logging_mixin.py:190} INFO - [2025-04-05T23:18:33.627+0000] {dag.py:4180} INFO - Setting next_dagrun for example_task_group to None, run_after=None
[2025-04-05T23:18:33.637+0000] {processor.py:208} INFO - Processing /home/airflow/.local/lib/python3.12/site-packages/airflow/example_dags/example_task_group.py took 0.036 seconds
[2025-04-05T23:19:03.800+0000] {processor.py:186} INFO - Started process (PID=209) to work on /home/airflow/.local/lib/python3.12/site-packages/airflow/example_dags/example_task_group.py
[2025-04-05T23:19:03.800+0000] {processor.py:914} INFO - Processing file /home/airflow/.local/lib/python3.12/site-packages/airflow/example_dags/example_task_group.py for tasks to queue
[2025-04-05T23:19:03.801+0000] {logging_mixin.py:190} INFO - [2025-04-05T23:19:03.801+0000] {dagbag.py:588} INFO - Filling up the DagBag from /home/airflow/.local/lib/python3.12/site-packages/airflow/example_dags/example_task_group.py
[2025-04-05T23:19:03.805+0000] {processor.py:925} INFO - DAG(s) 'example_task_group' retrieved from /home/airflow/.local/lib/python3.12/site-packages/airflow/example_dags/example_task_group.py
[2025-04-05T23:19:03.817+0000] {logging_mixin.py:190} INFO - [2025-04-05T23:19:03.817+0000] {dag.py:3239} INFO - Sync 1 DAGs
[2025-04-05T23:19:03.823+0000] {logging_mixin.py:190} INFO - [2025-04-05T23:19:03.823+0000] {dag.py:4180} INFO - Setting next_dagrun for example_task_group to None, run_after=None
[2025-04-05T23:19:03.835+0000] {processor.py:208} INFO - Processing /home/airflow/.local/lib/python3.12/site-packages/airflow/example_dags/example_task_group.py took 0.038 seconds
[2025-04-05T23:19:34.038+0000] {processor.py:186} INFO - Started process (PID=273) to work on /home/airflow/.local/lib/python3.12/site-packages/airflow/example_dags/example_task_group.py
[2025-04-05T23:19:34.039+0000] {processor.py:914} INFO - Processing file /home/airflow/.local/lib/python3.12/site-packages/airflow/example_dags/example_task_group.py for tasks to queue
[2025-04-05T23:19:34.040+0000] {logging_mixin.py:190} INFO - [2025-04-05T23:19:34.040+0000] {dagbag.py:588} INFO - Filling up the DagBag from /home/airflow/.local/lib/python3.12/site-packages/airflow/example_dags/example_task_group.py
[2025-04-05T23:19:34.045+0000] {processor.py:925} INFO - DAG(s) 'example_task_group' retrieved from /home/airflow/.local/lib/python3.12/site-packages/airflow/example_dags/example_task_group.py
[2025-04-05T23:19:34.056+0000] {logging_mixin.py:190} INFO - [2025-04-05T23:19:34.056+0000] {dag.py:3239} INFO - Sync 1 DAGs
[2025-04-05T23:19:34.067+0000] {logging_mixin.py:190} INFO - [2025-04-05T23:19:34.067+0000] {dag.py:4180} INFO - Setting next_dagrun for example_task_group to None, run_after=None
[2025-04-05T23:19:34.077+0000] {processor.py:208} INFO - Processing /home/airflow/.local/lib/python3.12/site-packages/airflow/example_dags/example_task_group.py took 0.041 seconds
[2025-04-05T23:20:04.249+0000] {processor.py:186} INFO - Started process (PID=337) to work on /home/airflow/.local/lib/python3.12/site-packages/airflow/example_dags/example_task_group.py
[2025-04-05T23:20:04.250+0000] {processor.py:914} INFO - Processing file /home/airflow/.local/lib/python3.12/site-packages/airflow/example_dags/example_task_group.py for tasks to queue
[2025-04-05T23:20:04.251+0000] {logging_mixin.py:190} INFO - [2025-04-05T23:20:04.250+0000] {dagbag.py:588} INFO - Filling up the DagBag from /home/airflow/.local/lib/python3.12/site-packages/airflow/example_dags/example_task_group.py
[2025-04-05T23:20:04.255+0000] {processor.py:925} INFO - DAG(s) 'example_task_group' retrieved from /home/airflow/.local/lib/python3.12/site-packages/airflow/example_dags/example_task_group.py
[2025-04-05T23:20:04.272+0000] {logging_mixin.py:190} INFO - [2025-04-05T23:20:04.272+0000] {dag.py:3239} INFO - Sync 1 DAGs
[2025-04-05T23:20:04.279+0000] {logging_mixin.py:190} INFO - [2025-04-05T23:20:04.279+0000] {dag.py:4180} INFO - Setting next_dagrun for example_task_group to None, run_after=None
[2025-04-05T23:20:04.291+0000] {processor.py:208} INFO - Processing /home/airflow/.local/lib/python3.12/site-packages/airflow/example_dags/example_task_group.py took 0.045 seconds
[2025-04-05T23:20:34.532+0000] {processor.py:186} INFO - Started process (PID=401) to work on /home/airflow/.local/lib/python3.12/site-packages/airflow/example_dags/example_task_group.py
[2025-04-05T23:20:34.532+0000] {processor.py:914} INFO - Processing file /home/airflow/.local/lib/python3.12/site-packages/airflow/example_dags/example_task_group.py for tasks to queue
[2025-04-05T23:20:34.534+0000] {logging_mixin.py:190} INFO - [2025-04-05T23:20:34.534+0000] {dagbag.py:588} INFO - Filling up the DagBag from /home/airflow/.local/lib/python3.12/site-packages/airflow/example_dags/example_task_group.py
[2025-04-05T23:20:34.538+0000] {processor.py:925} INFO - DAG(s) 'example_task_group' retrieved from /home/airflow/.local/lib/python3.12/site-packages/airflow/example_dags/example_task_group.py
[2025-04-05T23:20:34.550+0000] {logging_mixin.py:190} INFO - [2025-04-05T23:20:34.549+0000] {dag.py:3239} INFO - Sync 1 DAGs
[2025-04-05T23:20:34.556+0000] {logging_mixin.py:190} INFO - [2025-04-05T23:20:34.556+0000] {dag.py:4180} INFO - Setting next_dagrun for example_task_group to None, run_after=None
[2025-04-05T23:20:34.569+0000] {processor.py:208} INFO - Processing /home/airflow/.local/lib/python3.12/site-packages/airflow/example_dags/example_task_group.py took 0.040 seconds
[2025-04-05T23:21:04.782+0000] {processor.py:186} INFO - Started process (PID=465) to work on /home/airflow/.local/lib/python3.12/site-packages/airflow/example_dags/example_task_group.py
[2025-04-05T23:21:04.784+0000] {processor.py:914} INFO - Processing file /home/airflow/.local/lib/python3.12/site-packages/airflow/example_dags/example_task_group.py for tasks to queue
[2025-04-05T23:21:04.785+0000] {logging_mixin.py:190} INFO - [2025-04-05T23:21:04.785+0000] {dagbag.py:588} INFO - Filling up the DagBag from /home/airflow/.local/lib/python3.12/site-packages/airflow/example_dags/example_task_group.py
[2025-04-05T23:21:04.790+0000] {processor.py:925} INFO - DAG(s) 'example_task_group' retrieved from /home/airflow/.local/lib/python3.12/site-packages/airflow/example_dags/example_task_group.py
[2025-04-05T23:21:04.800+0000] {logging_mixin.py:190} INFO - [2025-04-05T23:21:04.799+0000] {dag.py:3239} INFO - Sync 1 DAGs
[2025-04-05T23:21:04.806+0000] {logging_mixin.py:190} INFO - [2025-04-05T23:21:04.806+0000] {dag.py:4180} INFO - Setting next_dagrun for example_task_group to None, run_after=None
[2025-04-05T23:21:04.819+0000] {processor.py:208} INFO - Processing /home/airflow/.local/lib/python3.12/site-packages/airflow/example_dags/example_task_group.py took 0.039 seconds
[2025-04-05T23:21:35.116+0000] {processor.py:186} INFO - Started process (PID=529) to work on /home/airflow/.local/lib/python3.12/site-packages/airflow/example_dags/example_task_group.py
[2025-04-05T23:21:35.117+0000] {processor.py:914} INFO - Processing file /home/airflow/.local/lib/python3.12/site-packages/airflow/example_dags/example_task_group.py for tasks to queue
[2025-04-05T23:21:35.118+0000] {logging_mixin.py:190} INFO - [2025-04-05T23:21:35.118+0000] {dagbag.py:588} INFO - Filling up the DagBag from /home/airflow/.local/lib/python3.12/site-packages/airflow/example_dags/example_task_group.py
[2025-04-05T23:21:35.122+0000] {processor.py:925} INFO - DAG(s) 'example_task_group' retrieved from /home/airflow/.local/lib/python3.12/site-packages/airflow/example_dags/example_task_group.py
[2025-04-05T23:21:35.133+0000] {logging_mixin.py:190} INFO - [2025-04-05T23:21:35.133+0000] {dag.py:3239} INFO - Sync 1 DAGs
[2025-04-05T23:21:35.139+0000] {logging_mixin.py:190} INFO - [2025-04-05T23:21:35.139+0000] {dag.py:4180} INFO - Setting next_dagrun for example_task_group to None, run_after=None
[2025-04-05T23:21:35.151+0000] {processor.py:208} INFO - Processing /home/airflow/.local/lib/python3.12/site-packages/airflow/example_dags/example_task_group.py took 0.037 seconds
[2025-04-05T23:22:05.370+0000] {processor.py:186} INFO - Started process (PID=593) to work on /home/airflow/.local/lib/python3.12/site-packages/airflow/example_dags/example_task_group.py
[2025-04-05T23:22:05.371+0000] {processor.py:914} INFO - Processing file /home/airflow/.local/lib/python3.12/site-packages/airflow/example_dags/example_task_group.py for tasks to queue
[2025-04-05T23:22:05.372+0000] {logging_mixin.py:190} INFO - [2025-04-05T23:22:05.372+0000] {dagbag.py:588} INFO - Filling up the DagBag from /home/airflow/.local/lib/python3.12/site-packages/airflow/example_dags/example_task_group.py
[2025-04-05T23:22:05.377+0000] {processor.py:925} INFO - DAG(s) 'example_task_group' retrieved from /home/airflow/.local/lib/python3.12/site-packages/airflow/example_dags/example_task_group.py
[2025-04-05T23:22:05.386+0000] {logging_mixin.py:190} INFO - [2025-04-05T23:22:05.386+0000] {dag.py:3239} INFO - Sync 1 DAGs
[2025-04-05T23:22:05.392+0000] {logging_mixin.py:190} INFO - [2025-04-05T23:22:05.391+0000] {dag.py:4180} INFO - Setting next_dagrun for example_task_group to None, run_after=None
[2025-04-05T23:22:05.398+0000] {processor.py:208} INFO - Processing /home/airflow/.local/lib/python3.12/site-packages/airflow/example_dags/example_task_group.py took 0.031 seconds
[2025-04-05T23:22:35.567+0000] {processor.py:186} INFO - Started process (PID=657) to work on /home/airflow/.local/lib/python3.12/site-packages/airflow/example_dags/example_task_group.py
[2025-04-05T23:22:35.567+0000] {processor.py:914} INFO - Processing file /home/airflow/.local/lib/python3.12/site-packages/airflow/example_dags/example_task_group.py for tasks to queue
[2025-04-05T23:22:35.568+0000] {logging_mixin.py:190} INFO - [2025-04-05T23:22:35.568+0000] {dagbag.py:588} INFO - Filling up the DagBag from /home/airflow/.local/lib/python3.12/site-packages/airflow/example_dags/example_task_group.py
[2025-04-05T23:22:35.573+0000] {processor.py:925} INFO - DAG(s) 'example_task_group' retrieved from /home/airflow/.local/lib/python3.12/site-packages/airflow/example_dags/example_task_group.py
[2025-04-05T23:22:35.584+0000] {logging_mixin.py:190} INFO - [2025-04-05T23:22:35.584+0000] {dag.py:3239} INFO - Sync 1 DAGs
[2025-04-05T23:22:35.591+0000] {logging_mixin.py:190} INFO - [2025-04-05T23:22:35.591+0000] {dag.py:4180} INFO - Setting next_dagrun for example_task_group to None, run_after=None
[2025-04-05T23:22:35.605+0000] {processor.py:208} INFO - Processing /home/airflow/.local/lib/python3.12/site-packages/airflow/example_dags/example_task_group.py took 0.041 seconds
[2025-04-05T23:23:05.789+0000] {processor.py:186} INFO - Started process (PID=721) to work on /home/airflow/.local/lib/python3.12/site-packages/airflow/example_dags/example_task_group.py
[2025-04-05T23:23:05.790+0000] {processor.py:914} INFO - Processing file /home/airflow/.local/lib/python3.12/site-packages/airflow/example_dags/example_task_group.py for tasks to queue
[2025-04-05T23:23:05.792+0000] {logging_mixin.py:190} INFO - [2025-04-05T23:23:05.792+0000] {dagbag.py:588} INFO - Filling up the DagBag from /home/airflow/.local/lib/python3.12/site-packages/airflow/example_dags/example_task_group.py
[2025-04-05T23:23:05.797+0000] {processor.py:925} INFO - DAG(s) 'example_task_group' retrieved from /home/airflow/.local/lib/python3.12/site-packages/airflow/example_dags/example_task_group.py
[2025-04-05T23:23:05.808+0000] {logging_mixin.py:190} INFO - [2025-04-05T23:23:05.808+0000] {dag.py:3239} INFO - Sync 1 DAGs
[2025-04-05T23:23:05.815+0000] {logging_mixin.py:190} INFO - [2025-04-05T23:23:05.815+0000] {dag.py:4180} INFO - Setting next_dagrun for example_task_group to None, run_after=None
[2025-04-05T23:23:05.829+0000] {processor.py:208} INFO - Processing /home/airflow/.local/lib/python3.12/site-packages/airflow/example_dags/example_task_group.py took 0.043 seconds
[2025-04-05T23:23:36.000+0000] {processor.py:186} INFO - Started process (PID=785) to work on /home/airflow/.local/lib/python3.12/site-packages/airflow/example_dags/example_task_group.py
[2025-04-05T23:23:36.001+0000] {processor.py:914} INFO - Processing file /home/airflow/.local/lib/python3.12/site-packages/airflow/example_dags/example_task_group.py for tasks to queue
[2025-04-05T23:23:36.002+0000] {logging_mixin.py:190} INFO - [2025-04-05T23:23:36.002+0000] {dagbag.py:588} INFO - Filling up the DagBag from /home/airflow/.local/lib/python3.12/site-packages/airflow/example_dags/example_task_group.py
[2025-04-05T23:23:36.006+0000] {processor.py:925} INFO - DAG(s) 'example_task_group' retrieved from /home/airflow/.local/lib/python3.12/site-packages/airflow/example_dags/example_task_group.py
[2025-04-05T23:23:36.015+0000] {logging_mixin.py:190} INFO - [2025-04-05T23:23:36.015+0000] {dag.py:3239} INFO - Sync 1 DAGs
[2025-04-05T23:23:36.021+0000] {logging_mixin.py:190} INFO - [2025-04-05T23:23:36.021+0000] {dag.py:4180} INFO - Setting next_dagrun for example_task_group to None, run_after=None
[2025-04-05T23:23:36.035+0000] {processor.py:208} INFO - Processing /home/airflow/.local/lib/python3.12/site-packages/airflow/example_dags/example_task_group.py took 0.037 seconds
[2025-04-05T23:24:33.031+0000] {processor.py:186} INFO - Started process (PID=80) to work on /home/airflow/.local/lib/python3.12/site-packages/airflow/example_dags/example_task_group.py
[2025-04-05T23:24:33.031+0000] {processor.py:914} INFO - Processing file /home/airflow/.local/lib/python3.12/site-packages/airflow/example_dags/example_task_group.py for tasks to queue
[2025-04-05T23:24:33.033+0000] {logging_mixin.py:190} INFO - [2025-04-05T23:24:33.033+0000] {dagbag.py:588} INFO - Filling up the DagBag from /home/airflow/.local/lib/python3.12/site-packages/airflow/example_dags/example_task_group.py
[2025-04-05T23:24:33.164+0000] {processor.py:925} INFO - DAG(s) 'example_task_group' retrieved from /home/airflow/.local/lib/python3.12/site-packages/airflow/example_dags/example_task_group.py
[2025-04-05T23:24:33.177+0000] {logging_mixin.py:190} INFO - [2025-04-05T23:24:33.177+0000] {dag.py:3239} INFO - Sync 1 DAGs
[2025-04-05T23:24:33.183+0000] {logging_mixin.py:190} INFO - [2025-04-05T23:24:33.182+0000] {dag.py:4180} INFO - Setting next_dagrun for example_task_group to None, run_after=None
[2025-04-05T23:24:33.190+0000] {processor.py:208} INFO - Processing /home/airflow/.local/lib/python3.12/site-packages/airflow/example_dags/example_task_group.py took 0.163 seconds
[2025-04-05T23:25:03.875+0000] {processor.py:186} INFO - Started process (PID=144) to work on /home/airflow/.local/lib/python3.12/site-packages/airflow/example_dags/example_task_group.py
[2025-04-05T23:25:03.877+0000] {processor.py:914} INFO - Processing file /home/airflow/.local/lib/python3.12/site-packages/airflow/example_dags/example_task_group.py for tasks to queue
[2025-04-05T23:25:03.879+0000] {logging_mixin.py:190} INFO - [2025-04-05T23:25:03.879+0000] {dagbag.py:588} INFO - Filling up the DagBag from /home/airflow/.local/lib/python3.12/site-packages/airflow/example_dags/example_task_group.py
[2025-04-05T23:25:03.884+0000] {processor.py:925} INFO - DAG(s) 'example_task_group' retrieved from /home/airflow/.local/lib/python3.12/site-packages/airflow/example_dags/example_task_group.py
[2025-04-05T23:25:03.892+0000] {logging_mixin.py:190} INFO - [2025-04-05T23:25:03.892+0000] {dag.py:3239} INFO - Sync 1 DAGs
[2025-04-05T23:25:03.899+0000] {logging_mixin.py:190} INFO - [2025-04-05T23:25:03.898+0000] {dag.py:4180} INFO - Setting next_dagrun for example_task_group to None, run_after=None
[2025-04-05T23:25:03.913+0000] {processor.py:208} INFO - Processing /home/airflow/.local/lib/python3.12/site-packages/airflow/example_dags/example_task_group.py took 0.041 seconds
[2025-04-05T23:25:33.993+0000] {processor.py:186} INFO - Started process (PID=208) to work on /home/airflow/.local/lib/python3.12/site-packages/airflow/example_dags/example_task_group.py
[2025-04-05T23:25:33.994+0000] {processor.py:914} INFO - Processing file /home/airflow/.local/lib/python3.12/site-packages/airflow/example_dags/example_task_group.py for tasks to queue
[2025-04-05T23:25:33.995+0000] {logging_mixin.py:190} INFO - [2025-04-05T23:25:33.995+0000] {dagbag.py:588} INFO - Filling up the DagBag from /home/airflow/.local/lib/python3.12/site-packages/airflow/example_dags/example_task_group.py
[2025-04-05T23:25:34.000+0000] {processor.py:925} INFO - DAG(s) 'example_task_group' retrieved from /home/airflow/.local/lib/python3.12/site-packages/airflow/example_dags/example_task_group.py
[2025-04-05T23:25:34.009+0000] {logging_mixin.py:190} INFO - [2025-04-05T23:25:34.009+0000] {dag.py:3239} INFO - Sync 1 DAGs
[2025-04-05T23:25:34.015+0000] {logging_mixin.py:190} INFO - [2025-04-05T23:25:34.015+0000] {dag.py:4180} INFO - Setting next_dagrun for example_task_group to None, run_after=None
[2025-04-05T23:25:34.024+0000] {processor.py:208} INFO - Processing /home/airflow/.local/lib/python3.12/site-packages/airflow/example_dags/example_task_group.py took 0.033 seconds
[2025-04-05T23:26:04.452+0000] {processor.py:186} INFO - Started process (PID=272) to work on /home/airflow/.local/lib/python3.12/site-packages/airflow/example_dags/example_task_group.py
[2025-04-05T23:26:04.452+0000] {processor.py:914} INFO - Processing file /home/airflow/.local/lib/python3.12/site-packages/airflow/example_dags/example_task_group.py for tasks to queue
[2025-04-05T23:26:04.454+0000] {logging_mixin.py:190} INFO - [2025-04-05T23:26:04.454+0000] {dagbag.py:588} INFO - Filling up the DagBag from /home/airflow/.local/lib/python3.12/site-packages/airflow/example_dags/example_task_group.py
[2025-04-05T23:26:04.459+0000] {processor.py:925} INFO - DAG(s) 'example_task_group' retrieved from /home/airflow/.local/lib/python3.12/site-packages/airflow/example_dags/example_task_group.py
[2025-04-05T23:26:04.468+0000] {logging_mixin.py:190} INFO - [2025-04-05T23:26:04.468+0000] {dag.py:3239} INFO - Sync 1 DAGs
[2025-04-05T23:26:04.475+0000] {logging_mixin.py:190} INFO - [2025-04-05T23:26:04.475+0000] {dag.py:4180} INFO - Setting next_dagrun for example_task_group to None, run_after=None
[2025-04-05T23:26:04.484+0000] {processor.py:208} INFO - Processing /home/airflow/.local/lib/python3.12/site-packages/airflow/example_dags/example_task_group.py took 0.036 seconds
[2025-04-05T23:26:34.666+0000] {processor.py:186} INFO - Started process (PID=336) to work on /home/airflow/.local/lib/python3.12/site-packages/airflow/example_dags/example_task_group.py
[2025-04-05T23:26:34.668+0000] {processor.py:914} INFO - Processing file /home/airflow/.local/lib/python3.12/site-packages/airflow/example_dags/example_task_group.py for tasks to queue
[2025-04-05T23:26:34.670+0000] {logging_mixin.py:190} INFO - [2025-04-05T23:26:34.670+0000] {dagbag.py:588} INFO - Filling up the DagBag from /home/airflow/.local/lib/python3.12/site-packages/airflow/example_dags/example_task_group.py
[2025-04-05T23:26:34.675+0000] {processor.py:925} INFO - DAG(s) 'example_task_group' retrieved from /home/airflow/.local/lib/python3.12/site-packages/airflow/example_dags/example_task_group.py
[2025-04-05T23:26:34.684+0000] {logging_mixin.py:190} INFO - [2025-04-05T23:26:34.684+0000] {dag.py:3239} INFO - Sync 1 DAGs
[2025-04-05T23:26:34.690+0000] {logging_mixin.py:190} INFO - [2025-04-05T23:26:34.689+0000] {dag.py:4180} INFO - Setting next_dagrun for example_task_group to None, run_after=None
[2025-04-05T23:26:34.701+0000] {processor.py:208} INFO - Processing /home/airflow/.local/lib/python3.12/site-packages/airflow/example_dags/example_task_group.py took 0.037 seconds
[2025-04-05T23:27:04.817+0000] {processor.py:186} INFO - Started process (PID=400) to work on /home/airflow/.local/lib/python3.12/site-packages/airflow/example_dags/example_task_group.py
[2025-04-05T23:27:04.818+0000] {processor.py:914} INFO - Processing file /home/airflow/.local/lib/python3.12/site-packages/airflow/example_dags/example_task_group.py for tasks to queue
[2025-04-05T23:27:04.819+0000] {logging_mixin.py:190} INFO - [2025-04-05T23:27:04.819+0000] {dagbag.py:588} INFO - Filling up the DagBag from /home/airflow/.local/lib/python3.12/site-packages/airflow/example_dags/example_task_group.py
[2025-04-05T23:27:04.824+0000] {processor.py:925} INFO - DAG(s) 'example_task_group' retrieved from /home/airflow/.local/lib/python3.12/site-packages/airflow/example_dags/example_task_group.py
[2025-04-05T23:27:04.835+0000] {logging_mixin.py:190} INFO - [2025-04-05T23:27:04.835+0000] {dag.py:3239} INFO - Sync 1 DAGs
[2025-04-05T23:27:04.841+0000] {logging_mixin.py:190} INFO - [2025-04-05T23:27:04.841+0000] {dag.py:4180} INFO - Setting next_dagrun for example_task_group to None, run_after=None
[2025-04-05T23:27:04.854+0000] {processor.py:208} INFO - Processing /home/airflow/.local/lib/python3.12/site-packages/airflow/example_dags/example_task_group.py took 0.041 seconds
[2025-04-05T23:27:35.072+0000] {processor.py:186} INFO - Started process (PID=464) to work on /home/airflow/.local/lib/python3.12/site-packages/airflow/example_dags/example_task_group.py
[2025-04-05T23:27:35.074+0000] {processor.py:914} INFO - Processing file /home/airflow/.local/lib/python3.12/site-packages/airflow/example_dags/example_task_group.py for tasks to queue
[2025-04-05T23:27:35.075+0000] {logging_mixin.py:190} INFO - [2025-04-05T23:27:35.075+0000] {dagbag.py:588} INFO - Filling up the DagBag from /home/airflow/.local/lib/python3.12/site-packages/airflow/example_dags/example_task_group.py
[2025-04-05T23:27:35.079+0000] {processor.py:925} INFO - DAG(s) 'example_task_group' retrieved from /home/airflow/.local/lib/python3.12/site-packages/airflow/example_dags/example_task_group.py
[2025-04-05T23:27:35.096+0000] {logging_mixin.py:190} INFO - [2025-04-05T23:27:35.096+0000] {dag.py:3239} INFO - Sync 1 DAGs
[2025-04-05T23:27:35.106+0000] {logging_mixin.py:190} INFO - [2025-04-05T23:27:35.106+0000] {dag.py:4180} INFO - Setting next_dagrun for example_task_group to None, run_after=None
[2025-04-05T23:27:35.115+0000] {processor.py:208} INFO - Processing /home/airflow/.local/lib/python3.12/site-packages/airflow/example_dags/example_task_group.py took 0.046 seconds
[2025-04-05T23:28:05.384+0000] {processor.py:186} INFO - Started process (PID=528) to work on /home/airflow/.local/lib/python3.12/site-packages/airflow/example_dags/example_task_group.py
[2025-04-05T23:28:05.385+0000] {processor.py:914} INFO - Processing file /home/airflow/.local/lib/python3.12/site-packages/airflow/example_dags/example_task_group.py for tasks to queue
[2025-04-05T23:28:05.386+0000] {logging_mixin.py:190} INFO - [2025-04-05T23:28:05.386+0000] {dagbag.py:588} INFO - Filling up the DagBag from /home/airflow/.local/lib/python3.12/site-packages/airflow/example_dags/example_task_group.py
[2025-04-05T23:28:05.394+0000] {processor.py:925} INFO - DAG(s) 'example_task_group' retrieved from /home/airflow/.local/lib/python3.12/site-packages/airflow/example_dags/example_task_group.py
[2025-04-05T23:28:05.405+0000] {logging_mixin.py:190} INFO - [2025-04-05T23:28:05.405+0000] {dag.py:3239} INFO - Sync 1 DAGs
[2025-04-05T23:28:05.411+0000] {logging_mixin.py:190} INFO - [2025-04-05T23:28:05.411+0000] {dag.py:4180} INFO - Setting next_dagrun for example_task_group to None, run_after=None
[2025-04-05T23:28:05.421+0000] {processor.py:208} INFO - Processing /home/airflow/.local/lib/python3.12/site-packages/airflow/example_dags/example_task_group.py took 0.039 seconds
[2025-04-05T23:28:35.538+0000] {processor.py:186} INFO - Started process (PID=592) to work on /home/airflow/.local/lib/python3.12/site-packages/airflow/example_dags/example_task_group.py
[2025-04-05T23:28:35.541+0000] {processor.py:914} INFO - Processing file /home/airflow/.local/lib/python3.12/site-packages/airflow/example_dags/example_task_group.py for tasks to queue
[2025-04-05T23:28:35.542+0000] {logging_mixin.py:190} INFO - [2025-04-05T23:28:35.542+0000] {dagbag.py:588} INFO - Filling up the DagBag from /home/airflow/.local/lib/python3.12/site-packages/airflow/example_dags/example_task_group.py
[2025-04-05T23:28:35.546+0000] {processor.py:925} INFO - DAG(s) 'example_task_group' retrieved from /home/airflow/.local/lib/python3.12/site-packages/airflow/example_dags/example_task_group.py
[2025-04-05T23:28:35.561+0000] {logging_mixin.py:190} INFO - [2025-04-05T23:28:35.561+0000] {dag.py:3239} INFO - Sync 1 DAGs
[2025-04-05T23:28:35.569+0000] {logging_mixin.py:190} INFO - [2025-04-05T23:28:35.569+0000] {dag.py:4180} INFO - Setting next_dagrun for example_task_group to None, run_after=None
[2025-04-05T23:28:35.580+0000] {processor.py:208} INFO - Processing /home/airflow/.local/lib/python3.12/site-packages/airflow/example_dags/example_task_group.py took 0.045 seconds
[2025-04-05T23:29:05.916+0000] {processor.py:186} INFO - Started process (PID=656) to work on /home/airflow/.local/lib/python3.12/site-packages/airflow/example_dags/example_task_group.py
[2025-04-05T23:29:05.916+0000] {processor.py:914} INFO - Processing file /home/airflow/.local/lib/python3.12/site-packages/airflow/example_dags/example_task_group.py for tasks to queue
[2025-04-05T23:29:05.918+0000] {logging_mixin.py:190} INFO - [2025-04-05T23:29:05.918+0000] {dagbag.py:588} INFO - Filling up the DagBag from /home/airflow/.local/lib/python3.12/site-packages/airflow/example_dags/example_task_group.py
[2025-04-05T23:29:05.925+0000] {processor.py:925} INFO - DAG(s) 'example_task_group' retrieved from /home/airflow/.local/lib/python3.12/site-packages/airflow/example_dags/example_task_group.py
[2025-04-05T23:29:05.937+0000] {logging_mixin.py:190} INFO - [2025-04-05T23:29:05.937+0000] {dag.py:3239} INFO - Sync 1 DAGs
[2025-04-05T23:29:05.944+0000] {logging_mixin.py:190} INFO - [2025-04-05T23:29:05.944+0000] {dag.py:4180} INFO - Setting next_dagrun for example_task_group to None, run_after=None
[2025-04-05T23:29:05.958+0000] {processor.py:208} INFO - Processing /home/airflow/.local/lib/python3.12/site-packages/airflow/example_dags/example_task_group.py took 0.047 seconds
[2025-04-05T23:29:36.236+0000] {processor.py:186} INFO - Started process (PID=719) to work on /home/airflow/.local/lib/python3.12/site-packages/airflow/example_dags/example_task_group.py
[2025-04-05T23:29:36.237+0000] {processor.py:914} INFO - Processing file /home/airflow/.local/lib/python3.12/site-packages/airflow/example_dags/example_task_group.py for tasks to queue
[2025-04-05T23:29:36.238+0000] {logging_mixin.py:190} INFO - [2025-04-05T23:29:36.238+0000] {dagbag.py:588} INFO - Filling up the DagBag from /home/airflow/.local/lib/python3.12/site-packages/airflow/example_dags/example_task_group.py
[2025-04-05T23:29:36.243+0000] {processor.py:925} INFO - DAG(s) 'example_task_group' retrieved from /home/airflow/.local/lib/python3.12/site-packages/airflow/example_dags/example_task_group.py
[2025-04-05T23:29:36.256+0000] {logging_mixin.py:190} INFO - [2025-04-05T23:29:36.255+0000] {dag.py:3239} INFO - Sync 1 DAGs
[2025-04-05T23:29:36.266+0000] {logging_mixin.py:190} INFO - [2025-04-05T23:29:36.266+0000] {dag.py:4180} INFO - Setting next_dagrun for example_task_group to None, run_after=None
[2025-04-05T23:29:36.275+0000] {processor.py:208} INFO - Processing /home/airflow/.local/lib/python3.12/site-packages/airflow/example_dags/example_task_group.py took 0.042 seconds
[2025-04-05T23:30:06.303+0000] {processor.py:186} INFO - Started process (PID=783) to work on /home/airflow/.local/lib/python3.12/site-packages/airflow/example_dags/example_task_group.py
[2025-04-05T23:30:06.304+0000] {processor.py:914} INFO - Processing file /home/airflow/.local/lib/python3.12/site-packages/airflow/example_dags/example_task_group.py for tasks to queue
[2025-04-05T23:30:06.306+0000] {logging_mixin.py:190} INFO - [2025-04-05T23:30:06.306+0000] {dagbag.py:588} INFO - Filling up the DagBag from /home/airflow/.local/lib/python3.12/site-packages/airflow/example_dags/example_task_group.py
[2025-04-05T23:30:06.312+0000] {processor.py:925} INFO - DAG(s) 'example_task_group' retrieved from /home/airflow/.local/lib/python3.12/site-packages/airflow/example_dags/example_task_group.py
[2025-04-05T23:30:06.324+0000] {logging_mixin.py:190} INFO - [2025-04-05T23:30:06.324+0000] {dag.py:3239} INFO - Sync 1 DAGs
[2025-04-05T23:30:06.329+0000] {logging_mixin.py:190} INFO - [2025-04-05T23:30:06.329+0000] {dag.py:4180} INFO - Setting next_dagrun for example_task_group to None, run_after=None
[2025-04-05T23:30:06.340+0000] {processor.py:208} INFO - Processing /home/airflow/.local/lib/python3.12/site-packages/airflow/example_dags/example_task_group.py took 0.039 seconds
[2025-04-05T23:30:36.639+0000] {processor.py:186} INFO - Started process (PID=847) to work on /home/airflow/.local/lib/python3.12/site-packages/airflow/example_dags/example_task_group.py
[2025-04-05T23:30:36.641+0000] {processor.py:914} INFO - Processing file /home/airflow/.local/lib/python3.12/site-packages/airflow/example_dags/example_task_group.py for tasks to queue
[2025-04-05T23:30:36.642+0000] {logging_mixin.py:190} INFO - [2025-04-05T23:30:36.641+0000] {dagbag.py:588} INFO - Filling up the DagBag from /home/airflow/.local/lib/python3.12/site-packages/airflow/example_dags/example_task_group.py
[2025-04-05T23:30:36.646+0000] {processor.py:925} INFO - DAG(s) 'example_task_group' retrieved from /home/airflow/.local/lib/python3.12/site-packages/airflow/example_dags/example_task_group.py
[2025-04-05T23:30:36.661+0000] {logging_mixin.py:190} INFO - [2025-04-05T23:30:36.661+0000] {dag.py:3239} INFO - Sync 1 DAGs
[2025-04-05T23:30:36.668+0000] {logging_mixin.py:190} INFO - [2025-04-05T23:30:36.668+0000] {dag.py:4180} INFO - Setting next_dagrun for example_task_group to None, run_after=None
[2025-04-05T23:30:36.676+0000] {processor.py:208} INFO - Processing /home/airflow/.local/lib/python3.12/site-packages/airflow/example_dags/example_task_group.py took 0.043 seconds
[2025-04-05T23:31:06.857+0000] {processor.py:186} INFO - Started process (PID=911) to work on /home/airflow/.local/lib/python3.12/site-packages/airflow/example_dags/example_task_group.py
[2025-04-05T23:31:06.858+0000] {processor.py:914} INFO - Processing file /home/airflow/.local/lib/python3.12/site-packages/airflow/example_dags/example_task_group.py for tasks to queue
[2025-04-05T23:31:06.859+0000] {logging_mixin.py:190} INFO - [2025-04-05T23:31:06.859+0000] {dagbag.py:588} INFO - Filling up the DagBag from /home/airflow/.local/lib/python3.12/site-packages/airflow/example_dags/example_task_group.py
[2025-04-05T23:31:06.865+0000] {processor.py:925} INFO - DAG(s) 'example_task_group' retrieved from /home/airflow/.local/lib/python3.12/site-packages/airflow/example_dags/example_task_group.py
[2025-04-05T23:31:06.878+0000] {logging_mixin.py:190} INFO - [2025-04-05T23:31:06.878+0000] {dag.py:3239} INFO - Sync 1 DAGs
[2025-04-05T23:31:06.884+0000] {logging_mixin.py:190} INFO - [2025-04-05T23:31:06.884+0000] {dag.py:4180} INFO - Setting next_dagrun for example_task_group to None, run_after=None
[2025-04-05T23:31:06.892+0000] {processor.py:208} INFO - Processing /home/airflow/.local/lib/python3.12/site-packages/airflow/example_dags/example_task_group.py took 0.039 seconds
[2025-04-05T23:31:37.070+0000] {processor.py:186} INFO - Started process (PID=975) to work on /home/airflow/.local/lib/python3.12/site-packages/airflow/example_dags/example_task_group.py
[2025-04-05T23:31:37.071+0000] {processor.py:914} INFO - Processing file /home/airflow/.local/lib/python3.12/site-packages/airflow/example_dags/example_task_group.py for tasks to queue
[2025-04-05T23:31:37.072+0000] {logging_mixin.py:190} INFO - [2025-04-05T23:31:37.072+0000] {dagbag.py:588} INFO - Filling up the DagBag from /home/airflow/.local/lib/python3.12/site-packages/airflow/example_dags/example_task_group.py
[2025-04-05T23:31:37.076+0000] {processor.py:925} INFO - DAG(s) 'example_task_group' retrieved from /home/airflow/.local/lib/python3.12/site-packages/airflow/example_dags/example_task_group.py
[2025-04-05T23:31:37.086+0000] {logging_mixin.py:190} INFO - [2025-04-05T23:31:37.086+0000] {dag.py:3239} INFO - Sync 1 DAGs
[2025-04-05T23:31:37.093+0000] {logging_mixin.py:190} INFO - [2025-04-05T23:31:37.093+0000] {dag.py:4180} INFO - Setting next_dagrun for example_task_group to None, run_after=None
[2025-04-05T23:31:37.104+0000] {processor.py:208} INFO - Processing /home/airflow/.local/lib/python3.12/site-packages/airflow/example_dags/example_task_group.py took 0.037 seconds
[2025-04-05T23:32:07.436+0000] {processor.py:186} INFO - Started process (PID=1039) to work on /home/airflow/.local/lib/python3.12/site-packages/airflow/example_dags/example_task_group.py
[2025-04-05T23:32:07.437+0000] {processor.py:914} INFO - Processing file /home/airflow/.local/lib/python3.12/site-packages/airflow/example_dags/example_task_group.py for tasks to queue
[2025-04-05T23:32:07.440+0000] {logging_mixin.py:190} INFO - [2025-04-05T23:32:07.439+0000] {dagbag.py:588} INFO - Filling up the DagBag from /home/airflow/.local/lib/python3.12/site-packages/airflow/example_dags/example_task_group.py
[2025-04-05T23:32:07.444+0000] {processor.py:925} INFO - DAG(s) 'example_task_group' retrieved from /home/airflow/.local/lib/python3.12/site-packages/airflow/example_dags/example_task_group.py
[2025-04-05T23:32:07.455+0000] {logging_mixin.py:190} INFO - [2025-04-05T23:32:07.455+0000] {dag.py:3239} INFO - Sync 1 DAGs
[2025-04-05T23:32:07.461+0000] {logging_mixin.py:190} INFO - [2025-04-05T23:32:07.461+0000] {dag.py:4180} INFO - Setting next_dagrun for example_task_group to None, run_after=None
[2025-04-05T23:32:07.468+0000] {processor.py:208} INFO - Processing /home/airflow/.local/lib/python3.12/site-packages/airflow/example_dags/example_task_group.py took 0.035 seconds
[2025-04-05T23:32:37.520+0000] {processor.py:186} INFO - Started process (PID=1103) to work on /home/airflow/.local/lib/python3.12/site-packages/airflow/example_dags/example_task_group.py
[2025-04-05T23:32:37.521+0000] {processor.py:914} INFO - Processing file /home/airflow/.local/lib/python3.12/site-packages/airflow/example_dags/example_task_group.py for tasks to queue
[2025-04-05T23:32:37.523+0000] {logging_mixin.py:190} INFO - [2025-04-05T23:32:37.523+0000] {dagbag.py:588} INFO - Filling up the DagBag from /home/airflow/.local/lib/python3.12/site-packages/airflow/example_dags/example_task_group.py
[2025-04-05T23:32:37.528+0000] {processor.py:925} INFO - DAG(s) 'example_task_group' retrieved from /home/airflow/.local/lib/python3.12/site-packages/airflow/example_dags/example_task_group.py
[2025-04-05T23:32:37.541+0000] {logging_mixin.py:190} INFO - [2025-04-05T23:32:37.541+0000] {dag.py:3239} INFO - Sync 1 DAGs
[2025-04-05T23:32:37.547+0000] {logging_mixin.py:190} INFO - [2025-04-05T23:32:37.547+0000] {dag.py:4180} INFO - Setting next_dagrun for example_task_group to None, run_after=None
[2025-04-05T23:32:37.554+0000] {processor.py:208} INFO - Processing /home/airflow/.local/lib/python3.12/site-packages/airflow/example_dags/example_task_group.py took 0.037 seconds
[2025-04-05T23:33:07.820+0000] {processor.py:186} INFO - Started process (PID=1167) to work on /home/airflow/.local/lib/python3.12/site-packages/airflow/example_dags/example_task_group.py
[2025-04-05T23:33:07.820+0000] {processor.py:914} INFO - Processing file /home/airflow/.local/lib/python3.12/site-packages/airflow/example_dags/example_task_group.py for tasks to queue
[2025-04-05T23:33:07.822+0000] {logging_mixin.py:190} INFO - [2025-04-05T23:33:07.822+0000] {dagbag.py:588} INFO - Filling up the DagBag from /home/airflow/.local/lib/python3.12/site-packages/airflow/example_dags/example_task_group.py
[2025-04-05T23:33:07.826+0000] {processor.py:925} INFO - DAG(s) 'example_task_group' retrieved from /home/airflow/.local/lib/python3.12/site-packages/airflow/example_dags/example_task_group.py
[2025-04-05T23:33:07.841+0000] {logging_mixin.py:190} INFO - [2025-04-05T23:33:07.841+0000] {dag.py:3239} INFO - Sync 1 DAGs
[2025-04-05T23:33:07.847+0000] {logging_mixin.py:190} INFO - [2025-04-05T23:33:07.847+0000] {dag.py:4180} INFO - Setting next_dagrun for example_task_group to None, run_after=None
[2025-04-05T23:33:07.856+0000] {processor.py:208} INFO - Processing /home/airflow/.local/lib/python3.12/site-packages/airflow/example_dags/example_task_group.py took 0.039 seconds
[2025-04-05T23:33:37.907+0000] {processor.py:186} INFO - Started process (PID=1231) to work on /home/airflow/.local/lib/python3.12/site-packages/airflow/example_dags/example_task_group.py
[2025-04-05T23:33:37.907+0000] {processor.py:914} INFO - Processing file /home/airflow/.local/lib/python3.12/site-packages/airflow/example_dags/example_task_group.py for tasks to queue
[2025-04-05T23:33:37.908+0000] {logging_mixin.py:190} INFO - [2025-04-05T23:33:37.908+0000] {dagbag.py:588} INFO - Filling up the DagBag from /home/airflow/.local/lib/python3.12/site-packages/airflow/example_dags/example_task_group.py
[2025-04-05T23:33:37.913+0000] {processor.py:925} INFO - DAG(s) 'example_task_group' retrieved from /home/airflow/.local/lib/python3.12/site-packages/airflow/example_dags/example_task_group.py
[2025-04-05T23:33:37.926+0000] {logging_mixin.py:190} INFO - [2025-04-05T23:33:37.925+0000] {dag.py:3239} INFO - Sync 1 DAGs
[2025-04-05T23:33:37.932+0000] {logging_mixin.py:190} INFO - [2025-04-05T23:33:37.932+0000] {dag.py:4180} INFO - Setting next_dagrun for example_task_group to None, run_after=None
[2025-04-05T23:33:37.939+0000] {processor.py:208} INFO - Processing /home/airflow/.local/lib/python3.12/site-packages/airflow/example_dags/example_task_group.py took 0.035 seconds
[2025-04-05T23:34:08.561+0000] {processor.py:186} INFO - Started process (PID=1296) to work on /home/airflow/.local/lib/python3.12/site-packages/airflow/example_dags/example_task_group.py
[2025-04-05T23:34:08.562+0000] {processor.py:914} INFO - Processing file /home/airflow/.local/lib/python3.12/site-packages/airflow/example_dags/example_task_group.py for tasks to queue
[2025-04-05T23:34:08.563+0000] {logging_mixin.py:190} INFO - [2025-04-05T23:34:08.563+0000] {dagbag.py:588} INFO - Filling up the DagBag from /home/airflow/.local/lib/python3.12/site-packages/airflow/example_dags/example_task_group.py
[2025-04-05T23:34:08.567+0000] {processor.py:925} INFO - DAG(s) 'example_task_group' retrieved from /home/airflow/.local/lib/python3.12/site-packages/airflow/example_dags/example_task_group.py
[2025-04-05T23:34:08.580+0000] {logging_mixin.py:190} INFO - [2025-04-05T23:34:08.580+0000] {dag.py:3239} INFO - Sync 1 DAGs
[2025-04-05T23:34:08.587+0000] {logging_mixin.py:190} INFO - [2025-04-05T23:34:08.586+0000] {dag.py:4180} INFO - Setting next_dagrun for example_task_group to None, run_after=None
[2025-04-05T23:34:08.597+0000] {processor.py:208} INFO - Processing /home/airflow/.local/lib/python3.12/site-packages/airflow/example_dags/example_task_group.py took 0.039 seconds
[2025-04-05T23:34:39.101+0000] {processor.py:186} INFO - Started process (PID=1360) to work on /home/airflow/.local/lib/python3.12/site-packages/airflow/example_dags/example_task_group.py
[2025-04-05T23:34:39.101+0000] {processor.py:914} INFO - Processing file /home/airflow/.local/lib/python3.12/site-packages/airflow/example_dags/example_task_group.py for tasks to queue
[2025-04-05T23:34:39.102+0000] {logging_mixin.py:190} INFO - [2025-04-05T23:34:39.102+0000] {dagbag.py:588} INFO - Filling up the DagBag from /home/airflow/.local/lib/python3.12/site-packages/airflow/example_dags/example_task_group.py
[2025-04-05T23:34:39.107+0000] {processor.py:925} INFO - DAG(s) 'example_task_group' retrieved from /home/airflow/.local/lib/python3.12/site-packages/airflow/example_dags/example_task_group.py
[2025-04-05T23:34:39.115+0000] {logging_mixin.py:190} INFO - [2025-04-05T23:34:39.115+0000] {dag.py:3239} INFO - Sync 1 DAGs
[2025-04-05T23:34:39.121+0000] {logging_mixin.py:190} INFO - [2025-04-05T23:34:39.120+0000] {dag.py:4180} INFO - Setting next_dagrun for example_task_group to None, run_after=None
[2025-04-05T23:34:39.127+0000] {processor.py:208} INFO - Processing /home/airflow/.local/lib/python3.12/site-packages/airflow/example_dags/example_task_group.py took 0.029 seconds
[2025-04-05T23:35:09.633+0000] {processor.py:186} INFO - Started process (PID=1423) to work on /home/airflow/.local/lib/python3.12/site-packages/airflow/example_dags/example_task_group.py
[2025-04-05T23:35:09.635+0000] {processor.py:914} INFO - Processing file /home/airflow/.local/lib/python3.12/site-packages/airflow/example_dags/example_task_group.py for tasks to queue
[2025-04-05T23:35:09.636+0000] {logging_mixin.py:190} INFO - [2025-04-05T23:35:09.636+0000] {dagbag.py:588} INFO - Filling up the DagBag from /home/airflow/.local/lib/python3.12/site-packages/airflow/example_dags/example_task_group.py
[2025-04-05T23:35:09.643+0000] {processor.py:925} INFO - DAG(s) 'example_task_group' retrieved from /home/airflow/.local/lib/python3.12/site-packages/airflow/example_dags/example_task_group.py
[2025-04-05T23:35:09.654+0000] {logging_mixin.py:190} INFO - [2025-04-05T23:35:09.654+0000] {dag.py:3239} INFO - Sync 1 DAGs
[2025-04-05T23:35:09.660+0000] {logging_mixin.py:190} INFO - [2025-04-05T23:35:09.660+0000] {dag.py:4180} INFO - Setting next_dagrun for example_task_group to None, run_after=None
[2025-04-05T23:35:09.666+0000] {processor.py:208} INFO - Processing /home/airflow/.local/lib/python3.12/site-packages/airflow/example_dags/example_task_group.py took 0.037 seconds
[2025-04-05T23:35:39.866+0000] {processor.py:186} INFO - Started process (PID=1487) to work on /home/airflow/.local/lib/python3.12/site-packages/airflow/example_dags/example_task_group.py
[2025-04-05T23:35:39.869+0000] {processor.py:914} INFO - Processing file /home/airflow/.local/lib/python3.12/site-packages/airflow/example_dags/example_task_group.py for tasks to queue
[2025-04-05T23:35:39.871+0000] {logging_mixin.py:190} INFO - [2025-04-05T23:35:39.870+0000] {dagbag.py:588} INFO - Filling up the DagBag from /home/airflow/.local/lib/python3.12/site-packages/airflow/example_dags/example_task_group.py
[2025-04-05T23:35:39.875+0000] {processor.py:925} INFO - DAG(s) 'example_task_group' retrieved from /home/airflow/.local/lib/python3.12/site-packages/airflow/example_dags/example_task_group.py
[2025-04-05T23:35:39.887+0000] {logging_mixin.py:190} INFO - [2025-04-05T23:35:39.887+0000] {dag.py:3239} INFO - Sync 1 DAGs
[2025-04-05T23:35:39.893+0000] {logging_mixin.py:190} INFO - [2025-04-05T23:35:39.893+0000] {dag.py:4180} INFO - Setting next_dagrun for example_task_group to None, run_after=None
[2025-04-05T23:35:39.900+0000] {processor.py:208} INFO - Processing /home/airflow/.local/lib/python3.12/site-packages/airflow/example_dags/example_task_group.py took 0.037 seconds
[2025-04-05T23:36:10.070+0000] {processor.py:186} INFO - Started process (PID=1551) to work on /home/airflow/.local/lib/python3.12/site-packages/airflow/example_dags/example_task_group.py
[2025-04-05T23:36:10.070+0000] {processor.py:914} INFO - Processing file /home/airflow/.local/lib/python3.12/site-packages/airflow/example_dags/example_task_group.py for tasks to queue
[2025-04-05T23:36:10.072+0000] {logging_mixin.py:190} INFO - [2025-04-05T23:36:10.071+0000] {dagbag.py:588} INFO - Filling up the DagBag from /home/airflow/.local/lib/python3.12/site-packages/airflow/example_dags/example_task_group.py
[2025-04-05T23:36:10.076+0000] {processor.py:925} INFO - DAG(s) 'example_task_group' retrieved from /home/airflow/.local/lib/python3.12/site-packages/airflow/example_dags/example_task_group.py
[2025-04-05T23:36:10.086+0000] {logging_mixin.py:190} INFO - [2025-04-05T23:36:10.086+0000] {dag.py:3239} INFO - Sync 1 DAGs
[2025-04-05T23:36:10.094+0000] {logging_mixin.py:190} INFO - [2025-04-05T23:36:10.094+0000] {dag.py:4180} INFO - Setting next_dagrun for example_task_group to None, run_after=None
[2025-04-05T23:36:10.101+0000] {processor.py:208} INFO - Processing /home/airflow/.local/lib/python3.12/site-packages/airflow/example_dags/example_task_group.py took 0.034 seconds
[2025-04-05T23:36:40.329+0000] {processor.py:186} INFO - Started process (PID=1615) to work on /home/airflow/.local/lib/python3.12/site-packages/airflow/example_dags/example_task_group.py
[2025-04-05T23:36:40.331+0000] {processor.py:914} INFO - Processing file /home/airflow/.local/lib/python3.12/site-packages/airflow/example_dags/example_task_group.py for tasks to queue
[2025-04-05T23:36:40.333+0000] {logging_mixin.py:190} INFO - [2025-04-05T23:36:40.333+0000] {dagbag.py:588} INFO - Filling up the DagBag from /home/airflow/.local/lib/python3.12/site-packages/airflow/example_dags/example_task_group.py
[2025-04-05T23:36:40.338+0000] {processor.py:925} INFO - DAG(s) 'example_task_group' retrieved from /home/airflow/.local/lib/python3.12/site-packages/airflow/example_dags/example_task_group.py
[2025-04-05T23:36:40.349+0000] {logging_mixin.py:190} INFO - [2025-04-05T23:36:40.349+0000] {dag.py:3239} INFO - Sync 1 DAGs
[2025-04-05T23:36:40.355+0000] {logging_mixin.py:190} INFO - [2025-04-05T23:36:40.355+0000] {dag.py:4180} INFO - Setting next_dagrun for example_task_group to None, run_after=None
[2025-04-05T23:36:40.367+0000] {processor.py:208} INFO - Processing /home/airflow/.local/lib/python3.12/site-packages/airflow/example_dags/example_task_group.py took 0.041 seconds
[2025-04-05T23:37:10.579+0000] {processor.py:186} INFO - Started process (PID=1679) to work on /home/airflow/.local/lib/python3.12/site-packages/airflow/example_dags/example_task_group.py
[2025-04-05T23:37:10.580+0000] {processor.py:914} INFO - Processing file /home/airflow/.local/lib/python3.12/site-packages/airflow/example_dags/example_task_group.py for tasks to queue
[2025-04-05T23:37:10.581+0000] {logging_mixin.py:190} INFO - [2025-04-05T23:37:10.581+0000] {dagbag.py:588} INFO - Filling up the DagBag from /home/airflow/.local/lib/python3.12/site-packages/airflow/example_dags/example_task_group.py
[2025-04-05T23:37:10.587+0000] {processor.py:925} INFO - DAG(s) 'example_task_group' retrieved from /home/airflow/.local/lib/python3.12/site-packages/airflow/example_dags/example_task_group.py
[2025-04-05T23:37:10.598+0000] {logging_mixin.py:190} INFO - [2025-04-05T23:37:10.598+0000] {dag.py:3239} INFO - Sync 1 DAGs
[2025-04-05T23:37:10.605+0000] {logging_mixin.py:190} INFO - [2025-04-05T23:37:10.605+0000] {dag.py:4180} INFO - Setting next_dagrun for example_task_group to None, run_after=None
[2025-04-05T23:37:10.612+0000] {processor.py:208} INFO - Processing /home/airflow/.local/lib/python3.12/site-packages/airflow/example_dags/example_task_group.py took 0.036 seconds
[2025-04-05T23:37:40.755+0000] {processor.py:186} INFO - Started process (PID=1743) to work on /home/airflow/.local/lib/python3.12/site-packages/airflow/example_dags/example_task_group.py
[2025-04-05T23:37:40.755+0000] {processor.py:914} INFO - Processing file /home/airflow/.local/lib/python3.12/site-packages/airflow/example_dags/example_task_group.py for tasks to queue
[2025-04-05T23:37:40.757+0000] {logging_mixin.py:190} INFO - [2025-04-05T23:37:40.757+0000] {dagbag.py:588} INFO - Filling up the DagBag from /home/airflow/.local/lib/python3.12/site-packages/airflow/example_dags/example_task_group.py
[2025-04-05T23:37:40.761+0000] {processor.py:925} INFO - DAG(s) 'example_task_group' retrieved from /home/airflow/.local/lib/python3.12/site-packages/airflow/example_dags/example_task_group.py
[2025-04-05T23:37:40.773+0000] {logging_mixin.py:190} INFO - [2025-04-05T23:37:40.773+0000] {dag.py:3239} INFO - Sync 1 DAGs
[2025-04-05T23:37:40.779+0000] {logging_mixin.py:190} INFO - [2025-04-05T23:37:40.779+0000] {dag.py:4180} INFO - Setting next_dagrun for example_task_group to None, run_after=None
[2025-04-05T23:37:40.786+0000] {processor.py:208} INFO - Processing /home/airflow/.local/lib/python3.12/site-packages/airflow/example_dags/example_task_group.py took 0.034 seconds
[2025-04-05T23:38:11.053+0000] {processor.py:186} INFO - Started process (PID=1807) to work on /home/airflow/.local/lib/python3.12/site-packages/airflow/example_dags/example_task_group.py
[2025-04-05T23:38:11.054+0000] {processor.py:914} INFO - Processing file /home/airflow/.local/lib/python3.12/site-packages/airflow/example_dags/example_task_group.py for tasks to queue
[2025-04-05T23:38:11.056+0000] {logging_mixin.py:190} INFO - [2025-04-05T23:38:11.056+0000] {dagbag.py:588} INFO - Filling up the DagBag from /home/airflow/.local/lib/python3.12/site-packages/airflow/example_dags/example_task_group.py
[2025-04-05T23:38:11.061+0000] {processor.py:925} INFO - DAG(s) 'example_task_group' retrieved from /home/airflow/.local/lib/python3.12/site-packages/airflow/example_dags/example_task_group.py
[2025-04-05T23:38:11.077+0000] {logging_mixin.py:190} INFO - [2025-04-05T23:38:11.077+0000] {dag.py:3239} INFO - Sync 1 DAGs
[2025-04-05T23:38:11.082+0000] {logging_mixin.py:190} INFO - [2025-04-05T23:38:11.082+0000] {dag.py:4180} INFO - Setting next_dagrun for example_task_group to None, run_after=None
[2025-04-05T23:38:11.090+0000] {processor.py:208} INFO - Processing /home/airflow/.local/lib/python3.12/site-packages/airflow/example_dags/example_task_group.py took 0.040 seconds
[2025-04-05T23:38:41.492+0000] {processor.py:186} INFO - Started process (PID=1871) to work on /home/airflow/.local/lib/python3.12/site-packages/airflow/example_dags/example_task_group.py
[2025-04-05T23:38:41.493+0000] {processor.py:914} INFO - Processing file /home/airflow/.local/lib/python3.12/site-packages/airflow/example_dags/example_task_group.py for tasks to queue
[2025-04-05T23:38:41.494+0000] {logging_mixin.py:190} INFO - [2025-04-05T23:38:41.494+0000] {dagbag.py:588} INFO - Filling up the DagBag from /home/airflow/.local/lib/python3.12/site-packages/airflow/example_dags/example_task_group.py
[2025-04-05T23:38:41.499+0000] {processor.py:925} INFO - DAG(s) 'example_task_group' retrieved from /home/airflow/.local/lib/python3.12/site-packages/airflow/example_dags/example_task_group.py
[2025-04-05T23:38:41.509+0000] {logging_mixin.py:190} INFO - [2025-04-05T23:38:41.509+0000] {dag.py:3239} INFO - Sync 1 DAGs
[2025-04-05T23:38:41.517+0000] {logging_mixin.py:190} INFO - [2025-04-05T23:38:41.517+0000] {dag.py:4180} INFO - Setting next_dagrun for example_task_group to None, run_after=None
[2025-04-05T23:38:41.532+0000] {processor.py:208} INFO - Processing /home/airflow/.local/lib/python3.12/site-packages/airflow/example_dags/example_task_group.py took 0.042 seconds
[2025-04-05T23:39:33.510+0000] {processor.py:186} INFO - Started process (PID=81) to work on /home/airflow/.local/lib/python3.12/site-packages/airflow/example_dags/example_task_group.py
[2025-04-05T23:39:33.510+0000] {processor.py:914} INFO - Processing file /home/airflow/.local/lib/python3.12/site-packages/airflow/example_dags/example_task_group.py for tasks to queue
[2025-04-05T23:39:33.511+0000] {logging_mixin.py:190} INFO - [2025-04-05T23:39:33.511+0000] {dagbag.py:588} INFO - Filling up the DagBag from /home/airflow/.local/lib/python3.12/site-packages/airflow/example_dags/example_task_group.py
[2025-04-05T23:39:33.639+0000] {processor.py:925} INFO - DAG(s) 'example_task_group' retrieved from /home/airflow/.local/lib/python3.12/site-packages/airflow/example_dags/example_task_group.py
[2025-04-05T23:39:33.653+0000] {logging_mixin.py:190} INFO - [2025-04-05T23:39:33.653+0000] {dag.py:3239} INFO - Sync 1 DAGs
[2025-04-05T23:39:33.663+0000] {logging_mixin.py:190} INFO - [2025-04-05T23:39:33.663+0000] {dag.py:4180} INFO - Setting next_dagrun for example_task_group to None, run_after=None
[2025-04-05T23:39:33.671+0000] {processor.py:208} INFO - Processing /home/airflow/.local/lib/python3.12/site-packages/airflow/example_dags/example_task_group.py took 0.164 seconds
[2025-04-05T23:40:19.799+0000] {processor.py:186} INFO - Started process (PID=81) to work on /home/airflow/.local/lib/python3.12/site-packages/airflow/example_dags/example_task_group.py
[2025-04-05T23:40:19.800+0000] {processor.py:914} INFO - Processing file /home/airflow/.local/lib/python3.12/site-packages/airflow/example_dags/example_task_group.py for tasks to queue
[2025-04-05T23:40:19.801+0000] {logging_mixin.py:190} INFO - [2025-04-05T23:40:19.801+0000] {dagbag.py:588} INFO - Filling up the DagBag from /home/airflow/.local/lib/python3.12/site-packages/airflow/example_dags/example_task_group.py
[2025-04-05T23:40:19.928+0000] {processor.py:925} INFO - DAG(s) 'example_task_group' retrieved from /home/airflow/.local/lib/python3.12/site-packages/airflow/example_dags/example_task_group.py
[2025-04-05T23:40:19.951+0000] {logging_mixin.py:190} INFO - [2025-04-05T23:40:19.951+0000] {dag.py:3239} INFO - Sync 1 DAGs
[2025-04-05T23:40:19.956+0000] {logging_mixin.py:190} INFO - [2025-04-05T23:40:19.956+0000] {dag.py:4180} INFO - Setting next_dagrun for example_task_group to None, run_after=None
[2025-04-05T23:40:19.966+0000] {processor.py:208} INFO - Processing /home/airflow/.local/lib/python3.12/site-packages/airflow/example_dags/example_task_group.py took 0.171 seconds
[2025-04-05T23:40:50.272+0000] {processor.py:186} INFO - Started process (PID=145) to work on /home/airflow/.local/lib/python3.12/site-packages/airflow/example_dags/example_task_group.py
[2025-04-05T23:40:50.272+0000] {processor.py:914} INFO - Processing file /home/airflow/.local/lib/python3.12/site-packages/airflow/example_dags/example_task_group.py for tasks to queue
[2025-04-05T23:40:50.273+0000] {logging_mixin.py:190} INFO - [2025-04-05T23:40:50.273+0000] {dagbag.py:588} INFO - Filling up the DagBag from /home/airflow/.local/lib/python3.12/site-packages/airflow/example_dags/example_task_group.py
[2025-04-05T23:40:50.278+0000] {processor.py:925} INFO - DAG(s) 'example_task_group' retrieved from /home/airflow/.local/lib/python3.12/site-packages/airflow/example_dags/example_task_group.py
[2025-04-05T23:40:50.288+0000] {logging_mixin.py:190} INFO - [2025-04-05T23:40:50.288+0000] {dag.py:3239} INFO - Sync 1 DAGs
[2025-04-05T23:40:50.293+0000] {logging_mixin.py:190} INFO - [2025-04-05T23:40:50.293+0000] {dag.py:4180} INFO - Setting next_dagrun for example_task_group to None, run_after=None
[2025-04-05T23:40:50.300+0000] {processor.py:208} INFO - Processing /home/airflow/.local/lib/python3.12/site-packages/airflow/example_dags/example_task_group.py took 0.030 seconds
[2025-04-05T23:41:20.607+0000] {processor.py:186} INFO - Started process (PID=209) to work on /home/airflow/.local/lib/python3.12/site-packages/airflow/example_dags/example_task_group.py
[2025-04-05T23:41:20.608+0000] {processor.py:914} INFO - Processing file /home/airflow/.local/lib/python3.12/site-packages/airflow/example_dags/example_task_group.py for tasks to queue
[2025-04-05T23:41:20.609+0000] {logging_mixin.py:190} INFO - [2025-04-05T23:41:20.609+0000] {dagbag.py:588} INFO - Filling up the DagBag from /home/airflow/.local/lib/python3.12/site-packages/airflow/example_dags/example_task_group.py
[2025-04-05T23:41:20.615+0000] {processor.py:925} INFO - DAG(s) 'example_task_group' retrieved from /home/airflow/.local/lib/python3.12/site-packages/airflow/example_dags/example_task_group.py
[2025-04-05T23:41:20.627+0000] {logging_mixin.py:190} INFO - [2025-04-05T23:41:20.627+0000] {dag.py:3239} INFO - Sync 1 DAGs
[2025-04-05T23:41:20.633+0000] {logging_mixin.py:190} INFO - [2025-04-05T23:41:20.632+0000] {dag.py:4180} INFO - Setting next_dagrun for example_task_group to None, run_after=None
[2025-04-05T23:41:20.639+0000] {processor.py:208} INFO - Processing /home/airflow/.local/lib/python3.12/site-packages/airflow/example_dags/example_task_group.py took 0.035 seconds
[2025-04-05T23:41:50.719+0000] {processor.py:186} INFO - Started process (PID=273) to work on /home/airflow/.local/lib/python3.12/site-packages/airflow/example_dags/example_task_group.py
[2025-04-05T23:41:50.720+0000] {processor.py:914} INFO - Processing file /home/airflow/.local/lib/python3.12/site-packages/airflow/example_dags/example_task_group.py for tasks to queue
[2025-04-05T23:41:50.722+0000] {logging_mixin.py:190} INFO - [2025-04-05T23:41:50.721+0000] {dagbag.py:588} INFO - Filling up the DagBag from /home/airflow/.local/lib/python3.12/site-packages/airflow/example_dags/example_task_group.py
[2025-04-05T23:41:50.726+0000] {processor.py:925} INFO - DAG(s) 'example_task_group' retrieved from /home/airflow/.local/lib/python3.12/site-packages/airflow/example_dags/example_task_group.py
[2025-04-05T23:41:50.738+0000] {logging_mixin.py:190} INFO - [2025-04-05T23:41:50.738+0000] {dag.py:3239} INFO - Sync 1 DAGs
[2025-04-05T23:41:50.744+0000] {logging_mixin.py:190} INFO - [2025-04-05T23:41:50.744+0000] {dag.py:4180} INFO - Setting next_dagrun for example_task_group to None, run_after=None
[2025-04-05T23:41:50.751+0000] {processor.py:208} INFO - Processing /home/airflow/.local/lib/python3.12/site-packages/airflow/example_dags/example_task_group.py took 0.034 seconds
[2025-04-05T23:42:47.325+0000] {processor.py:186} INFO - Started process (PID=82) to work on /home/airflow/.local/lib/python3.12/site-packages/airflow/example_dags/example_task_group.py
[2025-04-05T23:42:47.326+0000] {processor.py:914} INFO - Processing file /home/airflow/.local/lib/python3.12/site-packages/airflow/example_dags/example_task_group.py for tasks to queue
[2025-04-05T23:42:47.327+0000] {logging_mixin.py:190} INFO - [2025-04-05T23:42:47.327+0000] {dagbag.py:588} INFO - Filling up the DagBag from /home/airflow/.local/lib/python3.12/site-packages/airflow/example_dags/example_task_group.py
[2025-04-05T23:42:47.332+0000] {processor.py:925} INFO - DAG(s) 'example_task_group' retrieved from /home/airflow/.local/lib/python3.12/site-packages/airflow/example_dags/example_task_group.py
[2025-04-05T23:42:47.345+0000] {logging_mixin.py:190} INFO - [2025-04-05T23:42:47.345+0000] {dag.py:3239} INFO - Sync 1 DAGs
[2025-04-05T23:42:47.351+0000] {logging_mixin.py:190} INFO - [2025-04-05T23:42:47.351+0000] {dag.py:4180} INFO - Setting next_dagrun for example_task_group to None, run_after=None
[2025-04-05T23:42:47.360+0000] {processor.py:208} INFO - Processing /home/airflow/.local/lib/python3.12/site-packages/airflow/example_dags/example_task_group.py took 0.038 seconds
[2025-04-05T23:43:17.617+0000] {processor.py:186} INFO - Started process (PID=145) to work on /home/airflow/.local/lib/python3.12/site-packages/airflow/example_dags/example_task_group.py
[2025-04-05T23:43:17.618+0000] {processor.py:914} INFO - Processing file /home/airflow/.local/lib/python3.12/site-packages/airflow/example_dags/example_task_group.py for tasks to queue
[2025-04-05T23:43:17.620+0000] {logging_mixin.py:190} INFO - [2025-04-05T23:43:17.620+0000] {dagbag.py:588} INFO - Filling up the DagBag from /home/airflow/.local/lib/python3.12/site-packages/airflow/example_dags/example_task_group.py
[2025-04-05T23:43:17.626+0000] {processor.py:925} INFO - DAG(s) 'example_task_group' retrieved from /home/airflow/.local/lib/python3.12/site-packages/airflow/example_dags/example_task_group.py
[2025-04-05T23:43:17.643+0000] {logging_mixin.py:190} INFO - [2025-04-05T23:43:17.643+0000] {dag.py:3239} INFO - Sync 1 DAGs
[2025-04-05T23:43:17.649+0000] {logging_mixin.py:190} INFO - [2025-04-05T23:43:17.649+0000] {dag.py:4180} INFO - Setting next_dagrun for example_task_group to None, run_after=None
[2025-04-05T23:43:17.663+0000] {processor.py:208} INFO - Processing /home/airflow/.local/lib/python3.12/site-packages/airflow/example_dags/example_task_group.py took 0.051 seconds
[2025-04-05T23:43:47.816+0000] {processor.py:186} INFO - Started process (PID=209) to work on /home/airflow/.local/lib/python3.12/site-packages/airflow/example_dags/example_task_group.py
[2025-04-05T23:43:47.816+0000] {processor.py:914} INFO - Processing file /home/airflow/.local/lib/python3.12/site-packages/airflow/example_dags/example_task_group.py for tasks to queue
[2025-04-05T23:43:47.817+0000] {logging_mixin.py:190} INFO - [2025-04-05T23:43:47.817+0000] {dagbag.py:588} INFO - Filling up the DagBag from /home/airflow/.local/lib/python3.12/site-packages/airflow/example_dags/example_task_group.py
[2025-04-05T23:43:47.822+0000] {processor.py:925} INFO - DAG(s) 'example_task_group' retrieved from /home/airflow/.local/lib/python3.12/site-packages/airflow/example_dags/example_task_group.py
[2025-04-05T23:43:47.835+0000] {logging_mixin.py:190} INFO - [2025-04-05T23:43:47.835+0000] {dag.py:3239} INFO - Sync 1 DAGs
[2025-04-05T23:43:47.841+0000] {logging_mixin.py:190} INFO - [2025-04-05T23:43:47.841+0000] {dag.py:4180} INFO - Setting next_dagrun for example_task_group to None, run_after=None
[2025-04-05T23:43:47.851+0000] {processor.py:208} INFO - Processing /home/airflow/.local/lib/python3.12/site-packages/airflow/example_dags/example_task_group.py took 0.038 seconds
[2025-04-05T23:44:18.076+0000] {processor.py:186} INFO - Started process (PID=279) to work on /home/airflow/.local/lib/python3.12/site-packages/airflow/example_dags/example_task_group.py
[2025-04-05T23:44:18.079+0000] {processor.py:914} INFO - Processing file /home/airflow/.local/lib/python3.12/site-packages/airflow/example_dags/example_task_group.py for tasks to queue
[2025-04-05T23:44:18.082+0000] {logging_mixin.py:190} INFO - [2025-04-05T23:44:18.082+0000] {dagbag.py:588} INFO - Filling up the DagBag from /home/airflow/.local/lib/python3.12/site-packages/airflow/example_dags/example_task_group.py
[2025-04-05T23:44:18.089+0000] {processor.py:925} INFO - DAG(s) 'example_task_group' retrieved from /home/airflow/.local/lib/python3.12/site-packages/airflow/example_dags/example_task_group.py
[2025-04-05T23:44:18.104+0000] {logging_mixin.py:190} INFO - [2025-04-05T23:44:18.104+0000] {dag.py:3239} INFO - Sync 1 DAGs
[2025-04-05T23:44:18.112+0000] {logging_mixin.py:190} INFO - [2025-04-05T23:44:18.112+0000] {dag.py:4180} INFO - Setting next_dagrun for example_task_group to None, run_after=None
[2025-04-05T23:44:18.125+0000] {processor.py:208} INFO - Processing /home/airflow/.local/lib/python3.12/site-packages/airflow/example_dags/example_task_group.py took 0.052 seconds
[2025-04-05T23:44:52.997+0000] {processor.py:186} INFO - Started process (PID=80) to work on /home/airflow/.local/lib/python3.12/site-packages/airflow/example_dags/example_task_group.py
[2025-04-05T23:44:52.997+0000] {processor.py:914} INFO - Processing file /home/airflow/.local/lib/python3.12/site-packages/airflow/example_dags/example_task_group.py for tasks to queue
[2025-04-05T23:44:52.999+0000] {logging_mixin.py:190} INFO - [2025-04-05T23:44:52.999+0000] {dagbag.py:588} INFO - Filling up the DagBag from /home/airflow/.local/lib/python3.12/site-packages/airflow/example_dags/example_task_group.py
[2025-04-05T23:44:53.139+0000] {processor.py:925} INFO - DAG(s) 'example_task_group' retrieved from /home/airflow/.local/lib/python3.12/site-packages/airflow/example_dags/example_task_group.py
[2025-04-05T23:44:53.158+0000] {logging_mixin.py:190} INFO - [2025-04-05T23:44:53.158+0000] {dag.py:3239} INFO - Sync 1 DAGs
[2025-04-05T23:44:53.164+0000] {logging_mixin.py:190} INFO - [2025-04-05T23:44:53.164+0000] {dag.py:4180} INFO - Setting next_dagrun for example_task_group to None, run_after=None
[2025-04-05T23:44:53.172+0000] {processor.py:208} INFO - Processing /home/airflow/.local/lib/python3.12/site-packages/airflow/example_dags/example_task_group.py took 0.179 seconds
[2025-04-05T23:45:23.376+0000] {processor.py:186} INFO - Started process (PID=144) to work on /home/airflow/.local/lib/python3.12/site-packages/airflow/example_dags/example_task_group.py
[2025-04-05T23:45:23.377+0000] {processor.py:914} INFO - Processing file /home/airflow/.local/lib/python3.12/site-packages/airflow/example_dags/example_task_group.py for tasks to queue
[2025-04-05T23:45:23.381+0000] {logging_mixin.py:190} INFO - [2025-04-05T23:45:23.380+0000] {dagbag.py:588} INFO - Filling up the DagBag from /home/airflow/.local/lib/python3.12/site-packages/airflow/example_dags/example_task_group.py
[2025-04-05T23:45:23.385+0000] {processor.py:925} INFO - DAG(s) 'example_task_group' retrieved from /home/airflow/.local/lib/python3.12/site-packages/airflow/example_dags/example_task_group.py
[2025-04-05T23:45:23.396+0000] {logging_mixin.py:190} INFO - [2025-04-05T23:45:23.396+0000] {dag.py:3239} INFO - Sync 1 DAGs
[2025-04-05T23:45:23.404+0000] {logging_mixin.py:190} INFO - [2025-04-05T23:45:23.403+0000] {dag.py:4180} INFO - Setting next_dagrun for example_task_group to None, run_after=None
[2025-04-05T23:45:23.411+0000] {processor.py:208} INFO - Processing /home/airflow/.local/lib/python3.12/site-packages/airflow/example_dags/example_task_group.py took 0.038 seconds
[2025-04-05T23:45:53.558+0000] {processor.py:186} INFO - Started process (PID=208) to work on /home/airflow/.local/lib/python3.12/site-packages/airflow/example_dags/example_task_group.py
[2025-04-05T23:45:53.559+0000] {processor.py:914} INFO - Processing file /home/airflow/.local/lib/python3.12/site-packages/airflow/example_dags/example_task_group.py for tasks to queue
[2025-04-05T23:45:53.560+0000] {logging_mixin.py:190} INFO - [2025-04-05T23:45:53.560+0000] {dagbag.py:588} INFO - Filling up the DagBag from /home/airflow/.local/lib/python3.12/site-packages/airflow/example_dags/example_task_group.py
[2025-04-05T23:45:53.565+0000] {processor.py:925} INFO - DAG(s) 'example_task_group' retrieved from /home/airflow/.local/lib/python3.12/site-packages/airflow/example_dags/example_task_group.py
[2025-04-05T23:45:53.579+0000] {logging_mixin.py:190} INFO - [2025-04-05T23:45:53.579+0000] {dag.py:3239} INFO - Sync 1 DAGs
[2025-04-05T23:45:53.590+0000] {logging_mixin.py:190} INFO - [2025-04-05T23:45:53.590+0000] {dag.py:4180} INFO - Setting next_dagrun for example_task_group to None, run_after=None
[2025-04-05T23:45:53.600+0000] {processor.py:208} INFO - Processing /home/airflow/.local/lib/python3.12/site-packages/airflow/example_dags/example_task_group.py took 0.045 seconds
[2025-04-05T23:46:45.035+0000] {processor.py:186} INFO - Started process (PID=80) to work on /home/airflow/.local/lib/python3.12/site-packages/airflow/example_dags/example_task_group.py
[2025-04-05T23:46:45.036+0000] {processor.py:914} INFO - Processing file /home/airflow/.local/lib/python3.12/site-packages/airflow/example_dags/example_task_group.py for tasks to queue
[2025-04-05T23:46:45.039+0000] {logging_mixin.py:190} INFO - [2025-04-05T23:46:45.038+0000] {dagbag.py:588} INFO - Filling up the DagBag from /home/airflow/.local/lib/python3.12/site-packages/airflow/example_dags/example_task_group.py
[2025-04-05T23:46:45.183+0000] {processor.py:925} INFO - DAG(s) 'example_task_group' retrieved from /home/airflow/.local/lib/python3.12/site-packages/airflow/example_dags/example_task_group.py
[2025-04-05T23:46:45.205+0000] {logging_mixin.py:190} INFO - [2025-04-05T23:46:45.205+0000] {dag.py:3239} INFO - Sync 1 DAGs
[2025-04-05T23:46:45.210+0000] {logging_mixin.py:190} INFO - [2025-04-05T23:46:45.210+0000] {dag.py:4180} INFO - Setting next_dagrun for example_task_group to None, run_after=None
[2025-04-05T23:46:45.224+0000] {processor.py:208} INFO - Processing /home/airflow/.local/lib/python3.12/site-packages/airflow/example_dags/example_task_group.py took 0.192 seconds
[2025-04-05T23:47:15.794+0000] {processor.py:186} INFO - Started process (PID=143) to work on /home/airflow/.local/lib/python3.12/site-packages/airflow/example_dags/example_task_group.py
[2025-04-05T23:47:15.795+0000] {processor.py:914} INFO - Processing file /home/airflow/.local/lib/python3.12/site-packages/airflow/example_dags/example_task_group.py for tasks to queue
[2025-04-05T23:47:15.796+0000] {logging_mixin.py:190} INFO - [2025-04-05T23:47:15.796+0000] {dagbag.py:588} INFO - Filling up the DagBag from /home/airflow/.local/lib/python3.12/site-packages/airflow/example_dags/example_task_group.py
[2025-04-05T23:47:15.801+0000] {processor.py:925} INFO - DAG(s) 'example_task_group' retrieved from /home/airflow/.local/lib/python3.12/site-packages/airflow/example_dags/example_task_group.py
[2025-04-05T23:47:15.814+0000] {logging_mixin.py:190} INFO - [2025-04-05T23:47:15.814+0000] {dag.py:3239} INFO - Sync 1 DAGs
[2025-04-05T23:47:15.823+0000] {logging_mixin.py:190} INFO - [2025-04-05T23:47:15.823+0000] {dag.py:4180} INFO - Setting next_dagrun for example_task_group to None, run_after=None
[2025-04-05T23:47:15.834+0000] {processor.py:208} INFO - Processing /home/airflow/.local/lib/python3.12/site-packages/airflow/example_dags/example_task_group.py took 0.043 seconds
[2025-04-05T23:47:45.959+0000] {processor.py:186} INFO - Started process (PID=207) to work on /home/airflow/.local/lib/python3.12/site-packages/airflow/example_dags/example_task_group.py
[2025-04-05T23:47:45.959+0000] {processor.py:914} INFO - Processing file /home/airflow/.local/lib/python3.12/site-packages/airflow/example_dags/example_task_group.py for tasks to queue
[2025-04-05T23:47:45.960+0000] {logging_mixin.py:190} INFO - [2025-04-05T23:47:45.960+0000] {dagbag.py:588} INFO - Filling up the DagBag from /home/airflow/.local/lib/python3.12/site-packages/airflow/example_dags/example_task_group.py
[2025-04-05T23:47:45.964+0000] {processor.py:925} INFO - DAG(s) 'example_task_group' retrieved from /home/airflow/.local/lib/python3.12/site-packages/airflow/example_dags/example_task_group.py
[2025-04-05T23:47:45.973+0000] {logging_mixin.py:190} INFO - [2025-04-05T23:47:45.973+0000] {dag.py:3239} INFO - Sync 1 DAGs
[2025-04-05T23:47:45.978+0000] {logging_mixin.py:190} INFO - [2025-04-05T23:47:45.978+0000] {dag.py:4180} INFO - Setting next_dagrun for example_task_group to None, run_after=None
[2025-04-05T23:47:45.985+0000] {processor.py:208} INFO - Processing /home/airflow/.local/lib/python3.12/site-packages/airflow/example_dags/example_task_group.py took 0.029 seconds
[2025-04-05T23:48:16.257+0000] {processor.py:186} INFO - Started process (PID=271) to work on /home/airflow/.local/lib/python3.12/site-packages/airflow/example_dags/example_task_group.py
[2025-04-05T23:48:16.258+0000] {processor.py:914} INFO - Processing file /home/airflow/.local/lib/python3.12/site-packages/airflow/example_dags/example_task_group.py for tasks to queue
[2025-04-05T23:48:16.259+0000] {logging_mixin.py:190} INFO - [2025-04-05T23:48:16.259+0000] {dagbag.py:588} INFO - Filling up the DagBag from /home/airflow/.local/lib/python3.12/site-packages/airflow/example_dags/example_task_group.py
[2025-04-05T23:48:16.265+0000] {processor.py:925} INFO - DAG(s) 'example_task_group' retrieved from /home/airflow/.local/lib/python3.12/site-packages/airflow/example_dags/example_task_group.py
[2025-04-05T23:48:16.279+0000] {logging_mixin.py:190} INFO - [2025-04-05T23:48:16.279+0000] {dag.py:3239} INFO - Sync 1 DAGs
[2025-04-05T23:48:16.291+0000] {logging_mixin.py:190} INFO - [2025-04-05T23:48:16.291+0000] {dag.py:4180} INFO - Setting next_dagrun for example_task_group to None, run_after=None
[2025-04-05T23:48:16.301+0000] {processor.py:208} INFO - Processing /home/airflow/.local/lib/python3.12/site-packages/airflow/example_dags/example_task_group.py took 0.047 seconds
[2025-04-05T23:48:46.647+0000] {processor.py:186} INFO - Started process (PID=335) to work on /home/airflow/.local/lib/python3.12/site-packages/airflow/example_dags/example_task_group.py
[2025-04-05T23:48:46.648+0000] {processor.py:914} INFO - Processing file /home/airflow/.local/lib/python3.12/site-packages/airflow/example_dags/example_task_group.py for tasks to queue
[2025-04-05T23:48:46.649+0000] {logging_mixin.py:190} INFO - [2025-04-05T23:48:46.649+0000] {dagbag.py:588} INFO - Filling up the DagBag from /home/airflow/.local/lib/python3.12/site-packages/airflow/example_dags/example_task_group.py
[2025-04-05T23:48:46.654+0000] {processor.py:925} INFO - DAG(s) 'example_task_group' retrieved from /home/airflow/.local/lib/python3.12/site-packages/airflow/example_dags/example_task_group.py
[2025-04-05T23:48:46.671+0000] {logging_mixin.py:190} INFO - [2025-04-05T23:48:46.671+0000] {dag.py:3239} INFO - Sync 1 DAGs
[2025-04-05T23:48:46.678+0000] {logging_mixin.py:190} INFO - [2025-04-05T23:48:46.678+0000] {dag.py:4180} INFO - Setting next_dagrun for example_task_group to None, run_after=None
[2025-04-05T23:48:46.692+0000] {processor.py:208} INFO - Processing /home/airflow/.local/lib/python3.12/site-packages/airflow/example_dags/example_task_group.py took 0.047 seconds
[2025-04-05T23:49:33.517+0000] {processor.py:186} INFO - Started process (PID=82) to work on /home/airflow/.local/lib/python3.12/site-packages/airflow/example_dags/example_task_group.py
[2025-04-05T23:49:33.518+0000] {processor.py:914} INFO - Processing file /home/airflow/.local/lib/python3.12/site-packages/airflow/example_dags/example_task_group.py for tasks to queue
[2025-04-05T23:49:33.520+0000] {logging_mixin.py:190} INFO - [2025-04-05T23:49:33.520+0000] {dagbag.py:588} INFO - Filling up the DagBag from /home/airflow/.local/lib/python3.12/site-packages/airflow/example_dags/example_task_group.py
[2025-04-05T23:49:33.643+0000] {processor.py:925} INFO - DAG(s) 'example_task_group' retrieved from /home/airflow/.local/lib/python3.12/site-packages/airflow/example_dags/example_task_group.py
[2025-04-05T23:49:33.659+0000] {logging_mixin.py:190} INFO - [2025-04-05T23:49:33.659+0000] {dag.py:3239} INFO - Sync 1 DAGs
[2025-04-05T23:49:33.666+0000] {logging_mixin.py:190} INFO - [2025-04-05T23:49:33.666+0000] {dag.py:4180} INFO - Setting next_dagrun for example_task_group to None, run_after=None
[2025-04-05T23:49:33.680+0000] {processor.py:208} INFO - Processing /home/airflow/.local/lib/python3.12/site-packages/airflow/example_dags/example_task_group.py took 0.166 seconds
[2025-04-05T23:50:04.224+0000] {processor.py:186} INFO - Started process (PID=146) to work on /home/airflow/.local/lib/python3.12/site-packages/airflow/example_dags/example_task_group.py
[2025-04-05T23:50:04.225+0000] {processor.py:914} INFO - Processing file /home/airflow/.local/lib/python3.12/site-packages/airflow/example_dags/example_task_group.py for tasks to queue
[2025-04-05T23:50:04.226+0000] {logging_mixin.py:190} INFO - [2025-04-05T23:50:04.226+0000] {dagbag.py:588} INFO - Filling up the DagBag from /home/airflow/.local/lib/python3.12/site-packages/airflow/example_dags/example_task_group.py
[2025-04-05T23:50:04.231+0000] {processor.py:925} INFO - DAG(s) 'example_task_group' retrieved from /home/airflow/.local/lib/python3.12/site-packages/airflow/example_dags/example_task_group.py
[2025-04-05T23:50:04.245+0000] {logging_mixin.py:190} INFO - [2025-04-05T23:50:04.245+0000] {dag.py:3239} INFO - Sync 1 DAGs
[2025-04-05T23:50:04.253+0000] {logging_mixin.py:190} INFO - [2025-04-05T23:50:04.253+0000] {dag.py:4180} INFO - Setting next_dagrun for example_task_group to None, run_after=None
[2025-04-05T23:50:04.264+0000] {processor.py:208} INFO - Processing /home/airflow/.local/lib/python3.12/site-packages/airflow/example_dags/example_task_group.py took 0.043 seconds
[2025-04-05T23:50:34.754+0000] {processor.py:186} INFO - Started process (PID=210) to work on /home/airflow/.local/lib/python3.12/site-packages/airflow/example_dags/example_task_group.py
[2025-04-05T23:50:34.754+0000] {processor.py:914} INFO - Processing file /home/airflow/.local/lib/python3.12/site-packages/airflow/example_dags/example_task_group.py for tasks to queue
[2025-04-05T23:50:34.756+0000] {logging_mixin.py:190} INFO - [2025-04-05T23:50:34.755+0000] {dagbag.py:588} INFO - Filling up the DagBag from /home/airflow/.local/lib/python3.12/site-packages/airflow/example_dags/example_task_group.py
[2025-04-05T23:50:34.760+0000] {processor.py:925} INFO - DAG(s) 'example_task_group' retrieved from /home/airflow/.local/lib/python3.12/site-packages/airflow/example_dags/example_task_group.py
[2025-04-05T23:50:34.769+0000] {logging_mixin.py:190} INFO - [2025-04-05T23:50:34.769+0000] {dag.py:3239} INFO - Sync 1 DAGs
[2025-04-05T23:50:34.775+0000] {logging_mixin.py:190} INFO - [2025-04-05T23:50:34.775+0000] {dag.py:4180} INFO - Setting next_dagrun for example_task_group to None, run_after=None
[2025-04-05T23:50:34.786+0000] {processor.py:208} INFO - Processing /home/airflow/.local/lib/python3.12/site-packages/airflow/example_dags/example_task_group.py took 0.035 seconds
[2025-04-05T23:51:05.074+0000] {processor.py:186} INFO - Started process (PID=274) to work on /home/airflow/.local/lib/python3.12/site-packages/airflow/example_dags/example_task_group.py
[2025-04-05T23:51:05.075+0000] {processor.py:914} INFO - Processing file /home/airflow/.local/lib/python3.12/site-packages/airflow/example_dags/example_task_group.py for tasks to queue
[2025-04-05T23:51:05.076+0000] {logging_mixin.py:190} INFO - [2025-04-05T23:51:05.076+0000] {dagbag.py:588} INFO - Filling up the DagBag from /home/airflow/.local/lib/python3.12/site-packages/airflow/example_dags/example_task_group.py
[2025-04-05T23:51:05.080+0000] {processor.py:925} INFO - DAG(s) 'example_task_group' retrieved from /home/airflow/.local/lib/python3.12/site-packages/airflow/example_dags/example_task_group.py
[2025-04-05T23:51:05.089+0000] {logging_mixin.py:190} INFO - [2025-04-05T23:51:05.089+0000] {dag.py:3239} INFO - Sync 1 DAGs
[2025-04-05T23:51:05.095+0000] {logging_mixin.py:190} INFO - [2025-04-05T23:51:05.095+0000] {dag.py:4180} INFO - Setting next_dagrun for example_task_group to None, run_after=None
[2025-04-05T23:51:05.107+0000] {processor.py:208} INFO - Processing /home/airflow/.local/lib/python3.12/site-packages/airflow/example_dags/example_task_group.py took 0.036 seconds
[2025-04-05T23:51:35.438+0000] {processor.py:186} INFO - Started process (PID=338) to work on /home/airflow/.local/lib/python3.12/site-packages/airflow/example_dags/example_task_group.py
[2025-04-05T23:51:35.439+0000] {processor.py:914} INFO - Processing file /home/airflow/.local/lib/python3.12/site-packages/airflow/example_dags/example_task_group.py for tasks to queue
[2025-04-05T23:51:35.440+0000] {logging_mixin.py:190} INFO - [2025-04-05T23:51:35.440+0000] {dagbag.py:588} INFO - Filling up the DagBag from /home/airflow/.local/lib/python3.12/site-packages/airflow/example_dags/example_task_group.py
[2025-04-05T23:51:35.444+0000] {processor.py:925} INFO - DAG(s) 'example_task_group' retrieved from /home/airflow/.local/lib/python3.12/site-packages/airflow/example_dags/example_task_group.py
[2025-04-05T23:51:35.453+0000] {logging_mixin.py:190} INFO - [2025-04-05T23:51:35.453+0000] {dag.py:3239} INFO - Sync 1 DAGs
[2025-04-05T23:51:35.461+0000] {logging_mixin.py:190} INFO - [2025-04-05T23:51:35.461+0000] {dag.py:4180} INFO - Setting next_dagrun for example_task_group to None, run_after=None
[2025-04-05T23:51:35.471+0000] {processor.py:208} INFO - Processing /home/airflow/.local/lib/python3.12/site-packages/airflow/example_dags/example_task_group.py took 0.035 seconds
[2025-04-05T23:52:05.786+0000] {processor.py:186} INFO - Started process (PID=402) to work on /home/airflow/.local/lib/python3.12/site-packages/airflow/example_dags/example_task_group.py
[2025-04-05T23:52:05.787+0000] {processor.py:914} INFO - Processing file /home/airflow/.local/lib/python3.12/site-packages/airflow/example_dags/example_task_group.py for tasks to queue
[2025-04-05T23:52:05.790+0000] {logging_mixin.py:190} INFO - [2025-04-05T23:52:05.790+0000] {dagbag.py:588} INFO - Filling up the DagBag from /home/airflow/.local/lib/python3.12/site-packages/airflow/example_dags/example_task_group.py
[2025-04-05T23:52:05.794+0000] {processor.py:925} INFO - DAG(s) 'example_task_group' retrieved from /home/airflow/.local/lib/python3.12/site-packages/airflow/example_dags/example_task_group.py
[2025-04-05T23:52:05.807+0000] {logging_mixin.py:190} INFO - [2025-04-05T23:52:05.807+0000] {dag.py:3239} INFO - Sync 1 DAGs
[2025-04-05T23:52:05.814+0000] {logging_mixin.py:190} INFO - [2025-04-05T23:52:05.814+0000] {dag.py:4180} INFO - Setting next_dagrun for example_task_group to None, run_after=None
[2025-04-05T23:52:05.825+0000] {processor.py:208} INFO - Processing /home/airflow/.local/lib/python3.12/site-packages/airflow/example_dags/example_task_group.py took 0.042 seconds
[2025-04-05T23:53:02.085+0000] {processor.py:186} INFO - Started process (PID=82) to work on /home/airflow/.local/lib/python3.12/site-packages/airflow/example_dags/example_task_group.py
[2025-04-05T23:53:02.086+0000] {processor.py:914} INFO - Processing file /home/airflow/.local/lib/python3.12/site-packages/airflow/example_dags/example_task_group.py for tasks to queue
[2025-04-05T23:53:02.087+0000] {logging_mixin.py:190} INFO - [2025-04-05T23:53:02.087+0000] {dagbag.py:588} INFO - Filling up the DagBag from /home/airflow/.local/lib/python3.12/site-packages/airflow/example_dags/example_task_group.py
[2025-04-05T23:53:02.094+0000] {processor.py:925} INFO - DAG(s) 'example_task_group' retrieved from /home/airflow/.local/lib/python3.12/site-packages/airflow/example_dags/example_task_group.py
[2025-04-05T23:53:02.111+0000] {logging_mixin.py:190} INFO - [2025-04-05T23:53:02.111+0000] {dag.py:3239} INFO - Sync 1 DAGs
[2025-04-05T23:53:02.119+0000] {logging_mixin.py:190} INFO - [2025-04-05T23:53:02.119+0000] {dag.py:4180} INFO - Setting next_dagrun for example_task_group to None, run_after=None
[2025-04-05T23:53:02.131+0000] {processor.py:208} INFO - Processing /home/airflow/.local/lib/python3.12/site-packages/airflow/example_dags/example_task_group.py took 0.049 seconds
[2025-04-05T23:53:50.723+0000] {processor.py:186} INFO - Started process (PID=81) to work on /home/airflow/.local/lib/python3.12/site-packages/airflow/example_dags/example_task_group.py
[2025-04-05T23:53:50.724+0000] {processor.py:914} INFO - Processing file /home/airflow/.local/lib/python3.12/site-packages/airflow/example_dags/example_task_group.py for tasks to queue
[2025-04-05T23:53:50.725+0000] {logging_mixin.py:190} INFO - [2025-04-05T23:53:50.725+0000] {dagbag.py:588} INFO - Filling up the DagBag from /home/airflow/.local/lib/python3.12/site-packages/airflow/example_dags/example_task_group.py
[2025-04-05T23:53:50.851+0000] {processor.py:925} INFO - DAG(s) 'example_task_group' retrieved from /home/airflow/.local/lib/python3.12/site-packages/airflow/example_dags/example_task_group.py
[2025-04-05T23:53:50.867+0000] {logging_mixin.py:190} INFO - [2025-04-05T23:53:50.867+0000] {dag.py:3239} INFO - Sync 1 DAGs
[2025-04-05T23:53:50.873+0000] {logging_mixin.py:190} INFO - [2025-04-05T23:53:50.873+0000] {dag.py:4180} INFO - Setting next_dagrun for example_task_group to None, run_after=None
[2025-04-05T23:53:50.883+0000] {processor.py:208} INFO - Processing /home/airflow/.local/lib/python3.12/site-packages/airflow/example_dags/example_task_group.py took 0.163 seconds
[2025-04-05T23:54:21.418+0000] {processor.py:186} INFO - Started process (PID=145) to work on /home/airflow/.local/lib/python3.12/site-packages/airflow/example_dags/example_task_group.py
[2025-04-05T23:54:21.419+0000] {processor.py:914} INFO - Processing file /home/airflow/.local/lib/python3.12/site-packages/airflow/example_dags/example_task_group.py for tasks to queue
[2025-04-05T23:54:21.420+0000] {logging_mixin.py:190} INFO - [2025-04-05T23:54:21.419+0000] {dagbag.py:588} INFO - Filling up the DagBag from /home/airflow/.local/lib/python3.12/site-packages/airflow/example_dags/example_task_group.py
[2025-04-05T23:54:21.424+0000] {processor.py:925} INFO - DAG(s) 'example_task_group' retrieved from /home/airflow/.local/lib/python3.12/site-packages/airflow/example_dags/example_task_group.py
[2025-04-05T23:54:21.436+0000] {logging_mixin.py:190} INFO - [2025-04-05T23:54:21.436+0000] {dag.py:3239} INFO - Sync 1 DAGs
[2025-04-05T23:54:21.446+0000] {logging_mixin.py:190} INFO - [2025-04-05T23:54:21.446+0000] {dag.py:4180} INFO - Setting next_dagrun for example_task_group to None, run_after=None
[2025-04-05T23:54:21.455+0000] {processor.py:208} INFO - Processing /home/airflow/.local/lib/python3.12/site-packages/airflow/example_dags/example_task_group.py took 0.039 seconds
[2025-04-05T23:55:52.688+0000] {processor.py:186} INFO - Started process (PID=83) to work on /home/airflow/.local/lib/python3.12/site-packages/airflow/example_dags/example_task_group.py
[2025-04-05T23:55:52.690+0000] {processor.py:914} INFO - Processing file /home/airflow/.local/lib/python3.12/site-packages/airflow/example_dags/example_task_group.py for tasks to queue
[2025-04-05T23:55:52.692+0000] {logging_mixin.py:190} INFO - [2025-04-05T23:55:52.692+0000] {dagbag.py:588} INFO - Filling up the DagBag from /home/airflow/.local/lib/python3.12/site-packages/airflow/example_dags/example_task_group.py
[2025-04-05T23:55:52.697+0000] {processor.py:925} INFO - DAG(s) 'example_task_group' retrieved from /home/airflow/.local/lib/python3.12/site-packages/airflow/example_dags/example_task_group.py
[2025-04-05T23:55:52.710+0000] {logging_mixin.py:190} INFO - [2025-04-05T23:55:52.709+0000] {dag.py:3239} INFO - Sync 1 DAGs
[2025-04-05T23:55:52.716+0000] {logging_mixin.py:190} INFO - [2025-04-05T23:55:52.716+0000] {dag.py:4180} INFO - Setting next_dagrun for example_task_group to None, run_after=None
[2025-04-05T23:55:52.727+0000] {processor.py:208} INFO - Processing /home/airflow/.local/lib/python3.12/site-packages/airflow/example_dags/example_task_group.py took 0.042 seconds
[2025-04-05T23:56:23.108+0000] {processor.py:186} INFO - Started process (PID=153) to work on /home/airflow/.local/lib/python3.12/site-packages/airflow/example_dags/example_task_group.py
[2025-04-05T23:56:23.110+0000] {processor.py:914} INFO - Processing file /home/airflow/.local/lib/python3.12/site-packages/airflow/example_dags/example_task_group.py for tasks to queue
[2025-04-05T23:56:23.111+0000] {logging_mixin.py:190} INFO - [2025-04-05T23:56:23.111+0000] {dagbag.py:588} INFO - Filling up the DagBag from /home/airflow/.local/lib/python3.12/site-packages/airflow/example_dags/example_task_group.py
[2025-04-05T23:56:23.117+0000] {processor.py:925} INFO - DAG(s) 'example_task_group' retrieved from /home/airflow/.local/lib/python3.12/site-packages/airflow/example_dags/example_task_group.py
[2025-04-05T23:56:23.127+0000] {logging_mixin.py:190} INFO - [2025-04-05T23:56:23.127+0000] {dag.py:3239} INFO - Sync 1 DAGs
[2025-04-05T23:56:23.134+0000] {logging_mixin.py:190} INFO - [2025-04-05T23:56:23.134+0000] {dag.py:4180} INFO - Setting next_dagrun for example_task_group to None, run_after=None
[2025-04-05T23:56:23.145+0000] {processor.py:208} INFO - Processing /home/airflow/.local/lib/python3.12/site-packages/airflow/example_dags/example_task_group.py took 0.039 seconds
