[2025-04-05T20:06:50.774+0000] {processor.py:186} INFO - Started process (PID=56) to work on /home/airflow/.local/lib/python3.12/site-packages/airflow/example_dags/example_dag_decorator.py
[2025-04-05T20:06:50.774+0000] {processor.py:914} INFO - Processing file /home/airflow/.local/lib/python3.12/site-packages/airflow/example_dags/example_dag_decorator.py for tasks to queue
[2025-04-05T20:06:50.776+0000] {logging_mixin.py:190} INFO - [2025-04-05T20:06:50.776+0000] {dagbag.py:588} INFO - Filling up the DagBag from /home/airflow/.local/lib/python3.12/site-packages/airflow/example_dags/example_dag_decorator.py
[2025-04-05T20:06:51.022+0000] {processor.py:925} INFO - DAG(s) 'example_dag_decorator' retrieved from /home/airflow/.local/lib/python3.12/site-packages/airflow/example_dags/example_dag_decorator.py
[2025-04-05T20:06:51.080+0000] {logging_mixin.py:190} INFO - [2025-04-05T20:06:51.079+0000] {override.py:1912} INFO - Created Permission View: can edit on DAG:example_dag_decorator
[2025-04-05T20:06:51.084+0000] {logging_mixin.py:190} INFO - [2025-04-05T20:06:51.083+0000] {override.py:1912} INFO - Created Permission View: can read on DAG:example_dag_decorator
[2025-04-05T20:06:51.087+0000] {logging_mixin.py:190} INFO - [2025-04-05T20:06:51.087+0000] {override.py:1912} INFO - Created Permission View: can delete on DAG:example_dag_decorator
[2025-04-05T20:06:51.089+0000] {logging_mixin.py:190} INFO - [2025-04-05T20:06:51.089+0000] {override.py:1912} INFO - Created Permission View: can create on DAG Run:example_dag_decorator
[2025-04-05T20:06:51.092+0000] {logging_mixin.py:190} INFO - [2025-04-05T20:06:51.091+0000] {override.py:1912} INFO - Created Permission View: can read on DAG Run:example_dag_decorator
[2025-04-05T20:06:51.093+0000] {logging_mixin.py:190} INFO - [2025-04-05T20:06:51.093+0000] {override.py:1912} INFO - Created Permission View: can delete on DAG Run:example_dag_decorator
[2025-04-05T20:06:51.098+0000] {logging_mixin.py:190} INFO - [2025-04-05T20:06:51.097+0000] {override.py:1912} INFO - Created Permission View: menu access on DAG Run:example_dag_decorator
[2025-04-05T20:06:51.099+0000] {logging_mixin.py:190} INFO - [2025-04-05T20:06:51.099+0000] {dag.py:3239} INFO - Sync 1 DAGs
[2025-04-05T20:06:51.105+0000] {logging_mixin.py:190} INFO - [2025-04-05T20:06:51.105+0000] {dag.py:3262} INFO - Creating ORM DAG for example_dag_decorator
[2025-04-05T20:06:51.105+0000] {logging_mixin.py:190} INFO - [2025-04-05T20:06:51.105+0000] {dag.py:4180} INFO - Setting next_dagrun for example_dag_decorator to None, run_after=None
[2025-04-05T20:06:51.112+0000] {processor.py:208} INFO - Processing /home/airflow/.local/lib/python3.12/site-packages/airflow/example_dags/example_dag_decorator.py took 0.343 seconds
[2025-04-05T20:07:21.820+0000] {processor.py:186} INFO - Started process (PID=119) to work on /home/airflow/.local/lib/python3.12/site-packages/airflow/example_dags/example_dag_decorator.py
[2025-04-05T20:07:21.820+0000] {processor.py:914} INFO - Processing file /home/airflow/.local/lib/python3.12/site-packages/airflow/example_dags/example_dag_decorator.py for tasks to queue
[2025-04-05T20:07:21.822+0000] {logging_mixin.py:190} INFO - [2025-04-05T20:07:21.822+0000] {dagbag.py:588} INFO - Filling up the DagBag from /home/airflow/.local/lib/python3.12/site-packages/airflow/example_dags/example_dag_decorator.py
[2025-04-05T20:07:21.889+0000] {processor.py:925} INFO - DAG(s) 'example_dag_decorator' retrieved from /home/airflow/.local/lib/python3.12/site-packages/airflow/example_dags/example_dag_decorator.py
[2025-04-05T20:07:21.948+0000] {logging_mixin.py:190} INFO - [2025-04-05T20:07:21.948+0000] {dag.py:3239} INFO - Sync 1 DAGs
[2025-04-05T20:07:21.954+0000] {logging_mixin.py:190} INFO - [2025-04-05T20:07:21.954+0000] {dag.py:4180} INFO - Setting next_dagrun for example_dag_decorator to None, run_after=None
[2025-04-05T20:07:21.962+0000] {processor.py:208} INFO - Processing /home/airflow/.local/lib/python3.12/site-packages/airflow/example_dags/example_dag_decorator.py took 0.147 seconds
[2025-04-05T20:07:52.001+0000] {processor.py:186} INFO - Started process (PID=184) to work on /home/airflow/.local/lib/python3.12/site-packages/airflow/example_dags/example_dag_decorator.py
[2025-04-05T20:07:52.001+0000] {processor.py:914} INFO - Processing file /home/airflow/.local/lib/python3.12/site-packages/airflow/example_dags/example_dag_decorator.py for tasks to queue
[2025-04-05T20:07:52.002+0000] {logging_mixin.py:190} INFO - [2025-04-05T20:07:52.002+0000] {dagbag.py:588} INFO - Filling up the DagBag from /home/airflow/.local/lib/python3.12/site-packages/airflow/example_dags/example_dag_decorator.py
[2025-04-05T20:07:52.069+0000] {processor.py:925} INFO - DAG(s) 'example_dag_decorator' retrieved from /home/airflow/.local/lib/python3.12/site-packages/airflow/example_dags/example_dag_decorator.py
[2025-04-05T20:07:52.081+0000] {logging_mixin.py:190} INFO - [2025-04-05T20:07:52.081+0000] {dag.py:3239} INFO - Sync 1 DAGs
[2025-04-05T20:07:52.088+0000] {logging_mixin.py:190} INFO - [2025-04-05T20:07:52.088+0000] {dag.py:4180} INFO - Setting next_dagrun for example_dag_decorator to None, run_after=None
[2025-04-05T20:07:52.095+0000] {processor.py:208} INFO - Processing /home/airflow/.local/lib/python3.12/site-packages/airflow/example_dags/example_dag_decorator.py took 0.098 seconds
[2025-04-05T20:08:22.618+0000] {processor.py:186} INFO - Started process (PID=245) to work on /home/airflow/.local/lib/python3.12/site-packages/airflow/example_dags/example_dag_decorator.py
[2025-04-05T20:08:22.619+0000] {processor.py:914} INFO - Processing file /home/airflow/.local/lib/python3.12/site-packages/airflow/example_dags/example_dag_decorator.py for tasks to queue
[2025-04-05T20:08:22.620+0000] {logging_mixin.py:190} INFO - [2025-04-05T20:08:22.620+0000] {dagbag.py:588} INFO - Filling up the DagBag from /home/airflow/.local/lib/python3.12/site-packages/airflow/example_dags/example_dag_decorator.py
[2025-04-05T20:08:22.687+0000] {processor.py:925} INFO - DAG(s) 'example_dag_decorator' retrieved from /home/airflow/.local/lib/python3.12/site-packages/airflow/example_dags/example_dag_decorator.py
[2025-04-05T20:08:22.742+0000] {logging_mixin.py:190} INFO - [2025-04-05T20:08:22.742+0000] {dag.py:3239} INFO - Sync 1 DAGs
[2025-04-05T20:08:22.746+0000] {logging_mixin.py:190} INFO - [2025-04-05T20:08:22.746+0000] {dag.py:4180} INFO - Setting next_dagrun for example_dag_decorator to None, run_after=None
[2025-04-05T20:08:22.754+0000] {processor.py:208} INFO - Processing /home/airflow/.local/lib/python3.12/site-packages/airflow/example_dags/example_dag_decorator.py took 0.139 seconds
[2025-04-05T23:17:33.419+0000] {processor.py:186} INFO - Started process (PID=49) to work on /home/airflow/.local/lib/python3.12/site-packages/airflow/example_dags/example_dag_decorator.py
[2025-04-05T23:17:33.420+0000] {processor.py:914} INFO - Processing file /home/airflow/.local/lib/python3.12/site-packages/airflow/example_dags/example_dag_decorator.py for tasks to queue
[2025-04-05T23:17:33.421+0000] {logging_mixin.py:190} INFO - [2025-04-05T23:17:33.421+0000] {dagbag.py:588} INFO - Filling up the DagBag from /home/airflow/.local/lib/python3.12/site-packages/airflow/example_dags/example_dag_decorator.py
[2025-04-05T23:17:33.705+0000] {processor.py:925} INFO - DAG(s) 'example_dag_decorator' retrieved from /home/airflow/.local/lib/python3.12/site-packages/airflow/example_dags/example_dag_decorator.py
[2025-04-05T23:17:33.818+0000] {logging_mixin.py:190} INFO - [2025-04-05T23:17:33.818+0000] {dag.py:3239} INFO - Sync 1 DAGs
[2025-04-05T23:17:33.825+0000] {logging_mixin.py:190} INFO - [2025-04-05T23:17:33.825+0000] {dag.py:4180} INFO - Setting next_dagrun for example_dag_decorator to None, run_after=None
[2025-04-05T23:17:33.843+0000] {processor.py:208} INFO - Processing /home/airflow/.local/lib/python3.12/site-packages/airflow/example_dags/example_dag_decorator.py took 0.428 seconds
[2025-04-05T23:18:00.096+0000] {processor.py:186} INFO - Started process (PID=51) to work on /home/airflow/.local/lib/python3.12/site-packages/airflow/example_dags/example_dag_decorator.py
[2025-04-05T23:18:00.098+0000] {processor.py:914} INFO - Processing file /home/airflow/.local/lib/python3.12/site-packages/airflow/example_dags/example_dag_decorator.py for tasks to queue
[2025-04-05T23:18:00.100+0000] {logging_mixin.py:190} INFO - [2025-04-05T23:18:00.100+0000] {dagbag.py:588} INFO - Filling up the DagBag from /home/airflow/.local/lib/python3.12/site-packages/airflow/example_dags/example_dag_decorator.py
[2025-04-05T23:18:00.424+0000] {processor.py:925} INFO - DAG(s) 'example_dag_decorator' retrieved from /home/airflow/.local/lib/python3.12/site-packages/airflow/example_dags/example_dag_decorator.py
[2025-04-05T23:18:00.431+0000] {logging_mixin.py:190} INFO - [2025-04-05T23:18:00.430+0000] {dag.py:3239} INFO - Sync 1 DAGs
[2025-04-05T23:18:00.436+0000] {logging_mixin.py:190} INFO - [2025-04-05T23:18:00.436+0000] {dag.py:4180} INFO - Setting next_dagrun for example_dag_decorator to None, run_after=None
[2025-04-05T23:18:00.447+0000] {processor.py:208} INFO - Processing /home/airflow/.local/lib/python3.12/site-packages/airflow/example_dags/example_dag_decorator.py took 0.355 seconds
[2025-04-05T23:18:30.626+0000] {processor.py:186} INFO - Started process (PID=114) to work on /home/airflow/.local/lib/python3.12/site-packages/airflow/example_dags/example_dag_decorator.py
[2025-04-05T23:18:30.626+0000] {processor.py:914} INFO - Processing file /home/airflow/.local/lib/python3.12/site-packages/airflow/example_dags/example_dag_decorator.py for tasks to queue
[2025-04-05T23:18:30.627+0000] {logging_mixin.py:190} INFO - [2025-04-05T23:18:30.627+0000] {dagbag.py:588} INFO - Filling up the DagBag from /home/airflow/.local/lib/python3.12/site-packages/airflow/example_dags/example_dag_decorator.py
[2025-04-05T23:18:30.682+0000] {processor.py:925} INFO - DAG(s) 'example_dag_decorator' retrieved from /home/airflow/.local/lib/python3.12/site-packages/airflow/example_dags/example_dag_decorator.py
[2025-04-05T23:18:30.737+0000] {logging_mixin.py:190} INFO - [2025-04-05T23:18:30.736+0000] {dag.py:3239} INFO - Sync 1 DAGs
[2025-04-05T23:18:30.742+0000] {logging_mixin.py:190} INFO - [2025-04-05T23:18:30.742+0000] {dag.py:4180} INFO - Setting next_dagrun for example_dag_decorator to None, run_after=None
[2025-04-05T23:18:30.750+0000] {processor.py:208} INFO - Processing /home/airflow/.local/lib/python3.12/site-packages/airflow/example_dags/example_dag_decorator.py took 0.127 seconds
[2025-04-05T23:19:00.873+0000] {processor.py:186} INFO - Started process (PID=178) to work on /home/airflow/.local/lib/python3.12/site-packages/airflow/example_dags/example_dag_decorator.py
[2025-04-05T23:19:00.873+0000] {processor.py:914} INFO - Processing file /home/airflow/.local/lib/python3.12/site-packages/airflow/example_dags/example_dag_decorator.py for tasks to queue
[2025-04-05T23:19:00.875+0000] {logging_mixin.py:190} INFO - [2025-04-05T23:19:00.874+0000] {dagbag.py:588} INFO - Filling up the DagBag from /home/airflow/.local/lib/python3.12/site-packages/airflow/example_dags/example_dag_decorator.py
[2025-04-05T23:19:00.917+0000] {processor.py:925} INFO - DAG(s) 'example_dag_decorator' retrieved from /home/airflow/.local/lib/python3.12/site-packages/airflow/example_dags/example_dag_decorator.py
[2025-04-05T23:19:00.967+0000] {logging_mixin.py:190} INFO - [2025-04-05T23:19:00.967+0000] {dag.py:3239} INFO - Sync 1 DAGs
[2025-04-05T23:19:00.973+0000] {logging_mixin.py:190} INFO - [2025-04-05T23:19:00.973+0000] {dag.py:4180} INFO - Setting next_dagrun for example_dag_decorator to None, run_after=None
[2025-04-05T23:19:00.983+0000] {processor.py:208} INFO - Processing /home/airflow/.local/lib/python3.12/site-packages/airflow/example_dags/example_dag_decorator.py took 0.113 seconds
[2025-04-05T23:19:31.080+0000] {processor.py:186} INFO - Started process (PID=242) to work on /home/airflow/.local/lib/python3.12/site-packages/airflow/example_dags/example_dag_decorator.py
[2025-04-05T23:19:31.080+0000] {processor.py:914} INFO - Processing file /home/airflow/.local/lib/python3.12/site-packages/airflow/example_dags/example_dag_decorator.py for tasks to queue
[2025-04-05T23:19:31.081+0000] {logging_mixin.py:190} INFO - [2025-04-05T23:19:31.081+0000] {dagbag.py:588} INFO - Filling up the DagBag from /home/airflow/.local/lib/python3.12/site-packages/airflow/example_dags/example_dag_decorator.py
[2025-04-05T23:19:31.133+0000] {processor.py:925} INFO - DAG(s) 'example_dag_decorator' retrieved from /home/airflow/.local/lib/python3.12/site-packages/airflow/example_dags/example_dag_decorator.py
[2025-04-05T23:19:31.181+0000] {logging_mixin.py:190} INFO - [2025-04-05T23:19:31.181+0000] {dag.py:3239} INFO - Sync 1 DAGs
[2025-04-05T23:19:31.186+0000] {logging_mixin.py:190} INFO - [2025-04-05T23:19:31.186+0000] {dag.py:4180} INFO - Setting next_dagrun for example_dag_decorator to None, run_after=None
[2025-04-05T23:19:31.193+0000] {processor.py:208} INFO - Processing /home/airflow/.local/lib/python3.12/site-packages/airflow/example_dags/example_dag_decorator.py took 0.116 seconds
[2025-04-05T23:20:01.411+0000] {processor.py:186} INFO - Started process (PID=307) to work on /home/airflow/.local/lib/python3.12/site-packages/airflow/example_dags/example_dag_decorator.py
[2025-04-05T23:20:01.412+0000] {processor.py:914} INFO - Processing file /home/airflow/.local/lib/python3.12/site-packages/airflow/example_dags/example_dag_decorator.py for tasks to queue
[2025-04-05T23:20:01.413+0000] {logging_mixin.py:190} INFO - [2025-04-05T23:20:01.413+0000] {dagbag.py:588} INFO - Filling up the DagBag from /home/airflow/.local/lib/python3.12/site-packages/airflow/example_dags/example_dag_decorator.py
[2025-04-05T23:20:01.466+0000] {processor.py:925} INFO - DAG(s) 'example_dag_decorator' retrieved from /home/airflow/.local/lib/python3.12/site-packages/airflow/example_dags/example_dag_decorator.py
[2025-04-05T23:20:01.522+0000] {logging_mixin.py:190} INFO - [2025-04-05T23:20:01.521+0000] {dag.py:3239} INFO - Sync 1 DAGs
[2025-04-05T23:20:01.527+0000] {logging_mixin.py:190} INFO - [2025-04-05T23:20:01.527+0000] {dag.py:4180} INFO - Setting next_dagrun for example_dag_decorator to None, run_after=None
[2025-04-05T23:20:01.535+0000] {processor.py:208} INFO - Processing /home/airflow/.local/lib/python3.12/site-packages/airflow/example_dags/example_dag_decorator.py took 0.126 seconds
[2025-04-05T23:20:31.672+0000] {processor.py:186} INFO - Started process (PID=371) to work on /home/airflow/.local/lib/python3.12/site-packages/airflow/example_dags/example_dag_decorator.py
[2025-04-05T23:20:31.673+0000] {processor.py:914} INFO - Processing file /home/airflow/.local/lib/python3.12/site-packages/airflow/example_dags/example_dag_decorator.py for tasks to queue
[2025-04-05T23:20:31.674+0000] {logging_mixin.py:190} INFO - [2025-04-05T23:20:31.674+0000] {dagbag.py:588} INFO - Filling up the DagBag from /home/airflow/.local/lib/python3.12/site-packages/airflow/example_dags/example_dag_decorator.py
[2025-04-05T23:20:31.740+0000] {processor.py:925} INFO - DAG(s) 'example_dag_decorator' retrieved from /home/airflow/.local/lib/python3.12/site-packages/airflow/example_dags/example_dag_decorator.py
[2025-04-05T23:20:31.805+0000] {logging_mixin.py:190} INFO - [2025-04-05T23:20:31.805+0000] {dag.py:3239} INFO - Sync 1 DAGs
[2025-04-05T23:20:31.810+0000] {logging_mixin.py:190} INFO - [2025-04-05T23:20:31.810+0000] {dag.py:4180} INFO - Setting next_dagrun for example_dag_decorator to None, run_after=None
[2025-04-05T23:20:31.818+0000] {processor.py:208} INFO - Processing /home/airflow/.local/lib/python3.12/site-packages/airflow/example_dags/example_dag_decorator.py took 0.153 seconds
[2025-04-05T23:21:01.895+0000] {processor.py:186} INFO - Started process (PID=441) to work on /home/airflow/.local/lib/python3.12/site-packages/airflow/example_dags/example_dag_decorator.py
[2025-04-05T23:21:01.896+0000] {processor.py:914} INFO - Processing file /home/airflow/.local/lib/python3.12/site-packages/airflow/example_dags/example_dag_decorator.py for tasks to queue
[2025-04-05T23:21:01.897+0000] {logging_mixin.py:190} INFO - [2025-04-05T23:21:01.897+0000] {dagbag.py:588} INFO - Filling up the DagBag from /home/airflow/.local/lib/python3.12/site-packages/airflow/example_dags/example_dag_decorator.py
[2025-04-05T23:21:01.954+0000] {processor.py:925} INFO - DAG(s) 'example_dag_decorator' retrieved from /home/airflow/.local/lib/python3.12/site-packages/airflow/example_dags/example_dag_decorator.py
[2025-04-05T23:21:02.006+0000] {logging_mixin.py:190} INFO - [2025-04-05T23:21:02.005+0000] {dag.py:3239} INFO - Sync 1 DAGs
[2025-04-05T23:21:02.011+0000] {logging_mixin.py:190} INFO - [2025-04-05T23:21:02.011+0000] {dag.py:4180} INFO - Setting next_dagrun for example_dag_decorator to None, run_after=None
[2025-04-05T23:21:02.021+0000] {processor.py:208} INFO - Processing /home/airflow/.local/lib/python3.12/site-packages/airflow/example_dags/example_dag_decorator.py took 0.128 seconds
[2025-04-05T23:21:32.227+0000] {processor.py:186} INFO - Started process (PID=504) to work on /home/airflow/.local/lib/python3.12/site-packages/airflow/example_dags/example_dag_decorator.py
[2025-04-05T23:21:32.227+0000] {processor.py:914} INFO - Processing file /home/airflow/.local/lib/python3.12/site-packages/airflow/example_dags/example_dag_decorator.py for tasks to queue
[2025-04-05T23:21:32.228+0000] {logging_mixin.py:190} INFO - [2025-04-05T23:21:32.228+0000] {dagbag.py:588} INFO - Filling up the DagBag from /home/airflow/.local/lib/python3.12/site-packages/airflow/example_dags/example_dag_decorator.py
[2025-04-05T23:21:32.288+0000] {processor.py:925} INFO - DAG(s) 'example_dag_decorator' retrieved from /home/airflow/.local/lib/python3.12/site-packages/airflow/example_dags/example_dag_decorator.py
[2025-04-05T23:21:32.346+0000] {logging_mixin.py:190} INFO - [2025-04-05T23:21:32.346+0000] {dag.py:3239} INFO - Sync 1 DAGs
[2025-04-05T23:21:32.352+0000] {logging_mixin.py:190} INFO - [2025-04-05T23:21:32.352+0000] {dag.py:4180} INFO - Setting next_dagrun for example_dag_decorator to None, run_after=None
[2025-04-05T23:21:32.359+0000] {processor.py:208} INFO - Processing /home/airflow/.local/lib/python3.12/site-packages/airflow/example_dags/example_dag_decorator.py took 0.138 seconds
[2025-04-05T23:22:02.493+0000] {processor.py:186} INFO - Started process (PID=569) to work on /home/airflow/.local/lib/python3.12/site-packages/airflow/example_dags/example_dag_decorator.py
[2025-04-05T23:22:02.494+0000] {processor.py:914} INFO - Processing file /home/airflow/.local/lib/python3.12/site-packages/airflow/example_dags/example_dag_decorator.py for tasks to queue
[2025-04-05T23:22:02.495+0000] {logging_mixin.py:190} INFO - [2025-04-05T23:22:02.495+0000] {dagbag.py:588} INFO - Filling up the DagBag from /home/airflow/.local/lib/python3.12/site-packages/airflow/example_dags/example_dag_decorator.py
[2025-04-05T23:22:02.559+0000] {processor.py:925} INFO - DAG(s) 'example_dag_decorator' retrieved from /home/airflow/.local/lib/python3.12/site-packages/airflow/example_dags/example_dag_decorator.py
[2025-04-05T23:22:02.608+0000] {logging_mixin.py:190} INFO - [2025-04-05T23:22:02.608+0000] {dag.py:3239} INFO - Sync 1 DAGs
[2025-04-05T23:22:02.613+0000] {logging_mixin.py:190} INFO - [2025-04-05T23:22:02.613+0000] {dag.py:4180} INFO - Setting next_dagrun for example_dag_decorator to None, run_after=None
[2025-04-05T23:22:02.620+0000] {processor.py:208} INFO - Processing /home/airflow/.local/lib/python3.12/site-packages/airflow/example_dags/example_dag_decorator.py took 0.133 seconds
[2025-04-05T23:22:32.635+0000] {processor.py:186} INFO - Started process (PID=633) to work on /home/airflow/.local/lib/python3.12/site-packages/airflow/example_dags/example_dag_decorator.py
[2025-04-05T23:22:32.635+0000] {processor.py:914} INFO - Processing file /home/airflow/.local/lib/python3.12/site-packages/airflow/example_dags/example_dag_decorator.py for tasks to queue
[2025-04-05T23:22:32.636+0000] {logging_mixin.py:190} INFO - [2025-04-05T23:22:32.636+0000] {dagbag.py:588} INFO - Filling up the DagBag from /home/airflow/.local/lib/python3.12/site-packages/airflow/example_dags/example_dag_decorator.py
[2025-04-05T23:22:32.673+0000] {processor.py:925} INFO - DAG(s) 'example_dag_decorator' retrieved from /home/airflow/.local/lib/python3.12/site-packages/airflow/example_dags/example_dag_decorator.py
[2025-04-05T23:22:32.683+0000] {logging_mixin.py:190} INFO - [2025-04-05T23:22:32.682+0000] {dag.py:3239} INFO - Sync 1 DAGs
[2025-04-05T23:22:32.688+0000] {logging_mixin.py:190} INFO - [2025-04-05T23:22:32.688+0000] {dag.py:4180} INFO - Setting next_dagrun for example_dag_decorator to None, run_after=None
[2025-04-05T23:22:32.696+0000] {processor.py:208} INFO - Processing /home/airflow/.local/lib/python3.12/site-packages/airflow/example_dags/example_dag_decorator.py took 0.064 seconds
[2025-04-05T23:23:02.893+0000] {processor.py:186} INFO - Started process (PID=696) to work on /home/airflow/.local/lib/python3.12/site-packages/airflow/example_dags/example_dag_decorator.py
[2025-04-05T23:23:02.894+0000] {processor.py:914} INFO - Processing file /home/airflow/.local/lib/python3.12/site-packages/airflow/example_dags/example_dag_decorator.py for tasks to queue
[2025-04-05T23:23:02.895+0000] {logging_mixin.py:190} INFO - [2025-04-05T23:23:02.895+0000] {dagbag.py:588} INFO - Filling up the DagBag from /home/airflow/.local/lib/python3.12/site-packages/airflow/example_dags/example_dag_decorator.py
[2025-04-05T23:23:02.976+0000] {processor.py:925} INFO - DAG(s) 'example_dag_decorator' retrieved from /home/airflow/.local/lib/python3.12/site-packages/airflow/example_dags/example_dag_decorator.py
[2025-04-05T23:23:03.033+0000] {logging_mixin.py:190} INFO - [2025-04-05T23:23:03.032+0000] {dag.py:3239} INFO - Sync 1 DAGs
[2025-04-05T23:23:03.038+0000] {logging_mixin.py:190} INFO - [2025-04-05T23:23:03.038+0000] {dag.py:4180} INFO - Setting next_dagrun for example_dag_decorator to None, run_after=None
[2025-04-05T23:23:03.045+0000] {processor.py:208} INFO - Processing /home/airflow/.local/lib/python3.12/site-packages/airflow/example_dags/example_dag_decorator.py took 0.155 seconds
[2025-04-05T23:23:33.106+0000] {processor.py:186} INFO - Started process (PID=760) to work on /home/airflow/.local/lib/python3.12/site-packages/airflow/example_dags/example_dag_decorator.py
[2025-04-05T23:23:33.107+0000] {processor.py:914} INFO - Processing file /home/airflow/.local/lib/python3.12/site-packages/airflow/example_dags/example_dag_decorator.py for tasks to queue
[2025-04-05T23:23:33.108+0000] {logging_mixin.py:190} INFO - [2025-04-05T23:23:33.108+0000] {dagbag.py:588} INFO - Filling up the DagBag from /home/airflow/.local/lib/python3.12/site-packages/airflow/example_dags/example_dag_decorator.py
[2025-04-05T23:23:33.167+0000] {processor.py:925} INFO - DAG(s) 'example_dag_decorator' retrieved from /home/airflow/.local/lib/python3.12/site-packages/airflow/example_dags/example_dag_decorator.py
[2025-04-05T23:23:33.214+0000] {logging_mixin.py:190} INFO - [2025-04-05T23:23:33.214+0000] {dag.py:3239} INFO - Sync 1 DAGs
[2025-04-05T23:23:33.219+0000] {logging_mixin.py:190} INFO - [2025-04-05T23:23:33.219+0000] {dag.py:4180} INFO - Setting next_dagrun for example_dag_decorator to None, run_after=None
[2025-04-05T23:23:33.226+0000] {processor.py:208} INFO - Processing /home/airflow/.local/lib/python3.12/site-packages/airflow/example_dags/example_dag_decorator.py took 0.123 seconds
[2025-04-05T23:24:03.308+0000] {processor.py:186} INFO - Started process (PID=825) to work on /home/airflow/.local/lib/python3.12/site-packages/airflow/example_dags/example_dag_decorator.py
[2025-04-05T23:24:03.309+0000] {processor.py:914} INFO - Processing file /home/airflow/.local/lib/python3.12/site-packages/airflow/example_dags/example_dag_decorator.py for tasks to queue
[2025-04-05T23:24:03.310+0000] {logging_mixin.py:190} INFO - [2025-04-05T23:24:03.310+0000] {dagbag.py:588} INFO - Filling up the DagBag from /home/airflow/.local/lib/python3.12/site-packages/airflow/example_dags/example_dag_decorator.py
[2025-04-05T23:24:03.367+0000] {processor.py:925} INFO - DAG(s) 'example_dag_decorator' retrieved from /home/airflow/.local/lib/python3.12/site-packages/airflow/example_dags/example_dag_decorator.py
[2025-04-05T23:24:03.422+0000] {logging_mixin.py:190} INFO - [2025-04-05T23:24:03.421+0000] {dag.py:3239} INFO - Sync 1 DAGs
[2025-04-05T23:24:03.427+0000] {logging_mixin.py:190} INFO - [2025-04-05T23:24:03.427+0000] {dag.py:4180} INFO - Setting next_dagrun for example_dag_decorator to None, run_after=None
[2025-04-05T23:24:03.434+0000] {processor.py:208} INFO - Processing /home/airflow/.local/lib/python3.12/site-packages/airflow/example_dags/example_dag_decorator.py took 0.129 seconds
[2025-04-05T23:24:29.663+0000] {processor.py:186} INFO - Started process (PID=49) to work on /home/airflow/.local/lib/python3.12/site-packages/airflow/example_dags/example_dag_decorator.py
[2025-04-05T23:24:29.664+0000] {processor.py:914} INFO - Processing file /home/airflow/.local/lib/python3.12/site-packages/airflow/example_dags/example_dag_decorator.py for tasks to queue
[2025-04-05T23:24:29.667+0000] {logging_mixin.py:190} INFO - [2025-04-05T23:24:29.667+0000] {dagbag.py:588} INFO - Filling up the DagBag from /home/airflow/.local/lib/python3.12/site-packages/airflow/example_dags/example_dag_decorator.py
[2025-04-05T23:24:29.998+0000] {processor.py:925} INFO - DAG(s) 'example_dag_decorator' retrieved from /home/airflow/.local/lib/python3.12/site-packages/airflow/example_dags/example_dag_decorator.py
[2025-04-05T23:24:30.009+0000] {logging_mixin.py:190} INFO - [2025-04-05T23:24:30.008+0000] {dag.py:3239} INFO - Sync 1 DAGs
[2025-04-05T23:24:30.019+0000] {logging_mixin.py:190} INFO - [2025-04-05T23:24:30.019+0000] {dag.py:4180} INFO - Setting next_dagrun for example_dag_decorator to None, run_after=None
[2025-04-05T23:24:30.029+0000] {processor.py:208} INFO - Processing /home/airflow/.local/lib/python3.12/site-packages/airflow/example_dags/example_dag_decorator.py took 0.374 seconds
[2025-04-05T23:25:00.885+0000] {processor.py:186} INFO - Started process (PID=113) to work on /home/airflow/.local/lib/python3.12/site-packages/airflow/example_dags/example_dag_decorator.py
[2025-04-05T23:25:00.893+0000] {processor.py:914} INFO - Processing file /home/airflow/.local/lib/python3.12/site-packages/airflow/example_dags/example_dag_decorator.py for tasks to queue
[2025-04-05T23:25:00.895+0000] {logging_mixin.py:190} INFO - [2025-04-05T23:25:00.895+0000] {dagbag.py:588} INFO - Filling up the DagBag from /home/airflow/.local/lib/python3.12/site-packages/airflow/example_dags/example_dag_decorator.py
[2025-04-05T23:25:00.991+0000] {processor.py:925} INFO - DAG(s) 'example_dag_decorator' retrieved from /home/airflow/.local/lib/python3.12/site-packages/airflow/example_dags/example_dag_decorator.py
[2025-04-05T23:25:01.055+0000] {logging_mixin.py:190} INFO - [2025-04-05T23:25:01.055+0000] {dag.py:3239} INFO - Sync 1 DAGs
[2025-04-05T23:25:01.061+0000] {logging_mixin.py:190} INFO - [2025-04-05T23:25:01.061+0000] {dag.py:4180} INFO - Setting next_dagrun for example_dag_decorator to None, run_after=None
[2025-04-05T23:25:01.068+0000] {processor.py:208} INFO - Processing /home/airflow/.local/lib/python3.12/site-packages/airflow/example_dags/example_dag_decorator.py took 0.187 seconds
[2025-04-05T23:25:31.104+0000] {processor.py:186} INFO - Started process (PID=177) to work on /home/airflow/.local/lib/python3.12/site-packages/airflow/example_dags/example_dag_decorator.py
[2025-04-05T23:25:31.105+0000] {processor.py:914} INFO - Processing file /home/airflow/.local/lib/python3.12/site-packages/airflow/example_dags/example_dag_decorator.py for tasks to queue
[2025-04-05T23:25:31.107+0000] {logging_mixin.py:190} INFO - [2025-04-05T23:25:31.107+0000] {dagbag.py:588} INFO - Filling up the DagBag from /home/airflow/.local/lib/python3.12/site-packages/airflow/example_dags/example_dag_decorator.py
[2025-04-05T23:25:31.164+0000] {processor.py:925} INFO - DAG(s) 'example_dag_decorator' retrieved from /home/airflow/.local/lib/python3.12/site-packages/airflow/example_dags/example_dag_decorator.py
[2025-04-05T23:25:31.218+0000] {logging_mixin.py:190} INFO - [2025-04-05T23:25:31.218+0000] {dag.py:3239} INFO - Sync 1 DAGs
[2025-04-05T23:25:31.224+0000] {logging_mixin.py:190} INFO - [2025-04-05T23:25:31.224+0000] {dag.py:4180} INFO - Setting next_dagrun for example_dag_decorator to None, run_after=None
[2025-04-05T23:25:31.232+0000] {processor.py:208} INFO - Processing /home/airflow/.local/lib/python3.12/site-packages/airflow/example_dags/example_dag_decorator.py took 0.132 seconds
[2025-04-05T23:26:01.474+0000] {processor.py:186} INFO - Started process (PID=241) to work on /home/airflow/.local/lib/python3.12/site-packages/airflow/example_dags/example_dag_decorator.py
[2025-04-05T23:26:01.476+0000] {processor.py:914} INFO - Processing file /home/airflow/.local/lib/python3.12/site-packages/airflow/example_dags/example_dag_decorator.py for tasks to queue
[2025-04-05T23:26:01.478+0000] {logging_mixin.py:190} INFO - [2025-04-05T23:26:01.478+0000] {dagbag.py:588} INFO - Filling up the DagBag from /home/airflow/.local/lib/python3.12/site-packages/airflow/example_dags/example_dag_decorator.py
[2025-04-05T23:26:01.568+0000] {processor.py:925} INFO - DAG(s) 'example_dag_decorator' retrieved from /home/airflow/.local/lib/python3.12/site-packages/airflow/example_dags/example_dag_decorator.py
[2025-04-05T23:26:01.635+0000] {logging_mixin.py:190} INFO - [2025-04-05T23:26:01.634+0000] {dag.py:3239} INFO - Sync 1 DAGs
[2025-04-05T23:26:01.643+0000] {logging_mixin.py:190} INFO - [2025-04-05T23:26:01.643+0000] {dag.py:4180} INFO - Setting next_dagrun for example_dag_decorator to None, run_after=None
[2025-04-05T23:26:01.654+0000] {processor.py:208} INFO - Processing /home/airflow/.local/lib/python3.12/site-packages/airflow/example_dags/example_dag_decorator.py took 0.185 seconds
[2025-04-05T23:26:31.772+0000] {processor.py:186} INFO - Started process (PID=305) to work on /home/airflow/.local/lib/python3.12/site-packages/airflow/example_dags/example_dag_decorator.py
[2025-04-05T23:26:31.773+0000] {processor.py:914} INFO - Processing file /home/airflow/.local/lib/python3.12/site-packages/airflow/example_dags/example_dag_decorator.py for tasks to queue
[2025-04-05T23:26:31.775+0000] {logging_mixin.py:190} INFO - [2025-04-05T23:26:31.775+0000] {dagbag.py:588} INFO - Filling up the DagBag from /home/airflow/.local/lib/python3.12/site-packages/airflow/example_dags/example_dag_decorator.py
[2025-04-05T23:26:31.857+0000] {processor.py:925} INFO - DAG(s) 'example_dag_decorator' retrieved from /home/airflow/.local/lib/python3.12/site-packages/airflow/example_dags/example_dag_decorator.py
[2025-04-05T23:26:31.930+0000] {logging_mixin.py:190} INFO - [2025-04-05T23:26:31.929+0000] {dag.py:3239} INFO - Sync 1 DAGs
[2025-04-05T23:26:31.937+0000] {logging_mixin.py:190} INFO - [2025-04-05T23:26:31.937+0000] {dag.py:4180} INFO - Setting next_dagrun for example_dag_decorator to None, run_after=None
[2025-04-05T23:26:31.950+0000] {processor.py:208} INFO - Processing /home/airflow/.local/lib/python3.12/site-packages/airflow/example_dags/example_dag_decorator.py took 0.184 seconds
[2025-04-05T23:27:02.930+0000] {processor.py:186} INFO - Started process (PID=376) to work on /home/airflow/.local/lib/python3.12/site-packages/airflow/example_dags/example_dag_decorator.py
[2025-04-05T23:27:02.931+0000] {processor.py:914} INFO - Processing file /home/airflow/.local/lib/python3.12/site-packages/airflow/example_dags/example_dag_decorator.py for tasks to queue
[2025-04-05T23:27:02.933+0000] {logging_mixin.py:190} INFO - [2025-04-05T23:27:02.932+0000] {dagbag.py:588} INFO - Filling up the DagBag from /home/airflow/.local/lib/python3.12/site-packages/airflow/example_dags/example_dag_decorator.py
[2025-04-05T23:27:02.982+0000] {processor.py:925} INFO - DAG(s) 'example_dag_decorator' retrieved from /home/airflow/.local/lib/python3.12/site-packages/airflow/example_dags/example_dag_decorator.py
[2025-04-05T23:27:03.033+0000] {logging_mixin.py:190} INFO - [2025-04-05T23:27:03.033+0000] {dag.py:3239} INFO - Sync 1 DAGs
[2025-04-05T23:27:03.039+0000] {logging_mixin.py:190} INFO - [2025-04-05T23:27:03.039+0000] {dag.py:4180} INFO - Setting next_dagrun for example_dag_decorator to None, run_after=None
[2025-04-05T23:27:03.051+0000] {processor.py:208} INFO - Processing /home/airflow/.local/lib/python3.12/site-packages/airflow/example_dags/example_dag_decorator.py took 0.127 seconds
[2025-04-05T23:27:33.204+0000] {processor.py:186} INFO - Started process (PID=440) to work on /home/airflow/.local/lib/python3.12/site-packages/airflow/example_dags/example_dag_decorator.py
[2025-04-05T23:27:33.209+0000] {processor.py:914} INFO - Processing file /home/airflow/.local/lib/python3.12/site-packages/airflow/example_dags/example_dag_decorator.py for tasks to queue
[2025-04-05T23:27:33.211+0000] {logging_mixin.py:190} INFO - [2025-04-05T23:27:33.211+0000] {dagbag.py:588} INFO - Filling up the DagBag from /home/airflow/.local/lib/python3.12/site-packages/airflow/example_dags/example_dag_decorator.py
[2025-04-05T23:27:33.272+0000] {processor.py:925} INFO - DAG(s) 'example_dag_decorator' retrieved from /home/airflow/.local/lib/python3.12/site-packages/airflow/example_dags/example_dag_decorator.py
[2025-04-05T23:27:33.333+0000] {logging_mixin.py:190} INFO - [2025-04-05T23:27:33.333+0000] {dag.py:3239} INFO - Sync 1 DAGs
[2025-04-05T23:27:33.338+0000] {logging_mixin.py:190} INFO - [2025-04-05T23:27:33.338+0000] {dag.py:4180} INFO - Setting next_dagrun for example_dag_decorator to None, run_after=None
[2025-04-05T23:27:33.348+0000] {processor.py:208} INFO - Processing /home/airflow/.local/lib/python3.12/site-packages/airflow/example_dags/example_dag_decorator.py took 0.152 seconds
[2025-04-05T23:28:03.519+0000] {processor.py:186} INFO - Started process (PID=504) to work on /home/airflow/.local/lib/python3.12/site-packages/airflow/example_dags/example_dag_decorator.py
[2025-04-05T23:28:03.521+0000] {processor.py:914} INFO - Processing file /home/airflow/.local/lib/python3.12/site-packages/airflow/example_dags/example_dag_decorator.py for tasks to queue
[2025-04-05T23:28:03.524+0000] {logging_mixin.py:190} INFO - [2025-04-05T23:28:03.524+0000] {dagbag.py:588} INFO - Filling up the DagBag from /home/airflow/.local/lib/python3.12/site-packages/airflow/example_dags/example_dag_decorator.py
[2025-04-05T23:28:03.621+0000] {processor.py:925} INFO - DAG(s) 'example_dag_decorator' retrieved from /home/airflow/.local/lib/python3.12/site-packages/airflow/example_dags/example_dag_decorator.py
[2025-04-05T23:28:03.640+0000] {logging_mixin.py:190} INFO - [2025-04-05T23:28:03.640+0000] {dag.py:3239} INFO - Sync 1 DAGs
[2025-04-05T23:28:03.649+0000] {logging_mixin.py:190} INFO - [2025-04-05T23:28:03.649+0000] {dag.py:4180} INFO - Setting next_dagrun for example_dag_decorator to None, run_after=None
[2025-04-05T23:28:03.664+0000] {processor.py:208} INFO - Processing /home/airflow/.local/lib/python3.12/site-packages/airflow/example_dags/example_dag_decorator.py took 0.159 seconds
[2025-04-05T23:28:33.699+0000] {processor.py:186} INFO - Started process (PID=568) to work on /home/airflow/.local/lib/python3.12/site-packages/airflow/example_dags/example_dag_decorator.py
[2025-04-05T23:28:33.700+0000] {processor.py:914} INFO - Processing file /home/airflow/.local/lib/python3.12/site-packages/airflow/example_dags/example_dag_decorator.py for tasks to queue
[2025-04-05T23:28:33.702+0000] {logging_mixin.py:190} INFO - [2025-04-05T23:28:33.702+0000] {dagbag.py:588} INFO - Filling up the DagBag from /home/airflow/.local/lib/python3.12/site-packages/airflow/example_dags/example_dag_decorator.py
[2025-04-05T23:28:33.750+0000] {processor.py:925} INFO - DAG(s) 'example_dag_decorator' retrieved from /home/airflow/.local/lib/python3.12/site-packages/airflow/example_dags/example_dag_decorator.py
[2025-04-05T23:28:33.810+0000] {logging_mixin.py:190} INFO - [2025-04-05T23:28:33.810+0000] {dag.py:3239} INFO - Sync 1 DAGs
[2025-04-05T23:28:33.819+0000] {logging_mixin.py:190} INFO - [2025-04-05T23:28:33.819+0000] {dag.py:4180} INFO - Setting next_dagrun for example_dag_decorator to None, run_after=None
[2025-04-05T23:28:33.827+0000] {processor.py:208} INFO - Processing /home/airflow/.local/lib/python3.12/site-packages/airflow/example_dags/example_dag_decorator.py took 0.133 seconds
[2025-04-05T23:29:03.939+0000] {processor.py:186} INFO - Started process (PID=632) to work on /home/airflow/.local/lib/python3.12/site-packages/airflow/example_dags/example_dag_decorator.py
[2025-04-05T23:29:03.941+0000] {processor.py:914} INFO - Processing file /home/airflow/.local/lib/python3.12/site-packages/airflow/example_dags/example_dag_decorator.py for tasks to queue
[2025-04-05T23:29:03.944+0000] {logging_mixin.py:190} INFO - [2025-04-05T23:29:03.944+0000] {dagbag.py:588} INFO - Filling up the DagBag from /home/airflow/.local/lib/python3.12/site-packages/airflow/example_dags/example_dag_decorator.py
[2025-04-05T23:29:04.013+0000] {processor.py:925} INFO - DAG(s) 'example_dag_decorator' retrieved from /home/airflow/.local/lib/python3.12/site-packages/airflow/example_dags/example_dag_decorator.py
[2025-04-05T23:29:04.076+0000] {logging_mixin.py:190} INFO - [2025-04-05T23:29:04.075+0000] {dag.py:3239} INFO - Sync 1 DAGs
[2025-04-05T23:29:04.083+0000] {logging_mixin.py:190} INFO - [2025-04-05T23:29:04.083+0000] {dag.py:4180} INFO - Setting next_dagrun for example_dag_decorator to None, run_after=None
[2025-04-05T23:29:04.094+0000] {processor.py:208} INFO - Processing /home/airflow/.local/lib/python3.12/site-packages/airflow/example_dags/example_dag_decorator.py took 0.161 seconds
[2025-04-05T23:29:34.432+0000] {processor.py:186} INFO - Started process (PID=695) to work on /home/airflow/.local/lib/python3.12/site-packages/airflow/example_dags/example_dag_decorator.py
[2025-04-05T23:29:34.434+0000] {processor.py:914} INFO - Processing file /home/airflow/.local/lib/python3.12/site-packages/airflow/example_dags/example_dag_decorator.py for tasks to queue
[2025-04-05T23:29:34.436+0000] {logging_mixin.py:190} INFO - [2025-04-05T23:29:34.436+0000] {dagbag.py:588} INFO - Filling up the DagBag from /home/airflow/.local/lib/python3.12/site-packages/airflow/example_dags/example_dag_decorator.py
[2025-04-05T23:29:34.518+0000] {processor.py:925} INFO - DAG(s) 'example_dag_decorator' retrieved from /home/airflow/.local/lib/python3.12/site-packages/airflow/example_dags/example_dag_decorator.py
[2025-04-05T23:29:34.581+0000] {logging_mixin.py:190} INFO - [2025-04-05T23:29:34.581+0000] {dag.py:3239} INFO - Sync 1 DAGs
[2025-04-05T23:29:34.586+0000] {logging_mixin.py:190} INFO - [2025-04-05T23:29:34.586+0000] {dag.py:4180} INFO - Setting next_dagrun for example_dag_decorator to None, run_after=None
[2025-04-05T23:29:34.596+0000] {processor.py:208} INFO - Processing /home/airflow/.local/lib/python3.12/site-packages/airflow/example_dags/example_dag_decorator.py took 0.172 seconds
[2025-04-05T23:30:05.592+0000] {processor.py:186} INFO - Started process (PID=759) to work on /home/airflow/.local/lib/python3.12/site-packages/airflow/example_dags/example_dag_decorator.py
[2025-04-05T23:30:05.592+0000] {processor.py:914} INFO - Processing file /home/airflow/.local/lib/python3.12/site-packages/airflow/example_dags/example_dag_decorator.py for tasks to queue
[2025-04-05T23:30:05.594+0000] {logging_mixin.py:190} INFO - [2025-04-05T23:30:05.593+0000] {dagbag.py:588} INFO - Filling up the DagBag from /home/airflow/.local/lib/python3.12/site-packages/airflow/example_dags/example_dag_decorator.py
[2025-04-05T23:30:05.635+0000] {processor.py:925} INFO - DAG(s) 'example_dag_decorator' retrieved from /home/airflow/.local/lib/python3.12/site-packages/airflow/example_dags/example_dag_decorator.py
[2025-04-05T23:30:05.648+0000] {logging_mixin.py:190} INFO - [2025-04-05T23:30:05.648+0000] {dag.py:3239} INFO - Sync 1 DAGs
[2025-04-05T23:30:05.656+0000] {logging_mixin.py:190} INFO - [2025-04-05T23:30:05.656+0000] {dag.py:4180} INFO - Setting next_dagrun for example_dag_decorator to None, run_after=None
[2025-04-05T23:30:05.666+0000] {processor.py:208} INFO - Processing /home/airflow/.local/lib/python3.12/site-packages/airflow/example_dags/example_dag_decorator.py took 0.078 seconds
[2025-04-05T23:30:35.765+0000] {processor.py:186} INFO - Started process (PID=823) to work on /home/airflow/.local/lib/python3.12/site-packages/airflow/example_dags/example_dag_decorator.py
[2025-04-05T23:30:35.767+0000] {processor.py:914} INFO - Processing file /home/airflow/.local/lib/python3.12/site-packages/airflow/example_dags/example_dag_decorator.py for tasks to queue
[2025-04-05T23:30:35.769+0000] {logging_mixin.py:190} INFO - [2025-04-05T23:30:35.769+0000] {dagbag.py:588} INFO - Filling up the DagBag from /home/airflow/.local/lib/python3.12/site-packages/airflow/example_dags/example_dag_decorator.py
[2025-04-05T23:30:35.856+0000] {processor.py:925} INFO - DAG(s) 'example_dag_decorator' retrieved from /home/airflow/.local/lib/python3.12/site-packages/airflow/example_dags/example_dag_decorator.py
[2025-04-05T23:30:35.915+0000] {logging_mixin.py:190} INFO - [2025-04-05T23:30:35.915+0000] {dag.py:3239} INFO - Sync 1 DAGs
[2025-04-05T23:30:35.920+0000] {logging_mixin.py:190} INFO - [2025-04-05T23:30:35.920+0000] {dag.py:4180} INFO - Setting next_dagrun for example_dag_decorator to None, run_after=None
[2025-04-05T23:30:35.931+0000] {processor.py:208} INFO - Processing /home/airflow/.local/lib/python3.12/site-packages/airflow/example_dags/example_dag_decorator.py took 0.173 seconds
[2025-04-05T23:31:06.004+0000] {processor.py:186} INFO - Started process (PID=887) to work on /home/airflow/.local/lib/python3.12/site-packages/airflow/example_dags/example_dag_decorator.py
[2025-04-05T23:31:06.006+0000] {processor.py:914} INFO - Processing file /home/airflow/.local/lib/python3.12/site-packages/airflow/example_dags/example_dag_decorator.py for tasks to queue
[2025-04-05T23:31:06.007+0000] {logging_mixin.py:190} INFO - [2025-04-05T23:31:06.007+0000] {dagbag.py:588} INFO - Filling up the DagBag from /home/airflow/.local/lib/python3.12/site-packages/airflow/example_dags/example_dag_decorator.py
[2025-04-05T23:31:06.079+0000] {processor.py:925} INFO - DAG(s) 'example_dag_decorator' retrieved from /home/airflow/.local/lib/python3.12/site-packages/airflow/example_dags/example_dag_decorator.py
[2025-04-05T23:31:06.154+0000] {logging_mixin.py:190} INFO - [2025-04-05T23:31:06.154+0000] {dag.py:3239} INFO - Sync 1 DAGs
[2025-04-05T23:31:06.159+0000] {logging_mixin.py:190} INFO - [2025-04-05T23:31:06.159+0000] {dag.py:4180} INFO - Setting next_dagrun for example_dag_decorator to None, run_after=None
[2025-04-05T23:31:06.171+0000] {processor.py:208} INFO - Processing /home/airflow/.local/lib/python3.12/site-packages/airflow/example_dags/example_dag_decorator.py took 0.173 seconds
[2025-04-05T23:31:36.199+0000] {processor.py:186} INFO - Started process (PID=951) to work on /home/airflow/.local/lib/python3.12/site-packages/airflow/example_dags/example_dag_decorator.py
[2025-04-05T23:31:36.201+0000] {processor.py:914} INFO - Processing file /home/airflow/.local/lib/python3.12/site-packages/airflow/example_dags/example_dag_decorator.py for tasks to queue
[2025-04-05T23:31:36.203+0000] {logging_mixin.py:190} INFO - [2025-04-05T23:31:36.203+0000] {dagbag.py:588} INFO - Filling up the DagBag from /home/airflow/.local/lib/python3.12/site-packages/airflow/example_dags/example_dag_decorator.py
[2025-04-05T23:31:36.285+0000] {processor.py:925} INFO - DAG(s) 'example_dag_decorator' retrieved from /home/airflow/.local/lib/python3.12/site-packages/airflow/example_dags/example_dag_decorator.py
[2025-04-05T23:31:36.300+0000] {logging_mixin.py:190} INFO - [2025-04-05T23:31:36.299+0000] {dag.py:3239} INFO - Sync 1 DAGs
[2025-04-05T23:31:36.308+0000] {logging_mixin.py:190} INFO - [2025-04-05T23:31:36.308+0000] {dag.py:4180} INFO - Setting next_dagrun for example_dag_decorator to None, run_after=None
[2025-04-05T23:31:36.319+0000] {processor.py:208} INFO - Processing /home/airflow/.local/lib/python3.12/site-packages/airflow/example_dags/example_dag_decorator.py took 0.126 seconds
[2025-04-05T23:32:06.446+0000] {processor.py:186} INFO - Started process (PID=1015) to work on /home/airflow/.local/lib/python3.12/site-packages/airflow/example_dags/example_dag_decorator.py
[2025-04-05T23:32:06.448+0000] {processor.py:914} INFO - Processing file /home/airflow/.local/lib/python3.12/site-packages/airflow/example_dags/example_dag_decorator.py for tasks to queue
[2025-04-05T23:32:06.451+0000] {logging_mixin.py:190} INFO - [2025-04-05T23:32:06.451+0000] {dagbag.py:588} INFO - Filling up the DagBag from /home/airflow/.local/lib/python3.12/site-packages/airflow/example_dags/example_dag_decorator.py
[2025-04-05T23:32:06.524+0000] {processor.py:925} INFO - DAG(s) 'example_dag_decorator' retrieved from /home/airflow/.local/lib/python3.12/site-packages/airflow/example_dags/example_dag_decorator.py
[2025-04-05T23:32:06.589+0000] {logging_mixin.py:190} INFO - [2025-04-05T23:32:06.589+0000] {dag.py:3239} INFO - Sync 1 DAGs
[2025-04-05T23:32:06.596+0000] {logging_mixin.py:190} INFO - [2025-04-05T23:32:06.596+0000] {dag.py:4180} INFO - Setting next_dagrun for example_dag_decorator to None, run_after=None
[2025-04-05T23:32:06.608+0000] {processor.py:208} INFO - Processing /home/airflow/.local/lib/python3.12/site-packages/airflow/example_dags/example_dag_decorator.py took 0.169 seconds
[2025-04-05T23:32:36.783+0000] {processor.py:186} INFO - Started process (PID=1079) to work on /home/airflow/.local/lib/python3.12/site-packages/airflow/example_dags/example_dag_decorator.py
[2025-04-05T23:32:36.784+0000] {processor.py:914} INFO - Processing file /home/airflow/.local/lib/python3.12/site-packages/airflow/example_dags/example_dag_decorator.py for tasks to queue
[2025-04-05T23:32:36.786+0000] {logging_mixin.py:190} INFO - [2025-04-05T23:32:36.785+0000] {dagbag.py:588} INFO - Filling up the DagBag from /home/airflow/.local/lib/python3.12/site-packages/airflow/example_dags/example_dag_decorator.py
[2025-04-05T23:32:36.845+0000] {processor.py:925} INFO - DAG(s) 'example_dag_decorator' retrieved from /home/airflow/.local/lib/python3.12/site-packages/airflow/example_dags/example_dag_decorator.py
[2025-04-05T23:32:36.856+0000] {logging_mixin.py:190} INFO - [2025-04-05T23:32:36.856+0000] {dag.py:3239} INFO - Sync 1 DAGs
[2025-04-05T23:32:36.862+0000] {logging_mixin.py:190} INFO - [2025-04-05T23:32:36.862+0000] {dag.py:4180} INFO - Setting next_dagrun for example_dag_decorator to None, run_after=None
[2025-04-05T23:32:36.870+0000] {processor.py:208} INFO - Processing /home/airflow/.local/lib/python3.12/site-packages/airflow/example_dags/example_dag_decorator.py took 0.094 seconds
[2025-04-05T23:33:06.943+0000] {processor.py:186} INFO - Started process (PID=1143) to work on /home/airflow/.local/lib/python3.12/site-packages/airflow/example_dags/example_dag_decorator.py
[2025-04-05T23:33:06.945+0000] {processor.py:914} INFO - Processing file /home/airflow/.local/lib/python3.12/site-packages/airflow/example_dags/example_dag_decorator.py for tasks to queue
[2025-04-05T23:33:06.948+0000] {logging_mixin.py:190} INFO - [2025-04-05T23:33:06.948+0000] {dagbag.py:588} INFO - Filling up the DagBag from /home/airflow/.local/lib/python3.12/site-packages/airflow/example_dags/example_dag_decorator.py
[2025-04-05T23:33:07.008+0000] {processor.py:925} INFO - DAG(s) 'example_dag_decorator' retrieved from /home/airflow/.local/lib/python3.12/site-packages/airflow/example_dags/example_dag_decorator.py
[2025-04-05T23:33:07.028+0000] {logging_mixin.py:190} INFO - [2025-04-05T23:33:07.027+0000] {dag.py:3239} INFO - Sync 1 DAGs
[2025-04-05T23:33:07.035+0000] {logging_mixin.py:190} INFO - [2025-04-05T23:33:07.035+0000] {dag.py:4180} INFO - Setting next_dagrun for example_dag_decorator to None, run_after=None
[2025-04-05T23:33:07.045+0000] {processor.py:208} INFO - Processing /home/airflow/.local/lib/python3.12/site-packages/airflow/example_dags/example_dag_decorator.py took 0.108 seconds
[2025-04-05T23:33:37.075+0000] {processor.py:186} INFO - Started process (PID=1207) to work on /home/airflow/.local/lib/python3.12/site-packages/airflow/example_dags/example_dag_decorator.py
[2025-04-05T23:33:37.077+0000] {processor.py:914} INFO - Processing file /home/airflow/.local/lib/python3.12/site-packages/airflow/example_dags/example_dag_decorator.py for tasks to queue
[2025-04-05T23:33:37.079+0000] {logging_mixin.py:190} INFO - [2025-04-05T23:33:37.079+0000] {dagbag.py:588} INFO - Filling up the DagBag from /home/airflow/.local/lib/python3.12/site-packages/airflow/example_dags/example_dag_decorator.py
[2025-04-05T23:33:37.157+0000] {processor.py:925} INFO - DAG(s) 'example_dag_decorator' retrieved from /home/airflow/.local/lib/python3.12/site-packages/airflow/example_dags/example_dag_decorator.py
[2025-04-05T23:33:37.171+0000] {logging_mixin.py:190} INFO - [2025-04-05T23:33:37.171+0000] {dag.py:3239} INFO - Sync 1 DAGs
[2025-04-05T23:33:37.179+0000] {logging_mixin.py:190} INFO - [2025-04-05T23:33:37.179+0000] {dag.py:4180} INFO - Setting next_dagrun for example_dag_decorator to None, run_after=None
[2025-04-05T23:33:37.187+0000] {processor.py:208} INFO - Processing /home/airflow/.local/lib/python3.12/site-packages/airflow/example_dags/example_dag_decorator.py took 0.117 seconds
[2025-04-05T23:34:07.504+0000] {processor.py:186} INFO - Started process (PID=1272) to work on /home/airflow/.local/lib/python3.12/site-packages/airflow/example_dags/example_dag_decorator.py
[2025-04-05T23:34:07.506+0000] {processor.py:914} INFO - Processing file /home/airflow/.local/lib/python3.12/site-packages/airflow/example_dags/example_dag_decorator.py for tasks to queue
[2025-04-05T23:34:07.508+0000] {logging_mixin.py:190} INFO - [2025-04-05T23:34:07.508+0000] {dagbag.py:588} INFO - Filling up the DagBag from /home/airflow/.local/lib/python3.12/site-packages/airflow/example_dags/example_dag_decorator.py
[2025-04-05T23:34:07.571+0000] {processor.py:925} INFO - DAG(s) 'example_dag_decorator' retrieved from /home/airflow/.local/lib/python3.12/site-packages/airflow/example_dags/example_dag_decorator.py
[2025-04-05T23:34:07.625+0000] {logging_mixin.py:190} INFO - [2025-04-05T23:34:07.625+0000] {dag.py:3239} INFO - Sync 1 DAGs
[2025-04-05T23:34:07.631+0000] {logging_mixin.py:190} INFO - [2025-04-05T23:34:07.631+0000] {dag.py:4180} INFO - Setting next_dagrun for example_dag_decorator to None, run_after=None
[2025-04-05T23:34:07.638+0000] {processor.py:208} INFO - Processing /home/airflow/.local/lib/python3.12/site-packages/airflow/example_dags/example_dag_decorator.py took 0.141 seconds
[2025-04-05T23:34:37.970+0000] {processor.py:186} INFO - Started process (PID=1335) to work on /home/airflow/.local/lib/python3.12/site-packages/airflow/example_dags/example_dag_decorator.py
[2025-04-05T23:34:37.972+0000] {processor.py:914} INFO - Processing file /home/airflow/.local/lib/python3.12/site-packages/airflow/example_dags/example_dag_decorator.py for tasks to queue
[2025-04-05T23:34:37.974+0000] {logging_mixin.py:190} INFO - [2025-04-05T23:34:37.973+0000] {dagbag.py:588} INFO - Filling up the DagBag from /home/airflow/.local/lib/python3.12/site-packages/airflow/example_dags/example_dag_decorator.py
[2025-04-05T23:34:38.040+0000] {processor.py:925} INFO - DAG(s) 'example_dag_decorator' retrieved from /home/airflow/.local/lib/python3.12/site-packages/airflow/example_dags/example_dag_decorator.py
[2025-04-05T23:34:38.094+0000] {logging_mixin.py:190} INFO - [2025-04-05T23:34:38.093+0000] {dag.py:3239} INFO - Sync 1 DAGs
[2025-04-05T23:34:38.099+0000] {logging_mixin.py:190} INFO - [2025-04-05T23:34:38.099+0000] {dag.py:4180} INFO - Setting next_dagrun for example_dag_decorator to None, run_after=None
[2025-04-05T23:34:38.108+0000] {processor.py:208} INFO - Processing /home/airflow/.local/lib/python3.12/site-packages/airflow/example_dags/example_dag_decorator.py took 0.144 seconds
[2025-04-05T23:35:08.831+0000] {processor.py:186} INFO - Started process (PID=1399) to work on /home/airflow/.local/lib/python3.12/site-packages/airflow/example_dags/example_dag_decorator.py
[2025-04-05T23:35:08.833+0000] {processor.py:914} INFO - Processing file /home/airflow/.local/lib/python3.12/site-packages/airflow/example_dags/example_dag_decorator.py for tasks to queue
[2025-04-05T23:35:08.835+0000] {logging_mixin.py:190} INFO - [2025-04-05T23:35:08.835+0000] {dagbag.py:588} INFO - Filling up the DagBag from /home/airflow/.local/lib/python3.12/site-packages/airflow/example_dags/example_dag_decorator.py
[2025-04-05T23:35:08.903+0000] {processor.py:925} INFO - DAG(s) 'example_dag_decorator' retrieved from /home/airflow/.local/lib/python3.12/site-packages/airflow/example_dags/example_dag_decorator.py
[2025-04-05T23:35:08.915+0000] {logging_mixin.py:190} INFO - [2025-04-05T23:35:08.915+0000] {dag.py:3239} INFO - Sync 1 DAGs
[2025-04-05T23:35:08.921+0000] {logging_mixin.py:190} INFO - [2025-04-05T23:35:08.921+0000] {dag.py:4180} INFO - Setting next_dagrun for example_dag_decorator to None, run_after=None
[2025-04-05T23:35:08.932+0000] {processor.py:208} INFO - Processing /home/airflow/.local/lib/python3.12/site-packages/airflow/example_dags/example_dag_decorator.py took 0.107 seconds
[2025-04-05T23:35:39.032+0000] {processor.py:186} INFO - Started process (PID=1463) to work on /home/airflow/.local/lib/python3.12/site-packages/airflow/example_dags/example_dag_decorator.py
[2025-04-05T23:35:39.034+0000] {processor.py:914} INFO - Processing file /home/airflow/.local/lib/python3.12/site-packages/airflow/example_dags/example_dag_decorator.py for tasks to queue
[2025-04-05T23:35:39.036+0000] {logging_mixin.py:190} INFO - [2025-04-05T23:35:39.035+0000] {dagbag.py:588} INFO - Filling up the DagBag from /home/airflow/.local/lib/python3.12/site-packages/airflow/example_dags/example_dag_decorator.py
[2025-04-05T23:35:39.107+0000] {processor.py:925} INFO - DAG(s) 'example_dag_decorator' retrieved from /home/airflow/.local/lib/python3.12/site-packages/airflow/example_dags/example_dag_decorator.py
[2025-04-05T23:35:39.119+0000] {logging_mixin.py:190} INFO - [2025-04-05T23:35:39.119+0000] {dag.py:3239} INFO - Sync 1 DAGs
[2025-04-05T23:35:39.125+0000] {logging_mixin.py:190} INFO - [2025-04-05T23:35:39.125+0000] {dag.py:4180} INFO - Setting next_dagrun for example_dag_decorator to None, run_after=None
[2025-04-05T23:35:39.134+0000] {processor.py:208} INFO - Processing /home/airflow/.local/lib/python3.12/site-packages/airflow/example_dags/example_dag_decorator.py took 0.107 seconds
[2025-04-05T23:36:09.191+0000] {processor.py:186} INFO - Started process (PID=1527) to work on /home/airflow/.local/lib/python3.12/site-packages/airflow/example_dags/example_dag_decorator.py
[2025-04-05T23:36:09.193+0000] {processor.py:914} INFO - Processing file /home/airflow/.local/lib/python3.12/site-packages/airflow/example_dags/example_dag_decorator.py for tasks to queue
[2025-04-05T23:36:09.195+0000] {logging_mixin.py:190} INFO - [2025-04-05T23:36:09.195+0000] {dagbag.py:588} INFO - Filling up the DagBag from /home/airflow/.local/lib/python3.12/site-packages/airflow/example_dags/example_dag_decorator.py
[2025-04-05T23:36:09.268+0000] {processor.py:925} INFO - DAG(s) 'example_dag_decorator' retrieved from /home/airflow/.local/lib/python3.12/site-packages/airflow/example_dags/example_dag_decorator.py
[2025-04-05T23:36:09.320+0000] {logging_mixin.py:190} INFO - [2025-04-05T23:36:09.320+0000] {dag.py:3239} INFO - Sync 1 DAGs
[2025-04-05T23:36:09.325+0000] {logging_mixin.py:190} INFO - [2025-04-05T23:36:09.325+0000] {dag.py:4180} INFO - Setting next_dagrun for example_dag_decorator to None, run_after=None
[2025-04-05T23:36:09.337+0000] {processor.py:208} INFO - Processing /home/airflow/.local/lib/python3.12/site-packages/airflow/example_dags/example_dag_decorator.py took 0.152 seconds
[2025-04-05T23:36:39.465+0000] {processor.py:186} INFO - Started process (PID=1591) to work on /home/airflow/.local/lib/python3.12/site-packages/airflow/example_dags/example_dag_decorator.py
[2025-04-05T23:36:39.466+0000] {processor.py:914} INFO - Processing file /home/airflow/.local/lib/python3.12/site-packages/airflow/example_dags/example_dag_decorator.py for tasks to queue
[2025-04-05T23:36:39.467+0000] {logging_mixin.py:190} INFO - [2025-04-05T23:36:39.467+0000] {dagbag.py:588} INFO - Filling up the DagBag from /home/airflow/.local/lib/python3.12/site-packages/airflow/example_dags/example_dag_decorator.py
[2025-04-05T23:36:39.522+0000] {processor.py:925} INFO - DAG(s) 'example_dag_decorator' retrieved from /home/airflow/.local/lib/python3.12/site-packages/airflow/example_dags/example_dag_decorator.py
[2025-04-05T23:36:39.581+0000] {logging_mixin.py:190} INFO - [2025-04-05T23:36:39.581+0000] {dag.py:3239} INFO - Sync 1 DAGs
[2025-04-05T23:36:39.587+0000] {logging_mixin.py:190} INFO - [2025-04-05T23:36:39.587+0000] {dag.py:4180} INFO - Setting next_dagrun for example_dag_decorator to None, run_after=None
[2025-04-05T23:36:39.599+0000] {processor.py:208} INFO - Processing /home/airflow/.local/lib/python3.12/site-packages/airflow/example_dags/example_dag_decorator.py took 0.137 seconds
[2025-04-05T23:37:09.702+0000] {processor.py:186} INFO - Started process (PID=1655) to work on /home/airflow/.local/lib/python3.12/site-packages/airflow/example_dags/example_dag_decorator.py
[2025-04-05T23:37:09.709+0000] {processor.py:914} INFO - Processing file /home/airflow/.local/lib/python3.12/site-packages/airflow/example_dags/example_dag_decorator.py for tasks to queue
[2025-04-05T23:37:09.711+0000] {logging_mixin.py:190} INFO - [2025-04-05T23:37:09.711+0000] {dagbag.py:588} INFO - Filling up the DagBag from /home/airflow/.local/lib/python3.12/site-packages/airflow/example_dags/example_dag_decorator.py
[2025-04-05T23:37:09.796+0000] {processor.py:925} INFO - DAG(s) 'example_dag_decorator' retrieved from /home/airflow/.local/lib/python3.12/site-packages/airflow/example_dags/example_dag_decorator.py
[2025-04-05T23:37:09.873+0000] {logging_mixin.py:190} INFO - [2025-04-05T23:37:09.873+0000] {dag.py:3239} INFO - Sync 1 DAGs
[2025-04-05T23:37:09.879+0000] {logging_mixin.py:190} INFO - [2025-04-05T23:37:09.879+0000] {dag.py:4180} INFO - Setting next_dagrun for example_dag_decorator to None, run_after=None
[2025-04-05T23:37:09.889+0000] {processor.py:208} INFO - Processing /home/airflow/.local/lib/python3.12/site-packages/airflow/example_dags/example_dag_decorator.py took 0.195 seconds
[2025-04-05T23:37:40.003+0000] {processor.py:186} INFO - Started process (PID=1719) to work on /home/airflow/.local/lib/python3.12/site-packages/airflow/example_dags/example_dag_decorator.py
[2025-04-05T23:37:40.004+0000] {processor.py:914} INFO - Processing file /home/airflow/.local/lib/python3.12/site-packages/airflow/example_dags/example_dag_decorator.py for tasks to queue
[2025-04-05T23:37:40.006+0000] {logging_mixin.py:190} INFO - [2025-04-05T23:37:40.006+0000] {dagbag.py:588} INFO - Filling up the DagBag from /home/airflow/.local/lib/python3.12/site-packages/airflow/example_dags/example_dag_decorator.py
[2025-04-05T23:37:40.072+0000] {processor.py:925} INFO - DAG(s) 'example_dag_decorator' retrieved from /home/airflow/.local/lib/python3.12/site-packages/airflow/example_dags/example_dag_decorator.py
[2025-04-05T23:37:40.089+0000] {logging_mixin.py:190} INFO - [2025-04-05T23:37:40.089+0000] {dag.py:3239} INFO - Sync 1 DAGs
[2025-04-05T23:37:40.097+0000] {logging_mixin.py:190} INFO - [2025-04-05T23:37:40.097+0000] {dag.py:4180} INFO - Setting next_dagrun for example_dag_decorator to None, run_after=None
[2025-04-05T23:37:40.109+0000] {processor.py:208} INFO - Processing /home/airflow/.local/lib/python3.12/site-packages/airflow/example_dags/example_dag_decorator.py took 0.113 seconds
[2025-04-05T23:38:10.221+0000] {processor.py:186} INFO - Started process (PID=1783) to work on /home/airflow/.local/lib/python3.12/site-packages/airflow/example_dags/example_dag_decorator.py
[2025-04-05T23:38:10.223+0000] {processor.py:914} INFO - Processing file /home/airflow/.local/lib/python3.12/site-packages/airflow/example_dags/example_dag_decorator.py for tasks to queue
[2025-04-05T23:38:10.225+0000] {logging_mixin.py:190} INFO - [2025-04-05T23:38:10.225+0000] {dagbag.py:588} INFO - Filling up the DagBag from /home/airflow/.local/lib/python3.12/site-packages/airflow/example_dags/example_dag_decorator.py
[2025-04-05T23:38:10.293+0000] {processor.py:925} INFO - DAG(s) 'example_dag_decorator' retrieved from /home/airflow/.local/lib/python3.12/site-packages/airflow/example_dags/example_dag_decorator.py
[2025-04-05T23:38:10.310+0000] {logging_mixin.py:190} INFO - [2025-04-05T23:38:10.310+0000] {dag.py:3239} INFO - Sync 1 DAGs
[2025-04-05T23:38:10.318+0000] {logging_mixin.py:190} INFO - [2025-04-05T23:38:10.318+0000] {dag.py:4180} INFO - Setting next_dagrun for example_dag_decorator to None, run_after=None
[2025-04-05T23:38:10.330+0000] {processor.py:208} INFO - Processing /home/airflow/.local/lib/python3.12/site-packages/airflow/example_dags/example_dag_decorator.py took 0.115 seconds
[2025-04-05T23:38:40.650+0000] {processor.py:186} INFO - Started process (PID=1847) to work on /home/airflow/.local/lib/python3.12/site-packages/airflow/example_dags/example_dag_decorator.py
[2025-04-05T23:38:40.656+0000] {processor.py:914} INFO - Processing file /home/airflow/.local/lib/python3.12/site-packages/airflow/example_dags/example_dag_decorator.py for tasks to queue
[2025-04-05T23:38:40.658+0000] {logging_mixin.py:190} INFO - [2025-04-05T23:38:40.658+0000] {dagbag.py:588} INFO - Filling up the DagBag from /home/airflow/.local/lib/python3.12/site-packages/airflow/example_dags/example_dag_decorator.py
[2025-04-05T23:38:40.722+0000] {processor.py:925} INFO - DAG(s) 'example_dag_decorator' retrieved from /home/airflow/.local/lib/python3.12/site-packages/airflow/example_dags/example_dag_decorator.py
[2025-04-05T23:38:40.781+0000] {logging_mixin.py:190} INFO - [2025-04-05T23:38:40.780+0000] {dag.py:3239} INFO - Sync 1 DAGs
[2025-04-05T23:38:40.785+0000] {logging_mixin.py:190} INFO - [2025-04-05T23:38:40.785+0000] {dag.py:4180} INFO - Setting next_dagrun for example_dag_decorator to None, run_after=None
[2025-04-05T23:38:40.794+0000] {processor.py:208} INFO - Processing /home/airflow/.local/lib/python3.12/site-packages/airflow/example_dags/example_dag_decorator.py took 0.151 seconds
[2025-04-05T23:39:30.150+0000] {processor.py:186} INFO - Started process (PID=51) to work on /home/airflow/.local/lib/python3.12/site-packages/airflow/example_dags/example_dag_decorator.py
[2025-04-05T23:39:30.151+0000] {processor.py:914} INFO - Processing file /home/airflow/.local/lib/python3.12/site-packages/airflow/example_dags/example_dag_decorator.py for tasks to queue
[2025-04-05T23:39:30.153+0000] {logging_mixin.py:190} INFO - [2025-04-05T23:39:30.152+0000] {dagbag.py:588} INFO - Filling up the DagBag from /home/airflow/.local/lib/python3.12/site-packages/airflow/example_dags/example_dag_decorator.py
[2025-04-05T23:39:30.399+0000] {processor.py:925} INFO - DAG(s) 'example_dag_decorator' retrieved from /home/airflow/.local/lib/python3.12/site-packages/airflow/example_dags/example_dag_decorator.py
[2025-04-05T23:39:30.489+0000] {logging_mixin.py:190} INFO - [2025-04-05T23:39:30.489+0000] {dag.py:3239} INFO - Sync 1 DAGs
[2025-04-05T23:39:30.496+0000] {logging_mixin.py:190} INFO - [2025-04-05T23:39:30.496+0000] {dag.py:4180} INFO - Setting next_dagrun for example_dag_decorator to None, run_after=None
[2025-04-05T23:39:30.506+0000] {processor.py:208} INFO - Processing /home/airflow/.local/lib/python3.12/site-packages/airflow/example_dags/example_dag_decorator.py took 0.359 seconds
[2025-04-05T23:40:16.986+0000] {processor.py:186} INFO - Started process (PID=50) to work on /home/airflow/.local/lib/python3.12/site-packages/airflow/example_dags/example_dag_decorator.py
[2025-04-05T23:40:16.987+0000] {processor.py:914} INFO - Processing file /home/airflow/.local/lib/python3.12/site-packages/airflow/example_dags/example_dag_decorator.py for tasks to queue
[2025-04-05T23:40:16.989+0000] {logging_mixin.py:190} INFO - [2025-04-05T23:40:16.988+0000] {dagbag.py:588} INFO - Filling up the DagBag from /home/airflow/.local/lib/python3.12/site-packages/airflow/example_dags/example_dag_decorator.py
[2025-04-05T23:40:17.225+0000] {processor.py:925} INFO - DAG(s) 'example_dag_decorator' retrieved from /home/airflow/.local/lib/python3.12/site-packages/airflow/example_dags/example_dag_decorator.py
[2025-04-05T23:40:17.289+0000] {logging_mixin.py:190} INFO - [2025-04-05T23:40:17.289+0000] {dag.py:3239} INFO - Sync 1 DAGs
[2025-04-05T23:40:17.300+0000] {logging_mixin.py:190} INFO - [2025-04-05T23:40:17.300+0000] {dag.py:4180} INFO - Setting next_dagrun for example_dag_decorator to None, run_after=None
[2025-04-05T23:40:17.310+0000] {processor.py:208} INFO - Processing /home/airflow/.local/lib/python3.12/site-packages/airflow/example_dags/example_dag_decorator.py took 0.327 seconds
[2025-04-05T23:40:47.440+0000] {processor.py:186} INFO - Started process (PID=114) to work on /home/airflow/.local/lib/python3.12/site-packages/airflow/example_dags/example_dag_decorator.py
[2025-04-05T23:40:47.440+0000] {processor.py:914} INFO - Processing file /home/airflow/.local/lib/python3.12/site-packages/airflow/example_dags/example_dag_decorator.py for tasks to queue
[2025-04-05T23:40:47.442+0000] {logging_mixin.py:190} INFO - [2025-04-05T23:40:47.442+0000] {dagbag.py:588} INFO - Filling up the DagBag from /home/airflow/.local/lib/python3.12/site-packages/airflow/example_dags/example_dag_decorator.py
[2025-04-05T23:40:47.492+0000] {processor.py:925} INFO - DAG(s) 'example_dag_decorator' retrieved from /home/airflow/.local/lib/python3.12/site-packages/airflow/example_dags/example_dag_decorator.py
[2025-04-05T23:40:47.563+0000] {logging_mixin.py:190} INFO - [2025-04-05T23:40:47.563+0000] {dag.py:3239} INFO - Sync 1 DAGs
[2025-04-05T23:40:47.572+0000] {logging_mixin.py:190} INFO - [2025-04-05T23:40:47.572+0000] {dag.py:4180} INFO - Setting next_dagrun for example_dag_decorator to None, run_after=None
[2025-04-05T23:40:47.580+0000] {processor.py:208} INFO - Processing /home/airflow/.local/lib/python3.12/site-packages/airflow/example_dags/example_dag_decorator.py took 0.143 seconds
[2025-04-05T23:41:17.697+0000] {processor.py:186} INFO - Started process (PID=178) to work on /home/airflow/.local/lib/python3.12/site-packages/airflow/example_dags/example_dag_decorator.py
[2025-04-05T23:41:17.698+0000] {processor.py:914} INFO - Processing file /home/airflow/.local/lib/python3.12/site-packages/airflow/example_dags/example_dag_decorator.py for tasks to queue
[2025-04-05T23:41:17.700+0000] {logging_mixin.py:190} INFO - [2025-04-05T23:41:17.700+0000] {dagbag.py:588} INFO - Filling up the DagBag from /home/airflow/.local/lib/python3.12/site-packages/airflow/example_dags/example_dag_decorator.py
[2025-04-05T23:41:17.772+0000] {processor.py:925} INFO - DAG(s) 'example_dag_decorator' retrieved from /home/airflow/.local/lib/python3.12/site-packages/airflow/example_dags/example_dag_decorator.py
[2025-04-05T23:41:17.864+0000] {logging_mixin.py:190} INFO - [2025-04-05T23:41:17.864+0000] {dag.py:3239} INFO - Sync 1 DAGs
[2025-04-05T23:41:17.870+0000] {logging_mixin.py:190} INFO - [2025-04-05T23:41:17.870+0000] {dag.py:4180} INFO - Setting next_dagrun for example_dag_decorator to None, run_after=None
[2025-04-05T23:41:17.879+0000] {processor.py:208} INFO - Processing /home/airflow/.local/lib/python3.12/site-packages/airflow/example_dags/example_dag_decorator.py took 0.187 seconds
[2025-04-05T23:41:47.947+0000] {processor.py:186} INFO - Started process (PID=243) to work on /home/airflow/.local/lib/python3.12/site-packages/airflow/example_dags/example_dag_decorator.py
[2025-04-05T23:41:47.947+0000] {processor.py:914} INFO - Processing file /home/airflow/.local/lib/python3.12/site-packages/airflow/example_dags/example_dag_decorator.py for tasks to queue
[2025-04-05T23:41:47.948+0000] {logging_mixin.py:190} INFO - [2025-04-05T23:41:47.948+0000] {dagbag.py:588} INFO - Filling up the DagBag from /home/airflow/.local/lib/python3.12/site-packages/airflow/example_dags/example_dag_decorator.py
[2025-04-05T23:41:48.010+0000] {processor.py:925} INFO - DAG(s) 'example_dag_decorator' retrieved from /home/airflow/.local/lib/python3.12/site-packages/airflow/example_dags/example_dag_decorator.py
[2025-04-05T23:41:48.054+0000] {logging_mixin.py:190} INFO - [2025-04-05T23:41:48.053+0000] {dag.py:3239} INFO - Sync 1 DAGs
[2025-04-05T23:41:48.059+0000] {logging_mixin.py:190} INFO - [2025-04-05T23:41:48.059+0000] {dag.py:4180} INFO - Setting next_dagrun for example_dag_decorator to None, run_after=None
[2025-04-05T23:41:48.068+0000] {processor.py:208} INFO - Processing /home/airflow/.local/lib/python3.12/site-packages/airflow/example_dags/example_dag_decorator.py took 0.124 seconds
[2025-04-05T23:42:44.947+0000] {processor.py:186} INFO - Started process (PID=57) to work on /home/airflow/.local/lib/python3.12/site-packages/airflow/example_dags/example_dag_decorator.py
[2025-04-05T23:42:44.948+0000] {processor.py:914} INFO - Processing file /home/airflow/.local/lib/python3.12/site-packages/airflow/example_dags/example_dag_decorator.py for tasks to queue
[2025-04-05T23:42:44.949+0000] {logging_mixin.py:190} INFO - [2025-04-05T23:42:44.949+0000] {dagbag.py:588} INFO - Filling up the DagBag from /home/airflow/.local/lib/python3.12/site-packages/airflow/example_dags/example_dag_decorator.py
[2025-04-05T23:42:45.323+0000] {processor.py:925} INFO - DAG(s) 'example_dag_decorator' retrieved from /home/airflow/.local/lib/python3.12/site-packages/airflow/example_dags/example_dag_decorator.py
[2025-04-05T23:42:45.455+0000] {logging_mixin.py:190} INFO - [2025-04-05T23:42:45.454+0000] {dag.py:3239} INFO - Sync 1 DAGs
[2025-04-05T23:42:45.461+0000] {logging_mixin.py:190} INFO - [2025-04-05T23:42:45.461+0000] {dag.py:4180} INFO - Setting next_dagrun for example_dag_decorator to None, run_after=None
[2025-04-05T23:42:45.471+0000] {processor.py:208} INFO - Processing /home/airflow/.local/lib/python3.12/site-packages/airflow/example_dags/example_dag_decorator.py took 0.527 seconds
[2025-04-05T23:43:15.696+0000] {processor.py:186} INFO - Started process (PID=120) to work on /home/airflow/.local/lib/python3.12/site-packages/airflow/example_dags/example_dag_decorator.py
[2025-04-05T23:43:15.697+0000] {processor.py:914} INFO - Processing file /home/airflow/.local/lib/python3.12/site-packages/airflow/example_dags/example_dag_decorator.py for tasks to queue
[2025-04-05T23:43:15.698+0000] {logging_mixin.py:190} INFO - [2025-04-05T23:43:15.697+0000] {dagbag.py:588} INFO - Filling up the DagBag from /home/airflow/.local/lib/python3.12/site-packages/airflow/example_dags/example_dag_decorator.py
[2025-04-05T23:43:15.748+0000] {processor.py:925} INFO - DAG(s) 'example_dag_decorator' retrieved from /home/airflow/.local/lib/python3.12/site-packages/airflow/example_dags/example_dag_decorator.py
[2025-04-05T23:43:15.799+0000] {logging_mixin.py:190} INFO - [2025-04-05T23:43:15.799+0000] {dag.py:3239} INFO - Sync 1 DAGs
[2025-04-05T23:43:15.805+0000] {logging_mixin.py:190} INFO - [2025-04-05T23:43:15.805+0000] {dag.py:4180} INFO - Setting next_dagrun for example_dag_decorator to None, run_after=None
[2025-04-05T23:43:15.813+0000] {processor.py:208} INFO - Processing /home/airflow/.local/lib/python3.12/site-packages/airflow/example_dags/example_dag_decorator.py took 0.120 seconds
[2025-04-05T23:43:45.927+0000] {processor.py:186} INFO - Started process (PID=184) to work on /home/airflow/.local/lib/python3.12/site-packages/airflow/example_dags/example_dag_decorator.py
[2025-04-05T23:43:45.927+0000] {processor.py:914} INFO - Processing file /home/airflow/.local/lib/python3.12/site-packages/airflow/example_dags/example_dag_decorator.py for tasks to queue
[2025-04-05T23:43:45.929+0000] {logging_mixin.py:190} INFO - [2025-04-05T23:43:45.928+0000] {dagbag.py:588} INFO - Filling up the DagBag from /home/airflow/.local/lib/python3.12/site-packages/airflow/example_dags/example_dag_decorator.py
[2025-04-05T23:43:45.978+0000] {processor.py:925} INFO - DAG(s) 'example_dag_decorator' retrieved from /home/airflow/.local/lib/python3.12/site-packages/airflow/example_dags/example_dag_decorator.py
[2025-04-05T23:43:45.989+0000] {logging_mixin.py:190} INFO - [2025-04-05T23:43:45.989+0000] {dag.py:3239} INFO - Sync 1 DAGs
[2025-04-05T23:43:45.995+0000] {logging_mixin.py:190} INFO - [2025-04-05T23:43:45.995+0000] {dag.py:4180} INFO - Setting next_dagrun for example_dag_decorator to None, run_after=None
[2025-04-05T23:43:46.006+0000] {processor.py:208} INFO - Processing /home/airflow/.local/lib/python3.12/site-packages/airflow/example_dags/example_dag_decorator.py took 0.082 seconds
[2025-04-05T23:44:16.086+0000] {processor.py:186} INFO - Started process (PID=248) to work on /home/airflow/.local/lib/python3.12/site-packages/airflow/example_dags/example_dag_decorator.py
[2025-04-05T23:44:16.087+0000] {processor.py:914} INFO - Processing file /home/airflow/.local/lib/python3.12/site-packages/airflow/example_dags/example_dag_decorator.py for tasks to queue
[2025-04-05T23:44:16.088+0000] {logging_mixin.py:190} INFO - [2025-04-05T23:44:16.088+0000] {dagbag.py:588} INFO - Filling up the DagBag from /home/airflow/.local/lib/python3.12/site-packages/airflow/example_dags/example_dag_decorator.py
[2025-04-05T23:44:16.144+0000] {processor.py:925} INFO - DAG(s) 'example_dag_decorator' retrieved from /home/airflow/.local/lib/python3.12/site-packages/airflow/example_dags/example_dag_decorator.py
[2025-04-05T23:44:16.155+0000] {logging_mixin.py:190} INFO - [2025-04-05T23:44:16.155+0000] {dag.py:3239} INFO - Sync 1 DAGs
[2025-04-05T23:44:16.162+0000] {logging_mixin.py:190} INFO - [2025-04-05T23:44:16.162+0000] {dag.py:4180} INFO - Setting next_dagrun for example_dag_decorator to None, run_after=None
[2025-04-05T23:44:16.172+0000] {processor.py:208} INFO - Processing /home/airflow/.local/lib/python3.12/site-packages/airflow/example_dags/example_dag_decorator.py took 0.089 seconds
[2025-04-05T23:44:49.902+0000] {processor.py:186} INFO - Started process (PID=50) to work on /home/airflow/.local/lib/python3.12/site-packages/airflow/example_dags/example_dag_decorator.py
[2025-04-05T23:44:49.903+0000] {processor.py:914} INFO - Processing file /home/airflow/.local/lib/python3.12/site-packages/airflow/example_dags/example_dag_decorator.py for tasks to queue
[2025-04-05T23:44:49.904+0000] {logging_mixin.py:190} INFO - [2025-04-05T23:44:49.904+0000] {dagbag.py:588} INFO - Filling up the DagBag from /home/airflow/.local/lib/python3.12/site-packages/airflow/example_dags/example_dag_decorator.py
[2025-04-05T23:44:50.124+0000] {processor.py:925} INFO - DAG(s) 'example_dag_decorator' retrieved from /home/airflow/.local/lib/python3.12/site-packages/airflow/example_dags/example_dag_decorator.py
[2025-04-05T23:44:50.188+0000] {logging_mixin.py:190} INFO - [2025-04-05T23:44:50.188+0000] {dag.py:3239} INFO - Sync 1 DAGs
[2025-04-05T23:44:50.194+0000] {logging_mixin.py:190} INFO - [2025-04-05T23:44:50.194+0000] {dag.py:4180} INFO - Setting next_dagrun for example_dag_decorator to None, run_after=None
[2025-04-05T23:44:50.208+0000] {processor.py:208} INFO - Processing /home/airflow/.local/lib/python3.12/site-packages/airflow/example_dags/example_dag_decorator.py took 0.309 seconds
[2025-04-05T23:45:20.517+0000] {processor.py:186} INFO - Started process (PID=113) to work on /home/airflow/.local/lib/python3.12/site-packages/airflow/example_dags/example_dag_decorator.py
[2025-04-05T23:45:20.518+0000] {processor.py:914} INFO - Processing file /home/airflow/.local/lib/python3.12/site-packages/airflow/example_dags/example_dag_decorator.py for tasks to queue
[2025-04-05T23:45:20.520+0000] {logging_mixin.py:190} INFO - [2025-04-05T23:45:20.519+0000] {dagbag.py:588} INFO - Filling up the DagBag from /home/airflow/.local/lib/python3.12/site-packages/airflow/example_dags/example_dag_decorator.py
[2025-04-05T23:45:20.570+0000] {processor.py:925} INFO - DAG(s) 'example_dag_decorator' retrieved from /home/airflow/.local/lib/python3.12/site-packages/airflow/example_dags/example_dag_decorator.py
[2025-04-05T23:45:20.623+0000] {logging_mixin.py:190} INFO - [2025-04-05T23:45:20.622+0000] {dag.py:3239} INFO - Sync 1 DAGs
[2025-04-05T23:45:20.629+0000] {logging_mixin.py:190} INFO - [2025-04-05T23:45:20.629+0000] {dag.py:4180} INFO - Setting next_dagrun for example_dag_decorator to None, run_after=None
[2025-04-05T23:45:20.637+0000] {processor.py:208} INFO - Processing /home/airflow/.local/lib/python3.12/site-packages/airflow/example_dags/example_dag_decorator.py took 0.124 seconds
[2025-04-05T23:45:50.678+0000] {processor.py:186} INFO - Started process (PID=177) to work on /home/airflow/.local/lib/python3.12/site-packages/airflow/example_dags/example_dag_decorator.py
[2025-04-05T23:45:50.679+0000] {processor.py:914} INFO - Processing file /home/airflow/.local/lib/python3.12/site-packages/airflow/example_dags/example_dag_decorator.py for tasks to queue
[2025-04-05T23:45:50.681+0000] {logging_mixin.py:190} INFO - [2025-04-05T23:45:50.680+0000] {dagbag.py:588} INFO - Filling up the DagBag from /home/airflow/.local/lib/python3.12/site-packages/airflow/example_dags/example_dag_decorator.py
[2025-04-05T23:45:50.730+0000] {processor.py:925} INFO - DAG(s) 'example_dag_decorator' retrieved from /home/airflow/.local/lib/python3.12/site-packages/airflow/example_dags/example_dag_decorator.py
[2025-04-05T23:45:50.784+0000] {logging_mixin.py:190} INFO - [2025-04-05T23:45:50.783+0000] {dag.py:3239} INFO - Sync 1 DAGs
[2025-04-05T23:45:50.791+0000] {logging_mixin.py:190} INFO - [2025-04-05T23:45:50.791+0000] {dag.py:4180} INFO - Setting next_dagrun for example_dag_decorator to None, run_after=None
[2025-04-05T23:45:50.799+0000] {processor.py:208} INFO - Processing /home/airflow/.local/lib/python3.12/site-packages/airflow/example_dags/example_dag_decorator.py took 0.124 seconds
[2025-04-05T23:46:42.135+0000] {processor.py:186} INFO - Started process (PID=49) to work on /home/airflow/.local/lib/python3.12/site-packages/airflow/example_dags/example_dag_decorator.py
[2025-04-05T23:46:42.148+0000] {processor.py:914} INFO - Processing file /home/airflow/.local/lib/python3.12/site-packages/airflow/example_dags/example_dag_decorator.py for tasks to queue
[2025-04-05T23:46:42.149+0000] {logging_mixin.py:190} INFO - [2025-04-05T23:46:42.149+0000] {dagbag.py:588} INFO - Filling up the DagBag from /home/airflow/.local/lib/python3.12/site-packages/airflow/example_dags/example_dag_decorator.py
[2025-04-05T23:46:42.387+0000] {processor.py:925} INFO - DAG(s) 'example_dag_decorator' retrieved from /home/airflow/.local/lib/python3.12/site-packages/airflow/example_dags/example_dag_decorator.py
[2025-04-05T23:46:42.465+0000] {logging_mixin.py:190} INFO - [2025-04-05T23:46:42.464+0000] {dag.py:3239} INFO - Sync 1 DAGs
[2025-04-05T23:46:42.472+0000] {logging_mixin.py:190} INFO - [2025-04-05T23:46:42.472+0000] {dag.py:4180} INFO - Setting next_dagrun for example_dag_decorator to None, run_after=None
[2025-04-05T23:46:42.488+0000] {processor.py:208} INFO - Processing /home/airflow/.local/lib/python3.12/site-packages/airflow/example_dags/example_dag_decorator.py took 0.360 seconds
[2025-04-05T23:47:12.679+0000] {processor.py:186} INFO - Started process (PID=113) to work on /home/airflow/.local/lib/python3.12/site-packages/airflow/example_dags/example_dag_decorator.py
[2025-04-05T23:47:12.682+0000] {processor.py:914} INFO - Processing file /home/airflow/.local/lib/python3.12/site-packages/airflow/example_dags/example_dag_decorator.py for tasks to queue
[2025-04-05T23:47:12.683+0000] {logging_mixin.py:190} INFO - [2025-04-05T23:47:12.683+0000] {dagbag.py:588} INFO - Filling up the DagBag from /home/airflow/.local/lib/python3.12/site-packages/airflow/example_dags/example_dag_decorator.py
[2025-04-05T23:47:12.741+0000] {processor.py:925} INFO - DAG(s) 'example_dag_decorator' retrieved from /home/airflow/.local/lib/python3.12/site-packages/airflow/example_dags/example_dag_decorator.py
[2025-04-05T23:47:12.789+0000] {logging_mixin.py:190} INFO - [2025-04-05T23:47:12.789+0000] {dag.py:3239} INFO - Sync 1 DAGs
[2025-04-05T23:47:12.795+0000] {logging_mixin.py:190} INFO - [2025-04-05T23:47:12.795+0000] {dag.py:4180} INFO - Setting next_dagrun for example_dag_decorator to None, run_after=None
[2025-04-05T23:47:12.802+0000] {processor.py:208} INFO - Processing /home/airflow/.local/lib/python3.12/site-packages/airflow/example_dags/example_dag_decorator.py took 0.127 seconds
[2025-04-05T23:47:43.077+0000] {processor.py:186} INFO - Started process (PID=176) to work on /home/airflow/.local/lib/python3.12/site-packages/airflow/example_dags/example_dag_decorator.py
[2025-04-05T23:47:43.082+0000] {processor.py:914} INFO - Processing file /home/airflow/.local/lib/python3.12/site-packages/airflow/example_dags/example_dag_decorator.py for tasks to queue
[2025-04-05T23:47:43.083+0000] {logging_mixin.py:190} INFO - [2025-04-05T23:47:43.083+0000] {dagbag.py:588} INFO - Filling up the DagBag from /home/airflow/.local/lib/python3.12/site-packages/airflow/example_dags/example_dag_decorator.py
[2025-04-05T23:47:43.140+0000] {processor.py:925} INFO - DAG(s) 'example_dag_decorator' retrieved from /home/airflow/.local/lib/python3.12/site-packages/airflow/example_dags/example_dag_decorator.py
[2025-04-05T23:47:43.205+0000] {logging_mixin.py:190} INFO - [2025-04-05T23:47:43.205+0000] {dag.py:3239} INFO - Sync 1 DAGs
[2025-04-05T23:47:43.212+0000] {logging_mixin.py:190} INFO - [2025-04-05T23:47:43.212+0000] {dag.py:4180} INFO - Setting next_dagrun for example_dag_decorator to None, run_after=None
[2025-04-05T23:47:43.222+0000] {processor.py:208} INFO - Processing /home/airflow/.local/lib/python3.12/site-packages/airflow/example_dags/example_dag_decorator.py took 0.148 seconds
[2025-04-05T23:48:13.245+0000] {processor.py:186} INFO - Started process (PID=240) to work on /home/airflow/.local/lib/python3.12/site-packages/airflow/example_dags/example_dag_decorator.py
[2025-04-05T23:48:13.246+0000] {processor.py:914} INFO - Processing file /home/airflow/.local/lib/python3.12/site-packages/airflow/example_dags/example_dag_decorator.py for tasks to queue
[2025-04-05T23:48:13.247+0000] {logging_mixin.py:190} INFO - [2025-04-05T23:48:13.246+0000] {dagbag.py:588} INFO - Filling up the DagBag from /home/airflow/.local/lib/python3.12/site-packages/airflow/example_dags/example_dag_decorator.py
[2025-04-05T23:48:13.293+0000] {processor.py:925} INFO - DAG(s) 'example_dag_decorator' retrieved from /home/airflow/.local/lib/python3.12/site-packages/airflow/example_dags/example_dag_decorator.py
[2025-04-05T23:48:13.368+0000] {logging_mixin.py:190} INFO - [2025-04-05T23:48:13.368+0000] {dag.py:3239} INFO - Sync 1 DAGs
[2025-04-05T23:48:13.376+0000] {logging_mixin.py:190} INFO - [2025-04-05T23:48:13.376+0000] {dag.py:4180} INFO - Setting next_dagrun for example_dag_decorator to None, run_after=None
[2025-04-05T23:48:13.387+0000] {processor.py:208} INFO - Processing /home/airflow/.local/lib/python3.12/site-packages/airflow/example_dags/example_dag_decorator.py took 0.146 seconds
[2025-04-05T23:48:43.729+0000] {processor.py:186} INFO - Started process (PID=304) to work on /home/airflow/.local/lib/python3.12/site-packages/airflow/example_dags/example_dag_decorator.py
[2025-04-05T23:48:43.732+0000] {processor.py:914} INFO - Processing file /home/airflow/.local/lib/python3.12/site-packages/airflow/example_dags/example_dag_decorator.py for tasks to queue
[2025-04-05T23:48:43.733+0000] {logging_mixin.py:190} INFO - [2025-04-05T23:48:43.733+0000] {dagbag.py:588} INFO - Filling up the DagBag from /home/airflow/.local/lib/python3.12/site-packages/airflow/example_dags/example_dag_decorator.py
[2025-04-05T23:48:43.787+0000] {processor.py:925} INFO - DAG(s) 'example_dag_decorator' retrieved from /home/airflow/.local/lib/python3.12/site-packages/airflow/example_dags/example_dag_decorator.py
[2025-04-05T23:48:43.845+0000] {logging_mixin.py:190} INFO - [2025-04-05T23:48:43.845+0000] {dag.py:3239} INFO - Sync 1 DAGs
[2025-04-05T23:48:43.851+0000] {logging_mixin.py:190} INFO - [2025-04-05T23:48:43.851+0000] {dag.py:4180} INFO - Setting next_dagrun for example_dag_decorator to None, run_after=None
[2025-04-05T23:48:43.859+0000] {processor.py:208} INFO - Processing /home/airflow/.local/lib/python3.12/site-packages/airflow/example_dags/example_dag_decorator.py took 0.133 seconds
[2025-04-05T23:49:29.959+0000] {processor.py:186} INFO - Started process (PID=51) to work on /home/airflow/.local/lib/python3.12/site-packages/airflow/example_dags/example_dag_decorator.py
[2025-04-05T23:49:29.960+0000] {processor.py:914} INFO - Processing file /home/airflow/.local/lib/python3.12/site-packages/airflow/example_dags/example_dag_decorator.py for tasks to queue
[2025-04-05T23:49:29.962+0000] {logging_mixin.py:190} INFO - [2025-04-05T23:49:29.962+0000] {dagbag.py:588} INFO - Filling up the DagBag from /home/airflow/.local/lib/python3.12/site-packages/airflow/example_dags/example_dag_decorator.py
[2025-04-05T23:49:30.200+0000] {processor.py:925} INFO - DAG(s) 'example_dag_decorator' retrieved from /home/airflow/.local/lib/python3.12/site-packages/airflow/example_dags/example_dag_decorator.py
[2025-04-05T23:49:30.289+0000] {logging_mixin.py:190} INFO - [2025-04-05T23:49:30.289+0000] {dag.py:3239} INFO - Sync 1 DAGs
[2025-04-05T23:49:30.297+0000] {logging_mixin.py:190} INFO - [2025-04-05T23:49:30.297+0000] {dag.py:4180} INFO - Setting next_dagrun for example_dag_decorator to None, run_after=None
[2025-04-05T23:49:30.307+0000] {processor.py:208} INFO - Processing /home/airflow/.local/lib/python3.12/site-packages/airflow/example_dags/example_dag_decorator.py took 0.351 seconds
[2025-04-05T23:50:01.179+0000] {processor.py:186} INFO - Started process (PID=115) to work on /home/airflow/.local/lib/python3.12/site-packages/airflow/example_dags/example_dag_decorator.py
[2025-04-05T23:50:01.180+0000] {processor.py:914} INFO - Processing file /home/airflow/.local/lib/python3.12/site-packages/airflow/example_dags/example_dag_decorator.py for tasks to queue
[2025-04-05T23:50:01.181+0000] {logging_mixin.py:190} INFO - [2025-04-05T23:50:01.181+0000] {dagbag.py:588} INFO - Filling up the DagBag from /home/airflow/.local/lib/python3.12/site-packages/airflow/example_dags/example_dag_decorator.py
[2025-04-05T23:50:01.247+0000] {processor.py:925} INFO - DAG(s) 'example_dag_decorator' retrieved from /home/airflow/.local/lib/python3.12/site-packages/airflow/example_dags/example_dag_decorator.py
[2025-04-05T23:50:01.320+0000] {logging_mixin.py:190} INFO - [2025-04-05T23:50:01.320+0000] {dag.py:3239} INFO - Sync 1 DAGs
[2025-04-05T23:50:01.326+0000] {logging_mixin.py:190} INFO - [2025-04-05T23:50:01.326+0000] {dag.py:4180} INFO - Setting next_dagrun for example_dag_decorator to None, run_after=None
[2025-04-05T23:50:01.337+0000] {processor.py:208} INFO - Processing /home/airflow/.local/lib/python3.12/site-packages/airflow/example_dags/example_dag_decorator.py took 0.161 seconds
[2025-04-05T23:50:31.634+0000] {processor.py:186} INFO - Started process (PID=185) to work on /home/airflow/.local/lib/python3.12/site-packages/airflow/example_dags/example_dag_decorator.py
[2025-04-05T23:50:31.635+0000] {processor.py:914} INFO - Processing file /home/airflow/.local/lib/python3.12/site-packages/airflow/example_dags/example_dag_decorator.py for tasks to queue
[2025-04-05T23:50:31.637+0000] {logging_mixin.py:190} INFO - [2025-04-05T23:50:31.637+0000] {dagbag.py:588} INFO - Filling up the DagBag from /home/airflow/.local/lib/python3.12/site-packages/airflow/example_dags/example_dag_decorator.py
[2025-04-05T23:50:31.695+0000] {processor.py:925} INFO - DAG(s) 'example_dag_decorator' retrieved from /home/airflow/.local/lib/python3.12/site-packages/airflow/example_dags/example_dag_decorator.py
[2025-04-05T23:50:31.755+0000] {logging_mixin.py:190} INFO - [2025-04-05T23:50:31.754+0000] {dag.py:3239} INFO - Sync 1 DAGs
[2025-04-05T23:50:31.761+0000] {logging_mixin.py:190} INFO - [2025-04-05T23:50:31.761+0000] {dag.py:4180} INFO - Setting next_dagrun for example_dag_decorator to None, run_after=None
[2025-04-05T23:50:31.769+0000] {processor.py:208} INFO - Processing /home/airflow/.local/lib/python3.12/site-packages/airflow/example_dags/example_dag_decorator.py took 0.138 seconds
[2025-04-05T23:51:02.074+0000] {processor.py:186} INFO - Started process (PID=249) to work on /home/airflow/.local/lib/python3.12/site-packages/airflow/example_dags/example_dag_decorator.py
[2025-04-05T23:51:02.077+0000] {processor.py:914} INFO - Processing file /home/airflow/.local/lib/python3.12/site-packages/airflow/example_dags/example_dag_decorator.py for tasks to queue
[2025-04-05T23:51:02.080+0000] {logging_mixin.py:190} INFO - [2025-04-05T23:51:02.079+0000] {dagbag.py:588} INFO - Filling up the DagBag from /home/airflow/.local/lib/python3.12/site-packages/airflow/example_dags/example_dag_decorator.py
[2025-04-05T23:51:02.149+0000] {processor.py:925} INFO - DAG(s) 'example_dag_decorator' retrieved from /home/airflow/.local/lib/python3.12/site-packages/airflow/example_dags/example_dag_decorator.py
[2025-04-05T23:51:02.236+0000] {logging_mixin.py:190} INFO - [2025-04-05T23:51:02.235+0000] {dag.py:3239} INFO - Sync 1 DAGs
[2025-04-05T23:51:02.241+0000] {logging_mixin.py:190} INFO - [2025-04-05T23:51:02.241+0000] {dag.py:4180} INFO - Setting next_dagrun for example_dag_decorator to None, run_after=None
[2025-04-05T23:51:02.252+0000] {processor.py:208} INFO - Processing /home/airflow/.local/lib/python3.12/site-packages/airflow/example_dags/example_dag_decorator.py took 0.185 seconds
[2025-04-05T23:51:32.385+0000] {processor.py:186} INFO - Started process (PID=313) to work on /home/airflow/.local/lib/python3.12/site-packages/airflow/example_dags/example_dag_decorator.py
[2025-04-05T23:51:32.386+0000] {processor.py:914} INFO - Processing file /home/airflow/.local/lib/python3.12/site-packages/airflow/example_dags/example_dag_decorator.py for tasks to queue
[2025-04-05T23:51:32.389+0000] {logging_mixin.py:190} INFO - [2025-04-05T23:51:32.388+0000] {dagbag.py:588} INFO - Filling up the DagBag from /home/airflow/.local/lib/python3.12/site-packages/airflow/example_dags/example_dag_decorator.py
[2025-04-05T23:51:32.454+0000] {processor.py:925} INFO - DAG(s) 'example_dag_decorator' retrieved from /home/airflow/.local/lib/python3.12/site-packages/airflow/example_dags/example_dag_decorator.py
[2025-04-05T23:51:32.531+0000] {logging_mixin.py:190} INFO - [2025-04-05T23:51:32.531+0000] {dag.py:3239} INFO - Sync 1 DAGs
[2025-04-05T23:51:32.537+0000] {logging_mixin.py:190} INFO - [2025-04-05T23:51:32.537+0000] {dag.py:4180} INFO - Setting next_dagrun for example_dag_decorator to None, run_after=None
[2025-04-05T23:51:32.554+0000] {processor.py:208} INFO - Processing /home/airflow/.local/lib/python3.12/site-packages/airflow/example_dags/example_dag_decorator.py took 0.178 seconds
[2025-04-05T23:52:02.801+0000] {processor.py:186} INFO - Started process (PID=377) to work on /home/airflow/.local/lib/python3.12/site-packages/airflow/example_dags/example_dag_decorator.py
[2025-04-05T23:52:02.802+0000] {processor.py:914} INFO - Processing file /home/airflow/.local/lib/python3.12/site-packages/airflow/example_dags/example_dag_decorator.py for tasks to queue
[2025-04-05T23:52:02.804+0000] {logging_mixin.py:190} INFO - [2025-04-05T23:52:02.804+0000] {dagbag.py:588} INFO - Filling up the DagBag from /home/airflow/.local/lib/python3.12/site-packages/airflow/example_dags/example_dag_decorator.py
[2025-04-05T23:52:02.874+0000] {processor.py:925} INFO - DAG(s) 'example_dag_decorator' retrieved from /home/airflow/.local/lib/python3.12/site-packages/airflow/example_dags/example_dag_decorator.py
[2025-04-05T23:52:02.943+0000] {logging_mixin.py:190} INFO - [2025-04-05T23:52:02.942+0000] {dag.py:3239} INFO - Sync 1 DAGs
[2025-04-05T23:52:02.950+0000] {logging_mixin.py:190} INFO - [2025-04-05T23:52:02.950+0000] {dag.py:4180} INFO - Setting next_dagrun for example_dag_decorator to None, run_after=None
[2025-04-05T23:52:02.963+0000] {processor.py:208} INFO - Processing /home/airflow/.local/lib/python3.12/site-packages/airflow/example_dags/example_dag_decorator.py took 0.170 seconds
[2025-04-05T23:52:59.517+0000] {processor.py:186} INFO - Started process (PID=57) to work on /home/airflow/.local/lib/python3.12/site-packages/airflow/example_dags/example_dag_decorator.py
[2025-04-05T23:52:59.517+0000] {processor.py:914} INFO - Processing file /home/airflow/.local/lib/python3.12/site-packages/airflow/example_dags/example_dag_decorator.py for tasks to queue
[2025-04-05T23:52:59.518+0000] {logging_mixin.py:190} INFO - [2025-04-05T23:52:59.518+0000] {dagbag.py:588} INFO - Filling up the DagBag from /home/airflow/.local/lib/python3.12/site-packages/airflow/example_dags/example_dag_decorator.py
[2025-04-05T23:52:59.837+0000] {processor.py:925} INFO - DAG(s) 'example_dag_decorator' retrieved from /home/airflow/.local/lib/python3.12/site-packages/airflow/example_dags/example_dag_decorator.py
[2025-04-05T23:52:59.939+0000] {logging_mixin.py:190} INFO - [2025-04-05T23:52:59.938+0000] {dag.py:3239} INFO - Sync 1 DAGs
[2025-04-05T23:52:59.943+0000] {logging_mixin.py:190} INFO - [2025-04-05T23:52:59.943+0000] {dag.py:4180} INFO - Setting next_dagrun for example_dag_decorator to None, run_after=None
[2025-04-05T23:52:59.952+0000] {processor.py:208} INFO - Processing /home/airflow/.local/lib/python3.12/site-packages/airflow/example_dags/example_dag_decorator.py took 0.438 seconds
[2025-04-05T23:53:47.675+0000] {processor.py:186} INFO - Started process (PID=51) to work on /home/airflow/.local/lib/python3.12/site-packages/airflow/example_dags/example_dag_decorator.py
[2025-04-05T23:53:47.676+0000] {processor.py:914} INFO - Processing file /home/airflow/.local/lib/python3.12/site-packages/airflow/example_dags/example_dag_decorator.py for tasks to queue
[2025-04-05T23:53:47.677+0000] {logging_mixin.py:190} INFO - [2025-04-05T23:53:47.677+0000] {dagbag.py:588} INFO - Filling up the DagBag from /home/airflow/.local/lib/python3.12/site-packages/airflow/example_dags/example_dag_decorator.py
[2025-04-05T23:53:47.921+0000] {processor.py:925} INFO - DAG(s) 'example_dag_decorator' retrieved from /home/airflow/.local/lib/python3.12/site-packages/airflow/example_dags/example_dag_decorator.py
[2025-04-05T23:53:47.990+0000] {logging_mixin.py:190} INFO - [2025-04-05T23:53:47.990+0000] {dag.py:3239} INFO - Sync 1 DAGs
[2025-04-05T23:53:47.998+0000] {logging_mixin.py:190} INFO - [2025-04-05T23:53:47.998+0000] {dag.py:4180} INFO - Setting next_dagrun for example_dag_decorator to None, run_after=None
[2025-04-05T23:53:48.020+0000] {processor.py:208} INFO - Processing /home/airflow/.local/lib/python3.12/site-packages/airflow/example_dags/example_dag_decorator.py took 0.348 seconds
[2025-04-05T23:54:18.319+0000] {processor.py:186} INFO - Started process (PID=114) to work on /home/airflow/.local/lib/python3.12/site-packages/airflow/example_dags/example_dag_decorator.py
[2025-04-05T23:54:18.319+0000] {processor.py:914} INFO - Processing file /home/airflow/.local/lib/python3.12/site-packages/airflow/example_dags/example_dag_decorator.py for tasks to queue
[2025-04-05T23:54:18.320+0000] {logging_mixin.py:190} INFO - [2025-04-05T23:54:18.320+0000] {dagbag.py:588} INFO - Filling up the DagBag from /home/airflow/.local/lib/python3.12/site-packages/airflow/example_dags/example_dag_decorator.py
[2025-04-05T23:54:18.365+0000] {processor.py:925} INFO - DAG(s) 'example_dag_decorator' retrieved from /home/airflow/.local/lib/python3.12/site-packages/airflow/example_dags/example_dag_decorator.py
[2025-04-05T23:54:18.412+0000] {logging_mixin.py:190} INFO - [2025-04-05T23:54:18.411+0000] {dag.py:3239} INFO - Sync 1 DAGs
[2025-04-05T23:54:18.417+0000] {logging_mixin.py:190} INFO - [2025-04-05T23:54:18.417+0000] {dag.py:4180} INFO - Setting next_dagrun for example_dag_decorator to None, run_after=None
[2025-04-05T23:54:18.424+0000] {processor.py:208} INFO - Processing /home/airflow/.local/lib/python3.12/site-packages/airflow/example_dags/example_dag_decorator.py took 0.108 seconds
[2025-04-05T23:55:50.168+0000] {processor.py:186} INFO - Started process (PID=58) to work on /home/airflow/.local/lib/python3.12/site-packages/airflow/example_dags/example_dag_decorator.py
[2025-04-05T23:55:50.168+0000] {processor.py:914} INFO - Processing file /home/airflow/.local/lib/python3.12/site-packages/airflow/example_dags/example_dag_decorator.py for tasks to queue
[2025-04-05T23:55:50.170+0000] {logging_mixin.py:190} INFO - [2025-04-05T23:55:50.169+0000] {dagbag.py:588} INFO - Filling up the DagBag from /home/airflow/.local/lib/python3.12/site-packages/airflow/example_dags/example_dag_decorator.py
[2025-04-05T23:55:50.518+0000] {processor.py:925} INFO - DAG(s) 'example_dag_decorator' retrieved from /home/airflow/.local/lib/python3.12/site-packages/airflow/example_dags/example_dag_decorator.py
[2025-04-05T23:55:50.627+0000] {logging_mixin.py:190} INFO - [2025-04-05T23:55:50.626+0000] {dag.py:3239} INFO - Sync 1 DAGs
[2025-04-05T23:55:50.631+0000] {logging_mixin.py:190} INFO - [2025-04-05T23:55:50.631+0000] {dag.py:4180} INFO - Setting next_dagrun for example_dag_decorator to None, run_after=None
[2025-04-05T23:55:50.638+0000] {processor.py:208} INFO - Processing /home/airflow/.local/lib/python3.12/site-packages/airflow/example_dags/example_dag_decorator.py took 0.473 seconds
[2025-04-05T23:56:21.203+0000] {processor.py:186} INFO - Started process (PID=122) to work on /home/airflow/.local/lib/python3.12/site-packages/airflow/example_dags/example_dag_decorator.py
[2025-04-05T23:56:21.204+0000] {processor.py:914} INFO - Processing file /home/airflow/.local/lib/python3.12/site-packages/airflow/example_dags/example_dag_decorator.py for tasks to queue
[2025-04-05T23:56:21.208+0000] {logging_mixin.py:190} INFO - [2025-04-05T23:56:21.207+0000] {dagbag.py:588} INFO - Filling up the DagBag from /home/airflow/.local/lib/python3.12/site-packages/airflow/example_dags/example_dag_decorator.py
[2025-04-05T23:56:21.272+0000] {processor.py:925} INFO - DAG(s) 'example_dag_decorator' retrieved from /home/airflow/.local/lib/python3.12/site-packages/airflow/example_dags/example_dag_decorator.py
[2025-04-05T23:56:21.333+0000] {logging_mixin.py:190} INFO - [2025-04-05T23:56:21.333+0000] {dag.py:3239} INFO - Sync 1 DAGs
[2025-04-05T23:56:21.339+0000] {logging_mixin.py:190} INFO - [2025-04-05T23:56:21.339+0000] {dag.py:4180} INFO - Setting next_dagrun for example_dag_decorator to None, run_after=None
[2025-04-05T23:56:21.347+0000] {processor.py:208} INFO - Processing /home/airflow/.local/lib/python3.12/site-packages/airflow/example_dags/example_dag_decorator.py took 0.149 seconds
