[2025-04-05T20:06:52.161+0000] {processor.py:186} INFO - Started process (PID=61) to work on /home/airflow/.local/lib/python3.12/site-packages/airflow/example_dags/example_skip_dag.py
[2025-04-05T20:06:52.161+0000] {processor.py:914} INFO - Processing file /home/airflow/.local/lib/python3.12/site-packages/airflow/example_dags/example_skip_dag.py for tasks to queue
[2025-04-05T20:06:52.163+0000] {logging_mixin.py:190} INFO - [2025-04-05T20:06:52.163+0000] {dagbag.py:588} INFO - Filling up the DagBag from /home/airflow/.local/lib/python3.12/site-packages/airflow/example_dags/example_skip_dag.py
[2025-04-05T20:06:52.169+0000] {processor.py:925} INFO - DAG(s) 'example_skip_dag' retrieved from /home/airflow/.local/lib/python3.12/site-packages/airflow/example_dags/example_skip_dag.py
[2025-04-05T20:06:52.246+0000] {logging_mixin.py:190} INFO - [2025-04-05T20:06:52.246+0000] {override.py:1912} INFO - Created Permission View: can edit on DAG:example_skip_dag
[2025-04-05T20:06:52.256+0000] {logging_mixin.py:190} INFO - [2025-04-05T20:06:52.256+0000] {override.py:1912} INFO - Created Permission View: can read on DAG:example_skip_dag
[2025-04-05T20:06:52.259+0000] {logging_mixin.py:190} INFO - [2025-04-05T20:06:52.259+0000] {override.py:1912} INFO - Created Permission View: can delete on DAG:example_skip_dag
[2025-04-05T20:06:52.263+0000] {logging_mixin.py:190} INFO - [2025-04-05T20:06:52.263+0000] {override.py:1912} INFO - Created Permission View: can create on DAG Run:example_skip_dag
[2025-04-05T20:06:52.266+0000] {logging_mixin.py:190} INFO - [2025-04-05T20:06:52.266+0000] {override.py:1912} INFO - Created Permission View: can read on DAG Run:example_skip_dag
[2025-04-05T20:06:52.269+0000] {logging_mixin.py:190} INFO - [2025-04-05T20:06:52.269+0000] {override.py:1912} INFO - Created Permission View: can delete on DAG Run:example_skip_dag
[2025-04-05T20:06:52.272+0000] {logging_mixin.py:190} INFO - [2025-04-05T20:06:52.272+0000] {override.py:1912} INFO - Created Permission View: menu access on DAG Run:example_skip_dag
[2025-04-05T20:06:52.273+0000] {logging_mixin.py:190} INFO - [2025-04-05T20:06:52.272+0000] {dag.py:3239} INFO - Sync 1 DAGs
[2025-04-05T20:06:52.280+0000] {logging_mixin.py:190} INFO - [2025-04-05T20:06:52.280+0000] {dag.py:3262} INFO - Creating ORM DAG for example_skip_dag
[2025-04-05T20:06:52.285+0000] {logging_mixin.py:190} INFO - [2025-04-05T20:06:52.285+0000] {dag.py:4180} INFO - Setting next_dagrun for example_skip_dag to 2025-04-04 00:00:00+00:00, run_after=2025-04-05 00:00:00+00:00
[2025-04-05T20:06:52.296+0000] {processor.py:208} INFO - Processing /home/airflow/.local/lib/python3.12/site-packages/airflow/example_dags/example_skip_dag.py took 0.139 seconds
[2025-04-05T20:07:23.449+0000] {processor.py:186} INFO - Started process (PID=124) to work on /home/airflow/.local/lib/python3.12/site-packages/airflow/example_dags/example_skip_dag.py
[2025-04-05T20:07:23.451+0000] {processor.py:914} INFO - Processing file /home/airflow/.local/lib/python3.12/site-packages/airflow/example_dags/example_skip_dag.py for tasks to queue
[2025-04-05T20:07:23.452+0000] {logging_mixin.py:190} INFO - [2025-04-05T20:07:23.452+0000] {dagbag.py:588} INFO - Filling up the DagBag from /home/airflow/.local/lib/python3.12/site-packages/airflow/example_dags/example_skip_dag.py
[2025-04-05T20:07:23.457+0000] {processor.py:925} INFO - DAG(s) 'example_skip_dag' retrieved from /home/airflow/.local/lib/python3.12/site-packages/airflow/example_dags/example_skip_dag.py
[2025-04-05T20:07:23.468+0000] {logging_mixin.py:190} INFO - [2025-04-05T20:07:23.468+0000] {dag.py:3239} INFO - Sync 1 DAGs
[2025-04-05T20:07:23.478+0000] {logging_mixin.py:190} INFO - [2025-04-05T20:07:23.478+0000] {dag.py:4180} INFO - Setting next_dagrun for example_skip_dag to 2025-04-04 00:00:00+00:00, run_after=2025-04-05 00:00:00+00:00
[2025-04-05T20:07:23.486+0000] {processor.py:208} INFO - Processing /home/airflow/.local/lib/python3.12/site-packages/airflow/example_dags/example_skip_dag.py took 0.046 seconds
[2025-04-05T20:07:54.515+0000] {processor.py:186} INFO - Started process (PID=193) to work on /home/airflow/.local/lib/python3.12/site-packages/airflow/example_dags/example_skip_dag.py
[2025-04-05T20:07:54.518+0000] {processor.py:914} INFO - Processing file /home/airflow/.local/lib/python3.12/site-packages/airflow/example_dags/example_skip_dag.py for tasks to queue
[2025-04-05T20:07:54.520+0000] {logging_mixin.py:190} INFO - [2025-04-05T20:07:54.519+0000] {dagbag.py:588} INFO - Filling up the DagBag from /home/airflow/.local/lib/python3.12/site-packages/airflow/example_dags/example_skip_dag.py
[2025-04-05T20:07:54.524+0000] {processor.py:925} INFO - DAG(s) 'example_skip_dag' retrieved from /home/airflow/.local/lib/python3.12/site-packages/airflow/example_dags/example_skip_dag.py
[2025-04-05T20:07:54.534+0000] {logging_mixin.py:190} INFO - [2025-04-05T20:07:54.534+0000] {dag.py:3239} INFO - Sync 1 DAGs
[2025-04-05T20:07:54.543+0000] {logging_mixin.py:190} INFO - [2025-04-05T20:07:54.543+0000] {dag.py:4180} INFO - Setting next_dagrun for example_skip_dag to 2025-04-04 00:00:00+00:00, run_after=2025-04-05 00:00:00+00:00
[2025-04-05T20:07:54.550+0000] {processor.py:208} INFO - Processing /home/airflow/.local/lib/python3.12/site-packages/airflow/example_dags/example_skip_dag.py took 0.038 seconds
[2025-04-05T20:08:25.191+0000] {processor.py:186} INFO - Started process (PID=256) to work on /home/airflow/.local/lib/python3.12/site-packages/airflow/example_dags/example_skip_dag.py
[2025-04-05T20:08:25.192+0000] {processor.py:914} INFO - Processing file /home/airflow/.local/lib/python3.12/site-packages/airflow/example_dags/example_skip_dag.py for tasks to queue
[2025-04-05T20:08:25.193+0000] {logging_mixin.py:190} INFO - [2025-04-05T20:08:25.193+0000] {dagbag.py:588} INFO - Filling up the DagBag from /home/airflow/.local/lib/python3.12/site-packages/airflow/example_dags/example_skip_dag.py
[2025-04-05T20:08:25.197+0000] {processor.py:925} INFO - DAG(s) 'example_skip_dag' retrieved from /home/airflow/.local/lib/python3.12/site-packages/airflow/example_dags/example_skip_dag.py
[2025-04-05T20:08:25.208+0000] {logging_mixin.py:190} INFO - [2025-04-05T20:08:25.208+0000] {dag.py:3239} INFO - Sync 1 DAGs
[2025-04-05T20:08:25.218+0000] {logging_mixin.py:190} INFO - [2025-04-05T20:08:25.218+0000] {dag.py:4180} INFO - Setting next_dagrun for example_skip_dag to 2025-04-04 00:00:00+00:00, run_after=2025-04-05 00:00:00+00:00
[2025-04-05T20:08:25.226+0000] {processor.py:208} INFO - Processing /home/airflow/.local/lib/python3.12/site-packages/airflow/example_dags/example_skip_dag.py took 0.038 seconds
[2025-04-05T23:17:34.375+0000] {processor.py:186} INFO - Started process (PID=60) to work on /home/airflow/.local/lib/python3.12/site-packages/airflow/example_dags/example_skip_dag.py
[2025-04-05T23:17:34.376+0000] {processor.py:914} INFO - Processing file /home/airflow/.local/lib/python3.12/site-packages/airflow/example_dags/example_skip_dag.py for tasks to queue
[2025-04-05T23:17:34.377+0000] {logging_mixin.py:190} INFO - [2025-04-05T23:17:34.377+0000] {dagbag.py:588} INFO - Filling up the DagBag from /home/airflow/.local/lib/python3.12/site-packages/airflow/example_dags/example_skip_dag.py
[2025-04-05T23:17:34.385+0000] {processor.py:925} INFO - DAG(s) 'example_skip_dag' retrieved from /home/airflow/.local/lib/python3.12/site-packages/airflow/example_dags/example_skip_dag.py
[2025-04-05T23:17:34.531+0000] {logging_mixin.py:190} INFO - [2025-04-05T23:17:34.531+0000] {dag.py:3239} INFO - Sync 1 DAGs
[2025-04-05T23:17:34.545+0000] {logging_mixin.py:190} INFO - [2025-04-05T23:17:34.544+0000] {dag.py:4180} INFO - Setting next_dagrun for example_skip_dag to 2025-04-04 00:00:00+00:00, run_after=2025-04-05 00:00:00+00:00
[2025-04-05T23:17:34.559+0000] {processor.py:208} INFO - Processing /home/airflow/.local/lib/python3.12/site-packages/airflow/example_dags/example_skip_dag.py took 0.187 seconds
[2025-04-05T23:18:00.922+0000] {processor.py:186} INFO - Started process (PID=56) to work on /home/airflow/.local/lib/python3.12/site-packages/airflow/example_dags/example_skip_dag.py
[2025-04-05T23:18:00.923+0000] {processor.py:914} INFO - Processing file /home/airflow/.local/lib/python3.12/site-packages/airflow/example_dags/example_skip_dag.py for tasks to queue
[2025-04-05T23:18:00.927+0000] {logging_mixin.py:190} INFO - [2025-04-05T23:18:00.926+0000] {dagbag.py:588} INFO - Filling up the DagBag from /home/airflow/.local/lib/python3.12/site-packages/airflow/example_dags/example_skip_dag.py
[2025-04-05T23:18:00.932+0000] {processor.py:925} INFO - DAG(s) 'example_skip_dag' retrieved from /home/airflow/.local/lib/python3.12/site-packages/airflow/example_dags/example_skip_dag.py
[2025-04-05T23:18:00.949+0000] {logging_mixin.py:190} INFO - [2025-04-05T23:18:00.949+0000] {dag.py:3239} INFO - Sync 1 DAGs
[2025-04-05T23:18:01.070+0000] {logging_mixin.py:190} INFO - [2025-04-05T23:18:01.070+0000] {dag.py:4180} INFO - Setting next_dagrun for example_skip_dag to 2025-04-04 00:00:00+00:00, run_after=2025-04-05 00:00:00+00:00
[2025-04-05T23:18:01.077+0000] {processor.py:208} INFO - Processing /home/airflow/.local/lib/python3.12/site-packages/airflow/example_dags/example_skip_dag.py took 0.158 seconds
[2025-04-05T23:18:31.940+0000] {processor.py:186} INFO - Started process (PID=125) to work on /home/airflow/.local/lib/python3.12/site-packages/airflow/example_dags/example_skip_dag.py
[2025-04-05T23:18:31.942+0000] {processor.py:914} INFO - Processing file /home/airflow/.local/lib/python3.12/site-packages/airflow/example_dags/example_skip_dag.py for tasks to queue
[2025-04-05T23:18:31.944+0000] {logging_mixin.py:190} INFO - [2025-04-05T23:18:31.944+0000] {dagbag.py:588} INFO - Filling up the DagBag from /home/airflow/.local/lib/python3.12/site-packages/airflow/example_dags/example_skip_dag.py
[2025-04-05T23:18:31.950+0000] {processor.py:925} INFO - DAG(s) 'example_skip_dag' retrieved from /home/airflow/.local/lib/python3.12/site-packages/airflow/example_dags/example_skip_dag.py
[2025-04-05T23:18:31.966+0000] {logging_mixin.py:190} INFO - [2025-04-05T23:18:31.966+0000] {dag.py:3239} INFO - Sync 1 DAGs
[2025-04-05T23:18:31.977+0000] {logging_mixin.py:190} INFO - [2025-04-05T23:18:31.977+0000] {dag.py:4180} INFO - Setting next_dagrun for example_skip_dag to 2025-04-04 00:00:00+00:00, run_after=2025-04-05 00:00:00+00:00
[2025-04-05T23:18:31.990+0000] {processor.py:208} INFO - Processing /home/airflow/.local/lib/python3.12/site-packages/airflow/example_dags/example_skip_dag.py took 0.055 seconds
[2025-04-05T23:19:02.146+0000] {processor.py:186} INFO - Started process (PID=189) to work on /home/airflow/.local/lib/python3.12/site-packages/airflow/example_dags/example_skip_dag.py
[2025-04-05T23:19:02.149+0000] {processor.py:914} INFO - Processing file /home/airflow/.local/lib/python3.12/site-packages/airflow/example_dags/example_skip_dag.py for tasks to queue
[2025-04-05T23:19:02.150+0000] {logging_mixin.py:190} INFO - [2025-04-05T23:19:02.150+0000] {dagbag.py:588} INFO - Filling up the DagBag from /home/airflow/.local/lib/python3.12/site-packages/airflow/example_dags/example_skip_dag.py
[2025-04-05T23:19:02.154+0000] {processor.py:925} INFO - DAG(s) 'example_skip_dag' retrieved from /home/airflow/.local/lib/python3.12/site-packages/airflow/example_dags/example_skip_dag.py
[2025-04-05T23:19:02.164+0000] {logging_mixin.py:190} INFO - [2025-04-05T23:19:02.164+0000] {dag.py:3239} INFO - Sync 1 DAGs
[2025-04-05T23:19:02.178+0000] {logging_mixin.py:190} INFO - [2025-04-05T23:19:02.178+0000] {dag.py:4180} INFO - Setting next_dagrun for example_skip_dag to 2025-04-04 00:00:00+00:00, run_after=2025-04-05 00:00:00+00:00
[2025-04-05T23:19:02.188+0000] {processor.py:208} INFO - Processing /home/airflow/.local/lib/python3.12/site-packages/airflow/example_dags/example_skip_dag.py took 0.044 seconds
[2025-04-05T23:19:32.275+0000] {processor.py:186} INFO - Started process (PID=253) to work on /home/airflow/.local/lib/python3.12/site-packages/airflow/example_dags/example_skip_dag.py
[2025-04-05T23:19:32.277+0000] {processor.py:914} INFO - Processing file /home/airflow/.local/lib/python3.12/site-packages/airflow/example_dags/example_skip_dag.py for tasks to queue
[2025-04-05T23:19:32.278+0000] {logging_mixin.py:190} INFO - [2025-04-05T23:19:32.278+0000] {dagbag.py:588} INFO - Filling up the DagBag from /home/airflow/.local/lib/python3.12/site-packages/airflow/example_dags/example_skip_dag.py
[2025-04-05T23:19:32.283+0000] {processor.py:925} INFO - DAG(s) 'example_skip_dag' retrieved from /home/airflow/.local/lib/python3.12/site-packages/airflow/example_dags/example_skip_dag.py
[2025-04-05T23:19:32.294+0000] {logging_mixin.py:190} INFO - [2025-04-05T23:19:32.294+0000] {dag.py:3239} INFO - Sync 1 DAGs
[2025-04-05T23:19:32.306+0000] {logging_mixin.py:190} INFO - [2025-04-05T23:19:32.306+0000] {dag.py:4180} INFO - Setting next_dagrun for example_skip_dag to 2025-04-04 00:00:00+00:00, run_after=2025-04-05 00:00:00+00:00
[2025-04-05T23:19:32.319+0000] {processor.py:208} INFO - Processing /home/airflow/.local/lib/python3.12/site-packages/airflow/example_dags/example_skip_dag.py took 0.050 seconds
[2025-04-05T23:20:02.592+0000] {processor.py:186} INFO - Started process (PID=317) to work on /home/airflow/.local/lib/python3.12/site-packages/airflow/example_dags/example_skip_dag.py
[2025-04-05T23:20:02.593+0000] {processor.py:914} INFO - Processing file /home/airflow/.local/lib/python3.12/site-packages/airflow/example_dags/example_skip_dag.py for tasks to queue
[2025-04-05T23:20:02.594+0000] {logging_mixin.py:190} INFO - [2025-04-05T23:20:02.594+0000] {dagbag.py:588} INFO - Filling up the DagBag from /home/airflow/.local/lib/python3.12/site-packages/airflow/example_dags/example_skip_dag.py
[2025-04-05T23:20:02.600+0000] {processor.py:925} INFO - DAG(s) 'example_skip_dag' retrieved from /home/airflow/.local/lib/python3.12/site-packages/airflow/example_dags/example_skip_dag.py
[2025-04-05T23:20:02.613+0000] {logging_mixin.py:190} INFO - [2025-04-05T23:20:02.612+0000] {dag.py:3239} INFO - Sync 1 DAGs
[2025-04-05T23:20:02.624+0000] {logging_mixin.py:190} INFO - [2025-04-05T23:20:02.624+0000] {dag.py:4180} INFO - Setting next_dagrun for example_skip_dag to 2025-04-04 00:00:00+00:00, run_after=2025-04-05 00:00:00+00:00
[2025-04-05T23:20:02.636+0000] {processor.py:208} INFO - Processing /home/airflow/.local/lib/python3.12/site-packages/airflow/example_dags/example_skip_dag.py took 0.052 seconds
[2025-04-05T23:20:32.877+0000] {processor.py:186} INFO - Started process (PID=381) to work on /home/airflow/.local/lib/python3.12/site-packages/airflow/example_dags/example_skip_dag.py
[2025-04-05T23:20:32.877+0000] {processor.py:914} INFO - Processing file /home/airflow/.local/lib/python3.12/site-packages/airflow/example_dags/example_skip_dag.py for tasks to queue
[2025-04-05T23:20:32.879+0000] {logging_mixin.py:190} INFO - [2025-04-05T23:20:32.878+0000] {dagbag.py:588} INFO - Filling up the DagBag from /home/airflow/.local/lib/python3.12/site-packages/airflow/example_dags/example_skip_dag.py
[2025-04-05T23:20:32.883+0000] {processor.py:925} INFO - DAG(s) 'example_skip_dag' retrieved from /home/airflow/.local/lib/python3.12/site-packages/airflow/example_dags/example_skip_dag.py
[2025-04-05T23:20:32.895+0000] {logging_mixin.py:190} INFO - [2025-04-05T23:20:32.895+0000] {dag.py:3239} INFO - Sync 1 DAGs
[2025-04-05T23:20:32.905+0000] {logging_mixin.py:190} INFO - [2025-04-05T23:20:32.905+0000] {dag.py:4180} INFO - Setting next_dagrun for example_skip_dag to 2025-04-04 00:00:00+00:00, run_after=2025-04-05 00:00:00+00:00
[2025-04-05T23:20:32.915+0000] {processor.py:208} INFO - Processing /home/airflow/.local/lib/python3.12/site-packages/airflow/example_dags/example_skip_dag.py took 0.041 seconds
[2025-04-05T23:21:03.110+0000] {processor.py:186} INFO - Started process (PID=445) to work on /home/airflow/.local/lib/python3.12/site-packages/airflow/example_dags/example_skip_dag.py
[2025-04-05T23:21:03.111+0000] {processor.py:914} INFO - Processing file /home/airflow/.local/lib/python3.12/site-packages/airflow/example_dags/example_skip_dag.py for tasks to queue
[2025-04-05T23:21:03.113+0000] {logging_mixin.py:190} INFO - [2025-04-05T23:21:03.113+0000] {dagbag.py:588} INFO - Filling up the DagBag from /home/airflow/.local/lib/python3.12/site-packages/airflow/example_dags/example_skip_dag.py
[2025-04-05T23:21:03.117+0000] {processor.py:925} INFO - DAG(s) 'example_skip_dag' retrieved from /home/airflow/.local/lib/python3.12/site-packages/airflow/example_dags/example_skip_dag.py
[2025-04-05T23:21:03.129+0000] {logging_mixin.py:190} INFO - [2025-04-05T23:21:03.129+0000] {dag.py:3239} INFO - Sync 1 DAGs
[2025-04-05T23:21:03.140+0000] {logging_mixin.py:190} INFO - [2025-04-05T23:21:03.140+0000] {dag.py:4180} INFO - Setting next_dagrun for example_skip_dag to 2025-04-04 00:00:00+00:00, run_after=2025-04-05 00:00:00+00:00
[2025-04-05T23:21:03.149+0000] {processor.py:208} INFO - Processing /home/airflow/.local/lib/python3.12/site-packages/airflow/example_dags/example_skip_dag.py took 0.041 seconds
[2025-04-05T23:21:33.473+0000] {processor.py:186} INFO - Started process (PID=509) to work on /home/airflow/.local/lib/python3.12/site-packages/airflow/example_dags/example_skip_dag.py
[2025-04-05T23:21:33.473+0000] {processor.py:914} INFO - Processing file /home/airflow/.local/lib/python3.12/site-packages/airflow/example_dags/example_skip_dag.py for tasks to queue
[2025-04-05T23:21:33.474+0000] {logging_mixin.py:190} INFO - [2025-04-05T23:21:33.474+0000] {dagbag.py:588} INFO - Filling up the DagBag from /home/airflow/.local/lib/python3.12/site-packages/airflow/example_dags/example_skip_dag.py
[2025-04-05T23:21:33.481+0000] {processor.py:925} INFO - DAG(s) 'example_skip_dag' retrieved from /home/airflow/.local/lib/python3.12/site-packages/airflow/example_dags/example_skip_dag.py
[2025-04-05T23:21:33.493+0000] {logging_mixin.py:190} INFO - [2025-04-05T23:21:33.492+0000] {dag.py:3239} INFO - Sync 1 DAGs
[2025-04-05T23:21:33.505+0000] {logging_mixin.py:190} INFO - [2025-04-05T23:21:33.505+0000] {dag.py:4180} INFO - Setting next_dagrun for example_skip_dag to 2025-04-04 00:00:00+00:00, run_after=2025-04-05 00:00:00+00:00
[2025-04-05T23:21:33.512+0000] {processor.py:208} INFO - Processing /home/airflow/.local/lib/python3.12/site-packages/airflow/example_dags/example_skip_dag.py took 0.042 seconds
[2025-04-05T23:22:03.731+0000] {processor.py:186} INFO - Started process (PID=573) to work on /home/airflow/.local/lib/python3.12/site-packages/airflow/example_dags/example_skip_dag.py
[2025-04-05T23:22:03.731+0000] {processor.py:914} INFO - Processing file /home/airflow/.local/lib/python3.12/site-packages/airflow/example_dags/example_skip_dag.py for tasks to queue
[2025-04-05T23:22:03.732+0000] {logging_mixin.py:190} INFO - [2025-04-05T23:22:03.732+0000] {dagbag.py:588} INFO - Filling up the DagBag from /home/airflow/.local/lib/python3.12/site-packages/airflow/example_dags/example_skip_dag.py
[2025-04-05T23:22:03.736+0000] {processor.py:925} INFO - DAG(s) 'example_skip_dag' retrieved from /home/airflow/.local/lib/python3.12/site-packages/airflow/example_dags/example_skip_dag.py
[2025-04-05T23:22:03.746+0000] {logging_mixin.py:190} INFO - [2025-04-05T23:22:03.746+0000] {dag.py:3239} INFO - Sync 1 DAGs
[2025-04-05T23:22:03.757+0000] {logging_mixin.py:190} INFO - [2025-04-05T23:22:03.757+0000] {dag.py:4180} INFO - Setting next_dagrun for example_skip_dag to 2025-04-04 00:00:00+00:00, run_after=2025-04-05 00:00:00+00:00
[2025-04-05T23:22:03.767+0000] {processor.py:208} INFO - Processing /home/airflow/.local/lib/python3.12/site-packages/airflow/example_dags/example_skip_dag.py took 0.039 seconds
[2025-04-05T23:22:33.907+0000] {processor.py:186} INFO - Started process (PID=637) to work on /home/airflow/.local/lib/python3.12/site-packages/airflow/example_dags/example_skip_dag.py
[2025-04-05T23:22:33.907+0000] {processor.py:914} INFO - Processing file /home/airflow/.local/lib/python3.12/site-packages/airflow/example_dags/example_skip_dag.py for tasks to queue
[2025-04-05T23:22:33.908+0000] {logging_mixin.py:190} INFO - [2025-04-05T23:22:33.908+0000] {dagbag.py:588} INFO - Filling up the DagBag from /home/airflow/.local/lib/python3.12/site-packages/airflow/example_dags/example_skip_dag.py
[2025-04-05T23:22:33.912+0000] {processor.py:925} INFO - DAG(s) 'example_skip_dag' retrieved from /home/airflow/.local/lib/python3.12/site-packages/airflow/example_dags/example_skip_dag.py
[2025-04-05T23:22:33.922+0000] {logging_mixin.py:190} INFO - [2025-04-05T23:22:33.921+0000] {dag.py:3239} INFO - Sync 1 DAGs
[2025-04-05T23:22:33.933+0000] {logging_mixin.py:190} INFO - [2025-04-05T23:22:33.933+0000] {dag.py:4180} INFO - Setting next_dagrun for example_skip_dag to 2025-04-04 00:00:00+00:00, run_after=2025-04-05 00:00:00+00:00
[2025-04-05T23:22:33.946+0000] {processor.py:208} INFO - Processing /home/airflow/.local/lib/python3.12/site-packages/airflow/example_dags/example_skip_dag.py took 0.041 seconds
[2025-04-05T23:23:04.170+0000] {processor.py:186} INFO - Started process (PID=701) to work on /home/airflow/.local/lib/python3.12/site-packages/airflow/example_dags/example_skip_dag.py
[2025-04-05T23:23:04.171+0000] {processor.py:914} INFO - Processing file /home/airflow/.local/lib/python3.12/site-packages/airflow/example_dags/example_skip_dag.py for tasks to queue
[2025-04-05T23:23:04.172+0000] {logging_mixin.py:190} INFO - [2025-04-05T23:23:04.172+0000] {dagbag.py:588} INFO - Filling up the DagBag from /home/airflow/.local/lib/python3.12/site-packages/airflow/example_dags/example_skip_dag.py
[2025-04-05T23:23:04.176+0000] {processor.py:925} INFO - DAG(s) 'example_skip_dag' retrieved from /home/airflow/.local/lib/python3.12/site-packages/airflow/example_dags/example_skip_dag.py
[2025-04-05T23:23:04.190+0000] {logging_mixin.py:190} INFO - [2025-04-05T23:23:04.190+0000] {dag.py:3239} INFO - Sync 1 DAGs
[2025-04-05T23:23:04.202+0000] {logging_mixin.py:190} INFO - [2025-04-05T23:23:04.202+0000] {dag.py:4180} INFO - Setting next_dagrun for example_skip_dag to 2025-04-04 00:00:00+00:00, run_after=2025-04-05 00:00:00+00:00
[2025-04-05T23:23:04.209+0000] {processor.py:208} INFO - Processing /home/airflow/.local/lib/python3.12/site-packages/airflow/example_dags/example_skip_dag.py took 0.042 seconds
[2025-04-05T23:23:34.355+0000] {processor.py:186} INFO - Started process (PID=765) to work on /home/airflow/.local/lib/python3.12/site-packages/airflow/example_dags/example_skip_dag.py
[2025-04-05T23:23:34.359+0000] {processor.py:914} INFO - Processing file /home/airflow/.local/lib/python3.12/site-packages/airflow/example_dags/example_skip_dag.py for tasks to queue
[2025-04-05T23:23:34.360+0000] {logging_mixin.py:190} INFO - [2025-04-05T23:23:34.360+0000] {dagbag.py:588} INFO - Filling up the DagBag from /home/airflow/.local/lib/python3.12/site-packages/airflow/example_dags/example_skip_dag.py
[2025-04-05T23:23:34.364+0000] {processor.py:925} INFO - DAG(s) 'example_skip_dag' retrieved from /home/airflow/.local/lib/python3.12/site-packages/airflow/example_dags/example_skip_dag.py
[2025-04-05T23:23:34.377+0000] {logging_mixin.py:190} INFO - [2025-04-05T23:23:34.377+0000] {dag.py:3239} INFO - Sync 1 DAGs
[2025-04-05T23:23:34.388+0000] {logging_mixin.py:190} INFO - [2025-04-05T23:23:34.388+0000] {dag.py:4180} INFO - Setting next_dagrun for example_skip_dag to 2025-04-04 00:00:00+00:00, run_after=2025-04-05 00:00:00+00:00
[2025-04-05T23:23:34.396+0000] {processor.py:208} INFO - Processing /home/airflow/.local/lib/python3.12/site-packages/airflow/example_dags/example_skip_dag.py took 0.043 seconds
[2025-04-05T23:24:04.692+0000] {processor.py:186} INFO - Started process (PID=829) to work on /home/airflow/.local/lib/python3.12/site-packages/airflow/example_dags/example_skip_dag.py
[2025-04-05T23:24:04.700+0000] {processor.py:914} INFO - Processing file /home/airflow/.local/lib/python3.12/site-packages/airflow/example_dags/example_skip_dag.py for tasks to queue
[2025-04-05T23:24:04.706+0000] {logging_mixin.py:190} INFO - [2025-04-05T23:24:04.706+0000] {dagbag.py:588} INFO - Filling up the DagBag from /home/airflow/.local/lib/python3.12/site-packages/airflow/example_dags/example_skip_dag.py
[2025-04-05T23:24:04.722+0000] {processor.py:925} INFO - DAG(s) 'example_skip_dag' retrieved from /home/airflow/.local/lib/python3.12/site-packages/airflow/example_dags/example_skip_dag.py
[2025-04-05T23:24:04.990+0000] {logging_mixin.py:190} INFO - [2025-04-05T23:24:04.990+0000] {process_utils.py:266} INFO - Waiting up to 5 seconds for processes to exit...
[2025-04-05T23:24:30.615+0000] {processor.py:186} INFO - Started process (PID=54) to work on /home/airflow/.local/lib/python3.12/site-packages/airflow/example_dags/example_skip_dag.py
[2025-04-05T23:24:30.616+0000] {processor.py:914} INFO - Processing file /home/airflow/.local/lib/python3.12/site-packages/airflow/example_dags/example_skip_dag.py for tasks to queue
[2025-04-05T23:24:30.618+0000] {logging_mixin.py:190} INFO - [2025-04-05T23:24:30.618+0000] {dagbag.py:588} INFO - Filling up the DagBag from /home/airflow/.local/lib/python3.12/site-packages/airflow/example_dags/example_skip_dag.py
[2025-04-05T23:24:30.626+0000] {processor.py:925} INFO - DAG(s) 'example_skip_dag' retrieved from /home/airflow/.local/lib/python3.12/site-packages/airflow/example_dags/example_skip_dag.py
[2025-04-05T23:24:30.647+0000] {logging_mixin.py:190} INFO - [2025-04-05T23:24:30.646+0000] {dag.py:3239} INFO - Sync 1 DAGs
[2025-04-05T23:24:30.800+0000] {logging_mixin.py:190} INFO - [2025-04-05T23:24:30.800+0000] {dag.py:4180} INFO - Setting next_dagrun for example_skip_dag to 2025-04-04 00:00:00+00:00, run_after=2025-04-05 00:00:00+00:00
[2025-04-05T23:24:30.837+0000] {processor.py:208} INFO - Processing /home/airflow/.local/lib/python3.12/site-packages/airflow/example_dags/example_skip_dag.py took 0.226 seconds
[2025-04-05T23:25:01.141+0000] {processor.py:186} INFO - Started process (PID=117) to work on /home/airflow/.local/lib/python3.12/site-packages/airflow/example_dags/example_skip_dag.py
[2025-04-05T23:25:01.142+0000] {processor.py:914} INFO - Processing file /home/airflow/.local/lib/python3.12/site-packages/airflow/example_dags/example_skip_dag.py for tasks to queue
[2025-04-05T23:25:01.143+0000] {logging_mixin.py:190} INFO - [2025-04-05T23:25:01.143+0000] {dagbag.py:588} INFO - Filling up the DagBag from /home/airflow/.local/lib/python3.12/site-packages/airflow/example_dags/example_skip_dag.py
[2025-04-05T23:25:01.147+0000] {processor.py:925} INFO - DAG(s) 'example_skip_dag' retrieved from /home/airflow/.local/lib/python3.12/site-packages/airflow/example_dags/example_skip_dag.py
[2025-04-05T23:25:01.156+0000] {logging_mixin.py:190} INFO - [2025-04-05T23:25:01.156+0000] {dag.py:3239} INFO - Sync 1 DAGs
[2025-04-05T23:25:01.166+0000] {logging_mixin.py:190} INFO - [2025-04-05T23:25:01.166+0000] {dag.py:4180} INFO - Setting next_dagrun for example_skip_dag to 2025-04-04 00:00:00+00:00, run_after=2025-04-05 00:00:00+00:00
[2025-04-05T23:25:01.191+0000] {processor.py:208} INFO - Processing /home/airflow/.local/lib/python3.12/site-packages/airflow/example_dags/example_skip_dag.py took 0.053 seconds
[2025-04-05T23:25:31.303+0000] {processor.py:186} INFO - Started process (PID=181) to work on /home/airflow/.local/lib/python3.12/site-packages/airflow/example_dags/example_skip_dag.py
[2025-04-05T23:25:31.304+0000] {processor.py:914} INFO - Processing file /home/airflow/.local/lib/python3.12/site-packages/airflow/example_dags/example_skip_dag.py for tasks to queue
[2025-04-05T23:25:31.305+0000] {logging_mixin.py:190} INFO - [2025-04-05T23:25:31.305+0000] {dagbag.py:588} INFO - Filling up the DagBag from /home/airflow/.local/lib/python3.12/site-packages/airflow/example_dags/example_skip_dag.py
[2025-04-05T23:25:31.309+0000] {processor.py:925} INFO - DAG(s) 'example_skip_dag' retrieved from /home/airflow/.local/lib/python3.12/site-packages/airflow/example_dags/example_skip_dag.py
[2025-04-05T23:25:31.318+0000] {logging_mixin.py:190} INFO - [2025-04-05T23:25:31.318+0000] {dag.py:3239} INFO - Sync 1 DAGs
[2025-04-05T23:25:31.328+0000] {logging_mixin.py:190} INFO - [2025-04-05T23:25:31.328+0000] {dag.py:4180} INFO - Setting next_dagrun for example_skip_dag to 2025-04-04 00:00:00+00:00, run_after=2025-04-05 00:00:00+00:00
[2025-04-05T23:25:31.341+0000] {processor.py:208} INFO - Processing /home/airflow/.local/lib/python3.12/site-packages/airflow/example_dags/example_skip_dag.py took 0.041 seconds
[2025-04-05T23:26:01.723+0000] {processor.py:186} INFO - Started process (PID=245) to work on /home/airflow/.local/lib/python3.12/site-packages/airflow/example_dags/example_skip_dag.py
[2025-04-05T23:26:01.724+0000] {processor.py:914} INFO - Processing file /home/airflow/.local/lib/python3.12/site-packages/airflow/example_dags/example_skip_dag.py for tasks to queue
[2025-04-05T23:26:01.725+0000] {logging_mixin.py:190} INFO - [2025-04-05T23:26:01.725+0000] {dagbag.py:588} INFO - Filling up the DagBag from /home/airflow/.local/lib/python3.12/site-packages/airflow/example_dags/example_skip_dag.py
[2025-04-05T23:26:01.729+0000] {processor.py:925} INFO - DAG(s) 'example_skip_dag' retrieved from /home/airflow/.local/lib/python3.12/site-packages/airflow/example_dags/example_skip_dag.py
[2025-04-05T23:26:01.741+0000] {logging_mixin.py:190} INFO - [2025-04-05T23:26:01.740+0000] {dag.py:3239} INFO - Sync 1 DAGs
[2025-04-05T23:26:01.751+0000] {logging_mixin.py:190} INFO - [2025-04-05T23:26:01.751+0000] {dag.py:4180} INFO - Setting next_dagrun for example_skip_dag to 2025-04-04 00:00:00+00:00, run_after=2025-04-05 00:00:00+00:00
[2025-04-05T23:26:01.759+0000] {processor.py:208} INFO - Processing /home/airflow/.local/lib/python3.12/site-packages/airflow/example_dags/example_skip_dag.py took 0.039 seconds
[2025-04-05T23:26:32.037+0000] {processor.py:186} INFO - Started process (PID=316) to work on /home/airflow/.local/lib/python3.12/site-packages/airflow/example_dags/example_skip_dag.py
[2025-04-05T23:26:32.038+0000] {processor.py:914} INFO - Processing file /home/airflow/.local/lib/python3.12/site-packages/airflow/example_dags/example_skip_dag.py for tasks to queue
[2025-04-05T23:26:32.041+0000] {logging_mixin.py:190} INFO - [2025-04-05T23:26:32.040+0000] {dagbag.py:588} INFO - Filling up the DagBag from /home/airflow/.local/lib/python3.12/site-packages/airflow/example_dags/example_skip_dag.py
[2025-04-05T23:26:32.045+0000] {processor.py:925} INFO - DAG(s) 'example_skip_dag' retrieved from /home/airflow/.local/lib/python3.12/site-packages/airflow/example_dags/example_skip_dag.py
[2025-04-05T23:26:32.058+0000] {logging_mixin.py:190} INFO - [2025-04-05T23:26:32.057+0000] {dag.py:3239} INFO - Sync 1 DAGs
[2025-04-05T23:26:32.069+0000] {logging_mixin.py:190} INFO - [2025-04-05T23:26:32.069+0000] {dag.py:4180} INFO - Setting next_dagrun for example_skip_dag to 2025-04-04 00:00:00+00:00, run_after=2025-04-05 00:00:00+00:00
[2025-04-05T23:26:32.077+0000] {processor.py:208} INFO - Processing /home/airflow/.local/lib/python3.12/site-packages/airflow/example_dags/example_skip_dag.py took 0.042 seconds
[2025-04-05T23:27:03.103+0000] {processor.py:186} INFO - Started process (PID=380) to work on /home/airflow/.local/lib/python3.12/site-packages/airflow/example_dags/example_skip_dag.py
[2025-04-05T23:27:03.107+0000] {processor.py:914} INFO - Processing file /home/airflow/.local/lib/python3.12/site-packages/airflow/example_dags/example_skip_dag.py for tasks to queue
[2025-04-05T23:27:03.109+0000] {logging_mixin.py:190} INFO - [2025-04-05T23:27:03.108+0000] {dagbag.py:588} INFO - Filling up the DagBag from /home/airflow/.local/lib/python3.12/site-packages/airflow/example_dags/example_skip_dag.py
[2025-04-05T23:27:03.113+0000] {processor.py:925} INFO - DAG(s) 'example_skip_dag' retrieved from /home/airflow/.local/lib/python3.12/site-packages/airflow/example_dags/example_skip_dag.py
[2025-04-05T23:27:03.127+0000] {logging_mixin.py:190} INFO - [2025-04-05T23:27:03.127+0000] {dag.py:3239} INFO - Sync 1 DAGs
[2025-04-05T23:27:03.137+0000] {logging_mixin.py:190} INFO - [2025-04-05T23:27:03.136+0000] {dag.py:4180} INFO - Setting next_dagrun for example_skip_dag to 2025-04-04 00:00:00+00:00, run_after=2025-04-05 00:00:00+00:00
[2025-04-05T23:27:03.143+0000] {processor.py:208} INFO - Processing /home/airflow/.local/lib/python3.12/site-packages/airflow/example_dags/example_skip_dag.py took 0.042 seconds
[2025-04-05T23:27:33.371+0000] {processor.py:186} INFO - Started process (PID=443) to work on /home/airflow/.local/lib/python3.12/site-packages/airflow/example_dags/example_skip_dag.py
[2025-04-05T23:27:33.372+0000] {processor.py:914} INFO - Processing file /home/airflow/.local/lib/python3.12/site-packages/airflow/example_dags/example_skip_dag.py for tasks to queue
[2025-04-05T23:27:33.373+0000] {logging_mixin.py:190} INFO - [2025-04-05T23:27:33.373+0000] {dagbag.py:588} INFO - Filling up the DagBag from /home/airflow/.local/lib/python3.12/site-packages/airflow/example_dags/example_skip_dag.py
[2025-04-05T23:27:33.378+0000] {processor.py:925} INFO - DAG(s) 'example_skip_dag' retrieved from /home/airflow/.local/lib/python3.12/site-packages/airflow/example_dags/example_skip_dag.py
[2025-04-05T23:27:33.390+0000] {logging_mixin.py:190} INFO - [2025-04-05T23:27:33.390+0000] {dag.py:3239} INFO - Sync 1 DAGs
[2025-04-05T23:27:33.400+0000] {logging_mixin.py:190} INFO - [2025-04-05T23:27:33.400+0000] {dag.py:4180} INFO - Setting next_dagrun for example_skip_dag to 2025-04-04 00:00:00+00:00, run_after=2025-04-05 00:00:00+00:00
[2025-04-05T23:27:33.408+0000] {processor.py:208} INFO - Processing /home/airflow/.local/lib/python3.12/site-packages/airflow/example_dags/example_skip_dag.py took 0.039 seconds
[2025-04-05T23:28:03.705+0000] {processor.py:186} INFO - Started process (PID=507) to work on /home/airflow/.local/lib/python3.12/site-packages/airflow/example_dags/example_skip_dag.py
[2025-04-05T23:28:03.707+0000] {processor.py:914} INFO - Processing file /home/airflow/.local/lib/python3.12/site-packages/airflow/example_dags/example_skip_dag.py for tasks to queue
[2025-04-05T23:28:03.709+0000] {logging_mixin.py:190} INFO - [2025-04-05T23:28:03.709+0000] {dagbag.py:588} INFO - Filling up the DagBag from /home/airflow/.local/lib/python3.12/site-packages/airflow/example_dags/example_skip_dag.py
[2025-04-05T23:28:03.714+0000] {processor.py:925} INFO - DAG(s) 'example_skip_dag' retrieved from /home/airflow/.local/lib/python3.12/site-packages/airflow/example_dags/example_skip_dag.py
[2025-04-05T23:28:03.728+0000] {logging_mixin.py:190} INFO - [2025-04-05T23:28:03.728+0000] {dag.py:3239} INFO - Sync 1 DAGs
[2025-04-05T23:28:03.741+0000] {logging_mixin.py:190} INFO - [2025-04-05T23:28:03.741+0000] {dag.py:4180} INFO - Setting next_dagrun for example_skip_dag to 2025-04-04 00:00:00+00:00, run_after=2025-04-05 00:00:00+00:00
[2025-04-05T23:28:03.749+0000] {processor.py:208} INFO - Processing /home/airflow/.local/lib/python3.12/site-packages/airflow/example_dags/example_skip_dag.py took 0.047 seconds
[2025-04-05T23:28:33.855+0000] {processor.py:186} INFO - Started process (PID=571) to work on /home/airflow/.local/lib/python3.12/site-packages/airflow/example_dags/example_skip_dag.py
[2025-04-05T23:28:33.858+0000] {processor.py:914} INFO - Processing file /home/airflow/.local/lib/python3.12/site-packages/airflow/example_dags/example_skip_dag.py for tasks to queue
[2025-04-05T23:28:33.860+0000] {logging_mixin.py:190} INFO - [2025-04-05T23:28:33.860+0000] {dagbag.py:588} INFO - Filling up the DagBag from /home/airflow/.local/lib/python3.12/site-packages/airflow/example_dags/example_skip_dag.py
[2025-04-05T23:28:33.865+0000] {processor.py:925} INFO - DAG(s) 'example_skip_dag' retrieved from /home/airflow/.local/lib/python3.12/site-packages/airflow/example_dags/example_skip_dag.py
[2025-04-05T23:28:33.878+0000] {logging_mixin.py:190} INFO - [2025-04-05T23:28:33.878+0000] {dag.py:3239} INFO - Sync 1 DAGs
[2025-04-05T23:28:33.889+0000] {logging_mixin.py:190} INFO - [2025-04-05T23:28:33.889+0000] {dag.py:4180} INFO - Setting next_dagrun for example_skip_dag to 2025-04-04 00:00:00+00:00, run_after=2025-04-05 00:00:00+00:00
[2025-04-05T23:28:33.896+0000] {processor.py:208} INFO - Processing /home/airflow/.local/lib/python3.12/site-packages/airflow/example_dags/example_skip_dag.py took 0.044 seconds
[2025-04-05T23:29:04.107+0000] {processor.py:186} INFO - Started process (PID=635) to work on /home/airflow/.local/lib/python3.12/site-packages/airflow/example_dags/example_skip_dag.py
[2025-04-05T23:29:04.108+0000] {processor.py:914} INFO - Processing file /home/airflow/.local/lib/python3.12/site-packages/airflow/example_dags/example_skip_dag.py for tasks to queue
[2025-04-05T23:29:04.110+0000] {logging_mixin.py:190} INFO - [2025-04-05T23:29:04.109+0000] {dagbag.py:588} INFO - Filling up the DagBag from /home/airflow/.local/lib/python3.12/site-packages/airflow/example_dags/example_skip_dag.py
[2025-04-05T23:29:04.114+0000] {processor.py:925} INFO - DAG(s) 'example_skip_dag' retrieved from /home/airflow/.local/lib/python3.12/site-packages/airflow/example_dags/example_skip_dag.py
[2025-04-05T23:29:04.130+0000] {logging_mixin.py:190} INFO - [2025-04-05T23:29:04.129+0000] {dag.py:3239} INFO - Sync 1 DAGs
[2025-04-05T23:29:04.139+0000] {logging_mixin.py:190} INFO - [2025-04-05T23:29:04.139+0000] {dag.py:4180} INFO - Setting next_dagrun for example_skip_dag to 2025-04-04 00:00:00+00:00, run_after=2025-04-05 00:00:00+00:00
[2025-04-05T23:29:04.147+0000] {processor.py:208} INFO - Processing /home/airflow/.local/lib/python3.12/site-packages/airflow/example_dags/example_skip_dag.py took 0.043 seconds
[2025-04-05T23:29:34.654+0000] {processor.py:186} INFO - Started process (PID=699) to work on /home/airflow/.local/lib/python3.12/site-packages/airflow/example_dags/example_skip_dag.py
[2025-04-05T23:29:34.655+0000] {processor.py:914} INFO - Processing file /home/airflow/.local/lib/python3.12/site-packages/airflow/example_dags/example_skip_dag.py for tasks to queue
[2025-04-05T23:29:34.656+0000] {logging_mixin.py:190} INFO - [2025-04-05T23:29:34.656+0000] {dagbag.py:588} INFO - Filling up the DagBag from /home/airflow/.local/lib/python3.12/site-packages/airflow/example_dags/example_skip_dag.py
[2025-04-05T23:29:34.660+0000] {processor.py:925} INFO - DAG(s) 'example_skip_dag' retrieved from /home/airflow/.local/lib/python3.12/site-packages/airflow/example_dags/example_skip_dag.py
[2025-04-05T23:29:34.671+0000] {logging_mixin.py:190} INFO - [2025-04-05T23:29:34.671+0000] {dag.py:3239} INFO - Sync 1 DAGs
[2025-04-05T23:29:34.681+0000] {logging_mixin.py:190} INFO - [2025-04-05T23:29:34.681+0000] {dag.py:4180} INFO - Setting next_dagrun for example_skip_dag to 2025-04-04 00:00:00+00:00, run_after=2025-04-05 00:00:00+00:00
[2025-04-05T23:29:34.689+0000] {processor.py:208} INFO - Processing /home/airflow/.local/lib/python3.12/site-packages/airflow/example_dags/example_skip_dag.py took 0.037 seconds
[2025-04-05T23:30:05.729+0000] {processor.py:186} INFO - Started process (PID=763) to work on /home/airflow/.local/lib/python3.12/site-packages/airflow/example_dags/example_skip_dag.py
[2025-04-05T23:30:05.730+0000] {processor.py:914} INFO - Processing file /home/airflow/.local/lib/python3.12/site-packages/airflow/example_dags/example_skip_dag.py for tasks to queue
[2025-04-05T23:30:05.732+0000] {logging_mixin.py:190} INFO - [2025-04-05T23:30:05.732+0000] {dagbag.py:588} INFO - Filling up the DagBag from /home/airflow/.local/lib/python3.12/site-packages/airflow/example_dags/example_skip_dag.py
[2025-04-05T23:30:05.737+0000] {processor.py:925} INFO - DAG(s) 'example_skip_dag' retrieved from /home/airflow/.local/lib/python3.12/site-packages/airflow/example_dags/example_skip_dag.py
[2025-04-05T23:30:05.748+0000] {logging_mixin.py:190} INFO - [2025-04-05T23:30:05.748+0000] {dag.py:3239} INFO - Sync 1 DAGs
[2025-04-05T23:30:05.760+0000] {logging_mixin.py:190} INFO - [2025-04-05T23:30:05.759+0000] {dag.py:4180} INFO - Setting next_dagrun for example_skip_dag to 2025-04-04 00:00:00+00:00, run_after=2025-04-05 00:00:00+00:00
[2025-04-05T23:30:05.768+0000] {processor.py:208} INFO - Processing /home/airflow/.local/lib/python3.12/site-packages/airflow/example_dags/example_skip_dag.py took 0.042 seconds
[2025-04-05T23:30:35.997+0000] {processor.py:186} INFO - Started process (PID=827) to work on /home/airflow/.local/lib/python3.12/site-packages/airflow/example_dags/example_skip_dag.py
[2025-04-05T23:30:35.997+0000] {processor.py:914} INFO - Processing file /home/airflow/.local/lib/python3.12/site-packages/airflow/example_dags/example_skip_dag.py for tasks to queue
[2025-04-05T23:30:35.998+0000] {logging_mixin.py:190} INFO - [2025-04-05T23:30:35.998+0000] {dagbag.py:588} INFO - Filling up the DagBag from /home/airflow/.local/lib/python3.12/site-packages/airflow/example_dags/example_skip_dag.py
[2025-04-05T23:30:36.002+0000] {processor.py:925} INFO - DAG(s) 'example_skip_dag' retrieved from /home/airflow/.local/lib/python3.12/site-packages/airflow/example_dags/example_skip_dag.py
[2025-04-05T23:30:36.012+0000] {logging_mixin.py:190} INFO - [2025-04-05T23:30:36.012+0000] {dag.py:3239} INFO - Sync 1 DAGs
[2025-04-05T23:30:36.023+0000] {logging_mixin.py:190} INFO - [2025-04-05T23:30:36.022+0000] {dag.py:4180} INFO - Setting next_dagrun for example_skip_dag to 2025-04-04 00:00:00+00:00, run_after=2025-04-05 00:00:00+00:00
[2025-04-05T23:30:36.035+0000] {processor.py:208} INFO - Processing /home/airflow/.local/lib/python3.12/site-packages/airflow/example_dags/example_skip_dag.py took 0.041 seconds
[2025-04-05T23:31:06.225+0000] {processor.py:186} INFO - Started process (PID=891) to work on /home/airflow/.local/lib/python3.12/site-packages/airflow/example_dags/example_skip_dag.py
[2025-04-05T23:31:06.226+0000] {processor.py:914} INFO - Processing file /home/airflow/.local/lib/python3.12/site-packages/airflow/example_dags/example_skip_dag.py for tasks to queue
[2025-04-05T23:31:06.227+0000] {logging_mixin.py:190} INFO - [2025-04-05T23:31:06.227+0000] {dagbag.py:588} INFO - Filling up the DagBag from /home/airflow/.local/lib/python3.12/site-packages/airflow/example_dags/example_skip_dag.py
[2025-04-05T23:31:06.231+0000] {processor.py:925} INFO - DAG(s) 'example_skip_dag' retrieved from /home/airflow/.local/lib/python3.12/site-packages/airflow/example_dags/example_skip_dag.py
[2025-04-05T23:31:06.239+0000] {logging_mixin.py:190} INFO - [2025-04-05T23:31:06.239+0000] {dag.py:3239} INFO - Sync 1 DAGs
[2025-04-05T23:31:06.250+0000] {logging_mixin.py:190} INFO - [2025-04-05T23:31:06.250+0000] {dag.py:4180} INFO - Setting next_dagrun for example_skip_dag to 2025-04-04 00:00:00+00:00, run_after=2025-04-05 00:00:00+00:00
[2025-04-05T23:31:06.263+0000] {processor.py:208} INFO - Processing /home/airflow/.local/lib/python3.12/site-packages/airflow/example_dags/example_skip_dag.py took 0.041 seconds
[2025-04-05T23:31:36.411+0000] {processor.py:186} INFO - Started process (PID=955) to work on /home/airflow/.local/lib/python3.12/site-packages/airflow/example_dags/example_skip_dag.py
[2025-04-05T23:31:36.413+0000] {processor.py:914} INFO - Processing file /home/airflow/.local/lib/python3.12/site-packages/airflow/example_dags/example_skip_dag.py for tasks to queue
[2025-04-05T23:31:36.415+0000] {logging_mixin.py:190} INFO - [2025-04-05T23:31:36.415+0000] {dagbag.py:588} INFO - Filling up the DagBag from /home/airflow/.local/lib/python3.12/site-packages/airflow/example_dags/example_skip_dag.py
[2025-04-05T23:31:36.419+0000] {processor.py:925} INFO - DAG(s) 'example_skip_dag' retrieved from /home/airflow/.local/lib/python3.12/site-packages/airflow/example_dags/example_skip_dag.py
[2025-04-05T23:31:36.435+0000] {logging_mixin.py:190} INFO - [2025-04-05T23:31:36.435+0000] {dag.py:3239} INFO - Sync 1 DAGs
[2025-04-05T23:31:36.446+0000] {logging_mixin.py:190} INFO - [2025-04-05T23:31:36.446+0000] {dag.py:4180} INFO - Setting next_dagrun for example_skip_dag to 2025-04-04 00:00:00+00:00, run_after=2025-04-05 00:00:00+00:00
[2025-04-05T23:31:36.455+0000] {processor.py:208} INFO - Processing /home/airflow/.local/lib/python3.12/site-packages/airflow/example_dags/example_skip_dag.py took 0.050 seconds
[2025-04-05T23:32:06.668+0000] {processor.py:186} INFO - Started process (PID=1019) to work on /home/airflow/.local/lib/python3.12/site-packages/airflow/example_dags/example_skip_dag.py
[2025-04-05T23:32:06.669+0000] {processor.py:914} INFO - Processing file /home/airflow/.local/lib/python3.12/site-packages/airflow/example_dags/example_skip_dag.py for tasks to queue
[2025-04-05T23:32:06.670+0000] {logging_mixin.py:190} INFO - [2025-04-05T23:32:06.670+0000] {dagbag.py:588} INFO - Filling up the DagBag from /home/airflow/.local/lib/python3.12/site-packages/airflow/example_dags/example_skip_dag.py
[2025-04-05T23:32:06.675+0000] {processor.py:925} INFO - DAG(s) 'example_skip_dag' retrieved from /home/airflow/.local/lib/python3.12/site-packages/airflow/example_dags/example_skip_dag.py
[2025-04-05T23:32:06.686+0000] {logging_mixin.py:190} INFO - [2025-04-05T23:32:06.686+0000] {dag.py:3239} INFO - Sync 1 DAGs
[2025-04-05T23:32:06.698+0000] {logging_mixin.py:190} INFO - [2025-04-05T23:32:06.697+0000] {dag.py:4180} INFO - Setting next_dagrun for example_skip_dag to 2025-04-04 00:00:00+00:00, run_after=2025-04-05 00:00:00+00:00
[2025-04-05T23:32:06.705+0000] {processor.py:208} INFO - Processing /home/airflow/.local/lib/python3.12/site-packages/airflow/example_dags/example_skip_dag.py took 0.041 seconds
[2025-04-05T23:32:36.925+0000] {processor.py:186} INFO - Started process (PID=1082) to work on /home/airflow/.local/lib/python3.12/site-packages/airflow/example_dags/example_skip_dag.py
[2025-04-05T23:32:36.926+0000] {processor.py:914} INFO - Processing file /home/airflow/.local/lib/python3.12/site-packages/airflow/example_dags/example_skip_dag.py for tasks to queue
[2025-04-05T23:32:36.927+0000] {logging_mixin.py:190} INFO - [2025-04-05T23:32:36.927+0000] {dagbag.py:588} INFO - Filling up the DagBag from /home/airflow/.local/lib/python3.12/site-packages/airflow/example_dags/example_skip_dag.py
[2025-04-05T23:32:36.931+0000] {processor.py:925} INFO - DAG(s) 'example_skip_dag' retrieved from /home/airflow/.local/lib/python3.12/site-packages/airflow/example_dags/example_skip_dag.py
[2025-04-05T23:32:36.941+0000] {logging_mixin.py:190} INFO - [2025-04-05T23:32:36.940+0000] {dag.py:3239} INFO - Sync 1 DAGs
[2025-04-05T23:32:36.949+0000] {logging_mixin.py:190} INFO - [2025-04-05T23:32:36.949+0000] {dag.py:4180} INFO - Setting next_dagrun for example_skip_dag to 2025-04-04 00:00:00+00:00, run_after=2025-04-05 00:00:00+00:00
[2025-04-05T23:32:36.956+0000] {processor.py:208} INFO - Processing /home/airflow/.local/lib/python3.12/site-packages/airflow/example_dags/example_skip_dag.py took 0.034 seconds
[2025-04-05T23:33:07.110+0000] {processor.py:186} INFO - Started process (PID=1147) to work on /home/airflow/.local/lib/python3.12/site-packages/airflow/example_dags/example_skip_dag.py
[2025-04-05T23:33:07.111+0000] {processor.py:914} INFO - Processing file /home/airflow/.local/lib/python3.12/site-packages/airflow/example_dags/example_skip_dag.py for tasks to queue
[2025-04-05T23:33:07.112+0000] {logging_mixin.py:190} INFO - [2025-04-05T23:33:07.112+0000] {dagbag.py:588} INFO - Filling up the DagBag from /home/airflow/.local/lib/python3.12/site-packages/airflow/example_dags/example_skip_dag.py
[2025-04-05T23:33:07.119+0000] {processor.py:925} INFO - DAG(s) 'example_skip_dag' retrieved from /home/airflow/.local/lib/python3.12/site-packages/airflow/example_dags/example_skip_dag.py
[2025-04-05T23:33:07.135+0000] {logging_mixin.py:190} INFO - [2025-04-05T23:33:07.135+0000] {dag.py:3239} INFO - Sync 1 DAGs
[2025-04-05T23:33:07.146+0000] {logging_mixin.py:190} INFO - [2025-04-05T23:33:07.146+0000] {dag.py:4180} INFO - Setting next_dagrun for example_skip_dag to 2025-04-04 00:00:00+00:00, run_after=2025-04-05 00:00:00+00:00
[2025-04-05T23:33:07.153+0000] {processor.py:208} INFO - Processing /home/airflow/.local/lib/python3.12/site-packages/airflow/example_dags/example_skip_dag.py took 0.046 seconds
[2025-04-05T23:33:37.328+0000] {processor.py:186} INFO - Started process (PID=1211) to work on /home/airflow/.local/lib/python3.12/site-packages/airflow/example_dags/example_skip_dag.py
[2025-04-05T23:33:37.329+0000] {processor.py:914} INFO - Processing file /home/airflow/.local/lib/python3.12/site-packages/airflow/example_dags/example_skip_dag.py for tasks to queue
[2025-04-05T23:33:37.332+0000] {logging_mixin.py:190} INFO - [2025-04-05T23:33:37.332+0000] {dagbag.py:588} INFO - Filling up the DagBag from /home/airflow/.local/lib/python3.12/site-packages/airflow/example_dags/example_skip_dag.py
[2025-04-05T23:33:37.336+0000] {processor.py:925} INFO - DAG(s) 'example_skip_dag' retrieved from /home/airflow/.local/lib/python3.12/site-packages/airflow/example_dags/example_skip_dag.py
[2025-04-05T23:33:37.347+0000] {logging_mixin.py:190} INFO - [2025-04-05T23:33:37.347+0000] {dag.py:3239} INFO - Sync 1 DAGs
[2025-04-05T23:33:37.357+0000] {logging_mixin.py:190} INFO - [2025-04-05T23:33:37.357+0000] {dag.py:4180} INFO - Setting next_dagrun for example_skip_dag to 2025-04-04 00:00:00+00:00, run_after=2025-04-05 00:00:00+00:00
[2025-04-05T23:33:37.367+0000] {processor.py:208} INFO - Processing /home/airflow/.local/lib/python3.12/site-packages/airflow/example_dags/example_skip_dag.py took 0.042 seconds
[2025-04-05T23:34:07.910+0000] {processor.py:186} INFO - Started process (PID=1276) to work on /home/airflow/.local/lib/python3.12/site-packages/airflow/example_dags/example_skip_dag.py
[2025-04-05T23:34:07.911+0000] {processor.py:914} INFO - Processing file /home/airflow/.local/lib/python3.12/site-packages/airflow/example_dags/example_skip_dag.py for tasks to queue
[2025-04-05T23:34:07.912+0000] {logging_mixin.py:190} INFO - [2025-04-05T23:34:07.912+0000] {dagbag.py:588} INFO - Filling up the DagBag from /home/airflow/.local/lib/python3.12/site-packages/airflow/example_dags/example_skip_dag.py
[2025-04-05T23:34:07.916+0000] {processor.py:925} INFO - DAG(s) 'example_skip_dag' retrieved from /home/airflow/.local/lib/python3.12/site-packages/airflow/example_dags/example_skip_dag.py
[2025-04-05T23:34:07.925+0000] {logging_mixin.py:190} INFO - [2025-04-05T23:34:07.925+0000] {dag.py:3239} INFO - Sync 1 DAGs
[2025-04-05T23:34:07.933+0000] {logging_mixin.py:190} INFO - [2025-04-05T23:34:07.933+0000] {dag.py:4180} INFO - Setting next_dagrun for example_skip_dag to 2025-04-04 00:00:00+00:00, run_after=2025-04-05 00:00:00+00:00
[2025-04-05T23:34:07.940+0000] {processor.py:208} INFO - Processing /home/airflow/.local/lib/python3.12/site-packages/airflow/example_dags/example_skip_dag.py took 0.032 seconds
[2025-04-05T23:34:38.159+0000] {processor.py:186} INFO - Started process (PID=1339) to work on /home/airflow/.local/lib/python3.12/site-packages/airflow/example_dags/example_skip_dag.py
[2025-04-05T23:34:38.160+0000] {processor.py:914} INFO - Processing file /home/airflow/.local/lib/python3.12/site-packages/airflow/example_dags/example_skip_dag.py for tasks to queue
[2025-04-05T23:34:38.161+0000] {logging_mixin.py:190} INFO - [2025-04-05T23:34:38.161+0000] {dagbag.py:588} INFO - Filling up the DagBag from /home/airflow/.local/lib/python3.12/site-packages/airflow/example_dags/example_skip_dag.py
[2025-04-05T23:34:38.165+0000] {processor.py:925} INFO - DAG(s) 'example_skip_dag' retrieved from /home/airflow/.local/lib/python3.12/site-packages/airflow/example_dags/example_skip_dag.py
[2025-04-05T23:34:38.174+0000] {logging_mixin.py:190} INFO - [2025-04-05T23:34:38.174+0000] {dag.py:3239} INFO - Sync 1 DAGs
[2025-04-05T23:34:38.183+0000] {logging_mixin.py:190} INFO - [2025-04-05T23:34:38.183+0000] {dag.py:4180} INFO - Setting next_dagrun for example_skip_dag to 2025-04-04 00:00:00+00:00, run_after=2025-04-05 00:00:00+00:00
[2025-04-05T23:34:38.190+0000] {processor.py:208} INFO - Processing /home/airflow/.local/lib/python3.12/site-packages/airflow/example_dags/example_skip_dag.py took 0.034 seconds
[2025-04-05T23:35:08.997+0000] {processor.py:186} INFO - Started process (PID=1403) to work on /home/airflow/.local/lib/python3.12/site-packages/airflow/example_dags/example_skip_dag.py
[2025-04-05T23:35:08.997+0000] {processor.py:914} INFO - Processing file /home/airflow/.local/lib/python3.12/site-packages/airflow/example_dags/example_skip_dag.py for tasks to queue
[2025-04-05T23:35:08.998+0000] {logging_mixin.py:190} INFO - [2025-04-05T23:35:08.998+0000] {dagbag.py:588} INFO - Filling up the DagBag from /home/airflow/.local/lib/python3.12/site-packages/airflow/example_dags/example_skip_dag.py
[2025-04-05T23:35:09.002+0000] {processor.py:925} INFO - DAG(s) 'example_skip_dag' retrieved from /home/airflow/.local/lib/python3.12/site-packages/airflow/example_dags/example_skip_dag.py
[2025-04-05T23:35:09.011+0000] {logging_mixin.py:190} INFO - [2025-04-05T23:35:09.011+0000] {dag.py:3239} INFO - Sync 1 DAGs
[2025-04-05T23:35:09.020+0000] {logging_mixin.py:190} INFO - [2025-04-05T23:35:09.020+0000] {dag.py:4180} INFO - Setting next_dagrun for example_skip_dag to 2025-04-04 00:00:00+00:00, run_after=2025-04-05 00:00:00+00:00
[2025-04-05T23:35:09.026+0000] {processor.py:208} INFO - Processing /home/airflow/.local/lib/python3.12/site-packages/airflow/example_dags/example_skip_dag.py took 0.032 seconds
[2025-04-05T23:35:39.208+0000] {processor.py:186} INFO - Started process (PID=1467) to work on /home/airflow/.local/lib/python3.12/site-packages/airflow/example_dags/example_skip_dag.py
[2025-04-05T23:35:39.209+0000] {processor.py:914} INFO - Processing file /home/airflow/.local/lib/python3.12/site-packages/airflow/example_dags/example_skip_dag.py for tasks to queue
[2025-04-05T23:35:39.212+0000] {logging_mixin.py:190} INFO - [2025-04-05T23:35:39.212+0000] {dagbag.py:588} INFO - Filling up the DagBag from /home/airflow/.local/lib/python3.12/site-packages/airflow/example_dags/example_skip_dag.py
[2025-04-05T23:35:39.217+0000] {processor.py:925} INFO - DAG(s) 'example_skip_dag' retrieved from /home/airflow/.local/lib/python3.12/site-packages/airflow/example_dags/example_skip_dag.py
[2025-04-05T23:35:39.235+0000] {logging_mixin.py:190} INFO - [2025-04-05T23:35:39.235+0000] {dag.py:3239} INFO - Sync 1 DAGs
[2025-04-05T23:35:39.246+0000] {logging_mixin.py:190} INFO - [2025-04-05T23:35:39.246+0000] {dag.py:4180} INFO - Setting next_dagrun for example_skip_dag to 2025-04-04 00:00:00+00:00, run_after=2025-04-05 00:00:00+00:00
[2025-04-05T23:35:39.253+0000] {processor.py:208} INFO - Processing /home/airflow/.local/lib/python3.12/site-packages/airflow/example_dags/example_skip_dag.py took 0.048 seconds
[2025-04-05T23:36:09.411+0000] {processor.py:186} INFO - Started process (PID=1531) to work on /home/airflow/.local/lib/python3.12/site-packages/airflow/example_dags/example_skip_dag.py
[2025-04-05T23:36:09.411+0000] {processor.py:914} INFO - Processing file /home/airflow/.local/lib/python3.12/site-packages/airflow/example_dags/example_skip_dag.py for tasks to queue
[2025-04-05T23:36:09.413+0000] {logging_mixin.py:190} INFO - [2025-04-05T23:36:09.413+0000] {dagbag.py:588} INFO - Filling up the DagBag from /home/airflow/.local/lib/python3.12/site-packages/airflow/example_dags/example_skip_dag.py
[2025-04-05T23:36:09.417+0000] {processor.py:925} INFO - DAG(s) 'example_skip_dag' retrieved from /home/airflow/.local/lib/python3.12/site-packages/airflow/example_dags/example_skip_dag.py
[2025-04-05T23:36:09.427+0000] {logging_mixin.py:190} INFO - [2025-04-05T23:36:09.427+0000] {dag.py:3239} INFO - Sync 1 DAGs
[2025-04-05T23:36:09.436+0000] {logging_mixin.py:190} INFO - [2025-04-05T23:36:09.436+0000] {dag.py:4180} INFO - Setting next_dagrun for example_skip_dag to 2025-04-04 00:00:00+00:00, run_after=2025-04-05 00:00:00+00:00
[2025-04-05T23:36:09.445+0000] {processor.py:208} INFO - Processing /home/airflow/.local/lib/python3.12/site-packages/airflow/example_dags/example_skip_dag.py took 0.036 seconds
[2025-04-05T23:36:39.613+0000] {processor.py:186} INFO - Started process (PID=1594) to work on /home/airflow/.local/lib/python3.12/site-packages/airflow/example_dags/example_skip_dag.py
[2025-04-05T23:36:39.614+0000] {processor.py:914} INFO - Processing file /home/airflow/.local/lib/python3.12/site-packages/airflow/example_dags/example_skip_dag.py for tasks to queue
[2025-04-05T23:36:39.615+0000] {logging_mixin.py:190} INFO - [2025-04-05T23:36:39.615+0000] {dagbag.py:588} INFO - Filling up the DagBag from /home/airflow/.local/lib/python3.12/site-packages/airflow/example_dags/example_skip_dag.py
[2025-04-05T23:36:39.619+0000] {processor.py:925} INFO - DAG(s) 'example_skip_dag' retrieved from /home/airflow/.local/lib/python3.12/site-packages/airflow/example_dags/example_skip_dag.py
[2025-04-05T23:36:39.630+0000] {logging_mixin.py:190} INFO - [2025-04-05T23:36:39.630+0000] {dag.py:3239} INFO - Sync 1 DAGs
[2025-04-05T23:36:39.644+0000] {logging_mixin.py:190} INFO - [2025-04-05T23:36:39.644+0000] {dag.py:4180} INFO - Setting next_dagrun for example_skip_dag to 2025-04-04 00:00:00+00:00, run_after=2025-04-05 00:00:00+00:00
[2025-04-05T23:36:39.652+0000] {processor.py:208} INFO - Processing /home/airflow/.local/lib/python3.12/site-packages/airflow/example_dags/example_skip_dag.py took 0.042 seconds
[2025-04-05T23:37:09.904+0000] {processor.py:186} INFO - Started process (PID=1658) to work on /home/airflow/.local/lib/python3.12/site-packages/airflow/example_dags/example_skip_dag.py
[2025-04-05T23:37:09.908+0000] {processor.py:914} INFO - Processing file /home/airflow/.local/lib/python3.12/site-packages/airflow/example_dags/example_skip_dag.py for tasks to queue
[2025-04-05T23:37:09.909+0000] {logging_mixin.py:190} INFO - [2025-04-05T23:37:09.909+0000] {dagbag.py:588} INFO - Filling up the DagBag from /home/airflow/.local/lib/python3.12/site-packages/airflow/example_dags/example_skip_dag.py
[2025-04-05T23:37:09.914+0000] {processor.py:925} INFO - DAG(s) 'example_skip_dag' retrieved from /home/airflow/.local/lib/python3.12/site-packages/airflow/example_dags/example_skip_dag.py
[2025-04-05T23:37:09.927+0000] {logging_mixin.py:190} INFO - [2025-04-05T23:37:09.927+0000] {dag.py:3239} INFO - Sync 1 DAGs
[2025-04-05T23:37:09.937+0000] {logging_mixin.py:190} INFO - [2025-04-05T23:37:09.937+0000] {dag.py:4180} INFO - Setting next_dagrun for example_skip_dag to 2025-04-04 00:00:00+00:00, run_after=2025-04-05 00:00:00+00:00
[2025-04-05T23:37:09.948+0000] {processor.py:208} INFO - Processing /home/airflow/.local/lib/python3.12/site-packages/airflow/example_dags/example_skip_dag.py took 0.047 seconds
[2025-04-05T23:37:40.154+0000] {processor.py:186} INFO - Started process (PID=1722) to work on /home/airflow/.local/lib/python3.12/site-packages/airflow/example_dags/example_skip_dag.py
[2025-04-05T23:37:40.156+0000] {processor.py:914} INFO - Processing file /home/airflow/.local/lib/python3.12/site-packages/airflow/example_dags/example_skip_dag.py for tasks to queue
[2025-04-05T23:37:40.157+0000] {logging_mixin.py:190} INFO - [2025-04-05T23:37:40.157+0000] {dagbag.py:588} INFO - Filling up the DagBag from /home/airflow/.local/lib/python3.12/site-packages/airflow/example_dags/example_skip_dag.py
[2025-04-05T23:37:40.162+0000] {processor.py:925} INFO - DAG(s) 'example_skip_dag' retrieved from /home/airflow/.local/lib/python3.12/site-packages/airflow/example_dags/example_skip_dag.py
[2025-04-05T23:37:40.173+0000] {logging_mixin.py:190} INFO - [2025-04-05T23:37:40.173+0000] {dag.py:3239} INFO - Sync 1 DAGs
[2025-04-05T23:37:40.185+0000] {logging_mixin.py:190} INFO - [2025-04-05T23:37:40.185+0000] {dag.py:4180} INFO - Setting next_dagrun for example_skip_dag to 2025-04-04 00:00:00+00:00, run_after=2025-04-05 00:00:00+00:00
[2025-04-05T23:37:40.199+0000] {processor.py:208} INFO - Processing /home/airflow/.local/lib/python3.12/site-packages/airflow/example_dags/example_skip_dag.py took 0.048 seconds
[2025-04-05T23:38:10.405+0000] {processor.py:186} INFO - Started process (PID=1787) to work on /home/airflow/.local/lib/python3.12/site-packages/airflow/example_dags/example_skip_dag.py
[2025-04-05T23:38:10.406+0000] {processor.py:914} INFO - Processing file /home/airflow/.local/lib/python3.12/site-packages/airflow/example_dags/example_skip_dag.py for tasks to queue
[2025-04-05T23:38:10.407+0000] {logging_mixin.py:190} INFO - [2025-04-05T23:38:10.407+0000] {dagbag.py:588} INFO - Filling up the DagBag from /home/airflow/.local/lib/python3.12/site-packages/airflow/example_dags/example_skip_dag.py
[2025-04-05T23:38:10.411+0000] {processor.py:925} INFO - DAG(s) 'example_skip_dag' retrieved from /home/airflow/.local/lib/python3.12/site-packages/airflow/example_dags/example_skip_dag.py
[2025-04-05T23:38:10.421+0000] {logging_mixin.py:190} INFO - [2025-04-05T23:38:10.421+0000] {dag.py:3239} INFO - Sync 1 DAGs
[2025-04-05T23:38:10.431+0000] {logging_mixin.py:190} INFO - [2025-04-05T23:38:10.431+0000] {dag.py:4180} INFO - Setting next_dagrun for example_skip_dag to 2025-04-04 00:00:00+00:00, run_after=2025-04-05 00:00:00+00:00
[2025-04-05T23:38:10.439+0000] {processor.py:208} INFO - Processing /home/airflow/.local/lib/python3.12/site-packages/airflow/example_dags/example_skip_dag.py took 0.037 seconds
[2025-04-05T23:38:40.846+0000] {processor.py:186} INFO - Started process (PID=1851) to work on /home/airflow/.local/lib/python3.12/site-packages/airflow/example_dags/example_skip_dag.py
[2025-04-05T23:38:40.846+0000] {processor.py:914} INFO - Processing file /home/airflow/.local/lib/python3.12/site-packages/airflow/example_dags/example_skip_dag.py for tasks to queue
[2025-04-05T23:38:40.847+0000] {logging_mixin.py:190} INFO - [2025-04-05T23:38:40.847+0000] {dagbag.py:588} INFO - Filling up the DagBag from /home/airflow/.local/lib/python3.12/site-packages/airflow/example_dags/example_skip_dag.py
[2025-04-05T23:38:40.851+0000] {processor.py:925} INFO - DAG(s) 'example_skip_dag' retrieved from /home/airflow/.local/lib/python3.12/site-packages/airflow/example_dags/example_skip_dag.py
[2025-04-05T23:38:40.861+0000] {logging_mixin.py:190} INFO - [2025-04-05T23:38:40.860+0000] {dag.py:3239} INFO - Sync 1 DAGs
[2025-04-05T23:38:40.870+0000] {logging_mixin.py:190} INFO - [2025-04-05T23:38:40.870+0000] {dag.py:4180} INFO - Setting next_dagrun for example_skip_dag to 2025-04-04 00:00:00+00:00, run_after=2025-04-05 00:00:00+00:00
[2025-04-05T23:38:40.878+0000] {processor.py:208} INFO - Processing /home/airflow/.local/lib/python3.12/site-packages/airflow/example_dags/example_skip_dag.py took 0.035 seconds
[2025-04-05T23:39:31.214+0000] {processor.py:186} INFO - Started process (PID=56) to work on /home/airflow/.local/lib/python3.12/site-packages/airflow/example_dags/example_skip_dag.py
[2025-04-05T23:39:31.216+0000] {processor.py:914} INFO - Processing file /home/airflow/.local/lib/python3.12/site-packages/airflow/example_dags/example_skip_dag.py for tasks to queue
[2025-04-05T23:39:31.218+0000] {logging_mixin.py:190} INFO - [2025-04-05T23:39:31.218+0000] {dagbag.py:588} INFO - Filling up the DagBag from /home/airflow/.local/lib/python3.12/site-packages/airflow/example_dags/example_skip_dag.py
[2025-04-05T23:39:31.224+0000] {processor.py:925} INFO - DAG(s) 'example_skip_dag' retrieved from /home/airflow/.local/lib/python3.12/site-packages/airflow/example_dags/example_skip_dag.py
[2025-04-05T23:39:31.252+0000] {logging_mixin.py:190} INFO - [2025-04-05T23:39:31.252+0000] {dag.py:3239} INFO - Sync 1 DAGs
[2025-04-05T23:39:31.424+0000] {logging_mixin.py:190} INFO - [2025-04-05T23:39:31.424+0000] {dag.py:4180} INFO - Setting next_dagrun for example_skip_dag to 2025-04-04 00:00:00+00:00, run_after=2025-04-05 00:00:00+00:00
[2025-04-05T23:39:31.436+0000] {processor.py:208} INFO - Processing /home/airflow/.local/lib/python3.12/site-packages/airflow/example_dags/example_skip_dag.py took 0.226 seconds
[2025-04-05T23:40:17.683+0000] {processor.py:186} INFO - Started process (PID=55) to work on /home/airflow/.local/lib/python3.12/site-packages/airflow/example_dags/example_skip_dag.py
[2025-04-05T23:40:17.684+0000] {processor.py:914} INFO - Processing file /home/airflow/.local/lib/python3.12/site-packages/airflow/example_dags/example_skip_dag.py for tasks to queue
[2025-04-05T23:40:17.688+0000] {logging_mixin.py:190} INFO - [2025-04-05T23:40:17.687+0000] {dagbag.py:588} INFO - Filling up the DagBag from /home/airflow/.local/lib/python3.12/site-packages/airflow/example_dags/example_skip_dag.py
[2025-04-05T23:40:17.695+0000] {processor.py:925} INFO - DAG(s) 'example_skip_dag' retrieved from /home/airflow/.local/lib/python3.12/site-packages/airflow/example_dags/example_skip_dag.py
[2025-04-05T23:40:17.714+0000] {logging_mixin.py:190} INFO - [2025-04-05T23:40:17.713+0000] {dag.py:3239} INFO - Sync 1 DAGs
[2025-04-05T23:40:17.838+0000] {logging_mixin.py:190} INFO - [2025-04-05T23:40:17.838+0000] {dag.py:4180} INFO - Setting next_dagrun for example_skip_dag to 2025-04-04 00:00:00+00:00, run_after=2025-04-05 00:00:00+00:00
[2025-04-05T23:40:17.846+0000] {processor.py:208} INFO - Processing /home/airflow/.local/lib/python3.12/site-packages/airflow/example_dags/example_skip_dag.py took 0.166 seconds
[2025-04-05T23:40:48.662+0000] {processor.py:186} INFO - Started process (PID=119) to work on /home/airflow/.local/lib/python3.12/site-packages/airflow/example_dags/example_skip_dag.py
[2025-04-05T23:40:48.664+0000] {processor.py:914} INFO - Processing file /home/airflow/.local/lib/python3.12/site-packages/airflow/example_dags/example_skip_dag.py for tasks to queue
[2025-04-05T23:40:48.665+0000] {logging_mixin.py:190} INFO - [2025-04-05T23:40:48.665+0000] {dagbag.py:588} INFO - Filling up the DagBag from /home/airflow/.local/lib/python3.12/site-packages/airflow/example_dags/example_skip_dag.py
[2025-04-05T23:40:48.669+0000] {processor.py:925} INFO - DAG(s) 'example_skip_dag' retrieved from /home/airflow/.local/lib/python3.12/site-packages/airflow/example_dags/example_skip_dag.py
[2025-04-05T23:40:48.684+0000] {logging_mixin.py:190} INFO - [2025-04-05T23:40:48.684+0000] {dag.py:3239} INFO - Sync 1 DAGs
[2025-04-05T23:40:48.696+0000] {logging_mixin.py:190} INFO - [2025-04-05T23:40:48.696+0000] {dag.py:4180} INFO - Setting next_dagrun for example_skip_dag to 2025-04-04 00:00:00+00:00, run_after=2025-04-05 00:00:00+00:00
[2025-04-05T23:40:48.708+0000] {processor.py:208} INFO - Processing /home/airflow/.local/lib/python3.12/site-packages/airflow/example_dags/example_skip_dag.py took 0.049 seconds
[2025-04-05T23:41:18.953+0000] {processor.py:186} INFO - Started process (PID=183) to work on /home/airflow/.local/lib/python3.12/site-packages/airflow/example_dags/example_skip_dag.py
[2025-04-05T23:41:18.954+0000] {processor.py:914} INFO - Processing file /home/airflow/.local/lib/python3.12/site-packages/airflow/example_dags/example_skip_dag.py for tasks to queue
[2025-04-05T23:41:18.955+0000] {logging_mixin.py:190} INFO - [2025-04-05T23:41:18.955+0000] {dagbag.py:588} INFO - Filling up the DagBag from /home/airflow/.local/lib/python3.12/site-packages/airflow/example_dags/example_skip_dag.py
[2025-04-05T23:41:18.961+0000] {processor.py:925} INFO - DAG(s) 'example_skip_dag' retrieved from /home/airflow/.local/lib/python3.12/site-packages/airflow/example_dags/example_skip_dag.py
[2025-04-05T23:41:18.973+0000] {logging_mixin.py:190} INFO - [2025-04-05T23:41:18.973+0000] {dag.py:3239} INFO - Sync 1 DAGs
[2025-04-05T23:41:18.984+0000] {logging_mixin.py:190} INFO - [2025-04-05T23:41:18.984+0000] {dag.py:4180} INFO - Setting next_dagrun for example_skip_dag to 2025-04-04 00:00:00+00:00, run_after=2025-04-05 00:00:00+00:00
[2025-04-05T23:41:18.995+0000] {processor.py:208} INFO - Processing /home/airflow/.local/lib/python3.12/site-packages/airflow/example_dags/example_skip_dag.py took 0.047 seconds
[2025-04-05T23:41:49.105+0000] {processor.py:186} INFO - Started process (PID=247) to work on /home/airflow/.local/lib/python3.12/site-packages/airflow/example_dags/example_skip_dag.py
[2025-04-05T23:41:49.105+0000] {processor.py:914} INFO - Processing file /home/airflow/.local/lib/python3.12/site-packages/airflow/example_dags/example_skip_dag.py for tasks to queue
[2025-04-05T23:41:49.106+0000] {logging_mixin.py:190} INFO - [2025-04-05T23:41:49.106+0000] {dagbag.py:588} INFO - Filling up the DagBag from /home/airflow/.local/lib/python3.12/site-packages/airflow/example_dags/example_skip_dag.py
[2025-04-05T23:41:49.110+0000] {processor.py:925} INFO - DAG(s) 'example_skip_dag' retrieved from /home/airflow/.local/lib/python3.12/site-packages/airflow/example_dags/example_skip_dag.py
[2025-04-05T23:41:49.120+0000] {logging_mixin.py:190} INFO - [2025-04-05T23:41:49.120+0000] {dag.py:3239} INFO - Sync 1 DAGs
[2025-04-05T23:41:49.130+0000] {logging_mixin.py:190} INFO - [2025-04-05T23:41:49.130+0000] {dag.py:4180} INFO - Setting next_dagrun for example_skip_dag to 2025-04-04 00:00:00+00:00, run_after=2025-04-05 00:00:00+00:00
[2025-04-05T23:41:49.137+0000] {processor.py:208} INFO - Processing /home/airflow/.local/lib/python3.12/site-packages/airflow/example_dags/example_skip_dag.py took 0.036 seconds
[2025-04-05T23:42:45.970+0000] {processor.py:186} INFO - Started process (PID=62) to work on /home/airflow/.local/lib/python3.12/site-packages/airflow/example_dags/example_skip_dag.py
[2025-04-05T23:42:45.970+0000] {processor.py:914} INFO - Processing file /home/airflow/.local/lib/python3.12/site-packages/airflow/example_dags/example_skip_dag.py for tasks to queue
[2025-04-05T23:42:45.971+0000] {logging_mixin.py:190} INFO - [2025-04-05T23:42:45.971+0000] {dagbag.py:588} INFO - Filling up the DagBag from /home/airflow/.local/lib/python3.12/site-packages/airflow/example_dags/example_skip_dag.py
[2025-04-05T23:42:45.978+0000] {processor.py:925} INFO - DAG(s) 'example_skip_dag' retrieved from /home/airflow/.local/lib/python3.12/site-packages/airflow/example_dags/example_skip_dag.py
[2025-04-05T23:42:46.112+0000] {logging_mixin.py:190} INFO - [2025-04-05T23:42:46.112+0000] {dag.py:3239} INFO - Sync 1 DAGs
[2025-04-05T23:42:46.123+0000] {logging_mixin.py:190} INFO - [2025-04-05T23:42:46.123+0000] {dag.py:4180} INFO - Setting next_dagrun for example_skip_dag to 2025-04-04 00:00:00+00:00, run_after=2025-04-05 00:00:00+00:00
[2025-04-05T23:42:46.132+0000] {processor.py:208} INFO - Processing /home/airflow/.local/lib/python3.12/site-packages/airflow/example_dags/example_skip_dag.py took 0.166 seconds
[2025-04-05T23:43:17.011+0000] {processor.py:186} INFO - Started process (PID=125) to work on /home/airflow/.local/lib/python3.12/site-packages/airflow/example_dags/example_skip_dag.py
[2025-04-05T23:43:17.013+0000] {processor.py:914} INFO - Processing file /home/airflow/.local/lib/python3.12/site-packages/airflow/example_dags/example_skip_dag.py for tasks to queue
[2025-04-05T23:43:17.014+0000] {logging_mixin.py:190} INFO - [2025-04-05T23:43:17.014+0000] {dagbag.py:588} INFO - Filling up the DagBag from /home/airflow/.local/lib/python3.12/site-packages/airflow/example_dags/example_skip_dag.py
[2025-04-05T23:43:17.018+0000] {processor.py:925} INFO - DAG(s) 'example_skip_dag' retrieved from /home/airflow/.local/lib/python3.12/site-packages/airflow/example_dags/example_skip_dag.py
[2025-04-05T23:43:17.030+0000] {logging_mixin.py:190} INFO - [2025-04-05T23:43:17.030+0000] {dag.py:3239} INFO - Sync 1 DAGs
[2025-04-05T23:43:17.040+0000] {logging_mixin.py:190} INFO - [2025-04-05T23:43:17.040+0000] {dag.py:4180} INFO - Setting next_dagrun for example_skip_dag to 2025-04-04 00:00:00+00:00, run_after=2025-04-05 00:00:00+00:00
[2025-04-05T23:43:17.051+0000] {processor.py:208} INFO - Processing /home/airflow/.local/lib/python3.12/site-packages/airflow/example_dags/example_skip_dag.py took 0.043 seconds
[2025-04-05T23:43:47.149+0000] {processor.py:186} INFO - Started process (PID=189) to work on /home/airflow/.local/lib/python3.12/site-packages/airflow/example_dags/example_skip_dag.py
[2025-04-05T23:43:47.151+0000] {processor.py:914} INFO - Processing file /home/airflow/.local/lib/python3.12/site-packages/airflow/example_dags/example_skip_dag.py for tasks to queue
[2025-04-05T23:43:47.153+0000] {logging_mixin.py:190} INFO - [2025-04-05T23:43:47.153+0000] {dagbag.py:588} INFO - Filling up the DagBag from /home/airflow/.local/lib/python3.12/site-packages/airflow/example_dags/example_skip_dag.py
[2025-04-05T23:43:47.160+0000] {processor.py:925} INFO - DAG(s) 'example_skip_dag' retrieved from /home/airflow/.local/lib/python3.12/site-packages/airflow/example_dags/example_skip_dag.py
[2025-04-05T23:43:47.177+0000] {logging_mixin.py:190} INFO - [2025-04-05T23:43:47.177+0000] {dag.py:3239} INFO - Sync 1 DAGs
[2025-04-05T23:43:47.191+0000] {logging_mixin.py:190} INFO - [2025-04-05T23:43:47.191+0000] {dag.py:4180} INFO - Setting next_dagrun for example_skip_dag to 2025-04-04 00:00:00+00:00, run_after=2025-04-05 00:00:00+00:00
[2025-04-05T23:43:47.205+0000] {processor.py:208} INFO - Processing /home/airflow/.local/lib/python3.12/site-packages/airflow/example_dags/example_skip_dag.py took 0.063 seconds
[2025-04-05T23:44:17.327+0000] {processor.py:186} INFO - Started process (PID=253) to work on /home/airflow/.local/lib/python3.12/site-packages/airflow/example_dags/example_skip_dag.py
[2025-04-05T23:44:17.329+0000] {processor.py:914} INFO - Processing file /home/airflow/.local/lib/python3.12/site-packages/airflow/example_dags/example_skip_dag.py for tasks to queue
[2025-04-05T23:44:17.331+0000] {logging_mixin.py:190} INFO - [2025-04-05T23:44:17.330+0000] {dagbag.py:588} INFO - Filling up the DagBag from /home/airflow/.local/lib/python3.12/site-packages/airflow/example_dags/example_skip_dag.py
[2025-04-05T23:44:17.338+0000] {processor.py:925} INFO - DAG(s) 'example_skip_dag' retrieved from /home/airflow/.local/lib/python3.12/site-packages/airflow/example_dags/example_skip_dag.py
[2025-04-05T23:44:17.360+0000] {logging_mixin.py:190} INFO - [2025-04-05T23:44:17.359+0000] {dag.py:3239} INFO - Sync 1 DAGs
[2025-04-05T23:44:17.374+0000] {logging_mixin.py:190} INFO - [2025-04-05T23:44:17.374+0000] {dag.py:4180} INFO - Setting next_dagrun for example_skip_dag to 2025-04-04 00:00:00+00:00, run_after=2025-04-05 00:00:00+00:00
[2025-04-05T23:44:17.387+0000] {processor.py:208} INFO - Processing /home/airflow/.local/lib/python3.12/site-packages/airflow/example_dags/example_skip_dag.py took 0.066 seconds
[2025-04-05T23:44:50.583+0000] {processor.py:186} INFO - Started process (PID=55) to work on /home/airflow/.local/lib/python3.12/site-packages/airflow/example_dags/example_skip_dag.py
[2025-04-05T23:44:50.584+0000] {processor.py:914} INFO - Processing file /home/airflow/.local/lib/python3.12/site-packages/airflow/example_dags/example_skip_dag.py for tasks to queue
[2025-04-05T23:44:50.588+0000] {logging_mixin.py:190} INFO - [2025-04-05T23:44:50.587+0000] {dagbag.py:588} INFO - Filling up the DagBag from /home/airflow/.local/lib/python3.12/site-packages/airflow/example_dags/example_skip_dag.py
[2025-04-05T23:44:50.597+0000] {processor.py:925} INFO - DAG(s) 'example_skip_dag' retrieved from /home/airflow/.local/lib/python3.12/site-packages/airflow/example_dags/example_skip_dag.py
[2025-04-05T23:44:50.614+0000] {logging_mixin.py:190} INFO - [2025-04-05T23:44:50.613+0000] {dag.py:3239} INFO - Sync 1 DAGs
[2025-04-05T23:44:50.809+0000] {logging_mixin.py:190} INFO - [2025-04-05T23:44:50.809+0000] {dag.py:4180} INFO - Setting next_dagrun for example_skip_dag to 2025-04-04 00:00:00+00:00, run_after=2025-04-05 00:00:00+00:00
[2025-04-05T23:44:50.817+0000] {processor.py:208} INFO - Processing /home/airflow/.local/lib/python3.12/site-packages/airflow/example_dags/example_skip_dag.py took 0.241 seconds
[2025-04-05T23:45:21.723+0000] {processor.py:186} INFO - Started process (PID=118) to work on /home/airflow/.local/lib/python3.12/site-packages/airflow/example_dags/example_skip_dag.py
[2025-04-05T23:45:21.723+0000] {processor.py:914} INFO - Processing file /home/airflow/.local/lib/python3.12/site-packages/airflow/example_dags/example_skip_dag.py for tasks to queue
[2025-04-05T23:45:21.725+0000] {logging_mixin.py:190} INFO - [2025-04-05T23:45:21.725+0000] {dagbag.py:588} INFO - Filling up the DagBag from /home/airflow/.local/lib/python3.12/site-packages/airflow/example_dags/example_skip_dag.py
[2025-04-05T23:45:21.732+0000] {processor.py:925} INFO - DAG(s) 'example_skip_dag' retrieved from /home/airflow/.local/lib/python3.12/site-packages/airflow/example_dags/example_skip_dag.py
[2025-04-05T23:45:21.747+0000] {logging_mixin.py:190} INFO - [2025-04-05T23:45:21.746+0000] {dag.py:3239} INFO - Sync 1 DAGs
[2025-04-05T23:45:21.759+0000] {logging_mixin.py:190} INFO - [2025-04-05T23:45:21.759+0000] {dag.py:4180} INFO - Setting next_dagrun for example_skip_dag to 2025-04-04 00:00:00+00:00, run_after=2025-04-05 00:00:00+00:00
[2025-04-05T23:45:21.767+0000] {processor.py:208} INFO - Processing /home/airflow/.local/lib/python3.12/site-packages/airflow/example_dags/example_skip_dag.py took 0.049 seconds
[2025-04-05T23:45:51.871+0000] {processor.py:186} INFO - Started process (PID=182) to work on /home/airflow/.local/lib/python3.12/site-packages/airflow/example_dags/example_skip_dag.py
[2025-04-05T23:45:51.875+0000] {processor.py:914} INFO - Processing file /home/airflow/.local/lib/python3.12/site-packages/airflow/example_dags/example_skip_dag.py for tasks to queue
[2025-04-05T23:45:51.877+0000] {logging_mixin.py:190} INFO - [2025-04-05T23:45:51.877+0000] {dagbag.py:588} INFO - Filling up the DagBag from /home/airflow/.local/lib/python3.12/site-packages/airflow/example_dags/example_skip_dag.py
[2025-04-05T23:45:51.883+0000] {processor.py:925} INFO - DAG(s) 'example_skip_dag' retrieved from /home/airflow/.local/lib/python3.12/site-packages/airflow/example_dags/example_skip_dag.py
[2025-04-05T23:45:51.898+0000] {logging_mixin.py:190} INFO - [2025-04-05T23:45:51.898+0000] {dag.py:3239} INFO - Sync 1 DAGs
[2025-04-05T23:45:51.912+0000] {logging_mixin.py:190} INFO - [2025-04-05T23:45:51.912+0000] {dag.py:4180} INFO - Setting next_dagrun for example_skip_dag to 2025-04-04 00:00:00+00:00, run_after=2025-04-05 00:00:00+00:00
[2025-04-05T23:45:51.922+0000] {processor.py:208} INFO - Processing /home/airflow/.local/lib/python3.12/site-packages/airflow/example_dags/example_skip_dag.py took 0.055 seconds
[2025-04-05T23:46:42.832+0000] {processor.py:186} INFO - Started process (PID=54) to work on /home/airflow/.local/lib/python3.12/site-packages/airflow/example_dags/example_skip_dag.py
[2025-04-05T23:46:42.832+0000] {processor.py:914} INFO - Processing file /home/airflow/.local/lib/python3.12/site-packages/airflow/example_dags/example_skip_dag.py for tasks to queue
[2025-04-05T23:46:42.834+0000] {logging_mixin.py:190} INFO - [2025-04-05T23:46:42.834+0000] {dagbag.py:588} INFO - Filling up the DagBag from /home/airflow/.local/lib/python3.12/site-packages/airflow/example_dags/example_skip_dag.py
[2025-04-05T23:46:42.838+0000] {processor.py:925} INFO - DAG(s) 'example_skip_dag' retrieved from /home/airflow/.local/lib/python3.12/site-packages/airflow/example_dags/example_skip_dag.py
[2025-04-05T23:46:42.855+0000] {logging_mixin.py:190} INFO - [2025-04-05T23:46:42.854+0000] {dag.py:3239} INFO - Sync 1 DAGs
[2025-04-05T23:46:43.037+0000] {logging_mixin.py:190} INFO - [2025-04-05T23:46:43.037+0000] {dag.py:4180} INFO - Setting next_dagrun for example_skip_dag to 2025-04-04 00:00:00+00:00, run_after=2025-04-05 00:00:00+00:00
[2025-04-05T23:46:43.045+0000] {processor.py:208} INFO - Processing /home/airflow/.local/lib/python3.12/site-packages/airflow/example_dags/example_skip_dag.py took 0.217 seconds
[2025-04-05T23:47:13.876+0000] {processor.py:186} INFO - Started process (PID=118) to work on /home/airflow/.local/lib/python3.12/site-packages/airflow/example_dags/example_skip_dag.py
[2025-04-05T23:47:13.881+0000] {processor.py:914} INFO - Processing file /home/airflow/.local/lib/python3.12/site-packages/airflow/example_dags/example_skip_dag.py for tasks to queue
[2025-04-05T23:47:13.884+0000] {logging_mixin.py:190} INFO - [2025-04-05T23:47:13.884+0000] {dagbag.py:588} INFO - Filling up the DagBag from /home/airflow/.local/lib/python3.12/site-packages/airflow/example_dags/example_skip_dag.py
[2025-04-05T23:47:13.890+0000] {processor.py:925} INFO - DAG(s) 'example_skip_dag' retrieved from /home/airflow/.local/lib/python3.12/site-packages/airflow/example_dags/example_skip_dag.py
[2025-04-05T23:47:13.905+0000] {logging_mixin.py:190} INFO - [2025-04-05T23:47:13.905+0000] {dag.py:3239} INFO - Sync 1 DAGs
[2025-04-05T23:47:13.918+0000] {logging_mixin.py:190} INFO - [2025-04-05T23:47:13.918+0000] {dag.py:4180} INFO - Setting next_dagrun for example_skip_dag to 2025-04-04 00:00:00+00:00, run_after=2025-04-05 00:00:00+00:00
[2025-04-05T23:47:13.927+0000] {processor.py:208} INFO - Processing /home/airflow/.local/lib/python3.12/site-packages/airflow/example_dags/example_skip_dag.py took 0.055 seconds
[2025-04-05T23:47:44.252+0000] {processor.py:186} INFO - Started process (PID=181) to work on /home/airflow/.local/lib/python3.12/site-packages/airflow/example_dags/example_skip_dag.py
[2025-04-05T23:47:44.258+0000] {processor.py:914} INFO - Processing file /home/airflow/.local/lib/python3.12/site-packages/airflow/example_dags/example_skip_dag.py for tasks to queue
[2025-04-05T23:47:44.259+0000] {logging_mixin.py:190} INFO - [2025-04-05T23:47:44.259+0000] {dagbag.py:588} INFO - Filling up the DagBag from /home/airflow/.local/lib/python3.12/site-packages/airflow/example_dags/example_skip_dag.py
[2025-04-05T23:47:44.266+0000] {processor.py:925} INFO - DAG(s) 'example_skip_dag' retrieved from /home/airflow/.local/lib/python3.12/site-packages/airflow/example_dags/example_skip_dag.py
[2025-04-05T23:47:44.278+0000] {logging_mixin.py:190} INFO - [2025-04-05T23:47:44.278+0000] {dag.py:3239} INFO - Sync 1 DAGs
[2025-04-05T23:47:44.289+0000] {logging_mixin.py:190} INFO - [2025-04-05T23:47:44.289+0000] {dag.py:4180} INFO - Setting next_dagrun for example_skip_dag to 2025-04-04 00:00:00+00:00, run_after=2025-04-05 00:00:00+00:00
[2025-04-05T23:47:44.297+0000] {processor.py:208} INFO - Processing /home/airflow/.local/lib/python3.12/site-packages/airflow/example_dags/example_skip_dag.py took 0.048 seconds
[2025-04-05T23:48:14.433+0000] {processor.py:186} INFO - Started process (PID=245) to work on /home/airflow/.local/lib/python3.12/site-packages/airflow/example_dags/example_skip_dag.py
[2025-04-05T23:48:14.437+0000] {processor.py:914} INFO - Processing file /home/airflow/.local/lib/python3.12/site-packages/airflow/example_dags/example_skip_dag.py for tasks to queue
[2025-04-05T23:48:14.441+0000] {logging_mixin.py:190} INFO - [2025-04-05T23:48:14.441+0000] {dagbag.py:588} INFO - Filling up the DagBag from /home/airflow/.local/lib/python3.12/site-packages/airflow/example_dags/example_skip_dag.py
[2025-04-05T23:48:14.449+0000] {processor.py:925} INFO - DAG(s) 'example_skip_dag' retrieved from /home/airflow/.local/lib/python3.12/site-packages/airflow/example_dags/example_skip_dag.py
[2025-04-05T23:48:14.466+0000] {logging_mixin.py:190} INFO - [2025-04-05T23:48:14.465+0000] {dag.py:3239} INFO - Sync 1 DAGs
[2025-04-05T23:48:14.476+0000] {logging_mixin.py:190} INFO - [2025-04-05T23:48:14.476+0000] {dag.py:4180} INFO - Setting next_dagrun for example_skip_dag to 2025-04-04 00:00:00+00:00, run_after=2025-04-05 00:00:00+00:00
[2025-04-05T23:48:14.485+0000] {processor.py:208} INFO - Processing /home/airflow/.local/lib/python3.12/site-packages/airflow/example_dags/example_skip_dag.py took 0.054 seconds
[2025-04-05T23:48:44.909+0000] {processor.py:186} INFO - Started process (PID=315) to work on /home/airflow/.local/lib/python3.12/site-packages/airflow/example_dags/example_skip_dag.py
[2025-04-05T23:48:44.910+0000] {processor.py:914} INFO - Processing file /home/airflow/.local/lib/python3.12/site-packages/airflow/example_dags/example_skip_dag.py for tasks to queue
[2025-04-05T23:48:44.912+0000] {logging_mixin.py:190} INFO - [2025-04-05T23:48:44.912+0000] {dagbag.py:588} INFO - Filling up the DagBag from /home/airflow/.local/lib/python3.12/site-packages/airflow/example_dags/example_skip_dag.py
[2025-04-05T23:48:44.924+0000] {processor.py:925} INFO - DAG(s) 'example_skip_dag' retrieved from /home/airflow/.local/lib/python3.12/site-packages/airflow/example_dags/example_skip_dag.py
[2025-04-05T23:48:44.963+0000] {logging_mixin.py:190} INFO - [2025-04-05T23:48:44.963+0000] {dag.py:3239} INFO - Sync 1 DAGs
[2025-04-05T23:48:44.976+0000] {logging_mixin.py:190} INFO - [2025-04-05T23:48:44.975+0000] {dag.py:4180} INFO - Setting next_dagrun for example_skip_dag to 2025-04-04 00:00:00+00:00, run_after=2025-04-05 00:00:00+00:00
[2025-04-05T23:48:44.983+0000] {processor.py:208} INFO - Processing /home/airflow/.local/lib/python3.12/site-packages/airflow/example_dags/example_skip_dag.py took 0.080 seconds
[2025-04-05T23:49:30.719+0000] {processor.py:186} INFO - Started process (PID=56) to work on /home/airflow/.local/lib/python3.12/site-packages/airflow/example_dags/example_skip_dag.py
[2025-04-05T23:49:30.721+0000] {processor.py:914} INFO - Processing file /home/airflow/.local/lib/python3.12/site-packages/airflow/example_dags/example_skip_dag.py for tasks to queue
[2025-04-05T23:49:30.727+0000] {logging_mixin.py:190} INFO - [2025-04-05T23:49:30.727+0000] {dagbag.py:588} INFO - Filling up the DagBag from /home/airflow/.local/lib/python3.12/site-packages/airflow/example_dags/example_skip_dag.py
[2025-04-05T23:49:30.737+0000] {processor.py:925} INFO - DAG(s) 'example_skip_dag' retrieved from /home/airflow/.local/lib/python3.12/site-packages/airflow/example_dags/example_skip_dag.py
[2025-04-05T23:49:30.761+0000] {logging_mixin.py:190} INFO - [2025-04-05T23:49:30.761+0000] {dag.py:3239} INFO - Sync 1 DAGs
[2025-04-05T23:49:31.004+0000] {logging_mixin.py:190} INFO - [2025-04-05T23:49:31.003+0000] {dag.py:4180} INFO - Setting next_dagrun for example_skip_dag to 2025-04-04 00:00:00+00:00, run_after=2025-04-05 00:00:00+00:00
[2025-04-05T23:49:31.013+0000] {processor.py:208} INFO - Processing /home/airflow/.local/lib/python3.12/site-packages/airflow/example_dags/example_skip_dag.py took 0.299 seconds
[2025-04-05T23:50:01.501+0000] {processor.py:186} INFO - Started process (PID=120) to work on /home/airflow/.local/lib/python3.12/site-packages/airflow/example_dags/example_skip_dag.py
[2025-04-05T23:50:01.502+0000] {processor.py:914} INFO - Processing file /home/airflow/.local/lib/python3.12/site-packages/airflow/example_dags/example_skip_dag.py for tasks to queue
[2025-04-05T23:50:01.503+0000] {logging_mixin.py:190} INFO - [2025-04-05T23:50:01.503+0000] {dagbag.py:588} INFO - Filling up the DagBag from /home/airflow/.local/lib/python3.12/site-packages/airflow/example_dags/example_skip_dag.py
[2025-04-05T23:50:01.507+0000] {processor.py:925} INFO - DAG(s) 'example_skip_dag' retrieved from /home/airflow/.local/lib/python3.12/site-packages/airflow/example_dags/example_skip_dag.py
[2025-04-05T23:50:01.516+0000] {logging_mixin.py:190} INFO - [2025-04-05T23:50:01.516+0000] {dag.py:3239} INFO - Sync 1 DAGs
[2025-04-05T23:50:01.525+0000] {logging_mixin.py:190} INFO - [2025-04-05T23:50:01.525+0000] {dag.py:4180} INFO - Setting next_dagrun for example_skip_dag to 2025-04-04 00:00:00+00:00, run_after=2025-04-05 00:00:00+00:00
[2025-04-05T23:50:01.532+0000] {processor.py:208} INFO - Processing /home/airflow/.local/lib/python3.12/site-packages/airflow/example_dags/example_skip_dag.py took 0.034 seconds
[2025-04-05T23:50:31.959+0000] {processor.py:186} INFO - Started process (PID=190) to work on /home/airflow/.local/lib/python3.12/site-packages/airflow/example_dags/example_skip_dag.py
[2025-04-05T23:50:31.960+0000] {processor.py:914} INFO - Processing file /home/airflow/.local/lib/python3.12/site-packages/airflow/example_dags/example_skip_dag.py for tasks to queue
[2025-04-05T23:50:31.961+0000] {logging_mixin.py:190} INFO - [2025-04-05T23:50:31.961+0000] {dagbag.py:588} INFO - Filling up the DagBag from /home/airflow/.local/lib/python3.12/site-packages/airflow/example_dags/example_skip_dag.py
[2025-04-05T23:50:31.966+0000] {processor.py:925} INFO - DAG(s) 'example_skip_dag' retrieved from /home/airflow/.local/lib/python3.12/site-packages/airflow/example_dags/example_skip_dag.py
[2025-04-05T23:50:31.985+0000] {logging_mixin.py:190} INFO - [2025-04-05T23:50:31.985+0000] {dag.py:3239} INFO - Sync 1 DAGs
[2025-04-05T23:50:31.996+0000] {logging_mixin.py:190} INFO - [2025-04-05T23:50:31.996+0000] {dag.py:4180} INFO - Setting next_dagrun for example_skip_dag to 2025-04-04 00:00:00+00:00, run_after=2025-04-05 00:00:00+00:00
[2025-04-05T23:50:32.010+0000] {processor.py:208} INFO - Processing /home/airflow/.local/lib/python3.12/site-packages/airflow/example_dags/example_skip_dag.py took 0.055 seconds
[2025-04-05T23:51:02.331+0000] {processor.py:186} INFO - Started process (PID=254) to work on /home/airflow/.local/lib/python3.12/site-packages/airflow/example_dags/example_skip_dag.py
[2025-04-05T23:51:02.333+0000] {processor.py:914} INFO - Processing file /home/airflow/.local/lib/python3.12/site-packages/airflow/example_dags/example_skip_dag.py for tasks to queue
[2025-04-05T23:51:02.335+0000] {logging_mixin.py:190} INFO - [2025-04-05T23:51:02.334+0000] {dagbag.py:588} INFO - Filling up the DagBag from /home/airflow/.local/lib/python3.12/site-packages/airflow/example_dags/example_skip_dag.py
[2025-04-05T23:51:02.339+0000] {processor.py:925} INFO - DAG(s) 'example_skip_dag' retrieved from /home/airflow/.local/lib/python3.12/site-packages/airflow/example_dags/example_skip_dag.py
[2025-04-05T23:51:02.352+0000] {logging_mixin.py:190} INFO - [2025-04-05T23:51:02.351+0000] {dag.py:3239} INFO - Sync 1 DAGs
[2025-04-05T23:51:02.361+0000] {logging_mixin.py:190} INFO - [2025-04-05T23:51:02.361+0000] {dag.py:4180} INFO - Setting next_dagrun for example_skip_dag to 2025-04-04 00:00:00+00:00, run_after=2025-04-05 00:00:00+00:00
[2025-04-05T23:51:02.368+0000] {processor.py:208} INFO - Processing /home/airflow/.local/lib/python3.12/site-packages/airflow/example_dags/example_skip_dag.py took 0.040 seconds
[2025-04-05T23:51:32.638+0000] {processor.py:186} INFO - Started process (PID=318) to work on /home/airflow/.local/lib/python3.12/site-packages/airflow/example_dags/example_skip_dag.py
[2025-04-05T23:51:32.638+0000] {processor.py:914} INFO - Processing file /home/airflow/.local/lib/python3.12/site-packages/airflow/example_dags/example_skip_dag.py for tasks to queue
[2025-04-05T23:51:32.640+0000] {logging_mixin.py:190} INFO - [2025-04-05T23:51:32.640+0000] {dagbag.py:588} INFO - Filling up the DagBag from /home/airflow/.local/lib/python3.12/site-packages/airflow/example_dags/example_skip_dag.py
[2025-04-05T23:51:32.646+0000] {processor.py:925} INFO - DAG(s) 'example_skip_dag' retrieved from /home/airflow/.local/lib/python3.12/site-packages/airflow/example_dags/example_skip_dag.py
[2025-04-05T23:51:32.656+0000] {logging_mixin.py:190} INFO - [2025-04-05T23:51:32.656+0000] {dag.py:3239} INFO - Sync 1 DAGs
[2025-04-05T23:51:32.666+0000] {logging_mixin.py:190} INFO - [2025-04-05T23:51:32.666+0000] {dag.py:4180} INFO - Setting next_dagrun for example_skip_dag to 2025-04-04 00:00:00+00:00, run_after=2025-04-05 00:00:00+00:00
[2025-04-05T23:51:32.674+0000] {processor.py:208} INFO - Processing /home/airflow/.local/lib/python3.12/site-packages/airflow/example_dags/example_skip_dag.py took 0.039 seconds
[2025-04-05T23:52:03.180+0000] {processor.py:186} INFO - Started process (PID=382) to work on /home/airflow/.local/lib/python3.12/site-packages/airflow/example_dags/example_skip_dag.py
[2025-04-05T23:52:03.185+0000] {processor.py:914} INFO - Processing file /home/airflow/.local/lib/python3.12/site-packages/airflow/example_dags/example_skip_dag.py for tasks to queue
[2025-04-05T23:52:03.190+0000] {logging_mixin.py:190} INFO - [2025-04-05T23:52:03.189+0000] {dagbag.py:588} INFO - Filling up the DagBag from /home/airflow/.local/lib/python3.12/site-packages/airflow/example_dags/example_skip_dag.py
[2025-04-05T23:52:03.196+0000] {processor.py:925} INFO - DAG(s) 'example_skip_dag' retrieved from /home/airflow/.local/lib/python3.12/site-packages/airflow/example_dags/example_skip_dag.py
[2025-04-05T23:52:03.213+0000] {logging_mixin.py:190} INFO - [2025-04-05T23:52:03.213+0000] {dag.py:3239} INFO - Sync 1 DAGs
[2025-04-05T23:52:03.226+0000] {logging_mixin.py:190} INFO - [2025-04-05T23:52:03.226+0000] {dag.py:4180} INFO - Setting next_dagrun for example_skip_dag to 2025-04-04 00:00:00+00:00, run_after=2025-04-05 00:00:00+00:00
[2025-04-05T23:52:03.234+0000] {processor.py:208} INFO - Processing /home/airflow/.local/lib/python3.12/site-packages/airflow/example_dags/example_skip_dag.py took 0.064 seconds
[2025-04-05T23:53:00.575+0000] {processor.py:186} INFO - Started process (PID=62) to work on /home/airflow/.local/lib/python3.12/site-packages/airflow/example_dags/example_skip_dag.py
[2025-04-05T23:53:00.575+0000] {processor.py:914} INFO - Processing file /home/airflow/.local/lib/python3.12/site-packages/airflow/example_dags/example_skip_dag.py for tasks to queue
[2025-04-05T23:53:00.576+0000] {logging_mixin.py:190} INFO - [2025-04-05T23:53:00.576+0000] {dagbag.py:588} INFO - Filling up the DagBag from /home/airflow/.local/lib/python3.12/site-packages/airflow/example_dags/example_skip_dag.py
[2025-04-05T23:53:00.583+0000] {processor.py:925} INFO - DAG(s) 'example_skip_dag' retrieved from /home/airflow/.local/lib/python3.12/site-packages/airflow/example_dags/example_skip_dag.py
[2025-04-05T23:53:00.745+0000] {logging_mixin.py:190} INFO - [2025-04-05T23:53:00.745+0000] {dag.py:3239} INFO - Sync 1 DAGs
[2025-04-05T23:53:00.755+0000] {logging_mixin.py:190} INFO - [2025-04-05T23:53:00.755+0000] {dag.py:4180} INFO - Setting next_dagrun for example_skip_dag to 2025-04-04 00:00:00+00:00, run_after=2025-04-05 00:00:00+00:00
[2025-04-05T23:53:00.762+0000] {processor.py:208} INFO - Processing /home/airflow/.local/lib/python3.12/site-packages/airflow/example_dags/example_skip_dag.py took 0.191 seconds
[2025-04-05T23:53:48.375+0000] {processor.py:186} INFO - Started process (PID=56) to work on /home/airflow/.local/lib/python3.12/site-packages/airflow/example_dags/example_skip_dag.py
[2025-04-05T23:53:48.376+0000] {processor.py:914} INFO - Processing file /home/airflow/.local/lib/python3.12/site-packages/airflow/example_dags/example_skip_dag.py for tasks to queue
[2025-04-05T23:53:48.379+0000] {logging_mixin.py:190} INFO - [2025-04-05T23:53:48.378+0000] {dagbag.py:588} INFO - Filling up the DagBag from /home/airflow/.local/lib/python3.12/site-packages/airflow/example_dags/example_skip_dag.py
[2025-04-05T23:53:48.385+0000] {processor.py:925} INFO - DAG(s) 'example_skip_dag' retrieved from /home/airflow/.local/lib/python3.12/site-packages/airflow/example_dags/example_skip_dag.py
[2025-04-05T23:53:48.402+0000] {logging_mixin.py:190} INFO - [2025-04-05T23:53:48.402+0000] {dag.py:3239} INFO - Sync 1 DAGs
[2025-04-05T23:53:48.549+0000] {logging_mixin.py:190} INFO - [2025-04-05T23:53:48.549+0000] {dag.py:4180} INFO - Setting next_dagrun for example_skip_dag to 2025-04-04 00:00:00+00:00, run_after=2025-04-05 00:00:00+00:00
[2025-04-05T23:53:48.560+0000] {processor.py:208} INFO - Processing /home/airflow/.local/lib/python3.12/site-packages/airflow/example_dags/example_skip_dag.py took 0.189 seconds
[2025-04-05T23:54:18.603+0000] {processor.py:186} INFO - Started process (PID=119) to work on /home/airflow/.local/lib/python3.12/site-packages/airflow/example_dags/example_skip_dag.py
[2025-04-05T23:54:18.605+0000] {processor.py:914} INFO - Processing file /home/airflow/.local/lib/python3.12/site-packages/airflow/example_dags/example_skip_dag.py for tasks to queue
[2025-04-05T23:54:18.607+0000] {logging_mixin.py:190} INFO - [2025-04-05T23:54:18.607+0000] {dagbag.py:588} INFO - Filling up the DagBag from /home/airflow/.local/lib/python3.12/site-packages/airflow/example_dags/example_skip_dag.py
[2025-04-05T23:54:18.612+0000] {processor.py:925} INFO - DAG(s) 'example_skip_dag' retrieved from /home/airflow/.local/lib/python3.12/site-packages/airflow/example_dags/example_skip_dag.py
[2025-04-05T23:54:18.626+0000] {logging_mixin.py:190} INFO - [2025-04-05T23:54:18.625+0000] {dag.py:3239} INFO - Sync 1 DAGs
[2025-04-05T23:54:18.635+0000] {logging_mixin.py:190} INFO - [2025-04-05T23:54:18.635+0000] {dag.py:4180} INFO - Setting next_dagrun for example_skip_dag to 2025-04-04 00:00:00+00:00, run_after=2025-04-05 00:00:00+00:00
[2025-04-05T23:54:18.642+0000] {processor.py:208} INFO - Processing /home/airflow/.local/lib/python3.12/site-packages/airflow/example_dags/example_skip_dag.py took 0.042 seconds
[2025-04-05T23:55:51.305+0000] {processor.py:186} INFO - Started process (PID=63) to work on /home/airflow/.local/lib/python3.12/site-packages/airflow/example_dags/example_skip_dag.py
[2025-04-05T23:55:51.306+0000] {processor.py:914} INFO - Processing file /home/airflow/.local/lib/python3.12/site-packages/airflow/example_dags/example_skip_dag.py for tasks to queue
[2025-04-05T23:55:51.308+0000] {logging_mixin.py:190} INFO - [2025-04-05T23:55:51.308+0000] {dagbag.py:588} INFO - Filling up the DagBag from /home/airflow/.local/lib/python3.12/site-packages/airflow/example_dags/example_skip_dag.py
[2025-04-05T23:55:51.315+0000] {processor.py:925} INFO - DAG(s) 'example_skip_dag' retrieved from /home/airflow/.local/lib/python3.12/site-packages/airflow/example_dags/example_skip_dag.py
[2025-04-05T23:55:51.509+0000] {logging_mixin.py:190} INFO - [2025-04-05T23:55:51.508+0000] {dag.py:3239} INFO - Sync 1 DAGs
[2025-04-05T23:55:51.521+0000] {logging_mixin.py:190} INFO - [2025-04-05T23:55:51.520+0000] {dag.py:4180} INFO - Setting next_dagrun for example_skip_dag to 2025-04-04 00:00:00+00:00, run_after=2025-04-05 00:00:00+00:00
[2025-04-05T23:55:51.532+0000] {processor.py:208} INFO - Processing /home/airflow/.local/lib/python3.12/site-packages/airflow/example_dags/example_skip_dag.py took 0.231 seconds
[2025-04-05T23:56:22.377+0000] {processor.py:186} INFO - Started process (PID=127) to work on /home/airflow/.local/lib/python3.12/site-packages/airflow/example_dags/example_skip_dag.py
[2025-04-05T23:56:22.380+0000] {processor.py:914} INFO - Processing file /home/airflow/.local/lib/python3.12/site-packages/airflow/example_dags/example_skip_dag.py for tasks to queue
[2025-04-05T23:56:22.385+0000] {logging_mixin.py:190} INFO - [2025-04-05T23:56:22.384+0000] {dagbag.py:588} INFO - Filling up the DagBag from /home/airflow/.local/lib/python3.12/site-packages/airflow/example_dags/example_skip_dag.py
[2025-04-05T23:56:22.390+0000] {processor.py:925} INFO - DAG(s) 'example_skip_dag' retrieved from /home/airflow/.local/lib/python3.12/site-packages/airflow/example_dags/example_skip_dag.py
[2025-04-05T23:56:22.400+0000] {logging_mixin.py:190} INFO - [2025-04-05T23:56:22.400+0000] {dag.py:3239} INFO - Sync 1 DAGs
[2025-04-05T23:56:22.412+0000] {logging_mixin.py:190} INFO - [2025-04-05T23:56:22.412+0000] {dag.py:4180} INFO - Setting next_dagrun for example_skip_dag to 2025-04-04 00:00:00+00:00, run_after=2025-04-05 00:00:00+00:00
[2025-04-05T23:56:22.421+0000] {processor.py:208} INFO - Processing /home/airflow/.local/lib/python3.12/site-packages/airflow/example_dags/example_skip_dag.py took 0.047 seconds
