[2025-04-05T20:06:50.789+0000] {processor.py:186} INFO - Started process (PID=57) to work on /home/airflow/.local/lib/python3.12/site-packages/airflow/example_dags/example_complex.py
[2025-04-05T20:06:50.789+0000] {processor.py:914} INFO - Processing file /home/airflow/.local/lib/python3.12/site-packages/airflow/example_dags/example_complex.py for tasks to queue
[2025-04-05T20:06:50.790+0000] {logging_mixin.py:190} INFO - [2025-04-05T20:06:50.790+0000] {dagbag.py:588} INFO - Filling up the DagBag from /home/airflow/.local/lib/python3.12/site-packages/airflow/example_dags/example_complex.py
[2025-04-05T20:06:50.802+0000] {processor.py:925} INFO - DAG(s) 'example_complex' retrieved from /home/airflow/.local/lib/python3.12/site-packages/airflow/example_dags/example_complex.py
[2025-04-05T20:06:50.868+0000] {logging_mixin.py:190} INFO - [2025-04-05T20:06:50.868+0000] {override.py:1912} INFO - Created Permission View: can edit on DAG:example_complex
[2025-04-05T20:06:50.872+0000] {logging_mixin.py:190} INFO - [2025-04-05T20:06:50.872+0000] {override.py:1912} INFO - Created Permission View: can read on DAG:example_complex
[2025-04-05T20:06:50.880+0000] {logging_mixin.py:190} INFO - [2025-04-05T20:06:50.880+0000] {override.py:1912} INFO - Created Permission View: can delete on DAG:example_complex
[2025-04-05T20:06:50.884+0000] {logging_mixin.py:190} INFO - [2025-04-05T20:06:50.884+0000] {override.py:1912} INFO - Created Permission View: can create on DAG Run:example_complex
[2025-04-05T20:06:50.886+0000] {logging_mixin.py:190} INFO - [2025-04-05T20:06:50.886+0000] {override.py:1912} INFO - Created Permission View: can read on DAG Run:example_complex
[2025-04-05T20:06:50.889+0000] {logging_mixin.py:190} INFO - [2025-04-05T20:06:50.888+0000] {override.py:1912} INFO - Created Permission View: can delete on DAG Run:example_complex
[2025-04-05T20:06:50.893+0000] {logging_mixin.py:190} INFO - [2025-04-05T20:06:50.893+0000] {override.py:1912} INFO - Created Permission View: menu access on DAG Run:example_complex
[2025-04-05T20:06:50.893+0000] {logging_mixin.py:190} INFO - [2025-04-05T20:06:50.893+0000] {dag.py:3239} INFO - Sync 1 DAGs
[2025-04-05T20:06:50.901+0000] {logging_mixin.py:190} INFO - [2025-04-05T20:06:50.901+0000] {dag.py:3262} INFO - Creating ORM DAG for example_complex
[2025-04-05T20:06:50.902+0000] {logging_mixin.py:190} INFO - [2025-04-05T20:06:50.902+0000] {dag.py:4180} INFO - Setting next_dagrun for example_complex to None, run_after=None
[2025-04-05T20:06:50.910+0000] {processor.py:208} INFO - Processing /home/airflow/.local/lib/python3.12/site-packages/airflow/example_dags/example_complex.py took 0.125 seconds
[2025-04-05T20:07:21.824+0000] {processor.py:186} INFO - Started process (PID=120) to work on /home/airflow/.local/lib/python3.12/site-packages/airflow/example_dags/example_complex.py
[2025-04-05T20:07:21.826+0000] {processor.py:914} INFO - Processing file /home/airflow/.local/lib/python3.12/site-packages/airflow/example_dags/example_complex.py for tasks to queue
[2025-04-05T20:07:21.828+0000] {logging_mixin.py:190} INFO - [2025-04-05T20:07:21.827+0000] {dagbag.py:588} INFO - Filling up the DagBag from /home/airflow/.local/lib/python3.12/site-packages/airflow/example_dags/example_complex.py
[2025-04-05T20:07:21.835+0000] {processor.py:925} INFO - DAG(s) 'example_complex' retrieved from /home/airflow/.local/lib/python3.12/site-packages/airflow/example_dags/example_complex.py
[2025-04-05T20:07:21.851+0000] {logging_mixin.py:190} INFO - [2025-04-05T20:07:21.851+0000] {dag.py:3239} INFO - Sync 1 DAGs
[2025-04-05T20:07:21.858+0000] {logging_mixin.py:190} INFO - [2025-04-05T20:07:21.858+0000] {dag.py:4180} INFO - Setting next_dagrun for example_complex to None, run_after=None
[2025-04-05T20:07:21.866+0000] {processor.py:208} INFO - Processing /home/airflow/.local/lib/python3.12/site-packages/airflow/example_dags/example_complex.py took 0.047 seconds
[2025-04-05T20:07:51.952+0000] {processor.py:186} INFO - Started process (PID=182) to work on /home/airflow/.local/lib/python3.12/site-packages/airflow/example_dags/example_complex.py
[2025-04-05T20:07:51.953+0000] {processor.py:914} INFO - Processing file /home/airflow/.local/lib/python3.12/site-packages/airflow/example_dags/example_complex.py for tasks to queue
[2025-04-05T20:07:51.954+0000] {logging_mixin.py:190} INFO - [2025-04-05T20:07:51.954+0000] {dagbag.py:588} INFO - Filling up the DagBag from /home/airflow/.local/lib/python3.12/site-packages/airflow/example_dags/example_complex.py
[2025-04-05T20:07:51.960+0000] {processor.py:925} INFO - DAG(s) 'example_complex' retrieved from /home/airflow/.local/lib/python3.12/site-packages/airflow/example_dags/example_complex.py
[2025-04-05T20:07:51.973+0000] {logging_mixin.py:190} INFO - [2025-04-05T20:07:51.973+0000] {dag.py:3239} INFO - Sync 1 DAGs
[2025-04-05T20:07:51.979+0000] {logging_mixin.py:190} INFO - [2025-04-05T20:07:51.979+0000] {dag.py:4180} INFO - Setting next_dagrun for example_complex to None, run_after=None
[2025-04-05T20:07:51.987+0000] {processor.py:208} INFO - Processing /home/airflow/.local/lib/python3.12/site-packages/airflow/example_dags/example_complex.py took 0.038 seconds
[2025-04-05T20:08:22.624+0000] {processor.py:186} INFO - Started process (PID=246) to work on /home/airflow/.local/lib/python3.12/site-packages/airflow/example_dags/example_complex.py
[2025-04-05T20:08:22.625+0000] {processor.py:914} INFO - Processing file /home/airflow/.local/lib/python3.12/site-packages/airflow/example_dags/example_complex.py for tasks to queue
[2025-04-05T20:08:22.628+0000] {logging_mixin.py:190} INFO - [2025-04-05T20:08:22.628+0000] {dagbag.py:588} INFO - Filling up the DagBag from /home/airflow/.local/lib/python3.12/site-packages/airflow/example_dags/example_complex.py
[2025-04-05T20:08:22.635+0000] {processor.py:925} INFO - DAG(s) 'example_complex' retrieved from /home/airflow/.local/lib/python3.12/site-packages/airflow/example_dags/example_complex.py
[2025-04-05T20:08:22.649+0000] {logging_mixin.py:190} INFO - [2025-04-05T20:08:22.649+0000] {dag.py:3239} INFO - Sync 1 DAGs
[2025-04-05T20:08:22.655+0000] {logging_mixin.py:190} INFO - [2025-04-05T20:08:22.655+0000] {dag.py:4180} INFO - Setting next_dagrun for example_complex to None, run_after=None
[2025-04-05T20:08:22.663+0000] {processor.py:208} INFO - Processing /home/airflow/.local/lib/python3.12/site-packages/airflow/example_dags/example_complex.py took 0.046 seconds
[2025-04-05T23:17:33.540+0000] {processor.py:186} INFO - Started process (PID=50) to work on /home/airflow/.local/lib/python3.12/site-packages/airflow/example_dags/example_complex.py
[2025-04-05T23:17:33.541+0000] {processor.py:914} INFO - Processing file /home/airflow/.local/lib/python3.12/site-packages/airflow/example_dags/example_complex.py for tasks to queue
[2025-04-05T23:17:33.543+0000] {logging_mixin.py:190} INFO - [2025-04-05T23:17:33.543+0000] {dagbag.py:588} INFO - Filling up the DagBag from /home/airflow/.local/lib/python3.12/site-packages/airflow/example_dags/example_complex.py
[2025-04-05T23:17:33.558+0000] {processor.py:925} INFO - DAG(s) 'example_complex' retrieved from /home/airflow/.local/lib/python3.12/site-packages/airflow/example_dags/example_complex.py
[2025-04-05T23:17:33.821+0000] {logging_mixin.py:190} INFO - [2025-04-05T23:17:33.821+0000] {dag.py:3239} INFO - Sync 1 DAGs
[2025-04-05T23:17:33.828+0000] {logging_mixin.py:190} INFO - [2025-04-05T23:17:33.828+0000] {dag.py:4180} INFO - Setting next_dagrun for example_complex to None, run_after=None
[2025-04-05T23:17:33.845+0000] {processor.py:208} INFO - Processing /home/airflow/.local/lib/python3.12/site-packages/airflow/example_dags/example_complex.py took 0.309 seconds
[2025-04-05T23:18:00.408+0000] {processor.py:186} INFO - Started process (PID=52) to work on /home/airflow/.local/lib/python3.12/site-packages/airflow/example_dags/example_complex.py
[2025-04-05T23:18:00.409+0000] {processor.py:914} INFO - Processing file /home/airflow/.local/lib/python3.12/site-packages/airflow/example_dags/example_complex.py for tasks to queue
[2025-04-05T23:18:00.410+0000] {logging_mixin.py:190} INFO - [2025-04-05T23:18:00.410+0000] {dagbag.py:588} INFO - Filling up the DagBag from /home/airflow/.local/lib/python3.12/site-packages/airflow/example_dags/example_complex.py
[2025-04-05T23:18:00.421+0000] {processor.py:925} INFO - DAG(s) 'example_complex' retrieved from /home/airflow/.local/lib/python3.12/site-packages/airflow/example_dags/example_complex.py
[2025-04-05T23:18:00.447+0000] {logging_mixin.py:190} INFO - [2025-04-05T23:18:00.446+0000] {dag.py:3239} INFO - Sync 1 DAGs
[2025-04-05T23:18:00.636+0000] {logging_mixin.py:190} INFO - [2025-04-05T23:18:00.636+0000] {dag.py:4180} INFO - Setting next_dagrun for example_complex to None, run_after=None
[2025-04-05T23:18:00.646+0000] {processor.py:208} INFO - Processing /home/airflow/.local/lib/python3.12/site-packages/airflow/example_dags/example_complex.py took 0.242 seconds
[2025-04-05T23:18:30.763+0000] {processor.py:186} INFO - Started process (PID=115) to work on /home/airflow/.local/lib/python3.12/site-packages/airflow/example_dags/example_complex.py
[2025-04-05T23:18:30.764+0000] {processor.py:914} INFO - Processing file /home/airflow/.local/lib/python3.12/site-packages/airflow/example_dags/example_complex.py for tasks to queue
[2025-04-05T23:18:30.765+0000] {logging_mixin.py:190} INFO - [2025-04-05T23:18:30.765+0000] {dagbag.py:588} INFO - Filling up the DagBag from /home/airflow/.local/lib/python3.12/site-packages/airflow/example_dags/example_complex.py
[2025-04-05T23:18:30.770+0000] {processor.py:925} INFO - DAG(s) 'example_complex' retrieved from /home/airflow/.local/lib/python3.12/site-packages/airflow/example_dags/example_complex.py
[2025-04-05T23:18:30.782+0000] {logging_mixin.py:190} INFO - [2025-04-05T23:18:30.782+0000] {dag.py:3239} INFO - Sync 1 DAGs
[2025-04-05T23:18:30.788+0000] {logging_mixin.py:190} INFO - [2025-04-05T23:18:30.788+0000] {dag.py:4180} INFO - Setting next_dagrun for example_complex to None, run_after=None
[2025-04-05T23:18:30.795+0000] {processor.py:208} INFO - Processing /home/airflow/.local/lib/python3.12/site-packages/airflow/example_dags/example_complex.py took 0.034 seconds
[2025-04-05T23:19:00.996+0000] {processor.py:186} INFO - Started process (PID=179) to work on /home/airflow/.local/lib/python3.12/site-packages/airflow/example_dags/example_complex.py
[2025-04-05T23:19:00.996+0000] {processor.py:914} INFO - Processing file /home/airflow/.local/lib/python3.12/site-packages/airflow/example_dags/example_complex.py for tasks to queue
[2025-04-05T23:19:00.997+0000] {logging_mixin.py:190} INFO - [2025-04-05T23:19:00.997+0000] {dagbag.py:588} INFO - Filling up the DagBag from /home/airflow/.local/lib/python3.12/site-packages/airflow/example_dags/example_complex.py
[2025-04-05T23:19:01.002+0000] {processor.py:925} INFO - DAG(s) 'example_complex' retrieved from /home/airflow/.local/lib/python3.12/site-packages/airflow/example_dags/example_complex.py
[2025-04-05T23:19:01.016+0000] {logging_mixin.py:190} INFO - [2025-04-05T23:19:01.016+0000] {dag.py:3239} INFO - Sync 1 DAGs
[2025-04-05T23:19:01.022+0000] {logging_mixin.py:190} INFO - [2025-04-05T23:19:01.022+0000] {dag.py:4180} INFO - Setting next_dagrun for example_complex to None, run_after=None
[2025-04-05T23:19:01.029+0000] {processor.py:208} INFO - Processing /home/airflow/.local/lib/python3.12/site-packages/airflow/example_dags/example_complex.py took 0.036 seconds
[2025-04-05T23:19:31.089+0000] {processor.py:186} INFO - Started process (PID=243) to work on /home/airflow/.local/lib/python3.12/site-packages/airflow/example_dags/example_complex.py
[2025-04-05T23:19:31.091+0000] {processor.py:914} INFO - Processing file /home/airflow/.local/lib/python3.12/site-packages/airflow/example_dags/example_complex.py for tasks to queue
[2025-04-05T23:19:31.094+0000] {logging_mixin.py:190} INFO - [2025-04-05T23:19:31.094+0000] {dagbag.py:588} INFO - Filling up the DagBag from /home/airflow/.local/lib/python3.12/site-packages/airflow/example_dags/example_complex.py
[2025-04-05T23:19:31.100+0000] {processor.py:925} INFO - DAG(s) 'example_complex' retrieved from /home/airflow/.local/lib/python3.12/site-packages/airflow/example_dags/example_complex.py
[2025-04-05T23:19:31.115+0000] {logging_mixin.py:190} INFO - [2025-04-05T23:19:31.115+0000] {dag.py:3239} INFO - Sync 1 DAGs
[2025-04-05T23:19:31.122+0000] {logging_mixin.py:190} INFO - [2025-04-05T23:19:31.122+0000] {dag.py:4180} INFO - Setting next_dagrun for example_complex to None, run_after=None
[2025-04-05T23:19:31.130+0000] {processor.py:208} INFO - Processing /home/airflow/.local/lib/python3.12/site-packages/airflow/example_dags/example_complex.py took 0.044 seconds
[2025-04-05T23:20:01.363+0000] {processor.py:186} INFO - Started process (PID=306) to work on /home/airflow/.local/lib/python3.12/site-packages/airflow/example_dags/example_complex.py
[2025-04-05T23:20:01.364+0000] {processor.py:914} INFO - Processing file /home/airflow/.local/lib/python3.12/site-packages/airflow/example_dags/example_complex.py for tasks to queue
[2025-04-05T23:20:01.365+0000] {logging_mixin.py:190} INFO - [2025-04-05T23:20:01.365+0000] {dagbag.py:588} INFO - Filling up the DagBag from /home/airflow/.local/lib/python3.12/site-packages/airflow/example_dags/example_complex.py
[2025-04-05T23:20:01.371+0000] {processor.py:925} INFO - DAG(s) 'example_complex' retrieved from /home/airflow/.local/lib/python3.12/site-packages/airflow/example_dags/example_complex.py
[2025-04-05T23:20:01.385+0000] {logging_mixin.py:190} INFO - [2025-04-05T23:20:01.384+0000] {dag.py:3239} INFO - Sync 1 DAGs
[2025-04-05T23:20:01.391+0000] {logging_mixin.py:190} INFO - [2025-04-05T23:20:01.390+0000] {dag.py:4180} INFO - Setting next_dagrun for example_complex to None, run_after=None
[2025-04-05T23:20:01.398+0000] {processor.py:208} INFO - Processing /home/airflow/.local/lib/python3.12/site-packages/airflow/example_dags/example_complex.py took 0.038 seconds
[2025-04-05T23:20:31.620+0000] {processor.py:186} INFO - Started process (PID=370) to work on /home/airflow/.local/lib/python3.12/site-packages/airflow/example_dags/example_complex.py
[2025-04-05T23:20:31.621+0000] {processor.py:914} INFO - Processing file /home/airflow/.local/lib/python3.12/site-packages/airflow/example_dags/example_complex.py for tasks to queue
[2025-04-05T23:20:31.622+0000] {logging_mixin.py:190} INFO - [2025-04-05T23:20:31.622+0000] {dagbag.py:588} INFO - Filling up the DagBag from /home/airflow/.local/lib/python3.12/site-packages/airflow/example_dags/example_complex.py
[2025-04-05T23:20:31.627+0000] {processor.py:925} INFO - DAG(s) 'example_complex' retrieved from /home/airflow/.local/lib/python3.12/site-packages/airflow/example_dags/example_complex.py
[2025-04-05T23:20:31.640+0000] {logging_mixin.py:190} INFO - [2025-04-05T23:20:31.640+0000] {dag.py:3239} INFO - Sync 1 DAGs
[2025-04-05T23:20:31.646+0000] {logging_mixin.py:190} INFO - [2025-04-05T23:20:31.645+0000] {dag.py:4180} INFO - Setting next_dagrun for example_complex to None, run_after=None
[2025-04-05T23:20:31.652+0000] {processor.py:208} INFO - Processing /home/airflow/.local/lib/python3.12/site-packages/airflow/example_dags/example_complex.py took 0.035 seconds
[2025-04-05T23:21:01.874+0000] {processor.py:186} INFO - Started process (PID=440) to work on /home/airflow/.local/lib/python3.12/site-packages/airflow/example_dags/example_complex.py
[2025-04-05T23:21:01.875+0000] {processor.py:914} INFO - Processing file /home/airflow/.local/lib/python3.12/site-packages/airflow/example_dags/example_complex.py for tasks to queue
[2025-04-05T23:21:01.876+0000] {logging_mixin.py:190} INFO - [2025-04-05T23:21:01.876+0000] {dagbag.py:588} INFO - Filling up the DagBag from /home/airflow/.local/lib/python3.12/site-packages/airflow/example_dags/example_complex.py
[2025-04-05T23:21:01.882+0000] {processor.py:925} INFO - DAG(s) 'example_complex' retrieved from /home/airflow/.local/lib/python3.12/site-packages/airflow/example_dags/example_complex.py
[2025-04-05T23:21:01.896+0000] {logging_mixin.py:190} INFO - [2025-04-05T23:21:01.896+0000] {dag.py:3239} INFO - Sync 1 DAGs
[2025-04-05T23:21:01.903+0000] {logging_mixin.py:190} INFO - [2025-04-05T23:21:01.902+0000] {dag.py:4180} INFO - Setting next_dagrun for example_complex to None, run_after=None
[2025-04-05T23:21:01.912+0000] {processor.py:208} INFO - Processing /home/airflow/.local/lib/python3.12/site-packages/airflow/example_dags/example_complex.py took 0.040 seconds
[2025-04-05T23:21:32.236+0000] {processor.py:186} INFO - Started process (PID=505) to work on /home/airflow/.local/lib/python3.12/site-packages/airflow/example_dags/example_complex.py
[2025-04-05T23:21:32.237+0000] {processor.py:914} INFO - Processing file /home/airflow/.local/lib/python3.12/site-packages/airflow/example_dags/example_complex.py for tasks to queue
[2025-04-05T23:21:32.238+0000] {logging_mixin.py:190} INFO - [2025-04-05T23:21:32.238+0000] {dagbag.py:588} INFO - Filling up the DagBag from /home/airflow/.local/lib/python3.12/site-packages/airflow/example_dags/example_complex.py
[2025-04-05T23:21:32.245+0000] {processor.py:925} INFO - DAG(s) 'example_complex' retrieved from /home/airflow/.local/lib/python3.12/site-packages/airflow/example_dags/example_complex.py
[2025-04-05T23:21:32.263+0000] {logging_mixin.py:190} INFO - [2025-04-05T23:21:32.263+0000] {dag.py:3239} INFO - Sync 1 DAGs
[2025-04-05T23:21:32.269+0000] {logging_mixin.py:190} INFO - [2025-04-05T23:21:32.269+0000] {dag.py:4180} INFO - Setting next_dagrun for example_complex to None, run_after=None
[2025-04-05T23:21:32.277+0000] {processor.py:208} INFO - Processing /home/airflow/.local/lib/python3.12/site-packages/airflow/example_dags/example_complex.py took 0.044 seconds
[2025-04-05T23:22:02.480+0000] {processor.py:186} INFO - Started process (PID=568) to work on /home/airflow/.local/lib/python3.12/site-packages/airflow/example_dags/example_complex.py
[2025-04-05T23:22:02.481+0000] {processor.py:914} INFO - Processing file /home/airflow/.local/lib/python3.12/site-packages/airflow/example_dags/example_complex.py for tasks to queue
[2025-04-05T23:22:02.482+0000] {logging_mixin.py:190} INFO - [2025-04-05T23:22:02.482+0000] {dagbag.py:588} INFO - Filling up the DagBag from /home/airflow/.local/lib/python3.12/site-packages/airflow/example_dags/example_complex.py
[2025-04-05T23:22:02.488+0000] {processor.py:925} INFO - DAG(s) 'example_complex' retrieved from /home/airflow/.local/lib/python3.12/site-packages/airflow/example_dags/example_complex.py
[2025-04-05T23:22:02.514+0000] {logging_mixin.py:190} INFO - [2025-04-05T23:22:02.513+0000] {dag.py:3239} INFO - Sync 1 DAGs
[2025-04-05T23:22:02.524+0000] {logging_mixin.py:190} INFO - [2025-04-05T23:22:02.524+0000] {dag.py:4180} INFO - Setting next_dagrun for example_complex to None, run_after=None
[2025-04-05T23:22:02.539+0000] {processor.py:208} INFO - Processing /home/airflow/.local/lib/python3.12/site-packages/airflow/example_dags/example_complex.py took 0.063 seconds
[2025-04-05T23:22:32.589+0000] {processor.py:186} INFO - Started process (PID=632) to work on /home/airflow/.local/lib/python3.12/site-packages/airflow/example_dags/example_complex.py
[2025-04-05T23:22:32.590+0000] {processor.py:914} INFO - Processing file /home/airflow/.local/lib/python3.12/site-packages/airflow/example_dags/example_complex.py for tasks to queue
[2025-04-05T23:22:32.591+0000] {logging_mixin.py:190} INFO - [2025-04-05T23:22:32.591+0000] {dagbag.py:588} INFO - Filling up the DagBag from /home/airflow/.local/lib/python3.12/site-packages/airflow/example_dags/example_complex.py
[2025-04-05T23:22:32.597+0000] {processor.py:925} INFO - DAG(s) 'example_complex' retrieved from /home/airflow/.local/lib/python3.12/site-packages/airflow/example_dags/example_complex.py
[2025-04-05T23:22:32.612+0000] {logging_mixin.py:190} INFO - [2025-04-05T23:22:32.612+0000] {dag.py:3239} INFO - Sync 1 DAGs
[2025-04-05T23:22:32.617+0000] {logging_mixin.py:190} INFO - [2025-04-05T23:22:32.617+0000] {dag.py:4180} INFO - Setting next_dagrun for example_complex to None, run_after=None
[2025-04-05T23:22:32.624+0000] {processor.py:208} INFO - Processing /home/airflow/.local/lib/python3.12/site-packages/airflow/example_dags/example_complex.py took 0.038 seconds
[2025-04-05T23:23:02.906+0000] {processor.py:186} INFO - Started process (PID=697) to work on /home/airflow/.local/lib/python3.12/site-packages/airflow/example_dags/example_complex.py
[2025-04-05T23:23:02.908+0000] {processor.py:914} INFO - Processing file /home/airflow/.local/lib/python3.12/site-packages/airflow/example_dags/example_complex.py for tasks to queue
[2025-04-05T23:23:02.913+0000] {logging_mixin.py:190} INFO - [2025-04-05T23:23:02.913+0000] {dagbag.py:588} INFO - Filling up the DagBag from /home/airflow/.local/lib/python3.12/site-packages/airflow/example_dags/example_complex.py
[2025-04-05T23:23:02.920+0000] {processor.py:925} INFO - DAG(s) 'example_complex' retrieved from /home/airflow/.local/lib/python3.12/site-packages/airflow/example_dags/example_complex.py
[2025-04-05T23:23:02.946+0000] {logging_mixin.py:190} INFO - [2025-04-05T23:23:02.945+0000] {dag.py:3239} INFO - Sync 1 DAGs
[2025-04-05T23:23:02.965+0000] {logging_mixin.py:190} INFO - [2025-04-05T23:23:02.965+0000] {dag.py:4180} INFO - Setting next_dagrun for example_complex to None, run_after=None
[2025-04-05T23:23:02.975+0000] {processor.py:208} INFO - Processing /home/airflow/.local/lib/python3.12/site-packages/airflow/example_dags/example_complex.py took 0.072 seconds
[2025-04-05T23:23:33.115+0000] {processor.py:186} INFO - Started process (PID=761) to work on /home/airflow/.local/lib/python3.12/site-packages/airflow/example_dags/example_complex.py
[2025-04-05T23:23:33.117+0000] {processor.py:914} INFO - Processing file /home/airflow/.local/lib/python3.12/site-packages/airflow/example_dags/example_complex.py for tasks to queue
[2025-04-05T23:23:33.118+0000] {logging_mixin.py:190} INFO - [2025-04-05T23:23:33.118+0000] {dagbag.py:588} INFO - Filling up the DagBag from /home/airflow/.local/lib/python3.12/site-packages/airflow/example_dags/example_complex.py
[2025-04-05T23:23:33.124+0000] {processor.py:925} INFO - DAG(s) 'example_complex' retrieved from /home/airflow/.local/lib/python3.12/site-packages/airflow/example_dags/example_complex.py
[2025-04-05T23:23:33.142+0000] {logging_mixin.py:190} INFO - [2025-04-05T23:23:33.142+0000] {dag.py:3239} INFO - Sync 1 DAGs
[2025-04-05T23:23:33.148+0000] {logging_mixin.py:190} INFO - [2025-04-05T23:23:33.148+0000] {dag.py:4180} INFO - Setting next_dagrun for example_complex to None, run_after=None
[2025-04-05T23:23:33.155+0000] {processor.py:208} INFO - Processing /home/airflow/.local/lib/python3.12/site-packages/airflow/example_dags/example_complex.py took 0.043 seconds
[2025-04-05T23:24:03.300+0000] {processor.py:186} INFO - Started process (PID=824) to work on /home/airflow/.local/lib/python3.12/site-packages/airflow/example_dags/example_complex.py
[2025-04-05T23:24:03.301+0000] {processor.py:914} INFO - Processing file /home/airflow/.local/lib/python3.12/site-packages/airflow/example_dags/example_complex.py for tasks to queue
[2025-04-05T23:24:03.302+0000] {logging_mixin.py:190} INFO - [2025-04-05T23:24:03.302+0000] {dagbag.py:588} INFO - Filling up the DagBag from /home/airflow/.local/lib/python3.12/site-packages/airflow/example_dags/example_complex.py
[2025-04-05T23:24:03.307+0000] {processor.py:925} INFO - DAG(s) 'example_complex' retrieved from /home/airflow/.local/lib/python3.12/site-packages/airflow/example_dags/example_complex.py
[2025-04-05T23:24:03.325+0000] {logging_mixin.py:190} INFO - [2025-04-05T23:24:03.325+0000] {dag.py:3239} INFO - Sync 1 DAGs
[2025-04-05T23:24:03.333+0000] {logging_mixin.py:190} INFO - [2025-04-05T23:24:03.333+0000] {dag.py:4180} INFO - Setting next_dagrun for example_complex to None, run_after=None
[2025-04-05T23:24:03.350+0000] {processor.py:208} INFO - Processing /home/airflow/.local/lib/python3.12/site-packages/airflow/example_dags/example_complex.py took 0.053 seconds
[2025-04-05T23:24:29.828+0000] {processor.py:186} INFO - Started process (PID=50) to work on /home/airflow/.local/lib/python3.12/site-packages/airflow/example_dags/example_complex.py
[2025-04-05T23:24:29.828+0000] {processor.py:914} INFO - Processing file /home/airflow/.local/lib/python3.12/site-packages/airflow/example_dags/example_complex.py for tasks to queue
[2025-04-05T23:24:29.830+0000] {logging_mixin.py:190} INFO - [2025-04-05T23:24:29.830+0000] {dagbag.py:588} INFO - Filling up the DagBag from /home/airflow/.local/lib/python3.12/site-packages/airflow/example_dags/example_complex.py
[2025-04-05T23:24:29.838+0000] {processor.py:925} INFO - DAG(s) 'example_complex' retrieved from /home/airflow/.local/lib/python3.12/site-packages/airflow/example_dags/example_complex.py
[2025-04-05T23:24:29.862+0000] {logging_mixin.py:190} INFO - [2025-04-05T23:24:29.862+0000] {dag.py:3239} INFO - Sync 1 DAGs
[2025-04-05T23:24:30.157+0000] {logging_mixin.py:190} INFO - [2025-04-05T23:24:30.156+0000] {dag.py:4180} INFO - Setting next_dagrun for example_complex to None, run_after=None
[2025-04-05T23:24:30.191+0000] {processor.py:208} INFO - Processing /home/airflow/.local/lib/python3.12/site-packages/airflow/example_dags/example_complex.py took 0.366 seconds
[2025-04-05T23:25:00.897+0000] {processor.py:186} INFO - Started process (PID=114) to work on /home/airflow/.local/lib/python3.12/site-packages/airflow/example_dags/example_complex.py
[2025-04-05T23:25:00.902+0000] {processor.py:914} INFO - Processing file /home/airflow/.local/lib/python3.12/site-packages/airflow/example_dags/example_complex.py for tasks to queue
[2025-04-05T23:25:00.904+0000] {logging_mixin.py:190} INFO - [2025-04-05T23:25:00.904+0000] {dagbag.py:588} INFO - Filling up the DagBag from /home/airflow/.local/lib/python3.12/site-packages/airflow/example_dags/example_complex.py
[2025-04-05T23:25:00.913+0000] {processor.py:925} INFO - DAG(s) 'example_complex' retrieved from /home/airflow/.local/lib/python3.12/site-packages/airflow/example_dags/example_complex.py
[2025-04-05T23:25:00.962+0000] {logging_mixin.py:190} INFO - [2025-04-05T23:25:00.962+0000] {dag.py:3239} INFO - Sync 1 DAGs
[2025-04-05T23:25:00.970+0000] {logging_mixin.py:190} INFO - [2025-04-05T23:25:00.970+0000] {dag.py:4180} INFO - Setting next_dagrun for example_complex to None, run_after=None
[2025-04-05T23:25:00.981+0000] {processor.py:208} INFO - Processing /home/airflow/.local/lib/python3.12/site-packages/airflow/example_dags/example_complex.py took 0.088 seconds
[2025-04-05T23:25:31.108+0000] {processor.py:186} INFO - Started process (PID=178) to work on /home/airflow/.local/lib/python3.12/site-packages/airflow/example_dags/example_complex.py
[2025-04-05T23:25:31.111+0000] {processor.py:914} INFO - Processing file /home/airflow/.local/lib/python3.12/site-packages/airflow/example_dags/example_complex.py for tasks to queue
[2025-04-05T23:25:31.113+0000] {logging_mixin.py:190} INFO - [2025-04-05T23:25:31.113+0000] {dagbag.py:588} INFO - Filling up the DagBag from /home/airflow/.local/lib/python3.12/site-packages/airflow/example_dags/example_complex.py
[2025-04-05T23:25:31.120+0000] {processor.py:925} INFO - DAG(s) 'example_complex' retrieved from /home/airflow/.local/lib/python3.12/site-packages/airflow/example_dags/example_complex.py
[2025-04-05T23:25:31.145+0000] {logging_mixin.py:190} INFO - [2025-04-05T23:25:31.145+0000] {dag.py:3239} INFO - Sync 1 DAGs
[2025-04-05T23:25:31.152+0000] {logging_mixin.py:190} INFO - [2025-04-05T23:25:31.152+0000] {dag.py:4180} INFO - Setting next_dagrun for example_complex to None, run_after=None
[2025-04-05T23:25:31.160+0000] {processor.py:208} INFO - Processing /home/airflow/.local/lib/python3.12/site-packages/airflow/example_dags/example_complex.py took 0.056 seconds
[2025-04-05T23:26:01.484+0000] {processor.py:186} INFO - Started process (PID=242) to work on /home/airflow/.local/lib/python3.12/site-packages/airflow/example_dags/example_complex.py
[2025-04-05T23:26:01.490+0000] {processor.py:914} INFO - Processing file /home/airflow/.local/lib/python3.12/site-packages/airflow/example_dags/example_complex.py for tasks to queue
[2025-04-05T23:26:01.493+0000] {logging_mixin.py:190} INFO - [2025-04-05T23:26:01.493+0000] {dagbag.py:588} INFO - Filling up the DagBag from /home/airflow/.local/lib/python3.12/site-packages/airflow/example_dags/example_complex.py
[2025-04-05T23:26:01.504+0000] {processor.py:925} INFO - DAG(s) 'example_complex' retrieved from /home/airflow/.local/lib/python3.12/site-packages/airflow/example_dags/example_complex.py
[2025-04-05T23:26:01.529+0000] {logging_mixin.py:190} INFO - [2025-04-05T23:26:01.529+0000] {dag.py:3239} INFO - Sync 1 DAGs
[2025-04-05T23:26:01.541+0000] {logging_mixin.py:190} INFO - [2025-04-05T23:26:01.541+0000] {dag.py:4180} INFO - Setting next_dagrun for example_complex to None, run_after=None
[2025-04-05T23:26:01.560+0000] {processor.py:208} INFO - Processing /home/airflow/.local/lib/python3.12/site-packages/airflow/example_dags/example_complex.py took 0.082 seconds
[2025-04-05T23:26:31.779+0000] {processor.py:186} INFO - Started process (PID=306) to work on /home/airflow/.local/lib/python3.12/site-packages/airflow/example_dags/example_complex.py
[2025-04-05T23:26:31.783+0000] {processor.py:914} INFO - Processing file /home/airflow/.local/lib/python3.12/site-packages/airflow/example_dags/example_complex.py for tasks to queue
[2025-04-05T23:26:31.786+0000] {logging_mixin.py:190} INFO - [2025-04-05T23:26:31.786+0000] {dagbag.py:588} INFO - Filling up the DagBag from /home/airflow/.local/lib/python3.12/site-packages/airflow/example_dags/example_complex.py
[2025-04-05T23:26:31.795+0000] {processor.py:925} INFO - DAG(s) 'example_complex' retrieved from /home/airflow/.local/lib/python3.12/site-packages/airflow/example_dags/example_complex.py
[2025-04-05T23:26:31.822+0000] {logging_mixin.py:190} INFO - [2025-04-05T23:26:31.821+0000] {dag.py:3239} INFO - Sync 1 DAGs
[2025-04-05T23:26:31.832+0000] {logging_mixin.py:190} INFO - [2025-04-05T23:26:31.832+0000] {dag.py:4180} INFO - Setting next_dagrun for example_complex to None, run_after=None
[2025-04-05T23:26:31.841+0000] {processor.py:208} INFO - Processing /home/airflow/.local/lib/python3.12/site-packages/airflow/example_dags/example_complex.py took 0.069 seconds
[2025-04-05T23:27:01.878+0000] {processor.py:186} INFO - Started process (PID=369) to work on /home/airflow/.local/lib/python3.12/site-packages/airflow/example_dags/example_complex.py
[2025-04-05T23:27:01.879+0000] {processor.py:914} INFO - Processing file /home/airflow/.local/lib/python3.12/site-packages/airflow/example_dags/example_complex.py for tasks to queue
[2025-04-05T23:27:01.881+0000] {logging_mixin.py:190} INFO - [2025-04-05T23:27:01.881+0000] {dagbag.py:588} INFO - Filling up the DagBag from /home/airflow/.local/lib/python3.12/site-packages/airflow/example_dags/example_complex.py
[2025-04-05T23:27:01.891+0000] {processor.py:925} INFO - DAG(s) 'example_complex' retrieved from /home/airflow/.local/lib/python3.12/site-packages/airflow/example_dags/example_complex.py
[2025-04-05T23:27:01.908+0000] {logging_mixin.py:190} INFO - [2025-04-05T23:27:01.908+0000] {dag.py:3239} INFO - Sync 1 DAGs
[2025-04-05T23:27:01.917+0000] {logging_mixin.py:190} INFO - [2025-04-05T23:27:01.917+0000] {dag.py:4180} INFO - Setting next_dagrun for example_complex to None, run_after=None
[2025-04-05T23:27:01.926+0000] {processor.py:208} INFO - Processing /home/airflow/.local/lib/python3.12/site-packages/airflow/example_dags/example_complex.py took 0.053 seconds
[2025-04-05T23:27:32.173+0000] {processor.py:186} INFO - Started process (PID=439) to work on /home/airflow/.local/lib/python3.12/site-packages/airflow/example_dags/example_complex.py
[2025-04-05T23:27:32.176+0000] {processor.py:914} INFO - Processing file /home/airflow/.local/lib/python3.12/site-packages/airflow/example_dags/example_complex.py for tasks to queue
[2025-04-05T23:27:32.177+0000] {logging_mixin.py:190} INFO - [2025-04-05T23:27:32.177+0000] {dagbag.py:588} INFO - Filling up the DagBag from /home/airflow/.local/lib/python3.12/site-packages/airflow/example_dags/example_complex.py
[2025-04-05T23:27:32.184+0000] {processor.py:925} INFO - DAG(s) 'example_complex' retrieved from /home/airflow/.local/lib/python3.12/site-packages/airflow/example_dags/example_complex.py
[2025-04-05T23:27:32.201+0000] {logging_mixin.py:190} INFO - [2025-04-05T23:27:32.201+0000] {dag.py:3239} INFO - Sync 1 DAGs
[2025-04-05T23:27:32.208+0000] {logging_mixin.py:190} INFO - [2025-04-05T23:27:32.208+0000] {dag.py:4180} INFO - Setting next_dagrun for example_complex to None, run_after=None
[2025-04-05T23:27:32.218+0000] {processor.py:208} INFO - Processing /home/airflow/.local/lib/python3.12/site-packages/airflow/example_dags/example_complex.py took 0.051 seconds
[2025-04-05T23:28:02.452+0000] {processor.py:186} INFO - Started process (PID=503) to work on /home/airflow/.local/lib/python3.12/site-packages/airflow/example_dags/example_complex.py
[2025-04-05T23:28:02.453+0000] {processor.py:914} INFO - Processing file /home/airflow/.local/lib/python3.12/site-packages/airflow/example_dags/example_complex.py for tasks to queue
[2025-04-05T23:28:02.455+0000] {logging_mixin.py:190} INFO - [2025-04-05T23:28:02.455+0000] {dagbag.py:588} INFO - Filling up the DagBag from /home/airflow/.local/lib/python3.12/site-packages/airflow/example_dags/example_complex.py
[2025-04-05T23:28:02.466+0000] {processor.py:925} INFO - DAG(s) 'example_complex' retrieved from /home/airflow/.local/lib/python3.12/site-packages/airflow/example_dags/example_complex.py
[2025-04-05T23:28:02.486+0000] {logging_mixin.py:190} INFO - [2025-04-05T23:28:02.486+0000] {dag.py:3239} INFO - Sync 1 DAGs
[2025-04-05T23:28:02.495+0000] {logging_mixin.py:190} INFO - [2025-04-05T23:28:02.495+0000] {dag.py:4180} INFO - Setting next_dagrun for example_complex to None, run_after=None
[2025-04-05T23:28:02.503+0000] {processor.py:208} INFO - Processing /home/airflow/.local/lib/python3.12/site-packages/airflow/example_dags/example_complex.py took 0.060 seconds
[2025-04-05T23:28:32.661+0000] {processor.py:186} INFO - Started process (PID=567) to work on /home/airflow/.local/lib/python3.12/site-packages/airflow/example_dags/example_complex.py
[2025-04-05T23:28:32.662+0000] {processor.py:914} INFO - Processing file /home/airflow/.local/lib/python3.12/site-packages/airflow/example_dags/example_complex.py for tasks to queue
[2025-04-05T23:28:32.664+0000] {logging_mixin.py:190} INFO - [2025-04-05T23:28:32.663+0000] {dagbag.py:588} INFO - Filling up the DagBag from /home/airflow/.local/lib/python3.12/site-packages/airflow/example_dags/example_complex.py
[2025-04-05T23:28:32.673+0000] {processor.py:925} INFO - DAG(s) 'example_complex' retrieved from /home/airflow/.local/lib/python3.12/site-packages/airflow/example_dags/example_complex.py
[2025-04-05T23:28:32.690+0000] {logging_mixin.py:190} INFO - [2025-04-05T23:28:32.690+0000] {dag.py:3239} INFO - Sync 1 DAGs
[2025-04-05T23:28:32.696+0000] {logging_mixin.py:190} INFO - [2025-04-05T23:28:32.696+0000] {dag.py:4180} INFO - Setting next_dagrun for example_complex to None, run_after=None
[2025-04-05T23:28:32.704+0000] {processor.py:208} INFO - Processing /home/airflow/.local/lib/python3.12/site-packages/airflow/example_dags/example_complex.py took 0.049 seconds
[2025-04-05T23:29:02.910+0000] {processor.py:186} INFO - Started process (PID=631) to work on /home/airflow/.local/lib/python3.12/site-packages/airflow/example_dags/example_complex.py
[2025-04-05T23:29:02.911+0000] {processor.py:914} INFO - Processing file /home/airflow/.local/lib/python3.12/site-packages/airflow/example_dags/example_complex.py for tasks to queue
[2025-04-05T23:29:02.913+0000] {logging_mixin.py:190} INFO - [2025-04-05T23:29:02.913+0000] {dagbag.py:588} INFO - Filling up the DagBag from /home/airflow/.local/lib/python3.12/site-packages/airflow/example_dags/example_complex.py
[2025-04-05T23:29:02.924+0000] {processor.py:925} INFO - DAG(s) 'example_complex' retrieved from /home/airflow/.local/lib/python3.12/site-packages/airflow/example_dags/example_complex.py
[2025-04-05T23:29:02.941+0000] {logging_mixin.py:190} INFO - [2025-04-05T23:29:02.941+0000] {dag.py:3239} INFO - Sync 1 DAGs
[2025-04-05T23:29:02.948+0000] {logging_mixin.py:190} INFO - [2025-04-05T23:29:02.948+0000] {dag.py:4180} INFO - Setting next_dagrun for example_complex to None, run_after=None
[2025-04-05T23:29:02.957+0000] {processor.py:208} INFO - Processing /home/airflow/.local/lib/python3.12/site-packages/airflow/example_dags/example_complex.py took 0.056 seconds
[2025-04-05T23:29:33.372+0000] {processor.py:186} INFO - Started process (PID=694) to work on /home/airflow/.local/lib/python3.12/site-packages/airflow/example_dags/example_complex.py
[2025-04-05T23:29:33.374+0000] {processor.py:914} INFO - Processing file /home/airflow/.local/lib/python3.12/site-packages/airflow/example_dags/example_complex.py for tasks to queue
[2025-04-05T23:29:33.376+0000] {logging_mixin.py:190} INFO - [2025-04-05T23:29:33.376+0000] {dagbag.py:588} INFO - Filling up the DagBag from /home/airflow/.local/lib/python3.12/site-packages/airflow/example_dags/example_complex.py
[2025-04-05T23:29:33.387+0000] {processor.py:925} INFO - DAG(s) 'example_complex' retrieved from /home/airflow/.local/lib/python3.12/site-packages/airflow/example_dags/example_complex.py
[2025-04-05T23:29:33.405+0000] {logging_mixin.py:190} INFO - [2025-04-05T23:29:33.405+0000] {dag.py:3239} INFO - Sync 1 DAGs
[2025-04-05T23:29:33.412+0000] {logging_mixin.py:190} INFO - [2025-04-05T23:29:33.412+0000] {dag.py:4180} INFO - Setting next_dagrun for example_complex to None, run_after=None
[2025-04-05T23:29:33.420+0000] {processor.py:208} INFO - Processing /home/airflow/.local/lib/python3.12/site-packages/airflow/example_dags/example_complex.py took 0.061 seconds
[2025-04-05T23:30:03.506+0000] {processor.py:186} INFO - Started process (PID=758) to work on /home/airflow/.local/lib/python3.12/site-packages/airflow/example_dags/example_complex.py
[2025-04-05T23:30:03.507+0000] {processor.py:914} INFO - Processing file /home/airflow/.local/lib/python3.12/site-packages/airflow/example_dags/example_complex.py for tasks to queue
[2025-04-05T23:30:03.509+0000] {logging_mixin.py:190} INFO - [2025-04-05T23:30:03.509+0000] {dagbag.py:588} INFO - Filling up the DagBag from /home/airflow/.local/lib/python3.12/site-packages/airflow/example_dags/example_complex.py
[2025-04-05T23:30:03.517+0000] {processor.py:925} INFO - DAG(s) 'example_complex' retrieved from /home/airflow/.local/lib/python3.12/site-packages/airflow/example_dags/example_complex.py
[2025-04-05T23:30:03.536+0000] {logging_mixin.py:190} INFO - [2025-04-05T23:30:03.536+0000] {dag.py:3239} INFO - Sync 1 DAGs
[2025-04-05T23:30:03.545+0000] {logging_mixin.py:190} INFO - [2025-04-05T23:30:03.544+0000] {dag.py:4180} INFO - Setting next_dagrun for example_complex to None, run_after=None
[2025-04-05T23:30:03.555+0000] {processor.py:208} INFO - Processing /home/airflow/.local/lib/python3.12/site-packages/airflow/example_dags/example_complex.py took 0.053 seconds
[2025-04-05T23:30:33.711+0000] {processor.py:186} INFO - Started process (PID=822) to work on /home/airflow/.local/lib/python3.12/site-packages/airflow/example_dags/example_complex.py
[2025-04-05T23:30:33.712+0000] {processor.py:914} INFO - Processing file /home/airflow/.local/lib/python3.12/site-packages/airflow/example_dags/example_complex.py for tasks to queue
[2025-04-05T23:30:33.714+0000] {logging_mixin.py:190} INFO - [2025-04-05T23:30:33.713+0000] {dagbag.py:588} INFO - Filling up the DagBag from /home/airflow/.local/lib/python3.12/site-packages/airflow/example_dags/example_complex.py
[2025-04-05T23:30:33.721+0000] {processor.py:925} INFO - DAG(s) 'example_complex' retrieved from /home/airflow/.local/lib/python3.12/site-packages/airflow/example_dags/example_complex.py
[2025-04-05T23:30:33.735+0000] {logging_mixin.py:190} INFO - [2025-04-05T23:30:33.735+0000] {dag.py:3239} INFO - Sync 1 DAGs
[2025-04-05T23:30:33.742+0000] {logging_mixin.py:190} INFO - [2025-04-05T23:30:33.742+0000] {dag.py:4180} INFO - Setting next_dagrun for example_complex to None, run_after=None
[2025-04-05T23:30:33.749+0000] {processor.py:208} INFO - Processing /home/airflow/.local/lib/python3.12/site-packages/airflow/example_dags/example_complex.py took 0.042 seconds
[2025-04-05T23:31:03.953+0000] {processor.py:186} INFO - Started process (PID=886) to work on /home/airflow/.local/lib/python3.12/site-packages/airflow/example_dags/example_complex.py
[2025-04-05T23:31:03.955+0000] {processor.py:914} INFO - Processing file /home/airflow/.local/lib/python3.12/site-packages/airflow/example_dags/example_complex.py for tasks to queue
[2025-04-05T23:31:03.958+0000] {logging_mixin.py:190} INFO - [2025-04-05T23:31:03.958+0000] {dagbag.py:588} INFO - Filling up the DagBag from /home/airflow/.local/lib/python3.12/site-packages/airflow/example_dags/example_complex.py
[2025-04-05T23:31:03.970+0000] {processor.py:925} INFO - DAG(s) 'example_complex' retrieved from /home/airflow/.local/lib/python3.12/site-packages/airflow/example_dags/example_complex.py
[2025-04-05T23:31:03.991+0000] {logging_mixin.py:190} INFO - [2025-04-05T23:31:03.991+0000] {dag.py:3239} INFO - Sync 1 DAGs
[2025-04-05T23:31:03.998+0000] {logging_mixin.py:190} INFO - [2025-04-05T23:31:03.998+0000] {dag.py:4180} INFO - Setting next_dagrun for example_complex to None, run_after=None
[2025-04-05T23:31:04.006+0000] {processor.py:208} INFO - Processing /home/airflow/.local/lib/python3.12/site-packages/airflow/example_dags/example_complex.py took 0.059 seconds
[2025-04-05T23:31:34.160+0000] {processor.py:186} INFO - Started process (PID=950) to work on /home/airflow/.local/lib/python3.12/site-packages/airflow/example_dags/example_complex.py
[2025-04-05T23:31:34.161+0000] {processor.py:914} INFO - Processing file /home/airflow/.local/lib/python3.12/site-packages/airflow/example_dags/example_complex.py for tasks to queue
[2025-04-05T23:31:34.163+0000] {logging_mixin.py:190} INFO - [2025-04-05T23:31:34.162+0000] {dagbag.py:588} INFO - Filling up the DagBag from /home/airflow/.local/lib/python3.12/site-packages/airflow/example_dags/example_complex.py
[2025-04-05T23:31:34.170+0000] {processor.py:925} INFO - DAG(s) 'example_complex' retrieved from /home/airflow/.local/lib/python3.12/site-packages/airflow/example_dags/example_complex.py
[2025-04-05T23:31:34.188+0000] {logging_mixin.py:190} INFO - [2025-04-05T23:31:34.188+0000] {dag.py:3239} INFO - Sync 1 DAGs
[2025-04-05T23:31:34.197+0000] {logging_mixin.py:190} INFO - [2025-04-05T23:31:34.197+0000] {dag.py:4180} INFO - Setting next_dagrun for example_complex to None, run_after=None
[2025-04-05T23:31:34.209+0000] {processor.py:208} INFO - Processing /home/airflow/.local/lib/python3.12/site-packages/airflow/example_dags/example_complex.py took 0.052 seconds
[2025-04-05T23:32:04.385+0000] {processor.py:186} INFO - Started process (PID=1014) to work on /home/airflow/.local/lib/python3.12/site-packages/airflow/example_dags/example_complex.py
[2025-04-05T23:32:04.388+0000] {processor.py:914} INFO - Processing file /home/airflow/.local/lib/python3.12/site-packages/airflow/example_dags/example_complex.py for tasks to queue
[2025-04-05T23:32:04.390+0000] {logging_mixin.py:190} INFO - [2025-04-05T23:32:04.390+0000] {dagbag.py:588} INFO - Filling up the DagBag from /home/airflow/.local/lib/python3.12/site-packages/airflow/example_dags/example_complex.py
[2025-04-05T23:32:04.400+0000] {processor.py:925} INFO - DAG(s) 'example_complex' retrieved from /home/airflow/.local/lib/python3.12/site-packages/airflow/example_dags/example_complex.py
[2025-04-05T23:32:04.417+0000] {logging_mixin.py:190} INFO - [2025-04-05T23:32:04.417+0000] {dag.py:3239} INFO - Sync 1 DAGs
[2025-04-05T23:32:04.424+0000] {logging_mixin.py:190} INFO - [2025-04-05T23:32:04.424+0000] {dag.py:4180} INFO - Setting next_dagrun for example_complex to None, run_after=None
[2025-04-05T23:32:04.432+0000] {processor.py:208} INFO - Processing /home/airflow/.local/lib/python3.12/site-packages/airflow/example_dags/example_complex.py took 0.053 seconds
[2025-04-05T23:32:34.744+0000] {processor.py:186} INFO - Started process (PID=1078) to work on /home/airflow/.local/lib/python3.12/site-packages/airflow/example_dags/example_complex.py
[2025-04-05T23:32:34.746+0000] {processor.py:914} INFO - Processing file /home/airflow/.local/lib/python3.12/site-packages/airflow/example_dags/example_complex.py for tasks to queue
[2025-04-05T23:32:34.748+0000] {logging_mixin.py:190} INFO - [2025-04-05T23:32:34.747+0000] {dagbag.py:588} INFO - Filling up the DagBag from /home/airflow/.local/lib/python3.12/site-packages/airflow/example_dags/example_complex.py
[2025-04-05T23:32:34.757+0000] {processor.py:925} INFO - DAG(s) 'example_complex' retrieved from /home/airflow/.local/lib/python3.12/site-packages/airflow/example_dags/example_complex.py
[2025-04-05T23:32:34.773+0000] {logging_mixin.py:190} INFO - [2025-04-05T23:32:34.773+0000] {dag.py:3239} INFO - Sync 1 DAGs
[2025-04-05T23:32:34.780+0000] {logging_mixin.py:190} INFO - [2025-04-05T23:32:34.780+0000] {dag.py:4180} INFO - Setting next_dagrun for example_complex to None, run_after=None
[2025-04-05T23:32:34.787+0000] {processor.py:208} INFO - Processing /home/airflow/.local/lib/python3.12/site-packages/airflow/example_dags/example_complex.py took 0.049 seconds
[2025-04-05T23:33:04.854+0000] {processor.py:186} INFO - Started process (PID=1142) to work on /home/airflow/.local/lib/python3.12/site-packages/airflow/example_dags/example_complex.py
[2025-04-05T23:33:04.856+0000] {processor.py:914} INFO - Processing file /home/airflow/.local/lib/python3.12/site-packages/airflow/example_dags/example_complex.py for tasks to queue
[2025-04-05T23:33:04.858+0000] {logging_mixin.py:190} INFO - [2025-04-05T23:33:04.857+0000] {dagbag.py:588} INFO - Filling up the DagBag from /home/airflow/.local/lib/python3.12/site-packages/airflow/example_dags/example_complex.py
[2025-04-05T23:33:04.867+0000] {processor.py:925} INFO - DAG(s) 'example_complex' retrieved from /home/airflow/.local/lib/python3.12/site-packages/airflow/example_dags/example_complex.py
[2025-04-05T23:33:04.883+0000] {logging_mixin.py:190} INFO - [2025-04-05T23:33:04.883+0000] {dag.py:3239} INFO - Sync 1 DAGs
[2025-04-05T23:33:04.890+0000] {logging_mixin.py:190} INFO - [2025-04-05T23:33:04.890+0000] {dag.py:4180} INFO - Setting next_dagrun for example_complex to None, run_after=None
[2025-04-05T23:33:04.897+0000] {processor.py:208} INFO - Processing /home/airflow/.local/lib/python3.12/site-packages/airflow/example_dags/example_complex.py took 0.050 seconds
[2025-04-05T23:33:34.986+0000] {processor.py:186} INFO - Started process (PID=1206) to work on /home/airflow/.local/lib/python3.12/site-packages/airflow/example_dags/example_complex.py
[2025-04-05T23:33:34.987+0000] {processor.py:914} INFO - Processing file /home/airflow/.local/lib/python3.12/site-packages/airflow/example_dags/example_complex.py for tasks to queue
[2025-04-05T23:33:34.990+0000] {logging_mixin.py:190} INFO - [2025-04-05T23:33:34.990+0000] {dagbag.py:588} INFO - Filling up the DagBag from /home/airflow/.local/lib/python3.12/site-packages/airflow/example_dags/example_complex.py
[2025-04-05T23:33:35.001+0000] {processor.py:925} INFO - DAG(s) 'example_complex' retrieved from /home/airflow/.local/lib/python3.12/site-packages/airflow/example_dags/example_complex.py
[2025-04-05T23:33:35.019+0000] {logging_mixin.py:190} INFO - [2025-04-05T23:33:35.019+0000] {dag.py:3239} INFO - Sync 1 DAGs
[2025-04-05T23:33:35.027+0000] {logging_mixin.py:190} INFO - [2025-04-05T23:33:35.027+0000] {dag.py:4180} INFO - Setting next_dagrun for example_complex to None, run_after=None
[2025-04-05T23:33:35.036+0000] {processor.py:208} INFO - Processing /home/airflow/.local/lib/python3.12/site-packages/airflow/example_dags/example_complex.py took 0.060 seconds
[2025-04-05T23:34:05.437+0000] {processor.py:186} INFO - Started process (PID=1271) to work on /home/airflow/.local/lib/python3.12/site-packages/airflow/example_dags/example_complex.py
[2025-04-05T23:34:05.439+0000] {processor.py:914} INFO - Processing file /home/airflow/.local/lib/python3.12/site-packages/airflow/example_dags/example_complex.py for tasks to queue
[2025-04-05T23:34:05.442+0000] {logging_mixin.py:190} INFO - [2025-04-05T23:34:05.441+0000] {dagbag.py:588} INFO - Filling up the DagBag from /home/airflow/.local/lib/python3.12/site-packages/airflow/example_dags/example_complex.py
[2025-04-05T23:34:05.453+0000] {processor.py:925} INFO - DAG(s) 'example_complex' retrieved from /home/airflow/.local/lib/python3.12/site-packages/airflow/example_dags/example_complex.py
[2025-04-05T23:34:05.472+0000] {logging_mixin.py:190} INFO - [2025-04-05T23:34:05.472+0000] {dag.py:3239} INFO - Sync 1 DAGs
[2025-04-05T23:34:05.480+0000] {logging_mixin.py:190} INFO - [2025-04-05T23:34:05.480+0000] {dag.py:4180} INFO - Setting next_dagrun for example_complex to None, run_after=None
[2025-04-05T23:34:05.489+0000] {processor.py:208} INFO - Processing /home/airflow/.local/lib/python3.12/site-packages/airflow/example_dags/example_complex.py took 0.058 seconds
[2025-04-05T23:34:35.915+0000] {processor.py:186} INFO - Started process (PID=1334) to work on /home/airflow/.local/lib/python3.12/site-packages/airflow/example_dags/example_complex.py
[2025-04-05T23:34:35.917+0000] {processor.py:914} INFO - Processing file /home/airflow/.local/lib/python3.12/site-packages/airflow/example_dags/example_complex.py for tasks to queue
[2025-04-05T23:34:35.919+0000] {logging_mixin.py:190} INFO - [2025-04-05T23:34:35.918+0000] {dagbag.py:588} INFO - Filling up the DagBag from /home/airflow/.local/lib/python3.12/site-packages/airflow/example_dags/example_complex.py
[2025-04-05T23:34:35.928+0000] {processor.py:925} INFO - DAG(s) 'example_complex' retrieved from /home/airflow/.local/lib/python3.12/site-packages/airflow/example_dags/example_complex.py
[2025-04-05T23:34:35.945+0000] {logging_mixin.py:190} INFO - [2025-04-05T23:34:35.944+0000] {dag.py:3239} INFO - Sync 1 DAGs
[2025-04-05T23:34:35.951+0000] {logging_mixin.py:190} INFO - [2025-04-05T23:34:35.951+0000] {dag.py:4180} INFO - Setting next_dagrun for example_complex to None, run_after=None
[2025-04-05T23:34:35.958+0000] {processor.py:208} INFO - Processing /home/airflow/.local/lib/python3.12/site-packages/airflow/example_dags/example_complex.py took 0.049 seconds
[2025-04-05T23:35:06.765+0000] {processor.py:186} INFO - Started process (PID=1398) to work on /home/airflow/.local/lib/python3.12/site-packages/airflow/example_dags/example_complex.py
[2025-04-05T23:35:06.767+0000] {processor.py:914} INFO - Processing file /home/airflow/.local/lib/python3.12/site-packages/airflow/example_dags/example_complex.py for tasks to queue
[2025-04-05T23:35:06.769+0000] {logging_mixin.py:190} INFO - [2025-04-05T23:35:06.769+0000] {dagbag.py:588} INFO - Filling up the DagBag from /home/airflow/.local/lib/python3.12/site-packages/airflow/example_dags/example_complex.py
[2025-04-05T23:35:06.778+0000] {processor.py:925} INFO - DAG(s) 'example_complex' retrieved from /home/airflow/.local/lib/python3.12/site-packages/airflow/example_dags/example_complex.py
[2025-04-05T23:35:06.795+0000] {logging_mixin.py:190} INFO - [2025-04-05T23:35:06.795+0000] {dag.py:3239} INFO - Sync 1 DAGs
[2025-04-05T23:35:06.802+0000] {logging_mixin.py:190} INFO - [2025-04-05T23:35:06.802+0000] {dag.py:4180} INFO - Setting next_dagrun for example_complex to None, run_after=None
[2025-04-05T23:35:06.810+0000] {processor.py:208} INFO - Processing /home/airflow/.local/lib/python3.12/site-packages/airflow/example_dags/example_complex.py took 0.050 seconds
[2025-04-05T23:35:36.982+0000] {processor.py:186} INFO - Started process (PID=1462) to work on /home/airflow/.local/lib/python3.12/site-packages/airflow/example_dags/example_complex.py
[2025-04-05T23:35:36.983+0000] {processor.py:914} INFO - Processing file /home/airflow/.local/lib/python3.12/site-packages/airflow/example_dags/example_complex.py for tasks to queue
[2025-04-05T23:35:36.984+0000] {logging_mixin.py:190} INFO - [2025-04-05T23:35:36.984+0000] {dagbag.py:588} INFO - Filling up the DagBag from /home/airflow/.local/lib/python3.12/site-packages/airflow/example_dags/example_complex.py
[2025-04-05T23:35:36.991+0000] {processor.py:925} INFO - DAG(s) 'example_complex' retrieved from /home/airflow/.local/lib/python3.12/site-packages/airflow/example_dags/example_complex.py
[2025-04-05T23:35:37.006+0000] {logging_mixin.py:190} INFO - [2025-04-05T23:35:37.006+0000] {dag.py:3239} INFO - Sync 1 DAGs
[2025-04-05T23:35:37.013+0000] {logging_mixin.py:190} INFO - [2025-04-05T23:35:37.013+0000] {dag.py:4180} INFO - Setting next_dagrun for example_complex to None, run_after=None
[2025-04-05T23:35:37.021+0000] {processor.py:208} INFO - Processing /home/airflow/.local/lib/python3.12/site-packages/airflow/example_dags/example_complex.py took 0.043 seconds
[2025-04-05T23:36:07.150+0000] {processor.py:186} INFO - Started process (PID=1526) to work on /home/airflow/.local/lib/python3.12/site-packages/airflow/example_dags/example_complex.py
[2025-04-05T23:36:07.153+0000] {processor.py:914} INFO - Processing file /home/airflow/.local/lib/python3.12/site-packages/airflow/example_dags/example_complex.py for tasks to queue
[2025-04-05T23:36:07.156+0000] {logging_mixin.py:190} INFO - [2025-04-05T23:36:07.155+0000] {dagbag.py:588} INFO - Filling up the DagBag from /home/airflow/.local/lib/python3.12/site-packages/airflow/example_dags/example_complex.py
[2025-04-05T23:36:07.165+0000] {processor.py:925} INFO - DAG(s) 'example_complex' retrieved from /home/airflow/.local/lib/python3.12/site-packages/airflow/example_dags/example_complex.py
[2025-04-05T23:36:07.183+0000] {logging_mixin.py:190} INFO - [2025-04-05T23:36:07.183+0000] {dag.py:3239} INFO - Sync 1 DAGs
[2025-04-05T23:36:07.190+0000] {logging_mixin.py:190} INFO - [2025-04-05T23:36:07.190+0000] {dag.py:4180} INFO - Setting next_dagrun for example_complex to None, run_after=None
[2025-04-05T23:36:07.199+0000] {processor.py:208} INFO - Processing /home/airflow/.local/lib/python3.12/site-packages/airflow/example_dags/example_complex.py took 0.062 seconds
[2025-04-05T23:36:37.440+0000] {processor.py:186} INFO - Started process (PID=1590) to work on /home/airflow/.local/lib/python3.12/site-packages/airflow/example_dags/example_complex.py
[2025-04-05T23:36:37.441+0000] {processor.py:914} INFO - Processing file /home/airflow/.local/lib/python3.12/site-packages/airflow/example_dags/example_complex.py for tasks to queue
[2025-04-05T23:36:37.443+0000] {logging_mixin.py:190} INFO - [2025-04-05T23:36:37.443+0000] {dagbag.py:588} INFO - Filling up the DagBag from /home/airflow/.local/lib/python3.12/site-packages/airflow/example_dags/example_complex.py
[2025-04-05T23:36:37.453+0000] {processor.py:925} INFO - DAG(s) 'example_complex' retrieved from /home/airflow/.local/lib/python3.12/site-packages/airflow/example_dags/example_complex.py
[2025-04-05T23:36:37.475+0000] {logging_mixin.py:190} INFO - [2025-04-05T23:36:37.475+0000] {dag.py:3239} INFO - Sync 1 DAGs
[2025-04-05T23:36:37.484+0000] {logging_mixin.py:190} INFO - [2025-04-05T23:36:37.483+0000] {dag.py:4180} INFO - Setting next_dagrun for example_complex to None, run_after=None
[2025-04-05T23:36:37.494+0000] {processor.py:208} INFO - Processing /home/airflow/.local/lib/python3.12/site-packages/airflow/example_dags/example_complex.py took 0.060 seconds
[2025-04-05T23:37:07.655+0000] {processor.py:186} INFO - Started process (PID=1654) to work on /home/airflow/.local/lib/python3.12/site-packages/airflow/example_dags/example_complex.py
[2025-04-05T23:37:07.657+0000] {processor.py:914} INFO - Processing file /home/airflow/.local/lib/python3.12/site-packages/airflow/example_dags/example_complex.py for tasks to queue
[2025-04-05T23:37:07.660+0000] {logging_mixin.py:190} INFO - [2025-04-05T23:37:07.660+0000] {dagbag.py:588} INFO - Filling up the DagBag from /home/airflow/.local/lib/python3.12/site-packages/airflow/example_dags/example_complex.py
[2025-04-05T23:37:07.671+0000] {processor.py:925} INFO - DAG(s) 'example_complex' retrieved from /home/airflow/.local/lib/python3.12/site-packages/airflow/example_dags/example_complex.py
[2025-04-05T23:37:07.689+0000] {logging_mixin.py:190} INFO - [2025-04-05T23:37:07.689+0000] {dag.py:3239} INFO - Sync 1 DAGs
[2025-04-05T23:37:07.696+0000] {logging_mixin.py:190} INFO - [2025-04-05T23:37:07.696+0000] {dag.py:4180} INFO - Setting next_dagrun for example_complex to None, run_after=None
[2025-04-05T23:37:07.705+0000] {processor.py:208} INFO - Processing /home/airflow/.local/lib/python3.12/site-packages/airflow/example_dags/example_complex.py took 0.057 seconds
[2025-04-05T23:37:37.956+0000] {processor.py:186} INFO - Started process (PID=1718) to work on /home/airflow/.local/lib/python3.12/site-packages/airflow/example_dags/example_complex.py
[2025-04-05T23:37:37.957+0000] {processor.py:914} INFO - Processing file /home/airflow/.local/lib/python3.12/site-packages/airflow/example_dags/example_complex.py for tasks to queue
[2025-04-05T23:37:37.959+0000] {logging_mixin.py:190} INFO - [2025-04-05T23:37:37.959+0000] {dagbag.py:588} INFO - Filling up the DagBag from /home/airflow/.local/lib/python3.12/site-packages/airflow/example_dags/example_complex.py
[2025-04-05T23:37:37.969+0000] {processor.py:925} INFO - DAG(s) 'example_complex' retrieved from /home/airflow/.local/lib/python3.12/site-packages/airflow/example_dags/example_complex.py
[2025-04-05T23:37:37.985+0000] {logging_mixin.py:190} INFO - [2025-04-05T23:37:37.985+0000] {dag.py:3239} INFO - Sync 1 DAGs
[2025-04-05T23:37:37.992+0000] {logging_mixin.py:190} INFO - [2025-04-05T23:37:37.992+0000] {dag.py:4180} INFO - Setting next_dagrun for example_complex to None, run_after=None
[2025-04-05T23:37:38.001+0000] {processor.py:208} INFO - Processing /home/airflow/.local/lib/python3.12/site-packages/airflow/example_dags/example_complex.py took 0.051 seconds
[2025-04-05T23:38:08.179+0000] {processor.py:186} INFO - Started process (PID=1782) to work on /home/airflow/.local/lib/python3.12/site-packages/airflow/example_dags/example_complex.py
[2025-04-05T23:38:08.180+0000] {processor.py:914} INFO - Processing file /home/airflow/.local/lib/python3.12/site-packages/airflow/example_dags/example_complex.py for tasks to queue
[2025-04-05T23:38:08.181+0000] {logging_mixin.py:190} INFO - [2025-04-05T23:38:08.181+0000] {dagbag.py:588} INFO - Filling up the DagBag from /home/airflow/.local/lib/python3.12/site-packages/airflow/example_dags/example_complex.py
[2025-04-05T23:38:08.186+0000] {processor.py:925} INFO - DAG(s) 'example_complex' retrieved from /home/airflow/.local/lib/python3.12/site-packages/airflow/example_dags/example_complex.py
[2025-04-05T23:38:08.199+0000] {logging_mixin.py:190} INFO - [2025-04-05T23:38:08.199+0000] {dag.py:3239} INFO - Sync 1 DAGs
[2025-04-05T23:38:08.205+0000] {logging_mixin.py:190} INFO - [2025-04-05T23:38:08.205+0000] {dag.py:4180} INFO - Setting next_dagrun for example_complex to None, run_after=None
[2025-04-05T23:38:08.213+0000] {processor.py:208} INFO - Processing /home/airflow/.local/lib/python3.12/site-packages/airflow/example_dags/example_complex.py took 0.038 seconds
[2025-04-05T23:38:38.612+0000] {processor.py:186} INFO - Started process (PID=1846) to work on /home/airflow/.local/lib/python3.12/site-packages/airflow/example_dags/example_complex.py
[2025-04-05T23:38:38.613+0000] {processor.py:914} INFO - Processing file /home/airflow/.local/lib/python3.12/site-packages/airflow/example_dags/example_complex.py for tasks to queue
[2025-04-05T23:38:38.615+0000] {logging_mixin.py:190} INFO - [2025-04-05T23:38:38.614+0000] {dagbag.py:588} INFO - Filling up the DagBag from /home/airflow/.local/lib/python3.12/site-packages/airflow/example_dags/example_complex.py
[2025-04-05T23:38:38.621+0000] {processor.py:925} INFO - DAG(s) 'example_complex' retrieved from /home/airflow/.local/lib/python3.12/site-packages/airflow/example_dags/example_complex.py
[2025-04-05T23:38:38.634+0000] {logging_mixin.py:190} INFO - [2025-04-05T23:38:38.634+0000] {dag.py:3239} INFO - Sync 1 DAGs
[2025-04-05T23:38:38.641+0000] {logging_mixin.py:190} INFO - [2025-04-05T23:38:38.641+0000] {dag.py:4180} INFO - Setting next_dagrun for example_complex to None, run_after=None
[2025-04-05T23:38:38.648+0000] {processor.py:208} INFO - Processing /home/airflow/.local/lib/python3.12/site-packages/airflow/example_dags/example_complex.py took 0.041 seconds
[2025-04-05T23:39:30.273+0000] {processor.py:186} INFO - Started process (PID=52) to work on /home/airflow/.local/lib/python3.12/site-packages/airflow/example_dags/example_complex.py
[2025-04-05T23:39:30.273+0000] {processor.py:914} INFO - Processing file /home/airflow/.local/lib/python3.12/site-packages/airflow/example_dags/example_complex.py for tasks to queue
[2025-04-05T23:39:30.275+0000] {logging_mixin.py:190} INFO - [2025-04-05T23:39:30.275+0000] {dagbag.py:588} INFO - Filling up the DagBag from /home/airflow/.local/lib/python3.12/site-packages/airflow/example_dags/example_complex.py
[2025-04-05T23:39:30.282+0000] {processor.py:925} INFO - DAG(s) 'example_complex' retrieved from /home/airflow/.local/lib/python3.12/site-packages/airflow/example_dags/example_complex.py
[2025-04-05T23:39:30.305+0000] {logging_mixin.py:190} INFO - [2025-04-05T23:39:30.305+0000] {dag.py:3239} INFO - Sync 1 DAGs
[2025-04-05T23:39:30.547+0000] {logging_mixin.py:190} INFO - [2025-04-05T23:39:30.547+0000] {dag.py:4180} INFO - Setting next_dagrun for example_complex to None, run_after=None
[2025-04-05T23:39:30.570+0000] {processor.py:208} INFO - Processing /home/airflow/.local/lib/python3.12/site-packages/airflow/example_dags/example_complex.py took 0.301 seconds
[2025-04-05T23:40:17.100+0000] {processor.py:186} INFO - Started process (PID=51) to work on /home/airflow/.local/lib/python3.12/site-packages/airflow/example_dags/example_complex.py
[2025-04-05T23:40:17.101+0000] {processor.py:914} INFO - Processing file /home/airflow/.local/lib/python3.12/site-packages/airflow/example_dags/example_complex.py for tasks to queue
[2025-04-05T23:40:17.102+0000] {logging_mixin.py:190} INFO - [2025-04-05T23:40:17.102+0000] {dagbag.py:588} INFO - Filling up the DagBag from /home/airflow/.local/lib/python3.12/site-packages/airflow/example_dags/example_complex.py
[2025-04-05T23:40:17.108+0000] {processor.py:925} INFO - DAG(s) 'example_complex' retrieved from /home/airflow/.local/lib/python3.12/site-packages/airflow/example_dags/example_complex.py
[2025-04-05T23:40:17.125+0000] {logging_mixin.py:190} INFO - [2025-04-05T23:40:17.125+0000] {dag.py:3239} INFO - Sync 1 DAGs
[2025-04-05T23:40:17.319+0000] {logging_mixin.py:190} INFO - [2025-04-05T23:40:17.319+0000] {dag.py:4180} INFO - Setting next_dagrun for example_complex to None, run_after=None
[2025-04-05T23:40:17.330+0000] {processor.py:208} INFO - Processing /home/airflow/.local/lib/python3.12/site-packages/airflow/example_dags/example_complex.py took 0.233 seconds
[2025-04-05T23:40:47.446+0000] {processor.py:186} INFO - Started process (PID=115) to work on /home/airflow/.local/lib/python3.12/site-packages/airflow/example_dags/example_complex.py
[2025-04-05T23:40:47.448+0000] {processor.py:914} INFO - Processing file /home/airflow/.local/lib/python3.12/site-packages/airflow/example_dags/example_complex.py for tasks to queue
[2025-04-05T23:40:47.453+0000] {logging_mixin.py:190} INFO - [2025-04-05T23:40:47.453+0000] {dagbag.py:588} INFO - Filling up the DagBag from /home/airflow/.local/lib/python3.12/site-packages/airflow/example_dags/example_complex.py
[2025-04-05T23:40:47.459+0000] {processor.py:925} INFO - DAG(s) 'example_complex' retrieved from /home/airflow/.local/lib/python3.12/site-packages/airflow/example_dags/example_complex.py
[2025-04-05T23:40:47.474+0000] {logging_mixin.py:190} INFO - [2025-04-05T23:40:47.474+0000] {dag.py:3239} INFO - Sync 1 DAGs
[2025-04-05T23:40:47.480+0000] {logging_mixin.py:190} INFO - [2025-04-05T23:40:47.480+0000] {dag.py:4180} INFO - Setting next_dagrun for example_complex to None, run_after=None
[2025-04-05T23:40:47.488+0000] {processor.py:208} INFO - Processing /home/airflow/.local/lib/python3.12/site-packages/airflow/example_dags/example_complex.py took 0.046 seconds
[2025-04-05T23:41:17.705+0000] {processor.py:186} INFO - Started process (PID=179) to work on /home/airflow/.local/lib/python3.12/site-packages/airflow/example_dags/example_complex.py
[2025-04-05T23:41:17.706+0000] {processor.py:914} INFO - Processing file /home/airflow/.local/lib/python3.12/site-packages/airflow/example_dags/example_complex.py for tasks to queue
[2025-04-05T23:41:17.708+0000] {logging_mixin.py:190} INFO - [2025-04-05T23:41:17.707+0000] {dagbag.py:588} INFO - Filling up the DagBag from /home/airflow/.local/lib/python3.12/site-packages/airflow/example_dags/example_complex.py
[2025-04-05T23:41:17.715+0000] {processor.py:925} INFO - DAG(s) 'example_complex' retrieved from /home/airflow/.local/lib/python3.12/site-packages/airflow/example_dags/example_complex.py
[2025-04-05T23:41:17.735+0000] {logging_mixin.py:190} INFO - [2025-04-05T23:41:17.735+0000] {dag.py:3239} INFO - Sync 1 DAGs
[2025-04-05T23:41:17.743+0000] {logging_mixin.py:190} INFO - [2025-04-05T23:41:17.743+0000] {dag.py:4180} INFO - Setting next_dagrun for example_complex to None, run_after=None
[2025-04-05T23:41:17.752+0000] {processor.py:208} INFO - Processing /home/airflow/.local/lib/python3.12/site-packages/airflow/example_dags/example_complex.py took 0.050 seconds
[2025-04-05T23:41:47.900+0000] {processor.py:186} INFO - Started process (PID=242) to work on /home/airflow/.local/lib/python3.12/site-packages/airflow/example_dags/example_complex.py
[2025-04-05T23:41:47.901+0000] {processor.py:914} INFO - Processing file /home/airflow/.local/lib/python3.12/site-packages/airflow/example_dags/example_complex.py for tasks to queue
[2025-04-05T23:41:47.902+0000] {logging_mixin.py:190} INFO - [2025-04-05T23:41:47.902+0000] {dagbag.py:588} INFO - Filling up the DagBag from /home/airflow/.local/lib/python3.12/site-packages/airflow/example_dags/example_complex.py
[2025-04-05T23:41:47.908+0000] {processor.py:925} INFO - DAG(s) 'example_complex' retrieved from /home/airflow/.local/lib/python3.12/site-packages/airflow/example_dags/example_complex.py
[2025-04-05T23:41:47.921+0000] {logging_mixin.py:190} INFO - [2025-04-05T23:41:47.921+0000] {dag.py:3239} INFO - Sync 1 DAGs
[2025-04-05T23:41:47.926+0000] {logging_mixin.py:190} INFO - [2025-04-05T23:41:47.926+0000] {dag.py:4180} INFO - Setting next_dagrun for example_complex to None, run_after=None
[2025-04-05T23:41:47.934+0000] {processor.py:208} INFO - Processing /home/airflow/.local/lib/python3.12/site-packages/airflow/example_dags/example_complex.py took 0.036 seconds
[2025-04-05T23:42:44.957+0000] {processor.py:186} INFO - Started process (PID=58) to work on /home/airflow/.local/lib/python3.12/site-packages/airflow/example_dags/example_complex.py
[2025-04-05T23:42:44.960+0000] {processor.py:914} INFO - Processing file /home/airflow/.local/lib/python3.12/site-packages/airflow/example_dags/example_complex.py for tasks to queue
[2025-04-05T23:42:44.962+0000] {logging_mixin.py:190} INFO - [2025-04-05T23:42:44.962+0000] {dagbag.py:588} INFO - Filling up the DagBag from /home/airflow/.local/lib/python3.12/site-packages/airflow/example_dags/example_complex.py
[2025-04-05T23:42:45.093+0000] {processor.py:925} INFO - DAG(s) 'example_complex' retrieved from /home/airflow/.local/lib/python3.12/site-packages/airflow/example_dags/example_complex.py
[2025-04-05T23:42:45.113+0000] {logging_mixin.py:190} INFO - [2025-04-05T23:42:45.113+0000] {dag.py:3239} INFO - Sync 1 DAGs
[2025-04-05T23:42:45.122+0000] {logging_mixin.py:190} INFO - [2025-04-05T23:42:45.122+0000] {dag.py:4180} INFO - Setting next_dagrun for example_complex to None, run_after=None
[2025-04-05T23:42:45.139+0000] {processor.py:208} INFO - Processing /home/airflow/.local/lib/python3.12/site-packages/airflow/example_dags/example_complex.py took 0.184 seconds
[2025-04-05T23:43:15.827+0000] {processor.py:186} INFO - Started process (PID=121) to work on /home/airflow/.local/lib/python3.12/site-packages/airflow/example_dags/example_complex.py
[2025-04-05T23:43:15.827+0000] {processor.py:914} INFO - Processing file /home/airflow/.local/lib/python3.12/site-packages/airflow/example_dags/example_complex.py for tasks to queue
[2025-04-05T23:43:15.828+0000] {logging_mixin.py:190} INFO - [2025-04-05T23:43:15.828+0000] {dagbag.py:588} INFO - Filling up the DagBag from /home/airflow/.local/lib/python3.12/site-packages/airflow/example_dags/example_complex.py
[2025-04-05T23:43:15.835+0000] {processor.py:925} INFO - DAG(s) 'example_complex' retrieved from /home/airflow/.local/lib/python3.12/site-packages/airflow/example_dags/example_complex.py
[2025-04-05T23:43:15.850+0000] {logging_mixin.py:190} INFO - [2025-04-05T23:43:15.850+0000] {dag.py:3239} INFO - Sync 1 DAGs
[2025-04-05T23:43:15.857+0000] {logging_mixin.py:190} INFO - [2025-04-05T23:43:15.857+0000] {dag.py:4180} INFO - Setting next_dagrun for example_complex to None, run_after=None
[2025-04-05T23:43:15.864+0000] {processor.py:208} INFO - Processing /home/airflow/.local/lib/python3.12/site-packages/airflow/example_dags/example_complex.py took 0.040 seconds
[2025-04-05T23:43:45.933+0000] {processor.py:186} INFO - Started process (PID=185) to work on /home/airflow/.local/lib/python3.12/site-packages/airflow/example_dags/example_complex.py
[2025-04-05T23:43:45.934+0000] {processor.py:914} INFO - Processing file /home/airflow/.local/lib/python3.12/site-packages/airflow/example_dags/example_complex.py for tasks to queue
[2025-04-05T23:43:45.935+0000] {logging_mixin.py:190} INFO - [2025-04-05T23:43:45.935+0000] {dagbag.py:588} INFO - Filling up the DagBag from /home/airflow/.local/lib/python3.12/site-packages/airflow/example_dags/example_complex.py
[2025-04-05T23:43:45.943+0000] {processor.py:925} INFO - DAG(s) 'example_complex' retrieved from /home/airflow/.local/lib/python3.12/site-packages/airflow/example_dags/example_complex.py
[2025-04-05T23:43:45.964+0000] {logging_mixin.py:190} INFO - [2025-04-05T23:43:45.964+0000] {dag.py:3239} INFO - Sync 1 DAGs
[2025-04-05T23:43:45.972+0000] {logging_mixin.py:190} INFO - [2025-04-05T23:43:45.972+0000] {dag.py:4180} INFO - Setting next_dagrun for example_complex to None, run_after=None
[2025-04-05T23:43:45.980+0000] {processor.py:208} INFO - Processing /home/airflow/.local/lib/python3.12/site-packages/airflow/example_dags/example_complex.py took 0.050 seconds
[2025-04-05T23:44:16.095+0000] {processor.py:186} INFO - Started process (PID=249) to work on /home/airflow/.local/lib/python3.12/site-packages/airflow/example_dags/example_complex.py
[2025-04-05T23:44:16.096+0000] {processor.py:914} INFO - Processing file /home/airflow/.local/lib/python3.12/site-packages/airflow/example_dags/example_complex.py for tasks to queue
[2025-04-05T23:44:16.097+0000] {logging_mixin.py:190} INFO - [2025-04-05T23:44:16.097+0000] {dagbag.py:588} INFO - Filling up the DagBag from /home/airflow/.local/lib/python3.12/site-packages/airflow/example_dags/example_complex.py
[2025-04-05T23:44:16.105+0000] {processor.py:925} INFO - DAG(s) 'example_complex' retrieved from /home/airflow/.local/lib/python3.12/site-packages/airflow/example_dags/example_complex.py
[2025-04-05T23:44:16.123+0000] {logging_mixin.py:190} INFO - [2025-04-05T23:44:16.123+0000] {dag.py:3239} INFO - Sync 1 DAGs
[2025-04-05T23:44:16.131+0000] {logging_mixin.py:190} INFO - [2025-04-05T23:44:16.131+0000] {dag.py:4180} INFO - Setting next_dagrun for example_complex to None, run_after=None
[2025-04-05T23:44:16.139+0000] {processor.py:208} INFO - Processing /home/airflow/.local/lib/python3.12/site-packages/airflow/example_dags/example_complex.py took 0.046 seconds
[2025-04-05T23:44:50.017+0000] {processor.py:186} INFO - Started process (PID=51) to work on /home/airflow/.local/lib/python3.12/site-packages/airflow/example_dags/example_complex.py
[2025-04-05T23:44:50.018+0000] {processor.py:914} INFO - Processing file /home/airflow/.local/lib/python3.12/site-packages/airflow/example_dags/example_complex.py for tasks to queue
[2025-04-05T23:44:50.021+0000] {logging_mixin.py:190} INFO - [2025-04-05T23:44:50.020+0000] {dagbag.py:588} INFO - Filling up the DagBag from /home/airflow/.local/lib/python3.12/site-packages/airflow/example_dags/example_complex.py
[2025-04-05T23:44:50.028+0000] {processor.py:925} INFO - DAG(s) 'example_complex' retrieved from /home/airflow/.local/lib/python3.12/site-packages/airflow/example_dags/example_complex.py
[2025-04-05T23:44:50.048+0000] {logging_mixin.py:190} INFO - [2025-04-05T23:44:50.048+0000] {dag.py:3239} INFO - Sync 1 DAGs
[2025-04-05T23:44:50.222+0000] {logging_mixin.py:190} INFO - [2025-04-05T23:44:50.222+0000] {dag.py:4180} INFO - Setting next_dagrun for example_complex to None, run_after=None
[2025-04-05T23:44:50.231+0000] {processor.py:208} INFO - Processing /home/airflow/.local/lib/python3.12/site-packages/airflow/example_dags/example_complex.py took 0.218 seconds
[2025-04-05T23:45:20.533+0000] {processor.py:186} INFO - Started process (PID=114) to work on /home/airflow/.local/lib/python3.12/site-packages/airflow/example_dags/example_complex.py
[2025-04-05T23:45:20.533+0000] {processor.py:914} INFO - Processing file /home/airflow/.local/lib/python3.12/site-packages/airflow/example_dags/example_complex.py for tasks to queue
[2025-04-05T23:45:20.535+0000] {logging_mixin.py:190} INFO - [2025-04-05T23:45:20.535+0000] {dagbag.py:588} INFO - Filling up the DagBag from /home/airflow/.local/lib/python3.12/site-packages/airflow/example_dags/example_complex.py
[2025-04-05T23:45:20.541+0000] {processor.py:925} INFO - DAG(s) 'example_complex' retrieved from /home/airflow/.local/lib/python3.12/site-packages/airflow/example_dags/example_complex.py
[2025-04-05T23:45:20.556+0000] {logging_mixin.py:190} INFO - [2025-04-05T23:45:20.556+0000] {dag.py:3239} INFO - Sync 1 DAGs
[2025-04-05T23:45:20.562+0000] {logging_mixin.py:190} INFO - [2025-04-05T23:45:20.562+0000] {dag.py:4180} INFO - Setting next_dagrun for example_complex to None, run_after=None
[2025-04-05T23:45:20.570+0000] {processor.py:208} INFO - Processing /home/airflow/.local/lib/python3.12/site-packages/airflow/example_dags/example_complex.py took 0.041 seconds
[2025-04-05T23:45:50.696+0000] {processor.py:186} INFO - Started process (PID=178) to work on /home/airflow/.local/lib/python3.12/site-packages/airflow/example_dags/example_complex.py
[2025-04-05T23:45:50.696+0000] {processor.py:914} INFO - Processing file /home/airflow/.local/lib/python3.12/site-packages/airflow/example_dags/example_complex.py for tasks to queue
[2025-04-05T23:45:50.699+0000] {logging_mixin.py:190} INFO - [2025-04-05T23:45:50.698+0000] {dagbag.py:588} INFO - Filling up the DagBag from /home/airflow/.local/lib/python3.12/site-packages/airflow/example_dags/example_complex.py
[2025-04-05T23:45:50.706+0000] {processor.py:925} INFO - DAG(s) 'example_complex' retrieved from /home/airflow/.local/lib/python3.12/site-packages/airflow/example_dags/example_complex.py
[2025-04-05T23:45:50.724+0000] {logging_mixin.py:190} INFO - [2025-04-05T23:45:50.724+0000] {dag.py:3239} INFO - Sync 1 DAGs
[2025-04-05T23:45:50.732+0000] {logging_mixin.py:190} INFO - [2025-04-05T23:45:50.732+0000] {dag.py:4180} INFO - Setting next_dagrun for example_complex to None, run_after=None
[2025-04-05T23:45:50.740+0000] {processor.py:208} INFO - Processing /home/airflow/.local/lib/python3.12/site-packages/airflow/example_dags/example_complex.py took 0.048 seconds
[2025-04-05T23:46:42.265+0000] {processor.py:186} INFO - Started process (PID=50) to work on /home/airflow/.local/lib/python3.12/site-packages/airflow/example_dags/example_complex.py
[2025-04-05T23:46:42.266+0000] {processor.py:914} INFO - Processing file /home/airflow/.local/lib/python3.12/site-packages/airflow/example_dags/example_complex.py for tasks to queue
[2025-04-05T23:46:42.268+0000] {logging_mixin.py:190} INFO - [2025-04-05T23:46:42.267+0000] {dagbag.py:588} INFO - Filling up the DagBag from /home/airflow/.local/lib/python3.12/site-packages/airflow/example_dags/example_complex.py
[2025-04-05T23:46:42.274+0000] {processor.py:925} INFO - DAG(s) 'example_complex' retrieved from /home/airflow/.local/lib/python3.12/site-packages/airflow/example_dags/example_complex.py
[2025-04-05T23:46:42.294+0000] {logging_mixin.py:190} INFO - [2025-04-05T23:46:42.294+0000] {dag.py:3239} INFO - Sync 1 DAGs
[2025-04-05T23:46:42.490+0000] {logging_mixin.py:190} INFO - [2025-04-05T23:46:42.490+0000] {dag.py:4180} INFO - Setting next_dagrun for example_complex to None, run_after=None
[2025-04-05T23:46:42.500+0000] {processor.py:208} INFO - Processing /home/airflow/.local/lib/python3.12/site-packages/airflow/example_dags/example_complex.py took 0.240 seconds
[2025-04-05T23:47:12.681+0000] {processor.py:186} INFO - Started process (PID=114) to work on /home/airflow/.local/lib/python3.12/site-packages/airflow/example_dags/example_complex.py
[2025-04-05T23:47:12.682+0000] {processor.py:914} INFO - Processing file /home/airflow/.local/lib/python3.12/site-packages/airflow/example_dags/example_complex.py for tasks to queue
[2025-04-05T23:47:12.687+0000] {logging_mixin.py:190} INFO - [2025-04-05T23:47:12.687+0000] {dagbag.py:588} INFO - Filling up the DagBag from /home/airflow/.local/lib/python3.12/site-packages/airflow/example_dags/example_complex.py
[2025-04-05T23:47:12.695+0000] {processor.py:925} INFO - DAG(s) 'example_complex' retrieved from /home/airflow/.local/lib/python3.12/site-packages/airflow/example_dags/example_complex.py
[2025-04-05T23:47:12.717+0000] {logging_mixin.py:190} INFO - [2025-04-05T23:47:12.717+0000] {dag.py:3239} INFO - Sync 1 DAGs
[2025-04-05T23:47:12.723+0000] {logging_mixin.py:190} INFO - [2025-04-05T23:47:12.723+0000] {dag.py:4180} INFO - Setting next_dagrun for example_complex to None, run_after=None
[2025-04-05T23:47:12.731+0000] {processor.py:208} INFO - Processing /home/airflow/.local/lib/python3.12/site-packages/airflow/example_dags/example_complex.py took 0.052 seconds
[2025-04-05T23:47:43.080+0000] {processor.py:186} INFO - Started process (PID=177) to work on /home/airflow/.local/lib/python3.12/site-packages/airflow/example_dags/example_complex.py
[2025-04-05T23:47:43.081+0000] {processor.py:914} INFO - Processing file /home/airflow/.local/lib/python3.12/site-packages/airflow/example_dags/example_complex.py for tasks to queue
[2025-04-05T23:47:43.083+0000] {logging_mixin.py:190} INFO - [2025-04-05T23:47:43.082+0000] {dagbag.py:588} INFO - Filling up the DagBag from /home/airflow/.local/lib/python3.12/site-packages/airflow/example_dags/example_complex.py
[2025-04-05T23:47:43.091+0000] {processor.py:925} INFO - DAG(s) 'example_complex' retrieved from /home/airflow/.local/lib/python3.12/site-packages/airflow/example_dags/example_complex.py
[2025-04-05T23:47:43.110+0000] {logging_mixin.py:190} INFO - [2025-04-05T23:47:43.110+0000] {dag.py:3239} INFO - Sync 1 DAGs
[2025-04-05T23:47:43.118+0000] {logging_mixin.py:190} INFO - [2025-04-05T23:47:43.118+0000] {dag.py:4180} INFO - Setting next_dagrun for example_complex to None, run_after=None
[2025-04-05T23:47:43.126+0000] {processor.py:208} INFO - Processing /home/airflow/.local/lib/python3.12/site-packages/airflow/example_dags/example_complex.py took 0.049 seconds
[2025-04-05T23:48:13.286+0000] {processor.py:186} INFO - Started process (PID=241) to work on /home/airflow/.local/lib/python3.12/site-packages/airflow/example_dags/example_complex.py
[2025-04-05T23:48:13.286+0000] {processor.py:914} INFO - Processing file /home/airflow/.local/lib/python3.12/site-packages/airflow/example_dags/example_complex.py for tasks to queue
[2025-04-05T23:48:13.288+0000] {logging_mixin.py:190} INFO - [2025-04-05T23:48:13.287+0000] {dagbag.py:588} INFO - Filling up the DagBag from /home/airflow/.local/lib/python3.12/site-packages/airflow/example_dags/example_complex.py
[2025-04-05T23:48:13.293+0000] {processor.py:925} INFO - DAG(s) 'example_complex' retrieved from /home/airflow/.local/lib/python3.12/site-packages/airflow/example_dags/example_complex.py
[2025-04-05T23:48:13.307+0000] {logging_mixin.py:190} INFO - [2025-04-05T23:48:13.307+0000] {dag.py:3239} INFO - Sync 1 DAGs
[2025-04-05T23:48:13.315+0000] {logging_mixin.py:190} INFO - [2025-04-05T23:48:13.315+0000] {dag.py:4180} INFO - Setting next_dagrun for example_complex to None, run_after=None
[2025-04-05T23:48:13.325+0000] {processor.py:208} INFO - Processing /home/airflow/.local/lib/python3.12/site-packages/airflow/example_dags/example_complex.py took 0.043 seconds
[2025-04-05T23:48:43.731+0000] {processor.py:186} INFO - Started process (PID=305) to work on /home/airflow/.local/lib/python3.12/site-packages/airflow/example_dags/example_complex.py
[2025-04-05T23:48:43.732+0000] {processor.py:914} INFO - Processing file /home/airflow/.local/lib/python3.12/site-packages/airflow/example_dags/example_complex.py for tasks to queue
[2025-04-05T23:48:43.733+0000] {logging_mixin.py:190} INFO - [2025-04-05T23:48:43.733+0000] {dagbag.py:588} INFO - Filling up the DagBag from /home/airflow/.local/lib/python3.12/site-packages/airflow/example_dags/example_complex.py
[2025-04-05T23:48:43.742+0000] {processor.py:925} INFO - DAG(s) 'example_complex' retrieved from /home/airflow/.local/lib/python3.12/site-packages/airflow/example_dags/example_complex.py
[2025-04-05T23:48:43.757+0000] {logging_mixin.py:190} INFO - [2025-04-05T23:48:43.757+0000] {dag.py:3239} INFO - Sync 1 DAGs
[2025-04-05T23:48:43.765+0000] {logging_mixin.py:190} INFO - [2025-04-05T23:48:43.765+0000] {dag.py:4180} INFO - Setting next_dagrun for example_complex to None, run_after=None
[2025-04-05T23:48:43.775+0000] {processor.py:208} INFO - Processing /home/airflow/.local/lib/python3.12/site-packages/airflow/example_dags/example_complex.py took 0.046 seconds
[2025-04-05T23:49:30.080+0000] {processor.py:186} INFO - Started process (PID=52) to work on /home/airflow/.local/lib/python3.12/site-packages/airflow/example_dags/example_complex.py
[2025-04-05T23:49:30.081+0000] {processor.py:914} INFO - Processing file /home/airflow/.local/lib/python3.12/site-packages/airflow/example_dags/example_complex.py for tasks to queue
[2025-04-05T23:49:30.082+0000] {logging_mixin.py:190} INFO - [2025-04-05T23:49:30.082+0000] {dagbag.py:588} INFO - Filling up the DagBag from /home/airflow/.local/lib/python3.12/site-packages/airflow/example_dags/example_complex.py
[2025-04-05T23:49:30.089+0000] {processor.py:925} INFO - DAG(s) 'example_complex' retrieved from /home/airflow/.local/lib/python3.12/site-packages/airflow/example_dags/example_complex.py
[2025-04-05T23:49:30.107+0000] {logging_mixin.py:190} INFO - [2025-04-05T23:49:30.107+0000] {dag.py:3239} INFO - Sync 1 DAGs
[2025-04-05T23:49:30.324+0000] {logging_mixin.py:190} INFO - [2025-04-05T23:49:30.323+0000] {dag.py:4180} INFO - Setting next_dagrun for example_complex to None, run_after=None
[2025-04-05T23:49:30.340+0000] {processor.py:208} INFO - Processing /home/airflow/.local/lib/python3.12/site-packages/airflow/example_dags/example_complex.py took 0.263 seconds
[2025-04-05T23:50:01.184+0000] {processor.py:186} INFO - Started process (PID=116) to work on /home/airflow/.local/lib/python3.12/site-packages/airflow/example_dags/example_complex.py
[2025-04-05T23:50:01.189+0000] {processor.py:914} INFO - Processing file /home/airflow/.local/lib/python3.12/site-packages/airflow/example_dags/example_complex.py for tasks to queue
[2025-04-05T23:50:01.191+0000] {logging_mixin.py:190} INFO - [2025-04-05T23:50:01.191+0000] {dagbag.py:588} INFO - Filling up the DagBag from /home/airflow/.local/lib/python3.12/site-packages/airflow/example_dags/example_complex.py
[2025-04-05T23:50:01.199+0000] {processor.py:925} INFO - DAG(s) 'example_complex' retrieved from /home/airflow/.local/lib/python3.12/site-packages/airflow/example_dags/example_complex.py
[2025-04-05T23:50:01.215+0000] {logging_mixin.py:190} INFO - [2025-04-05T23:50:01.215+0000] {dag.py:3239} INFO - Sync 1 DAGs
[2025-04-05T23:50:01.222+0000] {logging_mixin.py:190} INFO - [2025-04-05T23:50:01.222+0000] {dag.py:4180} INFO - Setting next_dagrun for example_complex to None, run_after=None
[2025-04-05T23:50:01.230+0000] {processor.py:208} INFO - Processing /home/airflow/.local/lib/python3.12/site-packages/airflow/example_dags/example_complex.py took 0.048 seconds
[2025-04-05T23:50:31.640+0000] {processor.py:186} INFO - Started process (PID=186) to work on /home/airflow/.local/lib/python3.12/site-packages/airflow/example_dags/example_complex.py
[2025-04-05T23:50:31.646+0000] {processor.py:914} INFO - Processing file /home/airflow/.local/lib/python3.12/site-packages/airflow/example_dags/example_complex.py for tasks to queue
[2025-04-05T23:50:31.647+0000] {logging_mixin.py:190} INFO - [2025-04-05T23:50:31.647+0000] {dagbag.py:588} INFO - Filling up the DagBag from /home/airflow/.local/lib/python3.12/site-packages/airflow/example_dags/example_complex.py
[2025-04-05T23:50:31.656+0000] {processor.py:925} INFO - DAG(s) 'example_complex' retrieved from /home/airflow/.local/lib/python3.12/site-packages/airflow/example_dags/example_complex.py
[2025-04-05T23:50:31.671+0000] {logging_mixin.py:190} INFO - [2025-04-05T23:50:31.671+0000] {dag.py:3239} INFO - Sync 1 DAGs
[2025-04-05T23:50:31.678+0000] {logging_mixin.py:190} INFO - [2025-04-05T23:50:31.678+0000] {dag.py:4180} INFO - Setting next_dagrun for example_complex to None, run_after=None
[2025-04-05T23:50:31.686+0000] {processor.py:208} INFO - Processing /home/airflow/.local/lib/python3.12/site-packages/airflow/example_dags/example_complex.py took 0.050 seconds
[2025-04-05T23:51:02.098+0000] {processor.py:186} INFO - Started process (PID=250) to work on /home/airflow/.local/lib/python3.12/site-packages/airflow/example_dags/example_complex.py
[2025-04-05T23:51:02.102+0000] {processor.py:914} INFO - Processing file /home/airflow/.local/lib/python3.12/site-packages/airflow/example_dags/example_complex.py for tasks to queue
[2025-04-05T23:51:02.104+0000] {logging_mixin.py:190} INFO - [2025-04-05T23:51:02.104+0000] {dagbag.py:588} INFO - Filling up the DagBag from /home/airflow/.local/lib/python3.12/site-packages/airflow/example_dags/example_complex.py
[2025-04-05T23:51:02.113+0000] {processor.py:925} INFO - DAG(s) 'example_complex' retrieved from /home/airflow/.local/lib/python3.12/site-packages/airflow/example_dags/example_complex.py
[2025-04-05T23:51:02.130+0000] {logging_mixin.py:190} INFO - [2025-04-05T23:51:02.130+0000] {dag.py:3239} INFO - Sync 1 DAGs
[2025-04-05T23:51:02.137+0000] {logging_mixin.py:190} INFO - [2025-04-05T23:51:02.137+0000] {dag.py:4180} INFO - Setting next_dagrun for example_complex to None, run_after=None
[2025-04-05T23:51:02.146+0000] {processor.py:208} INFO - Processing /home/airflow/.local/lib/python3.12/site-packages/airflow/example_dags/example_complex.py took 0.063 seconds
[2025-04-05T23:51:32.390+0000] {processor.py:186} INFO - Started process (PID=314) to work on /home/airflow/.local/lib/python3.12/site-packages/airflow/example_dags/example_complex.py
[2025-04-05T23:51:32.397+0000] {processor.py:914} INFO - Processing file /home/airflow/.local/lib/python3.12/site-packages/airflow/example_dags/example_complex.py for tasks to queue
[2025-04-05T23:51:32.399+0000] {logging_mixin.py:190} INFO - [2025-04-05T23:51:32.399+0000] {dagbag.py:588} INFO - Filling up the DagBag from /home/airflow/.local/lib/python3.12/site-packages/airflow/example_dags/example_complex.py
[2025-04-05T23:51:32.409+0000] {processor.py:925} INFO - DAG(s) 'example_complex' retrieved from /home/airflow/.local/lib/python3.12/site-packages/airflow/example_dags/example_complex.py
[2025-04-05T23:51:32.429+0000] {logging_mixin.py:190} INFO - [2025-04-05T23:51:32.429+0000] {dag.py:3239} INFO - Sync 1 DAGs
[2025-04-05T23:51:32.438+0000] {logging_mixin.py:190} INFO - [2025-04-05T23:51:32.438+0000] {dag.py:4180} INFO - Setting next_dagrun for example_complex to None, run_after=None
[2025-04-05T23:51:32.448+0000] {processor.py:208} INFO - Processing /home/airflow/.local/lib/python3.12/site-packages/airflow/example_dags/example_complex.py took 0.063 seconds
[2025-04-05T23:52:02.809+0000] {processor.py:186} INFO - Started process (PID=378) to work on /home/airflow/.local/lib/python3.12/site-packages/airflow/example_dags/example_complex.py
[2025-04-05T23:52:02.813+0000] {processor.py:914} INFO - Processing file /home/airflow/.local/lib/python3.12/site-packages/airflow/example_dags/example_complex.py for tasks to queue
[2025-04-05T23:52:02.815+0000] {logging_mixin.py:190} INFO - [2025-04-05T23:52:02.815+0000] {dagbag.py:588} INFO - Filling up the DagBag from /home/airflow/.local/lib/python3.12/site-packages/airflow/example_dags/example_complex.py
[2025-04-05T23:52:02.826+0000] {processor.py:925} INFO - DAG(s) 'example_complex' retrieved from /home/airflow/.local/lib/python3.12/site-packages/airflow/example_dags/example_complex.py
[2025-04-05T23:52:02.847+0000] {logging_mixin.py:190} INFO - [2025-04-05T23:52:02.847+0000] {dag.py:3239} INFO - Sync 1 DAGs
[2025-04-05T23:52:02.856+0000] {logging_mixin.py:190} INFO - [2025-04-05T23:52:02.855+0000] {dag.py:4180} INFO - Setting next_dagrun for example_complex to None, run_after=None
[2025-04-05T23:52:02.864+0000] {processor.py:208} INFO - Processing /home/airflow/.local/lib/python3.12/site-packages/airflow/example_dags/example_complex.py took 0.060 seconds
[2025-04-05T23:52:59.970+0000] {processor.py:186} INFO - Started process (PID=58) to work on /home/airflow/.local/lib/python3.12/site-packages/airflow/example_dags/example_complex.py
[2025-04-05T23:52:59.972+0000] {processor.py:914} INFO - Processing file /home/airflow/.local/lib/python3.12/site-packages/airflow/example_dags/example_complex.py for tasks to queue
[2025-04-05T23:52:59.974+0000] {logging_mixin.py:190} INFO - [2025-04-05T23:52:59.974+0000] {dagbag.py:588} INFO - Filling up the DagBag from /home/airflow/.local/lib/python3.12/site-packages/airflow/example_dags/example_complex.py
[2025-04-05T23:53:00.170+0000] {processor.py:925} INFO - DAG(s) 'example_complex' retrieved from /home/airflow/.local/lib/python3.12/site-packages/airflow/example_dags/example_complex.py
[2025-04-05T23:53:00.188+0000] {logging_mixin.py:190} INFO - [2025-04-05T23:53:00.188+0000] {dag.py:3239} INFO - Sync 1 DAGs
[2025-04-05T23:53:00.196+0000] {logging_mixin.py:190} INFO - [2025-04-05T23:53:00.195+0000] {dag.py:4180} INFO - Setting next_dagrun for example_complex to None, run_after=None
[2025-04-05T23:53:00.206+0000] {processor.py:208} INFO - Processing /home/airflow/.local/lib/python3.12/site-packages/airflow/example_dags/example_complex.py took 0.239 seconds
[2025-04-05T23:53:47.792+0000] {processor.py:186} INFO - Started process (PID=52) to work on /home/airflow/.local/lib/python3.12/site-packages/airflow/example_dags/example_complex.py
[2025-04-05T23:53:47.793+0000] {processor.py:914} INFO - Processing file /home/airflow/.local/lib/python3.12/site-packages/airflow/example_dags/example_complex.py for tasks to queue
[2025-04-05T23:53:47.795+0000] {logging_mixin.py:190} INFO - [2025-04-05T23:53:47.794+0000] {dagbag.py:588} INFO - Filling up the DagBag from /home/airflow/.local/lib/python3.12/site-packages/airflow/example_dags/example_complex.py
[2025-04-05T23:53:47.803+0000] {processor.py:925} INFO - DAG(s) 'example_complex' retrieved from /home/airflow/.local/lib/python3.12/site-packages/airflow/example_dags/example_complex.py
[2025-04-05T23:53:47.823+0000] {logging_mixin.py:190} INFO - [2025-04-05T23:53:47.823+0000] {dag.py:3239} INFO - Sync 1 DAGs
[2025-04-05T23:53:48.035+0000] {logging_mixin.py:190} INFO - [2025-04-05T23:53:48.035+0000] {dag.py:4180} INFO - Setting next_dagrun for example_complex to None, run_after=None
[2025-04-05T23:53:48.044+0000] {processor.py:208} INFO - Processing /home/airflow/.local/lib/python3.12/site-packages/airflow/example_dags/example_complex.py took 0.255 seconds
[2025-04-05T23:54:18.441+0000] {processor.py:186} INFO - Started process (PID=115) to work on /home/airflow/.local/lib/python3.12/site-packages/airflow/example_dags/example_complex.py
[2025-04-05T23:54:18.443+0000] {processor.py:914} INFO - Processing file /home/airflow/.local/lib/python3.12/site-packages/airflow/example_dags/example_complex.py for tasks to queue
[2025-04-05T23:54:18.444+0000] {logging_mixin.py:190} INFO - [2025-04-05T23:54:18.444+0000] {dagbag.py:588} INFO - Filling up the DagBag from /home/airflow/.local/lib/python3.12/site-packages/airflow/example_dags/example_complex.py
[2025-04-05T23:54:18.449+0000] {processor.py:925} INFO - DAG(s) 'example_complex' retrieved from /home/airflow/.local/lib/python3.12/site-packages/airflow/example_dags/example_complex.py
[2025-04-05T23:54:18.465+0000] {logging_mixin.py:190} INFO - [2025-04-05T23:54:18.464+0000] {dag.py:3239} INFO - Sync 1 DAGs
[2025-04-05T23:54:18.470+0000] {logging_mixin.py:190} INFO - [2025-04-05T23:54:18.470+0000] {dag.py:4180} INFO - Setting next_dagrun for example_complex to None, run_after=None
[2025-04-05T23:54:18.477+0000] {processor.py:208} INFO - Processing /home/airflow/.local/lib/python3.12/site-packages/airflow/example_dags/example_complex.py took 0.039 seconds
[2025-04-05T23:55:50.658+0000] {processor.py:186} INFO - Started process (PID=59) to work on /home/airflow/.local/lib/python3.12/site-packages/airflow/example_dags/example_complex.py
[2025-04-05T23:55:50.660+0000] {processor.py:914} INFO - Processing file /home/airflow/.local/lib/python3.12/site-packages/airflow/example_dags/example_complex.py for tasks to queue
[2025-04-05T23:55:50.662+0000] {logging_mixin.py:190} INFO - [2025-04-05T23:55:50.662+0000] {dagbag.py:588} INFO - Filling up the DagBag from /home/airflow/.local/lib/python3.12/site-packages/airflow/example_dags/example_complex.py
[2025-04-05T23:55:50.848+0000] {processor.py:925} INFO - DAG(s) 'example_complex' retrieved from /home/airflow/.local/lib/python3.12/site-packages/airflow/example_dags/example_complex.py
[2025-04-05T23:55:50.869+0000] {logging_mixin.py:190} INFO - [2025-04-05T23:55:50.869+0000] {dag.py:3239} INFO - Sync 1 DAGs
[2025-04-05T23:55:50.877+0000] {logging_mixin.py:190} INFO - [2025-04-05T23:55:50.876+0000] {dag.py:4180} INFO - Setting next_dagrun for example_complex to None, run_after=None
[2025-04-05T23:55:50.886+0000] {processor.py:208} INFO - Processing /home/airflow/.local/lib/python3.12/site-packages/airflow/example_dags/example_complex.py took 0.232 seconds
[2025-04-05T23:56:21.211+0000] {processor.py:186} INFO - Started process (PID=123) to work on /home/airflow/.local/lib/python3.12/site-packages/airflow/example_dags/example_complex.py
[2025-04-05T23:56:21.212+0000] {processor.py:914} INFO - Processing file /home/airflow/.local/lib/python3.12/site-packages/airflow/example_dags/example_complex.py for tasks to queue
[2025-04-05T23:56:21.214+0000] {logging_mixin.py:190} INFO - [2025-04-05T23:56:21.214+0000] {dagbag.py:588} INFO - Filling up the DagBag from /home/airflow/.local/lib/python3.12/site-packages/airflow/example_dags/example_complex.py
[2025-04-05T23:56:21.225+0000] {processor.py:925} INFO - DAG(s) 'example_complex' retrieved from /home/airflow/.local/lib/python3.12/site-packages/airflow/example_dags/example_complex.py
[2025-04-05T23:56:21.244+0000] {logging_mixin.py:190} INFO - [2025-04-05T23:56:21.244+0000] {dag.py:3239} INFO - Sync 1 DAGs
[2025-04-05T23:56:21.252+0000] {logging_mixin.py:190} INFO - [2025-04-05T23:56:21.252+0000] {dag.py:4180} INFO - Setting next_dagrun for example_complex to None, run_after=None
[2025-04-05T23:56:21.261+0000] {processor.py:208} INFO - Processing /home/airflow/.local/lib/python3.12/site-packages/airflow/example_dags/example_complex.py took 0.055 seconds
