[2025-04-05T20:06:54.769+0000] {processor.py:186} INFO - Started process (PID=99) to work on /home/airflow/.local/lib/python3.12/site-packages/airflow/example_dags/example_python_operator.py
[2025-04-05T20:06:54.773+0000] {processor.py:914} INFO - Processing file /home/airflow/.local/lib/python3.12/site-packages/airflow/example_dags/example_python_operator.py for tasks to queue
[2025-04-05T20:06:54.775+0000] {logging_mixin.py:190} INFO - [2025-04-05T20:06:54.775+0000] {dagbag.py:588} INFO - Filling up the DagBag from /home/airflow/.local/lib/python3.12/site-packages/airflow/example_dags/example_python_operator.py
[2025-04-05T20:06:54.783+0000] {processor.py:925} INFO - DAG(s) 'example_python_operator' retrieved from /home/airflow/.local/lib/python3.12/site-packages/airflow/example_dags/example_python_operator.py
[2025-04-05T20:06:54.828+0000] {logging_mixin.py:190} INFO - [2025-04-05T20:06:54.827+0000] {override.py:1912} INFO - Created Permission View: can edit on DAG:example_python_operator
[2025-04-05T20:06:54.831+0000] {logging_mixin.py:190} INFO - [2025-04-05T20:06:54.831+0000] {override.py:1912} INFO - Created Permission View: can read on DAG:example_python_operator
[2025-04-05T20:06:54.833+0000] {logging_mixin.py:190} INFO - [2025-04-05T20:06:54.833+0000] {override.py:1912} INFO - Created Permission View: can delete on DAG:example_python_operator
[2025-04-05T20:06:54.835+0000] {logging_mixin.py:190} INFO - [2025-04-05T20:06:54.835+0000] {override.py:1912} INFO - Created Permission View: can create on DAG Run:example_python_operator
[2025-04-05T20:06:54.837+0000] {logging_mixin.py:190} INFO - [2025-04-05T20:06:54.837+0000] {override.py:1912} INFO - Created Permission View: can read on DAG Run:example_python_operator
[2025-04-05T20:06:54.839+0000] {logging_mixin.py:190} INFO - [2025-04-05T20:06:54.839+0000] {override.py:1912} INFO - Created Permission View: can delete on DAG Run:example_python_operator
[2025-04-05T20:06:54.841+0000] {logging_mixin.py:190} INFO - [2025-04-05T20:06:54.841+0000] {override.py:1912} INFO - Created Permission View: menu access on DAG Run:example_python_operator
[2025-04-05T20:06:54.841+0000] {logging_mixin.py:190} INFO - [2025-04-05T20:06:54.841+0000] {dag.py:3239} INFO - Sync 1 DAGs
[2025-04-05T20:06:54.846+0000] {logging_mixin.py:190} INFO - [2025-04-05T20:06:54.846+0000] {dag.py:3262} INFO - Creating ORM DAG for example_python_operator
[2025-04-05T20:06:54.846+0000] {logging_mixin.py:190} INFO - [2025-04-05T20:06:54.846+0000] {dag.py:4180} INFO - Setting next_dagrun for example_python_operator to None, run_after=None
[2025-04-05T20:06:54.852+0000] {processor.py:208} INFO - Processing /home/airflow/.local/lib/python3.12/site-packages/airflow/example_dags/example_python_operator.py took 0.087 seconds
[2025-04-05T20:07:24.908+0000] {processor.py:186} INFO - Started process (PID=162) to work on /home/airflow/.local/lib/python3.12/site-packages/airflow/example_dags/example_python_operator.py
[2025-04-05T20:07:24.908+0000] {processor.py:914} INFO - Processing file /home/airflow/.local/lib/python3.12/site-packages/airflow/example_dags/example_python_operator.py for tasks to queue
[2025-04-05T20:07:24.910+0000] {logging_mixin.py:190} INFO - [2025-04-05T20:07:24.909+0000] {dagbag.py:588} INFO - Filling up the DagBag from /home/airflow/.local/lib/python3.12/site-packages/airflow/example_dags/example_python_operator.py
[2025-04-05T20:07:24.915+0000] {processor.py:925} INFO - DAG(s) 'example_python_operator' retrieved from /home/airflow/.local/lib/python3.12/site-packages/airflow/example_dags/example_python_operator.py
[2025-04-05T20:07:24.925+0000] {logging_mixin.py:190} INFO - [2025-04-05T20:07:24.925+0000] {dag.py:3239} INFO - Sync 1 DAGs
[2025-04-05T20:07:24.938+0000] {logging_mixin.py:190} INFO - [2025-04-05T20:07:24.938+0000] {dag.py:4180} INFO - Setting next_dagrun for example_python_operator to None, run_after=None
[2025-04-05T20:07:24.951+0000] {processor.py:208} INFO - Processing /home/airflow/.local/lib/python3.12/site-packages/airflow/example_dags/example_python_operator.py took 0.046 seconds
[2025-04-05T20:07:55.800+0000] {processor.py:186} INFO - Started process (PID=225) to work on /home/airflow/.local/lib/python3.12/site-packages/airflow/example_dags/example_python_operator.py
[2025-04-05T20:07:55.802+0000] {processor.py:914} INFO - Processing file /home/airflow/.local/lib/python3.12/site-packages/airflow/example_dags/example_python_operator.py for tasks to queue
[2025-04-05T20:07:55.803+0000] {logging_mixin.py:190} INFO - [2025-04-05T20:07:55.803+0000] {dagbag.py:588} INFO - Filling up the DagBag from /home/airflow/.local/lib/python3.12/site-packages/airflow/example_dags/example_python_operator.py
[2025-04-05T20:07:55.808+0000] {processor.py:925} INFO - DAG(s) 'example_python_operator' retrieved from /home/airflow/.local/lib/python3.12/site-packages/airflow/example_dags/example_python_operator.py
[2025-04-05T20:07:55.818+0000] {logging_mixin.py:190} INFO - [2025-04-05T20:07:55.818+0000] {dag.py:3239} INFO - Sync 1 DAGs
[2025-04-05T20:07:55.826+0000] {logging_mixin.py:190} INFO - [2025-04-05T20:07:55.826+0000] {dag.py:4180} INFO - Setting next_dagrun for example_python_operator to None, run_after=None
[2025-04-05T20:07:55.834+0000] {processor.py:208} INFO - Processing /home/airflow/.local/lib/python3.12/site-packages/airflow/example_dags/example_python_operator.py took 0.037 seconds
[2025-04-05T20:08:26.408+0000] {processor.py:186} INFO - Started process (PID=288) to work on /home/airflow/.local/lib/python3.12/site-packages/airflow/example_dags/example_python_operator.py
[2025-04-05T20:08:26.409+0000] {processor.py:914} INFO - Processing file /home/airflow/.local/lib/python3.12/site-packages/airflow/example_dags/example_python_operator.py for tasks to queue
[2025-04-05T20:08:26.410+0000] {logging_mixin.py:190} INFO - [2025-04-05T20:08:26.410+0000] {dagbag.py:588} INFO - Filling up the DagBag from /home/airflow/.local/lib/python3.12/site-packages/airflow/example_dags/example_python_operator.py
[2025-04-05T20:08:26.416+0000] {processor.py:925} INFO - DAG(s) 'example_python_operator' retrieved from /home/airflow/.local/lib/python3.12/site-packages/airflow/example_dags/example_python_operator.py
[2025-04-05T20:08:26.428+0000] {logging_mixin.py:190} INFO - [2025-04-05T20:08:26.428+0000] {dag.py:3239} INFO - Sync 1 DAGs
[2025-04-05T20:08:26.436+0000] {logging_mixin.py:190} INFO - [2025-04-05T20:08:26.436+0000] {dag.py:4180} INFO - Setting next_dagrun for example_python_operator to None, run_after=None
[2025-04-05T20:08:26.444+0000] {processor.py:208} INFO - Processing /home/airflow/.local/lib/python3.12/site-packages/airflow/example_dags/example_python_operator.py took 0.038 seconds
[2025-04-05T23:17:36.440+0000] {processor.py:186} INFO - Started process (PID=92) to work on /home/airflow/.local/lib/python3.12/site-packages/airflow/example_dags/example_python_operator.py
[2025-04-05T23:17:36.441+0000] {processor.py:914} INFO - Processing file /home/airflow/.local/lib/python3.12/site-packages/airflow/example_dags/example_python_operator.py for tasks to queue
[2025-04-05T23:17:36.443+0000] {logging_mixin.py:190} INFO - [2025-04-05T23:17:36.442+0000] {dagbag.py:588} INFO - Filling up the DagBag from /home/airflow/.local/lib/python3.12/site-packages/airflow/example_dags/example_python_operator.py
[2025-04-05T23:17:36.449+0000] {processor.py:925} INFO - DAG(s) 'example_python_operator' retrieved from /home/airflow/.local/lib/python3.12/site-packages/airflow/example_dags/example_python_operator.py
[2025-04-05T23:17:36.514+0000] {logging_mixin.py:190} INFO - [2025-04-05T23:17:36.514+0000] {dag.py:3239} INFO - Sync 1 DAGs
[2025-04-05T23:17:36.522+0000] {logging_mixin.py:190} INFO - [2025-04-05T23:17:36.522+0000] {dag.py:4180} INFO - Setting next_dagrun for example_python_operator to None, run_after=None
[2025-04-05T23:17:36.534+0000] {processor.py:208} INFO - Processing /home/airflow/.local/lib/python3.12/site-packages/airflow/example_dags/example_python_operator.py took 0.097 seconds
[2025-04-05T23:18:03.741+0000] {processor.py:186} INFO - Started process (PID=93) to work on /home/airflow/.local/lib/python3.12/site-packages/airflow/example_dags/example_python_operator.py
[2025-04-05T23:18:03.743+0000] {processor.py:914} INFO - Processing file /home/airflow/.local/lib/python3.12/site-packages/airflow/example_dags/example_python_operator.py for tasks to queue
[2025-04-05T23:18:03.744+0000] {logging_mixin.py:190} INFO - [2025-04-05T23:18:03.743+0000] {dagbag.py:588} INFO - Filling up the DagBag from /home/airflow/.local/lib/python3.12/site-packages/airflow/example_dags/example_python_operator.py
[2025-04-05T23:18:03.751+0000] {processor.py:925} INFO - DAG(s) 'example_python_operator' retrieved from /home/airflow/.local/lib/python3.12/site-packages/airflow/example_dags/example_python_operator.py
[2025-04-05T23:18:03.759+0000] {logging_mixin.py:190} INFO - [2025-04-05T23:18:03.758+0000] {dag.py:3239} INFO - Sync 1 DAGs
[2025-04-05T23:18:03.765+0000] {logging_mixin.py:190} INFO - [2025-04-05T23:18:03.765+0000] {dag.py:4180} INFO - Setting next_dagrun for example_python_operator to None, run_after=None
[2025-04-05T23:18:03.771+0000] {processor.py:208} INFO - Processing /home/airflow/.local/lib/python3.12/site-packages/airflow/example_dags/example_python_operator.py took 0.033 seconds
[2025-04-05T23:18:33.998+0000] {processor.py:186} INFO - Started process (PID=157) to work on /home/airflow/.local/lib/python3.12/site-packages/airflow/example_dags/example_python_operator.py
[2025-04-05T23:18:33.998+0000] {processor.py:914} INFO - Processing file /home/airflow/.local/lib/python3.12/site-packages/airflow/example_dags/example_python_operator.py for tasks to queue
[2025-04-05T23:18:34.000+0000] {logging_mixin.py:190} INFO - [2025-04-05T23:18:34.000+0000] {dagbag.py:588} INFO - Filling up the DagBag from /home/airflow/.local/lib/python3.12/site-packages/airflow/example_dags/example_python_operator.py
[2025-04-05T23:18:34.006+0000] {processor.py:925} INFO - DAG(s) 'example_python_operator' retrieved from /home/airflow/.local/lib/python3.12/site-packages/airflow/example_dags/example_python_operator.py
[2025-04-05T23:18:34.055+0000] {logging_mixin.py:190} INFO - [2025-04-05T23:18:34.055+0000] {dag.py:3239} INFO - Sync 1 DAGs
[2025-04-05T23:18:34.061+0000] {logging_mixin.py:190} INFO - [2025-04-05T23:18:34.061+0000] {dag.py:4180} INFO - Setting next_dagrun for example_python_operator to None, run_after=None
[2025-04-05T23:18:34.074+0000] {processor.py:208} INFO - Processing /home/airflow/.local/lib/python3.12/site-packages/airflow/example_dags/example_python_operator.py took 0.078 seconds
[2025-04-05T23:19:04.244+0000] {processor.py:186} INFO - Started process (PID=221) to work on /home/airflow/.local/lib/python3.12/site-packages/airflow/example_dags/example_python_operator.py
[2025-04-05T23:19:04.248+0000] {processor.py:914} INFO - Processing file /home/airflow/.local/lib/python3.12/site-packages/airflow/example_dags/example_python_operator.py for tasks to queue
[2025-04-05T23:19:04.249+0000] {logging_mixin.py:190} INFO - [2025-04-05T23:19:04.249+0000] {dagbag.py:588} INFO - Filling up the DagBag from /home/airflow/.local/lib/python3.12/site-packages/airflow/example_dags/example_python_operator.py
[2025-04-05T23:19:04.255+0000] {processor.py:925} INFO - DAG(s) 'example_python_operator' retrieved from /home/airflow/.local/lib/python3.12/site-packages/airflow/example_dags/example_python_operator.py
[2025-04-05T23:19:04.265+0000] {logging_mixin.py:190} INFO - [2025-04-05T23:19:04.265+0000] {dag.py:3239} INFO - Sync 1 DAGs
[2025-04-05T23:19:04.271+0000] {logging_mixin.py:190} INFO - [2025-04-05T23:19:04.271+0000] {dag.py:4180} INFO - Setting next_dagrun for example_python_operator to None, run_after=None
[2025-04-05T23:19:04.279+0000] {processor.py:208} INFO - Processing /home/airflow/.local/lib/python3.12/site-packages/airflow/example_dags/example_python_operator.py took 0.038 seconds
[2025-04-05T23:19:34.410+0000] {processor.py:186} INFO - Started process (PID=285) to work on /home/airflow/.local/lib/python3.12/site-packages/airflow/example_dags/example_python_operator.py
[2025-04-05T23:19:34.410+0000] {processor.py:914} INFO - Processing file /home/airflow/.local/lib/python3.12/site-packages/airflow/example_dags/example_python_operator.py for tasks to queue
[2025-04-05T23:19:34.413+0000] {logging_mixin.py:190} INFO - [2025-04-05T23:19:34.413+0000] {dagbag.py:588} INFO - Filling up the DagBag from /home/airflow/.local/lib/python3.12/site-packages/airflow/example_dags/example_python_operator.py
[2025-04-05T23:19:34.421+0000] {processor.py:925} INFO - DAG(s) 'example_python_operator' retrieved from /home/airflow/.local/lib/python3.12/site-packages/airflow/example_dags/example_python_operator.py
[2025-04-05T23:19:34.434+0000] {logging_mixin.py:190} INFO - [2025-04-05T23:19:34.434+0000] {dag.py:3239} INFO - Sync 1 DAGs
[2025-04-05T23:19:34.441+0000] {logging_mixin.py:190} INFO - [2025-04-05T23:19:34.441+0000] {dag.py:4180} INFO - Setting next_dagrun for example_python_operator to None, run_after=None
[2025-04-05T23:19:34.455+0000] {processor.py:208} INFO - Processing /home/airflow/.local/lib/python3.12/site-packages/airflow/example_dags/example_python_operator.py took 0.048 seconds
[2025-04-05T23:20:04.720+0000] {processor.py:186} INFO - Started process (PID=349) to work on /home/airflow/.local/lib/python3.12/site-packages/airflow/example_dags/example_python_operator.py
[2025-04-05T23:20:04.721+0000] {processor.py:914} INFO - Processing file /home/airflow/.local/lib/python3.12/site-packages/airflow/example_dags/example_python_operator.py for tasks to queue
[2025-04-05T23:20:04.722+0000] {logging_mixin.py:190} INFO - [2025-04-05T23:20:04.722+0000] {dagbag.py:588} INFO - Filling up the DagBag from /home/airflow/.local/lib/python3.12/site-packages/airflow/example_dags/example_python_operator.py
[2025-04-05T23:20:04.728+0000] {processor.py:925} INFO - DAG(s) 'example_python_operator' retrieved from /home/airflow/.local/lib/python3.12/site-packages/airflow/example_dags/example_python_operator.py
[2025-04-05T23:20:04.739+0000] {logging_mixin.py:190} INFO - [2025-04-05T23:20:04.739+0000] {dag.py:3239} INFO - Sync 1 DAGs
[2025-04-05T23:20:04.745+0000] {logging_mixin.py:190} INFO - [2025-04-05T23:20:04.745+0000] {dag.py:4180} INFO - Setting next_dagrun for example_python_operator to None, run_after=None
[2025-04-05T23:20:04.757+0000] {processor.py:208} INFO - Processing /home/airflow/.local/lib/python3.12/site-packages/airflow/example_dags/example_python_operator.py took 0.040 seconds
[2025-04-05T23:20:34.931+0000] {processor.py:186} INFO - Started process (PID=413) to work on /home/airflow/.local/lib/python3.12/site-packages/airflow/example_dags/example_python_operator.py
[2025-04-05T23:20:34.931+0000] {processor.py:914} INFO - Processing file /home/airflow/.local/lib/python3.12/site-packages/airflow/example_dags/example_python_operator.py for tasks to queue
[2025-04-05T23:20:34.933+0000] {logging_mixin.py:190} INFO - [2025-04-05T23:20:34.933+0000] {dagbag.py:588} INFO - Filling up the DagBag from /home/airflow/.local/lib/python3.12/site-packages/airflow/example_dags/example_python_operator.py
[2025-04-05T23:20:34.939+0000] {processor.py:925} INFO - DAG(s) 'example_python_operator' retrieved from /home/airflow/.local/lib/python3.12/site-packages/airflow/example_dags/example_python_operator.py
[2025-04-05T23:20:34.950+0000] {logging_mixin.py:190} INFO - [2025-04-05T23:20:34.950+0000] {dag.py:3239} INFO - Sync 1 DAGs
[2025-04-05T23:20:34.958+0000] {logging_mixin.py:190} INFO - [2025-04-05T23:20:34.958+0000] {dag.py:4180} INFO - Setting next_dagrun for example_python_operator to None, run_after=None
[2025-04-05T23:20:34.967+0000] {processor.py:208} INFO - Processing /home/airflow/.local/lib/python3.12/site-packages/airflow/example_dags/example_python_operator.py took 0.039 seconds
[2025-04-05T23:21:05.217+0000] {processor.py:186} INFO - Started process (PID=477) to work on /home/airflow/.local/lib/python3.12/site-packages/airflow/example_dags/example_python_operator.py
[2025-04-05T23:21:05.217+0000] {processor.py:914} INFO - Processing file /home/airflow/.local/lib/python3.12/site-packages/airflow/example_dags/example_python_operator.py for tasks to queue
[2025-04-05T23:21:05.219+0000] {logging_mixin.py:190} INFO - [2025-04-05T23:21:05.219+0000] {dagbag.py:588} INFO - Filling up the DagBag from /home/airflow/.local/lib/python3.12/site-packages/airflow/example_dags/example_python_operator.py
[2025-04-05T23:21:05.227+0000] {processor.py:925} INFO - DAG(s) 'example_python_operator' retrieved from /home/airflow/.local/lib/python3.12/site-packages/airflow/example_dags/example_python_operator.py
[2025-04-05T23:21:05.240+0000] {logging_mixin.py:190} INFO - [2025-04-05T23:21:05.240+0000] {dag.py:3239} INFO - Sync 1 DAGs
[2025-04-05T23:21:05.248+0000] {logging_mixin.py:190} INFO - [2025-04-05T23:21:05.248+0000] {dag.py:4180} INFO - Setting next_dagrun for example_python_operator to None, run_after=None
[2025-04-05T23:21:05.260+0000] {processor.py:208} INFO - Processing /home/airflow/.local/lib/python3.12/site-packages/airflow/example_dags/example_python_operator.py took 0.046 seconds
[2025-04-05T23:21:35.554+0000] {processor.py:186} INFO - Started process (PID=541) to work on /home/airflow/.local/lib/python3.12/site-packages/airflow/example_dags/example_python_operator.py
[2025-04-05T23:21:35.558+0000] {processor.py:914} INFO - Processing file /home/airflow/.local/lib/python3.12/site-packages/airflow/example_dags/example_python_operator.py for tasks to queue
[2025-04-05T23:21:35.559+0000] {logging_mixin.py:190} INFO - [2025-04-05T23:21:35.559+0000] {dagbag.py:588} INFO - Filling up the DagBag from /home/airflow/.local/lib/python3.12/site-packages/airflow/example_dags/example_python_operator.py
[2025-04-05T23:21:35.565+0000] {processor.py:925} INFO - DAG(s) 'example_python_operator' retrieved from /home/airflow/.local/lib/python3.12/site-packages/airflow/example_dags/example_python_operator.py
[2025-04-05T23:21:35.576+0000] {logging_mixin.py:190} INFO - [2025-04-05T23:21:35.576+0000] {dag.py:3239} INFO - Sync 1 DAGs
[2025-04-05T23:21:35.583+0000] {logging_mixin.py:190} INFO - [2025-04-05T23:21:35.583+0000] {dag.py:4180} INFO - Setting next_dagrun for example_python_operator to None, run_after=None
[2025-04-05T23:21:35.595+0000] {processor.py:208} INFO - Processing /home/airflow/.local/lib/python3.12/site-packages/airflow/example_dags/example_python_operator.py took 0.043 seconds
[2025-04-05T23:22:05.782+0000] {processor.py:186} INFO - Started process (PID=605) to work on /home/airflow/.local/lib/python3.12/site-packages/airflow/example_dags/example_python_operator.py
[2025-04-05T23:22:05.783+0000] {processor.py:914} INFO - Processing file /home/airflow/.local/lib/python3.12/site-packages/airflow/example_dags/example_python_operator.py for tasks to queue
[2025-04-05T23:22:05.784+0000] {logging_mixin.py:190} INFO - [2025-04-05T23:22:05.784+0000] {dagbag.py:588} INFO - Filling up the DagBag from /home/airflow/.local/lib/python3.12/site-packages/airflow/example_dags/example_python_operator.py
[2025-04-05T23:22:05.790+0000] {processor.py:925} INFO - DAG(s) 'example_python_operator' retrieved from /home/airflow/.local/lib/python3.12/site-packages/airflow/example_dags/example_python_operator.py
[2025-04-05T23:22:05.803+0000] {logging_mixin.py:190} INFO - [2025-04-05T23:22:05.803+0000] {dag.py:3239} INFO - Sync 1 DAGs
[2025-04-05T23:22:05.810+0000] {logging_mixin.py:190} INFO - [2025-04-05T23:22:05.810+0000] {dag.py:4180} INFO - Setting next_dagrun for example_python_operator to None, run_after=None
[2025-04-05T23:22:05.819+0000] {processor.py:208} INFO - Processing /home/airflow/.local/lib/python3.12/site-packages/airflow/example_dags/example_python_operator.py took 0.040 seconds
[2025-04-05T23:22:35.965+0000] {processor.py:186} INFO - Started process (PID=669) to work on /home/airflow/.local/lib/python3.12/site-packages/airflow/example_dags/example_python_operator.py
[2025-04-05T23:22:35.966+0000] {processor.py:914} INFO - Processing file /home/airflow/.local/lib/python3.12/site-packages/airflow/example_dags/example_python_operator.py for tasks to queue
[2025-04-05T23:22:35.967+0000] {logging_mixin.py:190} INFO - [2025-04-05T23:22:35.967+0000] {dagbag.py:588} INFO - Filling up the DagBag from /home/airflow/.local/lib/python3.12/site-packages/airflow/example_dags/example_python_operator.py
[2025-04-05T23:22:35.973+0000] {processor.py:925} INFO - DAG(s) 'example_python_operator' retrieved from /home/airflow/.local/lib/python3.12/site-packages/airflow/example_dags/example_python_operator.py
[2025-04-05T23:22:35.982+0000] {logging_mixin.py:190} INFO - [2025-04-05T23:22:35.982+0000] {dag.py:3239} INFO - Sync 1 DAGs
[2025-04-05T23:22:35.989+0000] {logging_mixin.py:190} INFO - [2025-04-05T23:22:35.988+0000] {dag.py:4180} INFO - Setting next_dagrun for example_python_operator to None, run_after=None
[2025-04-05T23:22:35.997+0000] {processor.py:208} INFO - Processing /home/airflow/.local/lib/python3.12/site-packages/airflow/example_dags/example_python_operator.py took 0.035 seconds
[2025-04-05T23:23:06.182+0000] {processor.py:186} INFO - Started process (PID=733) to work on /home/airflow/.local/lib/python3.12/site-packages/airflow/example_dags/example_python_operator.py
[2025-04-05T23:23:06.183+0000] {processor.py:914} INFO - Processing file /home/airflow/.local/lib/python3.12/site-packages/airflow/example_dags/example_python_operator.py for tasks to queue
[2025-04-05T23:23:06.184+0000] {logging_mixin.py:190} INFO - [2025-04-05T23:23:06.184+0000] {dagbag.py:588} INFO - Filling up the DagBag from /home/airflow/.local/lib/python3.12/site-packages/airflow/example_dags/example_python_operator.py
[2025-04-05T23:23:06.192+0000] {processor.py:925} INFO - DAG(s) 'example_python_operator' retrieved from /home/airflow/.local/lib/python3.12/site-packages/airflow/example_dags/example_python_operator.py
[2025-04-05T23:23:06.206+0000] {logging_mixin.py:190} INFO - [2025-04-05T23:23:06.206+0000] {dag.py:3239} INFO - Sync 1 DAGs
[2025-04-05T23:23:06.216+0000] {logging_mixin.py:190} INFO - [2025-04-05T23:23:06.215+0000] {dag.py:4180} INFO - Setting next_dagrun for example_python_operator to None, run_after=None
[2025-04-05T23:23:06.226+0000] {processor.py:208} INFO - Processing /home/airflow/.local/lib/python3.12/site-packages/airflow/example_dags/example_python_operator.py took 0.046 seconds
[2025-04-05T23:23:36.412+0000] {processor.py:186} INFO - Started process (PID=797) to work on /home/airflow/.local/lib/python3.12/site-packages/airflow/example_dags/example_python_operator.py
[2025-04-05T23:23:36.413+0000] {processor.py:914} INFO - Processing file /home/airflow/.local/lib/python3.12/site-packages/airflow/example_dags/example_python_operator.py for tasks to queue
[2025-04-05T23:23:36.414+0000] {logging_mixin.py:190} INFO - [2025-04-05T23:23:36.414+0000] {dagbag.py:588} INFO - Filling up the DagBag from /home/airflow/.local/lib/python3.12/site-packages/airflow/example_dags/example_python_operator.py
[2025-04-05T23:23:36.421+0000] {processor.py:925} INFO - DAG(s) 'example_python_operator' retrieved from /home/airflow/.local/lib/python3.12/site-packages/airflow/example_dags/example_python_operator.py
[2025-04-05T23:23:36.431+0000] {logging_mixin.py:190} INFO - [2025-04-05T23:23:36.431+0000] {dag.py:3239} INFO - Sync 1 DAGs
[2025-04-05T23:23:36.439+0000] {logging_mixin.py:190} INFO - [2025-04-05T23:23:36.439+0000] {dag.py:4180} INFO - Setting next_dagrun for example_python_operator to None, run_after=None
[2025-04-05T23:23:36.447+0000] {processor.py:208} INFO - Processing /home/airflow/.local/lib/python3.12/site-packages/airflow/example_dags/example_python_operator.py took 0.038 seconds
[2025-04-05T23:24:33.814+0000] {processor.py:186} INFO - Started process (PID=92) to work on /home/airflow/.local/lib/python3.12/site-packages/airflow/example_dags/example_python_operator.py
[2025-04-05T23:24:33.816+0000] {processor.py:914} INFO - Processing file /home/airflow/.local/lib/python3.12/site-packages/airflow/example_dags/example_python_operator.py for tasks to queue
[2025-04-05T23:24:33.819+0000] {logging_mixin.py:190} INFO - [2025-04-05T23:24:33.819+0000] {dagbag.py:588} INFO - Filling up the DagBag from /home/airflow/.local/lib/python3.12/site-packages/airflow/example_dags/example_python_operator.py
[2025-04-05T23:24:33.826+0000] {processor.py:925} INFO - DAG(s) 'example_python_operator' retrieved from /home/airflow/.local/lib/python3.12/site-packages/airflow/example_dags/example_python_operator.py
[2025-04-05T23:24:33.884+0000] {logging_mixin.py:190} INFO - [2025-04-05T23:24:33.884+0000] {dag.py:3239} INFO - Sync 1 DAGs
[2025-04-05T23:24:33.890+0000] {logging_mixin.py:190} INFO - [2025-04-05T23:24:33.890+0000] {dag.py:4180} INFO - Setting next_dagrun for example_python_operator to None, run_after=None
[2025-04-05T23:24:33.904+0000] {processor.py:208} INFO - Processing /home/airflow/.local/lib/python3.12/site-packages/airflow/example_dags/example_python_operator.py took 0.093 seconds
[2025-04-05T23:25:04.276+0000] {processor.py:186} INFO - Started process (PID=156) to work on /home/airflow/.local/lib/python3.12/site-packages/airflow/example_dags/example_python_operator.py
[2025-04-05T23:25:04.277+0000] {processor.py:914} INFO - Processing file /home/airflow/.local/lib/python3.12/site-packages/airflow/example_dags/example_python_operator.py for tasks to queue
[2025-04-05T23:25:04.278+0000] {logging_mixin.py:190} INFO - [2025-04-05T23:25:04.278+0000] {dagbag.py:588} INFO - Filling up the DagBag from /home/airflow/.local/lib/python3.12/site-packages/airflow/example_dags/example_python_operator.py
[2025-04-05T23:25:04.285+0000] {processor.py:925} INFO - DAG(s) 'example_python_operator' retrieved from /home/airflow/.local/lib/python3.12/site-packages/airflow/example_dags/example_python_operator.py
[2025-04-05T23:25:04.301+0000] {logging_mixin.py:190} INFO - [2025-04-05T23:25:04.301+0000] {dag.py:3239} INFO - Sync 1 DAGs
[2025-04-05T23:25:04.308+0000] {logging_mixin.py:190} INFO - [2025-04-05T23:25:04.308+0000] {dag.py:4180} INFO - Setting next_dagrun for example_python_operator to None, run_after=None
[2025-04-05T23:25:04.319+0000] {processor.py:208} INFO - Processing /home/airflow/.local/lib/python3.12/site-packages/airflow/example_dags/example_python_operator.py took 0.046 seconds
[2025-04-05T23:25:34.499+0000] {processor.py:186} INFO - Started process (PID=220) to work on /home/airflow/.local/lib/python3.12/site-packages/airflow/example_dags/example_python_operator.py
[2025-04-05T23:25:34.502+0000] {processor.py:914} INFO - Processing file /home/airflow/.local/lib/python3.12/site-packages/airflow/example_dags/example_python_operator.py for tasks to queue
[2025-04-05T23:25:34.503+0000] {logging_mixin.py:190} INFO - [2025-04-05T23:25:34.503+0000] {dagbag.py:588} INFO - Filling up the DagBag from /home/airflow/.local/lib/python3.12/site-packages/airflow/example_dags/example_python_operator.py
[2025-04-05T23:25:34.509+0000] {processor.py:925} INFO - DAG(s) 'example_python_operator' retrieved from /home/airflow/.local/lib/python3.12/site-packages/airflow/example_dags/example_python_operator.py
[2025-04-05T23:25:34.518+0000] {logging_mixin.py:190} INFO - [2025-04-05T23:25:34.518+0000] {dag.py:3239} INFO - Sync 1 DAGs
[2025-04-05T23:25:34.524+0000] {logging_mixin.py:190} INFO - [2025-04-05T23:25:34.523+0000] {dag.py:4180} INFO - Setting next_dagrun for example_python_operator to None, run_after=None
[2025-04-05T23:25:34.536+0000] {processor.py:208} INFO - Processing /home/airflow/.local/lib/python3.12/site-packages/airflow/example_dags/example_python_operator.py took 0.040 seconds
[2025-04-05T23:26:04.862+0000] {processor.py:186} INFO - Started process (PID=284) to work on /home/airflow/.local/lib/python3.12/site-packages/airflow/example_dags/example_python_operator.py
[2025-04-05T23:26:04.863+0000] {processor.py:914} INFO - Processing file /home/airflow/.local/lib/python3.12/site-packages/airflow/example_dags/example_python_operator.py for tasks to queue
[2025-04-05T23:26:04.864+0000] {logging_mixin.py:190} INFO - [2025-04-05T23:26:04.864+0000] {dagbag.py:588} INFO - Filling up the DagBag from /home/airflow/.local/lib/python3.12/site-packages/airflow/example_dags/example_python_operator.py
[2025-04-05T23:26:04.870+0000] {processor.py:925} INFO - DAG(s) 'example_python_operator' retrieved from /home/airflow/.local/lib/python3.12/site-packages/airflow/example_dags/example_python_operator.py
[2025-04-05T23:26:04.880+0000] {logging_mixin.py:190} INFO - [2025-04-05T23:26:04.880+0000] {dag.py:3239} INFO - Sync 1 DAGs
[2025-04-05T23:26:04.886+0000] {logging_mixin.py:190} INFO - [2025-04-05T23:26:04.886+0000] {dag.py:4180} INFO - Setting next_dagrun for example_python_operator to None, run_after=None
[2025-04-05T23:26:04.897+0000] {processor.py:208} INFO - Processing /home/airflow/.local/lib/python3.12/site-packages/airflow/example_dags/example_python_operator.py took 0.038 seconds
[2025-04-05T23:26:35.073+0000] {processor.py:186} INFO - Started process (PID=348) to work on /home/airflow/.local/lib/python3.12/site-packages/airflow/example_dags/example_python_operator.py
[2025-04-05T23:26:35.074+0000] {processor.py:914} INFO - Processing file /home/airflow/.local/lib/python3.12/site-packages/airflow/example_dags/example_python_operator.py for tasks to queue
[2025-04-05T23:26:35.075+0000] {logging_mixin.py:190} INFO - [2025-04-05T23:26:35.075+0000] {dagbag.py:588} INFO - Filling up the DagBag from /home/airflow/.local/lib/python3.12/site-packages/airflow/example_dags/example_python_operator.py
[2025-04-05T23:26:35.081+0000] {processor.py:925} INFO - DAG(s) 'example_python_operator' retrieved from /home/airflow/.local/lib/python3.12/site-packages/airflow/example_dags/example_python_operator.py
[2025-04-05T23:26:35.089+0000] {logging_mixin.py:190} INFO - [2025-04-05T23:26:35.089+0000] {dag.py:3239} INFO - Sync 1 DAGs
[2025-04-05T23:26:35.097+0000] {logging_mixin.py:190} INFO - [2025-04-05T23:26:35.097+0000] {dag.py:4180} INFO - Setting next_dagrun for example_python_operator to None, run_after=None
[2025-04-05T23:26:35.107+0000] {processor.py:208} INFO - Processing /home/airflow/.local/lib/python3.12/site-packages/airflow/example_dags/example_python_operator.py took 0.036 seconds
[2025-04-05T23:27:05.231+0000] {processor.py:186} INFO - Started process (PID=412) to work on /home/airflow/.local/lib/python3.12/site-packages/airflow/example_dags/example_python_operator.py
[2025-04-05T23:27:05.231+0000] {processor.py:914} INFO - Processing file /home/airflow/.local/lib/python3.12/site-packages/airflow/example_dags/example_python_operator.py for tasks to queue
[2025-04-05T23:27:05.232+0000] {logging_mixin.py:190} INFO - [2025-04-05T23:27:05.232+0000] {dagbag.py:588} INFO - Filling up the DagBag from /home/airflow/.local/lib/python3.12/site-packages/airflow/example_dags/example_python_operator.py
[2025-04-05T23:27:05.237+0000] {processor.py:925} INFO - DAG(s) 'example_python_operator' retrieved from /home/airflow/.local/lib/python3.12/site-packages/airflow/example_dags/example_python_operator.py
[2025-04-05T23:27:05.247+0000] {logging_mixin.py:190} INFO - [2025-04-05T23:27:05.246+0000] {dag.py:3239} INFO - Sync 1 DAGs
[2025-04-05T23:27:05.254+0000] {logging_mixin.py:190} INFO - [2025-04-05T23:27:05.254+0000] {dag.py:4180} INFO - Setting next_dagrun for example_python_operator to None, run_after=None
[2025-04-05T23:27:05.266+0000] {processor.py:208} INFO - Processing /home/airflow/.local/lib/python3.12/site-packages/airflow/example_dags/example_python_operator.py took 0.039 seconds
[2025-04-05T23:27:35.548+0000] {processor.py:186} INFO - Started process (PID=476) to work on /home/airflow/.local/lib/python3.12/site-packages/airflow/example_dags/example_python_operator.py
[2025-04-05T23:27:35.548+0000] {processor.py:914} INFO - Processing file /home/airflow/.local/lib/python3.12/site-packages/airflow/example_dags/example_python_operator.py for tasks to queue
[2025-04-05T23:27:35.549+0000] {logging_mixin.py:190} INFO - [2025-04-05T23:27:35.549+0000] {dagbag.py:588} INFO - Filling up the DagBag from /home/airflow/.local/lib/python3.12/site-packages/airflow/example_dags/example_python_operator.py
[2025-04-05T23:27:35.555+0000] {processor.py:925} INFO - DAG(s) 'example_python_operator' retrieved from /home/airflow/.local/lib/python3.12/site-packages/airflow/example_dags/example_python_operator.py
[2025-04-05T23:27:35.571+0000] {logging_mixin.py:190} INFO - [2025-04-05T23:27:35.571+0000] {dag.py:3239} INFO - Sync 1 DAGs
[2025-04-05T23:27:35.580+0000] {logging_mixin.py:190} INFO - [2025-04-05T23:27:35.580+0000] {dag.py:4180} INFO - Setting next_dagrun for example_python_operator to None, run_after=None
[2025-04-05T23:27:35.592+0000] {processor.py:208} INFO - Processing /home/airflow/.local/lib/python3.12/site-packages/airflow/example_dags/example_python_operator.py took 0.047 seconds
[2025-04-05T23:28:05.798+0000] {processor.py:186} INFO - Started process (PID=540) to work on /home/airflow/.local/lib/python3.12/site-packages/airflow/example_dags/example_python_operator.py
[2025-04-05T23:28:05.799+0000] {processor.py:914} INFO - Processing file /home/airflow/.local/lib/python3.12/site-packages/airflow/example_dags/example_python_operator.py for tasks to queue
[2025-04-05T23:28:05.800+0000] {logging_mixin.py:190} INFO - [2025-04-05T23:28:05.800+0000] {dagbag.py:588} INFO - Filling up the DagBag from /home/airflow/.local/lib/python3.12/site-packages/airflow/example_dags/example_python_operator.py
[2025-04-05T23:28:05.808+0000] {processor.py:925} INFO - DAG(s) 'example_python_operator' retrieved from /home/airflow/.local/lib/python3.12/site-packages/airflow/example_dags/example_python_operator.py
[2025-04-05T23:28:05.823+0000] {logging_mixin.py:190} INFO - [2025-04-05T23:28:05.823+0000] {dag.py:3239} INFO - Sync 1 DAGs
[2025-04-05T23:28:05.831+0000] {logging_mixin.py:190} INFO - [2025-04-05T23:28:05.831+0000] {dag.py:4180} INFO - Setting next_dagrun for example_python_operator to None, run_after=None
[2025-04-05T23:28:05.842+0000] {processor.py:208} INFO - Processing /home/airflow/.local/lib/python3.12/site-packages/airflow/example_dags/example_python_operator.py took 0.048 seconds
[2025-04-05T23:28:35.964+0000] {processor.py:186} INFO - Started process (PID=604) to work on /home/airflow/.local/lib/python3.12/site-packages/airflow/example_dags/example_python_operator.py
[2025-04-05T23:28:35.968+0000] {processor.py:914} INFO - Processing file /home/airflow/.local/lib/python3.12/site-packages/airflow/example_dags/example_python_operator.py for tasks to queue
[2025-04-05T23:28:35.969+0000] {logging_mixin.py:190} INFO - [2025-04-05T23:28:35.969+0000] {dagbag.py:588} INFO - Filling up the DagBag from /home/airflow/.local/lib/python3.12/site-packages/airflow/example_dags/example_python_operator.py
[2025-04-05T23:28:35.975+0000] {processor.py:925} INFO - DAG(s) 'example_python_operator' retrieved from /home/airflow/.local/lib/python3.12/site-packages/airflow/example_dags/example_python_operator.py
[2025-04-05T23:28:35.988+0000] {logging_mixin.py:190} INFO - [2025-04-05T23:28:35.988+0000] {dag.py:3239} INFO - Sync 1 DAGs
[2025-04-05T23:28:35.995+0000] {logging_mixin.py:190} INFO - [2025-04-05T23:28:35.995+0000] {dag.py:4180} INFO - Setting next_dagrun for example_python_operator to None, run_after=None
[2025-04-05T23:28:36.007+0000] {processor.py:208} INFO - Processing /home/airflow/.local/lib/python3.12/site-packages/airflow/example_dags/example_python_operator.py took 0.046 seconds
[2025-04-05T23:29:06.349+0000] {processor.py:186} INFO - Started process (PID=668) to work on /home/airflow/.local/lib/python3.12/site-packages/airflow/example_dags/example_python_operator.py
[2025-04-05T23:29:06.351+0000] {processor.py:914} INFO - Processing file /home/airflow/.local/lib/python3.12/site-packages/airflow/example_dags/example_python_operator.py for tasks to queue
[2025-04-05T23:29:06.352+0000] {logging_mixin.py:190} INFO - [2025-04-05T23:29:06.352+0000] {dagbag.py:588} INFO - Filling up the DagBag from /home/airflow/.local/lib/python3.12/site-packages/airflow/example_dags/example_python_operator.py
[2025-04-05T23:29:06.358+0000] {processor.py:925} INFO - DAG(s) 'example_python_operator' retrieved from /home/airflow/.local/lib/python3.12/site-packages/airflow/example_dags/example_python_operator.py
[2025-04-05T23:29:06.372+0000] {logging_mixin.py:190} INFO - [2025-04-05T23:29:06.372+0000] {dag.py:3239} INFO - Sync 1 DAGs
[2025-04-05T23:29:06.378+0000] {logging_mixin.py:190} INFO - [2025-04-05T23:29:06.377+0000] {dag.py:4180} INFO - Setting next_dagrun for example_python_operator to None, run_after=None
[2025-04-05T23:29:06.389+0000] {processor.py:208} INFO - Processing /home/airflow/.local/lib/python3.12/site-packages/airflow/example_dags/example_python_operator.py took 0.043 seconds
[2025-04-05T23:29:36.679+0000] {processor.py:186} INFO - Started process (PID=731) to work on /home/airflow/.local/lib/python3.12/site-packages/airflow/example_dags/example_python_operator.py
[2025-04-05T23:29:36.679+0000] {processor.py:914} INFO - Processing file /home/airflow/.local/lib/python3.12/site-packages/airflow/example_dags/example_python_operator.py for tasks to queue
[2025-04-05T23:29:36.680+0000] {logging_mixin.py:190} INFO - [2025-04-05T23:29:36.680+0000] {dagbag.py:588} INFO - Filling up the DagBag from /home/airflow/.local/lib/python3.12/site-packages/airflow/example_dags/example_python_operator.py
[2025-04-05T23:29:36.685+0000] {processor.py:925} INFO - DAG(s) 'example_python_operator' retrieved from /home/airflow/.local/lib/python3.12/site-packages/airflow/example_dags/example_python_operator.py
[2025-04-05T23:29:36.694+0000] {logging_mixin.py:190} INFO - [2025-04-05T23:29:36.694+0000] {dag.py:3239} INFO - Sync 1 DAGs
[2025-04-05T23:29:36.699+0000] {logging_mixin.py:190} INFO - [2025-04-05T23:29:36.699+0000] {dag.py:4180} INFO - Setting next_dagrun for example_python_operator to None, run_after=None
[2025-04-05T23:29:36.706+0000] {processor.py:208} INFO - Processing /home/airflow/.local/lib/python3.12/site-packages/airflow/example_dags/example_python_operator.py took 0.030 seconds
[2025-04-05T23:30:07.769+0000] {processor.py:186} INFO - Started process (PID=795) to work on /home/airflow/.local/lib/python3.12/site-packages/airflow/example_dags/example_python_operator.py
[2025-04-05T23:30:07.773+0000] {processor.py:914} INFO - Processing file /home/airflow/.local/lib/python3.12/site-packages/airflow/example_dags/example_python_operator.py for tasks to queue
[2025-04-05T23:30:07.774+0000] {logging_mixin.py:190} INFO - [2025-04-05T23:30:07.774+0000] {dagbag.py:588} INFO - Filling up the DagBag from /home/airflow/.local/lib/python3.12/site-packages/airflow/example_dags/example_python_operator.py
[2025-04-05T23:30:07.780+0000] {processor.py:925} INFO - DAG(s) 'example_python_operator' retrieved from /home/airflow/.local/lib/python3.12/site-packages/airflow/example_dags/example_python_operator.py
[2025-04-05T23:30:07.793+0000] {logging_mixin.py:190} INFO - [2025-04-05T23:30:07.792+0000] {dag.py:3239} INFO - Sync 1 DAGs
[2025-04-05T23:30:07.798+0000] {logging_mixin.py:190} INFO - [2025-04-05T23:30:07.798+0000] {dag.py:4180} INFO - Setting next_dagrun for example_python_operator to None, run_after=None
[2025-04-05T23:30:07.806+0000] {processor.py:208} INFO - Processing /home/airflow/.local/lib/python3.12/site-packages/airflow/example_dags/example_python_operator.py took 0.040 seconds
[2025-04-05T23:30:38.110+0000] {processor.py:186} INFO - Started process (PID=859) to work on /home/airflow/.local/lib/python3.12/site-packages/airflow/example_dags/example_python_operator.py
[2025-04-05T23:30:38.111+0000] {processor.py:914} INFO - Processing file /home/airflow/.local/lib/python3.12/site-packages/airflow/example_dags/example_python_operator.py for tasks to queue
[2025-04-05T23:30:38.113+0000] {logging_mixin.py:190} INFO - [2025-04-05T23:30:38.113+0000] {dagbag.py:588} INFO - Filling up the DagBag from /home/airflow/.local/lib/python3.12/site-packages/airflow/example_dags/example_python_operator.py
[2025-04-05T23:30:38.120+0000] {processor.py:925} INFO - DAG(s) 'example_python_operator' retrieved from /home/airflow/.local/lib/python3.12/site-packages/airflow/example_dags/example_python_operator.py
[2025-04-05T23:30:38.133+0000] {logging_mixin.py:190} INFO - [2025-04-05T23:30:38.133+0000] {dag.py:3239} INFO - Sync 1 DAGs
[2025-04-05T23:30:38.139+0000] {logging_mixin.py:190} INFO - [2025-04-05T23:30:38.139+0000] {dag.py:4180} INFO - Setting next_dagrun for example_python_operator to None, run_after=None
[2025-04-05T23:30:38.151+0000] {processor.py:208} INFO - Processing /home/airflow/.local/lib/python3.12/site-packages/airflow/example_dags/example_python_operator.py took 0.044 seconds
[2025-04-05T23:31:08.303+0000] {processor.py:186} INFO - Started process (PID=923) to work on /home/airflow/.local/lib/python3.12/site-packages/airflow/example_dags/example_python_operator.py
[2025-04-05T23:31:08.303+0000] {processor.py:914} INFO - Processing file /home/airflow/.local/lib/python3.12/site-packages/airflow/example_dags/example_python_operator.py for tasks to queue
[2025-04-05T23:31:08.305+0000] {logging_mixin.py:190} INFO - [2025-04-05T23:31:08.305+0000] {dagbag.py:588} INFO - Filling up the DagBag from /home/airflow/.local/lib/python3.12/site-packages/airflow/example_dags/example_python_operator.py
[2025-04-05T23:31:08.311+0000] {processor.py:925} INFO - DAG(s) 'example_python_operator' retrieved from /home/airflow/.local/lib/python3.12/site-packages/airflow/example_dags/example_python_operator.py
[2025-04-05T23:31:08.324+0000] {logging_mixin.py:190} INFO - [2025-04-05T23:31:08.324+0000] {dag.py:3239} INFO - Sync 1 DAGs
[2025-04-05T23:31:08.330+0000] {logging_mixin.py:190} INFO - [2025-04-05T23:31:08.330+0000] {dag.py:4180} INFO - Setting next_dagrun for example_python_operator to None, run_after=None
[2025-04-05T23:31:08.342+0000] {processor.py:208} INFO - Processing /home/airflow/.local/lib/python3.12/site-packages/airflow/example_dags/example_python_operator.py took 0.042 seconds
[2025-04-05T23:31:38.463+0000] {processor.py:186} INFO - Started process (PID=987) to work on /home/airflow/.local/lib/python3.12/site-packages/airflow/example_dags/example_python_operator.py
[2025-04-05T23:31:38.464+0000] {processor.py:914} INFO - Processing file /home/airflow/.local/lib/python3.12/site-packages/airflow/example_dags/example_python_operator.py for tasks to queue
[2025-04-05T23:31:38.465+0000] {logging_mixin.py:190} INFO - [2025-04-05T23:31:38.465+0000] {dagbag.py:588} INFO - Filling up the DagBag from /home/airflow/.local/lib/python3.12/site-packages/airflow/example_dags/example_python_operator.py
[2025-04-05T23:31:38.471+0000] {processor.py:925} INFO - DAG(s) 'example_python_operator' retrieved from /home/airflow/.local/lib/python3.12/site-packages/airflow/example_dags/example_python_operator.py
[2025-04-05T23:31:38.480+0000] {logging_mixin.py:190} INFO - [2025-04-05T23:31:38.479+0000] {dag.py:3239} INFO - Sync 1 DAGs
[2025-04-05T23:31:38.486+0000] {logging_mixin.py:190} INFO - [2025-04-05T23:31:38.486+0000] {dag.py:4180} INFO - Setting next_dagrun for example_python_operator to None, run_after=None
[2025-04-05T23:31:38.498+0000] {processor.py:208} INFO - Processing /home/airflow/.local/lib/python3.12/site-packages/airflow/example_dags/example_python_operator.py took 0.038 seconds
[2025-04-05T23:32:08.845+0000] {processor.py:186} INFO - Started process (PID=1051) to work on /home/airflow/.local/lib/python3.12/site-packages/airflow/example_dags/example_python_operator.py
[2025-04-05T23:32:08.846+0000] {processor.py:914} INFO - Processing file /home/airflow/.local/lib/python3.12/site-packages/airflow/example_dags/example_python_operator.py for tasks to queue
[2025-04-05T23:32:08.847+0000] {logging_mixin.py:190} INFO - [2025-04-05T23:32:08.847+0000] {dagbag.py:588} INFO - Filling up the DagBag from /home/airflow/.local/lib/python3.12/site-packages/airflow/example_dags/example_python_operator.py
[2025-04-05T23:32:08.853+0000] {processor.py:925} INFO - DAG(s) 'example_python_operator' retrieved from /home/airflow/.local/lib/python3.12/site-packages/airflow/example_dags/example_python_operator.py
[2025-04-05T23:32:08.866+0000] {logging_mixin.py:190} INFO - [2025-04-05T23:32:08.866+0000] {dag.py:3239} INFO - Sync 1 DAGs
[2025-04-05T23:32:08.873+0000] {logging_mixin.py:190} INFO - [2025-04-05T23:32:08.873+0000] {dag.py:4180} INFO - Setting next_dagrun for example_python_operator to None, run_after=None
[2025-04-05T23:32:08.880+0000] {processor.py:208} INFO - Processing /home/airflow/.local/lib/python3.12/site-packages/airflow/example_dags/example_python_operator.py took 0.038 seconds
[2025-04-05T23:32:39.970+0000] {processor.py:186} INFO - Started process (PID=1115) to work on /home/airflow/.local/lib/python3.12/site-packages/airflow/example_dags/example_python_operator.py
[2025-04-05T23:32:39.973+0000] {processor.py:914} INFO - Processing file /home/airflow/.local/lib/python3.12/site-packages/airflow/example_dags/example_python_operator.py for tasks to queue
[2025-04-05T23:32:39.974+0000] {logging_mixin.py:190} INFO - [2025-04-05T23:32:39.974+0000] {dagbag.py:588} INFO - Filling up the DagBag from /home/airflow/.local/lib/python3.12/site-packages/airflow/example_dags/example_python_operator.py
[2025-04-05T23:32:39.982+0000] {processor.py:925} INFO - DAG(s) 'example_python_operator' retrieved from /home/airflow/.local/lib/python3.12/site-packages/airflow/example_dags/example_python_operator.py
[2025-04-05T23:32:39.995+0000] {logging_mixin.py:190} INFO - [2025-04-05T23:32:39.995+0000] {dag.py:3239} INFO - Sync 1 DAGs
[2025-04-05T23:32:40.002+0000] {logging_mixin.py:190} INFO - [2025-04-05T23:32:40.002+0000] {dag.py:4180} INFO - Setting next_dagrun for example_python_operator to None, run_after=None
[2025-04-05T23:32:40.012+0000] {processor.py:208} INFO - Processing /home/airflow/.local/lib/python3.12/site-packages/airflow/example_dags/example_python_operator.py took 0.045 seconds
[2025-04-05T23:33:10.208+0000] {processor.py:186} INFO - Started process (PID=1179) to work on /home/airflow/.local/lib/python3.12/site-packages/airflow/example_dags/example_python_operator.py
[2025-04-05T23:33:10.210+0000] {processor.py:914} INFO - Processing file /home/airflow/.local/lib/python3.12/site-packages/airflow/example_dags/example_python_operator.py for tasks to queue
[2025-04-05T23:33:10.211+0000] {logging_mixin.py:190} INFO - [2025-04-05T23:33:10.211+0000] {dagbag.py:588} INFO - Filling up the DagBag from /home/airflow/.local/lib/python3.12/site-packages/airflow/example_dags/example_python_operator.py
[2025-04-05T23:33:10.218+0000] {processor.py:925} INFO - DAG(s) 'example_python_operator' retrieved from /home/airflow/.local/lib/python3.12/site-packages/airflow/example_dags/example_python_operator.py
[2025-04-05T23:33:10.228+0000] {logging_mixin.py:190} INFO - [2025-04-05T23:33:10.228+0000] {dag.py:3239} INFO - Sync 1 DAGs
[2025-04-05T23:33:10.233+0000] {logging_mixin.py:190} INFO - [2025-04-05T23:33:10.233+0000] {dag.py:4180} INFO - Setting next_dagrun for example_python_operator to None, run_after=None
[2025-04-05T23:33:10.241+0000] {processor.py:208} INFO - Processing /home/airflow/.local/lib/python3.12/site-packages/airflow/example_dags/example_python_operator.py took 0.036 seconds
[2025-04-05T23:33:40.440+0000] {processor.py:186} INFO - Started process (PID=1243) to work on /home/airflow/.local/lib/python3.12/site-packages/airflow/example_dags/example_python_operator.py
[2025-04-05T23:33:40.441+0000] {processor.py:914} INFO - Processing file /home/airflow/.local/lib/python3.12/site-packages/airflow/example_dags/example_python_operator.py for tasks to queue
[2025-04-05T23:33:40.442+0000] {logging_mixin.py:190} INFO - [2025-04-05T23:33:40.442+0000] {dagbag.py:588} INFO - Filling up the DagBag from /home/airflow/.local/lib/python3.12/site-packages/airflow/example_dags/example_python_operator.py
[2025-04-05T23:33:40.448+0000] {processor.py:925} INFO - DAG(s) 'example_python_operator' retrieved from /home/airflow/.local/lib/python3.12/site-packages/airflow/example_dags/example_python_operator.py
[2025-04-05T23:33:40.461+0000] {logging_mixin.py:190} INFO - [2025-04-05T23:33:40.460+0000] {dag.py:3239} INFO - Sync 1 DAGs
[2025-04-05T23:33:40.467+0000] {logging_mixin.py:190} INFO - [2025-04-05T23:33:40.467+0000] {dag.py:4180} INFO - Setting next_dagrun for example_python_operator to None, run_after=None
[2025-04-05T23:33:40.476+0000] {processor.py:208} INFO - Processing /home/airflow/.local/lib/python3.12/site-packages/airflow/example_dags/example_python_operator.py took 0.039 seconds
[2025-04-05T23:34:10.986+0000] {processor.py:186} INFO - Started process (PID=1308) to work on /home/airflow/.local/lib/python3.12/site-packages/airflow/example_dags/example_python_operator.py
[2025-04-05T23:34:10.987+0000] {processor.py:914} INFO - Processing file /home/airflow/.local/lib/python3.12/site-packages/airflow/example_dags/example_python_operator.py for tasks to queue
[2025-04-05T23:34:10.988+0000] {logging_mixin.py:190} INFO - [2025-04-05T23:34:10.988+0000] {dagbag.py:588} INFO - Filling up the DagBag from /home/airflow/.local/lib/python3.12/site-packages/airflow/example_dags/example_python_operator.py
[2025-04-05T23:34:10.995+0000] {processor.py:925} INFO - DAG(s) 'example_python_operator' retrieved from /home/airflow/.local/lib/python3.12/site-packages/airflow/example_dags/example_python_operator.py
[2025-04-05T23:34:11.007+0000] {logging_mixin.py:190} INFO - [2025-04-05T23:34:11.007+0000] {dag.py:3239} INFO - Sync 1 DAGs
[2025-04-05T23:34:11.014+0000] {logging_mixin.py:190} INFO - [2025-04-05T23:34:11.014+0000] {dag.py:4180} INFO - Setting next_dagrun for example_python_operator to None, run_after=None
[2025-04-05T23:34:11.024+0000] {processor.py:208} INFO - Processing /home/airflow/.local/lib/python3.12/site-packages/airflow/example_dags/example_python_operator.py took 0.041 seconds
[2025-04-05T23:34:41.868+0000] {processor.py:186} INFO - Started process (PID=1372) to work on /home/airflow/.local/lib/python3.12/site-packages/airflow/example_dags/example_python_operator.py
[2025-04-05T23:34:41.869+0000] {processor.py:914} INFO - Processing file /home/airflow/.local/lib/python3.12/site-packages/airflow/example_dags/example_python_operator.py for tasks to queue
[2025-04-05T23:34:41.871+0000] {logging_mixin.py:190} INFO - [2025-04-05T23:34:41.870+0000] {dagbag.py:588} INFO - Filling up the DagBag from /home/airflow/.local/lib/python3.12/site-packages/airflow/example_dags/example_python_operator.py
[2025-04-05T23:34:41.877+0000] {processor.py:925} INFO - DAG(s) 'example_python_operator' retrieved from /home/airflow/.local/lib/python3.12/site-packages/airflow/example_dags/example_python_operator.py
[2025-04-05T23:34:41.890+0000] {logging_mixin.py:190} INFO - [2025-04-05T23:34:41.890+0000] {dag.py:3239} INFO - Sync 1 DAGs
[2025-04-05T23:34:41.897+0000] {logging_mixin.py:190} INFO - [2025-04-05T23:34:41.897+0000] {dag.py:4180} INFO - Setting next_dagrun for example_python_operator to None, run_after=None
[2025-04-05T23:34:41.907+0000] {processor.py:208} INFO - Processing /home/airflow/.local/lib/python3.12/site-packages/airflow/example_dags/example_python_operator.py took 0.046 seconds
[2025-04-05T23:35:12.069+0000] {processor.py:186} INFO - Started process (PID=1435) to work on /home/airflow/.local/lib/python3.12/site-packages/airflow/example_dags/example_python_operator.py
[2025-04-05T23:35:12.070+0000] {processor.py:914} INFO - Processing file /home/airflow/.local/lib/python3.12/site-packages/airflow/example_dags/example_python_operator.py for tasks to queue
[2025-04-05T23:35:12.072+0000] {logging_mixin.py:190} INFO - [2025-04-05T23:35:12.071+0000] {dagbag.py:588} INFO - Filling up the DagBag from /home/airflow/.local/lib/python3.12/site-packages/airflow/example_dags/example_python_operator.py
[2025-04-05T23:35:12.077+0000] {processor.py:925} INFO - DAG(s) 'example_python_operator' retrieved from /home/airflow/.local/lib/python3.12/site-packages/airflow/example_dags/example_python_operator.py
[2025-04-05T23:35:12.093+0000] {logging_mixin.py:190} INFO - [2025-04-05T23:35:12.092+0000] {dag.py:3239} INFO - Sync 1 DAGs
[2025-04-05T23:35:12.099+0000] {logging_mixin.py:190} INFO - [2025-04-05T23:35:12.099+0000] {dag.py:4180} INFO - Setting next_dagrun for example_python_operator to None, run_after=None
[2025-04-05T23:35:12.107+0000] {processor.py:208} INFO - Processing /home/airflow/.local/lib/python3.12/site-packages/airflow/example_dags/example_python_operator.py took 0.040 seconds
[2025-04-05T23:35:42.315+0000] {processor.py:186} INFO - Started process (PID=1499) to work on /home/airflow/.local/lib/python3.12/site-packages/airflow/example_dags/example_python_operator.py
[2025-04-05T23:35:42.316+0000] {processor.py:914} INFO - Processing file /home/airflow/.local/lib/python3.12/site-packages/airflow/example_dags/example_python_operator.py for tasks to queue
[2025-04-05T23:35:42.318+0000] {logging_mixin.py:190} INFO - [2025-04-05T23:35:42.318+0000] {dagbag.py:588} INFO - Filling up the DagBag from /home/airflow/.local/lib/python3.12/site-packages/airflow/example_dags/example_python_operator.py
[2025-04-05T23:35:42.327+0000] {processor.py:925} INFO - DAG(s) 'example_python_operator' retrieved from /home/airflow/.local/lib/python3.12/site-packages/airflow/example_dags/example_python_operator.py
[2025-04-05T23:35:42.341+0000] {logging_mixin.py:190} INFO - [2025-04-05T23:35:42.340+0000] {dag.py:3239} INFO - Sync 1 DAGs
[2025-04-05T23:35:42.347+0000] {logging_mixin.py:190} INFO - [2025-04-05T23:35:42.346+0000] {dag.py:4180} INFO - Setting next_dagrun for example_python_operator to None, run_after=None
[2025-04-05T23:35:42.359+0000] {processor.py:208} INFO - Processing /home/airflow/.local/lib/python3.12/site-packages/airflow/example_dags/example_python_operator.py took 0.046 seconds
[2025-04-05T23:36:12.518+0000] {processor.py:186} INFO - Started process (PID=1563) to work on /home/airflow/.local/lib/python3.12/site-packages/airflow/example_dags/example_python_operator.py
[2025-04-05T23:36:12.519+0000] {processor.py:914} INFO - Processing file /home/airflow/.local/lib/python3.12/site-packages/airflow/example_dags/example_python_operator.py for tasks to queue
[2025-04-05T23:36:12.521+0000] {logging_mixin.py:190} INFO - [2025-04-05T23:36:12.521+0000] {dagbag.py:588} INFO - Filling up the DagBag from /home/airflow/.local/lib/python3.12/site-packages/airflow/example_dags/example_python_operator.py
[2025-04-05T23:36:12.529+0000] {processor.py:925} INFO - DAG(s) 'example_python_operator' retrieved from /home/airflow/.local/lib/python3.12/site-packages/airflow/example_dags/example_python_operator.py
[2025-04-05T23:36:12.543+0000] {logging_mixin.py:190} INFO - [2025-04-05T23:36:12.543+0000] {dag.py:3239} INFO - Sync 1 DAGs
[2025-04-05T23:36:12.549+0000] {logging_mixin.py:190} INFO - [2025-04-05T23:36:12.549+0000] {dag.py:4180} INFO - Setting next_dagrun for example_python_operator to None, run_after=None
[2025-04-05T23:36:12.557+0000] {processor.py:208} INFO - Processing /home/airflow/.local/lib/python3.12/site-packages/airflow/example_dags/example_python_operator.py took 0.043 seconds
[2025-04-05T23:36:42.809+0000] {processor.py:186} INFO - Started process (PID=1627) to work on /home/airflow/.local/lib/python3.12/site-packages/airflow/example_dags/example_python_operator.py
[2025-04-05T23:36:42.810+0000] {processor.py:914} INFO - Processing file /home/airflow/.local/lib/python3.12/site-packages/airflow/example_dags/example_python_operator.py for tasks to queue
[2025-04-05T23:36:42.811+0000] {logging_mixin.py:190} INFO - [2025-04-05T23:36:42.811+0000] {dagbag.py:588} INFO - Filling up the DagBag from /home/airflow/.local/lib/python3.12/site-packages/airflow/example_dags/example_python_operator.py
[2025-04-05T23:36:42.817+0000] {processor.py:925} INFO - DAG(s) 'example_python_operator' retrieved from /home/airflow/.local/lib/python3.12/site-packages/airflow/example_dags/example_python_operator.py
[2025-04-05T23:36:42.829+0000] {logging_mixin.py:190} INFO - [2025-04-05T23:36:42.828+0000] {dag.py:3239} INFO - Sync 1 DAGs
[2025-04-05T23:36:42.835+0000] {logging_mixin.py:190} INFO - [2025-04-05T23:36:42.835+0000] {dag.py:4180} INFO - Setting next_dagrun for example_python_operator to None, run_after=None
[2025-04-05T23:36:42.842+0000] {processor.py:208} INFO - Processing /home/airflow/.local/lib/python3.12/site-packages/airflow/example_dags/example_python_operator.py took 0.035 seconds
[2025-04-05T23:37:13.053+0000] {processor.py:186} INFO - Started process (PID=1691) to work on /home/airflow/.local/lib/python3.12/site-packages/airflow/example_dags/example_python_operator.py
[2025-04-05T23:37:13.054+0000] {processor.py:914} INFO - Processing file /home/airflow/.local/lib/python3.12/site-packages/airflow/example_dags/example_python_operator.py for tasks to queue
[2025-04-05T23:37:13.055+0000] {logging_mixin.py:190} INFO - [2025-04-05T23:37:13.055+0000] {dagbag.py:588} INFO - Filling up the DagBag from /home/airflow/.local/lib/python3.12/site-packages/airflow/example_dags/example_python_operator.py
[2025-04-05T23:37:13.061+0000] {processor.py:925} INFO - DAG(s) 'example_python_operator' retrieved from /home/airflow/.local/lib/python3.12/site-packages/airflow/example_dags/example_python_operator.py
[2025-04-05T23:37:13.071+0000] {logging_mixin.py:190} INFO - [2025-04-05T23:37:13.070+0000] {dag.py:3239} INFO - Sync 1 DAGs
[2025-04-05T23:37:13.077+0000] {logging_mixin.py:190} INFO - [2025-04-05T23:37:13.077+0000] {dag.py:4180} INFO - Setting next_dagrun for example_python_operator to None, run_after=None
[2025-04-05T23:37:13.089+0000] {processor.py:208} INFO - Processing /home/airflow/.local/lib/python3.12/site-packages/airflow/example_dags/example_python_operator.py took 0.039 seconds
[2025-04-05T23:37:43.258+0000] {processor.py:186} INFO - Started process (PID=1755) to work on /home/airflow/.local/lib/python3.12/site-packages/airflow/example_dags/example_python_operator.py
[2025-04-05T23:37:43.258+0000] {processor.py:914} INFO - Processing file /home/airflow/.local/lib/python3.12/site-packages/airflow/example_dags/example_python_operator.py for tasks to queue
[2025-04-05T23:37:43.261+0000] {logging_mixin.py:190} INFO - [2025-04-05T23:37:43.260+0000] {dagbag.py:588} INFO - Filling up the DagBag from /home/airflow/.local/lib/python3.12/site-packages/airflow/example_dags/example_python_operator.py
[2025-04-05T23:37:43.266+0000] {processor.py:925} INFO - DAG(s) 'example_python_operator' retrieved from /home/airflow/.local/lib/python3.12/site-packages/airflow/example_dags/example_python_operator.py
[2025-04-05T23:37:43.279+0000] {logging_mixin.py:190} INFO - [2025-04-05T23:37:43.278+0000] {dag.py:3239} INFO - Sync 1 DAGs
[2025-04-05T23:37:43.285+0000] {logging_mixin.py:190} INFO - [2025-04-05T23:37:43.285+0000] {dag.py:4180} INFO - Setting next_dagrun for example_python_operator to None, run_after=None
[2025-04-05T23:37:43.295+0000] {processor.py:208} INFO - Processing /home/airflow/.local/lib/python3.12/site-packages/airflow/example_dags/example_python_operator.py took 0.039 seconds
[2025-04-05T23:38:13.532+0000] {processor.py:186} INFO - Started process (PID=1819) to work on /home/airflow/.local/lib/python3.12/site-packages/airflow/example_dags/example_python_operator.py
[2025-04-05T23:38:13.533+0000] {processor.py:914} INFO - Processing file /home/airflow/.local/lib/python3.12/site-packages/airflow/example_dags/example_python_operator.py for tasks to queue
[2025-04-05T23:38:13.534+0000] {logging_mixin.py:190} INFO - [2025-04-05T23:38:13.534+0000] {dagbag.py:588} INFO - Filling up the DagBag from /home/airflow/.local/lib/python3.12/site-packages/airflow/example_dags/example_python_operator.py
[2025-04-05T23:38:13.540+0000] {processor.py:925} INFO - DAG(s) 'example_python_operator' retrieved from /home/airflow/.local/lib/python3.12/site-packages/airflow/example_dags/example_python_operator.py
[2025-04-05T23:38:13.550+0000] {logging_mixin.py:190} INFO - [2025-04-05T23:38:13.550+0000] {dag.py:3239} INFO - Sync 1 DAGs
[2025-04-05T23:38:13.559+0000] {logging_mixin.py:190} INFO - [2025-04-05T23:38:13.559+0000] {dag.py:4180} INFO - Setting next_dagrun for example_python_operator to None, run_after=None
[2025-04-05T23:38:13.572+0000] {processor.py:208} INFO - Processing /home/airflow/.local/lib/python3.12/site-packages/airflow/example_dags/example_python_operator.py took 0.043 seconds
[2025-04-05T23:38:43.963+0000] {processor.py:186} INFO - Started process (PID=1883) to work on /home/airflow/.local/lib/python3.12/site-packages/airflow/example_dags/example_python_operator.py
[2025-04-05T23:38:43.964+0000] {processor.py:914} INFO - Processing file /home/airflow/.local/lib/python3.12/site-packages/airflow/example_dags/example_python_operator.py for tasks to queue
[2025-04-05T23:38:43.965+0000] {logging_mixin.py:190} INFO - [2025-04-05T23:38:43.965+0000] {dagbag.py:588} INFO - Filling up the DagBag from /home/airflow/.local/lib/python3.12/site-packages/airflow/example_dags/example_python_operator.py
[2025-04-05T23:38:43.971+0000] {processor.py:925} INFO - DAG(s) 'example_python_operator' retrieved from /home/airflow/.local/lib/python3.12/site-packages/airflow/example_dags/example_python_operator.py
[2025-04-05T23:38:44.001+0000] {logging_mixin.py:190} INFO - [2025-04-05T23:38:44.000+0000] {dag.py:3239} INFO - Sync 1 DAGs
[2025-04-05T23:38:44.012+0000] {logging_mixin.py:190} INFO - [2025-04-05T23:38:44.012+0000] {dag.py:4180} INFO - Setting next_dagrun for example_python_operator to None, run_after=None
[2025-04-05T23:38:44.024+0000] {processor.py:208} INFO - Processing /home/airflow/.local/lib/python3.12/site-packages/airflow/example_dags/example_python_operator.py took 0.064 seconds
[2025-04-05T23:39:34.222+0000] {processor.py:186} INFO - Started process (PID=93) to work on /home/airflow/.local/lib/python3.12/site-packages/airflow/example_dags/example_python_operator.py
[2025-04-05T23:39:34.223+0000] {processor.py:914} INFO - Processing file /home/airflow/.local/lib/python3.12/site-packages/airflow/example_dags/example_python_operator.py for tasks to queue
[2025-04-05T23:39:34.228+0000] {logging_mixin.py:190} INFO - [2025-04-05T23:39:34.228+0000] {dagbag.py:588} INFO - Filling up the DagBag from /home/airflow/.local/lib/python3.12/site-packages/airflow/example_dags/example_python_operator.py
[2025-04-05T23:39:34.235+0000] {processor.py:925} INFO - DAG(s) 'example_python_operator' retrieved from /home/airflow/.local/lib/python3.12/site-packages/airflow/example_dags/example_python_operator.py
[2025-04-05T23:39:34.290+0000] {logging_mixin.py:190} INFO - [2025-04-05T23:39:34.290+0000] {dag.py:3239} INFO - Sync 1 DAGs
[2025-04-05T23:39:34.299+0000] {logging_mixin.py:190} INFO - [2025-04-05T23:39:34.299+0000] {dag.py:4180} INFO - Setting next_dagrun for example_python_operator to None, run_after=None
[2025-04-05T23:39:34.311+0000] {processor.py:208} INFO - Processing /home/airflow/.local/lib/python3.12/site-packages/airflow/example_dags/example_python_operator.py took 0.092 seconds
[2025-04-05T23:40:20.512+0000] {processor.py:186} INFO - Started process (PID=93) to work on /home/airflow/.local/lib/python3.12/site-packages/airflow/example_dags/example_python_operator.py
[2025-04-05T23:40:20.513+0000] {processor.py:914} INFO - Processing file /home/airflow/.local/lib/python3.12/site-packages/airflow/example_dags/example_python_operator.py for tasks to queue
[2025-04-05T23:40:20.514+0000] {logging_mixin.py:190} INFO - [2025-04-05T23:40:20.514+0000] {dagbag.py:588} INFO - Filling up the DagBag from /home/airflow/.local/lib/python3.12/site-packages/airflow/example_dags/example_python_operator.py
[2025-04-05T23:40:20.520+0000] {processor.py:925} INFO - DAG(s) 'example_python_operator' retrieved from /home/airflow/.local/lib/python3.12/site-packages/airflow/example_dags/example_python_operator.py
[2025-04-05T23:40:20.572+0000] {logging_mixin.py:190} INFO - [2025-04-05T23:40:20.572+0000] {dag.py:3239} INFO - Sync 1 DAGs
[2025-04-05T23:40:20.579+0000] {logging_mixin.py:190} INFO - [2025-04-05T23:40:20.579+0000] {dag.py:4180} INFO - Setting next_dagrun for example_python_operator to None, run_after=None
[2025-04-05T23:40:20.594+0000] {processor.py:208} INFO - Processing /home/airflow/.local/lib/python3.12/site-packages/airflow/example_dags/example_python_operator.py took 0.085 seconds
[2025-04-05T23:40:50.664+0000] {processor.py:186} INFO - Started process (PID=157) to work on /home/airflow/.local/lib/python3.12/site-packages/airflow/example_dags/example_python_operator.py
[2025-04-05T23:40:50.665+0000] {processor.py:914} INFO - Processing file /home/airflow/.local/lib/python3.12/site-packages/airflow/example_dags/example_python_operator.py for tasks to queue
[2025-04-05T23:40:50.670+0000] {logging_mixin.py:190} INFO - [2025-04-05T23:40:50.670+0000] {dagbag.py:588} INFO - Filling up the DagBag from /home/airflow/.local/lib/python3.12/site-packages/airflow/example_dags/example_python_operator.py
[2025-04-05T23:40:50.678+0000] {processor.py:925} INFO - DAG(s) 'example_python_operator' retrieved from /home/airflow/.local/lib/python3.12/site-packages/airflow/example_dags/example_python_operator.py
[2025-04-05T23:40:50.692+0000] {logging_mixin.py:190} INFO - [2025-04-05T23:40:50.692+0000] {dag.py:3239} INFO - Sync 1 DAGs
[2025-04-05T23:40:50.698+0000] {logging_mixin.py:190} INFO - [2025-04-05T23:40:50.698+0000] {dag.py:4180} INFO - Setting next_dagrun for example_python_operator to None, run_after=None
[2025-04-05T23:40:50.710+0000] {processor.py:208} INFO - Processing /home/airflow/.local/lib/python3.12/site-packages/airflow/example_dags/example_python_operator.py took 0.049 seconds
[2025-04-05T23:41:21.004+0000] {processor.py:186} INFO - Started process (PID=221) to work on /home/airflow/.local/lib/python3.12/site-packages/airflow/example_dags/example_python_operator.py
[2025-04-05T23:41:21.007+0000] {processor.py:914} INFO - Processing file /home/airflow/.local/lib/python3.12/site-packages/airflow/example_dags/example_python_operator.py for tasks to queue
[2025-04-05T23:41:21.010+0000] {logging_mixin.py:190} INFO - [2025-04-05T23:41:21.009+0000] {dagbag.py:588} INFO - Filling up the DagBag from /home/airflow/.local/lib/python3.12/site-packages/airflow/example_dags/example_python_operator.py
[2025-04-05T23:41:21.016+0000] {processor.py:925} INFO - DAG(s) 'example_python_operator' retrieved from /home/airflow/.local/lib/python3.12/site-packages/airflow/example_dags/example_python_operator.py
[2025-04-05T23:41:21.028+0000] {logging_mixin.py:190} INFO - [2025-04-05T23:41:21.028+0000] {dag.py:3239} INFO - Sync 1 DAGs
[2025-04-05T23:41:21.035+0000] {logging_mixin.py:190} INFO - [2025-04-05T23:41:21.035+0000] {dag.py:4180} INFO - Setting next_dagrun for example_python_operator to None, run_after=None
[2025-04-05T23:41:21.043+0000] {processor.py:208} INFO - Processing /home/airflow/.local/lib/python3.12/site-packages/airflow/example_dags/example_python_operator.py took 0.042 seconds
[2025-04-05T23:41:51.113+0000] {processor.py:186} INFO - Started process (PID=285) to work on /home/airflow/.local/lib/python3.12/site-packages/airflow/example_dags/example_python_operator.py
[2025-04-05T23:41:51.114+0000] {processor.py:914} INFO - Processing file /home/airflow/.local/lib/python3.12/site-packages/airflow/example_dags/example_python_operator.py for tasks to queue
[2025-04-05T23:41:51.115+0000] {logging_mixin.py:190} INFO - [2025-04-05T23:41:51.115+0000] {dagbag.py:588} INFO - Filling up the DagBag from /home/airflow/.local/lib/python3.12/site-packages/airflow/example_dags/example_python_operator.py
[2025-04-05T23:41:51.120+0000] {processor.py:925} INFO - DAG(s) 'example_python_operator' retrieved from /home/airflow/.local/lib/python3.12/site-packages/airflow/example_dags/example_python_operator.py
[2025-04-05T23:41:51.130+0000] {logging_mixin.py:190} INFO - [2025-04-05T23:41:51.129+0000] {dag.py:3239} INFO - Sync 1 DAGs
[2025-04-05T23:41:51.135+0000] {logging_mixin.py:190} INFO - [2025-04-05T23:41:51.135+0000] {dag.py:4180} INFO - Setting next_dagrun for example_python_operator to None, run_after=None
[2025-04-05T23:41:51.145+0000] {processor.py:208} INFO - Processing /home/airflow/.local/lib/python3.12/site-packages/airflow/example_dags/example_python_operator.py took 0.035 seconds
[2025-04-05T23:42:47.753+0000] {processor.py:186} INFO - Started process (PID=94) to work on /home/airflow/.local/lib/python3.12/site-packages/airflow/example_dags/example_python_operator.py
[2025-04-05T23:42:47.754+0000] {processor.py:914} INFO - Processing file /home/airflow/.local/lib/python3.12/site-packages/airflow/example_dags/example_python_operator.py for tasks to queue
[2025-04-05T23:42:47.755+0000] {logging_mixin.py:190} INFO - [2025-04-05T23:42:47.755+0000] {dagbag.py:588} INFO - Filling up the DagBag from /home/airflow/.local/lib/python3.12/site-packages/airflow/example_dags/example_python_operator.py
[2025-04-05T23:42:47.764+0000] {processor.py:925} INFO - DAG(s) 'example_python_operator' retrieved from /home/airflow/.local/lib/python3.12/site-packages/airflow/example_dags/example_python_operator.py
[2025-04-05T23:42:47.819+0000] {logging_mixin.py:190} INFO - [2025-04-05T23:42:47.819+0000] {dag.py:3239} INFO - Sync 1 DAGs
[2025-04-05T23:42:47.826+0000] {logging_mixin.py:190} INFO - [2025-04-05T23:42:47.826+0000] {dag.py:4180} INFO - Setting next_dagrun for example_python_operator to None, run_after=None
[2025-04-05T23:42:47.838+0000] {processor.py:208} INFO - Processing /home/airflow/.local/lib/python3.12/site-packages/airflow/example_dags/example_python_operator.py took 0.088 seconds
[2025-04-05T23:43:18.086+0000] {processor.py:186} INFO - Started process (PID=163) to work on /home/airflow/.local/lib/python3.12/site-packages/airflow/example_dags/example_python_operator.py
[2025-04-05T23:43:18.086+0000] {processor.py:914} INFO - Processing file /home/airflow/.local/lib/python3.12/site-packages/airflow/example_dags/example_python_operator.py for tasks to queue
[2025-04-05T23:43:18.087+0000] {logging_mixin.py:190} INFO - [2025-04-05T23:43:18.087+0000] {dagbag.py:588} INFO - Filling up the DagBag from /home/airflow/.local/lib/python3.12/site-packages/airflow/example_dags/example_python_operator.py
[2025-04-05T23:43:18.093+0000] {processor.py:925} INFO - DAG(s) 'example_python_operator' retrieved from /home/airflow/.local/lib/python3.12/site-packages/airflow/example_dags/example_python_operator.py
[2025-04-05T23:43:18.104+0000] {logging_mixin.py:190} INFO - [2025-04-05T23:43:18.104+0000] {dag.py:3239} INFO - Sync 1 DAGs
[2025-04-05T23:43:18.110+0000] {logging_mixin.py:190} INFO - [2025-04-05T23:43:18.110+0000] {dag.py:4180} INFO - Setting next_dagrun for example_python_operator to None, run_after=None
[2025-04-05T23:43:18.119+0000] {processor.py:208} INFO - Processing /home/airflow/.local/lib/python3.12/site-packages/airflow/example_dags/example_python_operator.py took 0.036 seconds
[2025-04-05T23:43:48.244+0000] {processor.py:186} INFO - Started process (PID=227) to work on /home/airflow/.local/lib/python3.12/site-packages/airflow/example_dags/example_python_operator.py
[2025-04-05T23:43:48.244+0000] {processor.py:914} INFO - Processing file /home/airflow/.local/lib/python3.12/site-packages/airflow/example_dags/example_python_operator.py for tasks to queue
[2025-04-05T23:43:48.245+0000] {logging_mixin.py:190} INFO - [2025-04-05T23:43:48.245+0000] {dagbag.py:588} INFO - Filling up the DagBag from /home/airflow/.local/lib/python3.12/site-packages/airflow/example_dags/example_python_operator.py
[2025-04-05T23:43:48.251+0000] {processor.py:925} INFO - DAG(s) 'example_python_operator' retrieved from /home/airflow/.local/lib/python3.12/site-packages/airflow/example_dags/example_python_operator.py
[2025-04-05T23:43:48.260+0000] {logging_mixin.py:190} INFO - [2025-04-05T23:43:48.260+0000] {dag.py:3239} INFO - Sync 1 DAGs
[2025-04-05T23:43:48.266+0000] {logging_mixin.py:190} INFO - [2025-04-05T23:43:48.266+0000] {dag.py:4180} INFO - Setting next_dagrun for example_python_operator to None, run_after=None
[2025-04-05T23:43:48.273+0000] {processor.py:208} INFO - Processing /home/airflow/.local/lib/python3.12/site-packages/airflow/example_dags/example_python_operator.py took 0.031 seconds
[2025-04-05T23:44:18.517+0000] {processor.py:186} INFO - Started process (PID=291) to work on /home/airflow/.local/lib/python3.12/site-packages/airflow/example_dags/example_python_operator.py
[2025-04-05T23:44:18.519+0000] {processor.py:914} INFO - Processing file /home/airflow/.local/lib/python3.12/site-packages/airflow/example_dags/example_python_operator.py for tasks to queue
[2025-04-05T23:44:18.520+0000] {logging_mixin.py:190} INFO - [2025-04-05T23:44:18.520+0000] {dagbag.py:588} INFO - Filling up the DagBag from /home/airflow/.local/lib/python3.12/site-packages/airflow/example_dags/example_python_operator.py
[2025-04-05T23:44:18.526+0000] {processor.py:925} INFO - DAG(s) 'example_python_operator' retrieved from /home/airflow/.local/lib/python3.12/site-packages/airflow/example_dags/example_python_operator.py
[2025-04-05T23:44:18.541+0000] {logging_mixin.py:190} INFO - [2025-04-05T23:44:18.540+0000] {dag.py:3239} INFO - Sync 1 DAGs
[2025-04-05T23:44:18.547+0000] {logging_mixin.py:190} INFO - [2025-04-05T23:44:18.547+0000] {dag.py:4180} INFO - Setting next_dagrun for example_python_operator to None, run_after=None
[2025-04-05T23:44:18.556+0000] {processor.py:208} INFO - Processing /home/airflow/.local/lib/python3.12/site-packages/airflow/example_dags/example_python_operator.py took 0.041 seconds
[2025-04-05T23:44:53.672+0000] {processor.py:186} INFO - Started process (PID=92) to work on /home/airflow/.local/lib/python3.12/site-packages/airflow/example_dags/example_python_operator.py
[2025-04-05T23:44:53.673+0000] {processor.py:914} INFO - Processing file /home/airflow/.local/lib/python3.12/site-packages/airflow/example_dags/example_python_operator.py for tasks to queue
[2025-04-05T23:44:53.674+0000] {logging_mixin.py:190} INFO - [2025-04-05T23:44:53.674+0000] {dagbag.py:588} INFO - Filling up the DagBag from /home/airflow/.local/lib/python3.12/site-packages/airflow/example_dags/example_python_operator.py
[2025-04-05T23:44:53.680+0000] {processor.py:925} INFO - DAG(s) 'example_python_operator' retrieved from /home/airflow/.local/lib/python3.12/site-packages/airflow/example_dags/example_python_operator.py
[2025-04-05T23:44:53.731+0000] {logging_mixin.py:190} INFO - [2025-04-05T23:44:53.731+0000] {dag.py:3239} INFO - Sync 1 DAGs
[2025-04-05T23:44:53.737+0000] {logging_mixin.py:190} INFO - [2025-04-05T23:44:53.737+0000] {dag.py:4180} INFO - Setting next_dagrun for example_python_operator to None, run_after=None
[2025-04-05T23:44:53.751+0000] {processor.py:208} INFO - Processing /home/airflow/.local/lib/python3.12/site-packages/airflow/example_dags/example_python_operator.py took 0.081 seconds
[2025-04-05T23:45:23.859+0000] {processor.py:186} INFO - Started process (PID=156) to work on /home/airflow/.local/lib/python3.12/site-packages/airflow/example_dags/example_python_operator.py
[2025-04-05T23:45:23.860+0000] {processor.py:914} INFO - Processing file /home/airflow/.local/lib/python3.12/site-packages/airflow/example_dags/example_python_operator.py for tasks to queue
[2025-04-05T23:45:23.861+0000] {logging_mixin.py:190} INFO - [2025-04-05T23:45:23.861+0000] {dagbag.py:588} INFO - Filling up the DagBag from /home/airflow/.local/lib/python3.12/site-packages/airflow/example_dags/example_python_operator.py
[2025-04-05T23:45:23.867+0000] {processor.py:925} INFO - DAG(s) 'example_python_operator' retrieved from /home/airflow/.local/lib/python3.12/site-packages/airflow/example_dags/example_python_operator.py
[2025-04-05T23:45:23.881+0000] {logging_mixin.py:190} INFO - [2025-04-05T23:45:23.881+0000] {dag.py:3239} INFO - Sync 1 DAGs
[2025-04-05T23:45:23.888+0000] {logging_mixin.py:190} INFO - [2025-04-05T23:45:23.888+0000] {dag.py:4180} INFO - Setting next_dagrun for example_python_operator to None, run_after=None
[2025-04-05T23:45:23.895+0000] {processor.py:208} INFO - Processing /home/airflow/.local/lib/python3.12/site-packages/airflow/example_dags/example_python_operator.py took 0.039 seconds
[2025-04-05T23:45:53.950+0000] {processor.py:186} INFO - Started process (PID=220) to work on /home/airflow/.local/lib/python3.12/site-packages/airflow/example_dags/example_python_operator.py
[2025-04-05T23:45:53.952+0000] {processor.py:914} INFO - Processing file /home/airflow/.local/lib/python3.12/site-packages/airflow/example_dags/example_python_operator.py for tasks to queue
[2025-04-05T23:45:53.953+0000] {logging_mixin.py:190} INFO - [2025-04-05T23:45:53.953+0000] {dagbag.py:588} INFO - Filling up the DagBag from /home/airflow/.local/lib/python3.12/site-packages/airflow/example_dags/example_python_operator.py
[2025-04-05T23:45:53.958+0000] {processor.py:925} INFO - DAG(s) 'example_python_operator' retrieved from /home/airflow/.local/lib/python3.12/site-packages/airflow/example_dags/example_python_operator.py
[2025-04-05T23:45:53.970+0000] {logging_mixin.py:190} INFO - [2025-04-05T23:45:53.970+0000] {dag.py:3239} INFO - Sync 1 DAGs
[2025-04-05T23:45:53.976+0000] {logging_mixin.py:190} INFO - [2025-04-05T23:45:53.976+0000] {dag.py:4180} INFO - Setting next_dagrun for example_python_operator to None, run_after=None
[2025-04-05T23:45:53.985+0000] {processor.py:208} INFO - Processing /home/airflow/.local/lib/python3.12/site-packages/airflow/example_dags/example_python_operator.py took 0.038 seconds
[2025-04-05T23:46:45.733+0000] {processor.py:186} INFO - Started process (PID=92) to work on /home/airflow/.local/lib/python3.12/site-packages/airflow/example_dags/example_python_operator.py
[2025-04-05T23:46:45.734+0000] {processor.py:914} INFO - Processing file /home/airflow/.local/lib/python3.12/site-packages/airflow/example_dags/example_python_operator.py for tasks to queue
[2025-04-05T23:46:45.735+0000] {logging_mixin.py:190} INFO - [2025-04-05T23:46:45.735+0000] {dagbag.py:588} INFO - Filling up the DagBag from /home/airflow/.local/lib/python3.12/site-packages/airflow/example_dags/example_python_operator.py
[2025-04-05T23:46:45.742+0000] {processor.py:925} INFO - DAG(s) 'example_python_operator' retrieved from /home/airflow/.local/lib/python3.12/site-packages/airflow/example_dags/example_python_operator.py
[2025-04-05T23:46:45.790+0000] {logging_mixin.py:190} INFO - [2025-04-05T23:46:45.790+0000] {dag.py:3239} INFO - Sync 1 DAGs
[2025-04-05T23:46:45.795+0000] {logging_mixin.py:190} INFO - [2025-04-05T23:46:45.795+0000] {dag.py:4180} INFO - Setting next_dagrun for example_python_operator to None, run_after=None
[2025-04-05T23:46:45.804+0000] {processor.py:208} INFO - Processing /home/airflow/.local/lib/python3.12/site-packages/airflow/example_dags/example_python_operator.py took 0.073 seconds
[2025-04-05T23:47:16.222+0000] {processor.py:186} INFO - Started process (PID=155) to work on /home/airflow/.local/lib/python3.12/site-packages/airflow/example_dags/example_python_operator.py
[2025-04-05T23:47:16.223+0000] {processor.py:914} INFO - Processing file /home/airflow/.local/lib/python3.12/site-packages/airflow/example_dags/example_python_operator.py for tasks to queue
[2025-04-05T23:47:16.225+0000] {logging_mixin.py:190} INFO - [2025-04-05T23:47:16.225+0000] {dagbag.py:588} INFO - Filling up the DagBag from /home/airflow/.local/lib/python3.12/site-packages/airflow/example_dags/example_python_operator.py
[2025-04-05T23:47:16.231+0000] {processor.py:925} INFO - DAG(s) 'example_python_operator' retrieved from /home/airflow/.local/lib/python3.12/site-packages/airflow/example_dags/example_python_operator.py
[2025-04-05T23:47:16.246+0000] {logging_mixin.py:190} INFO - [2025-04-05T23:47:16.245+0000] {dag.py:3239} INFO - Sync 1 DAGs
[2025-04-05T23:47:16.253+0000] {logging_mixin.py:190} INFO - [2025-04-05T23:47:16.252+0000] {dag.py:4180} INFO - Setting next_dagrun for example_python_operator to None, run_after=None
[2025-04-05T23:47:16.259+0000] {processor.py:208} INFO - Processing /home/airflow/.local/lib/python3.12/site-packages/airflow/example_dags/example_python_operator.py took 0.040 seconds
[2025-04-05T23:47:46.359+0000] {processor.py:186} INFO - Started process (PID=219) to work on /home/airflow/.local/lib/python3.12/site-packages/airflow/example_dags/example_python_operator.py
[2025-04-05T23:47:46.360+0000] {processor.py:914} INFO - Processing file /home/airflow/.local/lib/python3.12/site-packages/airflow/example_dags/example_python_operator.py for tasks to queue
[2025-04-05T23:47:46.361+0000] {logging_mixin.py:190} INFO - [2025-04-05T23:47:46.361+0000] {dagbag.py:588} INFO - Filling up the DagBag from /home/airflow/.local/lib/python3.12/site-packages/airflow/example_dags/example_python_operator.py
[2025-04-05T23:47:46.367+0000] {processor.py:925} INFO - DAG(s) 'example_python_operator' retrieved from /home/airflow/.local/lib/python3.12/site-packages/airflow/example_dags/example_python_operator.py
[2025-04-05T23:47:46.376+0000] {logging_mixin.py:190} INFO - [2025-04-05T23:47:46.376+0000] {dag.py:3239} INFO - Sync 1 DAGs
[2025-04-05T23:47:46.383+0000] {logging_mixin.py:190} INFO - [2025-04-05T23:47:46.382+0000] {dag.py:4180} INFO - Setting next_dagrun for example_python_operator to None, run_after=None
[2025-04-05T23:47:46.395+0000] {processor.py:208} INFO - Processing /home/airflow/.local/lib/python3.12/site-packages/airflow/example_dags/example_python_operator.py took 0.039 seconds
[2025-04-05T23:48:16.729+0000] {processor.py:186} INFO - Started process (PID=283) to work on /home/airflow/.local/lib/python3.12/site-packages/airflow/example_dags/example_python_operator.py
[2025-04-05T23:48:16.735+0000] {processor.py:914} INFO - Processing file /home/airflow/.local/lib/python3.12/site-packages/airflow/example_dags/example_python_operator.py for tasks to queue
[2025-04-05T23:48:16.738+0000] {logging_mixin.py:190} INFO - [2025-04-05T23:48:16.738+0000] {dagbag.py:588} INFO - Filling up the DagBag from /home/airflow/.local/lib/python3.12/site-packages/airflow/example_dags/example_python_operator.py
[2025-04-05T23:48:16.746+0000] {processor.py:925} INFO - DAG(s) 'example_python_operator' retrieved from /home/airflow/.local/lib/python3.12/site-packages/airflow/example_dags/example_python_operator.py
[2025-04-05T23:48:16.757+0000] {logging_mixin.py:190} INFO - [2025-04-05T23:48:16.757+0000] {dag.py:3239} INFO - Sync 1 DAGs
[2025-04-05T23:48:16.764+0000] {logging_mixin.py:190} INFO - [2025-04-05T23:48:16.763+0000] {dag.py:4180} INFO - Setting next_dagrun for example_python_operator to None, run_after=None
[2025-04-05T23:48:16.774+0000] {processor.py:208} INFO - Processing /home/airflow/.local/lib/python3.12/site-packages/airflow/example_dags/example_python_operator.py took 0.058 seconds
[2025-04-05T23:48:47.192+0000] {processor.py:186} INFO - Started process (PID=347) to work on /home/airflow/.local/lib/python3.12/site-packages/airflow/example_dags/example_python_operator.py
[2025-04-05T23:48:47.193+0000] {processor.py:914} INFO - Processing file /home/airflow/.local/lib/python3.12/site-packages/airflow/example_dags/example_python_operator.py for tasks to queue
[2025-04-05T23:48:47.195+0000] {logging_mixin.py:190} INFO - [2025-04-05T23:48:47.195+0000] {dagbag.py:588} INFO - Filling up the DagBag from /home/airflow/.local/lib/python3.12/site-packages/airflow/example_dags/example_python_operator.py
[2025-04-05T23:48:47.202+0000] {processor.py:925} INFO - DAG(s) 'example_python_operator' retrieved from /home/airflow/.local/lib/python3.12/site-packages/airflow/example_dags/example_python_operator.py
[2025-04-05T23:48:47.213+0000] {logging_mixin.py:190} INFO - [2025-04-05T23:48:47.213+0000] {dag.py:3239} INFO - Sync 1 DAGs
[2025-04-05T23:48:47.219+0000] {logging_mixin.py:190} INFO - [2025-04-05T23:48:47.219+0000] {dag.py:4180} INFO - Setting next_dagrun for example_python_operator to None, run_after=None
[2025-04-05T23:48:47.230+0000] {processor.py:208} INFO - Processing /home/airflow/.local/lib/python3.12/site-packages/airflow/example_dags/example_python_operator.py took 0.042 seconds
[2025-04-05T23:49:34.196+0000] {processor.py:186} INFO - Started process (PID=94) to work on /home/airflow/.local/lib/python3.12/site-packages/airflow/example_dags/example_python_operator.py
[2025-04-05T23:49:34.198+0000] {processor.py:914} INFO - Processing file /home/airflow/.local/lib/python3.12/site-packages/airflow/example_dags/example_python_operator.py for tasks to queue
[2025-04-05T23:49:34.199+0000] {logging_mixin.py:190} INFO - [2025-04-05T23:49:34.199+0000] {dagbag.py:588} INFO - Filling up the DagBag from /home/airflow/.local/lib/python3.12/site-packages/airflow/example_dags/example_python_operator.py
[2025-04-05T23:49:34.205+0000] {processor.py:925} INFO - DAG(s) 'example_python_operator' retrieved from /home/airflow/.local/lib/python3.12/site-packages/airflow/example_dags/example_python_operator.py
[2025-04-05T23:49:34.254+0000] {logging_mixin.py:190} INFO - [2025-04-05T23:49:34.254+0000] {dag.py:3239} INFO - Sync 1 DAGs
[2025-04-05T23:49:34.259+0000] {logging_mixin.py:190} INFO - [2025-04-05T23:49:34.259+0000] {dag.py:4180} INFO - Setting next_dagrun for example_python_operator to None, run_after=None
[2025-04-05T23:49:34.272+0000] {processor.py:208} INFO - Processing /home/airflow/.local/lib/python3.12/site-packages/airflow/example_dags/example_python_operator.py took 0.078 seconds
[2025-04-05T23:50:04.685+0000] {processor.py:186} INFO - Started process (PID=158) to work on /home/airflow/.local/lib/python3.12/site-packages/airflow/example_dags/example_python_operator.py
[2025-04-05T23:50:04.686+0000] {processor.py:914} INFO - Processing file /home/airflow/.local/lib/python3.12/site-packages/airflow/example_dags/example_python_operator.py for tasks to queue
[2025-04-05T23:50:04.687+0000] {logging_mixin.py:190} INFO - [2025-04-05T23:50:04.686+0000] {dagbag.py:588} INFO - Filling up the DagBag from /home/airflow/.local/lib/python3.12/site-packages/airflow/example_dags/example_python_operator.py
[2025-04-05T23:50:04.692+0000] {processor.py:925} INFO - DAG(s) 'example_python_operator' retrieved from /home/airflow/.local/lib/python3.12/site-packages/airflow/example_dags/example_python_operator.py
[2025-04-05T23:50:04.705+0000] {logging_mixin.py:190} INFO - [2025-04-05T23:50:04.705+0000] {dag.py:3239} INFO - Sync 1 DAGs
[2025-04-05T23:50:04.711+0000] {logging_mixin.py:190} INFO - [2025-04-05T23:50:04.711+0000] {dag.py:4180} INFO - Setting next_dagrun for example_python_operator to None, run_after=None
[2025-04-05T23:50:04.718+0000] {processor.py:208} INFO - Processing /home/airflow/.local/lib/python3.12/site-packages/airflow/example_dags/example_python_operator.py took 0.037 seconds
[2025-04-05T23:50:35.150+0000] {processor.py:186} INFO - Started process (PID=222) to work on /home/airflow/.local/lib/python3.12/site-packages/airflow/example_dags/example_python_operator.py
[2025-04-05T23:50:35.152+0000] {processor.py:914} INFO - Processing file /home/airflow/.local/lib/python3.12/site-packages/airflow/example_dags/example_python_operator.py for tasks to queue
[2025-04-05T23:50:35.153+0000] {logging_mixin.py:190} INFO - [2025-04-05T23:50:35.153+0000] {dagbag.py:588} INFO - Filling up the DagBag from /home/airflow/.local/lib/python3.12/site-packages/airflow/example_dags/example_python_operator.py
[2025-04-05T23:50:35.161+0000] {processor.py:925} INFO - DAG(s) 'example_python_operator' retrieved from /home/airflow/.local/lib/python3.12/site-packages/airflow/example_dags/example_python_operator.py
[2025-04-05T23:50:35.176+0000] {logging_mixin.py:190} INFO - [2025-04-05T23:50:35.176+0000] {dag.py:3239} INFO - Sync 1 DAGs
[2025-04-05T23:50:35.183+0000] {logging_mixin.py:190} INFO - [2025-04-05T23:50:35.182+0000] {dag.py:4180} INFO - Setting next_dagrun for example_python_operator to None, run_after=None
[2025-04-05T23:50:35.195+0000] {processor.py:208} INFO - Processing /home/airflow/.local/lib/python3.12/site-packages/airflow/example_dags/example_python_operator.py took 0.048 seconds
[2025-04-05T23:51:05.456+0000] {processor.py:186} INFO - Started process (PID=286) to work on /home/airflow/.local/lib/python3.12/site-packages/airflow/example_dags/example_python_operator.py
[2025-04-05T23:51:05.457+0000] {processor.py:914} INFO - Processing file /home/airflow/.local/lib/python3.12/site-packages/airflow/example_dags/example_python_operator.py for tasks to queue
[2025-04-05T23:51:05.458+0000] {logging_mixin.py:190} INFO - [2025-04-05T23:51:05.458+0000] {dagbag.py:588} INFO - Filling up the DagBag from /home/airflow/.local/lib/python3.12/site-packages/airflow/example_dags/example_python_operator.py
[2025-04-05T23:51:05.464+0000] {processor.py:925} INFO - DAG(s) 'example_python_operator' retrieved from /home/airflow/.local/lib/python3.12/site-packages/airflow/example_dags/example_python_operator.py
[2025-04-05T23:51:05.477+0000] {logging_mixin.py:190} INFO - [2025-04-05T23:51:05.477+0000] {dag.py:3239} INFO - Sync 1 DAGs
[2025-04-05T23:51:05.483+0000] {logging_mixin.py:190} INFO - [2025-04-05T23:51:05.483+0000] {dag.py:4180} INFO - Setting next_dagrun for example_python_operator to None, run_after=None
[2025-04-05T23:51:05.491+0000] {processor.py:208} INFO - Processing /home/airflow/.local/lib/python3.12/site-packages/airflow/example_dags/example_python_operator.py took 0.038 seconds
[2025-04-05T23:51:35.833+0000] {processor.py:186} INFO - Started process (PID=350) to work on /home/airflow/.local/lib/python3.12/site-packages/airflow/example_dags/example_python_operator.py
[2025-04-05T23:51:35.836+0000] {processor.py:914} INFO - Processing file /home/airflow/.local/lib/python3.12/site-packages/airflow/example_dags/example_python_operator.py for tasks to queue
[2025-04-05T23:51:35.840+0000] {logging_mixin.py:190} INFO - [2025-04-05T23:51:35.839+0000] {dagbag.py:588} INFO - Filling up the DagBag from /home/airflow/.local/lib/python3.12/site-packages/airflow/example_dags/example_python_operator.py
[2025-04-05T23:51:35.845+0000] {processor.py:925} INFO - DAG(s) 'example_python_operator' retrieved from /home/airflow/.local/lib/python3.12/site-packages/airflow/example_dags/example_python_operator.py
[2025-04-05T23:51:35.855+0000] {logging_mixin.py:190} INFO - [2025-04-05T23:51:35.854+0000] {dag.py:3239} INFO - Sync 1 DAGs
[2025-04-05T23:51:35.861+0000] {logging_mixin.py:190} INFO - [2025-04-05T23:51:35.861+0000] {dag.py:4180} INFO - Setting next_dagrun for example_python_operator to None, run_after=None
[2025-04-05T23:51:35.871+0000] {processor.py:208} INFO - Processing /home/airflow/.local/lib/python3.12/site-packages/airflow/example_dags/example_python_operator.py took 0.041 seconds
[2025-04-05T23:52:06.238+0000] {processor.py:186} INFO - Started process (PID=414) to work on /home/airflow/.local/lib/python3.12/site-packages/airflow/example_dags/example_python_operator.py
[2025-04-05T23:52:06.239+0000] {processor.py:914} INFO - Processing file /home/airflow/.local/lib/python3.12/site-packages/airflow/example_dags/example_python_operator.py for tasks to queue
[2025-04-05T23:52:06.240+0000] {logging_mixin.py:190} INFO - [2025-04-05T23:52:06.240+0000] {dagbag.py:588} INFO - Filling up the DagBag from /home/airflow/.local/lib/python3.12/site-packages/airflow/example_dags/example_python_operator.py
[2025-04-05T23:52:06.246+0000] {processor.py:925} INFO - DAG(s) 'example_python_operator' retrieved from /home/airflow/.local/lib/python3.12/site-packages/airflow/example_dags/example_python_operator.py
[2025-04-05T23:52:06.257+0000] {logging_mixin.py:190} INFO - [2025-04-05T23:52:06.256+0000] {dag.py:3239} INFO - Sync 1 DAGs
[2025-04-05T23:52:06.263+0000] {logging_mixin.py:190} INFO - [2025-04-05T23:52:06.263+0000] {dag.py:4180} INFO - Setting next_dagrun for example_python_operator to None, run_after=None
[2025-04-05T23:52:06.277+0000] {processor.py:208} INFO - Processing /home/airflow/.local/lib/python3.12/site-packages/airflow/example_dags/example_python_operator.py took 0.042 seconds
[2025-04-05T23:53:02.573+0000] {processor.py:186} INFO - Started process (PID=100) to work on /home/airflow/.local/lib/python3.12/site-packages/airflow/example_dags/example_python_operator.py
[2025-04-05T23:53:02.573+0000] {processor.py:914} INFO - Processing file /home/airflow/.local/lib/python3.12/site-packages/airflow/example_dags/example_python_operator.py for tasks to queue
[2025-04-05T23:53:02.575+0000] {logging_mixin.py:190} INFO - [2025-04-05T23:53:02.574+0000] {dagbag.py:588} INFO - Filling up the DagBag from /home/airflow/.local/lib/python3.12/site-packages/airflow/example_dags/example_python_operator.py
[2025-04-05T23:53:02.582+0000] {processor.py:925} INFO - DAG(s) 'example_python_operator' retrieved from /home/airflow/.local/lib/python3.12/site-packages/airflow/example_dags/example_python_operator.py
[2025-04-05T23:53:02.671+0000] {logging_mixin.py:190} INFO - [2025-04-05T23:53:02.670+0000] {dag.py:3239} INFO - Sync 1 DAGs
[2025-04-05T23:53:02.676+0000] {logging_mixin.py:190} INFO - [2025-04-05T23:53:02.676+0000] {dag.py:4180} INFO - Setting next_dagrun for example_python_operator to None, run_after=None
[2025-04-05T23:53:02.685+0000] {processor.py:208} INFO - Processing /home/airflow/.local/lib/python3.12/site-packages/airflow/example_dags/example_python_operator.py took 0.115 seconds
[2025-04-05T23:53:51.420+0000] {processor.py:186} INFO - Started process (PID=93) to work on /home/airflow/.local/lib/python3.12/site-packages/airflow/example_dags/example_python_operator.py
[2025-04-05T23:53:51.421+0000] {processor.py:914} INFO - Processing file /home/airflow/.local/lib/python3.12/site-packages/airflow/example_dags/example_python_operator.py for tasks to queue
[2025-04-05T23:53:51.423+0000] {logging_mixin.py:190} INFO - [2025-04-05T23:53:51.423+0000] {dagbag.py:588} INFO - Filling up the DagBag from /home/airflow/.local/lib/python3.12/site-packages/airflow/example_dags/example_python_operator.py
[2025-04-05T23:53:51.429+0000] {processor.py:925} INFO - DAG(s) 'example_python_operator' retrieved from /home/airflow/.local/lib/python3.12/site-packages/airflow/example_dags/example_python_operator.py
[2025-04-05T23:53:51.477+0000] {logging_mixin.py:190} INFO - [2025-04-05T23:53:51.477+0000] {dag.py:3239} INFO - Sync 1 DAGs
[2025-04-05T23:53:51.482+0000] {logging_mixin.py:190} INFO - [2025-04-05T23:53:51.482+0000] {dag.py:4180} INFO - Setting next_dagrun for example_python_operator to None, run_after=None
[2025-04-05T23:53:51.495+0000] {processor.py:208} INFO - Processing /home/airflow/.local/lib/python3.12/site-packages/airflow/example_dags/example_python_operator.py took 0.077 seconds
[2025-04-05T23:54:21.827+0000] {processor.py:186} INFO - Started process (PID=157) to work on /home/airflow/.local/lib/python3.12/site-packages/airflow/example_dags/example_python_operator.py
[2025-04-05T23:54:21.828+0000] {processor.py:914} INFO - Processing file /home/airflow/.local/lib/python3.12/site-packages/airflow/example_dags/example_python_operator.py for tasks to queue
[2025-04-05T23:54:21.829+0000] {logging_mixin.py:190} INFO - [2025-04-05T23:54:21.828+0000] {dagbag.py:588} INFO - Filling up the DagBag from /home/airflow/.local/lib/python3.12/site-packages/airflow/example_dags/example_python_operator.py
[2025-04-05T23:54:21.834+0000] {processor.py:925} INFO - DAG(s) 'example_python_operator' retrieved from /home/airflow/.local/lib/python3.12/site-packages/airflow/example_dags/example_python_operator.py
[2025-04-05T23:54:21.846+0000] {logging_mixin.py:190} INFO - [2025-04-05T23:54:21.845+0000] {dag.py:3239} INFO - Sync 1 DAGs
[2025-04-05T23:54:21.851+0000] {logging_mixin.py:190} INFO - [2025-04-05T23:54:21.851+0000] {dag.py:4180} INFO - Setting next_dagrun for example_python_operator to None, run_after=None
[2025-04-05T23:54:21.858+0000] {processor.py:208} INFO - Processing /home/airflow/.local/lib/python3.12/site-packages/airflow/example_dags/example_python_operator.py took 0.034 seconds
[2025-04-05T23:55:53.237+0000] {processor.py:186} INFO - Started process (PID=101) to work on /home/airflow/.local/lib/python3.12/site-packages/airflow/example_dags/example_python_operator.py
[2025-04-05T23:55:53.238+0000] {processor.py:914} INFO - Processing file /home/airflow/.local/lib/python3.12/site-packages/airflow/example_dags/example_python_operator.py for tasks to queue
[2025-04-05T23:55:53.242+0000] {logging_mixin.py:190} INFO - [2025-04-05T23:55:53.241+0000] {dagbag.py:588} INFO - Filling up the DagBag from /home/airflow/.local/lib/python3.12/site-packages/airflow/example_dags/example_python_operator.py
[2025-04-05T23:55:53.249+0000] {processor.py:925} INFO - DAG(s) 'example_python_operator' retrieved from /home/airflow/.local/lib/python3.12/site-packages/airflow/example_dags/example_python_operator.py
[2025-04-05T23:55:53.306+0000] {logging_mixin.py:190} INFO - [2025-04-05T23:55:53.305+0000] {dag.py:3239} INFO - Sync 1 DAGs
[2025-04-05T23:55:53.312+0000] {logging_mixin.py:190} INFO - [2025-04-05T23:55:53.312+0000] {dag.py:4180} INFO - Setting next_dagrun for example_python_operator to None, run_after=None
[2025-04-05T23:55:53.321+0000] {processor.py:208} INFO - Processing /home/airflow/.local/lib/python3.12/site-packages/airflow/example_dags/example_python_operator.py took 0.087 seconds
[2025-04-05T23:56:23.526+0000] {processor.py:186} INFO - Started process (PID=165) to work on /home/airflow/.local/lib/python3.12/site-packages/airflow/example_dags/example_python_operator.py
[2025-04-05T23:56:23.529+0000] {processor.py:914} INFO - Processing file /home/airflow/.local/lib/python3.12/site-packages/airflow/example_dags/example_python_operator.py for tasks to queue
[2025-04-05T23:56:23.530+0000] {logging_mixin.py:190} INFO - [2025-04-05T23:56:23.530+0000] {dagbag.py:588} INFO - Filling up the DagBag from /home/airflow/.local/lib/python3.12/site-packages/airflow/example_dags/example_python_operator.py
[2025-04-05T23:56:23.536+0000] {processor.py:925} INFO - DAG(s) 'example_python_operator' retrieved from /home/airflow/.local/lib/python3.12/site-packages/airflow/example_dags/example_python_operator.py
[2025-04-05T23:56:23.547+0000] {logging_mixin.py:190} INFO - [2025-04-05T23:56:23.547+0000] {dag.py:3239} INFO - Sync 1 DAGs
[2025-04-05T23:56:23.555+0000] {logging_mixin.py:190} INFO - [2025-04-05T23:56:23.555+0000] {dag.py:4180} INFO - Setting next_dagrun for example_python_operator to None, run_after=None
[2025-04-05T23:56:23.569+0000] {processor.py:208} INFO - Processing /home/airflow/.local/lib/python3.12/site-packages/airflow/example_dags/example_python_operator.py took 0.046 seconds
