[2025-04-05T20:06:50.429+0000] {processor.py:186} INFO - Started process (PID=52) to work on /home/airflow/.local/lib/python3.12/site-packages/airflow/example_dags/tutorial_taskflow_api.py
[2025-04-05T20:06:50.431+0000] {processor.py:914} INFO - Processing file /home/airflow/.local/lib/python3.12/site-packages/airflow/example_dags/tutorial_taskflow_api.py for tasks to queue
[2025-04-05T20:06:50.440+0000] {logging_mixin.py:190} INFO - [2025-04-05T20:06:50.440+0000] {dagbag.py:588} INFO - Filling up the DagBag from /home/airflow/.local/lib/python3.12/site-packages/airflow/example_dags/tutorial_taskflow_api.py
[2025-04-05T20:06:50.457+0000] {processor.py:925} INFO - DAG(s) 'tutorial_taskflow_api' retrieved from /home/airflow/.local/lib/python3.12/site-packages/airflow/example_dags/tutorial_taskflow_api.py
[2025-04-05T20:06:50.532+0000] {logging_mixin.py:190} INFO - [2025-04-05T20:06:50.531+0000] {override.py:1912} INFO - Created Permission View: can edit on DAG:tutorial_taskflow_api
[2025-04-05T20:06:50.536+0000] {logging_mixin.py:190} INFO - [2025-04-05T20:06:50.536+0000] {override.py:1912} INFO - Created Permission View: can read on DAG:tutorial_taskflow_api
[2025-04-05T20:06:50.539+0000] {logging_mixin.py:190} INFO - [2025-04-05T20:06:50.539+0000] {override.py:1912} INFO - Created Permission View: can delete on DAG:tutorial_taskflow_api
[2025-04-05T20:06:50.543+0000] {logging_mixin.py:190} INFO - [2025-04-05T20:06:50.543+0000] {override.py:1912} INFO - Created Permission View: can create on DAG Run:tutorial_taskflow_api
[2025-04-05T20:06:50.552+0000] {logging_mixin.py:190} INFO - [2025-04-05T20:06:50.552+0000] {override.py:1912} INFO - Created Permission View: can read on DAG Run:tutorial_taskflow_api
[2025-04-05T20:06:50.560+0000] {logging_mixin.py:190} INFO - [2025-04-05T20:06:50.559+0000] {override.py:1912} INFO - Created Permission View: can delete on DAG Run:tutorial_taskflow_api
[2025-04-05T20:06:50.567+0000] {logging_mixin.py:190} INFO - [2025-04-05T20:06:50.567+0000] {override.py:1912} INFO - Created Permission View: menu access on DAG Run:tutorial_taskflow_api
[2025-04-05T20:06:50.567+0000] {logging_mixin.py:190} INFO - [2025-04-05T20:06:50.567+0000] {dag.py:3239} INFO - Sync 1 DAGs
[2025-04-05T20:06:50.576+0000] {logging_mixin.py:190} INFO - [2025-04-05T20:06:50.576+0000] {dag.py:3262} INFO - Creating ORM DAG for tutorial_taskflow_api
[2025-04-05T20:06:50.577+0000] {logging_mixin.py:190} INFO - [2025-04-05T20:06:50.577+0000] {dag.py:4180} INFO - Setting next_dagrun for tutorial_taskflow_api to None, run_after=None
[2025-04-05T20:06:50.590+0000] {processor.py:208} INFO - Processing /home/airflow/.local/lib/python3.12/site-packages/airflow/example_dags/tutorial_taskflow_api.py took 0.168 seconds
[2025-04-05T20:07:20.687+0000] {processor.py:186} INFO - Started process (PID=115) to work on /home/airflow/.local/lib/python3.12/site-packages/airflow/example_dags/tutorial_taskflow_api.py
[2025-04-05T20:07:20.688+0000] {processor.py:914} INFO - Processing file /home/airflow/.local/lib/python3.12/site-packages/airflow/example_dags/tutorial_taskflow_api.py for tasks to queue
[2025-04-05T20:07:20.689+0000] {logging_mixin.py:190} INFO - [2025-04-05T20:07:20.689+0000] {dagbag.py:588} INFO - Filling up the DagBag from /home/airflow/.local/lib/python3.12/site-packages/airflow/example_dags/tutorial_taskflow_api.py
[2025-04-05T20:07:20.693+0000] {processor.py:925} INFO - DAG(s) 'tutorial_taskflow_api' retrieved from /home/airflow/.local/lib/python3.12/site-packages/airflow/example_dags/tutorial_taskflow_api.py
[2025-04-05T20:07:20.703+0000] {logging_mixin.py:190} INFO - [2025-04-05T20:07:20.702+0000] {dag.py:3239} INFO - Sync 1 DAGs
[2025-04-05T20:07:20.710+0000] {logging_mixin.py:190} INFO - [2025-04-05T20:07:20.710+0000] {dag.py:4180} INFO - Setting next_dagrun for tutorial_taskflow_api to None, run_after=None
[2025-04-05T20:07:20.720+0000] {processor.py:208} INFO - Processing /home/airflow/.local/lib/python3.12/site-packages/airflow/example_dags/tutorial_taskflow_api.py took 0.035 seconds
[2025-04-05T20:07:51.789+0000] {processor.py:186} INFO - Started process (PID=178) to work on /home/airflow/.local/lib/python3.12/site-packages/airflow/example_dags/tutorial_taskflow_api.py
[2025-04-05T20:07:51.790+0000] {processor.py:914} INFO - Processing file /home/airflow/.local/lib/python3.12/site-packages/airflow/example_dags/tutorial_taskflow_api.py for tasks to queue
[2025-04-05T20:07:51.791+0000] {logging_mixin.py:190} INFO - [2025-04-05T20:07:51.791+0000] {dagbag.py:588} INFO - Filling up the DagBag from /home/airflow/.local/lib/python3.12/site-packages/airflow/example_dags/tutorial_taskflow_api.py
[2025-04-05T20:07:51.796+0000] {processor.py:925} INFO - DAG(s) 'tutorial_taskflow_api' retrieved from /home/airflow/.local/lib/python3.12/site-packages/airflow/example_dags/tutorial_taskflow_api.py
[2025-04-05T20:07:51.806+0000] {logging_mixin.py:190} INFO - [2025-04-05T20:07:51.806+0000] {dag.py:3239} INFO - Sync 1 DAGs
[2025-04-05T20:07:51.813+0000] {logging_mixin.py:190} INFO - [2025-04-05T20:07:51.813+0000] {dag.py:4180} INFO - Setting next_dagrun for tutorial_taskflow_api to None, run_after=None
[2025-04-05T20:07:51.821+0000] {processor.py:208} INFO - Processing /home/airflow/.local/lib/python3.12/site-packages/airflow/example_dags/tutorial_taskflow_api.py took 0.035 seconds
[2025-04-05T20:08:22.481+0000] {processor.py:186} INFO - Started process (PID=241) to work on /home/airflow/.local/lib/python3.12/site-packages/airflow/example_dags/tutorial_taskflow_api.py
[2025-04-05T20:08:22.484+0000] {processor.py:914} INFO - Processing file /home/airflow/.local/lib/python3.12/site-packages/airflow/example_dags/tutorial_taskflow_api.py for tasks to queue
[2025-04-05T20:08:22.486+0000] {logging_mixin.py:190} INFO - [2025-04-05T20:08:22.485+0000] {dagbag.py:588} INFO - Filling up the DagBag from /home/airflow/.local/lib/python3.12/site-packages/airflow/example_dags/tutorial_taskflow_api.py
[2025-04-05T20:08:22.489+0000] {processor.py:925} INFO - DAG(s) 'tutorial_taskflow_api' retrieved from /home/airflow/.local/lib/python3.12/site-packages/airflow/example_dags/tutorial_taskflow_api.py
[2025-04-05T20:08:22.498+0000] {logging_mixin.py:190} INFO - [2025-04-05T20:08:22.497+0000] {dag.py:3239} INFO - Sync 1 DAGs
[2025-04-05T20:08:22.508+0000] {logging_mixin.py:190} INFO - [2025-04-05T20:08:22.508+0000] {dag.py:4180} INFO - Setting next_dagrun for tutorial_taskflow_api to None, run_after=None
[2025-04-05T20:08:22.516+0000] {processor.py:208} INFO - Processing /home/airflow/.local/lib/python3.12/site-packages/airflow/example_dags/tutorial_taskflow_api.py took 0.038 seconds
[2025-04-05T23:17:32.874+0000] {processor.py:186} INFO - Started process (PID=45) to work on /home/airflow/.local/lib/python3.12/site-packages/airflow/example_dags/tutorial_taskflow_api.py
[2025-04-05T23:17:32.875+0000] {processor.py:914} INFO - Processing file /home/airflow/.local/lib/python3.12/site-packages/airflow/example_dags/tutorial_taskflow_api.py for tasks to queue
[2025-04-05T23:17:32.878+0000] {logging_mixin.py:190} INFO - [2025-04-05T23:17:32.877+0000] {dagbag.py:588} INFO - Filling up the DagBag from /home/airflow/.local/lib/python3.12/site-packages/airflow/example_dags/tutorial_taskflow_api.py
[2025-04-05T23:17:32.885+0000] {processor.py:925} INFO - DAG(s) 'tutorial_taskflow_api' retrieved from /home/airflow/.local/lib/python3.12/site-packages/airflow/example_dags/tutorial_taskflow_api.py
[2025-04-05T23:17:33.113+0000] {logging_mixin.py:190} INFO - [2025-04-05T23:17:33.113+0000] {dag.py:3239} INFO - Sync 1 DAGs
[2025-04-05T23:17:33.128+0000] {logging_mixin.py:190} INFO - [2025-04-05T23:17:33.127+0000] {dag.py:4180} INFO - Setting next_dagrun for tutorial_taskflow_api to None, run_after=None
[2025-04-05T23:17:33.150+0000] {processor.py:208} INFO - Processing /home/airflow/.local/lib/python3.12/site-packages/airflow/example_dags/tutorial_taskflow_api.py took 0.280 seconds
[2025-04-05T23:17:59.425+0000] {processor.py:186} INFO - Started process (PID=47) to work on /home/airflow/.local/lib/python3.12/site-packages/airflow/example_dags/tutorial_taskflow_api.py
[2025-04-05T23:17:59.426+0000] {processor.py:914} INFO - Processing file /home/airflow/.local/lib/python3.12/site-packages/airflow/example_dags/tutorial_taskflow_api.py for tasks to queue
[2025-04-05T23:17:59.428+0000] {logging_mixin.py:190} INFO - [2025-04-05T23:17:59.427+0000] {dagbag.py:588} INFO - Filling up the DagBag from /home/airflow/.local/lib/python3.12/site-packages/airflow/example_dags/tutorial_taskflow_api.py
[2025-04-05T23:17:59.435+0000] {processor.py:925} INFO - DAG(s) 'tutorial_taskflow_api' retrieved from /home/airflow/.local/lib/python3.12/site-packages/airflow/example_dags/tutorial_taskflow_api.py
[2025-04-05T23:17:59.450+0000] {logging_mixin.py:190} INFO - [2025-04-05T23:17:59.449+0000] {dag.py:3239} INFO - Sync 1 DAGs
[2025-04-05T23:17:59.619+0000] {logging_mixin.py:190} INFO - [2025-04-05T23:17:59.619+0000] {dag.py:4180} INFO - Setting next_dagrun for tutorial_taskflow_api to None, run_after=None
[2025-04-05T23:17:59.631+0000] {processor.py:208} INFO - Processing /home/airflow/.local/lib/python3.12/site-packages/airflow/example_dags/tutorial_taskflow_api.py took 0.213 seconds
[2025-04-05T23:18:30.516+0000] {processor.py:186} INFO - Started process (PID=110) to work on /home/airflow/.local/lib/python3.12/site-packages/airflow/example_dags/tutorial_taskflow_api.py
[2025-04-05T23:18:30.517+0000] {processor.py:914} INFO - Processing file /home/airflow/.local/lib/python3.12/site-packages/airflow/example_dags/tutorial_taskflow_api.py for tasks to queue
[2025-04-05T23:18:30.519+0000] {logging_mixin.py:190} INFO - [2025-04-05T23:18:30.518+0000] {dagbag.py:588} INFO - Filling up the DagBag from /home/airflow/.local/lib/python3.12/site-packages/airflow/example_dags/tutorial_taskflow_api.py
[2025-04-05T23:18:30.524+0000] {processor.py:925} INFO - DAG(s) 'tutorial_taskflow_api' retrieved from /home/airflow/.local/lib/python3.12/site-packages/airflow/example_dags/tutorial_taskflow_api.py
[2025-04-05T23:18:30.541+0000] {logging_mixin.py:190} INFO - [2025-04-05T23:18:30.540+0000] {dag.py:3239} INFO - Sync 1 DAGs
[2025-04-05T23:18:30.549+0000] {logging_mixin.py:190} INFO - [2025-04-05T23:18:30.549+0000] {dag.py:4180} INFO - Setting next_dagrun for tutorial_taskflow_api to None, run_after=None
[2025-04-05T23:18:30.561+0000] {processor.py:208} INFO - Processing /home/airflow/.local/lib/python3.12/site-packages/airflow/example_dags/tutorial_taskflow_api.py took 0.051 seconds
[2025-04-05T23:19:00.772+0000] {processor.py:186} INFO - Started process (PID=174) to work on /home/airflow/.local/lib/python3.12/site-packages/airflow/example_dags/tutorial_taskflow_api.py
[2025-04-05T23:19:00.775+0000] {processor.py:914} INFO - Processing file /home/airflow/.local/lib/python3.12/site-packages/airflow/example_dags/tutorial_taskflow_api.py for tasks to queue
[2025-04-05T23:19:00.777+0000] {logging_mixin.py:190} INFO - [2025-04-05T23:19:00.777+0000] {dagbag.py:588} INFO - Filling up the DagBag from /home/airflow/.local/lib/python3.12/site-packages/airflow/example_dags/tutorial_taskflow_api.py
[2025-04-05T23:19:00.783+0000] {processor.py:925} INFO - DAG(s) 'tutorial_taskflow_api' retrieved from /home/airflow/.local/lib/python3.12/site-packages/airflow/example_dags/tutorial_taskflow_api.py
[2025-04-05T23:19:00.794+0000] {logging_mixin.py:190} INFO - [2025-04-05T23:19:00.794+0000] {dag.py:3239} INFO - Sync 1 DAGs
[2025-04-05T23:19:00.800+0000] {logging_mixin.py:190} INFO - [2025-04-05T23:19:00.800+0000] {dag.py:4180} INFO - Setting next_dagrun for tutorial_taskflow_api to None, run_after=None
[2025-04-05T23:19:00.809+0000] {processor.py:208} INFO - Processing /home/airflow/.local/lib/python3.12/site-packages/airflow/example_dags/tutorial_taskflow_api.py took 0.040 seconds
[2025-04-05T23:19:30.957+0000] {processor.py:186} INFO - Started process (PID=238) to work on /home/airflow/.local/lib/python3.12/site-packages/airflow/example_dags/tutorial_taskflow_api.py
[2025-04-05T23:19:30.958+0000] {processor.py:914} INFO - Processing file /home/airflow/.local/lib/python3.12/site-packages/airflow/example_dags/tutorial_taskflow_api.py for tasks to queue
[2025-04-05T23:19:30.960+0000] {logging_mixin.py:190} INFO - [2025-04-05T23:19:30.960+0000] {dagbag.py:588} INFO - Filling up the DagBag from /home/airflow/.local/lib/python3.12/site-packages/airflow/example_dags/tutorial_taskflow_api.py
[2025-04-05T23:19:30.971+0000] {processor.py:925} INFO - DAG(s) 'tutorial_taskflow_api' retrieved from /home/airflow/.local/lib/python3.12/site-packages/airflow/example_dags/tutorial_taskflow_api.py
[2025-04-05T23:19:30.988+0000] {logging_mixin.py:190} INFO - [2025-04-05T23:19:30.988+0000] {dag.py:3239} INFO - Sync 1 DAGs
[2025-04-05T23:19:30.997+0000] {logging_mixin.py:190} INFO - [2025-04-05T23:19:30.997+0000] {dag.py:4180} INFO - Setting next_dagrun for tutorial_taskflow_api to None, run_after=None
[2025-04-05T23:19:31.008+0000] {processor.py:208} INFO - Processing /home/airflow/.local/lib/python3.12/site-packages/airflow/example_dags/tutorial_taskflow_api.py took 0.057 seconds
[2025-04-05T23:20:01.215+0000] {processor.py:186} INFO - Started process (PID=302) to work on /home/airflow/.local/lib/python3.12/site-packages/airflow/example_dags/tutorial_taskflow_api.py
[2025-04-05T23:20:01.218+0000] {processor.py:914} INFO - Processing file /home/airflow/.local/lib/python3.12/site-packages/airflow/example_dags/tutorial_taskflow_api.py for tasks to queue
[2025-04-05T23:20:01.220+0000] {logging_mixin.py:190} INFO - [2025-04-05T23:20:01.220+0000] {dagbag.py:588} INFO - Filling up the DagBag from /home/airflow/.local/lib/python3.12/site-packages/airflow/example_dags/tutorial_taskflow_api.py
[2025-04-05T23:20:01.229+0000] {processor.py:925} INFO - DAG(s) 'tutorial_taskflow_api' retrieved from /home/airflow/.local/lib/python3.12/site-packages/airflow/example_dags/tutorial_taskflow_api.py
[2025-04-05T23:20:01.252+0000] {logging_mixin.py:190} INFO - [2025-04-05T23:20:01.251+0000] {dag.py:3239} INFO - Sync 1 DAGs
[2025-04-05T23:20:01.261+0000] {logging_mixin.py:190} INFO - [2025-04-05T23:20:01.261+0000] {dag.py:4180} INFO - Setting next_dagrun for tutorial_taskflow_api to None, run_after=None
[2025-04-05T23:20:01.276+0000] {processor.py:208} INFO - Processing /home/airflow/.local/lib/python3.12/site-packages/airflow/example_dags/tutorial_taskflow_api.py took 0.068 seconds
[2025-04-05T23:20:31.486+0000] {processor.py:186} INFO - Started process (PID=366) to work on /home/airflow/.local/lib/python3.12/site-packages/airflow/example_dags/tutorial_taskflow_api.py
[2025-04-05T23:20:31.488+0000] {processor.py:914} INFO - Processing file /home/airflow/.local/lib/python3.12/site-packages/airflow/example_dags/tutorial_taskflow_api.py for tasks to queue
[2025-04-05T23:20:31.491+0000] {logging_mixin.py:190} INFO - [2025-04-05T23:20:31.491+0000] {dagbag.py:588} INFO - Filling up the DagBag from /home/airflow/.local/lib/python3.12/site-packages/airflow/example_dags/tutorial_taskflow_api.py
[2025-04-05T23:20:31.499+0000] {processor.py:925} INFO - DAG(s) 'tutorial_taskflow_api' retrieved from /home/airflow/.local/lib/python3.12/site-packages/airflow/example_dags/tutorial_taskflow_api.py
[2025-04-05T23:20:31.524+0000] {logging_mixin.py:190} INFO - [2025-04-05T23:20:31.523+0000] {dag.py:3239} INFO - Sync 1 DAGs
[2025-04-05T23:20:31.532+0000] {logging_mixin.py:190} INFO - [2025-04-05T23:20:31.532+0000] {dag.py:4180} INFO - Setting next_dagrun for tutorial_taskflow_api to None, run_after=None
[2025-04-05T23:20:31.540+0000] {processor.py:208} INFO - Processing /home/airflow/.local/lib/python3.12/site-packages/airflow/example_dags/tutorial_taskflow_api.py took 0.061 seconds
[2025-04-05T23:21:01.716+0000] {processor.py:186} INFO - Started process (PID=430) to work on /home/airflow/.local/lib/python3.12/site-packages/airflow/example_dags/tutorial_taskflow_api.py
[2025-04-05T23:21:01.717+0000] {processor.py:914} INFO - Processing file /home/airflow/.local/lib/python3.12/site-packages/airflow/example_dags/tutorial_taskflow_api.py for tasks to queue
[2025-04-05T23:21:01.720+0000] {logging_mixin.py:190} INFO - [2025-04-05T23:21:01.719+0000] {dagbag.py:588} INFO - Filling up the DagBag from /home/airflow/.local/lib/python3.12/site-packages/airflow/example_dags/tutorial_taskflow_api.py
[2025-04-05T23:21:01.727+0000] {processor.py:925} INFO - DAG(s) 'tutorial_taskflow_api' retrieved from /home/airflow/.local/lib/python3.12/site-packages/airflow/example_dags/tutorial_taskflow_api.py
[2025-04-05T23:21:01.750+0000] {logging_mixin.py:190} INFO - [2025-04-05T23:21:01.749+0000] {dag.py:3239} INFO - Sync 1 DAGs
[2025-04-05T23:21:01.763+0000] {logging_mixin.py:190} INFO - [2025-04-05T23:21:01.763+0000] {dag.py:4180} INFO - Setting next_dagrun for tutorial_taskflow_api to None, run_after=None
[2025-04-05T23:21:01.775+0000] {processor.py:208} INFO - Processing /home/airflow/.local/lib/python3.12/site-packages/airflow/example_dags/tutorial_taskflow_api.py took 0.064 seconds
[2025-04-05T23:21:32.100+0000] {processor.py:186} INFO - Started process (PID=500) to work on /home/airflow/.local/lib/python3.12/site-packages/airflow/example_dags/tutorial_taskflow_api.py
[2025-04-05T23:21:32.101+0000] {processor.py:914} INFO - Processing file /home/airflow/.local/lib/python3.12/site-packages/airflow/example_dags/tutorial_taskflow_api.py for tasks to queue
[2025-04-05T23:21:32.103+0000] {logging_mixin.py:190} INFO - [2025-04-05T23:21:32.103+0000] {dagbag.py:588} INFO - Filling up the DagBag from /home/airflow/.local/lib/python3.12/site-packages/airflow/example_dags/tutorial_taskflow_api.py
[2025-04-05T23:21:32.110+0000] {processor.py:925} INFO - DAG(s) 'tutorial_taskflow_api' retrieved from /home/airflow/.local/lib/python3.12/site-packages/airflow/example_dags/tutorial_taskflow_api.py
[2025-04-05T23:21:32.126+0000] {logging_mixin.py:190} INFO - [2025-04-05T23:21:32.126+0000] {dag.py:3239} INFO - Sync 1 DAGs
[2025-04-05T23:21:32.134+0000] {logging_mixin.py:190} INFO - [2025-04-05T23:21:32.134+0000] {dag.py:4180} INFO - Setting next_dagrun for tutorial_taskflow_api to None, run_after=None
[2025-04-05T23:21:32.150+0000] {processor.py:208} INFO - Processing /home/airflow/.local/lib/python3.12/site-packages/airflow/example_dags/tutorial_taskflow_api.py took 0.055 seconds
[2025-04-05T23:22:02.342+0000] {processor.py:186} INFO - Started process (PID=564) to work on /home/airflow/.local/lib/python3.12/site-packages/airflow/example_dags/tutorial_taskflow_api.py
[2025-04-05T23:22:02.344+0000] {processor.py:914} INFO - Processing file /home/airflow/.local/lib/python3.12/site-packages/airflow/example_dags/tutorial_taskflow_api.py for tasks to queue
[2025-04-05T23:22:02.348+0000] {logging_mixin.py:190} INFO - [2025-04-05T23:22:02.348+0000] {dagbag.py:588} INFO - Filling up the DagBag from /home/airflow/.local/lib/python3.12/site-packages/airflow/example_dags/tutorial_taskflow_api.py
[2025-04-05T23:22:02.359+0000] {processor.py:925} INFO - DAG(s) 'tutorial_taskflow_api' retrieved from /home/airflow/.local/lib/python3.12/site-packages/airflow/example_dags/tutorial_taskflow_api.py
[2025-04-05T23:22:02.377+0000] {logging_mixin.py:190} INFO - [2025-04-05T23:22:02.376+0000] {dag.py:3239} INFO - Sync 1 DAGs
[2025-04-05T23:22:02.386+0000] {logging_mixin.py:190} INFO - [2025-04-05T23:22:02.386+0000] {dag.py:4180} INFO - Setting next_dagrun for tutorial_taskflow_api to None, run_after=None
[2025-04-05T23:22:02.400+0000] {processor.py:208} INFO - Processing /home/airflow/.local/lib/python3.12/site-packages/airflow/example_dags/tutorial_taskflow_api.py took 0.065 seconds
[2025-04-05T23:22:32.474+0000] {processor.py:186} INFO - Started process (PID=628) to work on /home/airflow/.local/lib/python3.12/site-packages/airflow/example_dags/tutorial_taskflow_api.py
[2025-04-05T23:22:32.475+0000] {processor.py:914} INFO - Processing file /home/airflow/.local/lib/python3.12/site-packages/airflow/example_dags/tutorial_taskflow_api.py for tasks to queue
[2025-04-05T23:22:32.477+0000] {logging_mixin.py:190} INFO - [2025-04-05T23:22:32.477+0000] {dagbag.py:588} INFO - Filling up the DagBag from /home/airflow/.local/lib/python3.12/site-packages/airflow/example_dags/tutorial_taskflow_api.py
[2025-04-05T23:22:32.483+0000] {processor.py:925} INFO - DAG(s) 'tutorial_taskflow_api' retrieved from /home/airflow/.local/lib/python3.12/site-packages/airflow/example_dags/tutorial_taskflow_api.py
[2025-04-05T23:22:32.502+0000] {logging_mixin.py:190} INFO - [2025-04-05T23:22:32.502+0000] {dag.py:3239} INFO - Sync 1 DAGs
[2025-04-05T23:22:32.512+0000] {logging_mixin.py:190} INFO - [2025-04-05T23:22:32.511+0000] {dag.py:4180} INFO - Setting next_dagrun for tutorial_taskflow_api to None, run_after=None
[2025-04-05T23:22:32.521+0000] {processor.py:208} INFO - Processing /home/airflow/.local/lib/python3.12/site-packages/airflow/example_dags/tutorial_taskflow_api.py took 0.055 seconds
[2025-04-05T23:23:02.766+0000] {processor.py:186} INFO - Started process (PID=692) to work on /home/airflow/.local/lib/python3.12/site-packages/airflow/example_dags/tutorial_taskflow_api.py
[2025-04-05T23:23:02.768+0000] {processor.py:914} INFO - Processing file /home/airflow/.local/lib/python3.12/site-packages/airflow/example_dags/tutorial_taskflow_api.py for tasks to queue
[2025-04-05T23:23:02.770+0000] {logging_mixin.py:190} INFO - [2025-04-05T23:23:02.770+0000] {dagbag.py:588} INFO - Filling up the DagBag from /home/airflow/.local/lib/python3.12/site-packages/airflow/example_dags/tutorial_taskflow_api.py
[2025-04-05T23:23:02.777+0000] {processor.py:925} INFO - DAG(s) 'tutorial_taskflow_api' retrieved from /home/airflow/.local/lib/python3.12/site-packages/airflow/example_dags/tutorial_taskflow_api.py
[2025-04-05T23:23:02.792+0000] {logging_mixin.py:190} INFO - [2025-04-05T23:23:02.792+0000] {dag.py:3239} INFO - Sync 1 DAGs
[2025-04-05T23:23:02.802+0000] {logging_mixin.py:190} INFO - [2025-04-05T23:23:02.802+0000] {dag.py:4180} INFO - Setting next_dagrun for tutorial_taskflow_api to None, run_after=None
[2025-04-05T23:23:02.817+0000] {processor.py:208} INFO - Processing /home/airflow/.local/lib/python3.12/site-packages/airflow/example_dags/tutorial_taskflow_api.py took 0.059 seconds
[2025-04-05T23:23:32.989+0000] {processor.py:186} INFO - Started process (PID=756) to work on /home/airflow/.local/lib/python3.12/site-packages/airflow/example_dags/tutorial_taskflow_api.py
[2025-04-05T23:23:32.990+0000] {processor.py:914} INFO - Processing file /home/airflow/.local/lib/python3.12/site-packages/airflow/example_dags/tutorial_taskflow_api.py for tasks to queue
[2025-04-05T23:23:32.991+0000] {logging_mixin.py:190} INFO - [2025-04-05T23:23:32.991+0000] {dagbag.py:588} INFO - Filling up the DagBag from /home/airflow/.local/lib/python3.12/site-packages/airflow/example_dags/tutorial_taskflow_api.py
[2025-04-05T23:23:32.996+0000] {processor.py:925} INFO - DAG(s) 'tutorial_taskflow_api' retrieved from /home/airflow/.local/lib/python3.12/site-packages/airflow/example_dags/tutorial_taskflow_api.py
[2025-04-05T23:23:33.008+0000] {logging_mixin.py:190} INFO - [2025-04-05T23:23:33.007+0000] {dag.py:3239} INFO - Sync 1 DAGs
[2025-04-05T23:23:33.014+0000] {logging_mixin.py:190} INFO - [2025-04-05T23:23:33.014+0000] {dag.py:4180} INFO - Setting next_dagrun for tutorial_taskflow_api to None, run_after=None
[2025-04-05T23:23:33.033+0000] {processor.py:208} INFO - Processing /home/airflow/.local/lib/python3.12/site-packages/airflow/example_dags/tutorial_taskflow_api.py took 0.051 seconds
[2025-04-05T23:24:03.195+0000] {processor.py:186} INFO - Started process (PID=820) to work on /home/airflow/.local/lib/python3.12/site-packages/airflow/example_dags/tutorial_taskflow_api.py
[2025-04-05T23:24:03.196+0000] {processor.py:914} INFO - Processing file /home/airflow/.local/lib/python3.12/site-packages/airflow/example_dags/tutorial_taskflow_api.py for tasks to queue
[2025-04-05T23:24:03.198+0000] {logging_mixin.py:190} INFO - [2025-04-05T23:24:03.198+0000] {dagbag.py:588} INFO - Filling up the DagBag from /home/airflow/.local/lib/python3.12/site-packages/airflow/example_dags/tutorial_taskflow_api.py
[2025-04-05T23:24:03.203+0000] {processor.py:925} INFO - DAG(s) 'tutorial_taskflow_api' retrieved from /home/airflow/.local/lib/python3.12/site-packages/airflow/example_dags/tutorial_taskflow_api.py
[2025-04-05T23:24:03.222+0000] {logging_mixin.py:190} INFO - [2025-04-05T23:24:03.222+0000] {dag.py:3239} INFO - Sync 1 DAGs
[2025-04-05T23:24:03.232+0000] {logging_mixin.py:190} INFO - [2025-04-05T23:24:03.232+0000] {dag.py:4180} INFO - Setting next_dagrun for tutorial_taskflow_api to None, run_after=None
[2025-04-05T23:24:03.243+0000] {processor.py:208} INFO - Processing /home/airflow/.local/lib/python3.12/site-packages/airflow/example_dags/tutorial_taskflow_api.py took 0.053 seconds
[2025-04-05T23:24:29.186+0000] {processor.py:186} INFO - Started process (PID=45) to work on /home/airflow/.local/lib/python3.12/site-packages/airflow/example_dags/tutorial_taskflow_api.py
[2025-04-05T23:24:29.187+0000] {processor.py:914} INFO - Processing file /home/airflow/.local/lib/python3.12/site-packages/airflow/example_dags/tutorial_taskflow_api.py for tasks to queue
[2025-04-05T23:24:29.189+0000] {logging_mixin.py:190} INFO - [2025-04-05T23:24:29.189+0000] {dagbag.py:588} INFO - Filling up the DagBag from /home/airflow/.local/lib/python3.12/site-packages/airflow/example_dags/tutorial_taskflow_api.py
[2025-04-05T23:24:29.194+0000] {processor.py:925} INFO - DAG(s) 'tutorial_taskflow_api' retrieved from /home/airflow/.local/lib/python3.12/site-packages/airflow/example_dags/tutorial_taskflow_api.py
[2025-04-05T23:24:29.206+0000] {logging_mixin.py:190} INFO - [2025-04-05T23:24:29.206+0000] {dag.py:3239} INFO - Sync 1 DAGs
[2025-04-05T23:24:29.368+0000] {logging_mixin.py:190} INFO - [2025-04-05T23:24:29.368+0000] {dag.py:4180} INFO - Setting next_dagrun for tutorial_taskflow_api to None, run_after=None
[2025-04-05T23:24:29.383+0000] {processor.py:208} INFO - Processing /home/airflow/.local/lib/python3.12/site-packages/airflow/example_dags/tutorial_taskflow_api.py took 0.203 seconds
[2025-04-05T23:24:59.693+0000] {processor.py:186} INFO - Started process (PID=109) to work on /home/airflow/.local/lib/python3.12/site-packages/airflow/example_dags/tutorial_taskflow_api.py
[2025-04-05T23:24:59.694+0000] {processor.py:914} INFO - Processing file /home/airflow/.local/lib/python3.12/site-packages/airflow/example_dags/tutorial_taskflow_api.py for tasks to queue
[2025-04-05T23:24:59.696+0000] {logging_mixin.py:190} INFO - [2025-04-05T23:24:59.696+0000] {dagbag.py:588} INFO - Filling up the DagBag from /home/airflow/.local/lib/python3.12/site-packages/airflow/example_dags/tutorial_taskflow_api.py
[2025-04-05T23:24:59.700+0000] {processor.py:925} INFO - DAG(s) 'tutorial_taskflow_api' retrieved from /home/airflow/.local/lib/python3.12/site-packages/airflow/example_dags/tutorial_taskflow_api.py
[2025-04-05T23:24:59.713+0000] {logging_mixin.py:190} INFO - [2025-04-05T23:24:59.712+0000] {dag.py:3239} INFO - Sync 1 DAGs
[2025-04-05T23:24:59.720+0000] {logging_mixin.py:190} INFO - [2025-04-05T23:24:59.720+0000] {dag.py:4180} INFO - Setting next_dagrun for tutorial_taskflow_api to None, run_after=None
[2025-04-05T23:24:59.732+0000] {processor.py:208} INFO - Processing /home/airflow/.local/lib/python3.12/site-packages/airflow/example_dags/tutorial_taskflow_api.py took 0.041 seconds
[2025-04-05T23:25:29.963+0000] {processor.py:186} INFO - Started process (PID=173) to work on /home/airflow/.local/lib/python3.12/site-packages/airflow/example_dags/tutorial_taskflow_api.py
[2025-04-05T23:25:29.964+0000] {processor.py:914} INFO - Processing file /home/airflow/.local/lib/python3.12/site-packages/airflow/example_dags/tutorial_taskflow_api.py for tasks to queue
[2025-04-05T23:25:29.966+0000] {logging_mixin.py:190} INFO - [2025-04-05T23:25:29.966+0000] {dagbag.py:588} INFO - Filling up the DagBag from /home/airflow/.local/lib/python3.12/site-packages/airflow/example_dags/tutorial_taskflow_api.py
[2025-04-05T23:25:29.970+0000] {processor.py:925} INFO - DAG(s) 'tutorial_taskflow_api' retrieved from /home/airflow/.local/lib/python3.12/site-packages/airflow/example_dags/tutorial_taskflow_api.py
[2025-04-05T23:25:29.982+0000] {logging_mixin.py:190} INFO - [2025-04-05T23:25:29.982+0000] {dag.py:3239} INFO - Sync 1 DAGs
[2025-04-05T23:25:29.993+0000] {logging_mixin.py:190} INFO - [2025-04-05T23:25:29.993+0000] {dag.py:4180} INFO - Setting next_dagrun for tutorial_taskflow_api to None, run_after=None
[2025-04-05T23:25:30.005+0000] {processor.py:208} INFO - Processing /home/airflow/.local/lib/python3.12/site-packages/airflow/example_dags/tutorial_taskflow_api.py took 0.044 seconds
[2025-04-05T23:26:00.290+0000] {processor.py:186} INFO - Started process (PID=237) to work on /home/airflow/.local/lib/python3.12/site-packages/airflow/example_dags/tutorial_taskflow_api.py
[2025-04-05T23:26:00.293+0000] {processor.py:914} INFO - Processing file /home/airflow/.local/lib/python3.12/site-packages/airflow/example_dags/tutorial_taskflow_api.py for tasks to queue
[2025-04-05T23:26:00.294+0000] {logging_mixin.py:190} INFO - [2025-04-05T23:26:00.294+0000] {dagbag.py:588} INFO - Filling up the DagBag from /home/airflow/.local/lib/python3.12/site-packages/airflow/example_dags/tutorial_taskflow_api.py
[2025-04-05T23:26:00.299+0000] {processor.py:925} INFO - DAG(s) 'tutorial_taskflow_api' retrieved from /home/airflow/.local/lib/python3.12/site-packages/airflow/example_dags/tutorial_taskflow_api.py
[2025-04-05T23:26:00.314+0000] {logging_mixin.py:190} INFO - [2025-04-05T23:26:00.314+0000] {dag.py:3239} INFO - Sync 1 DAGs
[2025-04-05T23:26:00.320+0000] {logging_mixin.py:190} INFO - [2025-04-05T23:26:00.320+0000] {dag.py:4180} INFO - Setting next_dagrun for tutorial_taskflow_api to None, run_after=None
[2025-04-05T23:26:00.337+0000] {processor.py:208} INFO - Processing /home/airflow/.local/lib/python3.12/site-packages/airflow/example_dags/tutorial_taskflow_api.py took 0.049 seconds
[2025-04-05T23:26:30.607+0000] {processor.py:186} INFO - Started process (PID=301) to work on /home/airflow/.local/lib/python3.12/site-packages/airflow/example_dags/tutorial_taskflow_api.py
[2025-04-05T23:26:30.609+0000] {processor.py:914} INFO - Processing file /home/airflow/.local/lib/python3.12/site-packages/airflow/example_dags/tutorial_taskflow_api.py for tasks to queue
[2025-04-05T23:26:30.611+0000] {logging_mixin.py:190} INFO - [2025-04-05T23:26:30.610+0000] {dagbag.py:588} INFO - Filling up the DagBag from /home/airflow/.local/lib/python3.12/site-packages/airflow/example_dags/tutorial_taskflow_api.py
[2025-04-05T23:26:30.615+0000] {processor.py:925} INFO - DAG(s) 'tutorial_taskflow_api' retrieved from /home/airflow/.local/lib/python3.12/site-packages/airflow/example_dags/tutorial_taskflow_api.py
[2025-04-05T23:26:30.624+0000] {logging_mixin.py:190} INFO - [2025-04-05T23:26:30.623+0000] {dag.py:3239} INFO - Sync 1 DAGs
[2025-04-05T23:26:30.629+0000] {logging_mixin.py:190} INFO - [2025-04-05T23:26:30.629+0000] {dag.py:4180} INFO - Setting next_dagrun for tutorial_taskflow_api to None, run_after=None
[2025-04-05T23:26:30.641+0000] {processor.py:208} INFO - Processing /home/airflow/.local/lib/python3.12/site-packages/airflow/example_dags/tutorial_taskflow_api.py took 0.036 seconds
[2025-04-05T23:27:00.749+0000] {processor.py:186} INFO - Started process (PID=365) to work on /home/airflow/.local/lib/python3.12/site-packages/airflow/example_dags/tutorial_taskflow_api.py
[2025-04-05T23:27:00.750+0000] {processor.py:914} INFO - Processing file /home/airflow/.local/lib/python3.12/site-packages/airflow/example_dags/tutorial_taskflow_api.py for tasks to queue
[2025-04-05T23:27:00.751+0000] {logging_mixin.py:190} INFO - [2025-04-05T23:27:00.750+0000] {dagbag.py:588} INFO - Filling up the DagBag from /home/airflow/.local/lib/python3.12/site-packages/airflow/example_dags/tutorial_taskflow_api.py
[2025-04-05T23:27:00.755+0000] {processor.py:925} INFO - DAG(s) 'tutorial_taskflow_api' retrieved from /home/airflow/.local/lib/python3.12/site-packages/airflow/example_dags/tutorial_taskflow_api.py
[2025-04-05T23:27:00.765+0000] {logging_mixin.py:190} INFO - [2025-04-05T23:27:00.765+0000] {dag.py:3239} INFO - Sync 1 DAGs
[2025-04-05T23:27:00.771+0000] {logging_mixin.py:190} INFO - [2025-04-05T23:27:00.771+0000] {dag.py:4180} INFO - Setting next_dagrun for tutorial_taskflow_api to None, run_after=None
[2025-04-05T23:27:00.782+0000] {processor.py:208} INFO - Processing /home/airflow/.local/lib/python3.12/site-packages/airflow/example_dags/tutorial_taskflow_api.py took 0.035 seconds
[2025-04-05T23:27:30.985+0000] {processor.py:186} INFO - Started process (PID=428) to work on /home/airflow/.local/lib/python3.12/site-packages/airflow/example_dags/tutorial_taskflow_api.py
[2025-04-05T23:27:30.985+0000] {processor.py:914} INFO - Processing file /home/airflow/.local/lib/python3.12/site-packages/airflow/example_dags/tutorial_taskflow_api.py for tasks to queue
[2025-04-05T23:27:30.986+0000] {logging_mixin.py:190} INFO - [2025-04-05T23:27:30.986+0000] {dagbag.py:588} INFO - Filling up the DagBag from /home/airflow/.local/lib/python3.12/site-packages/airflow/example_dags/tutorial_taskflow_api.py
[2025-04-05T23:27:30.990+0000] {processor.py:925} INFO - DAG(s) 'tutorial_taskflow_api' retrieved from /home/airflow/.local/lib/python3.12/site-packages/airflow/example_dags/tutorial_taskflow_api.py
[2025-04-05T23:27:31.001+0000] {logging_mixin.py:190} INFO - [2025-04-05T23:27:31.001+0000] {dag.py:3239} INFO - Sync 1 DAGs
[2025-04-05T23:27:31.007+0000] {logging_mixin.py:190} INFO - [2025-04-05T23:27:31.007+0000] {dag.py:4180} INFO - Setting next_dagrun for tutorial_taskflow_api to None, run_after=None
[2025-04-05T23:27:31.014+0000] {processor.py:208} INFO - Processing /home/airflow/.local/lib/python3.12/site-packages/airflow/example_dags/tutorial_taskflow_api.py took 0.033 seconds
[2025-04-05T23:28:01.315+0000] {processor.py:186} INFO - Started process (PID=493) to work on /home/airflow/.local/lib/python3.12/site-packages/airflow/example_dags/tutorial_taskflow_api.py
[2025-04-05T23:28:01.316+0000] {processor.py:914} INFO - Processing file /home/airflow/.local/lib/python3.12/site-packages/airflow/example_dags/tutorial_taskflow_api.py for tasks to queue
[2025-04-05T23:28:01.317+0000] {logging_mixin.py:190} INFO - [2025-04-05T23:28:01.317+0000] {dagbag.py:588} INFO - Filling up the DagBag from /home/airflow/.local/lib/python3.12/site-packages/airflow/example_dags/tutorial_taskflow_api.py
[2025-04-05T23:28:01.322+0000] {processor.py:925} INFO - DAG(s) 'tutorial_taskflow_api' retrieved from /home/airflow/.local/lib/python3.12/site-packages/airflow/example_dags/tutorial_taskflow_api.py
[2025-04-05T23:28:01.334+0000] {logging_mixin.py:190} INFO - [2025-04-05T23:28:01.334+0000] {dag.py:3239} INFO - Sync 1 DAGs
[2025-04-05T23:28:01.342+0000] {logging_mixin.py:190} INFO - [2025-04-05T23:28:01.342+0000] {dag.py:4180} INFO - Setting next_dagrun for tutorial_taskflow_api to None, run_after=None
[2025-04-05T23:28:01.354+0000] {processor.py:208} INFO - Processing /home/airflow/.local/lib/python3.12/site-packages/airflow/example_dags/tutorial_taskflow_api.py took 0.046 seconds
[2025-04-05T23:28:31.534+0000] {processor.py:186} INFO - Started process (PID=557) to work on /home/airflow/.local/lib/python3.12/site-packages/airflow/example_dags/tutorial_taskflow_api.py
[2025-04-05T23:28:31.534+0000] {processor.py:914} INFO - Processing file /home/airflow/.local/lib/python3.12/site-packages/airflow/example_dags/tutorial_taskflow_api.py for tasks to queue
[2025-04-05T23:28:31.536+0000] {logging_mixin.py:190} INFO - [2025-04-05T23:28:31.536+0000] {dagbag.py:588} INFO - Filling up the DagBag from /home/airflow/.local/lib/python3.12/site-packages/airflow/example_dags/tutorial_taskflow_api.py
[2025-04-05T23:28:31.542+0000] {processor.py:925} INFO - DAG(s) 'tutorial_taskflow_api' retrieved from /home/airflow/.local/lib/python3.12/site-packages/airflow/example_dags/tutorial_taskflow_api.py
[2025-04-05T23:28:31.551+0000] {logging_mixin.py:190} INFO - [2025-04-05T23:28:31.551+0000] {dag.py:3239} INFO - Sync 1 DAGs
[2025-04-05T23:28:31.560+0000] {logging_mixin.py:190} INFO - [2025-04-05T23:28:31.560+0000] {dag.py:4180} INFO - Setting next_dagrun for tutorial_taskflow_api to None, run_after=None
[2025-04-05T23:28:31.570+0000] {processor.py:208} INFO - Processing /home/airflow/.local/lib/python3.12/site-packages/airflow/example_dags/tutorial_taskflow_api.py took 0.039 seconds
[2025-04-05T23:29:01.675+0000] {processor.py:186} INFO - Started process (PID=621) to work on /home/airflow/.local/lib/python3.12/site-packages/airflow/example_dags/tutorial_taskflow_api.py
[2025-04-05T23:29:01.676+0000] {processor.py:914} INFO - Processing file /home/airflow/.local/lib/python3.12/site-packages/airflow/example_dags/tutorial_taskflow_api.py for tasks to queue
[2025-04-05T23:29:01.677+0000] {logging_mixin.py:190} INFO - [2025-04-05T23:29:01.677+0000] {dagbag.py:588} INFO - Filling up the DagBag from /home/airflow/.local/lib/python3.12/site-packages/airflow/example_dags/tutorial_taskflow_api.py
[2025-04-05T23:29:01.682+0000] {processor.py:925} INFO - DAG(s) 'tutorial_taskflow_api' retrieved from /home/airflow/.local/lib/python3.12/site-packages/airflow/example_dags/tutorial_taskflow_api.py
[2025-04-05T23:29:01.695+0000] {logging_mixin.py:190} INFO - [2025-04-05T23:29:01.694+0000] {dag.py:3239} INFO - Sync 1 DAGs
[2025-04-05T23:29:01.700+0000] {logging_mixin.py:190} INFO - [2025-04-05T23:29:01.700+0000] {dag.py:4180} INFO - Setting next_dagrun for tutorial_taskflow_api to None, run_after=None
[2025-04-05T23:29:01.712+0000] {processor.py:208} INFO - Processing /home/airflow/.local/lib/python3.12/site-packages/airflow/example_dags/tutorial_taskflow_api.py took 0.040 seconds
[2025-04-05T23:29:32.220+0000] {processor.py:186} INFO - Started process (PID=685) to work on /home/airflow/.local/lib/python3.12/site-packages/airflow/example_dags/tutorial_taskflow_api.py
[2025-04-05T23:29:32.221+0000] {processor.py:914} INFO - Processing file /home/airflow/.local/lib/python3.12/site-packages/airflow/example_dags/tutorial_taskflow_api.py for tasks to queue
[2025-04-05T23:29:32.222+0000] {logging_mixin.py:190} INFO - [2025-04-05T23:29:32.222+0000] {dagbag.py:588} INFO - Filling up the DagBag from /home/airflow/.local/lib/python3.12/site-packages/airflow/example_dags/tutorial_taskflow_api.py
[2025-04-05T23:29:32.226+0000] {processor.py:925} INFO - DAG(s) 'tutorial_taskflow_api' retrieved from /home/airflow/.local/lib/python3.12/site-packages/airflow/example_dags/tutorial_taskflow_api.py
[2025-04-05T23:29:32.239+0000] {logging_mixin.py:190} INFO - [2025-04-05T23:29:32.238+0000] {dag.py:3239} INFO - Sync 1 DAGs
[2025-04-05T23:29:32.246+0000] {logging_mixin.py:190} INFO - [2025-04-05T23:29:32.246+0000] {dag.py:4180} INFO - Setting next_dagrun for tutorial_taskflow_api to None, run_after=None
[2025-04-05T23:29:32.260+0000] {processor.py:208} INFO - Processing /home/airflow/.local/lib/python3.12/site-packages/airflow/example_dags/tutorial_taskflow_api.py took 0.048 seconds
[2025-04-05T23:30:02.378+0000] {processor.py:186} INFO - Started process (PID=748) to work on /home/airflow/.local/lib/python3.12/site-packages/airflow/example_dags/tutorial_taskflow_api.py
[2025-04-05T23:30:02.380+0000] {processor.py:914} INFO - Processing file /home/airflow/.local/lib/python3.12/site-packages/airflow/example_dags/tutorial_taskflow_api.py for tasks to queue
[2025-04-05T23:30:02.384+0000] {logging_mixin.py:190} INFO - [2025-04-05T23:30:02.383+0000] {dagbag.py:588} INFO - Filling up the DagBag from /home/airflow/.local/lib/python3.12/site-packages/airflow/example_dags/tutorial_taskflow_api.py
[2025-04-05T23:30:02.388+0000] {processor.py:925} INFO - DAG(s) 'tutorial_taskflow_api' retrieved from /home/airflow/.local/lib/python3.12/site-packages/airflow/example_dags/tutorial_taskflow_api.py
[2025-04-05T23:30:02.411+0000] {logging_mixin.py:190} INFO - [2025-04-05T23:30:02.411+0000] {dag.py:3239} INFO - Sync 1 DAGs
[2025-04-05T23:30:02.418+0000] {logging_mixin.py:190} INFO - [2025-04-05T23:30:02.418+0000] {dag.py:4180} INFO - Setting next_dagrun for tutorial_taskflow_api to None, run_after=None
[2025-04-05T23:30:02.429+0000] {processor.py:208} INFO - Processing /home/airflow/.local/lib/python3.12/site-packages/airflow/example_dags/tutorial_taskflow_api.py took 0.055 seconds
[2025-04-05T23:30:32.570+0000] {processor.py:186} INFO - Started process (PID=818) to work on /home/airflow/.local/lib/python3.12/site-packages/airflow/example_dags/tutorial_taskflow_api.py
[2025-04-05T23:30:32.571+0000] {processor.py:914} INFO - Processing file /home/airflow/.local/lib/python3.12/site-packages/airflow/example_dags/tutorial_taskflow_api.py for tasks to queue
[2025-04-05T23:30:32.572+0000] {logging_mixin.py:190} INFO - [2025-04-05T23:30:32.572+0000] {dagbag.py:588} INFO - Filling up the DagBag from /home/airflow/.local/lib/python3.12/site-packages/airflow/example_dags/tutorial_taskflow_api.py
[2025-04-05T23:30:32.576+0000] {processor.py:925} INFO - DAG(s) 'tutorial_taskflow_api' retrieved from /home/airflow/.local/lib/python3.12/site-packages/airflow/example_dags/tutorial_taskflow_api.py
[2025-04-05T23:30:32.588+0000] {logging_mixin.py:190} INFO - [2025-04-05T23:30:32.588+0000] {dag.py:3239} INFO - Sync 1 DAGs
[2025-04-05T23:30:32.595+0000] {logging_mixin.py:190} INFO - [2025-04-05T23:30:32.595+0000] {dag.py:4180} INFO - Setting next_dagrun for tutorial_taskflow_api to None, run_after=None
[2025-04-05T23:30:32.605+0000] {processor.py:208} INFO - Processing /home/airflow/.local/lib/python3.12/site-packages/airflow/example_dags/tutorial_taskflow_api.py took 0.038 seconds
[2025-04-05T23:31:02.833+0000] {processor.py:186} INFO - Started process (PID=882) to work on /home/airflow/.local/lib/python3.12/site-packages/airflow/example_dags/tutorial_taskflow_api.py
[2025-04-05T23:31:02.833+0000] {processor.py:914} INFO - Processing file /home/airflow/.local/lib/python3.12/site-packages/airflow/example_dags/tutorial_taskflow_api.py for tasks to queue
[2025-04-05T23:31:02.834+0000] {logging_mixin.py:190} INFO - [2025-04-05T23:31:02.834+0000] {dagbag.py:588} INFO - Filling up the DagBag from /home/airflow/.local/lib/python3.12/site-packages/airflow/example_dags/tutorial_taskflow_api.py
[2025-04-05T23:31:02.838+0000] {processor.py:925} INFO - DAG(s) 'tutorial_taskflow_api' retrieved from /home/airflow/.local/lib/python3.12/site-packages/airflow/example_dags/tutorial_taskflow_api.py
[2025-04-05T23:31:02.847+0000] {logging_mixin.py:190} INFO - [2025-04-05T23:31:02.847+0000] {dag.py:3239} INFO - Sync 1 DAGs
[2025-04-05T23:31:02.853+0000] {logging_mixin.py:190} INFO - [2025-04-05T23:31:02.853+0000] {dag.py:4180} INFO - Setting next_dagrun for tutorial_taskflow_api to None, run_after=None
[2025-04-05T23:31:02.862+0000] {processor.py:208} INFO - Processing /home/airflow/.local/lib/python3.12/site-packages/airflow/example_dags/tutorial_taskflow_api.py took 0.033 seconds
[2025-04-05T23:31:32.991+0000] {processor.py:186} INFO - Started process (PID=946) to work on /home/airflow/.local/lib/python3.12/site-packages/airflow/example_dags/tutorial_taskflow_api.py
[2025-04-05T23:31:32.993+0000] {processor.py:914} INFO - Processing file /home/airflow/.local/lib/python3.12/site-packages/airflow/example_dags/tutorial_taskflow_api.py for tasks to queue
[2025-04-05T23:31:32.995+0000] {logging_mixin.py:190} INFO - [2025-04-05T23:31:32.995+0000] {dagbag.py:588} INFO - Filling up the DagBag from /home/airflow/.local/lib/python3.12/site-packages/airflow/example_dags/tutorial_taskflow_api.py
[2025-04-05T23:31:32.999+0000] {processor.py:925} INFO - DAG(s) 'tutorial_taskflow_api' retrieved from /home/airflow/.local/lib/python3.12/site-packages/airflow/example_dags/tutorial_taskflow_api.py
[2025-04-05T23:31:33.014+0000] {logging_mixin.py:190} INFO - [2025-04-05T23:31:33.014+0000] {dag.py:3239} INFO - Sync 1 DAGs
[2025-04-05T23:31:33.020+0000] {logging_mixin.py:190} INFO - [2025-04-05T23:31:33.020+0000] {dag.py:4180} INFO - Setting next_dagrun for tutorial_taskflow_api to None, run_after=None
[2025-04-05T23:31:33.030+0000] {processor.py:208} INFO - Processing /home/airflow/.local/lib/python3.12/site-packages/airflow/example_dags/tutorial_taskflow_api.py took 0.041 seconds
[2025-04-05T23:32:03.217+0000] {processor.py:186} INFO - Started process (PID=1010) to work on /home/airflow/.local/lib/python3.12/site-packages/airflow/example_dags/tutorial_taskflow_api.py
[2025-04-05T23:32:03.219+0000] {processor.py:914} INFO - Processing file /home/airflow/.local/lib/python3.12/site-packages/airflow/example_dags/tutorial_taskflow_api.py for tasks to queue
[2025-04-05T23:32:03.220+0000] {logging_mixin.py:190} INFO - [2025-04-05T23:32:03.220+0000] {dagbag.py:588} INFO - Filling up the DagBag from /home/airflow/.local/lib/python3.12/site-packages/airflow/example_dags/tutorial_taskflow_api.py
[2025-04-05T23:32:03.224+0000] {processor.py:925} INFO - DAG(s) 'tutorial_taskflow_api' retrieved from /home/airflow/.local/lib/python3.12/site-packages/airflow/example_dags/tutorial_taskflow_api.py
[2025-04-05T23:32:03.236+0000] {logging_mixin.py:190} INFO - [2025-04-05T23:32:03.236+0000] {dag.py:3239} INFO - Sync 1 DAGs
[2025-04-05T23:32:03.243+0000] {logging_mixin.py:190} INFO - [2025-04-05T23:32:03.243+0000] {dag.py:4180} INFO - Setting next_dagrun for tutorial_taskflow_api to None, run_after=None
[2025-04-05T23:32:03.253+0000] {processor.py:208} INFO - Processing /home/airflow/.local/lib/python3.12/site-packages/airflow/example_dags/tutorial_taskflow_api.py took 0.040 seconds
[2025-04-05T23:32:33.543+0000] {processor.py:186} INFO - Started process (PID=1074) to work on /home/airflow/.local/lib/python3.12/site-packages/airflow/example_dags/tutorial_taskflow_api.py
[2025-04-05T23:32:33.545+0000] {processor.py:914} INFO - Processing file /home/airflow/.local/lib/python3.12/site-packages/airflow/example_dags/tutorial_taskflow_api.py for tasks to queue
[2025-04-05T23:32:33.547+0000] {logging_mixin.py:190} INFO - [2025-04-05T23:32:33.547+0000] {dagbag.py:588} INFO - Filling up the DagBag from /home/airflow/.local/lib/python3.12/site-packages/airflow/example_dags/tutorial_taskflow_api.py
[2025-04-05T23:32:33.551+0000] {processor.py:925} INFO - DAG(s) 'tutorial_taskflow_api' retrieved from /home/airflow/.local/lib/python3.12/site-packages/airflow/example_dags/tutorial_taskflow_api.py
[2025-04-05T23:32:33.563+0000] {logging_mixin.py:190} INFO - [2025-04-05T23:32:33.562+0000] {dag.py:3239} INFO - Sync 1 DAGs
[2025-04-05T23:32:33.568+0000] {logging_mixin.py:190} INFO - [2025-04-05T23:32:33.568+0000] {dag.py:4180} INFO - Setting next_dagrun for tutorial_taskflow_api to None, run_after=None
[2025-04-05T23:32:33.579+0000] {processor.py:208} INFO - Processing /home/airflow/.local/lib/python3.12/site-packages/airflow/example_dags/tutorial_taskflow_api.py took 0.040 seconds
[2025-04-05T23:33:03.686+0000] {processor.py:186} INFO - Started process (PID=1138) to work on /home/airflow/.local/lib/python3.12/site-packages/airflow/example_dags/tutorial_taskflow_api.py
[2025-04-05T23:33:03.687+0000] {processor.py:914} INFO - Processing file /home/airflow/.local/lib/python3.12/site-packages/airflow/example_dags/tutorial_taskflow_api.py for tasks to queue
[2025-04-05T23:33:03.688+0000] {logging_mixin.py:190} INFO - [2025-04-05T23:33:03.688+0000] {dagbag.py:588} INFO - Filling up the DagBag from /home/airflow/.local/lib/python3.12/site-packages/airflow/example_dags/tutorial_taskflow_api.py
[2025-04-05T23:33:03.692+0000] {processor.py:925} INFO - DAG(s) 'tutorial_taskflow_api' retrieved from /home/airflow/.local/lib/python3.12/site-packages/airflow/example_dags/tutorial_taskflow_api.py
[2025-04-05T23:33:03.705+0000] {logging_mixin.py:190} INFO - [2025-04-05T23:33:03.705+0000] {dag.py:3239} INFO - Sync 1 DAGs
[2025-04-05T23:33:03.711+0000] {logging_mixin.py:190} INFO - [2025-04-05T23:33:03.711+0000] {dag.py:4180} INFO - Setting next_dagrun for tutorial_taskflow_api to None, run_after=None
[2025-04-05T23:33:03.720+0000] {processor.py:208} INFO - Processing /home/airflow/.local/lib/python3.12/site-packages/airflow/example_dags/tutorial_taskflow_api.py took 0.037 seconds
[2025-04-05T23:33:33.851+0000] {processor.py:186} INFO - Started process (PID=1202) to work on /home/airflow/.local/lib/python3.12/site-packages/airflow/example_dags/tutorial_taskflow_api.py
[2025-04-05T23:33:33.853+0000] {processor.py:914} INFO - Processing file /home/airflow/.local/lib/python3.12/site-packages/airflow/example_dags/tutorial_taskflow_api.py for tasks to queue
[2025-04-05T23:33:33.854+0000] {logging_mixin.py:190} INFO - [2025-04-05T23:33:33.854+0000] {dagbag.py:588} INFO - Filling up the DagBag from /home/airflow/.local/lib/python3.12/site-packages/airflow/example_dags/tutorial_taskflow_api.py
[2025-04-05T23:33:33.858+0000] {processor.py:925} INFO - DAG(s) 'tutorial_taskflow_api' retrieved from /home/airflow/.local/lib/python3.12/site-packages/airflow/example_dags/tutorial_taskflow_api.py
[2025-04-05T23:33:33.871+0000] {logging_mixin.py:190} INFO - [2025-04-05T23:33:33.871+0000] {dag.py:3239} INFO - Sync 1 DAGs
[2025-04-05T23:33:33.877+0000] {logging_mixin.py:190} INFO - [2025-04-05T23:33:33.877+0000] {dag.py:4180} INFO - Setting next_dagrun for tutorial_taskflow_api to None, run_after=None
[2025-04-05T23:33:33.888+0000] {processor.py:208} INFO - Processing /home/airflow/.local/lib/python3.12/site-packages/airflow/example_dags/tutorial_taskflow_api.py took 0.043 seconds
[2025-04-05T23:34:04.244+0000] {processor.py:186} INFO - Started process (PID=1267) to work on /home/airflow/.local/lib/python3.12/site-packages/airflow/example_dags/tutorial_taskflow_api.py
[2025-04-05T23:34:04.245+0000] {processor.py:914} INFO - Processing file /home/airflow/.local/lib/python3.12/site-packages/airflow/example_dags/tutorial_taskflow_api.py for tasks to queue
[2025-04-05T23:34:04.247+0000] {logging_mixin.py:190} INFO - [2025-04-05T23:34:04.247+0000] {dagbag.py:588} INFO - Filling up the DagBag from /home/airflow/.local/lib/python3.12/site-packages/airflow/example_dags/tutorial_taskflow_api.py
[2025-04-05T23:34:04.252+0000] {processor.py:925} INFO - DAG(s) 'tutorial_taskflow_api' retrieved from /home/airflow/.local/lib/python3.12/site-packages/airflow/example_dags/tutorial_taskflow_api.py
[2025-04-05T23:34:04.264+0000] {logging_mixin.py:190} INFO - [2025-04-05T23:34:04.263+0000] {dag.py:3239} INFO - Sync 1 DAGs
[2025-04-05T23:34:04.271+0000] {logging_mixin.py:190} INFO - [2025-04-05T23:34:04.270+0000] {dag.py:4180} INFO - Setting next_dagrun for tutorial_taskflow_api to None, run_after=None
[2025-04-05T23:34:04.279+0000] {processor.py:208} INFO - Processing /home/airflow/.local/lib/python3.12/site-packages/airflow/example_dags/tutorial_taskflow_api.py took 0.038 seconds
[2025-04-05T23:34:34.798+0000] {processor.py:186} INFO - Started process (PID=1330) to work on /home/airflow/.local/lib/python3.12/site-packages/airflow/example_dags/tutorial_taskflow_api.py
[2025-04-05T23:34:34.800+0000] {processor.py:914} INFO - Processing file /home/airflow/.local/lib/python3.12/site-packages/airflow/example_dags/tutorial_taskflow_api.py for tasks to queue
[2025-04-05T23:34:34.802+0000] {logging_mixin.py:190} INFO - [2025-04-05T23:34:34.802+0000] {dagbag.py:588} INFO - Filling up the DagBag from /home/airflow/.local/lib/python3.12/site-packages/airflow/example_dags/tutorial_taskflow_api.py
[2025-04-05T23:34:34.806+0000] {processor.py:925} INFO - DAG(s) 'tutorial_taskflow_api' retrieved from /home/airflow/.local/lib/python3.12/site-packages/airflow/example_dags/tutorial_taskflow_api.py
[2025-04-05T23:34:34.817+0000] {logging_mixin.py:190} INFO - [2025-04-05T23:34:34.817+0000] {dag.py:3239} INFO - Sync 1 DAGs
[2025-04-05T23:34:34.823+0000] {logging_mixin.py:190} INFO - [2025-04-05T23:34:34.823+0000] {dag.py:4180} INFO - Setting next_dagrun for tutorial_taskflow_api to None, run_after=None
[2025-04-05T23:34:34.830+0000] {processor.py:208} INFO - Processing /home/airflow/.local/lib/python3.12/site-packages/airflow/example_dags/tutorial_taskflow_api.py took 0.036 seconds
[2025-04-05T23:35:05.615+0000] {processor.py:186} INFO - Started process (PID=1394) to work on /home/airflow/.local/lib/python3.12/site-packages/airflow/example_dags/tutorial_taskflow_api.py
[2025-04-05T23:35:05.617+0000] {processor.py:914} INFO - Processing file /home/airflow/.local/lib/python3.12/site-packages/airflow/example_dags/tutorial_taskflow_api.py for tasks to queue
[2025-04-05T23:35:05.619+0000] {logging_mixin.py:190} INFO - [2025-04-05T23:35:05.619+0000] {dagbag.py:588} INFO - Filling up the DagBag from /home/airflow/.local/lib/python3.12/site-packages/airflow/example_dags/tutorial_taskflow_api.py
[2025-04-05T23:35:05.625+0000] {processor.py:925} INFO - DAG(s) 'tutorial_taskflow_api' retrieved from /home/airflow/.local/lib/python3.12/site-packages/airflow/example_dags/tutorial_taskflow_api.py
[2025-04-05T23:35:05.642+0000] {logging_mixin.py:190} INFO - [2025-04-05T23:35:05.641+0000] {dag.py:3239} INFO - Sync 1 DAGs
[2025-04-05T23:35:05.653+0000] {logging_mixin.py:190} INFO - [2025-04-05T23:35:05.653+0000] {dag.py:4180} INFO - Setting next_dagrun for tutorial_taskflow_api to None, run_after=None
[2025-04-05T23:35:05.665+0000] {processor.py:208} INFO - Processing /home/airflow/.local/lib/python3.12/site-packages/airflow/example_dags/tutorial_taskflow_api.py took 0.054 seconds
[2025-04-05T23:35:35.831+0000] {processor.py:186} INFO - Started process (PID=1458) to work on /home/airflow/.local/lib/python3.12/site-packages/airflow/example_dags/tutorial_taskflow_api.py
[2025-04-05T23:35:35.832+0000] {processor.py:914} INFO - Processing file /home/airflow/.local/lib/python3.12/site-packages/airflow/example_dags/tutorial_taskflow_api.py for tasks to queue
[2025-04-05T23:35:35.835+0000] {logging_mixin.py:190} INFO - [2025-04-05T23:35:35.835+0000] {dagbag.py:588} INFO - Filling up the DagBag from /home/airflow/.local/lib/python3.12/site-packages/airflow/example_dags/tutorial_taskflow_api.py
[2025-04-05T23:35:35.840+0000] {processor.py:925} INFO - DAG(s) 'tutorial_taskflow_api' retrieved from /home/airflow/.local/lib/python3.12/site-packages/airflow/example_dags/tutorial_taskflow_api.py
[2025-04-05T23:35:35.857+0000] {logging_mixin.py:190} INFO - [2025-04-05T23:35:35.856+0000] {dag.py:3239} INFO - Sync 1 DAGs
[2025-04-05T23:35:35.867+0000] {logging_mixin.py:190} INFO - [2025-04-05T23:35:35.867+0000] {dag.py:4180} INFO - Setting next_dagrun for tutorial_taskflow_api to None, run_after=None
[2025-04-05T23:35:35.880+0000] {processor.py:208} INFO - Processing /home/airflow/.local/lib/python3.12/site-packages/airflow/example_dags/tutorial_taskflow_api.py took 0.053 seconds
[2025-04-05T23:36:05.974+0000] {processor.py:186} INFO - Started process (PID=1522) to work on /home/airflow/.local/lib/python3.12/site-packages/airflow/example_dags/tutorial_taskflow_api.py
[2025-04-05T23:36:05.976+0000] {processor.py:914} INFO - Processing file /home/airflow/.local/lib/python3.12/site-packages/airflow/example_dags/tutorial_taskflow_api.py for tasks to queue
[2025-04-05T23:36:05.979+0000] {logging_mixin.py:190} INFO - [2025-04-05T23:36:05.978+0000] {dagbag.py:588} INFO - Filling up the DagBag from /home/airflow/.local/lib/python3.12/site-packages/airflow/example_dags/tutorial_taskflow_api.py
[2025-04-05T23:36:05.983+0000] {processor.py:925} INFO - DAG(s) 'tutorial_taskflow_api' retrieved from /home/airflow/.local/lib/python3.12/site-packages/airflow/example_dags/tutorial_taskflow_api.py
[2025-04-05T23:36:05.998+0000] {logging_mixin.py:190} INFO - [2025-04-05T23:36:05.998+0000] {dag.py:3239} INFO - Sync 1 DAGs
[2025-04-05T23:36:06.005+0000] {logging_mixin.py:190} INFO - [2025-04-05T23:36:06.005+0000] {dag.py:4180} INFO - Setting next_dagrun for tutorial_taskflow_api to None, run_after=None
[2025-04-05T23:36:06.014+0000] {processor.py:208} INFO - Processing /home/airflow/.local/lib/python3.12/site-packages/airflow/example_dags/tutorial_taskflow_api.py took 0.044 seconds
[2025-04-05T23:36:36.271+0000] {processor.py:186} INFO - Started process (PID=1586) to work on /home/airflow/.local/lib/python3.12/site-packages/airflow/example_dags/tutorial_taskflow_api.py
[2025-04-05T23:36:36.274+0000] {processor.py:914} INFO - Processing file /home/airflow/.local/lib/python3.12/site-packages/airflow/example_dags/tutorial_taskflow_api.py for tasks to queue
[2025-04-05T23:36:36.276+0000] {logging_mixin.py:190} INFO - [2025-04-05T23:36:36.276+0000] {dagbag.py:588} INFO - Filling up the DagBag from /home/airflow/.local/lib/python3.12/site-packages/airflow/example_dags/tutorial_taskflow_api.py
[2025-04-05T23:36:36.280+0000] {processor.py:925} INFO - DAG(s) 'tutorial_taskflow_api' retrieved from /home/airflow/.local/lib/python3.12/site-packages/airflow/example_dags/tutorial_taskflow_api.py
[2025-04-05T23:36:36.291+0000] {logging_mixin.py:190} INFO - [2025-04-05T23:36:36.291+0000] {dag.py:3239} INFO - Sync 1 DAGs
[2025-04-05T23:36:36.297+0000] {logging_mixin.py:190} INFO - [2025-04-05T23:36:36.297+0000] {dag.py:4180} INFO - Setting next_dagrun for tutorial_taskflow_api to None, run_after=None
[2025-04-05T23:36:36.307+0000] {processor.py:208} INFO - Processing /home/airflow/.local/lib/python3.12/site-packages/airflow/example_dags/tutorial_taskflow_api.py took 0.039 seconds
[2025-04-05T23:37:06.520+0000] {processor.py:186} INFO - Started process (PID=1650) to work on /home/airflow/.local/lib/python3.12/site-packages/airflow/example_dags/tutorial_taskflow_api.py
[2025-04-05T23:37:06.520+0000] {processor.py:914} INFO - Processing file /home/airflow/.local/lib/python3.12/site-packages/airflow/example_dags/tutorial_taskflow_api.py for tasks to queue
[2025-04-05T23:37:06.522+0000] {logging_mixin.py:190} INFO - [2025-04-05T23:37:06.522+0000] {dagbag.py:588} INFO - Filling up the DagBag from /home/airflow/.local/lib/python3.12/site-packages/airflow/example_dags/tutorial_taskflow_api.py
[2025-04-05T23:37:06.526+0000] {processor.py:925} INFO - DAG(s) 'tutorial_taskflow_api' retrieved from /home/airflow/.local/lib/python3.12/site-packages/airflow/example_dags/tutorial_taskflow_api.py
[2025-04-05T23:37:06.539+0000] {logging_mixin.py:190} INFO - [2025-04-05T23:37:06.538+0000] {dag.py:3239} INFO - Sync 1 DAGs
[2025-04-05T23:37:06.546+0000] {logging_mixin.py:190} INFO - [2025-04-05T23:37:06.546+0000] {dag.py:4180} INFO - Setting next_dagrun for tutorial_taskflow_api to None, run_after=None
[2025-04-05T23:37:06.557+0000] {processor.py:208} INFO - Processing /home/airflow/.local/lib/python3.12/site-packages/airflow/example_dags/tutorial_taskflow_api.py took 0.040 seconds
[2025-04-05T23:37:36.783+0000] {processor.py:186} INFO - Started process (PID=1714) to work on /home/airflow/.local/lib/python3.12/site-packages/airflow/example_dags/tutorial_taskflow_api.py
[2025-04-05T23:37:36.783+0000] {processor.py:914} INFO - Processing file /home/airflow/.local/lib/python3.12/site-packages/airflow/example_dags/tutorial_taskflow_api.py for tasks to queue
[2025-04-05T23:37:36.785+0000] {logging_mixin.py:190} INFO - [2025-04-05T23:37:36.785+0000] {dagbag.py:588} INFO - Filling up the DagBag from /home/airflow/.local/lib/python3.12/site-packages/airflow/example_dags/tutorial_taskflow_api.py
[2025-04-05T23:37:36.790+0000] {processor.py:925} INFO - DAG(s) 'tutorial_taskflow_api' retrieved from /home/airflow/.local/lib/python3.12/site-packages/airflow/example_dags/tutorial_taskflow_api.py
[2025-04-05T23:37:36.802+0000] {logging_mixin.py:190} INFO - [2025-04-05T23:37:36.801+0000] {dag.py:3239} INFO - Sync 1 DAGs
[2025-04-05T23:37:36.810+0000] {logging_mixin.py:190} INFO - [2025-04-05T23:37:36.810+0000] {dag.py:4180} INFO - Setting next_dagrun for tutorial_taskflow_api to None, run_after=None
[2025-04-05T23:37:36.818+0000] {processor.py:208} INFO - Processing /home/airflow/.local/lib/python3.12/site-packages/airflow/example_dags/tutorial_taskflow_api.py took 0.039 seconds
[2025-04-05T23:38:07.050+0000] {processor.py:186} INFO - Started process (PID=1778) to work on /home/airflow/.local/lib/python3.12/site-packages/airflow/example_dags/tutorial_taskflow_api.py
[2025-04-05T23:38:07.051+0000] {processor.py:914} INFO - Processing file /home/airflow/.local/lib/python3.12/site-packages/airflow/example_dags/tutorial_taskflow_api.py for tasks to queue
[2025-04-05T23:38:07.052+0000] {logging_mixin.py:190} INFO - [2025-04-05T23:38:07.052+0000] {dagbag.py:588} INFO - Filling up the DagBag from /home/airflow/.local/lib/python3.12/site-packages/airflow/example_dags/tutorial_taskflow_api.py
[2025-04-05T23:38:07.057+0000] {processor.py:925} INFO - DAG(s) 'tutorial_taskflow_api' retrieved from /home/airflow/.local/lib/python3.12/site-packages/airflow/example_dags/tutorial_taskflow_api.py
[2025-04-05T23:38:07.071+0000] {logging_mixin.py:190} INFO - [2025-04-05T23:38:07.071+0000] {dag.py:3239} INFO - Sync 1 DAGs
[2025-04-05T23:38:07.082+0000] {logging_mixin.py:190} INFO - [2025-04-05T23:38:07.082+0000] {dag.py:4180} INFO - Setting next_dagrun for tutorial_taskflow_api to None, run_after=None
[2025-04-05T23:38:07.100+0000] {processor.py:208} INFO - Processing /home/airflow/.local/lib/python3.12/site-packages/airflow/example_dags/tutorial_taskflow_api.py took 0.062 seconds
[2025-04-05T23:38:37.436+0000] {processor.py:186} INFO - Started process (PID=1842) to work on /home/airflow/.local/lib/python3.12/site-packages/airflow/example_dags/tutorial_taskflow_api.py
[2025-04-05T23:38:37.439+0000] {processor.py:914} INFO - Processing file /home/airflow/.local/lib/python3.12/site-packages/airflow/example_dags/tutorial_taskflow_api.py for tasks to queue
[2025-04-05T23:38:37.440+0000] {logging_mixin.py:190} INFO - [2025-04-05T23:38:37.440+0000] {dagbag.py:588} INFO - Filling up the DagBag from /home/airflow/.local/lib/python3.12/site-packages/airflow/example_dags/tutorial_taskflow_api.py
[2025-04-05T23:38:37.444+0000] {processor.py:925} INFO - DAG(s) 'tutorial_taskflow_api' retrieved from /home/airflow/.local/lib/python3.12/site-packages/airflow/example_dags/tutorial_taskflow_api.py
[2025-04-05T23:38:37.457+0000] {logging_mixin.py:190} INFO - [2025-04-05T23:38:37.456+0000] {dag.py:3239} INFO - Sync 1 DAGs
[2025-04-05T23:38:37.466+0000] {logging_mixin.py:190} INFO - [2025-04-05T23:38:37.466+0000] {dag.py:4180} INFO - Setting next_dagrun for tutorial_taskflow_api to None, run_after=None
[2025-04-05T23:38:37.477+0000] {processor.py:208} INFO - Processing /home/airflow/.local/lib/python3.12/site-packages/airflow/example_dags/tutorial_taskflow_api.py took 0.049 seconds
[2025-04-05T23:39:29.508+0000] {processor.py:186} INFO - Started process (PID=47) to work on /home/airflow/.local/lib/python3.12/site-packages/airflow/example_dags/tutorial_taskflow_api.py
[2025-04-05T23:39:29.509+0000] {processor.py:914} INFO - Processing file /home/airflow/.local/lib/python3.12/site-packages/airflow/example_dags/tutorial_taskflow_api.py for tasks to queue
[2025-04-05T23:39:29.510+0000] {logging_mixin.py:190} INFO - [2025-04-05T23:39:29.510+0000] {dagbag.py:588} INFO - Filling up the DagBag from /home/airflow/.local/lib/python3.12/site-packages/airflow/example_dags/tutorial_taskflow_api.py
[2025-04-05T23:39:29.516+0000] {processor.py:925} INFO - DAG(s) 'tutorial_taskflow_api' retrieved from /home/airflow/.local/lib/python3.12/site-packages/airflow/example_dags/tutorial_taskflow_api.py
[2025-04-05T23:39:29.531+0000] {logging_mixin.py:190} INFO - [2025-04-05T23:39:29.531+0000] {dag.py:3239} INFO - Sync 1 DAGs
[2025-04-05T23:39:29.796+0000] {logging_mixin.py:190} INFO - [2025-04-05T23:39:29.795+0000] {dag.py:4180} INFO - Setting next_dagrun for tutorial_taskflow_api to None, run_after=None
[2025-04-05T23:39:29.815+0000] {processor.py:208} INFO - Processing /home/airflow/.local/lib/python3.12/site-packages/airflow/example_dags/tutorial_taskflow_api.py took 0.311 seconds
[2025-04-05T23:40:16.488+0000] {processor.py:186} INFO - Started process (PID=46) to work on /home/airflow/.local/lib/python3.12/site-packages/airflow/example_dags/tutorial_taskflow_api.py
[2025-04-05T23:40:16.489+0000] {processor.py:914} INFO - Processing file /home/airflow/.local/lib/python3.12/site-packages/airflow/example_dags/tutorial_taskflow_api.py for tasks to queue
[2025-04-05T23:40:16.493+0000] {logging_mixin.py:190} INFO - [2025-04-05T23:40:16.493+0000] {dagbag.py:588} INFO - Filling up the DagBag from /home/airflow/.local/lib/python3.12/site-packages/airflow/example_dags/tutorial_taskflow_api.py
[2025-04-05T23:40:16.508+0000] {processor.py:925} INFO - DAG(s) 'tutorial_taskflow_api' retrieved from /home/airflow/.local/lib/python3.12/site-packages/airflow/example_dags/tutorial_taskflow_api.py
[2025-04-05T23:40:16.528+0000] {logging_mixin.py:190} INFO - [2025-04-05T23:40:16.527+0000] {dag.py:3239} INFO - Sync 1 DAGs
[2025-04-05T23:40:16.713+0000] {logging_mixin.py:190} INFO - [2025-04-05T23:40:16.713+0000] {dag.py:4180} INFO - Setting next_dagrun for tutorial_taskflow_api to None, run_after=None
[2025-04-05T23:40:16.728+0000] {processor.py:208} INFO - Processing /home/airflow/.local/lib/python3.12/site-packages/airflow/example_dags/tutorial_taskflow_api.py took 0.247 seconds
[2025-04-05T23:40:47.290+0000] {processor.py:186} INFO - Started process (PID=110) to work on /home/airflow/.local/lib/python3.12/site-packages/airflow/example_dags/tutorial_taskflow_api.py
[2025-04-05T23:40:47.294+0000] {processor.py:914} INFO - Processing file /home/airflow/.local/lib/python3.12/site-packages/airflow/example_dags/tutorial_taskflow_api.py for tasks to queue
[2025-04-05T23:40:47.295+0000] {logging_mixin.py:190} INFO - [2025-04-05T23:40:47.295+0000] {dagbag.py:588} INFO - Filling up the DagBag from /home/airflow/.local/lib/python3.12/site-packages/airflow/example_dags/tutorial_taskflow_api.py
[2025-04-05T23:40:47.302+0000] {processor.py:925} INFO - DAG(s) 'tutorial_taskflow_api' retrieved from /home/airflow/.local/lib/python3.12/site-packages/airflow/example_dags/tutorial_taskflow_api.py
[2025-04-05T23:40:47.315+0000] {logging_mixin.py:190} INFO - [2025-04-05T23:40:47.314+0000] {dag.py:3239} INFO - Sync 1 DAGs
[2025-04-05T23:40:47.325+0000] {logging_mixin.py:190} INFO - [2025-04-05T23:40:47.325+0000] {dag.py:4180} INFO - Setting next_dagrun for tutorial_taskflow_api to None, run_after=None
[2025-04-05T23:40:47.340+0000] {processor.py:208} INFO - Processing /home/airflow/.local/lib/python3.12/site-packages/airflow/example_dags/tutorial_taskflow_api.py took 0.053 seconds
[2025-04-05T23:41:17.527+0000] {processor.py:186} INFO - Started process (PID=174) to work on /home/airflow/.local/lib/python3.12/site-packages/airflow/example_dags/tutorial_taskflow_api.py
[2025-04-05T23:41:17.529+0000] {processor.py:914} INFO - Processing file /home/airflow/.local/lib/python3.12/site-packages/airflow/example_dags/tutorial_taskflow_api.py for tasks to queue
[2025-04-05T23:41:17.532+0000] {logging_mixin.py:190} INFO - [2025-04-05T23:41:17.532+0000] {dagbag.py:588} INFO - Filling up the DagBag from /home/airflow/.local/lib/python3.12/site-packages/airflow/example_dags/tutorial_taskflow_api.py
[2025-04-05T23:41:17.537+0000] {processor.py:925} INFO - DAG(s) 'tutorial_taskflow_api' retrieved from /home/airflow/.local/lib/python3.12/site-packages/airflow/example_dags/tutorial_taskflow_api.py
[2025-04-05T23:41:17.551+0000] {logging_mixin.py:190} INFO - [2025-04-05T23:41:17.550+0000] {dag.py:3239} INFO - Sync 1 DAGs
[2025-04-05T23:41:17.558+0000] {logging_mixin.py:190} INFO - [2025-04-05T23:41:17.558+0000] {dag.py:4180} INFO - Setting next_dagrun for tutorial_taskflow_api to None, run_after=None
[2025-04-05T23:41:17.568+0000] {processor.py:208} INFO - Processing /home/airflow/.local/lib/python3.12/site-packages/airflow/example_dags/tutorial_taskflow_api.py took 0.046 seconds
[2025-04-05T23:41:47.760+0000] {processor.py:186} INFO - Started process (PID=238) to work on /home/airflow/.local/lib/python3.12/site-packages/airflow/example_dags/tutorial_taskflow_api.py
[2025-04-05T23:41:47.761+0000] {processor.py:914} INFO - Processing file /home/airflow/.local/lib/python3.12/site-packages/airflow/example_dags/tutorial_taskflow_api.py for tasks to queue
[2025-04-05T23:41:47.762+0000] {logging_mixin.py:190} INFO - [2025-04-05T23:41:47.762+0000] {dagbag.py:588} INFO - Filling up the DagBag from /home/airflow/.local/lib/python3.12/site-packages/airflow/example_dags/tutorial_taskflow_api.py
[2025-04-05T23:41:47.766+0000] {processor.py:925} INFO - DAG(s) 'tutorial_taskflow_api' retrieved from /home/airflow/.local/lib/python3.12/site-packages/airflow/example_dags/tutorial_taskflow_api.py
[2025-04-05T23:41:47.777+0000] {logging_mixin.py:190} INFO - [2025-04-05T23:41:47.776+0000] {dag.py:3239} INFO - Sync 1 DAGs
[2025-04-05T23:41:47.783+0000] {logging_mixin.py:190} INFO - [2025-04-05T23:41:47.783+0000] {dag.py:4180} INFO - Setting next_dagrun for tutorial_taskflow_api to None, run_after=None
[2025-04-05T23:41:47.790+0000] {processor.py:208} INFO - Processing /home/airflow/.local/lib/python3.12/site-packages/airflow/example_dags/tutorial_taskflow_api.py took 0.033 seconds
[2025-04-05T23:42:44.537+0000] {processor.py:186} INFO - Started process (PID=53) to work on /home/airflow/.local/lib/python3.12/site-packages/airflow/example_dags/tutorial_taskflow_api.py
[2025-04-05T23:42:44.538+0000] {processor.py:914} INFO - Processing file /home/airflow/.local/lib/python3.12/site-packages/airflow/example_dags/tutorial_taskflow_api.py for tasks to queue
[2025-04-05T23:42:44.539+0000] {logging_mixin.py:190} INFO - [2025-04-05T23:42:44.539+0000] {dagbag.py:588} INFO - Filling up the DagBag from /home/airflow/.local/lib/python3.12/site-packages/airflow/example_dags/tutorial_taskflow_api.py
[2025-04-05T23:42:44.546+0000] {processor.py:925} INFO - DAG(s) 'tutorial_taskflow_api' retrieved from /home/airflow/.local/lib/python3.12/site-packages/airflow/example_dags/tutorial_taskflow_api.py
[2025-04-05T23:42:44.562+0000] {logging_mixin.py:190} INFO - [2025-04-05T23:42:44.562+0000] {dag.py:3239} INFO - Sync 1 DAGs
[2025-04-05T23:42:44.723+0000] {logging_mixin.py:190} INFO - [2025-04-05T23:42:44.723+0000] {dag.py:4180} INFO - Setting next_dagrun for tutorial_taskflow_api to None, run_after=None
[2025-04-05T23:42:44.731+0000] {processor.py:208} INFO - Processing /home/airflow/.local/lib/python3.12/site-packages/airflow/example_dags/tutorial_taskflow_api.py took 0.198 seconds
[2025-04-05T23:43:15.572+0000] {processor.py:186} INFO - Started process (PID=116) to work on /home/airflow/.local/lib/python3.12/site-packages/airflow/example_dags/tutorial_taskflow_api.py
[2025-04-05T23:43:15.575+0000] {processor.py:914} INFO - Processing file /home/airflow/.local/lib/python3.12/site-packages/airflow/example_dags/tutorial_taskflow_api.py for tasks to queue
[2025-04-05T23:43:15.578+0000] {logging_mixin.py:190} INFO - [2025-04-05T23:43:15.578+0000] {dagbag.py:588} INFO - Filling up the DagBag from /home/airflow/.local/lib/python3.12/site-packages/airflow/example_dags/tutorial_taskflow_api.py
[2025-04-05T23:43:15.586+0000] {processor.py:925} INFO - DAG(s) 'tutorial_taskflow_api' retrieved from /home/airflow/.local/lib/python3.12/site-packages/airflow/example_dags/tutorial_taskflow_api.py
[2025-04-05T23:43:15.603+0000] {logging_mixin.py:190} INFO - [2025-04-05T23:43:15.603+0000] {dag.py:3239} INFO - Sync 1 DAGs
[2025-04-05T23:43:15.612+0000] {logging_mixin.py:190} INFO - [2025-04-05T23:43:15.612+0000] {dag.py:4180} INFO - Setting next_dagrun for tutorial_taskflow_api to None, run_after=None
[2025-04-05T23:43:15.623+0000] {processor.py:208} INFO - Processing /home/airflow/.local/lib/python3.12/site-packages/airflow/example_dags/tutorial_taskflow_api.py took 0.056 seconds
[2025-04-05T23:43:45.810+0000] {processor.py:186} INFO - Started process (PID=180) to work on /home/airflow/.local/lib/python3.12/site-packages/airflow/example_dags/tutorial_taskflow_api.py
[2025-04-05T23:43:45.811+0000] {processor.py:914} INFO - Processing file /home/airflow/.local/lib/python3.12/site-packages/airflow/example_dags/tutorial_taskflow_api.py for tasks to queue
[2025-04-05T23:43:45.814+0000] {logging_mixin.py:190} INFO - [2025-04-05T23:43:45.813+0000] {dagbag.py:588} INFO - Filling up the DagBag from /home/airflow/.local/lib/python3.12/site-packages/airflow/example_dags/tutorial_taskflow_api.py
[2025-04-05T23:43:45.821+0000] {processor.py:925} INFO - DAG(s) 'tutorial_taskflow_api' retrieved from /home/airflow/.local/lib/python3.12/site-packages/airflow/example_dags/tutorial_taskflow_api.py
[2025-04-05T23:43:45.838+0000] {logging_mixin.py:190} INFO - [2025-04-05T23:43:45.837+0000] {dag.py:3239} INFO - Sync 1 DAGs
[2025-04-05T23:43:45.847+0000] {logging_mixin.py:190} INFO - [2025-04-05T23:43:45.847+0000] {dag.py:4180} INFO - Setting next_dagrun for tutorial_taskflow_api to None, run_after=None
[2025-04-05T23:43:45.856+0000] {processor.py:208} INFO - Processing /home/airflow/.local/lib/python3.12/site-packages/airflow/example_dags/tutorial_taskflow_api.py took 0.054 seconds
[2025-04-05T23:44:15.950+0000] {processor.py:186} INFO - Started process (PID=244) to work on /home/airflow/.local/lib/python3.12/site-packages/airflow/example_dags/tutorial_taskflow_api.py
[2025-04-05T23:44:15.953+0000] {processor.py:914} INFO - Processing file /home/airflow/.local/lib/python3.12/site-packages/airflow/example_dags/tutorial_taskflow_api.py for tasks to queue
[2025-04-05T23:44:15.956+0000] {logging_mixin.py:190} INFO - [2025-04-05T23:44:15.956+0000] {dagbag.py:588} INFO - Filling up the DagBag from /home/airflow/.local/lib/python3.12/site-packages/airflow/example_dags/tutorial_taskflow_api.py
[2025-04-05T23:44:15.964+0000] {processor.py:925} INFO - DAG(s) 'tutorial_taskflow_api' retrieved from /home/airflow/.local/lib/python3.12/site-packages/airflow/example_dags/tutorial_taskflow_api.py
[2025-04-05T23:44:15.985+0000] {logging_mixin.py:190} INFO - [2025-04-05T23:44:15.985+0000] {dag.py:3239} INFO - Sync 1 DAGs
[2025-04-05T23:44:15.995+0000] {logging_mixin.py:190} INFO - [2025-04-05T23:44:15.995+0000] {dag.py:4180} INFO - Setting next_dagrun for tutorial_taskflow_api to None, run_after=None
[2025-04-05T23:44:16.012+0000] {processor.py:208} INFO - Processing /home/airflow/.local/lib/python3.12/site-packages/airflow/example_dags/tutorial_taskflow_api.py took 0.070 seconds
[2025-04-05T23:44:49.426+0000] {processor.py:186} INFO - Started process (PID=46) to work on /home/airflow/.local/lib/python3.12/site-packages/airflow/example_dags/tutorial_taskflow_api.py
[2025-04-05T23:44:49.427+0000] {processor.py:914} INFO - Processing file /home/airflow/.local/lib/python3.12/site-packages/airflow/example_dags/tutorial_taskflow_api.py for tasks to queue
[2025-04-05T23:44:49.429+0000] {logging_mixin.py:190} INFO - [2025-04-05T23:44:49.429+0000] {dagbag.py:588} INFO - Filling up the DagBag from /home/airflow/.local/lib/python3.12/site-packages/airflow/example_dags/tutorial_taskflow_api.py
[2025-04-05T23:44:49.437+0000] {processor.py:925} INFO - DAG(s) 'tutorial_taskflow_api' retrieved from /home/airflow/.local/lib/python3.12/site-packages/airflow/example_dags/tutorial_taskflow_api.py
[2025-04-05T23:44:49.454+0000] {logging_mixin.py:190} INFO - [2025-04-05T23:44:49.454+0000] {dag.py:3239} INFO - Sync 1 DAGs
[2025-04-05T23:44:49.631+0000] {logging_mixin.py:190} INFO - [2025-04-05T23:44:49.631+0000] {dag.py:4180} INFO - Setting next_dagrun for tutorial_taskflow_api to None, run_after=None
[2025-04-05T23:44:49.648+0000] {processor.py:208} INFO - Processing /home/airflow/.local/lib/python3.12/site-packages/airflow/example_dags/tutorial_taskflow_api.py took 0.227 seconds
[2025-04-05T23:45:20.408+0000] {processor.py:186} INFO - Started process (PID=109) to work on /home/airflow/.local/lib/python3.12/site-packages/airflow/example_dags/tutorial_taskflow_api.py
[2025-04-05T23:45:20.409+0000] {processor.py:914} INFO - Processing file /home/airflow/.local/lib/python3.12/site-packages/airflow/example_dags/tutorial_taskflow_api.py for tasks to queue
[2025-04-05T23:45:20.411+0000] {logging_mixin.py:190} INFO - [2025-04-05T23:45:20.410+0000] {dagbag.py:588} INFO - Filling up the DagBag from /home/airflow/.local/lib/python3.12/site-packages/airflow/example_dags/tutorial_taskflow_api.py
[2025-04-05T23:45:20.415+0000] {processor.py:925} INFO - DAG(s) 'tutorial_taskflow_api' retrieved from /home/airflow/.local/lib/python3.12/site-packages/airflow/example_dags/tutorial_taskflow_api.py
[2025-04-05T23:45:20.429+0000] {logging_mixin.py:190} INFO - [2025-04-05T23:45:20.428+0000] {dag.py:3239} INFO - Sync 1 DAGs
[2025-04-05T23:45:20.437+0000] {logging_mixin.py:190} INFO - [2025-04-05T23:45:20.437+0000] {dag.py:4180} INFO - Setting next_dagrun for tutorial_taskflow_api to None, run_after=None
[2025-04-05T23:45:20.451+0000] {processor.py:208} INFO - Processing /home/airflow/.local/lib/python3.12/site-packages/airflow/example_dags/tutorial_taskflow_api.py took 0.046 seconds
[2025-04-05T23:45:50.553+0000] {processor.py:186} INFO - Started process (PID=173) to work on /home/airflow/.local/lib/python3.12/site-packages/airflow/example_dags/tutorial_taskflow_api.py
[2025-04-05T23:45:50.553+0000] {processor.py:914} INFO - Processing file /home/airflow/.local/lib/python3.12/site-packages/airflow/example_dags/tutorial_taskflow_api.py for tasks to queue
[2025-04-05T23:45:50.554+0000] {logging_mixin.py:190} INFO - [2025-04-05T23:45:50.554+0000] {dagbag.py:588} INFO - Filling up the DagBag from /home/airflow/.local/lib/python3.12/site-packages/airflow/example_dags/tutorial_taskflow_api.py
[2025-04-05T23:45:50.559+0000] {processor.py:925} INFO - DAG(s) 'tutorial_taskflow_api' retrieved from /home/airflow/.local/lib/python3.12/site-packages/airflow/example_dags/tutorial_taskflow_api.py
[2025-04-05T23:45:50.572+0000] {logging_mixin.py:190} INFO - [2025-04-05T23:45:50.572+0000] {dag.py:3239} INFO - Sync 1 DAGs
[2025-04-05T23:45:50.580+0000] {logging_mixin.py:190} INFO - [2025-04-05T23:45:50.580+0000] {dag.py:4180} INFO - Setting next_dagrun for tutorial_taskflow_api to None, run_after=None
[2025-04-05T23:45:50.589+0000] {processor.py:208} INFO - Processing /home/airflow/.local/lib/python3.12/site-packages/airflow/example_dags/tutorial_taskflow_api.py took 0.040 seconds
[2025-04-05T23:46:41.559+0000] {processor.py:186} INFO - Started process (PID=45) to work on /home/airflow/.local/lib/python3.12/site-packages/airflow/example_dags/tutorial_taskflow_api.py
[2025-04-05T23:46:41.560+0000] {processor.py:914} INFO - Processing file /home/airflow/.local/lib/python3.12/site-packages/airflow/example_dags/tutorial_taskflow_api.py for tasks to queue
[2025-04-05T23:46:41.563+0000] {logging_mixin.py:190} INFO - [2025-04-05T23:46:41.562+0000] {dagbag.py:588} INFO - Filling up the DagBag from /home/airflow/.local/lib/python3.12/site-packages/airflow/example_dags/tutorial_taskflow_api.py
[2025-04-05T23:46:41.572+0000] {processor.py:925} INFO - DAG(s) 'tutorial_taskflow_api' retrieved from /home/airflow/.local/lib/python3.12/site-packages/airflow/example_dags/tutorial_taskflow_api.py
[2025-04-05T23:46:41.599+0000] {logging_mixin.py:190} INFO - [2025-04-05T23:46:41.599+0000] {dag.py:3239} INFO - Sync 1 DAGs
[2025-04-05T23:46:41.821+0000] {logging_mixin.py:190} INFO - [2025-04-05T23:46:41.821+0000] {dag.py:4180} INFO - Setting next_dagrun for tutorial_taskflow_api to None, run_after=None
[2025-04-05T23:46:41.838+0000] {processor.py:208} INFO - Processing /home/airflow/.local/lib/python3.12/site-packages/airflow/example_dags/tutorial_taskflow_api.py took 0.286 seconds
[2025-04-05T23:47:12.498+0000] {processor.py:186} INFO - Started process (PID=109) to work on /home/airflow/.local/lib/python3.12/site-packages/airflow/example_dags/tutorial_taskflow_api.py
[2025-04-05T23:47:12.499+0000] {processor.py:914} INFO - Processing file /home/airflow/.local/lib/python3.12/site-packages/airflow/example_dags/tutorial_taskflow_api.py for tasks to queue
[2025-04-05T23:47:12.500+0000] {logging_mixin.py:190} INFO - [2025-04-05T23:47:12.500+0000] {dagbag.py:588} INFO - Filling up the DagBag from /home/airflow/.local/lib/python3.12/site-packages/airflow/example_dags/tutorial_taskflow_api.py
[2025-04-05T23:47:12.505+0000] {processor.py:925} INFO - DAG(s) 'tutorial_taskflow_api' retrieved from /home/airflow/.local/lib/python3.12/site-packages/airflow/example_dags/tutorial_taskflow_api.py
[2025-04-05T23:47:12.516+0000] {logging_mixin.py:190} INFO - [2025-04-05T23:47:12.515+0000] {dag.py:3239} INFO - Sync 1 DAGs
[2025-04-05T23:47:12.522+0000] {logging_mixin.py:190} INFO - [2025-04-05T23:47:12.522+0000] {dag.py:4180} INFO - Setting next_dagrun for tutorial_taskflow_api to None, run_after=None
[2025-04-05T23:47:12.530+0000] {processor.py:208} INFO - Processing /home/airflow/.local/lib/python3.12/site-packages/airflow/example_dags/tutorial_taskflow_api.py took 0.037 seconds
[2025-04-05T23:47:42.932+0000] {processor.py:186} INFO - Started process (PID=172) to work on /home/airflow/.local/lib/python3.12/site-packages/airflow/example_dags/tutorial_taskflow_api.py
[2025-04-05T23:47:42.932+0000] {processor.py:914} INFO - Processing file /home/airflow/.local/lib/python3.12/site-packages/airflow/example_dags/tutorial_taskflow_api.py for tasks to queue
[2025-04-05T23:47:42.933+0000] {logging_mixin.py:190} INFO - [2025-04-05T23:47:42.933+0000] {dagbag.py:588} INFO - Filling up the DagBag from /home/airflow/.local/lib/python3.12/site-packages/airflow/example_dags/tutorial_taskflow_api.py
[2025-04-05T23:47:42.937+0000] {processor.py:925} INFO - DAG(s) 'tutorial_taskflow_api' retrieved from /home/airflow/.local/lib/python3.12/site-packages/airflow/example_dags/tutorial_taskflow_api.py
[2025-04-05T23:47:42.946+0000] {logging_mixin.py:190} INFO - [2025-04-05T23:47:42.946+0000] {dag.py:3239} INFO - Sync 1 DAGs
[2025-04-05T23:47:42.953+0000] {logging_mixin.py:190} INFO - [2025-04-05T23:47:42.953+0000] {dag.py:4180} INFO - Setting next_dagrun for tutorial_taskflow_api to None, run_after=None
[2025-04-05T23:47:42.960+0000] {processor.py:208} INFO - Processing /home/airflow/.local/lib/python3.12/site-packages/airflow/example_dags/tutorial_taskflow_api.py took 0.031 seconds
[2025-04-05T23:48:13.139+0000] {processor.py:186} INFO - Started process (PID=236) to work on /home/airflow/.local/lib/python3.12/site-packages/airflow/example_dags/tutorial_taskflow_api.py
[2025-04-05T23:48:13.140+0000] {processor.py:914} INFO - Processing file /home/airflow/.local/lib/python3.12/site-packages/airflow/example_dags/tutorial_taskflow_api.py for tasks to queue
[2025-04-05T23:48:13.141+0000] {logging_mixin.py:190} INFO - [2025-04-05T23:48:13.141+0000] {dagbag.py:588} INFO - Filling up the DagBag from /home/airflow/.local/lib/python3.12/site-packages/airflow/example_dags/tutorial_taskflow_api.py
[2025-04-05T23:48:13.146+0000] {processor.py:925} INFO - DAG(s) 'tutorial_taskflow_api' retrieved from /home/airflow/.local/lib/python3.12/site-packages/airflow/example_dags/tutorial_taskflow_api.py
[2025-04-05T23:48:13.156+0000] {logging_mixin.py:190} INFO - [2025-04-05T23:48:13.155+0000] {dag.py:3239} INFO - Sync 1 DAGs
[2025-04-05T23:48:13.162+0000] {logging_mixin.py:190} INFO - [2025-04-05T23:48:13.162+0000] {dag.py:4180} INFO - Setting next_dagrun for tutorial_taskflow_api to None, run_after=None
[2025-04-05T23:48:13.169+0000] {processor.py:208} INFO - Processing /home/airflow/.local/lib/python3.12/site-packages/airflow/example_dags/tutorial_taskflow_api.py took 0.034 seconds
[2025-04-05T23:48:43.590+0000] {processor.py:186} INFO - Started process (PID=300) to work on /home/airflow/.local/lib/python3.12/site-packages/airflow/example_dags/tutorial_taskflow_api.py
[2025-04-05T23:48:43.591+0000] {processor.py:914} INFO - Processing file /home/airflow/.local/lib/python3.12/site-packages/airflow/example_dags/tutorial_taskflow_api.py for tasks to queue
[2025-04-05T23:48:43.592+0000] {logging_mixin.py:190} INFO - [2025-04-05T23:48:43.592+0000] {dagbag.py:588} INFO - Filling up the DagBag from /home/airflow/.local/lib/python3.12/site-packages/airflow/example_dags/tutorial_taskflow_api.py
[2025-04-05T23:48:43.597+0000] {processor.py:925} INFO - DAG(s) 'tutorial_taskflow_api' retrieved from /home/airflow/.local/lib/python3.12/site-packages/airflow/example_dags/tutorial_taskflow_api.py
[2025-04-05T23:48:43.606+0000] {logging_mixin.py:190} INFO - [2025-04-05T23:48:43.605+0000] {dag.py:3239} INFO - Sync 1 DAGs
[2025-04-05T23:48:43.611+0000] {logging_mixin.py:190} INFO - [2025-04-05T23:48:43.611+0000] {dag.py:4180} INFO - Setting next_dagrun for tutorial_taskflow_api to None, run_after=None
[2025-04-05T23:48:43.618+0000] {processor.py:208} INFO - Processing /home/airflow/.local/lib/python3.12/site-packages/airflow/example_dags/tutorial_taskflow_api.py took 0.031 seconds
[2025-04-05T23:49:29.465+0000] {processor.py:186} INFO - Started process (PID=47) to work on /home/airflow/.local/lib/python3.12/site-packages/airflow/example_dags/tutorial_taskflow_api.py
[2025-04-05T23:49:29.467+0000] {processor.py:914} INFO - Processing file /home/airflow/.local/lib/python3.12/site-packages/airflow/example_dags/tutorial_taskflow_api.py for tasks to queue
[2025-04-05T23:49:29.471+0000] {logging_mixin.py:190} INFO - [2025-04-05T23:49:29.471+0000] {dagbag.py:588} INFO - Filling up the DagBag from /home/airflow/.local/lib/python3.12/site-packages/airflow/example_dags/tutorial_taskflow_api.py
[2025-04-05T23:49:29.480+0000] {processor.py:925} INFO - DAG(s) 'tutorial_taskflow_api' retrieved from /home/airflow/.local/lib/python3.12/site-packages/airflow/example_dags/tutorial_taskflow_api.py
[2025-04-05T23:49:29.507+0000] {logging_mixin.py:190} INFO - [2025-04-05T23:49:29.507+0000] {dag.py:3239} INFO - Sync 1 DAGs
[2025-04-05T23:49:29.694+0000] {logging_mixin.py:190} INFO - [2025-04-05T23:49:29.694+0000] {dag.py:4180} INFO - Setting next_dagrun for tutorial_taskflow_api to None, run_after=None
[2025-04-05T23:49:29.707+0000] {processor.py:208} INFO - Processing /home/airflow/.local/lib/python3.12/site-packages/airflow/example_dags/tutorial_taskflow_api.py took 0.249 seconds
[2025-04-05T23:50:00.041+0000] {processor.py:186} INFO - Started process (PID=111) to work on /home/airflow/.local/lib/python3.12/site-packages/airflow/example_dags/tutorial_taskflow_api.py
[2025-04-05T23:50:00.042+0000] {processor.py:914} INFO - Processing file /home/airflow/.local/lib/python3.12/site-packages/airflow/example_dags/tutorial_taskflow_api.py for tasks to queue
[2025-04-05T23:50:00.044+0000] {logging_mixin.py:190} INFO - [2025-04-05T23:50:00.044+0000] {dagbag.py:588} INFO - Filling up the DagBag from /home/airflow/.local/lib/python3.12/site-packages/airflow/example_dags/tutorial_taskflow_api.py
[2025-04-05T23:50:00.048+0000] {processor.py:925} INFO - DAG(s) 'tutorial_taskflow_api' retrieved from /home/airflow/.local/lib/python3.12/site-packages/airflow/example_dags/tutorial_taskflow_api.py
[2025-04-05T23:50:00.067+0000] {logging_mixin.py:190} INFO - [2025-04-05T23:50:00.066+0000] {dag.py:3239} INFO - Sync 1 DAGs
[2025-04-05T23:50:00.080+0000] {logging_mixin.py:190} INFO - [2025-04-05T23:50:00.079+0000] {dag.py:4180} INFO - Setting next_dagrun for tutorial_taskflow_api to None, run_after=None
[2025-04-05T23:50:00.091+0000] {processor.py:208} INFO - Processing /home/airflow/.local/lib/python3.12/site-packages/airflow/example_dags/tutorial_taskflow_api.py took 0.054 seconds
[2025-04-05T23:50:30.509+0000] {processor.py:186} INFO - Started process (PID=175) to work on /home/airflow/.local/lib/python3.12/site-packages/airflow/example_dags/tutorial_taskflow_api.py
[2025-04-05T23:50:30.510+0000] {processor.py:914} INFO - Processing file /home/airflow/.local/lib/python3.12/site-packages/airflow/example_dags/tutorial_taskflow_api.py for tasks to queue
[2025-04-05T23:50:30.511+0000] {logging_mixin.py:190} INFO - [2025-04-05T23:50:30.511+0000] {dagbag.py:588} INFO - Filling up the DagBag from /home/airflow/.local/lib/python3.12/site-packages/airflow/example_dags/tutorial_taskflow_api.py
[2025-04-05T23:50:30.515+0000] {processor.py:925} INFO - DAG(s) 'tutorial_taskflow_api' retrieved from /home/airflow/.local/lib/python3.12/site-packages/airflow/example_dags/tutorial_taskflow_api.py
[2025-04-05T23:50:30.531+0000] {logging_mixin.py:190} INFO - [2025-04-05T23:50:30.531+0000] {dag.py:3239} INFO - Sync 1 DAGs
[2025-04-05T23:50:30.540+0000] {logging_mixin.py:190} INFO - [2025-04-05T23:50:30.539+0000] {dag.py:4180} INFO - Setting next_dagrun for tutorial_taskflow_api to None, run_after=None
[2025-04-05T23:50:30.560+0000] {processor.py:208} INFO - Processing /home/airflow/.local/lib/python3.12/site-packages/airflow/example_dags/tutorial_taskflow_api.py took 0.054 seconds
[2025-04-05T23:51:00.937+0000] {processor.py:186} INFO - Started process (PID=239) to work on /home/airflow/.local/lib/python3.12/site-packages/airflow/example_dags/tutorial_taskflow_api.py
[2025-04-05T23:51:00.938+0000] {processor.py:914} INFO - Processing file /home/airflow/.local/lib/python3.12/site-packages/airflow/example_dags/tutorial_taskflow_api.py for tasks to queue
[2025-04-05T23:51:00.940+0000] {logging_mixin.py:190} INFO - [2025-04-05T23:51:00.940+0000] {dagbag.py:588} INFO - Filling up the DagBag from /home/airflow/.local/lib/python3.12/site-packages/airflow/example_dags/tutorial_taskflow_api.py
[2025-04-05T23:51:00.948+0000] {processor.py:925} INFO - DAG(s) 'tutorial_taskflow_api' retrieved from /home/airflow/.local/lib/python3.12/site-packages/airflow/example_dags/tutorial_taskflow_api.py
[2025-04-05T23:51:00.958+0000] {logging_mixin.py:190} INFO - [2025-04-05T23:51:00.958+0000] {dag.py:3239} INFO - Sync 1 DAGs
[2025-04-05T23:51:00.964+0000] {logging_mixin.py:190} INFO - [2025-04-05T23:51:00.964+0000] {dag.py:4180} INFO - Setting next_dagrun for tutorial_taskflow_api to None, run_after=None
[2025-04-05T23:51:00.971+0000] {processor.py:208} INFO - Processing /home/airflow/.local/lib/python3.12/site-packages/airflow/example_dags/tutorial_taskflow_api.py took 0.038 seconds
[2025-04-05T23:51:31.240+0000] {processor.py:186} INFO - Started process (PID=303) to work on /home/airflow/.local/lib/python3.12/site-packages/airflow/example_dags/tutorial_taskflow_api.py
[2025-04-05T23:51:31.242+0000] {processor.py:914} INFO - Processing file /home/airflow/.local/lib/python3.12/site-packages/airflow/example_dags/tutorial_taskflow_api.py for tasks to queue
[2025-04-05T23:51:31.243+0000] {logging_mixin.py:190} INFO - [2025-04-05T23:51:31.243+0000] {dagbag.py:588} INFO - Filling up the DagBag from /home/airflow/.local/lib/python3.12/site-packages/airflow/example_dags/tutorial_taskflow_api.py
[2025-04-05T23:51:31.249+0000] {processor.py:925} INFO - DAG(s) 'tutorial_taskflow_api' retrieved from /home/airflow/.local/lib/python3.12/site-packages/airflow/example_dags/tutorial_taskflow_api.py
[2025-04-05T23:51:31.262+0000] {logging_mixin.py:190} INFO - [2025-04-05T23:51:31.261+0000] {dag.py:3239} INFO - Sync 1 DAGs
[2025-04-05T23:51:31.268+0000] {logging_mixin.py:190} INFO - [2025-04-05T23:51:31.268+0000] {dag.py:4180} INFO - Setting next_dagrun for tutorial_taskflow_api to None, run_after=None
[2025-04-05T23:51:31.278+0000] {processor.py:208} INFO - Processing /home/airflow/.local/lib/python3.12/site-packages/airflow/example_dags/tutorial_taskflow_api.py took 0.042 seconds
[2025-04-05T23:52:01.648+0000] {processor.py:186} INFO - Started process (PID=367) to work on /home/airflow/.local/lib/python3.12/site-packages/airflow/example_dags/tutorial_taskflow_api.py
[2025-04-05T23:52:01.650+0000] {processor.py:914} INFO - Processing file /home/airflow/.local/lib/python3.12/site-packages/airflow/example_dags/tutorial_taskflow_api.py for tasks to queue
[2025-04-05T23:52:01.653+0000] {logging_mixin.py:190} INFO - [2025-04-05T23:52:01.653+0000] {dagbag.py:588} INFO - Filling up the DagBag from /home/airflow/.local/lib/python3.12/site-packages/airflow/example_dags/tutorial_taskflow_api.py
[2025-04-05T23:52:01.658+0000] {processor.py:925} INFO - DAG(s) 'tutorial_taskflow_api' retrieved from /home/airflow/.local/lib/python3.12/site-packages/airflow/example_dags/tutorial_taskflow_api.py
[2025-04-05T23:52:01.672+0000] {logging_mixin.py:190} INFO - [2025-04-05T23:52:01.672+0000] {dag.py:3239} INFO - Sync 1 DAGs
[2025-04-05T23:52:01.680+0000] {logging_mixin.py:190} INFO - [2025-04-05T23:52:01.680+0000] {dag.py:4180} INFO - Setting next_dagrun for tutorial_taskflow_api to None, run_after=None
[2025-04-05T23:52:01.689+0000] {processor.py:208} INFO - Processing /home/airflow/.local/lib/python3.12/site-packages/airflow/example_dags/tutorial_taskflow_api.py took 0.046 seconds
[2025-04-05T23:52:58.969+0000] {processor.py:186} INFO - Started process (PID=53) to work on /home/airflow/.local/lib/python3.12/site-packages/airflow/example_dags/tutorial_taskflow_api.py
[2025-04-05T23:52:58.970+0000] {processor.py:914} INFO - Processing file /home/airflow/.local/lib/python3.12/site-packages/airflow/example_dags/tutorial_taskflow_api.py for tasks to queue
[2025-04-05T23:52:58.972+0000] {logging_mixin.py:190} INFO - [2025-04-05T23:52:58.972+0000] {dagbag.py:588} INFO - Filling up the DagBag from /home/airflow/.local/lib/python3.12/site-packages/airflow/example_dags/tutorial_taskflow_api.py
[2025-04-05T23:52:58.976+0000] {processor.py:925} INFO - DAG(s) 'tutorial_taskflow_api' retrieved from /home/airflow/.local/lib/python3.12/site-packages/airflow/example_dags/tutorial_taskflow_api.py
[2025-04-05T23:52:58.994+0000] {logging_mixin.py:190} INFO - [2025-04-05T23:52:58.994+0000] {dag.py:3239} INFO - Sync 1 DAGs
[2025-04-05T23:52:59.127+0000] {logging_mixin.py:190} INFO - [2025-04-05T23:52:59.127+0000] {dag.py:4180} INFO - Setting next_dagrun for tutorial_taskflow_api to None, run_after=None
[2025-04-05T23:52:59.136+0000] {processor.py:208} INFO - Processing /home/airflow/.local/lib/python3.12/site-packages/airflow/example_dags/tutorial_taskflow_api.py took 0.169 seconds
[2025-04-05T23:53:47.145+0000] {processor.py:186} INFO - Started process (PID=47) to work on /home/airflow/.local/lib/python3.12/site-packages/airflow/example_dags/tutorial_taskflow_api.py
[2025-04-05T23:53:47.145+0000] {processor.py:914} INFO - Processing file /home/airflow/.local/lib/python3.12/site-packages/airflow/example_dags/tutorial_taskflow_api.py for tasks to queue
[2025-04-05T23:53:47.147+0000] {logging_mixin.py:190} INFO - [2025-04-05T23:53:47.147+0000] {dagbag.py:588} INFO - Filling up the DagBag from /home/airflow/.local/lib/python3.12/site-packages/airflow/example_dags/tutorial_taskflow_api.py
[2025-04-05T23:53:47.153+0000] {processor.py:925} INFO - DAG(s) 'tutorial_taskflow_api' retrieved from /home/airflow/.local/lib/python3.12/site-packages/airflow/example_dags/tutorial_taskflow_api.py
[2025-04-05T23:53:47.172+0000] {logging_mixin.py:190} INFO - [2025-04-05T23:53:47.172+0000] {dag.py:3239} INFO - Sync 1 DAGs
[2025-04-05T23:53:47.399+0000] {logging_mixin.py:190} INFO - [2025-04-05T23:53:47.399+0000] {dag.py:4180} INFO - Setting next_dagrun for tutorial_taskflow_api to None, run_after=None
[2025-04-05T23:53:47.411+0000] {processor.py:208} INFO - Processing /home/airflow/.local/lib/python3.12/site-packages/airflow/example_dags/tutorial_taskflow_api.py took 0.270 seconds
[2025-04-05T23:54:18.157+0000] {processor.py:186} INFO - Started process (PID=110) to work on /home/airflow/.local/lib/python3.12/site-packages/airflow/example_dags/tutorial_taskflow_api.py
[2025-04-05T23:54:18.162+0000] {processor.py:914} INFO - Processing file /home/airflow/.local/lib/python3.12/site-packages/airflow/example_dags/tutorial_taskflow_api.py for tasks to queue
[2025-04-05T23:54:18.163+0000] {logging_mixin.py:190} INFO - [2025-04-05T23:54:18.163+0000] {dagbag.py:588} INFO - Filling up the DagBag from /home/airflow/.local/lib/python3.12/site-packages/airflow/example_dags/tutorial_taskflow_api.py
[2025-04-05T23:54:18.171+0000] {processor.py:925} INFO - DAG(s) 'tutorial_taskflow_api' retrieved from /home/airflow/.local/lib/python3.12/site-packages/airflow/example_dags/tutorial_taskflow_api.py
[2025-04-05T23:54:18.183+0000] {logging_mixin.py:190} INFO - [2025-04-05T23:54:18.183+0000] {dag.py:3239} INFO - Sync 1 DAGs
[2025-04-05T23:54:18.192+0000] {logging_mixin.py:190} INFO - [2025-04-05T23:54:18.192+0000] {dag.py:4180} INFO - Setting next_dagrun for tutorial_taskflow_api to None, run_after=None
[2025-04-05T23:54:18.202+0000] {processor.py:208} INFO - Processing /home/airflow/.local/lib/python3.12/site-packages/airflow/example_dags/tutorial_taskflow_api.py took 0.047 seconds
[2025-04-05T23:55:49.586+0000] {processor.py:186} INFO - Started process (PID=54) to work on /home/airflow/.local/lib/python3.12/site-packages/airflow/example_dags/tutorial_taskflow_api.py
[2025-04-05T23:55:49.590+0000] {processor.py:914} INFO - Processing file /home/airflow/.local/lib/python3.12/site-packages/airflow/example_dags/tutorial_taskflow_api.py for tasks to queue
[2025-04-05T23:55:49.591+0000] {logging_mixin.py:190} INFO - [2025-04-05T23:55:49.591+0000] {dagbag.py:588} INFO - Filling up the DagBag from /home/airflow/.local/lib/python3.12/site-packages/airflow/example_dags/tutorial_taskflow_api.py
[2025-04-05T23:55:49.597+0000] {processor.py:925} INFO - DAG(s) 'tutorial_taskflow_api' retrieved from /home/airflow/.local/lib/python3.12/site-packages/airflow/example_dags/tutorial_taskflow_api.py
[2025-04-05T23:55:49.613+0000] {logging_mixin.py:190} INFO - [2025-04-05T23:55:49.613+0000] {dag.py:3239} INFO - Sync 1 DAGs
[2025-04-05T23:55:49.742+0000] {logging_mixin.py:190} INFO - [2025-04-05T23:55:49.741+0000] {dag.py:4180} INFO - Setting next_dagrun for tutorial_taskflow_api to None, run_after=None
[2025-04-05T23:55:49.753+0000] {processor.py:208} INFO - Processing /home/airflow/.local/lib/python3.12/site-packages/airflow/example_dags/tutorial_taskflow_api.py took 0.170 seconds
[2025-04-05T23:56:20.094+0000] {processor.py:186} INFO - Started process (PID=118) to work on /home/airflow/.local/lib/python3.12/site-packages/airflow/example_dags/tutorial_taskflow_api.py
[2025-04-05T23:56:20.095+0000] {processor.py:914} INFO - Processing file /home/airflow/.local/lib/python3.12/site-packages/airflow/example_dags/tutorial_taskflow_api.py for tasks to queue
[2025-04-05T23:56:20.096+0000] {logging_mixin.py:190} INFO - [2025-04-05T23:56:20.096+0000] {dagbag.py:588} INFO - Filling up the DagBag from /home/airflow/.local/lib/python3.12/site-packages/airflow/example_dags/tutorial_taskflow_api.py
[2025-04-05T23:56:20.100+0000] {processor.py:925} INFO - DAG(s) 'tutorial_taskflow_api' retrieved from /home/airflow/.local/lib/python3.12/site-packages/airflow/example_dags/tutorial_taskflow_api.py
[2025-04-05T23:56:20.111+0000] {logging_mixin.py:190} INFO - [2025-04-05T23:56:20.111+0000] {dag.py:3239} INFO - Sync 1 DAGs
[2025-04-05T23:56:20.118+0000] {logging_mixin.py:190} INFO - [2025-04-05T23:56:20.118+0000] {dag.py:4180} INFO - Setting next_dagrun for tutorial_taskflow_api to None, run_after=None
[2025-04-05T23:56:20.125+0000] {processor.py:208} INFO - Processing /home/airflow/.local/lib/python3.12/site-packages/airflow/example_dags/tutorial_taskflow_api.py took 0.033 seconds
