[2025-04-05T20:06:53.435+0000] {processor.py:186} INFO - Started process (PID=78) to work on /home/airflow/.local/lib/python3.12/site-packages/airflow/example_dags/tutorial.py
[2025-04-05T20:06:53.437+0000] {processor.py:914} INFO - Processing file /home/airflow/.local/lib/python3.12/site-packages/airflow/example_dags/tutorial.py for tasks to queue
[2025-04-05T20:06:53.440+0000] {logging_mixin.py:190} INFO - [2025-04-05T20:06:53.440+0000] {dagbag.py:588} INFO - Filling up the DagBag from /home/airflow/.local/lib/python3.12/site-packages/airflow/example_dags/tutorial.py
[2025-04-05T20:06:53.453+0000] {processor.py:925} INFO - DAG(s) 'tutorial' retrieved from /home/airflow/.local/lib/python3.12/site-packages/airflow/example_dags/tutorial.py
[2025-04-05T20:06:53.502+0000] {logging_mixin.py:190} INFO - [2025-04-05T20:06:53.502+0000] {override.py:1912} INFO - Created Permission View: can edit on DAG:tutorial
[2025-04-05T20:06:53.506+0000] {logging_mixin.py:190} INFO - [2025-04-05T20:06:53.506+0000] {override.py:1912} INFO - Created Permission View: can read on DAG:tutorial
[2025-04-05T20:06:53.509+0000] {logging_mixin.py:190} INFO - [2025-04-05T20:06:53.509+0000] {override.py:1912} INFO - Created Permission View: can delete on DAG:tutorial
[2025-04-05T20:06:53.511+0000] {logging_mixin.py:190} INFO - [2025-04-05T20:06:53.511+0000] {override.py:1912} INFO - Created Permission View: can create on DAG Run:tutorial
[2025-04-05T20:06:53.514+0000] {logging_mixin.py:190} INFO - [2025-04-05T20:06:53.514+0000] {override.py:1912} INFO - Created Permission View: can read on DAG Run:tutorial
[2025-04-05T20:06:53.516+0000] {logging_mixin.py:190} INFO - [2025-04-05T20:06:53.516+0000] {override.py:1912} INFO - Created Permission View: can delete on DAG Run:tutorial
[2025-04-05T20:06:53.519+0000] {logging_mixin.py:190} INFO - [2025-04-05T20:06:53.519+0000] {override.py:1912} INFO - Created Permission View: menu access on DAG Run:tutorial
[2025-04-05T20:06:53.519+0000] {logging_mixin.py:190} INFO - [2025-04-05T20:06:53.519+0000] {dag.py:3239} INFO - Sync 1 DAGs
[2025-04-05T20:06:53.526+0000] {logging_mixin.py:190} INFO - [2025-04-05T20:06:53.526+0000] {dag.py:3262} INFO - Creating ORM DAG for tutorial
[2025-04-05T20:06:53.531+0000] {logging_mixin.py:190} INFO - [2025-04-05T20:06:53.531+0000] {dag.py:4180} INFO - Setting next_dagrun for tutorial to 2025-04-04 00:00:00+00:00, run_after=2025-04-05 00:00:00+00:00
[2025-04-05T20:06:53.537+0000] {processor.py:208} INFO - Processing /home/airflow/.local/lib/python3.12/site-packages/airflow/example_dags/tutorial.py took 0.107 seconds
[2025-04-05T20:07:24.271+0000] {processor.py:186} INFO - Started process (PID=147) to work on /home/airflow/.local/lib/python3.12/site-packages/airflow/example_dags/tutorial.py
[2025-04-05T20:07:24.271+0000] {processor.py:914} INFO - Processing file /home/airflow/.local/lib/python3.12/site-packages/airflow/example_dags/tutorial.py for tasks to queue
[2025-04-05T20:07:24.273+0000] {logging_mixin.py:190} INFO - [2025-04-05T20:07:24.273+0000] {dagbag.py:588} INFO - Filling up the DagBag from /home/airflow/.local/lib/python3.12/site-packages/airflow/example_dags/tutorial.py
[2025-04-05T20:07:24.278+0000] {processor.py:925} INFO - DAG(s) 'tutorial' retrieved from /home/airflow/.local/lib/python3.12/site-packages/airflow/example_dags/tutorial.py
[2025-04-05T20:07:24.287+0000] {logging_mixin.py:190} INFO - [2025-04-05T20:07:24.287+0000] {dag.py:3239} INFO - Sync 1 DAGs
[2025-04-05T20:07:24.299+0000] {logging_mixin.py:190} INFO - [2025-04-05T20:07:24.299+0000] {dag.py:4180} INFO - Setting next_dagrun for tutorial to 2025-04-04 00:00:00+00:00, run_after=2025-04-05 00:00:00+00:00
[2025-04-05T20:07:24.306+0000] {processor.py:208} INFO - Processing /home/airflow/.local/lib/python3.12/site-packages/airflow/example_dags/tutorial.py took 0.038 seconds
[2025-04-05T20:07:55.099+0000] {processor.py:186} INFO - Started process (PID=210) to work on /home/airflow/.local/lib/python3.12/site-packages/airflow/example_dags/tutorial.py
[2025-04-05T20:07:55.100+0000] {processor.py:914} INFO - Processing file /home/airflow/.local/lib/python3.12/site-packages/airflow/example_dags/tutorial.py for tasks to queue
[2025-04-05T20:07:55.102+0000] {logging_mixin.py:190} INFO - [2025-04-05T20:07:55.102+0000] {dagbag.py:588} INFO - Filling up the DagBag from /home/airflow/.local/lib/python3.12/site-packages/airflow/example_dags/tutorial.py
[2025-04-05T20:07:55.110+0000] {processor.py:925} INFO - DAG(s) 'tutorial' retrieved from /home/airflow/.local/lib/python3.12/site-packages/airflow/example_dags/tutorial.py
[2025-04-05T20:07:55.119+0000] {logging_mixin.py:190} INFO - [2025-04-05T20:07:55.119+0000] {dag.py:3239} INFO - Sync 1 DAGs
[2025-04-05T20:07:55.128+0000] {logging_mixin.py:190} INFO - [2025-04-05T20:07:55.128+0000] {dag.py:4180} INFO - Setting next_dagrun for tutorial to 2025-04-04 00:00:00+00:00, run_after=2025-04-05 00:00:00+00:00
[2025-04-05T20:07:55.136+0000] {processor.py:208} INFO - Processing /home/airflow/.local/lib/python3.12/site-packages/airflow/example_dags/tutorial.py took 0.040 seconds
[2025-04-05T20:08:25.748+0000] {processor.py:186} INFO - Started process (PID=273) to work on /home/airflow/.local/lib/python3.12/site-packages/airflow/example_dags/tutorial.py
[2025-04-05T20:08:25.749+0000] {processor.py:914} INFO - Processing file /home/airflow/.local/lib/python3.12/site-packages/airflow/example_dags/tutorial.py for tasks to queue
[2025-04-05T20:08:25.751+0000] {logging_mixin.py:190} INFO - [2025-04-05T20:08:25.751+0000] {dagbag.py:588} INFO - Filling up the DagBag from /home/airflow/.local/lib/python3.12/site-packages/airflow/example_dags/tutorial.py
[2025-04-05T20:08:25.755+0000] {processor.py:925} INFO - DAG(s) 'tutorial' retrieved from /home/airflow/.local/lib/python3.12/site-packages/airflow/example_dags/tutorial.py
[2025-04-05T20:08:25.766+0000] {logging_mixin.py:190} INFO - [2025-04-05T20:08:25.766+0000] {dag.py:3239} INFO - Sync 1 DAGs
[2025-04-05T20:08:25.776+0000] {logging_mixin.py:190} INFO - [2025-04-05T20:08:25.776+0000] {dag.py:4180} INFO - Setting next_dagrun for tutorial to 2025-04-04 00:00:00+00:00, run_after=2025-04-05 00:00:00+00:00
[2025-04-05T20:08:25.784+0000] {processor.py:208} INFO - Processing /home/airflow/.local/lib/python3.12/site-packages/airflow/example_dags/tutorial.py took 0.039 seconds
[2025-04-05T23:17:35.834+0000] {processor.py:186} INFO - Started process (PID=77) to work on /home/airflow/.local/lib/python3.12/site-packages/airflow/example_dags/tutorial.py
[2025-04-05T23:17:35.835+0000] {processor.py:914} INFO - Processing file /home/airflow/.local/lib/python3.12/site-packages/airflow/example_dags/tutorial.py for tasks to queue
[2025-04-05T23:17:35.836+0000] {logging_mixin.py:190} INFO - [2025-04-05T23:17:35.836+0000] {dagbag.py:588} INFO - Filling up the DagBag from /home/airflow/.local/lib/python3.12/site-packages/airflow/example_dags/tutorial.py
[2025-04-05T23:17:35.842+0000] {processor.py:925} INFO - DAG(s) 'tutorial' retrieved from /home/airflow/.local/lib/python3.12/site-packages/airflow/example_dags/tutorial.py
[2025-04-05T23:17:35.854+0000] {logging_mixin.py:190} INFO - [2025-04-05T23:17:35.854+0000] {dag.py:3239} INFO - Sync 1 DAGs
[2025-04-05T23:17:35.863+0000] {logging_mixin.py:190} INFO - [2025-04-05T23:17:35.863+0000] {dag.py:4180} INFO - Setting next_dagrun for tutorial to 2025-04-04 00:00:00+00:00, run_after=2025-04-05 00:00:00+00:00
[2025-04-05T23:17:35.872+0000] {processor.py:208} INFO - Processing /home/airflow/.local/lib/python3.12/site-packages/airflow/example_dags/tutorial.py took 0.041 seconds
[2025-04-05T23:18:02.782+0000] {processor.py:186} INFO - Started process (PID=78) to work on /home/airflow/.local/lib/python3.12/site-packages/airflow/example_dags/tutorial.py
[2025-04-05T23:18:02.783+0000] {processor.py:914} INFO - Processing file /home/airflow/.local/lib/python3.12/site-packages/airflow/example_dags/tutorial.py for tasks to queue
[2025-04-05T23:18:02.784+0000] {logging_mixin.py:190} INFO - [2025-04-05T23:18:02.784+0000] {dagbag.py:588} INFO - Filling up the DagBag from /home/airflow/.local/lib/python3.12/site-packages/airflow/example_dags/tutorial.py
[2025-04-05T23:18:02.914+0000] {processor.py:925} INFO - DAG(s) 'tutorial' retrieved from /home/airflow/.local/lib/python3.12/site-packages/airflow/example_dags/tutorial.py
[2025-04-05T23:18:02.926+0000] {logging_mixin.py:190} INFO - [2025-04-05T23:18:02.926+0000] {dag.py:3239} INFO - Sync 1 DAGs
[2025-04-05T23:18:02.936+0000] {logging_mixin.py:190} INFO - [2025-04-05T23:18:02.935+0000] {dag.py:4180} INFO - Setting next_dagrun for tutorial to 2025-04-04 00:00:00+00:00, run_after=2025-04-05 00:00:00+00:00
[2025-04-05T23:18:02.948+0000] {processor.py:208} INFO - Processing /home/airflow/.local/lib/python3.12/site-packages/airflow/example_dags/tutorial.py took 0.168 seconds
[2025-04-05T23:18:33.499+0000] {processor.py:186} INFO - Started process (PID=142) to work on /home/airflow/.local/lib/python3.12/site-packages/airflow/example_dags/tutorial.py
[2025-04-05T23:18:33.500+0000] {processor.py:914} INFO - Processing file /home/airflow/.local/lib/python3.12/site-packages/airflow/example_dags/tutorial.py for tasks to queue
[2025-04-05T23:18:33.501+0000] {logging_mixin.py:190} INFO - [2025-04-05T23:18:33.501+0000] {dagbag.py:588} INFO - Filling up the DagBag from /home/airflow/.local/lib/python3.12/site-packages/airflow/example_dags/tutorial.py
[2025-04-05T23:18:33.505+0000] {processor.py:925} INFO - DAG(s) 'tutorial' retrieved from /home/airflow/.local/lib/python3.12/site-packages/airflow/example_dags/tutorial.py
[2025-04-05T23:18:33.520+0000] {logging_mixin.py:190} INFO - [2025-04-05T23:18:33.520+0000] {dag.py:3239} INFO - Sync 1 DAGs
[2025-04-05T23:18:33.530+0000] {logging_mixin.py:190} INFO - [2025-04-05T23:18:33.530+0000] {dag.py:4180} INFO - Setting next_dagrun for tutorial to 2025-04-04 00:00:00+00:00, run_after=2025-04-05 00:00:00+00:00
[2025-04-05T23:18:33.540+0000] {processor.py:208} INFO - Processing /home/airflow/.local/lib/python3.12/site-packages/airflow/example_dags/tutorial.py took 0.044 seconds
[2025-04-05T23:19:03.703+0000] {processor.py:186} INFO - Started process (PID=206) to work on /home/airflow/.local/lib/python3.12/site-packages/airflow/example_dags/tutorial.py
[2025-04-05T23:19:03.705+0000] {processor.py:914} INFO - Processing file /home/airflow/.local/lib/python3.12/site-packages/airflow/example_dags/tutorial.py for tasks to queue
[2025-04-05T23:19:03.708+0000] {logging_mixin.py:190} INFO - [2025-04-05T23:19:03.707+0000] {dagbag.py:588} INFO - Filling up the DagBag from /home/airflow/.local/lib/python3.12/site-packages/airflow/example_dags/tutorial.py
[2025-04-05T23:19:03.713+0000] {processor.py:925} INFO - DAG(s) 'tutorial' retrieved from /home/airflow/.local/lib/python3.12/site-packages/airflow/example_dags/tutorial.py
[2025-04-05T23:19:03.726+0000] {logging_mixin.py:190} INFO - [2025-04-05T23:19:03.726+0000] {dag.py:3239} INFO - Sync 1 DAGs
[2025-04-05T23:19:03.736+0000] {logging_mixin.py:190} INFO - [2025-04-05T23:19:03.736+0000] {dag.py:4180} INFO - Setting next_dagrun for tutorial to 2025-04-04 00:00:00+00:00, run_after=2025-04-05 00:00:00+00:00
[2025-04-05T23:19:03.745+0000] {processor.py:208} INFO - Processing /home/airflow/.local/lib/python3.12/site-packages/airflow/example_dags/tutorial.py took 0.045 seconds
[2025-04-05T23:19:33.939+0000] {processor.py:186} INFO - Started process (PID=270) to work on /home/airflow/.local/lib/python3.12/site-packages/airflow/example_dags/tutorial.py
[2025-04-05T23:19:33.941+0000] {processor.py:914} INFO - Processing file /home/airflow/.local/lib/python3.12/site-packages/airflow/example_dags/tutorial.py for tasks to queue
[2025-04-05T23:19:33.942+0000] {logging_mixin.py:190} INFO - [2025-04-05T23:19:33.942+0000] {dagbag.py:588} INFO - Filling up the DagBag from /home/airflow/.local/lib/python3.12/site-packages/airflow/example_dags/tutorial.py
[2025-04-05T23:19:33.946+0000] {processor.py:925} INFO - DAG(s) 'tutorial' retrieved from /home/airflow/.local/lib/python3.12/site-packages/airflow/example_dags/tutorial.py
[2025-04-05T23:19:33.957+0000] {logging_mixin.py:190} INFO - [2025-04-05T23:19:33.956+0000] {dag.py:3239} INFO - Sync 1 DAGs
[2025-04-05T23:19:33.966+0000] {logging_mixin.py:190} INFO - [2025-04-05T23:19:33.966+0000] {dag.py:4180} INFO - Setting next_dagrun for tutorial to 2025-04-04 00:00:00+00:00, run_after=2025-04-05 00:00:00+00:00
[2025-04-05T23:19:33.979+0000] {processor.py:208} INFO - Processing /home/airflow/.local/lib/python3.12/site-packages/airflow/example_dags/tutorial.py took 0.042 seconds
[2025-04-05T23:20:04.131+0000] {processor.py:186} INFO - Started process (PID=334) to work on /home/airflow/.local/lib/python3.12/site-packages/airflow/example_dags/tutorial.py
[2025-04-05T23:20:04.131+0000] {processor.py:914} INFO - Processing file /home/airflow/.local/lib/python3.12/site-packages/airflow/example_dags/tutorial.py for tasks to queue
[2025-04-05T23:20:04.132+0000] {logging_mixin.py:190} INFO - [2025-04-05T23:20:04.132+0000] {dagbag.py:588} INFO - Filling up the DagBag from /home/airflow/.local/lib/python3.12/site-packages/airflow/example_dags/tutorial.py
[2025-04-05T23:20:04.136+0000] {processor.py:925} INFO - DAG(s) 'tutorial' retrieved from /home/airflow/.local/lib/python3.12/site-packages/airflow/example_dags/tutorial.py
[2025-04-05T23:20:04.153+0000] {logging_mixin.py:190} INFO - [2025-04-05T23:20:04.153+0000] {dag.py:3239} INFO - Sync 1 DAGs
[2025-04-05T23:20:04.162+0000] {logging_mixin.py:190} INFO - [2025-04-05T23:20:04.162+0000] {dag.py:4180} INFO - Setting next_dagrun for tutorial to 2025-04-04 00:00:00+00:00, run_after=2025-04-05 00:00:00+00:00
[2025-04-05T23:20:04.170+0000] {processor.py:208} INFO - Processing /home/airflow/.local/lib/python3.12/site-packages/airflow/example_dags/tutorial.py took 0.043 seconds
[2025-04-05T23:20:34.423+0000] {processor.py:186} INFO - Started process (PID=398) to work on /home/airflow/.local/lib/python3.12/site-packages/airflow/example_dags/tutorial.py
[2025-04-05T23:20:34.424+0000] {processor.py:914} INFO - Processing file /home/airflow/.local/lib/python3.12/site-packages/airflow/example_dags/tutorial.py for tasks to queue
[2025-04-05T23:20:34.425+0000] {logging_mixin.py:190} INFO - [2025-04-05T23:20:34.425+0000] {dagbag.py:588} INFO - Filling up the DagBag from /home/airflow/.local/lib/python3.12/site-packages/airflow/example_dags/tutorial.py
[2025-04-05T23:20:34.429+0000] {processor.py:925} INFO - DAG(s) 'tutorial' retrieved from /home/airflow/.local/lib/python3.12/site-packages/airflow/example_dags/tutorial.py
[2025-04-05T23:20:34.438+0000] {logging_mixin.py:190} INFO - [2025-04-05T23:20:34.438+0000] {dag.py:3239} INFO - Sync 1 DAGs
[2025-04-05T23:20:34.447+0000] {logging_mixin.py:190} INFO - [2025-04-05T23:20:34.447+0000] {dag.py:4180} INFO - Setting next_dagrun for tutorial to 2025-04-04 00:00:00+00:00, run_after=2025-04-05 00:00:00+00:00
[2025-04-05T23:20:34.454+0000] {processor.py:208} INFO - Processing /home/airflow/.local/lib/python3.12/site-packages/airflow/example_dags/tutorial.py took 0.033 seconds
[2025-04-05T23:21:04.685+0000] {processor.py:186} INFO - Started process (PID=462) to work on /home/airflow/.local/lib/python3.12/site-packages/airflow/example_dags/tutorial.py
[2025-04-05T23:21:04.686+0000] {processor.py:914} INFO - Processing file /home/airflow/.local/lib/python3.12/site-packages/airflow/example_dags/tutorial.py for tasks to queue
[2025-04-05T23:21:04.688+0000] {logging_mixin.py:190} INFO - [2025-04-05T23:21:04.688+0000] {dagbag.py:588} INFO - Filling up the DagBag from /home/airflow/.local/lib/python3.12/site-packages/airflow/example_dags/tutorial.py
[2025-04-05T23:21:04.693+0000] {processor.py:925} INFO - DAG(s) 'tutorial' retrieved from /home/airflow/.local/lib/python3.12/site-packages/airflow/example_dags/tutorial.py
[2025-04-05T23:21:04.702+0000] {logging_mixin.py:190} INFO - [2025-04-05T23:21:04.702+0000] {dag.py:3239} INFO - Sync 1 DAGs
[2025-04-05T23:21:04.712+0000] {logging_mixin.py:190} INFO - [2025-04-05T23:21:04.711+0000] {dag.py:4180} INFO - Setting next_dagrun for tutorial to 2025-04-04 00:00:00+00:00, run_after=2025-04-05 00:00:00+00:00
[2025-04-05T23:21:04.721+0000] {processor.py:208} INFO - Processing /home/airflow/.local/lib/python3.12/site-packages/airflow/example_dags/tutorial.py took 0.039 seconds
[2025-04-05T23:21:35.020+0000] {processor.py:186} INFO - Started process (PID=526) to work on /home/airflow/.local/lib/python3.12/site-packages/airflow/example_dags/tutorial.py
[2025-04-05T23:21:35.020+0000] {processor.py:914} INFO - Processing file /home/airflow/.local/lib/python3.12/site-packages/airflow/example_dags/tutorial.py for tasks to queue
[2025-04-05T23:21:35.022+0000] {logging_mixin.py:190} INFO - [2025-04-05T23:21:35.021+0000] {dagbag.py:588} INFO - Filling up the DagBag from /home/airflow/.local/lib/python3.12/site-packages/airflow/example_dags/tutorial.py
[2025-04-05T23:21:35.026+0000] {processor.py:925} INFO - DAG(s) 'tutorial' retrieved from /home/airflow/.local/lib/python3.12/site-packages/airflow/example_dags/tutorial.py
[2025-04-05T23:21:35.035+0000] {logging_mixin.py:190} INFO - [2025-04-05T23:21:35.034+0000] {dag.py:3239} INFO - Sync 1 DAGs
[2025-04-05T23:21:35.043+0000] {logging_mixin.py:190} INFO - [2025-04-05T23:21:35.043+0000] {dag.py:4180} INFO - Setting next_dagrun for tutorial to 2025-04-04 00:00:00+00:00, run_after=2025-04-05 00:00:00+00:00
[2025-04-05T23:21:35.050+0000] {processor.py:208} INFO - Processing /home/airflow/.local/lib/python3.12/site-packages/airflow/example_dags/tutorial.py took 0.032 seconds
[2025-04-05T23:22:05.274+0000] {processor.py:186} INFO - Started process (PID=590) to work on /home/airflow/.local/lib/python3.12/site-packages/airflow/example_dags/tutorial.py
[2025-04-05T23:22:05.274+0000] {processor.py:914} INFO - Processing file /home/airflow/.local/lib/python3.12/site-packages/airflow/example_dags/tutorial.py for tasks to queue
[2025-04-05T23:22:05.275+0000] {logging_mixin.py:190} INFO - [2025-04-05T23:22:05.275+0000] {dagbag.py:588} INFO - Filling up the DagBag from /home/airflow/.local/lib/python3.12/site-packages/airflow/example_dags/tutorial.py
[2025-04-05T23:22:05.279+0000] {processor.py:925} INFO - DAG(s) 'tutorial' retrieved from /home/airflow/.local/lib/python3.12/site-packages/airflow/example_dags/tutorial.py
[2025-04-05T23:22:05.288+0000] {logging_mixin.py:190} INFO - [2025-04-05T23:22:05.288+0000] {dag.py:3239} INFO - Sync 1 DAGs
[2025-04-05T23:22:05.296+0000] {logging_mixin.py:190} INFO - [2025-04-05T23:22:05.296+0000] {dag.py:4180} INFO - Setting next_dagrun for tutorial to 2025-04-04 00:00:00+00:00, run_after=2025-04-05 00:00:00+00:00
[2025-04-05T23:22:05.303+0000] {processor.py:208} INFO - Processing /home/airflow/.local/lib/python3.12/site-packages/airflow/example_dags/tutorial.py took 0.032 seconds
[2025-04-05T23:22:35.467+0000] {processor.py:186} INFO - Started process (PID=654) to work on /home/airflow/.local/lib/python3.12/site-packages/airflow/example_dags/tutorial.py
[2025-04-05T23:22:35.468+0000] {processor.py:914} INFO - Processing file /home/airflow/.local/lib/python3.12/site-packages/airflow/example_dags/tutorial.py for tasks to queue
[2025-04-05T23:22:35.469+0000] {logging_mixin.py:190} INFO - [2025-04-05T23:22:35.469+0000] {dagbag.py:588} INFO - Filling up the DagBag from /home/airflow/.local/lib/python3.12/site-packages/airflow/example_dags/tutorial.py
[2025-04-05T23:22:35.473+0000] {processor.py:925} INFO - DAG(s) 'tutorial' retrieved from /home/airflow/.local/lib/python3.12/site-packages/airflow/example_dags/tutorial.py
[2025-04-05T23:22:35.484+0000] {logging_mixin.py:190} INFO - [2025-04-05T23:22:35.483+0000] {dag.py:3239} INFO - Sync 1 DAGs
[2025-04-05T23:22:35.497+0000] {logging_mixin.py:190} INFO - [2025-04-05T23:22:35.497+0000] {dag.py:4180} INFO - Setting next_dagrun for tutorial to 2025-04-04 00:00:00+00:00, run_after=2025-04-05 00:00:00+00:00
[2025-04-05T23:22:35.510+0000] {processor.py:208} INFO - Processing /home/airflow/.local/lib/python3.12/site-packages/airflow/example_dags/tutorial.py took 0.046 seconds
[2025-04-05T23:23:05.702+0000] {processor.py:186} INFO - Started process (PID=718) to work on /home/airflow/.local/lib/python3.12/site-packages/airflow/example_dags/tutorial.py
[2025-04-05T23:23:05.702+0000] {processor.py:914} INFO - Processing file /home/airflow/.local/lib/python3.12/site-packages/airflow/example_dags/tutorial.py for tasks to queue
[2025-04-05T23:23:05.707+0000] {logging_mixin.py:190} INFO - [2025-04-05T23:23:05.706+0000] {dagbag.py:588} INFO - Filling up the DagBag from /home/airflow/.local/lib/python3.12/site-packages/airflow/example_dags/tutorial.py
[2025-04-05T23:23:05.711+0000] {processor.py:925} INFO - DAG(s) 'tutorial' retrieved from /home/airflow/.local/lib/python3.12/site-packages/airflow/example_dags/tutorial.py
[2025-04-05T23:23:05.722+0000] {logging_mixin.py:190} INFO - [2025-04-05T23:23:05.722+0000] {dag.py:3239} INFO - Sync 1 DAGs
[2025-04-05T23:23:05.733+0000] {logging_mixin.py:190} INFO - [2025-04-05T23:23:05.733+0000] {dag.py:4180} INFO - Setting next_dagrun for tutorial to 2025-04-04 00:00:00+00:00, run_after=2025-04-05 00:00:00+00:00
[2025-04-05T23:23:05.740+0000] {processor.py:208} INFO - Processing /home/airflow/.local/lib/python3.12/site-packages/airflow/example_dags/tutorial.py took 0.041 seconds
[2025-04-05T23:23:35.902+0000] {processor.py:186} INFO - Started process (PID=782) to work on /home/airflow/.local/lib/python3.12/site-packages/airflow/example_dags/tutorial.py
[2025-04-05T23:23:35.903+0000] {processor.py:914} INFO - Processing file /home/airflow/.local/lib/python3.12/site-packages/airflow/example_dags/tutorial.py for tasks to queue
[2025-04-05T23:23:35.904+0000] {logging_mixin.py:190} INFO - [2025-04-05T23:23:35.904+0000] {dagbag.py:588} INFO - Filling up the DagBag from /home/airflow/.local/lib/python3.12/site-packages/airflow/example_dags/tutorial.py
[2025-04-05T23:23:35.910+0000] {processor.py:925} INFO - DAG(s) 'tutorial' retrieved from /home/airflow/.local/lib/python3.12/site-packages/airflow/example_dags/tutorial.py
[2025-04-05T23:23:35.924+0000] {logging_mixin.py:190} INFO - [2025-04-05T23:23:35.924+0000] {dag.py:3239} INFO - Sync 1 DAGs
[2025-04-05T23:23:35.935+0000] {logging_mixin.py:190} INFO - [2025-04-05T23:23:35.935+0000] {dag.py:4180} INFO - Setting next_dagrun for tutorial to 2025-04-04 00:00:00+00:00, run_after=2025-04-05 00:00:00+00:00
[2025-04-05T23:23:35.943+0000] {processor.py:208} INFO - Processing /home/airflow/.local/lib/python3.12/site-packages/airflow/example_dags/tutorial.py took 0.044 seconds
[2025-04-05T23:24:32.679+0000] {processor.py:186} INFO - Started process (PID=77) to work on /home/airflow/.local/lib/python3.12/site-packages/airflow/example_dags/tutorial.py
[2025-04-05T23:24:32.680+0000] {processor.py:914} INFO - Processing file /home/airflow/.local/lib/python3.12/site-packages/airflow/example_dags/tutorial.py for tasks to queue
[2025-04-05T23:24:32.683+0000] {logging_mixin.py:190} INFO - [2025-04-05T23:24:32.682+0000] {dagbag.py:588} INFO - Filling up the DagBag from /home/airflow/.local/lib/python3.12/site-packages/airflow/example_dags/tutorial.py
[2025-04-05T23:24:32.834+0000] {processor.py:925} INFO - DAG(s) 'tutorial' retrieved from /home/airflow/.local/lib/python3.12/site-packages/airflow/example_dags/tutorial.py
[2025-04-05T23:24:32.846+0000] {logging_mixin.py:190} INFO - [2025-04-05T23:24:32.846+0000] {dag.py:3239} INFO - Sync 1 DAGs
[2025-04-05T23:24:32.857+0000] {logging_mixin.py:190} INFO - [2025-04-05T23:24:32.857+0000] {dag.py:4180} INFO - Setting next_dagrun for tutorial to 2025-04-04 00:00:00+00:00, run_after=2025-04-05 00:00:00+00:00
[2025-04-05T23:24:32.865+0000] {processor.py:208} INFO - Processing /home/airflow/.local/lib/python3.12/site-packages/airflow/example_dags/tutorial.py took 0.192 seconds
[2025-04-05T23:25:03.768+0000] {processor.py:186} INFO - Started process (PID=141) to work on /home/airflow/.local/lib/python3.12/site-packages/airflow/example_dags/tutorial.py
[2025-04-05T23:25:03.769+0000] {processor.py:914} INFO - Processing file /home/airflow/.local/lib/python3.12/site-packages/airflow/example_dags/tutorial.py for tasks to queue
[2025-04-05T23:25:03.771+0000] {logging_mixin.py:190} INFO - [2025-04-05T23:25:03.770+0000] {dagbag.py:588} INFO - Filling up the DagBag from /home/airflow/.local/lib/python3.12/site-packages/airflow/example_dags/tutorial.py
[2025-04-05T23:25:03.777+0000] {processor.py:925} INFO - DAG(s) 'tutorial' retrieved from /home/airflow/.local/lib/python3.12/site-packages/airflow/example_dags/tutorial.py
[2025-04-05T23:25:03.792+0000] {logging_mixin.py:190} INFO - [2025-04-05T23:25:03.791+0000] {dag.py:3239} INFO - Sync 1 DAGs
[2025-04-05T23:25:03.803+0000] {logging_mixin.py:190} INFO - [2025-04-05T23:25:03.803+0000] {dag.py:4180} INFO - Setting next_dagrun for tutorial to 2025-04-04 00:00:00+00:00, run_after=2025-04-05 00:00:00+00:00
[2025-04-05T23:25:03.817+0000] {processor.py:208} INFO - Processing /home/airflow/.local/lib/python3.12/site-packages/airflow/example_dags/tutorial.py took 0.052 seconds
[2025-04-05T23:25:33.886+0000] {processor.py:186} INFO - Started process (PID=205) to work on /home/airflow/.local/lib/python3.12/site-packages/airflow/example_dags/tutorial.py
[2025-04-05T23:25:33.887+0000] {processor.py:914} INFO - Processing file /home/airflow/.local/lib/python3.12/site-packages/airflow/example_dags/tutorial.py for tasks to queue
[2025-04-05T23:25:33.889+0000] {logging_mixin.py:190} INFO - [2025-04-05T23:25:33.889+0000] {dagbag.py:588} INFO - Filling up the DagBag from /home/airflow/.local/lib/python3.12/site-packages/airflow/example_dags/tutorial.py
[2025-04-05T23:25:33.897+0000] {processor.py:925} INFO - DAG(s) 'tutorial' retrieved from /home/airflow/.local/lib/python3.12/site-packages/airflow/example_dags/tutorial.py
[2025-04-05T23:25:33.911+0000] {logging_mixin.py:190} INFO - [2025-04-05T23:25:33.911+0000] {dag.py:3239} INFO - Sync 1 DAGs
[2025-04-05T23:25:33.925+0000] {logging_mixin.py:190} INFO - [2025-04-05T23:25:33.925+0000] {dag.py:4180} INFO - Setting next_dagrun for tutorial to 2025-04-04 00:00:00+00:00, run_after=2025-04-05 00:00:00+00:00
[2025-04-05T23:25:33.934+0000] {processor.py:208} INFO - Processing /home/airflow/.local/lib/python3.12/site-packages/airflow/example_dags/tutorial.py took 0.053 seconds
[2025-04-05T23:26:04.336+0000] {processor.py:186} INFO - Started process (PID=269) to work on /home/airflow/.local/lib/python3.12/site-packages/airflow/example_dags/tutorial.py
[2025-04-05T23:26:04.340+0000] {processor.py:914} INFO - Processing file /home/airflow/.local/lib/python3.12/site-packages/airflow/example_dags/tutorial.py for tasks to queue
[2025-04-05T23:26:04.342+0000] {logging_mixin.py:190} INFO - [2025-04-05T23:26:04.342+0000] {dagbag.py:588} INFO - Filling up the DagBag from /home/airflow/.local/lib/python3.12/site-packages/airflow/example_dags/tutorial.py
[2025-04-05T23:26:04.348+0000] {processor.py:925} INFO - DAG(s) 'tutorial' retrieved from /home/airflow/.local/lib/python3.12/site-packages/airflow/example_dags/tutorial.py
[2025-04-05T23:26:04.364+0000] {logging_mixin.py:190} INFO - [2025-04-05T23:26:04.364+0000] {dag.py:3239} INFO - Sync 1 DAGs
[2025-04-05T23:26:04.379+0000] {logging_mixin.py:190} INFO - [2025-04-05T23:26:04.379+0000] {dag.py:4180} INFO - Setting next_dagrun for tutorial to 2025-04-04 00:00:00+00:00, run_after=2025-04-05 00:00:00+00:00
[2025-04-05T23:26:04.389+0000] {processor.py:208} INFO - Processing /home/airflow/.local/lib/python3.12/site-packages/airflow/example_dags/tutorial.py took 0.058 seconds
[2025-04-05T23:26:34.575+0000] {processor.py:186} INFO - Started process (PID=333) to work on /home/airflow/.local/lib/python3.12/site-packages/airflow/example_dags/tutorial.py
[2025-04-05T23:26:34.577+0000] {processor.py:914} INFO - Processing file /home/airflow/.local/lib/python3.12/site-packages/airflow/example_dags/tutorial.py for tasks to queue
[2025-04-05T23:26:34.578+0000] {logging_mixin.py:190} INFO - [2025-04-05T23:26:34.578+0000] {dagbag.py:588} INFO - Filling up the DagBag from /home/airflow/.local/lib/python3.12/site-packages/airflow/example_dags/tutorial.py
[2025-04-05T23:26:34.583+0000] {processor.py:925} INFO - DAG(s) 'tutorial' retrieved from /home/airflow/.local/lib/python3.12/site-packages/airflow/example_dags/tutorial.py
[2025-04-05T23:26:34.593+0000] {logging_mixin.py:190} INFO - [2025-04-05T23:26:34.593+0000] {dag.py:3239} INFO - Sync 1 DAGs
[2025-04-05T23:26:34.603+0000] {logging_mixin.py:190} INFO - [2025-04-05T23:26:34.603+0000] {dag.py:4180} INFO - Setting next_dagrun for tutorial to 2025-04-04 00:00:00+00:00, run_after=2025-04-05 00:00:00+00:00
[2025-04-05T23:26:34.613+0000] {processor.py:208} INFO - Processing /home/airflow/.local/lib/python3.12/site-packages/airflow/example_dags/tutorial.py took 0.041 seconds
[2025-04-05T23:27:04.702+0000] {processor.py:186} INFO - Started process (PID=397) to work on /home/airflow/.local/lib/python3.12/site-packages/airflow/example_dags/tutorial.py
[2025-04-05T23:27:04.702+0000] {processor.py:914} INFO - Processing file /home/airflow/.local/lib/python3.12/site-packages/airflow/example_dags/tutorial.py for tasks to queue
[2025-04-05T23:27:04.703+0000] {logging_mixin.py:190} INFO - [2025-04-05T23:27:04.703+0000] {dagbag.py:588} INFO - Filling up the DagBag from /home/airflow/.local/lib/python3.12/site-packages/airflow/example_dags/tutorial.py
[2025-04-05T23:27:04.709+0000] {processor.py:925} INFO - DAG(s) 'tutorial' retrieved from /home/airflow/.local/lib/python3.12/site-packages/airflow/example_dags/tutorial.py
[2025-04-05T23:27:04.726+0000] {logging_mixin.py:190} INFO - [2025-04-05T23:27:04.726+0000] {dag.py:3239} INFO - Sync 1 DAGs
[2025-04-05T23:27:04.741+0000] {logging_mixin.py:190} INFO - [2025-04-05T23:27:04.740+0000] {dag.py:4180} INFO - Setting next_dagrun for tutorial to 2025-04-04 00:00:00+00:00, run_after=2025-04-05 00:00:00+00:00
[2025-04-05T23:27:04.752+0000] {processor.py:208} INFO - Processing /home/airflow/.local/lib/python3.12/site-packages/airflow/example_dags/tutorial.py took 0.054 seconds
[2025-04-05T23:27:34.970+0000] {processor.py:186} INFO - Started process (PID=461) to work on /home/airflow/.local/lib/python3.12/site-packages/airflow/example_dags/tutorial.py
[2025-04-05T23:27:34.971+0000] {processor.py:914} INFO - Processing file /home/airflow/.local/lib/python3.12/site-packages/airflow/example_dags/tutorial.py for tasks to queue
[2025-04-05T23:27:34.975+0000] {logging_mixin.py:190} INFO - [2025-04-05T23:27:34.975+0000] {dagbag.py:588} INFO - Filling up the DagBag from /home/airflow/.local/lib/python3.12/site-packages/airflow/example_dags/tutorial.py
[2025-04-05T23:27:34.981+0000] {processor.py:925} INFO - DAG(s) 'tutorial' retrieved from /home/airflow/.local/lib/python3.12/site-packages/airflow/example_dags/tutorial.py
[2025-04-05T23:27:34.992+0000] {logging_mixin.py:190} INFO - [2025-04-05T23:27:34.992+0000] {dag.py:3239} INFO - Sync 1 DAGs
[2025-04-05T23:27:35.004+0000] {logging_mixin.py:190} INFO - [2025-04-05T23:27:35.004+0000] {dag.py:4180} INFO - Setting next_dagrun for tutorial to 2025-04-04 00:00:00+00:00, run_after=2025-04-05 00:00:00+00:00
[2025-04-05T23:27:35.016+0000] {processor.py:208} INFO - Processing /home/airflow/.local/lib/python3.12/site-packages/airflow/example_dags/tutorial.py took 0.051 seconds
[2025-04-05T23:28:05.279+0000] {processor.py:186} INFO - Started process (PID=525) to work on /home/airflow/.local/lib/python3.12/site-packages/airflow/example_dags/tutorial.py
[2025-04-05T23:28:05.280+0000] {processor.py:914} INFO - Processing file /home/airflow/.local/lib/python3.12/site-packages/airflow/example_dags/tutorial.py for tasks to queue
[2025-04-05T23:28:05.283+0000] {logging_mixin.py:190} INFO - [2025-04-05T23:28:05.283+0000] {dagbag.py:588} INFO - Filling up the DagBag from /home/airflow/.local/lib/python3.12/site-packages/airflow/example_dags/tutorial.py
[2025-04-05T23:28:05.289+0000] {processor.py:925} INFO - DAG(s) 'tutorial' retrieved from /home/airflow/.local/lib/python3.12/site-packages/airflow/example_dags/tutorial.py
[2025-04-05T23:28:05.302+0000] {logging_mixin.py:190} INFO - [2025-04-05T23:28:05.302+0000] {dag.py:3239} INFO - Sync 1 DAGs
[2025-04-05T23:28:05.314+0000] {logging_mixin.py:190} INFO - [2025-04-05T23:28:05.314+0000] {dag.py:4180} INFO - Setting next_dagrun for tutorial to 2025-04-04 00:00:00+00:00, run_after=2025-04-05 00:00:00+00:00
[2025-04-05T23:28:05.324+0000] {processor.py:208} INFO - Processing /home/airflow/.local/lib/python3.12/site-packages/airflow/example_dags/tutorial.py took 0.049 seconds
[2025-04-05T23:28:35.436+0000] {processor.py:186} INFO - Started process (PID=589) to work on /home/airflow/.local/lib/python3.12/site-packages/airflow/example_dags/tutorial.py
[2025-04-05T23:28:35.442+0000] {processor.py:914} INFO - Processing file /home/airflow/.local/lib/python3.12/site-packages/airflow/example_dags/tutorial.py for tasks to queue
[2025-04-05T23:28:35.445+0000] {logging_mixin.py:190} INFO - [2025-04-05T23:28:35.445+0000] {dagbag.py:588} INFO - Filling up the DagBag from /home/airflow/.local/lib/python3.12/site-packages/airflow/example_dags/tutorial.py
[2025-04-05T23:28:35.451+0000] {processor.py:925} INFO - DAG(s) 'tutorial' retrieved from /home/airflow/.local/lib/python3.12/site-packages/airflow/example_dags/tutorial.py
[2025-04-05T23:28:35.462+0000] {logging_mixin.py:190} INFO - [2025-04-05T23:28:35.462+0000] {dag.py:3239} INFO - Sync 1 DAGs
[2025-04-05T23:28:35.473+0000] {logging_mixin.py:190} INFO - [2025-04-05T23:28:35.473+0000] {dag.py:4180} INFO - Setting next_dagrun for tutorial to 2025-04-04 00:00:00+00:00, run_after=2025-04-05 00:00:00+00:00
[2025-04-05T23:28:35.483+0000] {processor.py:208} INFO - Processing /home/airflow/.local/lib/python3.12/site-packages/airflow/example_dags/tutorial.py took 0.051 seconds
[2025-04-05T23:29:05.796+0000] {processor.py:186} INFO - Started process (PID=653) to work on /home/airflow/.local/lib/python3.12/site-packages/airflow/example_dags/tutorial.py
[2025-04-05T23:29:05.801+0000] {processor.py:914} INFO - Processing file /home/airflow/.local/lib/python3.12/site-packages/airflow/example_dags/tutorial.py for tasks to queue
[2025-04-05T23:29:05.803+0000] {logging_mixin.py:190} INFO - [2025-04-05T23:29:05.803+0000] {dagbag.py:588} INFO - Filling up the DagBag from /home/airflow/.local/lib/python3.12/site-packages/airflow/example_dags/tutorial.py
[2025-04-05T23:29:05.810+0000] {processor.py:925} INFO - DAG(s) 'tutorial' retrieved from /home/airflow/.local/lib/python3.12/site-packages/airflow/example_dags/tutorial.py
[2025-04-05T23:29:05.821+0000] {logging_mixin.py:190} INFO - [2025-04-05T23:29:05.821+0000] {dag.py:3239} INFO - Sync 1 DAGs
[2025-04-05T23:29:05.833+0000] {logging_mixin.py:190} INFO - [2025-04-05T23:29:05.833+0000] {dag.py:4180} INFO - Setting next_dagrun for tutorial to 2025-04-04 00:00:00+00:00, run_after=2025-04-05 00:00:00+00:00
[2025-04-05T23:29:05.844+0000] {processor.py:208} INFO - Processing /home/airflow/.local/lib/python3.12/site-packages/airflow/example_dags/tutorial.py took 0.052 seconds
[2025-04-05T23:29:36.132+0000] {processor.py:186} INFO - Started process (PID=716) to work on /home/airflow/.local/lib/python3.12/site-packages/airflow/example_dags/tutorial.py
[2025-04-05T23:29:36.133+0000] {processor.py:914} INFO - Processing file /home/airflow/.local/lib/python3.12/site-packages/airflow/example_dags/tutorial.py for tasks to queue
[2025-04-05T23:29:36.135+0000] {logging_mixin.py:190} INFO - [2025-04-05T23:29:36.134+0000] {dagbag.py:588} INFO - Filling up the DagBag from /home/airflow/.local/lib/python3.12/site-packages/airflow/example_dags/tutorial.py
[2025-04-05T23:29:36.141+0000] {processor.py:925} INFO - DAG(s) 'tutorial' retrieved from /home/airflow/.local/lib/python3.12/site-packages/airflow/example_dags/tutorial.py
[2025-04-05T23:29:36.155+0000] {logging_mixin.py:190} INFO - [2025-04-05T23:29:36.155+0000] {dag.py:3239} INFO - Sync 1 DAGs
[2025-04-05T23:29:36.167+0000] {logging_mixin.py:190} INFO - [2025-04-05T23:29:36.167+0000] {dag.py:4180} INFO - Setting next_dagrun for tutorial to 2025-04-04 00:00:00+00:00, run_after=2025-04-05 00:00:00+00:00
[2025-04-05T23:29:36.179+0000] {processor.py:208} INFO - Processing /home/airflow/.local/lib/python3.12/site-packages/airflow/example_dags/tutorial.py took 0.051 seconds
[2025-04-05T23:30:06.230+0000] {processor.py:186} INFO - Started process (PID=780) to work on /home/airflow/.local/lib/python3.12/site-packages/airflow/example_dags/tutorial.py
[2025-04-05T23:30:06.232+0000] {processor.py:914} INFO - Processing file /home/airflow/.local/lib/python3.12/site-packages/airflow/example_dags/tutorial.py for tasks to queue
[2025-04-05T23:30:06.234+0000] {logging_mixin.py:190} INFO - [2025-04-05T23:30:06.234+0000] {dagbag.py:588} INFO - Filling up the DagBag from /home/airflow/.local/lib/python3.12/site-packages/airflow/example_dags/tutorial.py
[2025-04-05T23:30:06.238+0000] {processor.py:925} INFO - DAG(s) 'tutorial' retrieved from /home/airflow/.local/lib/python3.12/site-packages/airflow/example_dags/tutorial.py
[2025-04-05T23:30:06.246+0000] {logging_mixin.py:190} INFO - [2025-04-05T23:30:06.246+0000] {dag.py:3239} INFO - Sync 1 DAGs
[2025-04-05T23:30:06.256+0000] {logging_mixin.py:190} INFO - [2025-04-05T23:30:06.256+0000] {dag.py:4180} INFO - Setting next_dagrun for tutorial to 2025-04-04 00:00:00+00:00, run_after=2025-04-05 00:00:00+00:00
[2025-04-05T23:30:06.263+0000] {processor.py:208} INFO - Processing /home/airflow/.local/lib/python3.12/site-packages/airflow/example_dags/tutorial.py took 0.035 seconds
[2025-04-05T23:30:36.538+0000] {processor.py:186} INFO - Started process (PID=844) to work on /home/airflow/.local/lib/python3.12/site-packages/airflow/example_dags/tutorial.py
[2025-04-05T23:30:36.543+0000] {processor.py:914} INFO - Processing file /home/airflow/.local/lib/python3.12/site-packages/airflow/example_dags/tutorial.py for tasks to queue
[2025-04-05T23:30:36.544+0000] {logging_mixin.py:190} INFO - [2025-04-05T23:30:36.544+0000] {dagbag.py:588} INFO - Filling up the DagBag from /home/airflow/.local/lib/python3.12/site-packages/airflow/example_dags/tutorial.py
[2025-04-05T23:30:36.549+0000] {processor.py:925} INFO - DAG(s) 'tutorial' retrieved from /home/airflow/.local/lib/python3.12/site-packages/airflow/example_dags/tutorial.py
[2025-04-05T23:30:36.560+0000] {logging_mixin.py:190} INFO - [2025-04-05T23:30:36.560+0000] {dag.py:3239} INFO - Sync 1 DAGs
[2025-04-05T23:30:36.570+0000] {logging_mixin.py:190} INFO - [2025-04-05T23:30:36.570+0000] {dag.py:4180} INFO - Setting next_dagrun for tutorial to 2025-04-04 00:00:00+00:00, run_after=2025-04-05 00:00:00+00:00
[2025-04-05T23:30:36.582+0000] {processor.py:208} INFO - Processing /home/airflow/.local/lib/python3.12/site-packages/airflow/example_dags/tutorial.py took 0.048 seconds
[2025-04-05T23:31:06.774+0000] {processor.py:186} INFO - Started process (PID=908) to work on /home/airflow/.local/lib/python3.12/site-packages/airflow/example_dags/tutorial.py
[2025-04-05T23:31:06.774+0000] {processor.py:914} INFO - Processing file /home/airflow/.local/lib/python3.12/site-packages/airflow/example_dags/tutorial.py for tasks to queue
[2025-04-05T23:31:06.776+0000] {logging_mixin.py:190} INFO - [2025-04-05T23:31:06.776+0000] {dagbag.py:588} INFO - Filling up the DagBag from /home/airflow/.local/lib/python3.12/site-packages/airflow/example_dags/tutorial.py
[2025-04-05T23:31:06.780+0000] {processor.py:925} INFO - DAG(s) 'tutorial' retrieved from /home/airflow/.local/lib/python3.12/site-packages/airflow/example_dags/tutorial.py
[2025-04-05T23:31:06.789+0000] {logging_mixin.py:190} INFO - [2025-04-05T23:31:06.789+0000] {dag.py:3239} INFO - Sync 1 DAGs
[2025-04-05T23:31:06.798+0000] {logging_mixin.py:190} INFO - [2025-04-05T23:31:06.798+0000] {dag.py:4180} INFO - Setting next_dagrun for tutorial to 2025-04-04 00:00:00+00:00, run_after=2025-04-05 00:00:00+00:00
[2025-04-05T23:31:06.808+0000] {processor.py:208} INFO - Processing /home/airflow/.local/lib/python3.12/site-packages/airflow/example_dags/tutorial.py took 0.038 seconds
[2025-04-05T23:31:36.978+0000] {processor.py:186} INFO - Started process (PID=972) to work on /home/airflow/.local/lib/python3.12/site-packages/airflow/example_dags/tutorial.py
[2025-04-05T23:31:36.982+0000] {processor.py:914} INFO - Processing file /home/airflow/.local/lib/python3.12/site-packages/airflow/example_dags/tutorial.py for tasks to queue
[2025-04-05T23:31:36.983+0000] {logging_mixin.py:190} INFO - [2025-04-05T23:31:36.983+0000] {dagbag.py:588} INFO - Filling up the DagBag from /home/airflow/.local/lib/python3.12/site-packages/airflow/example_dags/tutorial.py
[2025-04-05T23:31:36.988+0000] {processor.py:925} INFO - DAG(s) 'tutorial' retrieved from /home/airflow/.local/lib/python3.12/site-packages/airflow/example_dags/tutorial.py
[2025-04-05T23:31:36.998+0000] {logging_mixin.py:190} INFO - [2025-04-05T23:31:36.997+0000] {dag.py:3239} INFO - Sync 1 DAGs
[2025-04-05T23:31:37.012+0000] {logging_mixin.py:190} INFO - [2025-04-05T23:31:37.011+0000] {dag.py:4180} INFO - Setting next_dagrun for tutorial to 2025-04-04 00:00:00+00:00, run_after=2025-04-05 00:00:00+00:00
[2025-04-05T23:31:37.020+0000] {processor.py:208} INFO - Processing /home/airflow/.local/lib/python3.12/site-packages/airflow/example_dags/tutorial.py took 0.044 seconds
[2025-04-05T23:32:07.346+0000] {processor.py:186} INFO - Started process (PID=1036) to work on /home/airflow/.local/lib/python3.12/site-packages/airflow/example_dags/tutorial.py
[2025-04-05T23:32:07.351+0000] {processor.py:914} INFO - Processing file /home/airflow/.local/lib/python3.12/site-packages/airflow/example_dags/tutorial.py for tasks to queue
[2025-04-05T23:32:07.352+0000] {logging_mixin.py:190} INFO - [2025-04-05T23:32:07.351+0000] {dagbag.py:588} INFO - Filling up the DagBag from /home/airflow/.local/lib/python3.12/site-packages/airflow/example_dags/tutorial.py
[2025-04-05T23:32:07.356+0000] {processor.py:925} INFO - DAG(s) 'tutorial' retrieved from /home/airflow/.local/lib/python3.12/site-packages/airflow/example_dags/tutorial.py
[2025-04-05T23:32:07.367+0000] {logging_mixin.py:190} INFO - [2025-04-05T23:32:07.367+0000] {dag.py:3239} INFO - Sync 1 DAGs
[2025-04-05T23:32:07.376+0000] {logging_mixin.py:190} INFO - [2025-04-05T23:32:07.376+0000] {dag.py:4180} INFO - Setting next_dagrun for tutorial to 2025-04-04 00:00:00+00:00, run_after=2025-04-05 00:00:00+00:00
[2025-04-05T23:32:07.383+0000] {processor.py:208} INFO - Processing /home/airflow/.local/lib/python3.12/site-packages/airflow/example_dags/tutorial.py took 0.042 seconds
[2025-04-05T23:32:37.440+0000] {processor.py:186} INFO - Started process (PID=1100) to work on /home/airflow/.local/lib/python3.12/site-packages/airflow/example_dags/tutorial.py
[2025-04-05T23:32:37.442+0000] {processor.py:914} INFO - Processing file /home/airflow/.local/lib/python3.12/site-packages/airflow/example_dags/tutorial.py for tasks to queue
[2025-04-05T23:32:37.443+0000] {logging_mixin.py:190} INFO - [2025-04-05T23:32:37.443+0000] {dagbag.py:588} INFO - Filling up the DagBag from /home/airflow/.local/lib/python3.12/site-packages/airflow/example_dags/tutorial.py
[2025-04-05T23:32:37.447+0000] {processor.py:925} INFO - DAG(s) 'tutorial' retrieved from /home/airflow/.local/lib/python3.12/site-packages/airflow/example_dags/tutorial.py
[2025-04-05T23:32:37.458+0000] {logging_mixin.py:190} INFO - [2025-04-05T23:32:37.458+0000] {dag.py:3239} INFO - Sync 1 DAGs
[2025-04-05T23:32:37.467+0000] {logging_mixin.py:190} INFO - [2025-04-05T23:32:37.467+0000] {dag.py:4180} INFO - Setting next_dagrun for tutorial to 2025-04-04 00:00:00+00:00, run_after=2025-04-05 00:00:00+00:00
[2025-04-05T23:32:37.477+0000] {processor.py:208} INFO - Processing /home/airflow/.local/lib/python3.12/site-packages/airflow/example_dags/tutorial.py took 0.040 seconds
[2025-04-05T23:33:07.717+0000] {processor.py:186} INFO - Started process (PID=1164) to work on /home/airflow/.local/lib/python3.12/site-packages/airflow/example_dags/tutorial.py
[2025-04-05T23:33:07.718+0000] {processor.py:914} INFO - Processing file /home/airflow/.local/lib/python3.12/site-packages/airflow/example_dags/tutorial.py for tasks to queue
[2025-04-05T23:33:07.719+0000] {logging_mixin.py:190} INFO - [2025-04-05T23:33:07.719+0000] {dagbag.py:588} INFO - Filling up the DagBag from /home/airflow/.local/lib/python3.12/site-packages/airflow/example_dags/tutorial.py
[2025-04-05T23:33:07.723+0000] {processor.py:925} INFO - DAG(s) 'tutorial' retrieved from /home/airflow/.local/lib/python3.12/site-packages/airflow/example_dags/tutorial.py
[2025-04-05T23:33:07.733+0000] {logging_mixin.py:190} INFO - [2025-04-05T23:33:07.733+0000] {dag.py:3239} INFO - Sync 1 DAGs
[2025-04-05T23:33:07.742+0000] {logging_mixin.py:190} INFO - [2025-04-05T23:33:07.742+0000] {dag.py:4180} INFO - Setting next_dagrun for tutorial to 2025-04-04 00:00:00+00:00, run_after=2025-04-05 00:00:00+00:00
[2025-04-05T23:33:07.751+0000] {processor.py:208} INFO - Processing /home/airflow/.local/lib/python3.12/site-packages/airflow/example_dags/tutorial.py took 0.036 seconds
[2025-04-05T23:33:37.823+0000] {processor.py:186} INFO - Started process (PID=1228) to work on /home/airflow/.local/lib/python3.12/site-packages/airflow/example_dags/tutorial.py
[2025-04-05T23:33:37.824+0000] {processor.py:914} INFO - Processing file /home/airflow/.local/lib/python3.12/site-packages/airflow/example_dags/tutorial.py for tasks to queue
[2025-04-05T23:33:37.825+0000] {logging_mixin.py:190} INFO - [2025-04-05T23:33:37.825+0000] {dagbag.py:588} INFO - Filling up the DagBag from /home/airflow/.local/lib/python3.12/site-packages/airflow/example_dags/tutorial.py
[2025-04-05T23:33:37.829+0000] {processor.py:925} INFO - DAG(s) 'tutorial' retrieved from /home/airflow/.local/lib/python3.12/site-packages/airflow/example_dags/tutorial.py
[2025-04-05T23:33:37.840+0000] {logging_mixin.py:190} INFO - [2025-04-05T23:33:37.840+0000] {dag.py:3239} INFO - Sync 1 DAGs
[2025-04-05T23:33:37.852+0000] {logging_mixin.py:190} INFO - [2025-04-05T23:33:37.852+0000] {dag.py:4180} INFO - Setting next_dagrun for tutorial to 2025-04-04 00:00:00+00:00, run_after=2025-04-05 00:00:00+00:00
[2025-04-05T23:33:37.860+0000] {processor.py:208} INFO - Processing /home/airflow/.local/lib/python3.12/site-packages/airflow/example_dags/tutorial.py took 0.040 seconds
[2025-04-05T23:34:08.466+0000] {processor.py:186} INFO - Started process (PID=1293) to work on /home/airflow/.local/lib/python3.12/site-packages/airflow/example_dags/tutorial.py
[2025-04-05T23:34:08.468+0000] {processor.py:914} INFO - Processing file /home/airflow/.local/lib/python3.12/site-packages/airflow/example_dags/tutorial.py for tasks to queue
[2025-04-05T23:34:08.470+0000] {logging_mixin.py:190} INFO - [2025-04-05T23:34:08.469+0000] {dagbag.py:588} INFO - Filling up the DagBag from /home/airflow/.local/lib/python3.12/site-packages/airflow/example_dags/tutorial.py
[2025-04-05T23:34:08.474+0000] {processor.py:925} INFO - DAG(s) 'tutorial' retrieved from /home/airflow/.local/lib/python3.12/site-packages/airflow/example_dags/tutorial.py
[2025-04-05T23:34:08.484+0000] {logging_mixin.py:190} INFO - [2025-04-05T23:34:08.484+0000] {dag.py:3239} INFO - Sync 1 DAGs
[2025-04-05T23:34:08.495+0000] {logging_mixin.py:190} INFO - [2025-04-05T23:34:08.495+0000] {dag.py:4180} INFO - Setting next_dagrun for tutorial to 2025-04-04 00:00:00+00:00, run_after=2025-04-05 00:00:00+00:00
[2025-04-05T23:34:08.504+0000] {processor.py:208} INFO - Processing /home/airflow/.local/lib/python3.12/site-packages/airflow/example_dags/tutorial.py took 0.041 seconds
[2025-04-05T23:34:38.979+0000] {processor.py:186} INFO - Started process (PID=1357) to work on /home/airflow/.local/lib/python3.12/site-packages/airflow/example_dags/tutorial.py
[2025-04-05T23:34:38.980+0000] {processor.py:914} INFO - Processing file /home/airflow/.local/lib/python3.12/site-packages/airflow/example_dags/tutorial.py for tasks to queue
[2025-04-05T23:34:38.981+0000] {logging_mixin.py:190} INFO - [2025-04-05T23:34:38.980+0000] {dagbag.py:588} INFO - Filling up the DagBag from /home/airflow/.local/lib/python3.12/site-packages/airflow/example_dags/tutorial.py
[2025-04-05T23:34:38.984+0000] {processor.py:925} INFO - DAG(s) 'tutorial' retrieved from /home/airflow/.local/lib/python3.12/site-packages/airflow/example_dags/tutorial.py
[2025-04-05T23:34:38.992+0000] {logging_mixin.py:190} INFO - [2025-04-05T23:34:38.992+0000] {dag.py:3239} INFO - Sync 1 DAGs
[2025-04-05T23:34:39.000+0000] {logging_mixin.py:190} INFO - [2025-04-05T23:34:39.000+0000] {dag.py:4180} INFO - Setting next_dagrun for tutorial to 2025-04-04 00:00:00+00:00, run_after=2025-04-05 00:00:00+00:00
[2025-04-05T23:34:39.007+0000] {processor.py:208} INFO - Processing /home/airflow/.local/lib/python3.12/site-packages/airflow/example_dags/tutorial.py took 0.030 seconds
[2025-04-05T23:35:09.541+0000] {processor.py:186} INFO - Started process (PID=1420) to work on /home/airflow/.local/lib/python3.12/site-packages/airflow/example_dags/tutorial.py
[2025-04-05T23:35:09.542+0000] {processor.py:914} INFO - Processing file /home/airflow/.local/lib/python3.12/site-packages/airflow/example_dags/tutorial.py for tasks to queue
[2025-04-05T23:35:09.544+0000] {logging_mixin.py:190} INFO - [2025-04-05T23:35:09.543+0000] {dagbag.py:588} INFO - Filling up the DagBag from /home/airflow/.local/lib/python3.12/site-packages/airflow/example_dags/tutorial.py
[2025-04-05T23:35:09.550+0000] {processor.py:925} INFO - DAG(s) 'tutorial' retrieved from /home/airflow/.local/lib/python3.12/site-packages/airflow/example_dags/tutorial.py
[2025-04-05T23:35:09.565+0000] {logging_mixin.py:190} INFO - [2025-04-05T23:35:09.565+0000] {dag.py:3239} INFO - Sync 1 DAGs
[2025-04-05T23:35:09.577+0000] {logging_mixin.py:190} INFO - [2025-04-05T23:35:09.577+0000] {dag.py:4180} INFO - Setting next_dagrun for tutorial to 2025-04-04 00:00:00+00:00, run_after=2025-04-05 00:00:00+00:00
[2025-04-05T23:35:09.584+0000] {processor.py:208} INFO - Processing /home/airflow/.local/lib/python3.12/site-packages/airflow/example_dags/tutorial.py took 0.046 seconds
[2025-04-05T23:35:39.773+0000] {processor.py:186} INFO - Started process (PID=1484) to work on /home/airflow/.local/lib/python3.12/site-packages/airflow/example_dags/tutorial.py
[2025-04-05T23:35:39.774+0000] {processor.py:914} INFO - Processing file /home/airflow/.local/lib/python3.12/site-packages/airflow/example_dags/tutorial.py for tasks to queue
[2025-04-05T23:35:39.775+0000] {logging_mixin.py:190} INFO - [2025-04-05T23:35:39.775+0000] {dagbag.py:588} INFO - Filling up the DagBag from /home/airflow/.local/lib/python3.12/site-packages/airflow/example_dags/tutorial.py
[2025-04-05T23:35:39.782+0000] {processor.py:925} INFO - DAG(s) 'tutorial' retrieved from /home/airflow/.local/lib/python3.12/site-packages/airflow/example_dags/tutorial.py
[2025-04-05T23:35:39.796+0000] {logging_mixin.py:190} INFO - [2025-04-05T23:35:39.796+0000] {dag.py:3239} INFO - Sync 1 DAGs
[2025-04-05T23:35:39.807+0000] {logging_mixin.py:190} INFO - [2025-04-05T23:35:39.807+0000] {dag.py:4180} INFO - Setting next_dagrun for tutorial to 2025-04-04 00:00:00+00:00, run_after=2025-04-05 00:00:00+00:00
[2025-04-05T23:35:39.816+0000] {processor.py:208} INFO - Processing /home/airflow/.local/lib/python3.12/site-packages/airflow/example_dags/tutorial.py took 0.046 seconds
[2025-04-05T23:36:09.973+0000] {processor.py:186} INFO - Started process (PID=1548) to work on /home/airflow/.local/lib/python3.12/site-packages/airflow/example_dags/tutorial.py
[2025-04-05T23:36:09.973+0000] {processor.py:914} INFO - Processing file /home/airflow/.local/lib/python3.12/site-packages/airflow/example_dags/tutorial.py for tasks to queue
[2025-04-05T23:36:09.974+0000] {logging_mixin.py:190} INFO - [2025-04-05T23:36:09.974+0000] {dagbag.py:588} INFO - Filling up the DagBag from /home/airflow/.local/lib/python3.12/site-packages/airflow/example_dags/tutorial.py
[2025-04-05T23:36:09.978+0000] {processor.py:925} INFO - DAG(s) 'tutorial' retrieved from /home/airflow/.local/lib/python3.12/site-packages/airflow/example_dags/tutorial.py
[2025-04-05T23:36:09.986+0000] {logging_mixin.py:190} INFO - [2025-04-05T23:36:09.986+0000] {dag.py:3239} INFO - Sync 1 DAGs
[2025-04-05T23:36:09.995+0000] {logging_mixin.py:190} INFO - [2025-04-05T23:36:09.995+0000] {dag.py:4180} INFO - Setting next_dagrun for tutorial to 2025-04-04 00:00:00+00:00, run_after=2025-04-05 00:00:00+00:00
[2025-04-05T23:36:10.002+0000] {processor.py:208} INFO - Processing /home/airflow/.local/lib/python3.12/site-packages/airflow/example_dags/tutorial.py took 0.032 seconds
[2025-04-05T23:36:40.224+0000] {processor.py:186} INFO - Started process (PID=1612) to work on /home/airflow/.local/lib/python3.12/site-packages/airflow/example_dags/tutorial.py
[2025-04-05T23:36:40.227+0000] {processor.py:914} INFO - Processing file /home/airflow/.local/lib/python3.12/site-packages/airflow/example_dags/tutorial.py for tasks to queue
[2025-04-05T23:36:40.229+0000] {logging_mixin.py:190} INFO - [2025-04-05T23:36:40.228+0000] {dagbag.py:588} INFO - Filling up the DagBag from /home/airflow/.local/lib/python3.12/site-packages/airflow/example_dags/tutorial.py
[2025-04-05T23:36:40.235+0000] {processor.py:925} INFO - DAG(s) 'tutorial' retrieved from /home/airflow/.local/lib/python3.12/site-packages/airflow/example_dags/tutorial.py
[2025-04-05T23:36:40.249+0000] {logging_mixin.py:190} INFO - [2025-04-05T23:36:40.249+0000] {dag.py:3239} INFO - Sync 1 DAGs
[2025-04-05T23:36:40.260+0000] {logging_mixin.py:190} INFO - [2025-04-05T23:36:40.259+0000] {dag.py:4180} INFO - Setting next_dagrun for tutorial to 2025-04-04 00:00:00+00:00, run_after=2025-04-05 00:00:00+00:00
[2025-04-05T23:36:40.270+0000] {processor.py:208} INFO - Processing /home/airflow/.local/lib/python3.12/site-packages/airflow/example_dags/tutorial.py took 0.048 seconds
[2025-04-05T23:37:10.491+0000] {processor.py:186} INFO - Started process (PID=1676) to work on /home/airflow/.local/lib/python3.12/site-packages/airflow/example_dags/tutorial.py
[2025-04-05T23:37:10.492+0000] {processor.py:914} INFO - Processing file /home/airflow/.local/lib/python3.12/site-packages/airflow/example_dags/tutorial.py for tasks to queue
[2025-04-05T23:37:10.496+0000] {logging_mixin.py:190} INFO - [2025-04-05T23:37:10.495+0000] {dagbag.py:588} INFO - Filling up the DagBag from /home/airflow/.local/lib/python3.12/site-packages/airflow/example_dags/tutorial.py
[2025-04-05T23:37:10.501+0000] {processor.py:925} INFO - DAG(s) 'tutorial' retrieved from /home/airflow/.local/lib/python3.12/site-packages/airflow/example_dags/tutorial.py
[2025-04-05T23:37:10.512+0000] {logging_mixin.py:190} INFO - [2025-04-05T23:37:10.512+0000] {dag.py:3239} INFO - Sync 1 DAGs
[2025-04-05T23:37:10.523+0000] {logging_mixin.py:190} INFO - [2025-04-05T23:37:10.523+0000] {dag.py:4180} INFO - Setting next_dagrun for tutorial to 2025-04-04 00:00:00+00:00, run_after=2025-04-05 00:00:00+00:00
[2025-04-05T23:37:10.530+0000] {processor.py:208} INFO - Processing /home/airflow/.local/lib/python3.12/site-packages/airflow/example_dags/tutorial.py took 0.044 seconds
[2025-04-05T23:37:40.681+0000] {processor.py:186} INFO - Started process (PID=1740) to work on /home/airflow/.local/lib/python3.12/site-packages/airflow/example_dags/tutorial.py
[2025-04-05T23:37:40.683+0000] {processor.py:914} INFO - Processing file /home/airflow/.local/lib/python3.12/site-packages/airflow/example_dags/tutorial.py for tasks to queue
[2025-04-05T23:37:40.684+0000] {logging_mixin.py:190} INFO - [2025-04-05T23:37:40.684+0000] {dagbag.py:588} INFO - Filling up the DagBag from /home/airflow/.local/lib/python3.12/site-packages/airflow/example_dags/tutorial.py
[2025-04-05T23:37:40.688+0000] {processor.py:925} INFO - DAG(s) 'tutorial' retrieved from /home/airflow/.local/lib/python3.12/site-packages/airflow/example_dags/tutorial.py
[2025-04-05T23:37:40.697+0000] {logging_mixin.py:190} INFO - [2025-04-05T23:37:40.697+0000] {dag.py:3239} INFO - Sync 1 DAGs
[2025-04-05T23:37:40.707+0000] {logging_mixin.py:190} INFO - [2025-04-05T23:37:40.707+0000] {dag.py:4180} INFO - Setting next_dagrun for tutorial to 2025-04-04 00:00:00+00:00, run_after=2025-04-05 00:00:00+00:00
[2025-04-05T23:37:40.714+0000] {processor.py:208} INFO - Processing /home/airflow/.local/lib/python3.12/site-packages/airflow/example_dags/tutorial.py took 0.036 seconds
[2025-04-05T23:38:10.994+0000] {processor.py:186} INFO - Started process (PID=1804) to work on /home/airflow/.local/lib/python3.12/site-packages/airflow/example_dags/tutorial.py
[2025-04-05T23:38:10.994+0000] {processor.py:914} INFO - Processing file /home/airflow/.local/lib/python3.12/site-packages/airflow/example_dags/tutorial.py for tasks to queue
[2025-04-05T23:38:10.995+0000] {logging_mixin.py:190} INFO - [2025-04-05T23:38:10.995+0000] {dagbag.py:588} INFO - Filling up the DagBag from /home/airflow/.local/lib/python3.12/site-packages/airflow/example_dags/tutorial.py
[2025-04-05T23:38:11.000+0000] {processor.py:925} INFO - DAG(s) 'tutorial' retrieved from /home/airflow/.local/lib/python3.12/site-packages/airflow/example_dags/tutorial.py
[2025-04-05T23:38:11.011+0000] {logging_mixin.py:190} INFO - [2025-04-05T23:38:11.011+0000] {dag.py:3239} INFO - Sync 1 DAGs
[2025-04-05T23:38:11.021+0000] {logging_mixin.py:190} INFO - [2025-04-05T23:38:11.021+0000] {dag.py:4180} INFO - Setting next_dagrun for tutorial to 2025-04-04 00:00:00+00:00, run_after=2025-04-05 00:00:00+00:00
[2025-04-05T23:38:11.028+0000] {processor.py:208} INFO - Processing /home/airflow/.local/lib/python3.12/site-packages/airflow/example_dags/tutorial.py took 0.037 seconds
[2025-04-05T23:38:41.405+0000] {processor.py:186} INFO - Started process (PID=1868) to work on /home/airflow/.local/lib/python3.12/site-packages/airflow/example_dags/tutorial.py
[2025-04-05T23:38:41.407+0000] {processor.py:914} INFO - Processing file /home/airflow/.local/lib/python3.12/site-packages/airflow/example_dags/tutorial.py for tasks to queue
[2025-04-05T23:38:41.408+0000] {logging_mixin.py:190} INFO - [2025-04-05T23:38:41.408+0000] {dagbag.py:588} INFO - Filling up the DagBag from /home/airflow/.local/lib/python3.12/site-packages/airflow/example_dags/tutorial.py
[2025-04-05T23:38:41.412+0000] {processor.py:925} INFO - DAG(s) 'tutorial' retrieved from /home/airflow/.local/lib/python3.12/site-packages/airflow/example_dags/tutorial.py
[2025-04-05T23:38:41.425+0000] {logging_mixin.py:190} INFO - [2025-04-05T23:38:41.425+0000] {dag.py:3239} INFO - Sync 1 DAGs
[2025-04-05T23:38:41.434+0000] {logging_mixin.py:190} INFO - [2025-04-05T23:38:41.434+0000] {dag.py:4180} INFO - Setting next_dagrun for tutorial to 2025-04-04 00:00:00+00:00, run_after=2025-04-05 00:00:00+00:00
[2025-04-05T23:38:41.442+0000] {processor.py:208} INFO - Processing /home/airflow/.local/lib/python3.12/site-packages/airflow/example_dags/tutorial.py took 0.040 seconds
[2025-04-05T23:39:33.217+0000] {processor.py:186} INFO - Started process (PID=78) to work on /home/airflow/.local/lib/python3.12/site-packages/airflow/example_dags/tutorial.py
[2025-04-05T23:39:33.217+0000] {processor.py:914} INFO - Processing file /home/airflow/.local/lib/python3.12/site-packages/airflow/example_dags/tutorial.py for tasks to queue
[2025-04-05T23:39:33.219+0000] {logging_mixin.py:190} INFO - [2025-04-05T23:39:33.219+0000] {dagbag.py:588} INFO - Filling up the DagBag from /home/airflow/.local/lib/python3.12/site-packages/airflow/example_dags/tutorial.py
[2025-04-05T23:39:33.412+0000] {processor.py:925} INFO - DAG(s) 'tutorial' retrieved from /home/airflow/.local/lib/python3.12/site-packages/airflow/example_dags/tutorial.py
[2025-04-05T23:39:33.429+0000] {logging_mixin.py:190} INFO - [2025-04-05T23:39:33.429+0000] {dag.py:3239} INFO - Sync 1 DAGs
[2025-04-05T23:39:33.440+0000] {logging_mixin.py:190} INFO - [2025-04-05T23:39:33.440+0000] {dag.py:4180} INFO - Setting next_dagrun for tutorial to 2025-04-04 00:00:00+00:00, run_after=2025-04-05 00:00:00+00:00
[2025-04-05T23:39:33.446+0000] {processor.py:208} INFO - Processing /home/airflow/.local/lib/python3.12/site-packages/airflow/example_dags/tutorial.py took 0.234 seconds
[2025-04-05T23:40:19.610+0000] {processor.py:186} INFO - Started process (PID=78) to work on /home/airflow/.local/lib/python3.12/site-packages/airflow/example_dags/tutorial.py
[2025-04-05T23:40:19.610+0000] {processor.py:914} INFO - Processing file /home/airflow/.local/lib/python3.12/site-packages/airflow/example_dags/tutorial.py for tasks to queue
[2025-04-05T23:40:19.612+0000] {logging_mixin.py:190} INFO - [2025-04-05T23:40:19.612+0000] {dagbag.py:588} INFO - Filling up the DagBag from /home/airflow/.local/lib/python3.12/site-packages/airflow/example_dags/tutorial.py
[2025-04-05T23:40:19.734+0000] {processor.py:925} INFO - DAG(s) 'tutorial' retrieved from /home/airflow/.local/lib/python3.12/site-packages/airflow/example_dags/tutorial.py
[2025-04-05T23:40:19.752+0000] {logging_mixin.py:190} INFO - [2025-04-05T23:40:19.752+0000] {dag.py:3239} INFO - Sync 1 DAGs
[2025-04-05T23:40:19.763+0000] {logging_mixin.py:190} INFO - [2025-04-05T23:40:19.763+0000] {dag.py:4180} INFO - Setting next_dagrun for tutorial to 2025-04-04 00:00:00+00:00, run_after=2025-04-05 00:00:00+00:00
[2025-04-05T23:40:19.769+0000] {processor.py:208} INFO - Processing /home/airflow/.local/lib/python3.12/site-packages/airflow/example_dags/tutorial.py took 0.163 seconds
[2025-04-05T23:40:50.173+0000] {processor.py:186} INFO - Started process (PID=142) to work on /home/airflow/.local/lib/python3.12/site-packages/airflow/example_dags/tutorial.py
[2025-04-05T23:40:50.173+0000] {processor.py:914} INFO - Processing file /home/airflow/.local/lib/python3.12/site-packages/airflow/example_dags/tutorial.py for tasks to queue
[2025-04-05T23:40:50.174+0000] {logging_mixin.py:190} INFO - [2025-04-05T23:40:50.174+0000] {dagbag.py:588} INFO - Filling up the DagBag from /home/airflow/.local/lib/python3.12/site-packages/airflow/example_dags/tutorial.py
[2025-04-05T23:40:50.178+0000] {processor.py:925} INFO - DAG(s) 'tutorial' retrieved from /home/airflow/.local/lib/python3.12/site-packages/airflow/example_dags/tutorial.py
[2025-04-05T23:40:50.191+0000] {logging_mixin.py:190} INFO - [2025-04-05T23:40:50.191+0000] {dag.py:3239} INFO - Sync 1 DAGs
[2025-04-05T23:40:50.204+0000] {logging_mixin.py:190} INFO - [2025-04-05T23:40:50.204+0000] {dag.py:4180} INFO - Setting next_dagrun for tutorial to 2025-04-04 00:00:00+00:00, run_after=2025-04-05 00:00:00+00:00
[2025-04-05T23:40:50.214+0000] {processor.py:208} INFO - Processing /home/airflow/.local/lib/python3.12/site-packages/airflow/example_dags/tutorial.py took 0.044 seconds
[2025-04-05T23:41:20.534+0000] {processor.py:186} INFO - Started process (PID=206) to work on /home/airflow/.local/lib/python3.12/site-packages/airflow/example_dags/tutorial.py
[2025-04-05T23:41:20.534+0000] {processor.py:914} INFO - Processing file /home/airflow/.local/lib/python3.12/site-packages/airflow/example_dags/tutorial.py for tasks to queue
[2025-04-05T23:41:20.535+0000] {logging_mixin.py:190} INFO - [2025-04-05T23:41:20.535+0000] {dagbag.py:588} INFO - Filling up the DagBag from /home/airflow/.local/lib/python3.12/site-packages/airflow/example_dags/tutorial.py
[2025-04-05T23:41:20.539+0000] {processor.py:925} INFO - DAG(s) 'tutorial' retrieved from /home/airflow/.local/lib/python3.12/site-packages/airflow/example_dags/tutorial.py
[2025-04-05T23:41:20.549+0000] {logging_mixin.py:190} INFO - [2025-04-05T23:41:20.549+0000] {dag.py:3239} INFO - Sync 1 DAGs
[2025-04-05T23:41:20.560+0000] {logging_mixin.py:190} INFO - [2025-04-05T23:41:20.560+0000] {dag.py:4180} INFO - Setting next_dagrun for tutorial to 2025-04-04 00:00:00+00:00, run_after=2025-04-05 00:00:00+00:00
[2025-04-05T23:41:20.571+0000] {processor.py:208} INFO - Processing /home/airflow/.local/lib/python3.12/site-packages/airflow/example_dags/tutorial.py took 0.041 seconds
[2025-04-05T23:41:50.651+0000] {processor.py:186} INFO - Started process (PID=270) to work on /home/airflow/.local/lib/python3.12/site-packages/airflow/example_dags/tutorial.py
[2025-04-05T23:41:50.651+0000] {processor.py:914} INFO - Processing file /home/airflow/.local/lib/python3.12/site-packages/airflow/example_dags/tutorial.py for tasks to queue
[2025-04-05T23:41:50.653+0000] {logging_mixin.py:190} INFO - [2025-04-05T23:41:50.652+0000] {dagbag.py:588} INFO - Filling up the DagBag from /home/airflow/.local/lib/python3.12/site-packages/airflow/example_dags/tutorial.py
[2025-04-05T23:41:50.657+0000] {processor.py:925} INFO - DAG(s) 'tutorial' retrieved from /home/airflow/.local/lib/python3.12/site-packages/airflow/example_dags/tutorial.py
[2025-04-05T23:41:50.665+0000] {logging_mixin.py:190} INFO - [2025-04-05T23:41:50.665+0000] {dag.py:3239} INFO - Sync 1 DAGs
[2025-04-05T23:41:50.674+0000] {logging_mixin.py:190} INFO - [2025-04-05T23:41:50.674+0000] {dag.py:4180} INFO - Setting next_dagrun for tutorial to 2025-04-04 00:00:00+00:00, run_after=2025-04-05 00:00:00+00:00
[2025-04-05T23:41:50.686+0000] {processor.py:208} INFO - Processing /home/airflow/.local/lib/python3.12/site-packages/airflow/example_dags/tutorial.py took 0.038 seconds
[2025-04-05T23:42:47.217+0000] {processor.py:186} INFO - Started process (PID=79) to work on /home/airflow/.local/lib/python3.12/site-packages/airflow/example_dags/tutorial.py
[2025-04-05T23:42:47.219+0000] {processor.py:914} INFO - Processing file /home/airflow/.local/lib/python3.12/site-packages/airflow/example_dags/tutorial.py for tasks to queue
[2025-04-05T23:42:47.220+0000] {logging_mixin.py:190} INFO - [2025-04-05T23:42:47.220+0000] {dagbag.py:588} INFO - Filling up the DagBag from /home/airflow/.local/lib/python3.12/site-packages/airflow/example_dags/tutorial.py
[2025-04-05T23:42:47.225+0000] {processor.py:925} INFO - DAG(s) 'tutorial' retrieved from /home/airflow/.local/lib/python3.12/site-packages/airflow/example_dags/tutorial.py
[2025-04-05T23:42:47.238+0000] {logging_mixin.py:190} INFO - [2025-04-05T23:42:47.238+0000] {dag.py:3239} INFO - Sync 1 DAGs
[2025-04-05T23:42:47.248+0000] {logging_mixin.py:190} INFO - [2025-04-05T23:42:47.248+0000] {dag.py:4180} INFO - Setting next_dagrun for tutorial to 2025-04-04 00:00:00+00:00, run_after=2025-04-05 00:00:00+00:00
[2025-04-05T23:42:47.260+0000] {processor.py:208} INFO - Processing /home/airflow/.local/lib/python3.12/site-packages/airflow/example_dags/tutorial.py took 0.046 seconds
[2025-04-05T23:43:17.516+0000] {processor.py:186} INFO - Started process (PID=142) to work on /home/airflow/.local/lib/python3.12/site-packages/airflow/example_dags/tutorial.py
[2025-04-05T23:43:17.517+0000] {processor.py:914} INFO - Processing file /home/airflow/.local/lib/python3.12/site-packages/airflow/example_dags/tutorial.py for tasks to queue
[2025-04-05T23:43:17.519+0000] {logging_mixin.py:190} INFO - [2025-04-05T23:43:17.518+0000] {dagbag.py:588} INFO - Filling up the DagBag from /home/airflow/.local/lib/python3.12/site-packages/airflow/example_dags/tutorial.py
[2025-04-05T23:43:17.523+0000] {processor.py:925} INFO - DAG(s) 'tutorial' retrieved from /home/airflow/.local/lib/python3.12/site-packages/airflow/example_dags/tutorial.py
[2025-04-05T23:43:17.536+0000] {logging_mixin.py:190} INFO - [2025-04-05T23:43:17.536+0000] {dag.py:3239} INFO - Sync 1 DAGs
[2025-04-05T23:43:17.545+0000] {logging_mixin.py:190} INFO - [2025-04-05T23:43:17.544+0000] {dag.py:4180} INFO - Setting next_dagrun for tutorial to 2025-04-04 00:00:00+00:00, run_after=2025-04-05 00:00:00+00:00
[2025-04-05T23:43:17.555+0000] {processor.py:208} INFO - Processing /home/airflow/.local/lib/python3.12/site-packages/airflow/example_dags/tutorial.py took 0.042 seconds
[2025-04-05T23:43:47.709+0000] {processor.py:186} INFO - Started process (PID=206) to work on /home/airflow/.local/lib/python3.12/site-packages/airflow/example_dags/tutorial.py
[2025-04-05T23:43:47.709+0000] {processor.py:914} INFO - Processing file /home/airflow/.local/lib/python3.12/site-packages/airflow/example_dags/tutorial.py for tasks to queue
[2025-04-05T23:43:47.710+0000] {logging_mixin.py:190} INFO - [2025-04-05T23:43:47.710+0000] {dagbag.py:588} INFO - Filling up the DagBag from /home/airflow/.local/lib/python3.12/site-packages/airflow/example_dags/tutorial.py
[2025-04-05T23:43:47.715+0000] {processor.py:925} INFO - DAG(s) 'tutorial' retrieved from /home/airflow/.local/lib/python3.12/site-packages/airflow/example_dags/tutorial.py
[2025-04-05T23:43:47.726+0000] {logging_mixin.py:190} INFO - [2025-04-05T23:43:47.726+0000] {dag.py:3239} INFO - Sync 1 DAGs
[2025-04-05T23:43:47.739+0000] {logging_mixin.py:190} INFO - [2025-04-05T23:43:47.739+0000] {dag.py:4180} INFO - Setting next_dagrun for tutorial to 2025-04-04 00:00:00+00:00, run_after=2025-04-05 00:00:00+00:00
[2025-04-05T23:43:47.752+0000] {processor.py:208} INFO - Processing /home/airflow/.local/lib/python3.12/site-packages/airflow/example_dags/tutorial.py took 0.046 seconds
[2025-04-05T23:44:17.970+0000] {processor.py:186} INFO - Started process (PID=270) to work on /home/airflow/.local/lib/python3.12/site-packages/airflow/example_dags/tutorial.py
[2025-04-05T23:44:17.972+0000] {processor.py:914} INFO - Processing file /home/airflow/.local/lib/python3.12/site-packages/airflow/example_dags/tutorial.py for tasks to queue
[2025-04-05T23:44:17.973+0000] {logging_mixin.py:190} INFO - [2025-04-05T23:44:17.973+0000] {dagbag.py:588} INFO - Filling up the DagBag from /home/airflow/.local/lib/python3.12/site-packages/airflow/example_dags/tutorial.py
[2025-04-05T23:44:17.979+0000] {processor.py:925} INFO - DAG(s) 'tutorial' retrieved from /home/airflow/.local/lib/python3.12/site-packages/airflow/example_dags/tutorial.py
[2025-04-05T23:44:17.988+0000] {logging_mixin.py:190} INFO - [2025-04-05T23:44:17.988+0000] {dag.py:3239} INFO - Sync 1 DAGs
[2025-04-05T23:44:17.997+0000] {logging_mixin.py:190} INFO - [2025-04-05T23:44:17.997+0000] {dag.py:4180} INFO - Setting next_dagrun for tutorial to 2025-04-04 00:00:00+00:00, run_after=2025-04-05 00:00:00+00:00
[2025-04-05T23:44:18.008+0000] {processor.py:208} INFO - Processing /home/airflow/.local/lib/python3.12/site-packages/airflow/example_dags/tutorial.py took 0.041 seconds
[2025-04-05T23:44:52.691+0000] {processor.py:186} INFO - Started process (PID=77) to work on /home/airflow/.local/lib/python3.12/site-packages/airflow/example_dags/tutorial.py
[2025-04-05T23:44:52.691+0000] {processor.py:914} INFO - Processing file /home/airflow/.local/lib/python3.12/site-packages/airflow/example_dags/tutorial.py for tasks to queue
[2025-04-05T23:44:52.693+0000] {logging_mixin.py:190} INFO - [2025-04-05T23:44:52.693+0000] {dagbag.py:588} INFO - Filling up the DagBag from /home/airflow/.local/lib/python3.12/site-packages/airflow/example_dags/tutorial.py
[2025-04-05T23:44:52.868+0000] {processor.py:925} INFO - DAG(s) 'tutorial' retrieved from /home/airflow/.local/lib/python3.12/site-packages/airflow/example_dags/tutorial.py
[2025-04-05T23:44:52.888+0000] {logging_mixin.py:190} INFO - [2025-04-05T23:44:52.888+0000] {dag.py:3239} INFO - Sync 1 DAGs
[2025-04-05T23:44:52.896+0000] {logging_mixin.py:190} INFO - [2025-04-05T23:44:52.896+0000] {dag.py:4180} INFO - Setting next_dagrun for tutorial to 2025-04-04 00:00:00+00:00, run_after=2025-04-05 00:00:00+00:00
[2025-04-05T23:44:52.903+0000] {processor.py:208} INFO - Processing /home/airflow/.local/lib/python3.12/site-packages/airflow/example_dags/tutorial.py took 0.215 seconds
[2025-04-05T23:45:23.304+0000] {processor.py:186} INFO - Started process (PID=141) to work on /home/airflow/.local/lib/python3.12/site-packages/airflow/example_dags/tutorial.py
[2025-04-05T23:45:23.304+0000] {processor.py:914} INFO - Processing file /home/airflow/.local/lib/python3.12/site-packages/airflow/example_dags/tutorial.py for tasks to queue
[2025-04-05T23:45:23.306+0000] {logging_mixin.py:190} INFO - [2025-04-05T23:45:23.306+0000] {dagbag.py:588} INFO - Filling up the DagBag from /home/airflow/.local/lib/python3.12/site-packages/airflow/example_dags/tutorial.py
[2025-04-05T23:45:23.311+0000] {processor.py:925} INFO - DAG(s) 'tutorial' retrieved from /home/airflow/.local/lib/python3.12/site-packages/airflow/example_dags/tutorial.py
[2025-04-05T23:45:23.321+0000] {logging_mixin.py:190} INFO - [2025-04-05T23:45:23.321+0000] {dag.py:3239} INFO - Sync 1 DAGs
[2025-04-05T23:45:23.330+0000] {logging_mixin.py:190} INFO - [2025-04-05T23:45:23.330+0000] {dag.py:4180} INFO - Setting next_dagrun for tutorial to 2025-04-04 00:00:00+00:00, run_after=2025-04-05 00:00:00+00:00
[2025-04-05T23:45:23.343+0000] {processor.py:208} INFO - Processing /home/airflow/.local/lib/python3.12/site-packages/airflow/example_dags/tutorial.py took 0.042 seconds
[2025-04-05T23:45:53.488+0000] {processor.py:186} INFO - Started process (PID=205) to work on /home/airflow/.local/lib/python3.12/site-packages/airflow/example_dags/tutorial.py
[2025-04-05T23:45:53.488+0000] {processor.py:914} INFO - Processing file /home/airflow/.local/lib/python3.12/site-packages/airflow/example_dags/tutorial.py for tasks to queue
[2025-04-05T23:45:53.490+0000] {logging_mixin.py:190} INFO - [2025-04-05T23:45:53.490+0000] {dagbag.py:588} INFO - Filling up the DagBag from /home/airflow/.local/lib/python3.12/site-packages/airflow/example_dags/tutorial.py
[2025-04-05T23:45:53.494+0000] {processor.py:925} INFO - DAG(s) 'tutorial' retrieved from /home/airflow/.local/lib/python3.12/site-packages/airflow/example_dags/tutorial.py
[2025-04-05T23:45:53.503+0000] {logging_mixin.py:190} INFO - [2025-04-05T23:45:53.503+0000] {dag.py:3239} INFO - Sync 1 DAGs
[2025-04-05T23:45:53.513+0000] {logging_mixin.py:190} INFO - [2025-04-05T23:45:53.513+0000] {dag.py:4180} INFO - Setting next_dagrun for tutorial to 2025-04-04 00:00:00+00:00, run_after=2025-04-05 00:00:00+00:00
[2025-04-05T23:45:53.520+0000] {processor.py:208} INFO - Processing /home/airflow/.local/lib/python3.12/site-packages/airflow/example_dags/tutorial.py took 0.035 seconds
[2025-04-05T23:46:44.707+0000] {processor.py:186} INFO - Started process (PID=77) to work on /home/airflow/.local/lib/python3.12/site-packages/airflow/example_dags/tutorial.py
[2025-04-05T23:46:44.708+0000] {processor.py:914} INFO - Processing file /home/airflow/.local/lib/python3.12/site-packages/airflow/example_dags/tutorial.py for tasks to queue
[2025-04-05T23:46:44.709+0000] {logging_mixin.py:190} INFO - [2025-04-05T23:46:44.709+0000] {dagbag.py:588} INFO - Filling up the DagBag from /home/airflow/.local/lib/python3.12/site-packages/airflow/example_dags/tutorial.py
[2025-04-05T23:46:44.829+0000] {processor.py:925} INFO - DAG(s) 'tutorial' retrieved from /home/airflow/.local/lib/python3.12/site-packages/airflow/example_dags/tutorial.py
[2025-04-05T23:46:44.841+0000] {logging_mixin.py:190} INFO - [2025-04-05T23:46:44.840+0000] {dag.py:3239} INFO - Sync 1 DAGs
[2025-04-05T23:46:44.849+0000] {logging_mixin.py:190} INFO - [2025-04-05T23:46:44.849+0000] {dag.py:4180} INFO - Setting next_dagrun for tutorial to 2025-04-04 00:00:00+00:00, run_after=2025-04-05 00:00:00+00:00
[2025-04-05T23:46:44.862+0000] {processor.py:208} INFO - Processing /home/airflow/.local/lib/python3.12/site-packages/airflow/example_dags/tutorial.py took 0.157 seconds
[2025-04-05T23:47:15.689+0000] {processor.py:186} INFO - Started process (PID=140) to work on /home/airflow/.local/lib/python3.12/site-packages/airflow/example_dags/tutorial.py
[2025-04-05T23:47:15.692+0000] {processor.py:914} INFO - Processing file /home/airflow/.local/lib/python3.12/site-packages/airflow/example_dags/tutorial.py for tasks to queue
[2025-04-05T23:47:15.694+0000] {logging_mixin.py:190} INFO - [2025-04-05T23:47:15.694+0000] {dagbag.py:588} INFO - Filling up the DagBag from /home/airflow/.local/lib/python3.12/site-packages/airflow/example_dags/tutorial.py
[2025-04-05T23:47:15.699+0000] {processor.py:925} INFO - DAG(s) 'tutorial' retrieved from /home/airflow/.local/lib/python3.12/site-packages/airflow/example_dags/tutorial.py
[2025-04-05T23:47:15.710+0000] {logging_mixin.py:190} INFO - [2025-04-05T23:47:15.710+0000] {dag.py:3239} INFO - Sync 1 DAGs
[2025-04-05T23:47:15.721+0000] {logging_mixin.py:190} INFO - [2025-04-05T23:47:15.721+0000] {dag.py:4180} INFO - Setting next_dagrun for tutorial to 2025-04-04 00:00:00+00:00, run_after=2025-04-05 00:00:00+00:00
[2025-04-05T23:47:15.733+0000] {processor.py:208} INFO - Processing /home/airflow/.local/lib/python3.12/site-packages/airflow/example_dags/tutorial.py took 0.046 seconds
[2025-04-05T23:47:45.865+0000] {processor.py:186} INFO - Started process (PID=204) to work on /home/airflow/.local/lib/python3.12/site-packages/airflow/example_dags/tutorial.py
[2025-04-05T23:47:45.866+0000] {processor.py:914} INFO - Processing file /home/airflow/.local/lib/python3.12/site-packages/airflow/example_dags/tutorial.py for tasks to queue
[2025-04-05T23:47:45.867+0000] {logging_mixin.py:190} INFO - [2025-04-05T23:47:45.867+0000] {dagbag.py:588} INFO - Filling up the DagBag from /home/airflow/.local/lib/python3.12/site-packages/airflow/example_dags/tutorial.py
[2025-04-05T23:47:45.871+0000] {processor.py:925} INFO - DAG(s) 'tutorial' retrieved from /home/airflow/.local/lib/python3.12/site-packages/airflow/example_dags/tutorial.py
[2025-04-05T23:47:45.879+0000] {logging_mixin.py:190} INFO - [2025-04-05T23:47:45.879+0000] {dag.py:3239} INFO - Sync 1 DAGs
[2025-04-05T23:47:45.887+0000] {logging_mixin.py:190} INFO - [2025-04-05T23:47:45.887+0000] {dag.py:4180} INFO - Setting next_dagrun for tutorial to 2025-04-04 00:00:00+00:00, run_after=2025-04-05 00:00:00+00:00
[2025-04-05T23:47:45.894+0000] {processor.py:208} INFO - Processing /home/airflow/.local/lib/python3.12/site-packages/airflow/example_dags/tutorial.py took 0.031 seconds
[2025-04-05T23:48:16.148+0000] {processor.py:186} INFO - Started process (PID=268) to work on /home/airflow/.local/lib/python3.12/site-packages/airflow/example_dags/tutorial.py
[2025-04-05T23:48:16.151+0000] {processor.py:914} INFO - Processing file /home/airflow/.local/lib/python3.12/site-packages/airflow/example_dags/tutorial.py for tasks to queue
[2025-04-05T23:48:16.152+0000] {logging_mixin.py:190} INFO - [2025-04-05T23:48:16.152+0000] {dagbag.py:588} INFO - Filling up the DagBag from /home/airflow/.local/lib/python3.12/site-packages/airflow/example_dags/tutorial.py
[2025-04-05T23:48:16.160+0000] {processor.py:925} INFO - DAG(s) 'tutorial' retrieved from /home/airflow/.local/lib/python3.12/site-packages/airflow/example_dags/tutorial.py
[2025-04-05T23:48:16.174+0000] {logging_mixin.py:190} INFO - [2025-04-05T23:48:16.174+0000] {dag.py:3239} INFO - Sync 1 DAGs
[2025-04-05T23:48:16.184+0000] {logging_mixin.py:190} INFO - [2025-04-05T23:48:16.184+0000] {dag.py:4180} INFO - Setting next_dagrun for tutorial to 2025-04-04 00:00:00+00:00, run_after=2025-04-05 00:00:00+00:00
[2025-04-05T23:48:16.196+0000] {processor.py:208} INFO - Processing /home/airflow/.local/lib/python3.12/site-packages/airflow/example_dags/tutorial.py took 0.052 seconds
[2025-04-05T23:48:46.578+0000] {processor.py:186} INFO - Started process (PID=332) to work on /home/airflow/.local/lib/python3.12/site-packages/airflow/example_dags/tutorial.py
[2025-04-05T23:48:46.578+0000] {processor.py:914} INFO - Processing file /home/airflow/.local/lib/python3.12/site-packages/airflow/example_dags/tutorial.py for tasks to queue
[2025-04-05T23:48:46.580+0000] {logging_mixin.py:190} INFO - [2025-04-05T23:48:46.580+0000] {dagbag.py:588} INFO - Filling up the DagBag from /home/airflow/.local/lib/python3.12/site-packages/airflow/example_dags/tutorial.py
[2025-04-05T23:48:46.584+0000] {processor.py:925} INFO - DAG(s) 'tutorial' retrieved from /home/airflow/.local/lib/python3.12/site-packages/airflow/example_dags/tutorial.py
[2025-04-05T23:48:46.595+0000] {logging_mixin.py:190} INFO - [2025-04-05T23:48:46.595+0000] {dag.py:3239} INFO - Sync 1 DAGs
[2025-04-05T23:48:46.608+0000] {logging_mixin.py:190} INFO - [2025-04-05T23:48:46.608+0000] {dag.py:4180} INFO - Setting next_dagrun for tutorial to 2025-04-04 00:00:00+00:00, run_after=2025-04-05 00:00:00+00:00
[2025-04-05T23:48:46.621+0000] {processor.py:208} INFO - Processing /home/airflow/.local/lib/python3.12/site-packages/airflow/example_dags/tutorial.py took 0.045 seconds
[2025-04-05T23:49:33.140+0000] {processor.py:186} INFO - Started process (PID=79) to work on /home/airflow/.local/lib/python3.12/site-packages/airflow/example_dags/tutorial.py
[2025-04-05T23:49:33.141+0000] {processor.py:914} INFO - Processing file /home/airflow/.local/lib/python3.12/site-packages/airflow/example_dags/tutorial.py for tasks to queue
[2025-04-05T23:49:33.142+0000] {logging_mixin.py:190} INFO - [2025-04-05T23:49:33.142+0000] {dagbag.py:588} INFO - Filling up the DagBag from /home/airflow/.local/lib/python3.12/site-packages/airflow/example_dags/tutorial.py
[2025-04-05T23:49:33.288+0000] {processor.py:925} INFO - DAG(s) 'tutorial' retrieved from /home/airflow/.local/lib/python3.12/site-packages/airflow/example_dags/tutorial.py
[2025-04-05T23:49:33.303+0000] {logging_mixin.py:190} INFO - [2025-04-05T23:49:33.302+0000] {dag.py:3239} INFO - Sync 1 DAGs
[2025-04-05T23:49:33.314+0000] {logging_mixin.py:190} INFO - [2025-04-05T23:49:33.313+0000] {dag.py:4180} INFO - Setting next_dagrun for tutorial to 2025-04-04 00:00:00+00:00, run_after=2025-04-05 00:00:00+00:00
[2025-04-05T23:49:33.322+0000] {processor.py:208} INFO - Processing /home/airflow/.local/lib/python3.12/site-packages/airflow/example_dags/tutorial.py took 0.184 seconds
[2025-04-05T23:50:04.122+0000] {processor.py:186} INFO - Started process (PID=143) to work on /home/airflow/.local/lib/python3.12/site-packages/airflow/example_dags/tutorial.py
[2025-04-05T23:50:04.123+0000] {processor.py:914} INFO - Processing file /home/airflow/.local/lib/python3.12/site-packages/airflow/example_dags/tutorial.py for tasks to queue
[2025-04-05T23:50:04.124+0000] {logging_mixin.py:190} INFO - [2025-04-05T23:50:04.124+0000] {dagbag.py:588} INFO - Filling up the DagBag from /home/airflow/.local/lib/python3.12/site-packages/airflow/example_dags/tutorial.py
[2025-04-05T23:50:04.128+0000] {processor.py:925} INFO - DAG(s) 'tutorial' retrieved from /home/airflow/.local/lib/python3.12/site-packages/airflow/example_dags/tutorial.py
[2025-04-05T23:50:04.137+0000] {logging_mixin.py:190} INFO - [2025-04-05T23:50:04.137+0000] {dag.py:3239} INFO - Sync 1 DAGs
[2025-04-05T23:50:04.147+0000] {logging_mixin.py:190} INFO - [2025-04-05T23:50:04.147+0000] {dag.py:4180} INFO - Setting next_dagrun for tutorial to 2025-04-04 00:00:00+00:00, run_after=2025-04-05 00:00:00+00:00
[2025-04-05T23:50:04.153+0000] {processor.py:208} INFO - Processing /home/airflow/.local/lib/python3.12/site-packages/airflow/example_dags/tutorial.py took 0.035 seconds
[2025-04-05T23:50:34.656+0000] {processor.py:186} INFO - Started process (PID=207) to work on /home/airflow/.local/lib/python3.12/site-packages/airflow/example_dags/tutorial.py
[2025-04-05T23:50:34.657+0000] {processor.py:914} INFO - Processing file /home/airflow/.local/lib/python3.12/site-packages/airflow/example_dags/tutorial.py for tasks to queue
[2025-04-05T23:50:34.658+0000] {logging_mixin.py:190} INFO - [2025-04-05T23:50:34.658+0000] {dagbag.py:588} INFO - Filling up the DagBag from /home/airflow/.local/lib/python3.12/site-packages/airflow/example_dags/tutorial.py
[2025-04-05T23:50:34.662+0000] {processor.py:925} INFO - DAG(s) 'tutorial' retrieved from /home/airflow/.local/lib/python3.12/site-packages/airflow/example_dags/tutorial.py
[2025-04-05T23:50:34.671+0000] {logging_mixin.py:190} INFO - [2025-04-05T23:50:34.671+0000] {dag.py:3239} INFO - Sync 1 DAGs
[2025-04-05T23:50:34.680+0000] {logging_mixin.py:190} INFO - [2025-04-05T23:50:34.679+0000] {dag.py:4180} INFO - Setting next_dagrun for tutorial to 2025-04-04 00:00:00+00:00, run_after=2025-04-05 00:00:00+00:00
[2025-04-05T23:50:34.686+0000] {processor.py:208} INFO - Processing /home/airflow/.local/lib/python3.12/site-packages/airflow/example_dags/tutorial.py took 0.033 seconds
[2025-04-05T23:51:04.971+0000] {processor.py:186} INFO - Started process (PID=271) to work on /home/airflow/.local/lib/python3.12/site-packages/airflow/example_dags/tutorial.py
[2025-04-05T23:51:04.972+0000] {processor.py:914} INFO - Processing file /home/airflow/.local/lib/python3.12/site-packages/airflow/example_dags/tutorial.py for tasks to queue
[2025-04-05T23:51:04.973+0000] {logging_mixin.py:190} INFO - [2025-04-05T23:51:04.973+0000] {dagbag.py:588} INFO - Filling up the DagBag from /home/airflow/.local/lib/python3.12/site-packages/airflow/example_dags/tutorial.py
[2025-04-05T23:51:04.977+0000] {processor.py:925} INFO - DAG(s) 'tutorial' retrieved from /home/airflow/.local/lib/python3.12/site-packages/airflow/example_dags/tutorial.py
[2025-04-05T23:51:04.987+0000] {logging_mixin.py:190} INFO - [2025-04-05T23:51:04.987+0000] {dag.py:3239} INFO - Sync 1 DAGs
[2025-04-05T23:51:04.997+0000] {logging_mixin.py:190} INFO - [2025-04-05T23:51:04.997+0000] {dag.py:4180} INFO - Setting next_dagrun for tutorial to 2025-04-04 00:00:00+00:00, run_after=2025-04-05 00:00:00+00:00
[2025-04-05T23:51:05.005+0000] {processor.py:208} INFO - Processing /home/airflow/.local/lib/python3.12/site-packages/airflow/example_dags/tutorial.py took 0.037 seconds
[2025-04-05T23:51:35.373+0000] {processor.py:186} INFO - Started process (PID=335) to work on /home/airflow/.local/lib/python3.12/site-packages/airflow/example_dags/tutorial.py
[2025-04-05T23:51:35.374+0000] {processor.py:914} INFO - Processing file /home/airflow/.local/lib/python3.12/site-packages/airflow/example_dags/tutorial.py for tasks to queue
[2025-04-05T23:51:35.375+0000] {logging_mixin.py:190} INFO - [2025-04-05T23:51:35.375+0000] {dagbag.py:588} INFO - Filling up the DagBag from /home/airflow/.local/lib/python3.12/site-packages/airflow/example_dags/tutorial.py
[2025-04-05T23:51:35.379+0000] {processor.py:925} INFO - DAG(s) 'tutorial' retrieved from /home/airflow/.local/lib/python3.12/site-packages/airflow/example_dags/tutorial.py
[2025-04-05T23:51:35.390+0000] {logging_mixin.py:190} INFO - [2025-04-05T23:51:35.390+0000] {dag.py:3239} INFO - Sync 1 DAGs
[2025-04-05T23:51:35.402+0000] {logging_mixin.py:190} INFO - [2025-04-05T23:51:35.402+0000] {dag.py:4180} INFO - Setting next_dagrun for tutorial to 2025-04-04 00:00:00+00:00, run_after=2025-04-05 00:00:00+00:00
[2025-04-05T23:51:35.415+0000] {processor.py:208} INFO - Processing /home/airflow/.local/lib/python3.12/site-packages/airflow/example_dags/tutorial.py took 0.045 seconds
[2025-04-05T23:52:05.717+0000] {processor.py:186} INFO - Started process (PID=399) to work on /home/airflow/.local/lib/python3.12/site-packages/airflow/example_dags/tutorial.py
[2025-04-05T23:52:05.717+0000] {processor.py:914} INFO - Processing file /home/airflow/.local/lib/python3.12/site-packages/airflow/example_dags/tutorial.py for tasks to queue
[2025-04-05T23:52:05.719+0000] {logging_mixin.py:190} INFO - [2025-04-05T23:52:05.718+0000] {dagbag.py:588} INFO - Filling up the DagBag from /home/airflow/.local/lib/python3.12/site-packages/airflow/example_dags/tutorial.py
[2025-04-05T23:52:05.723+0000] {processor.py:925} INFO - DAG(s) 'tutorial' retrieved from /home/airflow/.local/lib/python3.12/site-packages/airflow/example_dags/tutorial.py
[2025-04-05T23:52:05.736+0000] {logging_mixin.py:190} INFO - [2025-04-05T23:52:05.736+0000] {dag.py:3239} INFO - Sync 1 DAGs
[2025-04-05T23:52:05.746+0000] {logging_mixin.py:190} INFO - [2025-04-05T23:52:05.746+0000] {dag.py:4180} INFO - Setting next_dagrun for tutorial to 2025-04-04 00:00:00+00:00, run_after=2025-04-05 00:00:00+00:00
[2025-04-05T23:52:05.759+0000] {processor.py:208} INFO - Processing /home/airflow/.local/lib/python3.12/site-packages/airflow/example_dags/tutorial.py took 0.045 seconds
[2025-04-05T23:53:02.014+0000] {processor.py:186} INFO - Started process (PID=79) to work on /home/airflow/.local/lib/python3.12/site-packages/airflow/example_dags/tutorial.py
[2025-04-05T23:53:02.015+0000] {processor.py:914} INFO - Processing file /home/airflow/.local/lib/python3.12/site-packages/airflow/example_dags/tutorial.py for tasks to queue
[2025-04-05T23:53:02.016+0000] {logging_mixin.py:190} INFO - [2025-04-05T23:53:02.016+0000] {dagbag.py:588} INFO - Filling up the DagBag from /home/airflow/.local/lib/python3.12/site-packages/airflow/example_dags/tutorial.py
[2025-04-05T23:53:02.020+0000] {processor.py:925} INFO - DAG(s) 'tutorial' retrieved from /home/airflow/.local/lib/python3.12/site-packages/airflow/example_dags/tutorial.py
[2025-04-05T23:53:02.036+0000] {logging_mixin.py:190} INFO - [2025-04-05T23:53:02.036+0000] {dag.py:3239} INFO - Sync 1 DAGs
[2025-04-05T23:53:02.046+0000] {logging_mixin.py:190} INFO - [2025-04-05T23:53:02.046+0000] {dag.py:4180} INFO - Setting next_dagrun for tutorial to 2025-04-04 00:00:00+00:00, run_after=2025-04-05 00:00:00+00:00
[2025-04-05T23:53:02.058+0000] {processor.py:208} INFO - Processing /home/airflow/.local/lib/python3.12/site-packages/airflow/example_dags/tutorial.py took 0.047 seconds
[2025-04-05T23:53:50.456+0000] {processor.py:186} INFO - Started process (PID=78) to work on /home/airflow/.local/lib/python3.12/site-packages/airflow/example_dags/tutorial.py
[2025-04-05T23:53:50.457+0000] {processor.py:914} INFO - Processing file /home/airflow/.local/lib/python3.12/site-packages/airflow/example_dags/tutorial.py for tasks to queue
[2025-04-05T23:53:50.458+0000] {logging_mixin.py:190} INFO - [2025-04-05T23:53:50.458+0000] {dagbag.py:588} INFO - Filling up the DagBag from /home/airflow/.local/lib/python3.12/site-packages/airflow/example_dags/tutorial.py
[2025-04-05T23:53:50.602+0000] {processor.py:925} INFO - DAG(s) 'tutorial' retrieved from /home/airflow/.local/lib/python3.12/site-packages/airflow/example_dags/tutorial.py
[2025-04-05T23:53:50.615+0000] {logging_mixin.py:190} INFO - [2025-04-05T23:53:50.615+0000] {dag.py:3239} INFO - Sync 1 DAGs
[2025-04-05T23:53:50.624+0000] {logging_mixin.py:190} INFO - [2025-04-05T23:53:50.624+0000] {dag.py:4180} INFO - Setting next_dagrun for tutorial to 2025-04-04 00:00:00+00:00, run_after=2025-04-05 00:00:00+00:00
[2025-04-05T23:53:50.631+0000] {processor.py:208} INFO - Processing /home/airflow/.local/lib/python3.12/site-packages/airflow/example_dags/tutorial.py took 0.178 seconds
[2025-04-05T23:54:21.312+0000] {processor.py:186} INFO - Started process (PID=142) to work on /home/airflow/.local/lib/python3.12/site-packages/airflow/example_dags/tutorial.py
[2025-04-05T23:54:21.312+0000] {processor.py:914} INFO - Processing file /home/airflow/.local/lib/python3.12/site-packages/airflow/example_dags/tutorial.py for tasks to queue
[2025-04-05T23:54:21.313+0000] {logging_mixin.py:190} INFO - [2025-04-05T23:54:21.313+0000] {dagbag.py:588} INFO - Filling up the DagBag from /home/airflow/.local/lib/python3.12/site-packages/airflow/example_dags/tutorial.py
[2025-04-05T23:54:21.319+0000] {processor.py:925} INFO - DAG(s) 'tutorial' retrieved from /home/airflow/.local/lib/python3.12/site-packages/airflow/example_dags/tutorial.py
[2025-04-05T23:54:21.332+0000] {logging_mixin.py:190} INFO - [2025-04-05T23:54:21.332+0000] {dag.py:3239} INFO - Sync 1 DAGs
[2025-04-05T23:54:21.347+0000] {logging_mixin.py:190} INFO - [2025-04-05T23:54:21.347+0000] {dag.py:4180} INFO - Setting next_dagrun for tutorial to 2025-04-04 00:00:00+00:00, run_after=2025-04-05 00:00:00+00:00
[2025-04-05T23:54:21.357+0000] {processor.py:208} INFO - Processing /home/airflow/.local/lib/python3.12/site-packages/airflow/example_dags/tutorial.py took 0.049 seconds
[2025-04-05T23:55:52.581+0000] {processor.py:186} INFO - Started process (PID=80) to work on /home/airflow/.local/lib/python3.12/site-packages/airflow/example_dags/tutorial.py
[2025-04-05T23:55:52.582+0000] {processor.py:914} INFO - Processing file /home/airflow/.local/lib/python3.12/site-packages/airflow/example_dags/tutorial.py for tasks to queue
[2025-04-05T23:55:52.583+0000] {logging_mixin.py:190} INFO - [2025-04-05T23:55:52.582+0000] {dagbag.py:588} INFO - Filling up the DagBag from /home/airflow/.local/lib/python3.12/site-packages/airflow/example_dags/tutorial.py
[2025-04-05T23:55:52.587+0000] {processor.py:925} INFO - DAG(s) 'tutorial' retrieved from /home/airflow/.local/lib/python3.12/site-packages/airflow/example_dags/tutorial.py
[2025-04-05T23:55:52.601+0000] {logging_mixin.py:190} INFO - [2025-04-05T23:55:52.601+0000] {dag.py:3239} INFO - Sync 1 DAGs
[2025-04-05T23:55:52.613+0000] {logging_mixin.py:190} INFO - [2025-04-05T23:55:52.613+0000] {dag.py:4180} INFO - Setting next_dagrun for tutorial to 2025-04-04 00:00:00+00:00, run_after=2025-04-05 00:00:00+00:00
[2025-04-05T23:55:52.623+0000] {processor.py:208} INFO - Processing /home/airflow/.local/lib/python3.12/site-packages/airflow/example_dags/tutorial.py took 0.045 seconds
[2025-04-05T23:56:23.018+0000] {processor.py:186} INFO - Started process (PID=150) to work on /home/airflow/.local/lib/python3.12/site-packages/airflow/example_dags/tutorial.py
[2025-04-05T23:56:23.019+0000] {processor.py:914} INFO - Processing file /home/airflow/.local/lib/python3.12/site-packages/airflow/example_dags/tutorial.py for tasks to queue
[2025-04-05T23:56:23.020+0000] {logging_mixin.py:190} INFO - [2025-04-05T23:56:23.020+0000] {dagbag.py:588} INFO - Filling up the DagBag from /home/airflow/.local/lib/python3.12/site-packages/airflow/example_dags/tutorial.py
[2025-04-05T23:56:23.025+0000] {processor.py:925} INFO - DAG(s) 'tutorial' retrieved from /home/airflow/.local/lib/python3.12/site-packages/airflow/example_dags/tutorial.py
[2025-04-05T23:56:23.039+0000] {logging_mixin.py:190} INFO - [2025-04-05T23:56:23.039+0000] {dag.py:3239} INFO - Sync 1 DAGs
[2025-04-05T23:56:23.048+0000] {logging_mixin.py:190} INFO - [2025-04-05T23:56:23.047+0000] {dag.py:4180} INFO - Setting next_dagrun for tutorial to 2025-04-04 00:00:00+00:00, run_after=2025-04-05 00:00:00+00:00
[2025-04-05T23:56:23.056+0000] {processor.py:208} INFO - Processing /home/airflow/.local/lib/python3.12/site-packages/airflow/example_dags/tutorial.py took 0.040 seconds
