[2025-04-06T03:19:42.570+0000] {local_task_job_runner.py:123} INFO - ::group::Pre task execution logs
[2025-04-06T03:19:42.576+0000] {taskinstance.py:2614} INFO - Dependencies all met for dep_context=non-requeueable deps ti=<TaskInstance: la_traffic_download_to_bq_via_url.download_la_collision_data manual__2025-04-06T03:19:39.108701+00:00 [queued]>
[2025-04-06T03:19:42.579+0000] {taskinstance.py:2614} INFO - Dependencies all met for dep_context=requeueable deps ti=<TaskInstance: la_traffic_download_to_bq_via_url.download_la_collision_data manual__2025-04-06T03:19:39.108701+00:00 [queued]>
[2025-04-06T03:19:42.579+0000] {taskinstance.py:2867} INFO - Starting attempt 1 of 2
[2025-04-06T03:19:42.584+0000] {taskinstance.py:2890} INFO - Executing <Task(PythonOperator): download_la_collision_data> on 2025-04-06 03:19:39.108701+00:00
[2025-04-06T03:19:42.588+0000] {warnings.py:112} WARNING - /home/***/.local/lib/python3.12/site-packages/***/task/task_runner/standard_task_runner.py:70: DeprecationWarning: This process (pid=77) is multi-threaded, use of fork() may lead to deadlocks in the child.
  pid = os.fork()

[2025-04-06T03:19:42.592+0000] {standard_task_runner.py:72} INFO - Started process 78 to run task
[2025-04-06T03:19:42.593+0000] {standard_task_runner.py:104} INFO - Running: ['***', 'tasks', 'run', 'la_traffic_download_to_bq_via_url', 'download_la_collision_data', 'manual__2025-04-06T03:19:39.108701+00:00', '--job-id', '26', '--raw', '--subdir', 'DAGS_FOLDER/dag.py', '--cfg-path', '/tmp/tmpv9yjber8']
[2025-04-06T03:19:42.594+0000] {standard_task_runner.py:105} INFO - Job 26: Subtask download_la_collision_data
[2025-04-06T03:19:42.619+0000] {task_command.py:467} INFO - Running <TaskInstance: la_traffic_download_to_bq_via_url.download_la_collision_data manual__2025-04-06T03:19:39.108701+00:00 [running]> on host 43216fd05265
[2025-04-06T03:19:42.654+0000] {taskinstance.py:3134} INFO - Exporting env vars: AIRFLOW_CTX_DAG_OWNER='***' AIRFLOW_CTX_DAG_ID='la_traffic_download_to_bq_via_url' AIRFLOW_CTX_TASK_ID='download_la_collision_data' AIRFLOW_CTX_EXECUTION_DATE='2025-04-06T03:19:39.108701+00:00' AIRFLOW_CTX_TRY_NUMBER='1' AIRFLOW_CTX_DAG_RUN_ID='manual__2025-04-06T03:19:39.108701+00:00'
[2025-04-06T03:19:42.655+0000] {logging_mixin.py:190} INFO - Task instance is in running state
[2025-04-06T03:19:42.655+0000] {logging_mixin.py:190} INFO -  Previous state of the Task instance: queued
[2025-04-06T03:19:42.655+0000] {logging_mixin.py:190} INFO - Current task name:download_la_collision_data state:running start_date:2025-04-06 03:19:42.576875+00:00
[2025-04-06T03:19:42.655+0000] {logging_mixin.py:190} INFO - Dag name:la_traffic_download_to_bq_via_url and current dag run status:running
[2025-04-06T03:19:42.656+0000] {taskinstance.py:732} INFO - ::endgroup::
[2025-04-06T03:19:42.656+0000] {logging_mixin.py:190} INFO - Downloading https://www.kaggle.com/api/v1/datasets/download/cityofLA/los-angeles-traffic-collision-data...
[2025-04-06T03:19:44.424+0000] {logging_mixin.py:190} INFO - Downloaded to la_collision_data.zip
[2025-04-06T03:19:44.436+0000] {python.py:240} INFO - Done. Returned value was: None
[2025-04-06T03:19:44.441+0000] {taskinstance.py:341} INFO - ::group::Post task execution logs
[2025-04-06T03:19:44.441+0000] {taskinstance.py:353} INFO - Marking task as SUCCESS. dag_id=la_traffic_download_to_bq_via_url, task_id=download_la_collision_data, run_id=manual__2025-04-06T03:19:39.108701+00:00, execution_date=20250406T031939, start_date=20250406T031942, end_date=20250406T031944
[2025-04-06T03:19:44.452+0000] {logging_mixin.py:190} INFO - Task instance in success state
[2025-04-06T03:19:44.452+0000] {logging_mixin.py:190} INFO -  Previous state of the Task instance: running
[2025-04-06T03:19:44.453+0000] {logging_mixin.py:190} INFO - Dag name:la_traffic_download_to_bq_via_url queued_at:2025-04-06 03:19:39.122643+00:00
[2025-04-06T03:19:44.453+0000] {logging_mixin.py:190} INFO - Task hostname:43216fd05265 operator:PythonOperator
[2025-04-06T03:19:44.464+0000] {local_task_job_runner.py:266} INFO - Task exited with return code 0
[2025-04-06T03:19:44.479+0000] {taskinstance.py:3901} INFO - 1 downstream tasks scheduled from follow-on schedule check
[2025-04-06T03:19:44.480+0000] {local_task_job_runner.py:245} INFO - ::endgroup::
