[2025-04-09T22:50:12.471+0000] {local_task_job_runner.py:123} INFO - ::group::Pre task execution logs
[2025-04-09T22:50:12.479+0000] {taskinstance.py:2614} INFO - Dependencies all met for dep_context=non-requeueable deps ti=<TaskInstance: la_traffic_download_to_bq_via_url.upload_to_gcs scheduled__2025-04-06T00:00:00+00:00 [queued]>
[2025-04-09T22:50:12.483+0000] {taskinstance.py:2614} INFO - Dependencies all met for dep_context=requeueable deps ti=<TaskInstance: la_traffic_download_to_bq_via_url.upload_to_gcs scheduled__2025-04-06T00:00:00+00:00 [queued]>
[2025-04-09T22:50:12.483+0000] {taskinstance.py:2867} INFO - Starting attempt 2 of 2
[2025-04-09T22:50:12.488+0000] {taskinstance.py:2890} INFO - Executing <Task(PythonOperator): upload_to_gcs> on 2025-04-06 00:00:00+00:00
[2025-04-09T22:50:12.492+0000] {warnings.py:112} WARNING - /home/***/.local/lib/python3.12/site-packages/***/task/task_runner/standard_task_runner.py:70: DeprecationWarning: This process (pid=168) is multi-threaded, use of fork() may lead to deadlocks in the child.
  pid = os.fork()

[2025-04-09T22:50:12.492+0000] {standard_task_runner.py:72} INFO - Started process 169 to run task
[2025-04-09T22:50:12.493+0000] {standard_task_runner.py:104} INFO - Running: ['***', 'tasks', 'run', 'la_traffic_download_to_bq_via_url', 'upload_to_gcs', 'scheduled__2025-04-06T00:00:00+00:00', '--job-id', '50', '--raw', '--subdir', 'DAGS_FOLDER/dag.py', '--cfg-path', '/tmp/tmpnel_har5']
[2025-04-09T22:50:12.493+0000] {standard_task_runner.py:105} INFO - Job 50: Subtask upload_to_gcs
[2025-04-09T22:50:12.517+0000] {task_command.py:467} INFO - Running <TaskInstance: la_traffic_download_to_bq_via_url.upload_to_gcs scheduled__2025-04-06T00:00:00+00:00 [running]> on host 6416417ff662
[2025-04-09T22:50:12.545+0000] {taskinstance.py:3134} INFO - Exporting env vars: AIRFLOW_CTX_DAG_OWNER='***' AIRFLOW_CTX_DAG_ID='la_traffic_download_to_bq_via_url' AIRFLOW_CTX_TASK_ID='upload_to_gcs' AIRFLOW_CTX_EXECUTION_DATE='2025-04-06T00:00:00+00:00' AIRFLOW_CTX_TRY_NUMBER='2' AIRFLOW_CTX_DAG_RUN_ID='scheduled__2025-04-06T00:00:00+00:00'
[2025-04-09T22:50:12.545+0000] {logging_mixin.py:190} INFO - Task instance is in running state
[2025-04-09T22:50:12.546+0000] {logging_mixin.py:190} INFO -  Previous state of the Task instance: queued
[2025-04-09T22:50:12.546+0000] {logging_mixin.py:190} INFO - Current task name:upload_to_gcs state:running start_date:2025-04-09 22:50:12.479973+00:00
[2025-04-09T22:50:12.546+0000] {logging_mixin.py:190} INFO - Dag name:la_traffic_download_to_bq_via_url and current dag run status:running
[2025-04-09T22:50:12.546+0000] {taskinstance.py:732} INFO - ::endgroup::
[2025-04-09T22:51:00.783+0000] {logging_mixin.py:190} INFO - Uploaded traffic-collision-data-from-2010-to-present.csv to gs://la-traffic-collision/traffic-collision-data-from-2010-to-present.csv
[2025-04-09T22:51:00.844+0000] {python.py:240} INFO - Done. Returned value was: None
[2025-04-09T22:51:00.853+0000] {taskinstance.py:341} INFO - ::group::Post task execution logs
[2025-04-09T22:51:00.854+0000] {taskinstance.py:353} INFO - Marking task as SUCCESS. dag_id=la_traffic_download_to_bq_via_url, task_id=upload_to_gcs, run_id=scheduled__2025-04-06T00:00:00+00:00, execution_date=20250406T000000, start_date=20250409T225012, end_date=20250409T225100
[2025-04-09T22:51:00.865+0000] {logging_mixin.py:190} INFO - Task instance in success state
[2025-04-09T22:51:00.865+0000] {logging_mixin.py:190} INFO -  Previous state of the Task instance: running
[2025-04-09T22:51:00.865+0000] {logging_mixin.py:190} INFO - Dag name:la_traffic_download_to_bq_via_url queued_at:2025-04-09 22:43:54.315968+00:00
[2025-04-09T22:51:00.865+0000] {logging_mixin.py:190} INFO - Task hostname:6416417ff662 operator:PythonOperator
[2025-04-09T22:51:00.876+0000] {local_task_job_runner.py:266} INFO - Task exited with return code 0
[2025-04-09T22:51:00.890+0000] {taskinstance.py:3901} INFO - 1 downstream tasks scheduled from follow-on schedule check
[2025-04-09T22:51:00.891+0000] {local_task_job_runner.py:245} INFO - ::endgroup::
