[2025-04-06T01:39:28.662+0000] {local_task_job_runner.py:123} INFO - ::group::Pre task execution logs
[2025-04-06T01:39:28.669+0000] {taskinstance.py:2614} INFO - Dependencies all met for dep_context=non-requeueable deps ti=<TaskInstance: la_traffic_download_to_bq_via_url.download_la_collision_data scheduled__2025-04-05T00:00:00+00:00 [queued]>
[2025-04-06T01:39:28.673+0000] {taskinstance.py:2614} INFO - Dependencies all met for dep_context=requeueable deps ti=<TaskInstance: la_traffic_download_to_bq_via_url.download_la_collision_data scheduled__2025-04-05T00:00:00+00:00 [queued]>
[2025-04-06T01:39:28.674+0000] {taskinstance.py:2867} INFO - Starting attempt 1 of 2
[2025-04-06T01:39:28.680+0000] {taskinstance.py:2890} INFO - Executing <Task(PythonOperator): download_la_collision_data> on 2025-04-05 00:00:00+00:00
[2025-04-06T01:39:28.691+0000] {warnings.py:112} WARNING - /home/***/.local/lib/python3.12/site-packages/***/task/task_runner/standard_task_runner.py:70: DeprecationWarning: This process (pid=197) is multi-threaded, use of fork() may lead to deadlocks in the child.
  pid = os.fork()

[2025-04-06T01:39:28.692+0000] {standard_task_runner.py:72} INFO - Started process 199 to run task
[2025-04-06T01:39:28.693+0000] {standard_task_runner.py:104} INFO - Running: ['***', 'tasks', 'run', 'la_traffic_download_to_bq_via_url', 'download_la_collision_data', 'scheduled__2025-04-05T00:00:00+00:00', '--job-id', '8', '--raw', '--subdir', 'DAGS_FOLDER/dag.py', '--cfg-path', '/tmp/tmpaae2f8g8']
[2025-04-06T01:39:28.694+0000] {standard_task_runner.py:105} INFO - Job 8: Subtask download_la_collision_data
[2025-04-06T01:39:28.720+0000] {task_command.py:467} INFO - Running <TaskInstance: la_traffic_download_to_bq_via_url.download_la_collision_data scheduled__2025-04-05T00:00:00+00:00 [running]> on host 78a2e318ec3f
[2025-04-06T01:39:28.757+0000] {taskinstance.py:3134} INFO - Exporting env vars: AIRFLOW_CTX_DAG_OWNER='***' AIRFLOW_CTX_DAG_ID='la_traffic_download_to_bq_via_url' AIRFLOW_CTX_TASK_ID='download_la_collision_data' AIRFLOW_CTX_EXECUTION_DATE='2025-04-05T00:00:00+00:00' AIRFLOW_CTX_TRY_NUMBER='1' AIRFLOW_CTX_DAG_RUN_ID='scheduled__2025-04-05T00:00:00+00:00'
[2025-04-06T01:39:28.758+0000] {logging_mixin.py:190} INFO - Task instance is in running state
[2025-04-06T01:39:28.759+0000] {logging_mixin.py:190} INFO -  Previous state of the Task instance: queued
[2025-04-06T01:39:28.759+0000] {logging_mixin.py:190} INFO - Current task name:download_la_collision_data state:running start_date:2025-04-06 01:39:28.670130+00:00
[2025-04-06T01:39:28.759+0000] {logging_mixin.py:190} INFO - Dag name:la_traffic_download_to_bq_via_url and current dag run status:running
[2025-04-06T01:39:28.759+0000] {taskinstance.py:732} INFO - ::endgroup::
[2025-04-06T01:39:28.759+0000] {logging_mixin.py:190} INFO - Downloading https://www.kaggle.com/api/v1/datasets/download/cityofLA/los-angeles-traffic-collision-data...
[2025-04-06T01:39:31.102+0000] {logging_mixin.py:190} INFO - Downloaded to la_collision_data.zip
[2025-04-06T01:39:31.125+0000] {python.py:240} INFO - Done. Returned value was: None
[2025-04-06T01:39:31.131+0000] {taskinstance.py:341} INFO - ::group::Post task execution logs
[2025-04-06T01:39:31.131+0000] {taskinstance.py:353} INFO - Marking task as SUCCESS. dag_id=la_traffic_download_to_bq_via_url, task_id=download_la_collision_data, run_id=scheduled__2025-04-05T00:00:00+00:00, execution_date=20250405T000000, start_date=20250406T013928, end_date=20250406T013931
[2025-04-06T01:39:31.141+0000] {logging_mixin.py:190} INFO - Task instance in success state
[2025-04-06T01:39:31.141+0000] {logging_mixin.py:190} INFO -  Previous state of the Task instance: running
[2025-04-06T01:39:31.141+0000] {logging_mixin.py:190} INFO - Dag name:la_traffic_download_to_bq_via_url queued_at:2025-04-06 01:39:25.789269+00:00
[2025-04-06T01:39:31.141+0000] {logging_mixin.py:190} INFO - Task hostname:78a2e318ec3f operator:PythonOperator
[2025-04-06T01:39:31.158+0000] {local_task_job_runner.py:266} INFO - Task exited with return code 0
[2025-04-06T01:39:31.174+0000] {taskinstance.py:3901} INFO - 1 downstream tasks scheduled from follow-on schedule check
[2025-04-06T01:39:31.174+0000] {local_task_job_runner.py:245} INFO - ::endgroup::
