[2025-04-09T22:44:00.140+0000] {processor.py:186} INFO - Started process (PID=104) to work on /home/airflow/.local/lib/python3.12/site-packages/airflow/example_dags/example_xcomargs.py
[2025-04-09T22:44:00.141+0000] {processor.py:914} INFO - Processing file /home/airflow/.local/lib/python3.12/site-packages/airflow/example_dags/example_xcomargs.py for tasks to queue
[2025-04-09T22:44:00.143+0000] {logging_mixin.py:190} INFO - [2025-04-09T22:44:00.143+0000] {dagbag.py:588} INFO - Filling up the DagBag from /home/airflow/.local/lib/python3.12/site-packages/airflow/example_dags/example_xcomargs.py
[2025-04-09T22:44:00.154+0000] {processor.py:925} INFO - DAG(s) 'example_xcom_args_with_operators', 'example_xcom_args' retrieved from /home/airflow/.local/lib/python3.12/site-packages/airflow/example_dags/example_xcomargs.py
[2025-04-09T22:44:00.169+0000] {logging_mixin.py:190} INFO - [2025-04-09T22:44:00.169+0000] {dag.py:3239} INFO - Sync 2 DAGs
[2025-04-09T22:44:00.179+0000] {logging_mixin.py:190} INFO - [2025-04-09T22:44:00.179+0000] {dag.py:4180} INFO - Setting next_dagrun for example_xcom_args to None, run_after=None
[2025-04-09T22:44:00.181+0000] {logging_mixin.py:190} INFO - [2025-04-09T22:44:00.181+0000] {dag.py:4180} INFO - Setting next_dagrun for example_xcom_args_with_operators to None, run_after=None
[2025-04-09T22:44:00.196+0000] {processor.py:208} INFO - Processing /home/airflow/.local/lib/python3.12/site-packages/airflow/example_dags/example_xcomargs.py took 0.060 seconds
[2025-04-09T22:44:30.280+0000] {processor.py:186} INFO - Started process (PID=172) to work on /home/airflow/.local/lib/python3.12/site-packages/airflow/example_dags/example_xcomargs.py
[2025-04-09T22:44:30.281+0000] {processor.py:914} INFO - Processing file /home/airflow/.local/lib/python3.12/site-packages/airflow/example_dags/example_xcomargs.py for tasks to queue
[2025-04-09T22:44:30.282+0000] {logging_mixin.py:190} INFO - [2025-04-09T22:44:30.282+0000] {dagbag.py:588} INFO - Filling up the DagBag from /home/airflow/.local/lib/python3.12/site-packages/airflow/example_dags/example_xcomargs.py
[2025-04-09T22:44:30.288+0000] {processor.py:925} INFO - DAG(s) 'example_xcom_args', 'example_xcom_args_with_operators' retrieved from /home/airflow/.local/lib/python3.12/site-packages/airflow/example_dags/example_xcomargs.py
[2025-04-09T22:44:30.299+0000] {logging_mixin.py:190} INFO - [2025-04-09T22:44:30.299+0000] {dag.py:3239} INFO - Sync 2 DAGs
[2025-04-09T22:44:30.306+0000] {logging_mixin.py:190} INFO - [2025-04-09T22:44:30.306+0000] {dag.py:4180} INFO - Setting next_dagrun for example_xcom_args to None, run_after=None
[2025-04-09T22:44:30.308+0000] {logging_mixin.py:190} INFO - [2025-04-09T22:44:30.308+0000] {dag.py:4180} INFO - Setting next_dagrun for example_xcom_args_with_operators to None, run_after=None
[2025-04-09T22:44:30.315+0000] {processor.py:208} INFO - Processing /home/airflow/.local/lib/python3.12/site-packages/airflow/example_dags/example_xcomargs.py took 0.038 seconds
[2025-04-09T22:45:01.396+0000] {processor.py:186} INFO - Started process (PID=236) to work on /home/airflow/.local/lib/python3.12/site-packages/airflow/example_dags/example_xcomargs.py
[2025-04-09T22:45:01.397+0000] {processor.py:914} INFO - Processing file /home/airflow/.local/lib/python3.12/site-packages/airflow/example_dags/example_xcomargs.py for tasks to queue
[2025-04-09T22:45:01.398+0000] {logging_mixin.py:190} INFO - [2025-04-09T22:45:01.398+0000] {dagbag.py:588} INFO - Filling up the DagBag from /home/airflow/.local/lib/python3.12/site-packages/airflow/example_dags/example_xcomargs.py
[2025-04-09T22:45:01.403+0000] {processor.py:925} INFO - DAG(s) 'example_xcom_args_with_operators', 'example_xcom_args' retrieved from /home/airflow/.local/lib/python3.12/site-packages/airflow/example_dags/example_xcomargs.py
[2025-04-09T22:45:01.411+0000] {logging_mixin.py:190} INFO - [2025-04-09T22:45:01.411+0000] {dag.py:3239} INFO - Sync 2 DAGs
[2025-04-09T22:45:01.417+0000] {logging_mixin.py:190} INFO - [2025-04-09T22:45:01.417+0000] {dag.py:4180} INFO - Setting next_dagrun for example_xcom_args to None, run_after=None
[2025-04-09T22:45:01.419+0000] {logging_mixin.py:190} INFO - [2025-04-09T22:45:01.419+0000] {dag.py:4180} INFO - Setting next_dagrun for example_xcom_args_with_operators to None, run_after=None
[2025-04-09T22:45:01.424+0000] {processor.py:208} INFO - Processing /home/airflow/.local/lib/python3.12/site-packages/airflow/example_dags/example_xcomargs.py took 0.030 seconds
[2025-04-09T22:45:31.536+0000] {processor.py:186} INFO - Started process (PID=300) to work on /home/airflow/.local/lib/python3.12/site-packages/airflow/example_dags/example_xcomargs.py
[2025-04-09T22:45:31.537+0000] {processor.py:914} INFO - Processing file /home/airflow/.local/lib/python3.12/site-packages/airflow/example_dags/example_xcomargs.py for tasks to queue
[2025-04-09T22:45:31.538+0000] {logging_mixin.py:190} INFO - [2025-04-09T22:45:31.538+0000] {dagbag.py:588} INFO - Filling up the DagBag from /home/airflow/.local/lib/python3.12/site-packages/airflow/example_dags/example_xcomargs.py
[2025-04-09T22:45:31.543+0000] {processor.py:925} INFO - DAG(s) 'example_xcom_args_with_operators', 'example_xcom_args' retrieved from /home/airflow/.local/lib/python3.12/site-packages/airflow/example_dags/example_xcomargs.py
[2025-04-09T22:45:31.559+0000] {logging_mixin.py:190} INFO - [2025-04-09T22:45:31.558+0000] {dag.py:3239} INFO - Sync 2 DAGs
[2025-04-09T22:45:31.566+0000] {logging_mixin.py:190} INFO - [2025-04-09T22:45:31.566+0000] {dag.py:4180} INFO - Setting next_dagrun for example_xcom_args to None, run_after=None
[2025-04-09T22:45:31.568+0000] {logging_mixin.py:190} INFO - [2025-04-09T22:45:31.568+0000] {dag.py:4180} INFO - Setting next_dagrun for example_xcom_args_with_operators to None, run_after=None
[2025-04-09T22:45:31.575+0000] {processor.py:208} INFO - Processing /home/airflow/.local/lib/python3.12/site-packages/airflow/example_dags/example_xcomargs.py took 0.042 seconds
[2025-04-09T22:46:01.824+0000] {processor.py:186} INFO - Started process (PID=364) to work on /home/airflow/.local/lib/python3.12/site-packages/airflow/example_dags/example_xcomargs.py
[2025-04-09T22:46:01.825+0000] {processor.py:914} INFO - Processing file /home/airflow/.local/lib/python3.12/site-packages/airflow/example_dags/example_xcomargs.py for tasks to queue
[2025-04-09T22:46:01.826+0000] {logging_mixin.py:190} INFO - [2025-04-09T22:46:01.826+0000] {dagbag.py:588} INFO - Filling up the DagBag from /home/airflow/.local/lib/python3.12/site-packages/airflow/example_dags/example_xcomargs.py
[2025-04-09T22:46:01.832+0000] {processor.py:925} INFO - DAG(s) 'example_xcom_args_with_operators', 'example_xcom_args' retrieved from /home/airflow/.local/lib/python3.12/site-packages/airflow/example_dags/example_xcomargs.py
[2025-04-09T22:46:01.842+0000] {logging_mixin.py:190} INFO - [2025-04-09T22:46:01.842+0000] {dag.py:3239} INFO - Sync 2 DAGs
[2025-04-09T22:46:01.848+0000] {logging_mixin.py:190} INFO - [2025-04-09T22:46:01.848+0000] {dag.py:4180} INFO - Setting next_dagrun for example_xcom_args to None, run_after=None
[2025-04-09T22:46:01.849+0000] {logging_mixin.py:190} INFO - [2025-04-09T22:46:01.849+0000] {dag.py:4180} INFO - Setting next_dagrun for example_xcom_args_with_operators to None, run_after=None
[2025-04-09T22:46:01.859+0000] {processor.py:208} INFO - Processing /home/airflow/.local/lib/python3.12/site-packages/airflow/example_dags/example_xcomargs.py took 0.037 seconds
[2025-04-09T22:46:32.249+0000] {processor.py:186} INFO - Started process (PID=427) to work on /home/airflow/.local/lib/python3.12/site-packages/airflow/example_dags/example_xcomargs.py
[2025-04-09T22:46:32.251+0000] {processor.py:914} INFO - Processing file /home/airflow/.local/lib/python3.12/site-packages/airflow/example_dags/example_xcomargs.py for tasks to queue
[2025-04-09T22:46:32.253+0000] {logging_mixin.py:190} INFO - [2025-04-09T22:46:32.253+0000] {dagbag.py:588} INFO - Filling up the DagBag from /home/airflow/.local/lib/python3.12/site-packages/airflow/example_dags/example_xcomargs.py
[2025-04-09T22:46:32.258+0000] {processor.py:925} INFO - DAG(s) 'example_xcom_args_with_operators', 'example_xcom_args' retrieved from /home/airflow/.local/lib/python3.12/site-packages/airflow/example_dags/example_xcomargs.py
[2025-04-09T22:46:32.270+0000] {logging_mixin.py:190} INFO - [2025-04-09T22:46:32.270+0000] {dag.py:3239} INFO - Sync 2 DAGs
[2025-04-09T22:46:32.277+0000] {logging_mixin.py:190} INFO - [2025-04-09T22:46:32.276+0000] {dag.py:4180} INFO - Setting next_dagrun for example_xcom_args to None, run_after=None
[2025-04-09T22:46:32.278+0000] {logging_mixin.py:190} INFO - [2025-04-09T22:46:32.278+0000] {dag.py:4180} INFO - Setting next_dagrun for example_xcom_args_with_operators to None, run_after=None
[2025-04-09T22:46:32.284+0000] {processor.py:208} INFO - Processing /home/airflow/.local/lib/python3.12/site-packages/airflow/example_dags/example_xcomargs.py took 0.038 seconds
[2025-04-09T22:47:02.551+0000] {processor.py:186} INFO - Started process (PID=491) to work on /home/airflow/.local/lib/python3.12/site-packages/airflow/example_dags/example_xcomargs.py
[2025-04-09T22:47:02.554+0000] {processor.py:914} INFO - Processing file /home/airflow/.local/lib/python3.12/site-packages/airflow/example_dags/example_xcomargs.py for tasks to queue
[2025-04-09T22:47:02.556+0000] {logging_mixin.py:190} INFO - [2025-04-09T22:47:02.556+0000] {dagbag.py:588} INFO - Filling up the DagBag from /home/airflow/.local/lib/python3.12/site-packages/airflow/example_dags/example_xcomargs.py
[2025-04-09T22:47:02.562+0000] {processor.py:925} INFO - DAG(s) 'example_xcom_args_with_operators', 'example_xcom_args' retrieved from /home/airflow/.local/lib/python3.12/site-packages/airflow/example_dags/example_xcomargs.py
[2025-04-09T22:47:02.574+0000] {logging_mixin.py:190} INFO - [2025-04-09T22:47:02.574+0000] {dag.py:3239} INFO - Sync 2 DAGs
[2025-04-09T22:47:02.579+0000] {logging_mixin.py:190} INFO - [2025-04-09T22:47:02.579+0000] {dag.py:4180} INFO - Setting next_dagrun for example_xcom_args to None, run_after=None
[2025-04-09T22:47:02.581+0000] {logging_mixin.py:190} INFO - [2025-04-09T22:47:02.581+0000] {dag.py:4180} INFO - Setting next_dagrun for example_xcom_args_with_operators to None, run_after=None
[2025-04-09T22:47:02.589+0000] {processor.py:208} INFO - Processing /home/airflow/.local/lib/python3.12/site-packages/airflow/example_dags/example_xcomargs.py took 0.041 seconds
[2025-04-09T22:47:33.011+0000] {processor.py:186} INFO - Started process (PID=555) to work on /home/airflow/.local/lib/python3.12/site-packages/airflow/example_dags/example_xcomargs.py
[2025-04-09T22:47:33.012+0000] {processor.py:914} INFO - Processing file /home/airflow/.local/lib/python3.12/site-packages/airflow/example_dags/example_xcomargs.py for tasks to queue
[2025-04-09T22:47:33.013+0000] {logging_mixin.py:190} INFO - [2025-04-09T22:47:33.013+0000] {dagbag.py:588} INFO - Filling up the DagBag from /home/airflow/.local/lib/python3.12/site-packages/airflow/example_dags/example_xcomargs.py
[2025-04-09T22:47:33.018+0000] {processor.py:925} INFO - DAG(s) 'example_xcom_args', 'example_xcom_args_with_operators' retrieved from /home/airflow/.local/lib/python3.12/site-packages/airflow/example_dags/example_xcomargs.py
[2025-04-09T22:47:33.031+0000] {logging_mixin.py:190} INFO - [2025-04-09T22:47:33.031+0000] {dag.py:3239} INFO - Sync 2 DAGs
[2025-04-09T22:47:33.037+0000] {logging_mixin.py:190} INFO - [2025-04-09T22:47:33.037+0000] {dag.py:4180} INFO - Setting next_dagrun for example_xcom_args to None, run_after=None
[2025-04-09T22:47:33.040+0000] {logging_mixin.py:190} INFO - [2025-04-09T22:47:33.040+0000] {dag.py:4180} INFO - Setting next_dagrun for example_xcom_args_with_operators to None, run_after=None
[2025-04-09T22:47:33.048+0000] {processor.py:208} INFO - Processing /home/airflow/.local/lib/python3.12/site-packages/airflow/example_dags/example_xcomargs.py took 0.040 seconds
[2025-04-09T22:48:03.516+0000] {processor.py:186} INFO - Started process (PID=619) to work on /home/airflow/.local/lib/python3.12/site-packages/airflow/example_dags/example_xcomargs.py
[2025-04-09T22:48:03.516+0000] {processor.py:914} INFO - Processing file /home/airflow/.local/lib/python3.12/site-packages/airflow/example_dags/example_xcomargs.py for tasks to queue
[2025-04-09T22:48:03.519+0000] {logging_mixin.py:190} INFO - [2025-04-09T22:48:03.518+0000] {dagbag.py:588} INFO - Filling up the DagBag from /home/airflow/.local/lib/python3.12/site-packages/airflow/example_dags/example_xcomargs.py
[2025-04-09T22:48:03.531+0000] {processor.py:925} INFO - DAG(s) 'example_xcom_args', 'example_xcom_args_with_operators' retrieved from /home/airflow/.local/lib/python3.12/site-packages/airflow/example_dags/example_xcomargs.py
[2025-04-09T22:48:03.544+0000] {logging_mixin.py:190} INFO - [2025-04-09T22:48:03.544+0000] {dag.py:3239} INFO - Sync 2 DAGs
[2025-04-09T22:48:03.551+0000] {logging_mixin.py:190} INFO - [2025-04-09T22:48:03.551+0000] {dag.py:4180} INFO - Setting next_dagrun for example_xcom_args to None, run_after=None
[2025-04-09T22:48:03.553+0000] {logging_mixin.py:190} INFO - [2025-04-09T22:48:03.553+0000] {dag.py:4180} INFO - Setting next_dagrun for example_xcom_args_with_operators to None, run_after=None
[2025-04-09T22:48:03.561+0000] {processor.py:208} INFO - Processing /home/airflow/.local/lib/python3.12/site-packages/airflow/example_dags/example_xcomargs.py took 0.049 seconds
[2025-04-09T22:48:33.913+0000] {processor.py:186} INFO - Started process (PID=683) to work on /home/airflow/.local/lib/python3.12/site-packages/airflow/example_dags/example_xcomargs.py
[2025-04-09T22:48:33.914+0000] {processor.py:914} INFO - Processing file /home/airflow/.local/lib/python3.12/site-packages/airflow/example_dags/example_xcomargs.py for tasks to queue
[2025-04-09T22:48:33.915+0000] {logging_mixin.py:190} INFO - [2025-04-09T22:48:33.915+0000] {dagbag.py:588} INFO - Filling up the DagBag from /home/airflow/.local/lib/python3.12/site-packages/airflow/example_dags/example_xcomargs.py
[2025-04-09T22:48:33.920+0000] {processor.py:925} INFO - DAG(s) 'example_xcom_args', 'example_xcom_args_with_operators' retrieved from /home/airflow/.local/lib/python3.12/site-packages/airflow/example_dags/example_xcomargs.py
[2025-04-09T22:48:33.931+0000] {logging_mixin.py:190} INFO - [2025-04-09T22:48:33.931+0000] {dag.py:3239} INFO - Sync 2 DAGs
[2025-04-09T22:48:33.937+0000] {logging_mixin.py:190} INFO - [2025-04-09T22:48:33.937+0000] {dag.py:4180} INFO - Setting next_dagrun for example_xcom_args to None, run_after=None
[2025-04-09T22:48:33.941+0000] {logging_mixin.py:190} INFO - [2025-04-09T22:48:33.940+0000] {dag.py:4180} INFO - Setting next_dagrun for example_xcom_args_with_operators to None, run_after=None
[2025-04-09T22:48:33.948+0000] {processor.py:208} INFO - Processing /home/airflow/.local/lib/python3.12/site-packages/airflow/example_dags/example_xcomargs.py took 0.038 seconds
[2025-04-09T22:49:05.019+0000] {processor.py:186} INFO - Started process (PID=747) to work on /home/airflow/.local/lib/python3.12/site-packages/airflow/example_dags/example_xcomargs.py
[2025-04-09T22:49:05.020+0000] {processor.py:914} INFO - Processing file /home/airflow/.local/lib/python3.12/site-packages/airflow/example_dags/example_xcomargs.py for tasks to queue
[2025-04-09T22:49:05.021+0000] {logging_mixin.py:190} INFO - [2025-04-09T22:49:05.021+0000] {dagbag.py:588} INFO - Filling up the DagBag from /home/airflow/.local/lib/python3.12/site-packages/airflow/example_dags/example_xcomargs.py
[2025-04-09T22:49:05.027+0000] {processor.py:925} INFO - DAG(s) 'example_xcom_args', 'example_xcom_args_with_operators' retrieved from /home/airflow/.local/lib/python3.12/site-packages/airflow/example_dags/example_xcomargs.py
[2025-04-09T22:49:05.038+0000] {logging_mixin.py:190} INFO - [2025-04-09T22:49:05.038+0000] {dag.py:3239} INFO - Sync 2 DAGs
[2025-04-09T22:49:05.044+0000] {logging_mixin.py:190} INFO - [2025-04-09T22:49:05.044+0000] {dag.py:4180} INFO - Setting next_dagrun for example_xcom_args to None, run_after=None
[2025-04-09T22:49:05.047+0000] {logging_mixin.py:190} INFO - [2025-04-09T22:49:05.046+0000] {dag.py:4180} INFO - Setting next_dagrun for example_xcom_args_with_operators to None, run_after=None
[2025-04-09T22:49:05.053+0000] {processor.py:208} INFO - Processing /home/airflow/.local/lib/python3.12/site-packages/airflow/example_dags/example_xcomargs.py took 0.037 seconds
[2025-04-09T22:49:35.240+0000] {processor.py:186} INFO - Started process (PID=811) to work on /home/airflow/.local/lib/python3.12/site-packages/airflow/example_dags/example_xcomargs.py
[2025-04-09T22:49:35.243+0000] {processor.py:914} INFO - Processing file /home/airflow/.local/lib/python3.12/site-packages/airflow/example_dags/example_xcomargs.py for tasks to queue
[2025-04-09T22:49:35.244+0000] {logging_mixin.py:190} INFO - [2025-04-09T22:49:35.244+0000] {dagbag.py:588} INFO - Filling up the DagBag from /home/airflow/.local/lib/python3.12/site-packages/airflow/example_dags/example_xcomargs.py
[2025-04-09T22:49:35.250+0000] {processor.py:925} INFO - DAG(s) 'example_xcom_args', 'example_xcom_args_with_operators' retrieved from /home/airflow/.local/lib/python3.12/site-packages/airflow/example_dags/example_xcomargs.py
[2025-04-09T22:49:35.263+0000] {logging_mixin.py:190} INFO - [2025-04-09T22:49:35.263+0000] {dag.py:3239} INFO - Sync 2 DAGs
[2025-04-09T22:49:35.270+0000] {logging_mixin.py:190} INFO - [2025-04-09T22:49:35.270+0000] {dag.py:4180} INFO - Setting next_dagrun for example_xcom_args to None, run_after=None
[2025-04-09T22:49:35.272+0000] {logging_mixin.py:190} INFO - [2025-04-09T22:49:35.272+0000] {dag.py:4180} INFO - Setting next_dagrun for example_xcom_args_with_operators to None, run_after=None
[2025-04-09T22:49:35.281+0000] {processor.py:208} INFO - Processing /home/airflow/.local/lib/python3.12/site-packages/airflow/example_dags/example_xcomargs.py took 0.044 seconds
[2025-04-09T22:50:05.490+0000] {processor.py:186} INFO - Started process (PID=875) to work on /home/airflow/.local/lib/python3.12/site-packages/airflow/example_dags/example_xcomargs.py
[2025-04-09T22:50:05.490+0000] {processor.py:914} INFO - Processing file /home/airflow/.local/lib/python3.12/site-packages/airflow/example_dags/example_xcomargs.py for tasks to queue
[2025-04-09T22:50:05.491+0000] {logging_mixin.py:190} INFO - [2025-04-09T22:50:05.491+0000] {dagbag.py:588} INFO - Filling up the DagBag from /home/airflow/.local/lib/python3.12/site-packages/airflow/example_dags/example_xcomargs.py
[2025-04-09T22:50:05.497+0000] {processor.py:925} INFO - DAG(s) 'example_xcom_args_with_operators', 'example_xcom_args' retrieved from /home/airflow/.local/lib/python3.12/site-packages/airflow/example_dags/example_xcomargs.py
[2025-04-09T22:50:05.509+0000] {logging_mixin.py:190} INFO - [2025-04-09T22:50:05.509+0000] {dag.py:3239} INFO - Sync 2 DAGs
[2025-04-09T22:50:05.515+0000] {logging_mixin.py:190} INFO - [2025-04-09T22:50:05.515+0000] {dag.py:4180} INFO - Setting next_dagrun for example_xcom_args to None, run_after=None
[2025-04-09T22:50:05.517+0000] {logging_mixin.py:190} INFO - [2025-04-09T22:50:05.517+0000] {dag.py:4180} INFO - Setting next_dagrun for example_xcom_args_with_operators to None, run_after=None
[2025-04-09T22:50:05.526+0000] {processor.py:208} INFO - Processing /home/airflow/.local/lib/python3.12/site-packages/airflow/example_dags/example_xcomargs.py took 0.040 seconds
[2025-04-09T22:50:35.609+0000] {processor.py:186} INFO - Started process (PID=939) to work on /home/airflow/.local/lib/python3.12/site-packages/airflow/example_dags/example_xcomargs.py
[2025-04-09T22:50:35.610+0000] {processor.py:914} INFO - Processing file /home/airflow/.local/lib/python3.12/site-packages/airflow/example_dags/example_xcomargs.py for tasks to queue
[2025-04-09T22:50:35.611+0000] {logging_mixin.py:190} INFO - [2025-04-09T22:50:35.611+0000] {dagbag.py:588} INFO - Filling up the DagBag from /home/airflow/.local/lib/python3.12/site-packages/airflow/example_dags/example_xcomargs.py
[2025-04-09T22:50:35.616+0000] {processor.py:925} INFO - DAG(s) 'example_xcom_args_with_operators', 'example_xcom_args' retrieved from /home/airflow/.local/lib/python3.12/site-packages/airflow/example_dags/example_xcomargs.py
[2025-04-09T22:50:35.627+0000] {logging_mixin.py:190} INFO - [2025-04-09T22:50:35.627+0000] {dag.py:3239} INFO - Sync 2 DAGs
[2025-04-09T22:50:35.633+0000] {logging_mixin.py:190} INFO - [2025-04-09T22:50:35.633+0000] {dag.py:4180} INFO - Setting next_dagrun for example_xcom_args to None, run_after=None
[2025-04-09T22:50:35.635+0000] {logging_mixin.py:190} INFO - [2025-04-09T22:50:35.635+0000] {dag.py:4180} INFO - Setting next_dagrun for example_xcom_args_with_operators to None, run_after=None
[2025-04-09T22:50:35.642+0000] {processor.py:208} INFO - Processing /home/airflow/.local/lib/python3.12/site-packages/airflow/example_dags/example_xcomargs.py took 0.036 seconds
[2025-04-09T22:51:05.740+0000] {processor.py:186} INFO - Started process (PID=1003) to work on /home/airflow/.local/lib/python3.12/site-packages/airflow/example_dags/example_xcomargs.py
[2025-04-09T22:51:05.741+0000] {processor.py:914} INFO - Processing file /home/airflow/.local/lib/python3.12/site-packages/airflow/example_dags/example_xcomargs.py for tasks to queue
[2025-04-09T22:51:05.742+0000] {logging_mixin.py:190} INFO - [2025-04-09T22:51:05.742+0000] {dagbag.py:588} INFO - Filling up the DagBag from /home/airflow/.local/lib/python3.12/site-packages/airflow/example_dags/example_xcomargs.py
[2025-04-09T22:51:05.747+0000] {processor.py:925} INFO - DAG(s) 'example_xcom_args', 'example_xcom_args_with_operators' retrieved from /home/airflow/.local/lib/python3.12/site-packages/airflow/example_dags/example_xcomargs.py
[2025-04-09T22:51:05.760+0000] {logging_mixin.py:190} INFO - [2025-04-09T22:51:05.760+0000] {dag.py:3239} INFO - Sync 2 DAGs
[2025-04-09T22:51:05.768+0000] {logging_mixin.py:190} INFO - [2025-04-09T22:51:05.767+0000] {dag.py:4180} INFO - Setting next_dagrun for example_xcom_args to None, run_after=None
[2025-04-09T22:51:05.770+0000] {logging_mixin.py:190} INFO - [2025-04-09T22:51:05.769+0000] {dag.py:4180} INFO - Setting next_dagrun for example_xcom_args_with_operators to None, run_after=None
[2025-04-09T22:51:05.778+0000] {processor.py:208} INFO - Processing /home/airflow/.local/lib/python3.12/site-packages/airflow/example_dags/example_xcomargs.py took 0.041 seconds
[2025-04-09T22:51:35.887+0000] {processor.py:186} INFO - Started process (PID=1067) to work on /home/airflow/.local/lib/python3.12/site-packages/airflow/example_dags/example_xcomargs.py
[2025-04-09T22:51:35.888+0000] {processor.py:914} INFO - Processing file /home/airflow/.local/lib/python3.12/site-packages/airflow/example_dags/example_xcomargs.py for tasks to queue
[2025-04-09T22:51:35.889+0000] {logging_mixin.py:190} INFO - [2025-04-09T22:51:35.889+0000] {dagbag.py:588} INFO - Filling up the DagBag from /home/airflow/.local/lib/python3.12/site-packages/airflow/example_dags/example_xcomargs.py
[2025-04-09T22:51:35.894+0000] {processor.py:925} INFO - DAG(s) 'example_xcom_args_with_operators', 'example_xcom_args' retrieved from /home/airflow/.local/lib/python3.12/site-packages/airflow/example_dags/example_xcomargs.py
[2025-04-09T22:51:35.905+0000] {logging_mixin.py:190} INFO - [2025-04-09T22:51:35.905+0000] {dag.py:3239} INFO - Sync 2 DAGs
[2025-04-09T22:51:35.911+0000] {logging_mixin.py:190} INFO - [2025-04-09T22:51:35.911+0000] {dag.py:4180} INFO - Setting next_dagrun for example_xcom_args to None, run_after=None
[2025-04-09T22:51:35.915+0000] {logging_mixin.py:190} INFO - [2025-04-09T22:51:35.915+0000] {dag.py:4180} INFO - Setting next_dagrun for example_xcom_args_with_operators to None, run_after=None
[2025-04-09T22:51:35.925+0000] {processor.py:208} INFO - Processing /home/airflow/.local/lib/python3.12/site-packages/airflow/example_dags/example_xcomargs.py took 0.040 seconds
[2025-04-09T22:52:06.064+0000] {processor.py:186} INFO - Started process (PID=1131) to work on /home/airflow/.local/lib/python3.12/site-packages/airflow/example_dags/example_xcomargs.py
[2025-04-09T22:52:06.065+0000] {processor.py:914} INFO - Processing file /home/airflow/.local/lib/python3.12/site-packages/airflow/example_dags/example_xcomargs.py for tasks to queue
[2025-04-09T22:52:06.066+0000] {logging_mixin.py:190} INFO - [2025-04-09T22:52:06.066+0000] {dagbag.py:588} INFO - Filling up the DagBag from /home/airflow/.local/lib/python3.12/site-packages/airflow/example_dags/example_xcomargs.py
[2025-04-09T22:52:06.071+0000] {processor.py:925} INFO - DAG(s) 'example_xcom_args_with_operators', 'example_xcom_args' retrieved from /home/airflow/.local/lib/python3.12/site-packages/airflow/example_dags/example_xcomargs.py
[2025-04-09T22:52:06.080+0000] {logging_mixin.py:190} INFO - [2025-04-09T22:52:06.079+0000] {dag.py:3239} INFO - Sync 2 DAGs
[2025-04-09T22:52:06.085+0000] {logging_mixin.py:190} INFO - [2025-04-09T22:52:06.085+0000] {dag.py:4180} INFO - Setting next_dagrun for example_xcom_args to None, run_after=None
[2025-04-09T22:52:06.087+0000] {logging_mixin.py:190} INFO - [2025-04-09T22:52:06.087+0000] {dag.py:4180} INFO - Setting next_dagrun for example_xcom_args_with_operators to None, run_after=None
[2025-04-09T22:52:06.092+0000] {processor.py:208} INFO - Processing /home/airflow/.local/lib/python3.12/site-packages/airflow/example_dags/example_xcomargs.py took 0.031 seconds
[2025-04-09T22:52:36.413+0000] {processor.py:186} INFO - Started process (PID=1195) to work on /home/airflow/.local/lib/python3.12/site-packages/airflow/example_dags/example_xcomargs.py
[2025-04-09T22:52:36.414+0000] {processor.py:914} INFO - Processing file /home/airflow/.local/lib/python3.12/site-packages/airflow/example_dags/example_xcomargs.py for tasks to queue
[2025-04-09T22:52:36.415+0000] {logging_mixin.py:190} INFO - [2025-04-09T22:52:36.415+0000] {dagbag.py:588} INFO - Filling up the DagBag from /home/airflow/.local/lib/python3.12/site-packages/airflow/example_dags/example_xcomargs.py
[2025-04-09T22:52:36.421+0000] {processor.py:925} INFO - DAG(s) 'example_xcom_args', 'example_xcom_args_with_operators' retrieved from /home/airflow/.local/lib/python3.12/site-packages/airflow/example_dags/example_xcomargs.py
[2025-04-09T22:52:36.433+0000] {logging_mixin.py:190} INFO - [2025-04-09T22:52:36.433+0000] {dag.py:3239} INFO - Sync 2 DAGs
[2025-04-09T22:52:36.439+0000] {logging_mixin.py:190} INFO - [2025-04-09T22:52:36.439+0000] {dag.py:4180} INFO - Setting next_dagrun for example_xcom_args to None, run_after=None
[2025-04-09T22:52:36.441+0000] {logging_mixin.py:190} INFO - [2025-04-09T22:52:36.441+0000] {dag.py:4180} INFO - Setting next_dagrun for example_xcom_args_with_operators to None, run_after=None
[2025-04-09T22:52:36.448+0000] {processor.py:208} INFO - Processing /home/airflow/.local/lib/python3.12/site-packages/airflow/example_dags/example_xcomargs.py took 0.038 seconds
[2025-04-09T22:53:07.424+0000] {processor.py:186} INFO - Started process (PID=1259) to work on /home/airflow/.local/lib/python3.12/site-packages/airflow/example_dags/example_xcomargs.py
[2025-04-09T22:53:07.424+0000] {processor.py:914} INFO - Processing file /home/airflow/.local/lib/python3.12/site-packages/airflow/example_dags/example_xcomargs.py for tasks to queue
[2025-04-09T22:53:07.425+0000] {logging_mixin.py:190} INFO - [2025-04-09T22:53:07.425+0000] {dagbag.py:588} INFO - Filling up the DagBag from /home/airflow/.local/lib/python3.12/site-packages/airflow/example_dags/example_xcomargs.py
[2025-04-09T22:53:07.430+0000] {processor.py:925} INFO - DAG(s) 'example_xcom_args_with_operators', 'example_xcom_args' retrieved from /home/airflow/.local/lib/python3.12/site-packages/airflow/example_dags/example_xcomargs.py
[2025-04-09T22:53:07.439+0000] {logging_mixin.py:190} INFO - [2025-04-09T22:53:07.439+0000] {dag.py:3239} INFO - Sync 2 DAGs
[2025-04-09T22:53:07.446+0000] {logging_mixin.py:190} INFO - [2025-04-09T22:53:07.445+0000] {dag.py:4180} INFO - Setting next_dagrun for example_xcom_args to None, run_after=None
[2025-04-09T22:53:07.447+0000] {logging_mixin.py:190} INFO - [2025-04-09T22:53:07.447+0000] {dag.py:4180} INFO - Setting next_dagrun for example_xcom_args_with_operators to None, run_after=None
[2025-04-09T22:53:07.453+0000] {processor.py:208} INFO - Processing /home/airflow/.local/lib/python3.12/site-packages/airflow/example_dags/example_xcomargs.py took 0.032 seconds
[2025-04-09T22:53:38.404+0000] {processor.py:186} INFO - Started process (PID=1323) to work on /home/airflow/.local/lib/python3.12/site-packages/airflow/example_dags/example_xcomargs.py
[2025-04-09T22:53:38.405+0000] {processor.py:914} INFO - Processing file /home/airflow/.local/lib/python3.12/site-packages/airflow/example_dags/example_xcomargs.py for tasks to queue
[2025-04-09T22:53:38.406+0000] {logging_mixin.py:190} INFO - [2025-04-09T22:53:38.406+0000] {dagbag.py:588} INFO - Filling up the DagBag from /home/airflow/.local/lib/python3.12/site-packages/airflow/example_dags/example_xcomargs.py
[2025-04-09T22:53:38.412+0000] {processor.py:925} INFO - DAG(s) 'example_xcom_args_with_operators', 'example_xcom_args' retrieved from /home/airflow/.local/lib/python3.12/site-packages/airflow/example_dags/example_xcomargs.py
[2025-04-09T22:53:38.421+0000] {logging_mixin.py:190} INFO - [2025-04-09T22:53:38.421+0000] {dag.py:3239} INFO - Sync 2 DAGs
[2025-04-09T22:53:38.427+0000] {logging_mixin.py:190} INFO - [2025-04-09T22:53:38.427+0000] {dag.py:4180} INFO - Setting next_dagrun for example_xcom_args to None, run_after=None
[2025-04-09T22:53:38.429+0000] {logging_mixin.py:190} INFO - [2025-04-09T22:53:38.429+0000] {dag.py:4180} INFO - Setting next_dagrun for example_xcom_args_with_operators to None, run_after=None
[2025-04-09T22:53:38.436+0000] {processor.py:208} INFO - Processing /home/airflow/.local/lib/python3.12/site-packages/airflow/example_dags/example_xcomargs.py took 0.034 seconds
[2025-04-09T22:54:08.925+0000] {processor.py:186} INFO - Started process (PID=1387) to work on /home/airflow/.local/lib/python3.12/site-packages/airflow/example_dags/example_xcomargs.py
[2025-04-09T22:54:08.928+0000] {processor.py:914} INFO - Processing file /home/airflow/.local/lib/python3.12/site-packages/airflow/example_dags/example_xcomargs.py for tasks to queue
[2025-04-09T22:54:08.929+0000] {logging_mixin.py:190} INFO - [2025-04-09T22:54:08.929+0000] {dagbag.py:588} INFO - Filling up the DagBag from /home/airflow/.local/lib/python3.12/site-packages/airflow/example_dags/example_xcomargs.py
[2025-04-09T22:54:08.936+0000] {processor.py:925} INFO - DAG(s) 'example_xcom_args', 'example_xcom_args_with_operators' retrieved from /home/airflow/.local/lib/python3.12/site-packages/airflow/example_dags/example_xcomargs.py
[2025-04-09T22:54:08.968+0000] {logging_mixin.py:190} INFO - [2025-04-09T22:54:08.968+0000] {dag.py:3239} INFO - Sync 2 DAGs
[2025-04-09T22:54:08.995+0000] {logging_mixin.py:190} INFO - [2025-04-09T22:54:08.994+0000] {dag.py:4180} INFO - Setting next_dagrun for example_xcom_args to None, run_after=None
[2025-04-09T22:54:08.999+0000] {logging_mixin.py:190} INFO - [2025-04-09T22:54:08.999+0000] {dag.py:4180} INFO - Setting next_dagrun for example_xcom_args_with_operators to None, run_after=None
[2025-04-09T22:54:09.012+0000] {processor.py:208} INFO - Processing /home/airflow/.local/lib/python3.12/site-packages/airflow/example_dags/example_xcomargs.py took 0.092 seconds
[2025-04-09T22:54:39.258+0000] {processor.py:186} INFO - Started process (PID=1451) to work on /home/airflow/.local/lib/python3.12/site-packages/airflow/example_dags/example_xcomargs.py
[2025-04-09T22:54:39.258+0000] {processor.py:914} INFO - Processing file /home/airflow/.local/lib/python3.12/site-packages/airflow/example_dags/example_xcomargs.py for tasks to queue
[2025-04-09T22:54:39.260+0000] {logging_mixin.py:190} INFO - [2025-04-09T22:54:39.259+0000] {dagbag.py:588} INFO - Filling up the DagBag from /home/airflow/.local/lib/python3.12/site-packages/airflow/example_dags/example_xcomargs.py
[2025-04-09T22:54:39.265+0000] {processor.py:925} INFO - DAG(s) 'example_xcom_args', 'example_xcom_args_with_operators' retrieved from /home/airflow/.local/lib/python3.12/site-packages/airflow/example_dags/example_xcomargs.py
[2025-04-09T22:54:39.274+0000] {logging_mixin.py:190} INFO - [2025-04-09T22:54:39.274+0000] {dag.py:3239} INFO - Sync 2 DAGs
[2025-04-09T22:54:39.280+0000] {logging_mixin.py:190} INFO - [2025-04-09T22:54:39.280+0000] {dag.py:4180} INFO - Setting next_dagrun for example_xcom_args to None, run_after=None
[2025-04-09T22:54:39.283+0000] {logging_mixin.py:190} INFO - [2025-04-09T22:54:39.283+0000] {dag.py:4180} INFO - Setting next_dagrun for example_xcom_args_with_operators to None, run_after=None
[2025-04-09T22:54:39.293+0000] {processor.py:208} INFO - Processing /home/airflow/.local/lib/python3.12/site-packages/airflow/example_dags/example_xcomargs.py took 0.038 seconds
[2025-04-09T23:03:46.550+0000] {processor.py:186} INFO - Started process (PID=2603) to work on /home/airflow/.local/lib/python3.12/site-packages/airflow/example_dags/example_xcomargs.py
[2025-04-09T23:03:46.551+0000] {processor.py:914} INFO - Processing file /home/airflow/.local/lib/python3.12/site-packages/airflow/example_dags/example_xcomargs.py for tasks to queue
[2025-04-09T23:03:46.552+0000] {logging_mixin.py:190} INFO - [2025-04-09T23:03:46.552+0000] {dagbag.py:588} INFO - Filling up the DagBag from /home/airflow/.local/lib/python3.12/site-packages/airflow/example_dags/example_xcomargs.py
[2025-04-09T23:03:46.559+0000] {processor.py:925} INFO - DAG(s) 'example_xcom_args', 'example_xcom_args_with_operators' retrieved from /home/airflow/.local/lib/python3.12/site-packages/airflow/example_dags/example_xcomargs.py
[2025-04-09T23:03:46.570+0000] {logging_mixin.py:190} INFO - [2025-04-09T23:03:46.570+0000] {dag.py:3239} INFO - Sync 2 DAGs
[2025-04-09T23:03:46.576+0000] {logging_mixin.py:190} INFO - [2025-04-09T23:03:46.576+0000] {dag.py:4180} INFO - Setting next_dagrun for example_xcom_args to None, run_after=None
[2025-04-09T23:03:46.579+0000] {logging_mixin.py:190} INFO - [2025-04-09T23:03:46.578+0000] {dag.py:4180} INFO - Setting next_dagrun for example_xcom_args_with_operators to None, run_after=None
[2025-04-09T23:03:46.587+0000] {processor.py:208} INFO - Processing /home/airflow/.local/lib/python3.12/site-packages/airflow/example_dags/example_xcomargs.py took 0.039 seconds
[2025-04-09T23:04:16.915+0000] {processor.py:186} INFO - Started process (PID=2667) to work on /home/airflow/.local/lib/python3.12/site-packages/airflow/example_dags/example_xcomargs.py
[2025-04-09T23:04:16.916+0000] {processor.py:914} INFO - Processing file /home/airflow/.local/lib/python3.12/site-packages/airflow/example_dags/example_xcomargs.py for tasks to queue
[2025-04-09T23:04:16.917+0000] {logging_mixin.py:190} INFO - [2025-04-09T23:04:16.917+0000] {dagbag.py:588} INFO - Filling up the DagBag from /home/airflow/.local/lib/python3.12/site-packages/airflow/example_dags/example_xcomargs.py
[2025-04-09T23:04:16.922+0000] {processor.py:925} INFO - DAG(s) 'example_xcom_args_with_operators', 'example_xcom_args' retrieved from /home/airflow/.local/lib/python3.12/site-packages/airflow/example_dags/example_xcomargs.py
[2025-04-09T23:04:16.934+0000] {logging_mixin.py:190} INFO - [2025-04-09T23:04:16.934+0000] {dag.py:3239} INFO - Sync 2 DAGs
[2025-04-09T23:04:16.942+0000] {logging_mixin.py:190} INFO - [2025-04-09T23:04:16.942+0000] {dag.py:4180} INFO - Setting next_dagrun for example_xcom_args to None, run_after=None
[2025-04-09T23:04:16.943+0000] {logging_mixin.py:190} INFO - [2025-04-09T23:04:16.943+0000] {dag.py:4180} INFO - Setting next_dagrun for example_xcom_args_with_operators to None, run_after=None
[2025-04-09T23:04:16.953+0000] {processor.py:208} INFO - Processing /home/airflow/.local/lib/python3.12/site-packages/airflow/example_dags/example_xcomargs.py took 0.041 seconds
[2025-04-09T23:04:47.225+0000] {processor.py:186} INFO - Started process (PID=2731) to work on /home/airflow/.local/lib/python3.12/site-packages/airflow/example_dags/example_xcomargs.py
[2025-04-09T23:04:47.226+0000] {processor.py:914} INFO - Processing file /home/airflow/.local/lib/python3.12/site-packages/airflow/example_dags/example_xcomargs.py for tasks to queue
[2025-04-09T23:04:47.227+0000] {logging_mixin.py:190} INFO - [2025-04-09T23:04:47.227+0000] {dagbag.py:588} INFO - Filling up the DagBag from /home/airflow/.local/lib/python3.12/site-packages/airflow/example_dags/example_xcomargs.py
[2025-04-09T23:04:47.232+0000] {processor.py:925} INFO - DAG(s) 'example_xcom_args', 'example_xcom_args_with_operators' retrieved from /home/airflow/.local/lib/python3.12/site-packages/airflow/example_dags/example_xcomargs.py
[2025-04-09T23:04:47.242+0000] {logging_mixin.py:190} INFO - [2025-04-09T23:04:47.242+0000] {dag.py:3239} INFO - Sync 2 DAGs
[2025-04-09T23:04:47.248+0000] {logging_mixin.py:190} INFO - [2025-04-09T23:04:47.248+0000] {dag.py:4180} INFO - Setting next_dagrun for example_xcom_args to None, run_after=None
[2025-04-09T23:04:47.250+0000] {logging_mixin.py:190} INFO - [2025-04-09T23:04:47.250+0000] {dag.py:4180} INFO - Setting next_dagrun for example_xcom_args_with_operators to None, run_after=None
[2025-04-09T23:04:47.256+0000] {processor.py:208} INFO - Processing /home/airflow/.local/lib/python3.12/site-packages/airflow/example_dags/example_xcomargs.py took 0.036 seconds
[2025-04-09T23:05:17.405+0000] {processor.py:186} INFO - Started process (PID=2795) to work on /home/airflow/.local/lib/python3.12/site-packages/airflow/example_dags/example_xcomargs.py
[2025-04-09T23:05:17.405+0000] {processor.py:914} INFO - Processing file /home/airflow/.local/lib/python3.12/site-packages/airflow/example_dags/example_xcomargs.py for tasks to queue
[2025-04-09T23:05:17.406+0000] {logging_mixin.py:190} INFO - [2025-04-09T23:05:17.406+0000] {dagbag.py:588} INFO - Filling up the DagBag from /home/airflow/.local/lib/python3.12/site-packages/airflow/example_dags/example_xcomargs.py
[2025-04-09T23:05:17.411+0000] {processor.py:925} INFO - DAG(s) 'example_xcom_args', 'example_xcom_args_with_operators' retrieved from /home/airflow/.local/lib/python3.12/site-packages/airflow/example_dags/example_xcomargs.py
[2025-04-09T23:05:17.422+0000] {logging_mixin.py:190} INFO - [2025-04-09T23:05:17.422+0000] {dag.py:3239} INFO - Sync 2 DAGs
[2025-04-09T23:05:17.428+0000] {logging_mixin.py:190} INFO - [2025-04-09T23:05:17.428+0000] {dag.py:4180} INFO - Setting next_dagrun for example_xcom_args to None, run_after=None
[2025-04-09T23:05:17.431+0000] {logging_mixin.py:190} INFO - [2025-04-09T23:05:17.431+0000] {dag.py:4180} INFO - Setting next_dagrun for example_xcom_args_with_operators to None, run_after=None
[2025-04-09T23:05:17.440+0000] {processor.py:208} INFO - Processing /home/airflow/.local/lib/python3.12/site-packages/airflow/example_dags/example_xcomargs.py took 0.039 seconds
[2025-04-09T23:05:47.576+0000] {processor.py:186} INFO - Started process (PID=2859) to work on /home/airflow/.local/lib/python3.12/site-packages/airflow/example_dags/example_xcomargs.py
[2025-04-09T23:05:47.576+0000] {processor.py:914} INFO - Processing file /home/airflow/.local/lib/python3.12/site-packages/airflow/example_dags/example_xcomargs.py for tasks to queue
[2025-04-09T23:05:47.577+0000] {logging_mixin.py:190} INFO - [2025-04-09T23:05:47.577+0000] {dagbag.py:588} INFO - Filling up the DagBag from /home/airflow/.local/lib/python3.12/site-packages/airflow/example_dags/example_xcomargs.py
[2025-04-09T23:05:47.582+0000] {processor.py:925} INFO - DAG(s) 'example_xcom_args', 'example_xcom_args_with_operators' retrieved from /home/airflow/.local/lib/python3.12/site-packages/airflow/example_dags/example_xcomargs.py
[2025-04-09T23:05:47.592+0000] {logging_mixin.py:190} INFO - [2025-04-09T23:05:47.592+0000] {dag.py:3239} INFO - Sync 2 DAGs
[2025-04-09T23:05:47.598+0000] {logging_mixin.py:190} INFO - [2025-04-09T23:05:47.598+0000] {dag.py:4180} INFO - Setting next_dagrun for example_xcom_args to None, run_after=None
[2025-04-09T23:05:47.599+0000] {logging_mixin.py:190} INFO - [2025-04-09T23:05:47.599+0000] {dag.py:4180} INFO - Setting next_dagrun for example_xcom_args_with_operators to None, run_after=None
[2025-04-09T23:05:47.605+0000] {processor.py:208} INFO - Processing /home/airflow/.local/lib/python3.12/site-packages/airflow/example_dags/example_xcomargs.py took 0.032 seconds
[2025-04-09T23:06:17.752+0000] {processor.py:186} INFO - Started process (PID=2923) to work on /home/airflow/.local/lib/python3.12/site-packages/airflow/example_dags/example_xcomargs.py
[2025-04-09T23:06:17.753+0000] {processor.py:914} INFO - Processing file /home/airflow/.local/lib/python3.12/site-packages/airflow/example_dags/example_xcomargs.py for tasks to queue
[2025-04-09T23:06:17.754+0000] {logging_mixin.py:190} INFO - [2025-04-09T23:06:17.754+0000] {dagbag.py:588} INFO - Filling up the DagBag from /home/airflow/.local/lib/python3.12/site-packages/airflow/example_dags/example_xcomargs.py
[2025-04-09T23:06:17.759+0000] {processor.py:925} INFO - DAG(s) 'example_xcom_args', 'example_xcom_args_with_operators' retrieved from /home/airflow/.local/lib/python3.12/site-packages/airflow/example_dags/example_xcomargs.py
[2025-04-09T23:06:17.768+0000] {logging_mixin.py:190} INFO - [2025-04-09T23:06:17.768+0000] {dag.py:3239} INFO - Sync 2 DAGs
[2025-04-09T23:06:17.774+0000] {logging_mixin.py:190} INFO - [2025-04-09T23:06:17.774+0000] {dag.py:4180} INFO - Setting next_dagrun for example_xcom_args to None, run_after=None
[2025-04-09T23:06:17.775+0000] {logging_mixin.py:190} INFO - [2025-04-09T23:06:17.775+0000] {dag.py:4180} INFO - Setting next_dagrun for example_xcom_args_with_operators to None, run_after=None
[2025-04-09T23:06:17.781+0000] {processor.py:208} INFO - Processing /home/airflow/.local/lib/python3.12/site-packages/airflow/example_dags/example_xcomargs.py took 0.031 seconds
[2025-04-09T23:06:47.996+0000] {processor.py:186} INFO - Started process (PID=2987) to work on /home/airflow/.local/lib/python3.12/site-packages/airflow/example_dags/example_xcomargs.py
[2025-04-09T23:06:47.997+0000] {processor.py:914} INFO - Processing file /home/airflow/.local/lib/python3.12/site-packages/airflow/example_dags/example_xcomargs.py for tasks to queue
[2025-04-09T23:06:47.998+0000] {logging_mixin.py:190} INFO - [2025-04-09T23:06:47.998+0000] {dagbag.py:588} INFO - Filling up the DagBag from /home/airflow/.local/lib/python3.12/site-packages/airflow/example_dags/example_xcomargs.py
[2025-04-09T23:06:48.003+0000] {processor.py:925} INFO - DAG(s) 'example_xcom_args_with_operators', 'example_xcom_args' retrieved from /home/airflow/.local/lib/python3.12/site-packages/airflow/example_dags/example_xcomargs.py
[2025-04-09T23:06:48.013+0000] {logging_mixin.py:190} INFO - [2025-04-09T23:06:48.013+0000] {dag.py:3239} INFO - Sync 2 DAGs
[2025-04-09T23:06:48.019+0000] {logging_mixin.py:190} INFO - [2025-04-09T23:06:48.019+0000] {dag.py:4180} INFO - Setting next_dagrun for example_xcom_args to None, run_after=None
[2025-04-09T23:06:48.020+0000] {logging_mixin.py:190} INFO - [2025-04-09T23:06:48.020+0000] {dag.py:4180} INFO - Setting next_dagrun for example_xcom_args_with_operators to None, run_after=None
[2025-04-09T23:06:48.026+0000] {processor.py:208} INFO - Processing /home/airflow/.local/lib/python3.12/site-packages/airflow/example_dags/example_xcomargs.py took 0.032 seconds
