[2025-04-09T22:43:56.836+0000] {processor.py:186} INFO - Started process (PID=60) to work on /home/airflow/.local/lib/python3.12/site-packages/airflow/example_dags/example_dataset_alias.py
[2025-04-09T22:43:56.837+0000] {processor.py:914} INFO - Processing file /home/airflow/.local/lib/python3.12/site-packages/airflow/example_dags/example_dataset_alias.py for tasks to queue
[2025-04-09T22:43:56.841+0000] {logging_mixin.py:190} INFO - [2025-04-09T22:43:56.840+0000] {dagbag.py:588} INFO - Filling up the DagBag from /home/airflow/.local/lib/python3.12/site-packages/airflow/example_dags/example_dataset_alias.py
[2025-04-09T22:43:57.348+0000] {processor.py:925} INFO - DAG(s) 'dataset_alias_example_alias_producer', 'dataset_s3_bucket_consumer', 'dataset_alias_example_alias_consumer', 'dataset_s3_bucket_producer' retrieved from /home/airflow/.local/lib/python3.12/site-packages/airflow/example_dags/example_dataset_alias.py
[2025-04-09T22:43:57.365+0000] {logging_mixin.py:190} INFO - [2025-04-09T22:43:57.364+0000] {dag.py:3239} INFO - Sync 4 DAGs
[2025-04-09T22:43:57.377+0000] {logging_mixin.py:190} INFO - [2025-04-09T22:43:57.376+0000] {dag.py:4180} INFO - Setting next_dagrun for dataset_alias_example_alias_consumer to None, run_after=None
[2025-04-09T22:43:57.379+0000] {logging_mixin.py:190} INFO - [2025-04-09T22:43:57.379+0000] {dag.py:4180} INFO - Setting next_dagrun for dataset_alias_example_alias_producer to None, run_after=None
[2025-04-09T22:43:57.381+0000] {logging_mixin.py:190} INFO - [2025-04-09T22:43:57.381+0000] {dag.py:4180} INFO - Setting next_dagrun for dataset_s3_bucket_consumer to None, run_after=None
[2025-04-09T22:43:57.381+0000] {logging_mixin.py:190} INFO - [2025-04-09T22:43:57.381+0000] {dag.py:4180} INFO - Setting next_dagrun for dataset_s3_bucket_producer to None, run_after=None
[2025-04-09T22:43:57.395+0000] {processor.py:208} INFO - Processing /home/airflow/.local/lib/python3.12/site-packages/airflow/example_dags/example_dataset_alias.py took 0.564 seconds
[2025-04-09T22:44:28.051+0000] {processor.py:186} INFO - Started process (PID=128) to work on /home/airflow/.local/lib/python3.12/site-packages/airflow/example_dags/example_dataset_alias.py
[2025-04-09T22:44:28.052+0000] {processor.py:914} INFO - Processing file /home/airflow/.local/lib/python3.12/site-packages/airflow/example_dags/example_dataset_alias.py for tasks to queue
[2025-04-09T22:44:28.053+0000] {logging_mixin.py:190} INFO - [2025-04-09T22:44:28.053+0000] {dagbag.py:588} INFO - Filling up the DagBag from /home/airflow/.local/lib/python3.12/site-packages/airflow/example_dags/example_dataset_alias.py
[2025-04-09T22:44:28.142+0000] {processor.py:925} INFO - DAG(s) 'dataset_alias_example_alias_producer', 'dataset_s3_bucket_producer', 'dataset_s3_bucket_consumer', 'dataset_alias_example_alias_consumer' retrieved from /home/airflow/.local/lib/python3.12/site-packages/airflow/example_dags/example_dataset_alias.py
[2025-04-09T22:44:28.154+0000] {logging_mixin.py:190} INFO - [2025-04-09T22:44:28.153+0000] {dag.py:3239} INFO - Sync 4 DAGs
[2025-04-09T22:44:28.167+0000] {logging_mixin.py:190} INFO - [2025-04-09T22:44:28.167+0000] {dag.py:4180} INFO - Setting next_dagrun for dataset_alias_example_alias_consumer to None, run_after=None
[2025-04-09T22:44:28.168+0000] {logging_mixin.py:190} INFO - [2025-04-09T22:44:28.168+0000] {dag.py:4180} INFO - Setting next_dagrun for dataset_alias_example_alias_producer to None, run_after=None
[2025-04-09T22:44:28.169+0000] {logging_mixin.py:190} INFO - [2025-04-09T22:44:28.169+0000] {dag.py:4180} INFO - Setting next_dagrun for dataset_s3_bucket_consumer to None, run_after=None
[2025-04-09T22:44:28.170+0000] {logging_mixin.py:190} INFO - [2025-04-09T22:44:28.169+0000] {dag.py:4180} INFO - Setting next_dagrun for dataset_s3_bucket_producer to None, run_after=None
[2025-04-09T22:44:28.181+0000] {processor.py:208} INFO - Processing /home/airflow/.local/lib/python3.12/site-packages/airflow/example_dags/example_dataset_alias.py took 0.134 seconds
[2025-04-09T22:44:58.254+0000] {processor.py:186} INFO - Started process (PID=192) to work on /home/airflow/.local/lib/python3.12/site-packages/airflow/example_dags/example_dataset_alias.py
[2025-04-09T22:44:58.255+0000] {processor.py:914} INFO - Processing file /home/airflow/.local/lib/python3.12/site-packages/airflow/example_dags/example_dataset_alias.py for tasks to queue
[2025-04-09T22:44:58.257+0000] {logging_mixin.py:190} INFO - [2025-04-09T22:44:58.257+0000] {dagbag.py:588} INFO - Filling up the DagBag from /home/airflow/.local/lib/python3.12/site-packages/airflow/example_dags/example_dataset_alias.py
[2025-04-09T22:44:58.341+0000] {processor.py:925} INFO - DAG(s) 'dataset_s3_bucket_producer', 'dataset_alias_example_alias_consumer', 'dataset_alias_example_alias_producer', 'dataset_s3_bucket_consumer' retrieved from /home/airflow/.local/lib/python3.12/site-packages/airflow/example_dags/example_dataset_alias.py
[2025-04-09T22:44:58.350+0000] {logging_mixin.py:190} INFO - [2025-04-09T22:44:58.350+0000] {dag.py:3239} INFO - Sync 4 DAGs
[2025-04-09T22:44:58.360+0000] {logging_mixin.py:190} INFO - [2025-04-09T22:44:58.360+0000] {dag.py:4180} INFO - Setting next_dagrun for dataset_alias_example_alias_consumer to None, run_after=None
[2025-04-09T22:44:58.361+0000] {logging_mixin.py:190} INFO - [2025-04-09T22:44:58.361+0000] {dag.py:4180} INFO - Setting next_dagrun for dataset_alias_example_alias_producer to None, run_after=None
[2025-04-09T22:44:58.361+0000] {logging_mixin.py:190} INFO - [2025-04-09T22:44:58.361+0000] {dag.py:4180} INFO - Setting next_dagrun for dataset_s3_bucket_consumer to None, run_after=None
[2025-04-09T22:44:58.362+0000] {logging_mixin.py:190} INFO - [2025-04-09T22:44:58.362+0000] {dag.py:4180} INFO - Setting next_dagrun for dataset_s3_bucket_producer to None, run_after=None
[2025-04-09T22:44:58.371+0000] {processor.py:208} INFO - Processing /home/airflow/.local/lib/python3.12/site-packages/airflow/example_dags/example_dataset_alias.py took 0.123 seconds
[2025-04-09T22:45:29.330+0000] {processor.py:186} INFO - Started process (PID=263) to work on /home/airflow/.local/lib/python3.12/site-packages/airflow/example_dags/example_dataset_alias.py
[2025-04-09T22:45:29.332+0000] {processor.py:914} INFO - Processing file /home/airflow/.local/lib/python3.12/site-packages/airflow/example_dags/example_dataset_alias.py for tasks to queue
[2025-04-09T22:45:29.334+0000] {logging_mixin.py:190} INFO - [2025-04-09T22:45:29.333+0000] {dagbag.py:588} INFO - Filling up the DagBag from /home/airflow/.local/lib/python3.12/site-packages/airflow/example_dags/example_dataset_alias.py
[2025-04-09T22:45:29.412+0000] {processor.py:925} INFO - DAG(s) 'dataset_s3_bucket_producer', 'dataset_alias_example_alias_producer', 'dataset_alias_example_alias_consumer', 'dataset_s3_bucket_consumer' retrieved from /home/airflow/.local/lib/python3.12/site-packages/airflow/example_dags/example_dataset_alias.py
[2025-04-09T22:45:29.421+0000] {logging_mixin.py:190} INFO - [2025-04-09T22:45:29.421+0000] {dag.py:3239} INFO - Sync 4 DAGs
[2025-04-09T22:45:29.431+0000] {logging_mixin.py:190} INFO - [2025-04-09T22:45:29.431+0000] {dag.py:4180} INFO - Setting next_dagrun for dataset_alias_example_alias_consumer to None, run_after=None
[2025-04-09T22:45:29.432+0000] {logging_mixin.py:190} INFO - [2025-04-09T22:45:29.432+0000] {dag.py:4180} INFO - Setting next_dagrun for dataset_alias_example_alias_producer to None, run_after=None
[2025-04-09T22:45:29.433+0000] {logging_mixin.py:190} INFO - [2025-04-09T22:45:29.433+0000] {dag.py:4180} INFO - Setting next_dagrun for dataset_s3_bucket_consumer to None, run_after=None
[2025-04-09T22:45:29.434+0000] {logging_mixin.py:190} INFO - [2025-04-09T22:45:29.434+0000] {dag.py:4180} INFO - Setting next_dagrun for dataset_s3_bucket_producer to None, run_after=None
[2025-04-09T22:45:29.442+0000] {processor.py:208} INFO - Processing /home/airflow/.local/lib/python3.12/site-packages/airflow/example_dags/example_dataset_alias.py took 0.117 seconds
[2025-04-09T22:45:59.559+0000] {processor.py:186} INFO - Started process (PID=327) to work on /home/airflow/.local/lib/python3.12/site-packages/airflow/example_dags/example_dataset_alias.py
[2025-04-09T22:45:59.561+0000] {processor.py:914} INFO - Processing file /home/airflow/.local/lib/python3.12/site-packages/airflow/example_dags/example_dataset_alias.py for tasks to queue
[2025-04-09T22:45:59.563+0000] {logging_mixin.py:190} INFO - [2025-04-09T22:45:59.562+0000] {dagbag.py:588} INFO - Filling up the DagBag from /home/airflow/.local/lib/python3.12/site-packages/airflow/example_dags/example_dataset_alias.py
[2025-04-09T22:45:59.647+0000] {processor.py:925} INFO - DAG(s) 'dataset_s3_bucket_producer', 'dataset_s3_bucket_consumer', 'dataset_alias_example_alias_consumer', 'dataset_alias_example_alias_producer' retrieved from /home/airflow/.local/lib/python3.12/site-packages/airflow/example_dags/example_dataset_alias.py
[2025-04-09T22:45:59.658+0000] {logging_mixin.py:190} INFO - [2025-04-09T22:45:59.658+0000] {dag.py:3239} INFO - Sync 4 DAGs
[2025-04-09T22:45:59.671+0000] {logging_mixin.py:190} INFO - [2025-04-09T22:45:59.671+0000] {dag.py:4180} INFO - Setting next_dagrun for dataset_alias_example_alias_consumer to None, run_after=None
[2025-04-09T22:45:59.672+0000] {logging_mixin.py:190} INFO - [2025-04-09T22:45:59.672+0000] {dag.py:4180} INFO - Setting next_dagrun for dataset_alias_example_alias_producer to None, run_after=None
[2025-04-09T22:45:59.676+0000] {logging_mixin.py:190} INFO - [2025-04-09T22:45:59.675+0000] {dag.py:4180} INFO - Setting next_dagrun for dataset_s3_bucket_consumer to None, run_after=None
[2025-04-09T22:45:59.677+0000] {logging_mixin.py:190} INFO - [2025-04-09T22:45:59.677+0000] {dag.py:4180} INFO - Setting next_dagrun for dataset_s3_bucket_producer to None, run_after=None
[2025-04-09T22:45:59.686+0000] {processor.py:208} INFO - Processing /home/airflow/.local/lib/python3.12/site-packages/airflow/example_dags/example_dataset_alias.py took 0.134 seconds
[2025-04-09T22:46:29.972+0000] {processor.py:186} INFO - Started process (PID=390) to work on /home/airflow/.local/lib/python3.12/site-packages/airflow/example_dags/example_dataset_alias.py
[2025-04-09T22:46:29.972+0000] {processor.py:914} INFO - Processing file /home/airflow/.local/lib/python3.12/site-packages/airflow/example_dags/example_dataset_alias.py for tasks to queue
[2025-04-09T22:46:29.974+0000] {logging_mixin.py:190} INFO - [2025-04-09T22:46:29.974+0000] {dagbag.py:588} INFO - Filling up the DagBag from /home/airflow/.local/lib/python3.12/site-packages/airflow/example_dags/example_dataset_alias.py
[2025-04-09T22:46:30.073+0000] {processor.py:925} INFO - DAG(s) 'dataset_s3_bucket_consumer', 'dataset_alias_example_alias_producer', 'dataset_s3_bucket_producer', 'dataset_alias_example_alias_consumer' retrieved from /home/airflow/.local/lib/python3.12/site-packages/airflow/example_dags/example_dataset_alias.py
[2025-04-09T22:46:30.084+0000] {logging_mixin.py:190} INFO - [2025-04-09T22:46:30.083+0000] {dag.py:3239} INFO - Sync 4 DAGs
[2025-04-09T22:46:30.093+0000] {logging_mixin.py:190} INFO - [2025-04-09T22:46:30.093+0000] {dag.py:4180} INFO - Setting next_dagrun for dataset_alias_example_alias_consumer to None, run_after=None
[2025-04-09T22:46:30.096+0000] {logging_mixin.py:190} INFO - [2025-04-09T22:46:30.096+0000] {dag.py:4180} INFO - Setting next_dagrun for dataset_alias_example_alias_producer to None, run_after=None
[2025-04-09T22:46:30.097+0000] {logging_mixin.py:190} INFO - [2025-04-09T22:46:30.097+0000] {dag.py:4180} INFO - Setting next_dagrun for dataset_s3_bucket_consumer to None, run_after=None
[2025-04-09T22:46:30.098+0000] {logging_mixin.py:190} INFO - [2025-04-09T22:46:30.098+0000] {dag.py:4180} INFO - Setting next_dagrun for dataset_s3_bucket_producer to None, run_after=None
[2025-04-09T22:46:30.110+0000] {processor.py:208} INFO - Processing /home/airflow/.local/lib/python3.12/site-packages/airflow/example_dags/example_dataset_alias.py took 0.144 seconds
[2025-04-09T22:47:00.148+0000] {processor.py:186} INFO - Started process (PID=455) to work on /home/airflow/.local/lib/python3.12/site-packages/airflow/example_dags/example_dataset_alias.py
[2025-04-09T22:47:00.149+0000] {processor.py:914} INFO - Processing file /home/airflow/.local/lib/python3.12/site-packages/airflow/example_dags/example_dataset_alias.py for tasks to queue
[2025-04-09T22:47:00.153+0000] {logging_mixin.py:190} INFO - [2025-04-09T22:47:00.152+0000] {dagbag.py:588} INFO - Filling up the DagBag from /home/airflow/.local/lib/python3.12/site-packages/airflow/example_dags/example_dataset_alias.py
[2025-04-09T22:47:00.251+0000] {processor.py:925} INFO - DAG(s) 'dataset_s3_bucket_consumer', 'dataset_s3_bucket_producer', 'dataset_alias_example_alias_producer', 'dataset_alias_example_alias_consumer' retrieved from /home/airflow/.local/lib/python3.12/site-packages/airflow/example_dags/example_dataset_alias.py
[2025-04-09T22:47:00.262+0000] {logging_mixin.py:190} INFO - [2025-04-09T22:47:00.262+0000] {dag.py:3239} INFO - Sync 4 DAGs
[2025-04-09T22:47:00.273+0000] {logging_mixin.py:190} INFO - [2025-04-09T22:47:00.273+0000] {dag.py:4180} INFO - Setting next_dagrun for dataset_alias_example_alias_consumer to None, run_after=None
[2025-04-09T22:47:00.276+0000] {logging_mixin.py:190} INFO - [2025-04-09T22:47:00.275+0000] {dag.py:4180} INFO - Setting next_dagrun for dataset_alias_example_alias_producer to None, run_after=None
[2025-04-09T22:47:00.278+0000] {logging_mixin.py:190} INFO - [2025-04-09T22:47:00.278+0000] {dag.py:4180} INFO - Setting next_dagrun for dataset_s3_bucket_consumer to None, run_after=None
[2025-04-09T22:47:00.279+0000] {logging_mixin.py:190} INFO - [2025-04-09T22:47:00.279+0000] {dag.py:4180} INFO - Setting next_dagrun for dataset_s3_bucket_producer to None, run_after=None
[2025-04-09T22:47:00.291+0000] {processor.py:208} INFO - Processing /home/airflow/.local/lib/python3.12/site-packages/airflow/example_dags/example_dataset_alias.py took 0.149 seconds
[2025-04-09T22:47:30.683+0000] {processor.py:186} INFO - Started process (PID=518) to work on /home/airflow/.local/lib/python3.12/site-packages/airflow/example_dags/example_dataset_alias.py
[2025-04-09T22:47:30.684+0000] {processor.py:914} INFO - Processing file /home/airflow/.local/lib/python3.12/site-packages/airflow/example_dags/example_dataset_alias.py for tasks to queue
[2025-04-09T22:47:30.686+0000] {logging_mixin.py:190} INFO - [2025-04-09T22:47:30.686+0000] {dagbag.py:588} INFO - Filling up the DagBag from /home/airflow/.local/lib/python3.12/site-packages/airflow/example_dags/example_dataset_alias.py
[2025-04-09T22:47:30.777+0000] {processor.py:925} INFO - DAG(s) 'dataset_alias_example_alias_producer', 'dataset_alias_example_alias_consumer', 'dataset_s3_bucket_consumer', 'dataset_s3_bucket_producer' retrieved from /home/airflow/.local/lib/python3.12/site-packages/airflow/example_dags/example_dataset_alias.py
[2025-04-09T22:47:30.787+0000] {logging_mixin.py:190} INFO - [2025-04-09T22:47:30.787+0000] {dag.py:3239} INFO - Sync 4 DAGs
[2025-04-09T22:47:30.797+0000] {logging_mixin.py:190} INFO - [2025-04-09T22:47:30.797+0000] {dag.py:4180} INFO - Setting next_dagrun for dataset_alias_example_alias_consumer to None, run_after=None
[2025-04-09T22:47:30.799+0000] {logging_mixin.py:190} INFO - [2025-04-09T22:47:30.799+0000] {dag.py:4180} INFO - Setting next_dagrun for dataset_alias_example_alias_producer to None, run_after=None
[2025-04-09T22:47:30.799+0000] {logging_mixin.py:190} INFO - [2025-04-09T22:47:30.799+0000] {dag.py:4180} INFO - Setting next_dagrun for dataset_s3_bucket_consumer to None, run_after=None
[2025-04-09T22:47:30.800+0000] {logging_mixin.py:190} INFO - [2025-04-09T22:47:30.800+0000] {dag.py:4180} INFO - Setting next_dagrun for dataset_s3_bucket_producer to None, run_after=None
[2025-04-09T22:47:30.811+0000] {processor.py:208} INFO - Processing /home/airflow/.local/lib/python3.12/site-packages/airflow/example_dags/example_dataset_alias.py took 0.136 seconds
[2025-04-09T22:48:01.110+0000] {processor.py:186} INFO - Started process (PID=582) to work on /home/airflow/.local/lib/python3.12/site-packages/airflow/example_dags/example_dataset_alias.py
[2025-04-09T22:48:01.112+0000] {processor.py:914} INFO - Processing file /home/airflow/.local/lib/python3.12/site-packages/airflow/example_dags/example_dataset_alias.py for tasks to queue
[2025-04-09T22:48:01.115+0000] {logging_mixin.py:190} INFO - [2025-04-09T22:48:01.114+0000] {dagbag.py:588} INFO - Filling up the DagBag from /home/airflow/.local/lib/python3.12/site-packages/airflow/example_dags/example_dataset_alias.py
[2025-04-09T22:48:01.210+0000] {processor.py:925} INFO - DAG(s) 'dataset_alias_example_alias_producer', 'dataset_s3_bucket_producer', 'dataset_s3_bucket_consumer', 'dataset_alias_example_alias_consumer' retrieved from /home/airflow/.local/lib/python3.12/site-packages/airflow/example_dags/example_dataset_alias.py
[2025-04-09T22:48:01.220+0000] {logging_mixin.py:190} INFO - [2025-04-09T22:48:01.220+0000] {dag.py:3239} INFO - Sync 4 DAGs
[2025-04-09T22:48:01.230+0000] {logging_mixin.py:190} INFO - [2025-04-09T22:48:01.230+0000] {dag.py:4180} INFO - Setting next_dagrun for dataset_alias_example_alias_consumer to None, run_after=None
[2025-04-09T22:48:01.231+0000] {logging_mixin.py:190} INFO - [2025-04-09T22:48:01.231+0000] {dag.py:4180} INFO - Setting next_dagrun for dataset_alias_example_alias_producer to None, run_after=None
[2025-04-09T22:48:01.232+0000] {logging_mixin.py:190} INFO - [2025-04-09T22:48:01.232+0000] {dag.py:4180} INFO - Setting next_dagrun for dataset_s3_bucket_consumer to None, run_after=None
[2025-04-09T22:48:01.233+0000] {logging_mixin.py:190} INFO - [2025-04-09T22:48:01.233+0000] {dag.py:4180} INFO - Setting next_dagrun for dataset_s3_bucket_producer to None, run_after=None
[2025-04-09T22:48:01.244+0000] {processor.py:208} INFO - Processing /home/airflow/.local/lib/python3.12/site-packages/airflow/example_dags/example_dataset_alias.py took 0.141 seconds
[2025-04-09T22:48:31.647+0000] {processor.py:186} INFO - Started process (PID=646) to work on /home/airflow/.local/lib/python3.12/site-packages/airflow/example_dags/example_dataset_alias.py
[2025-04-09T22:48:31.648+0000] {processor.py:914} INFO - Processing file /home/airflow/.local/lib/python3.12/site-packages/airflow/example_dags/example_dataset_alias.py for tasks to queue
[2025-04-09T22:48:31.651+0000] {logging_mixin.py:190} INFO - [2025-04-09T22:48:31.651+0000] {dagbag.py:588} INFO - Filling up the DagBag from /home/airflow/.local/lib/python3.12/site-packages/airflow/example_dags/example_dataset_alias.py
[2025-04-09T22:48:31.747+0000] {processor.py:925} INFO - DAG(s) 'dataset_s3_bucket_producer', 'dataset_alias_example_alias_producer', 'dataset_alias_example_alias_consumer', 'dataset_s3_bucket_consumer' retrieved from /home/airflow/.local/lib/python3.12/site-packages/airflow/example_dags/example_dataset_alias.py
[2025-04-09T22:48:31.759+0000] {logging_mixin.py:190} INFO - [2025-04-09T22:48:31.758+0000] {dag.py:3239} INFO - Sync 4 DAGs
[2025-04-09T22:48:31.772+0000] {logging_mixin.py:190} INFO - [2025-04-09T22:48:31.771+0000] {dag.py:4180} INFO - Setting next_dagrun for dataset_alias_example_alias_consumer to None, run_after=None
[2025-04-09T22:48:31.774+0000] {logging_mixin.py:190} INFO - [2025-04-09T22:48:31.774+0000] {dag.py:4180} INFO - Setting next_dagrun for dataset_alias_example_alias_producer to None, run_after=None
[2025-04-09T22:48:31.775+0000] {logging_mixin.py:190} INFO - [2025-04-09T22:48:31.775+0000] {dag.py:4180} INFO - Setting next_dagrun for dataset_s3_bucket_consumer to None, run_after=None
[2025-04-09T22:48:31.776+0000] {logging_mixin.py:190} INFO - [2025-04-09T22:48:31.776+0000] {dag.py:4180} INFO - Setting next_dagrun for dataset_s3_bucket_producer to None, run_after=None
[2025-04-09T22:48:31.787+0000] {processor.py:208} INFO - Processing /home/airflow/.local/lib/python3.12/site-packages/airflow/example_dags/example_dataset_alias.py took 0.147 seconds
[2025-04-09T22:49:02.810+0000] {processor.py:186} INFO - Started process (PID=710) to work on /home/airflow/.local/lib/python3.12/site-packages/airflow/example_dags/example_dataset_alias.py
[2025-04-09T22:49:02.811+0000] {processor.py:914} INFO - Processing file /home/airflow/.local/lib/python3.12/site-packages/airflow/example_dags/example_dataset_alias.py for tasks to queue
[2025-04-09T22:49:02.814+0000] {logging_mixin.py:190} INFO - [2025-04-09T22:49:02.813+0000] {dagbag.py:588} INFO - Filling up the DagBag from /home/airflow/.local/lib/python3.12/site-packages/airflow/example_dags/example_dataset_alias.py
[2025-04-09T22:49:02.906+0000] {processor.py:925} INFO - DAG(s) 'dataset_s3_bucket_consumer', 'dataset_alias_example_alias_producer', 'dataset_s3_bucket_producer', 'dataset_alias_example_alias_consumer' retrieved from /home/airflow/.local/lib/python3.12/site-packages/airflow/example_dags/example_dataset_alias.py
[2025-04-09T22:49:02.917+0000] {logging_mixin.py:190} INFO - [2025-04-09T22:49:02.917+0000] {dag.py:3239} INFO - Sync 4 DAGs
[2025-04-09T22:49:02.928+0000] {logging_mixin.py:190} INFO - [2025-04-09T22:49:02.928+0000] {dag.py:4180} INFO - Setting next_dagrun for dataset_alias_example_alias_consumer to None, run_after=None
[2025-04-09T22:49:02.930+0000] {logging_mixin.py:190} INFO - [2025-04-09T22:49:02.930+0000] {dag.py:4180} INFO - Setting next_dagrun for dataset_alias_example_alias_producer to None, run_after=None
[2025-04-09T22:49:02.932+0000] {logging_mixin.py:190} INFO - [2025-04-09T22:49:02.932+0000] {dag.py:4180} INFO - Setting next_dagrun for dataset_s3_bucket_consumer to None, run_after=None
[2025-04-09T22:49:02.932+0000] {logging_mixin.py:190} INFO - [2025-04-09T22:49:02.932+0000] {dag.py:4180} INFO - Setting next_dagrun for dataset_s3_bucket_producer to None, run_after=None
[2025-04-09T22:49:02.943+0000] {processor.py:208} INFO - Processing /home/airflow/.local/lib/python3.12/site-packages/airflow/example_dags/example_dataset_alias.py took 0.140 seconds
[2025-04-09T22:49:32.978+0000] {processor.py:186} INFO - Started process (PID=774) to work on /home/airflow/.local/lib/python3.12/site-packages/airflow/example_dags/example_dataset_alias.py
[2025-04-09T22:49:32.980+0000] {processor.py:914} INFO - Processing file /home/airflow/.local/lib/python3.12/site-packages/airflow/example_dags/example_dataset_alias.py for tasks to queue
[2025-04-09T22:49:32.982+0000] {logging_mixin.py:190} INFO - [2025-04-09T22:49:32.981+0000] {dagbag.py:588} INFO - Filling up the DagBag from /home/airflow/.local/lib/python3.12/site-packages/airflow/example_dags/example_dataset_alias.py
[2025-04-09T22:49:33.060+0000] {processor.py:925} INFO - DAG(s) 'dataset_alias_example_alias_consumer', 'dataset_alias_example_alias_producer', 'dataset_s3_bucket_consumer', 'dataset_s3_bucket_producer' retrieved from /home/airflow/.local/lib/python3.12/site-packages/airflow/example_dags/example_dataset_alias.py
[2025-04-09T22:49:33.072+0000] {logging_mixin.py:190} INFO - [2025-04-09T22:49:33.071+0000] {dag.py:3239} INFO - Sync 4 DAGs
[2025-04-09T22:49:33.081+0000] {logging_mixin.py:190} INFO - [2025-04-09T22:49:33.081+0000] {dag.py:4180} INFO - Setting next_dagrun for dataset_alias_example_alias_consumer to None, run_after=None
[2025-04-09T22:49:33.082+0000] {logging_mixin.py:190} INFO - [2025-04-09T22:49:33.082+0000] {dag.py:4180} INFO - Setting next_dagrun for dataset_alias_example_alias_producer to None, run_after=None
[2025-04-09T22:49:33.083+0000] {logging_mixin.py:190} INFO - [2025-04-09T22:49:33.083+0000] {dag.py:4180} INFO - Setting next_dagrun for dataset_s3_bucket_consumer to None, run_after=None
[2025-04-09T22:49:33.084+0000] {logging_mixin.py:190} INFO - [2025-04-09T22:49:33.084+0000] {dag.py:4180} INFO - Setting next_dagrun for dataset_s3_bucket_producer to None, run_after=None
[2025-04-09T22:49:33.095+0000] {processor.py:208} INFO - Processing /home/airflow/.local/lib/python3.12/site-packages/airflow/example_dags/example_dataset_alias.py took 0.123 seconds
[2025-04-09T22:50:03.229+0000] {processor.py:186} INFO - Started process (PID=838) to work on /home/airflow/.local/lib/python3.12/site-packages/airflow/example_dags/example_dataset_alias.py
[2025-04-09T22:50:03.230+0000] {processor.py:914} INFO - Processing file /home/airflow/.local/lib/python3.12/site-packages/airflow/example_dags/example_dataset_alias.py for tasks to queue
[2025-04-09T22:50:03.233+0000] {logging_mixin.py:190} INFO - [2025-04-09T22:50:03.233+0000] {dagbag.py:588} INFO - Filling up the DagBag from /home/airflow/.local/lib/python3.12/site-packages/airflow/example_dags/example_dataset_alias.py
[2025-04-09T22:50:03.321+0000] {processor.py:925} INFO - DAG(s) 'dataset_s3_bucket_consumer', 'dataset_alias_example_alias_consumer', 'dataset_s3_bucket_producer', 'dataset_alias_example_alias_producer' retrieved from /home/airflow/.local/lib/python3.12/site-packages/airflow/example_dags/example_dataset_alias.py
[2025-04-09T22:50:03.331+0000] {logging_mixin.py:190} INFO - [2025-04-09T22:50:03.331+0000] {dag.py:3239} INFO - Sync 4 DAGs
[2025-04-09T22:50:03.340+0000] {logging_mixin.py:190} INFO - [2025-04-09T22:50:03.340+0000] {dag.py:4180} INFO - Setting next_dagrun for dataset_alias_example_alias_consumer to None, run_after=None
[2025-04-09T22:50:03.342+0000] {logging_mixin.py:190} INFO - [2025-04-09T22:50:03.342+0000] {dag.py:4180} INFO - Setting next_dagrun for dataset_alias_example_alias_producer to None, run_after=None
[2025-04-09T22:50:03.344+0000] {logging_mixin.py:190} INFO - [2025-04-09T22:50:03.344+0000] {dag.py:4180} INFO - Setting next_dagrun for dataset_s3_bucket_consumer to None, run_after=None
[2025-04-09T22:50:03.346+0000] {logging_mixin.py:190} INFO - [2025-04-09T22:50:03.346+0000] {dag.py:4180} INFO - Setting next_dagrun for dataset_s3_bucket_producer to None, run_after=None
[2025-04-09T22:50:03.357+0000] {processor.py:208} INFO - Processing /home/airflow/.local/lib/python3.12/site-packages/airflow/example_dags/example_dataset_alias.py took 0.135 seconds
[2025-04-09T22:50:33.429+0000] {processor.py:186} INFO - Started process (PID=902) to work on /home/airflow/.local/lib/python3.12/site-packages/airflow/example_dags/example_dataset_alias.py
[2025-04-09T22:50:33.430+0000] {processor.py:914} INFO - Processing file /home/airflow/.local/lib/python3.12/site-packages/airflow/example_dags/example_dataset_alias.py for tasks to queue
[2025-04-09T22:50:33.432+0000] {logging_mixin.py:190} INFO - [2025-04-09T22:50:33.432+0000] {dagbag.py:588} INFO - Filling up the DagBag from /home/airflow/.local/lib/python3.12/site-packages/airflow/example_dags/example_dataset_alias.py
[2025-04-09T22:50:33.521+0000] {processor.py:925} INFO - DAG(s) 'dataset_alias_example_alias_consumer', 'dataset_alias_example_alias_producer', 'dataset_s3_bucket_producer', 'dataset_s3_bucket_consumer' retrieved from /home/airflow/.local/lib/python3.12/site-packages/airflow/example_dags/example_dataset_alias.py
[2025-04-09T22:50:33.531+0000] {logging_mixin.py:190} INFO - [2025-04-09T22:50:33.530+0000] {dag.py:3239} INFO - Sync 4 DAGs
[2025-04-09T22:50:33.541+0000] {logging_mixin.py:190} INFO - [2025-04-09T22:50:33.540+0000] {dag.py:4180} INFO - Setting next_dagrun for dataset_alias_example_alias_consumer to None, run_after=None
[2025-04-09T22:50:33.542+0000] {logging_mixin.py:190} INFO - [2025-04-09T22:50:33.542+0000] {dag.py:4180} INFO - Setting next_dagrun for dataset_alias_example_alias_producer to None, run_after=None
[2025-04-09T22:50:33.542+0000] {logging_mixin.py:190} INFO - [2025-04-09T22:50:33.542+0000] {dag.py:4180} INFO - Setting next_dagrun for dataset_s3_bucket_consumer to None, run_after=None
[2025-04-09T22:50:33.543+0000] {logging_mixin.py:190} INFO - [2025-04-09T22:50:33.543+0000] {dag.py:4180} INFO - Setting next_dagrun for dataset_s3_bucket_producer to None, run_after=None
[2025-04-09T22:50:33.559+0000] {processor.py:208} INFO - Processing /home/airflow/.local/lib/python3.12/site-packages/airflow/example_dags/example_dataset_alias.py took 0.136 seconds
[2025-04-09T22:51:04.501+0000] {processor.py:186} INFO - Started process (PID=966) to work on /home/airflow/.local/lib/python3.12/site-packages/airflow/example_dags/example_dataset_alias.py
[2025-04-09T22:51:04.502+0000] {processor.py:914} INFO - Processing file /home/airflow/.local/lib/python3.12/site-packages/airflow/example_dags/example_dataset_alias.py for tasks to queue
[2025-04-09T22:51:04.505+0000] {logging_mixin.py:190} INFO - [2025-04-09T22:51:04.505+0000] {dagbag.py:588} INFO - Filling up the DagBag from /home/airflow/.local/lib/python3.12/site-packages/airflow/example_dags/example_dataset_alias.py
[2025-04-09T22:51:04.589+0000] {processor.py:925} INFO - DAG(s) 'dataset_s3_bucket_producer', 'dataset_s3_bucket_consumer', 'dataset_alias_example_alias_consumer', 'dataset_alias_example_alias_producer' retrieved from /home/airflow/.local/lib/python3.12/site-packages/airflow/example_dags/example_dataset_alias.py
[2025-04-09T22:51:04.601+0000] {logging_mixin.py:190} INFO - [2025-04-09T22:51:04.601+0000] {dag.py:3239} INFO - Sync 4 DAGs
[2025-04-09T22:51:04.611+0000] {logging_mixin.py:190} INFO - [2025-04-09T22:51:04.611+0000] {dag.py:4180} INFO - Setting next_dagrun for dataset_alias_example_alias_consumer to None, run_after=None
[2025-04-09T22:51:04.613+0000] {logging_mixin.py:190} INFO - [2025-04-09T22:51:04.613+0000] {dag.py:4180} INFO - Setting next_dagrun for dataset_alias_example_alias_producer to None, run_after=None
[2025-04-09T22:51:04.615+0000] {logging_mixin.py:190} INFO - [2025-04-09T22:51:04.614+0000] {dag.py:4180} INFO - Setting next_dagrun for dataset_s3_bucket_consumer to None, run_after=None
[2025-04-09T22:51:04.616+0000] {logging_mixin.py:190} INFO - [2025-04-09T22:51:04.616+0000] {dag.py:4180} INFO - Setting next_dagrun for dataset_s3_bucket_producer to None, run_after=None
[2025-04-09T22:51:04.626+0000] {processor.py:208} INFO - Processing /home/airflow/.local/lib/python3.12/site-packages/airflow/example_dags/example_dataset_alias.py took 0.132 seconds
[2025-04-09T22:51:34.673+0000] {processor.py:186} INFO - Started process (PID=1030) to work on /home/airflow/.local/lib/python3.12/site-packages/airflow/example_dags/example_dataset_alias.py
[2025-04-09T22:51:34.674+0000] {processor.py:914} INFO - Processing file /home/airflow/.local/lib/python3.12/site-packages/airflow/example_dags/example_dataset_alias.py for tasks to queue
[2025-04-09T22:51:34.676+0000] {logging_mixin.py:190} INFO - [2025-04-09T22:51:34.676+0000] {dagbag.py:588} INFO - Filling up the DagBag from /home/airflow/.local/lib/python3.12/site-packages/airflow/example_dags/example_dataset_alias.py
[2025-04-09T22:51:34.761+0000] {processor.py:925} INFO - DAG(s) 'dataset_s3_bucket_producer', 'dataset_alias_example_alias_producer', 'dataset_alias_example_alias_consumer', 'dataset_s3_bucket_consumer' retrieved from /home/airflow/.local/lib/python3.12/site-packages/airflow/example_dags/example_dataset_alias.py
[2025-04-09T22:51:34.773+0000] {logging_mixin.py:190} INFO - [2025-04-09T22:51:34.773+0000] {dag.py:3239} INFO - Sync 4 DAGs
[2025-04-09T22:51:34.783+0000] {logging_mixin.py:190} INFO - [2025-04-09T22:51:34.783+0000] {dag.py:4180} INFO - Setting next_dagrun for dataset_alias_example_alias_consumer to None, run_after=None
[2025-04-09T22:51:34.784+0000] {logging_mixin.py:190} INFO - [2025-04-09T22:51:34.784+0000] {dag.py:4180} INFO - Setting next_dagrun for dataset_alias_example_alias_producer to None, run_after=None
[2025-04-09T22:51:34.785+0000] {logging_mixin.py:190} INFO - [2025-04-09T22:51:34.785+0000] {dag.py:4180} INFO - Setting next_dagrun for dataset_s3_bucket_consumer to None, run_after=None
[2025-04-09T22:51:34.786+0000] {logging_mixin.py:190} INFO - [2025-04-09T22:51:34.786+0000] {dag.py:4180} INFO - Setting next_dagrun for dataset_s3_bucket_producer to None, run_after=None
[2025-04-09T22:51:34.795+0000] {processor.py:208} INFO - Processing /home/airflow/.local/lib/python3.12/site-packages/airflow/example_dags/example_dataset_alias.py took 0.128 seconds
[2025-04-09T22:52:04.854+0000] {processor.py:186} INFO - Started process (PID=1094) to work on /home/airflow/.local/lib/python3.12/site-packages/airflow/example_dags/example_dataset_alias.py
[2025-04-09T22:52:04.855+0000] {processor.py:914} INFO - Processing file /home/airflow/.local/lib/python3.12/site-packages/airflow/example_dags/example_dataset_alias.py for tasks to queue
[2025-04-09T22:52:04.857+0000] {logging_mixin.py:190} INFO - [2025-04-09T22:52:04.857+0000] {dagbag.py:588} INFO - Filling up the DagBag from /home/airflow/.local/lib/python3.12/site-packages/airflow/example_dags/example_dataset_alias.py
[2025-04-09T22:52:04.943+0000] {processor.py:925} INFO - DAG(s) 'dataset_alias_example_alias_producer', 'dataset_alias_example_alias_consumer', 'dataset_s3_bucket_producer', 'dataset_s3_bucket_consumer' retrieved from /home/airflow/.local/lib/python3.12/site-packages/airflow/example_dags/example_dataset_alias.py
[2025-04-09T22:52:04.952+0000] {logging_mixin.py:190} INFO - [2025-04-09T22:52:04.952+0000] {dag.py:3239} INFO - Sync 4 DAGs
[2025-04-09T22:52:04.961+0000] {logging_mixin.py:190} INFO - [2025-04-09T22:52:04.961+0000] {dag.py:4180} INFO - Setting next_dagrun for dataset_alias_example_alias_consumer to None, run_after=None
[2025-04-09T22:52:04.964+0000] {logging_mixin.py:190} INFO - [2025-04-09T22:52:04.964+0000] {dag.py:4180} INFO - Setting next_dagrun for dataset_alias_example_alias_producer to None, run_after=None
[2025-04-09T22:52:04.964+0000] {logging_mixin.py:190} INFO - [2025-04-09T22:52:04.964+0000] {dag.py:4180} INFO - Setting next_dagrun for dataset_s3_bucket_consumer to None, run_after=None
[2025-04-09T22:52:04.965+0000] {logging_mixin.py:190} INFO - [2025-04-09T22:52:04.965+0000] {dag.py:4180} INFO - Setting next_dagrun for dataset_s3_bucket_producer to None, run_after=None
[2025-04-09T22:52:04.976+0000] {processor.py:208} INFO - Processing /home/airflow/.local/lib/python3.12/site-packages/airflow/example_dags/example_dataset_alias.py took 0.129 seconds
[2025-04-09T22:52:35.127+0000] {processor.py:186} INFO - Started process (PID=1158) to work on /home/airflow/.local/lib/python3.12/site-packages/airflow/example_dags/example_dataset_alias.py
[2025-04-09T22:52:35.129+0000] {processor.py:914} INFO - Processing file /home/airflow/.local/lib/python3.12/site-packages/airflow/example_dags/example_dataset_alias.py for tasks to queue
[2025-04-09T22:52:35.132+0000] {logging_mixin.py:190} INFO - [2025-04-09T22:52:35.132+0000] {dagbag.py:588} INFO - Filling up the DagBag from /home/airflow/.local/lib/python3.12/site-packages/airflow/example_dags/example_dataset_alias.py
[2025-04-09T22:52:35.258+0000] {processor.py:925} INFO - DAG(s) 'dataset_alias_example_alias_producer', 'dataset_s3_bucket_producer', 'dataset_alias_example_alias_consumer', 'dataset_s3_bucket_consumer' retrieved from /home/airflow/.local/lib/python3.12/site-packages/airflow/example_dags/example_dataset_alias.py
[2025-04-09T22:52:35.273+0000] {logging_mixin.py:190} INFO - [2025-04-09T22:52:35.273+0000] {dag.py:3239} INFO - Sync 4 DAGs
[2025-04-09T22:52:35.288+0000] {logging_mixin.py:190} INFO - [2025-04-09T22:52:35.288+0000] {dag.py:4180} INFO - Setting next_dagrun for dataset_alias_example_alias_consumer to None, run_after=None
[2025-04-09T22:52:35.290+0000] {logging_mixin.py:190} INFO - [2025-04-09T22:52:35.289+0000] {dag.py:4180} INFO - Setting next_dagrun for dataset_alias_example_alias_producer to None, run_after=None
[2025-04-09T22:52:35.291+0000] {logging_mixin.py:190} INFO - [2025-04-09T22:52:35.291+0000] {dag.py:4180} INFO - Setting next_dagrun for dataset_s3_bucket_consumer to None, run_after=None
[2025-04-09T22:52:35.292+0000] {logging_mixin.py:190} INFO - [2025-04-09T22:52:35.292+0000] {dag.py:4180} INFO - Setting next_dagrun for dataset_s3_bucket_producer to None, run_after=None
[2025-04-09T22:52:35.304+0000] {processor.py:208} INFO - Processing /home/airflow/.local/lib/python3.12/site-packages/airflow/example_dags/example_dataset_alias.py took 0.183 seconds
[2025-04-09T22:53:05.349+0000] {processor.py:186} INFO - Started process (PID=1222) to work on /home/airflow/.local/lib/python3.12/site-packages/airflow/example_dags/example_dataset_alias.py
[2025-04-09T22:53:05.350+0000] {processor.py:914} INFO - Processing file /home/airflow/.local/lib/python3.12/site-packages/airflow/example_dags/example_dataset_alias.py for tasks to queue
[2025-04-09T22:53:05.352+0000] {logging_mixin.py:190} INFO - [2025-04-09T22:53:05.351+0000] {dagbag.py:588} INFO - Filling up the DagBag from /home/airflow/.local/lib/python3.12/site-packages/airflow/example_dags/example_dataset_alias.py
[2025-04-09T22:53:05.424+0000] {processor.py:925} INFO - DAG(s) 'dataset_alias_example_alias_producer', 'dataset_s3_bucket_producer', 'dataset_alias_example_alias_consumer', 'dataset_s3_bucket_consumer' retrieved from /home/airflow/.local/lib/python3.12/site-packages/airflow/example_dags/example_dataset_alias.py
[2025-04-09T22:53:05.434+0000] {logging_mixin.py:190} INFO - [2025-04-09T22:53:05.434+0000] {dag.py:3239} INFO - Sync 4 DAGs
[2025-04-09T22:53:05.445+0000] {logging_mixin.py:190} INFO - [2025-04-09T22:53:05.445+0000] {dag.py:4180} INFO - Setting next_dagrun for dataset_alias_example_alias_consumer to None, run_after=None
[2025-04-09T22:53:05.446+0000] {logging_mixin.py:190} INFO - [2025-04-09T22:53:05.446+0000] {dag.py:4180} INFO - Setting next_dagrun for dataset_alias_example_alias_producer to None, run_after=None
[2025-04-09T22:53:05.447+0000] {logging_mixin.py:190} INFO - [2025-04-09T22:53:05.447+0000] {dag.py:4180} INFO - Setting next_dagrun for dataset_s3_bucket_consumer to None, run_after=None
[2025-04-09T22:53:05.448+0000] {logging_mixin.py:190} INFO - [2025-04-09T22:53:05.448+0000] {dag.py:4180} INFO - Setting next_dagrun for dataset_s3_bucket_producer to None, run_after=None
[2025-04-09T22:53:05.457+0000] {processor.py:208} INFO - Processing /home/airflow/.local/lib/python3.12/site-packages/airflow/example_dags/example_dataset_alias.py took 0.112 seconds
[2025-04-09T22:53:36.193+0000] {processor.py:186} INFO - Started process (PID=1286) to work on /home/airflow/.local/lib/python3.12/site-packages/airflow/example_dags/example_dataset_alias.py
[2025-04-09T22:53:36.194+0000] {processor.py:914} INFO - Processing file /home/airflow/.local/lib/python3.12/site-packages/airflow/example_dags/example_dataset_alias.py for tasks to queue
[2025-04-09T22:53:36.198+0000] {logging_mixin.py:190} INFO - [2025-04-09T22:53:36.197+0000] {dagbag.py:588} INFO - Filling up the DagBag from /home/airflow/.local/lib/python3.12/site-packages/airflow/example_dags/example_dataset_alias.py
[2025-04-09T22:53:36.285+0000] {processor.py:925} INFO - DAG(s) 'dataset_s3_bucket_consumer', 'dataset_s3_bucket_producer', 'dataset_alias_example_alias_producer', 'dataset_alias_example_alias_consumer' retrieved from /home/airflow/.local/lib/python3.12/site-packages/airflow/example_dags/example_dataset_alias.py
[2025-04-09T22:53:36.293+0000] {logging_mixin.py:190} INFO - [2025-04-09T22:53:36.293+0000] {dag.py:3239} INFO - Sync 4 DAGs
[2025-04-09T22:53:36.303+0000] {logging_mixin.py:190} INFO - [2025-04-09T22:53:36.303+0000] {dag.py:4180} INFO - Setting next_dagrun for dataset_alias_example_alias_consumer to None, run_after=None
[2025-04-09T22:53:36.304+0000] {logging_mixin.py:190} INFO - [2025-04-09T22:53:36.304+0000] {dag.py:4180} INFO - Setting next_dagrun for dataset_alias_example_alias_producer to None, run_after=None
[2025-04-09T22:53:36.305+0000] {logging_mixin.py:190} INFO - [2025-04-09T22:53:36.305+0000] {dag.py:4180} INFO - Setting next_dagrun for dataset_s3_bucket_consumer to None, run_after=None
[2025-04-09T22:53:36.305+0000] {logging_mixin.py:190} INFO - [2025-04-09T22:53:36.305+0000] {dag.py:4180} INFO - Setting next_dagrun for dataset_s3_bucket_producer to None, run_after=None
[2025-04-09T22:53:36.314+0000] {processor.py:208} INFO - Processing /home/airflow/.local/lib/python3.12/site-packages/airflow/example_dags/example_dataset_alias.py took 0.126 seconds
[2025-04-09T22:54:06.435+0000] {processor.py:186} INFO - Started process (PID=1350) to work on /home/airflow/.local/lib/python3.12/site-packages/airflow/example_dags/example_dataset_alias.py
[2025-04-09T22:54:06.439+0000] {processor.py:914} INFO - Processing file /home/airflow/.local/lib/python3.12/site-packages/airflow/example_dags/example_dataset_alias.py for tasks to queue
[2025-04-09T22:54:06.440+0000] {logging_mixin.py:190} INFO - [2025-04-09T22:54:06.440+0000] {dagbag.py:588} INFO - Filling up the DagBag from /home/airflow/.local/lib/python3.12/site-packages/airflow/example_dags/example_dataset_alias.py
[2025-04-09T22:54:06.543+0000] {processor.py:925} INFO - DAG(s) 'dataset_s3_bucket_consumer', 'dataset_alias_example_alias_consumer', 'dataset_alias_example_alias_producer', 'dataset_s3_bucket_producer' retrieved from /home/airflow/.local/lib/python3.12/site-packages/airflow/example_dags/example_dataset_alias.py
[2025-04-09T22:54:06.557+0000] {logging_mixin.py:190} INFO - [2025-04-09T22:54:06.557+0000] {dag.py:3239} INFO - Sync 4 DAGs
[2025-04-09T22:54:06.574+0000] {logging_mixin.py:190} INFO - [2025-04-09T22:54:06.573+0000] {dag.py:4180} INFO - Setting next_dagrun for dataset_alias_example_alias_consumer to None, run_after=None
[2025-04-09T22:54:06.576+0000] {logging_mixin.py:190} INFO - [2025-04-09T22:54:06.576+0000] {dag.py:4180} INFO - Setting next_dagrun for dataset_alias_example_alias_producer to None, run_after=None
[2025-04-09T22:54:06.577+0000] {logging_mixin.py:190} INFO - [2025-04-09T22:54:06.577+0000] {dag.py:4180} INFO - Setting next_dagrun for dataset_s3_bucket_consumer to None, run_after=None
[2025-04-09T22:54:06.578+0000] {logging_mixin.py:190} INFO - [2025-04-09T22:54:06.578+0000] {dag.py:4180} INFO - Setting next_dagrun for dataset_s3_bucket_producer to None, run_after=None
[2025-04-09T22:54:06.589+0000] {processor.py:208} INFO - Processing /home/airflow/.local/lib/python3.12/site-packages/airflow/example_dags/example_dataset_alias.py took 0.157 seconds
[2025-04-09T22:54:36.901+0000] {processor.py:186} INFO - Started process (PID=1414) to work on /home/airflow/.local/lib/python3.12/site-packages/airflow/example_dags/example_dataset_alias.py
[2025-04-09T22:54:36.905+0000] {processor.py:914} INFO - Processing file /home/airflow/.local/lib/python3.12/site-packages/airflow/example_dags/example_dataset_alias.py for tasks to queue
[2025-04-09T22:54:36.909+0000] {logging_mixin.py:190} INFO - [2025-04-09T22:54:36.908+0000] {dagbag.py:588} INFO - Filling up the DagBag from /home/airflow/.local/lib/python3.12/site-packages/airflow/example_dags/example_dataset_alias.py
[2025-04-09T22:54:37.006+0000] {processor.py:925} INFO - DAG(s) 'dataset_alias_example_alias_consumer', 'dataset_s3_bucket_producer', 'dataset_s3_bucket_consumer', 'dataset_alias_example_alias_producer' retrieved from /home/airflow/.local/lib/python3.12/site-packages/airflow/example_dags/example_dataset_alias.py
[2025-04-09T22:54:37.015+0000] {logging_mixin.py:190} INFO - [2025-04-09T22:54:37.015+0000] {dag.py:3239} INFO - Sync 4 DAGs
[2025-04-09T22:54:37.027+0000] {logging_mixin.py:190} INFO - [2025-04-09T22:54:37.027+0000] {dag.py:4180} INFO - Setting next_dagrun for dataset_alias_example_alias_consumer to None, run_after=None
[2025-04-09T22:54:37.029+0000] {logging_mixin.py:190} INFO - [2025-04-09T22:54:37.029+0000] {dag.py:4180} INFO - Setting next_dagrun for dataset_alias_example_alias_producer to None, run_after=None
[2025-04-09T22:54:37.030+0000] {logging_mixin.py:190} INFO - [2025-04-09T22:54:37.030+0000] {dag.py:4180} INFO - Setting next_dagrun for dataset_s3_bucket_consumer to None, run_after=None
[2025-04-09T22:54:37.031+0000] {logging_mixin.py:190} INFO - [2025-04-09T22:54:37.031+0000] {dag.py:4180} INFO - Setting next_dagrun for dataset_s3_bucket_producer to None, run_after=None
[2025-04-09T22:54:37.046+0000] {processor.py:208} INFO - Processing /home/airflow/.local/lib/python3.12/site-packages/airflow/example_dags/example_dataset_alias.py took 0.151 seconds
