[2025-04-09T22:43:58.267+0000] {processor.py:186} INFO - Started process (PID=69) to work on /home/airflow/.local/lib/python3.12/site-packages/airflow/example_dags/example_xcom.py
[2025-04-09T22:43:58.269+0000] {processor.py:914} INFO - Processing file /home/airflow/.local/lib/python3.12/site-packages/airflow/example_dags/example_xcom.py for tasks to queue
[2025-04-09T22:43:58.273+0000] {logging_mixin.py:190} INFO - [2025-04-09T22:43:58.272+0000] {dagbag.py:588} INFO - Filling up the DagBag from /home/airflow/.local/lib/python3.12/site-packages/airflow/example_dags/example_xcom.py
[2025-04-09T22:43:58.446+0000] {processor.py:925} INFO - DAG(s) 'example_xcom' retrieved from /home/airflow/.local/lib/python3.12/site-packages/airflow/example_dags/example_xcom.py
[2025-04-09T22:43:58.459+0000] {logging_mixin.py:190} INFO - [2025-04-09T22:43:58.459+0000] {dag.py:3239} INFO - Sync 1 DAGs
[2025-04-09T22:43:58.474+0000] {logging_mixin.py:190} INFO - [2025-04-09T22:43:58.473+0000] {dag.py:4180} INFO - Setting next_dagrun for example_xcom to 2021-01-01 00:00:00+00:00, run_after=2021-01-01 00:00:00+00:00
[2025-04-09T22:43:58.494+0000] {processor.py:208} INFO - Processing /home/airflow/.local/lib/python3.12/site-packages/airflow/example_dags/example_xcom.py took 0.235 seconds
[2025-04-09T22:44:29.363+0000] {processor.py:186} INFO - Started process (PID=143) to work on /home/airflow/.local/lib/python3.12/site-packages/airflow/example_dags/example_xcom.py
[2025-04-09T22:44:29.364+0000] {processor.py:914} INFO - Processing file /home/airflow/.local/lib/python3.12/site-packages/airflow/example_dags/example_xcom.py for tasks to queue
[2025-04-09T22:44:29.366+0000] {logging_mixin.py:190} INFO - [2025-04-09T22:44:29.365+0000] {dagbag.py:588} INFO - Filling up the DagBag from /home/airflow/.local/lib/python3.12/site-packages/airflow/example_dags/example_xcom.py
[2025-04-09T22:44:29.373+0000] {processor.py:925} INFO - DAG(s) 'example_xcom' retrieved from /home/airflow/.local/lib/python3.12/site-packages/airflow/example_dags/example_xcom.py
[2025-04-09T22:44:29.389+0000] {logging_mixin.py:190} INFO - [2025-04-09T22:44:29.389+0000] {dag.py:3239} INFO - Sync 1 DAGs
[2025-04-09T22:44:29.408+0000] {logging_mixin.py:190} INFO - [2025-04-09T22:44:29.408+0000] {dag.py:4180} INFO - Setting next_dagrun for example_xcom to 2021-01-01 00:00:00+00:00, run_after=2021-01-01 00:00:00+00:00
[2025-04-09T22:44:29.420+0000] {processor.py:208} INFO - Processing /home/airflow/.local/lib/python3.12/site-packages/airflow/example_dags/example_xcom.py took 0.061 seconds
[2025-04-09T22:44:59.521+0000] {processor.py:186} INFO - Started process (PID=207) to work on /home/airflow/.local/lib/python3.12/site-packages/airflow/example_dags/example_xcom.py
[2025-04-09T22:44:59.522+0000] {processor.py:914} INFO - Processing file /home/airflow/.local/lib/python3.12/site-packages/airflow/example_dags/example_xcom.py for tasks to queue
[2025-04-09T22:44:59.523+0000] {logging_mixin.py:190} INFO - [2025-04-09T22:44:59.523+0000] {dagbag.py:588} INFO - Filling up the DagBag from /home/airflow/.local/lib/python3.12/site-packages/airflow/example_dags/example_xcom.py
[2025-04-09T22:44:59.530+0000] {processor.py:925} INFO - DAG(s) 'example_xcom' retrieved from /home/airflow/.local/lib/python3.12/site-packages/airflow/example_dags/example_xcom.py
[2025-04-09T22:44:59.543+0000] {logging_mixin.py:190} INFO - [2025-04-09T22:44:59.543+0000] {dag.py:3239} INFO - Sync 1 DAGs
[2025-04-09T22:44:59.556+0000] {logging_mixin.py:190} INFO - [2025-04-09T22:44:59.556+0000] {dag.py:4180} INFO - Setting next_dagrun for example_xcom to 2021-01-01 00:00:00+00:00, run_after=2021-01-01 00:00:00+00:00
[2025-04-09T22:44:59.565+0000] {processor.py:208} INFO - Processing /home/airflow/.local/lib/python3.12/site-packages/airflow/example_dags/example_xcom.py took 0.048 seconds
[2025-04-09T22:45:29.631+0000] {processor.py:186} INFO - Started process (PID=270) to work on /home/airflow/.local/lib/python3.12/site-packages/airflow/example_dags/example_xcom.py
[2025-04-09T22:45:29.631+0000] {processor.py:914} INFO - Processing file /home/airflow/.local/lib/python3.12/site-packages/airflow/example_dags/example_xcom.py for tasks to queue
[2025-04-09T22:45:29.632+0000] {logging_mixin.py:190} INFO - [2025-04-09T22:45:29.632+0000] {dagbag.py:588} INFO - Filling up the DagBag from /home/airflow/.local/lib/python3.12/site-packages/airflow/example_dags/example_xcom.py
[2025-04-09T22:45:29.637+0000] {processor.py:925} INFO - DAG(s) 'example_xcom' retrieved from /home/airflow/.local/lib/python3.12/site-packages/airflow/example_dags/example_xcom.py
[2025-04-09T22:45:29.646+0000] {logging_mixin.py:190} INFO - [2025-04-09T22:45:29.646+0000] {dag.py:3239} INFO - Sync 1 DAGs
[2025-04-09T22:45:29.655+0000] {logging_mixin.py:190} INFO - [2025-04-09T22:45:29.655+0000] {dag.py:4180} INFO - Setting next_dagrun for example_xcom to 2021-01-01 00:00:00+00:00, run_after=2021-01-01 00:00:00+00:00
[2025-04-09T22:45:29.662+0000] {processor.py:208} INFO - Processing /home/airflow/.local/lib/python3.12/site-packages/airflow/example_dags/example_xcom.py took 0.034 seconds
[2025-04-09T22:45:59.861+0000] {processor.py:186} INFO - Started process (PID=334) to work on /home/airflow/.local/lib/python3.12/site-packages/airflow/example_dags/example_xcom.py
[2025-04-09T22:45:59.861+0000] {processor.py:914} INFO - Processing file /home/airflow/.local/lib/python3.12/site-packages/airflow/example_dags/example_xcom.py for tasks to queue
[2025-04-09T22:45:59.863+0000] {logging_mixin.py:190} INFO - [2025-04-09T22:45:59.862+0000] {dagbag.py:588} INFO - Filling up the DagBag from /home/airflow/.local/lib/python3.12/site-packages/airflow/example_dags/example_xcom.py
[2025-04-09T22:45:59.867+0000] {processor.py:925} INFO - DAG(s) 'example_xcom' retrieved from /home/airflow/.local/lib/python3.12/site-packages/airflow/example_dags/example_xcom.py
[2025-04-09T22:45:59.877+0000] {logging_mixin.py:190} INFO - [2025-04-09T22:45:59.877+0000] {dag.py:3239} INFO - Sync 1 DAGs
[2025-04-09T22:45:59.888+0000] {logging_mixin.py:190} INFO - [2025-04-09T22:45:59.888+0000] {dag.py:4180} INFO - Setting next_dagrun for example_xcom to 2021-01-01 00:00:00+00:00, run_after=2021-01-01 00:00:00+00:00
[2025-04-09T22:45:59.899+0000] {processor.py:208} INFO - Processing /home/airflow/.local/lib/python3.12/site-packages/airflow/example_dags/example_xcom.py took 0.041 seconds
[2025-04-09T22:46:30.248+0000] {processor.py:186} INFO - Started process (PID=397) to work on /home/airflow/.local/lib/python3.12/site-packages/airflow/example_dags/example_xcom.py
[2025-04-09T22:46:30.248+0000] {processor.py:914} INFO - Processing file /home/airflow/.local/lib/python3.12/site-packages/airflow/example_dags/example_xcom.py for tasks to queue
[2025-04-09T22:46:30.249+0000] {logging_mixin.py:190} INFO - [2025-04-09T22:46:30.249+0000] {dagbag.py:588} INFO - Filling up the DagBag from /home/airflow/.local/lib/python3.12/site-packages/airflow/example_dags/example_xcom.py
[2025-04-09T22:46:30.255+0000] {processor.py:925} INFO - DAG(s) 'example_xcom' retrieved from /home/airflow/.local/lib/python3.12/site-packages/airflow/example_dags/example_xcom.py
[2025-04-09T22:46:30.265+0000] {logging_mixin.py:190} INFO - [2025-04-09T22:46:30.265+0000] {dag.py:3239} INFO - Sync 1 DAGs
[2025-04-09T22:46:30.274+0000] {logging_mixin.py:190} INFO - [2025-04-09T22:46:30.274+0000] {dag.py:4180} INFO - Setting next_dagrun for example_xcom to 2021-01-01 00:00:00+00:00, run_after=2021-01-01 00:00:00+00:00
[2025-04-09T22:46:30.284+0000] {processor.py:208} INFO - Processing /home/airflow/.local/lib/python3.12/site-packages/airflow/example_dags/example_xcom.py took 0.040 seconds
[2025-04-09T22:47:00.465+0000] {processor.py:186} INFO - Started process (PID=461) to work on /home/airflow/.local/lib/python3.12/site-packages/airflow/example_dags/example_xcom.py
[2025-04-09T22:47:00.465+0000] {processor.py:914} INFO - Processing file /home/airflow/.local/lib/python3.12/site-packages/airflow/example_dags/example_xcom.py for tasks to queue
[2025-04-09T22:47:00.466+0000] {logging_mixin.py:190} INFO - [2025-04-09T22:47:00.466+0000] {dagbag.py:588} INFO - Filling up the DagBag from /home/airflow/.local/lib/python3.12/site-packages/airflow/example_dags/example_xcom.py
[2025-04-09T22:47:00.471+0000] {processor.py:925} INFO - DAG(s) 'example_xcom' retrieved from /home/airflow/.local/lib/python3.12/site-packages/airflow/example_dags/example_xcom.py
[2025-04-09T22:47:00.480+0000] {logging_mixin.py:190} INFO - [2025-04-09T22:47:00.480+0000] {dag.py:3239} INFO - Sync 1 DAGs
[2025-04-09T22:47:00.488+0000] {logging_mixin.py:190} INFO - [2025-04-09T22:47:00.488+0000] {dag.py:4180} INFO - Setting next_dagrun for example_xcom to 2021-01-01 00:00:00+00:00, run_after=2021-01-01 00:00:00+00:00
[2025-04-09T22:47:00.495+0000] {processor.py:208} INFO - Processing /home/airflow/.local/lib/python3.12/site-packages/airflow/example_dags/example_xcom.py took 0.033 seconds
[2025-04-09T22:47:30.984+0000] {processor.py:186} INFO - Started process (PID=526) to work on /home/airflow/.local/lib/python3.12/site-packages/airflow/example_dags/example_xcom.py
[2025-04-09T22:47:30.985+0000] {processor.py:914} INFO - Processing file /home/airflow/.local/lib/python3.12/site-packages/airflow/example_dags/example_xcom.py for tasks to queue
[2025-04-09T22:47:30.986+0000] {logging_mixin.py:190} INFO - [2025-04-09T22:47:30.986+0000] {dagbag.py:588} INFO - Filling up the DagBag from /home/airflow/.local/lib/python3.12/site-packages/airflow/example_dags/example_xcom.py
[2025-04-09T22:47:30.991+0000] {processor.py:925} INFO - DAG(s) 'example_xcom' retrieved from /home/airflow/.local/lib/python3.12/site-packages/airflow/example_dags/example_xcom.py
[2025-04-09T22:47:31.003+0000] {logging_mixin.py:190} INFO - [2025-04-09T22:47:31.003+0000] {dag.py:3239} INFO - Sync 1 DAGs
[2025-04-09T22:47:31.014+0000] {logging_mixin.py:190} INFO - [2025-04-09T22:47:31.013+0000] {dag.py:4180} INFO - Setting next_dagrun for example_xcom to 2021-01-01 00:00:00+00:00, run_after=2021-01-01 00:00:00+00:00
[2025-04-09T22:47:31.021+0000] {processor.py:208} INFO - Processing /home/airflow/.local/lib/python3.12/site-packages/airflow/example_dags/example_xcom.py took 0.040 seconds
[2025-04-09T22:48:01.488+0000] {processor.py:186} INFO - Started process (PID=590) to work on /home/airflow/.local/lib/python3.12/site-packages/airflow/example_dags/example_xcom.py
[2025-04-09T22:48:01.491+0000] {processor.py:914} INFO - Processing file /home/airflow/.local/lib/python3.12/site-packages/airflow/example_dags/example_xcom.py for tasks to queue
[2025-04-09T22:48:01.492+0000] {logging_mixin.py:190} INFO - [2025-04-09T22:48:01.492+0000] {dagbag.py:588} INFO - Filling up the DagBag from /home/airflow/.local/lib/python3.12/site-packages/airflow/example_dags/example_xcom.py
[2025-04-09T22:48:01.497+0000] {processor.py:925} INFO - DAG(s) 'example_xcom' retrieved from /home/airflow/.local/lib/python3.12/site-packages/airflow/example_dags/example_xcom.py
[2025-04-09T22:48:01.509+0000] {logging_mixin.py:190} INFO - [2025-04-09T22:48:01.509+0000] {dag.py:3239} INFO - Sync 1 DAGs
[2025-04-09T22:48:01.519+0000] {logging_mixin.py:190} INFO - [2025-04-09T22:48:01.519+0000] {dag.py:4180} INFO - Setting next_dagrun for example_xcom to 2021-01-01 00:00:00+00:00, run_after=2021-01-01 00:00:00+00:00
[2025-04-09T22:48:01.530+0000] {processor.py:208} INFO - Processing /home/airflow/.local/lib/python3.12/site-packages/airflow/example_dags/example_xcom.py took 0.045 seconds
[2025-04-09T22:48:32.033+0000] {processor.py:186} INFO - Started process (PID=654) to work on /home/airflow/.local/lib/python3.12/site-packages/airflow/example_dags/example_xcom.py
[2025-04-09T22:48:32.033+0000] {processor.py:914} INFO - Processing file /home/airflow/.local/lib/python3.12/site-packages/airflow/example_dags/example_xcom.py for tasks to queue
[2025-04-09T22:48:32.035+0000] {logging_mixin.py:190} INFO - [2025-04-09T22:48:32.035+0000] {dagbag.py:588} INFO - Filling up the DagBag from /home/airflow/.local/lib/python3.12/site-packages/airflow/example_dags/example_xcom.py
[2025-04-09T22:48:32.040+0000] {processor.py:925} INFO - DAG(s) 'example_xcom' retrieved from /home/airflow/.local/lib/python3.12/site-packages/airflow/example_dags/example_xcom.py
[2025-04-09T22:48:32.049+0000] {logging_mixin.py:190} INFO - [2025-04-09T22:48:32.049+0000] {dag.py:3239} INFO - Sync 1 DAGs
[2025-04-09T22:48:32.060+0000] {logging_mixin.py:190} INFO - [2025-04-09T22:48:32.060+0000] {dag.py:4180} INFO - Setting next_dagrun for example_xcom to 2021-01-01 00:00:00+00:00, run_after=2021-01-01 00:00:00+00:00
[2025-04-09T22:48:32.072+0000] {processor.py:208} INFO - Processing /home/airflow/.local/lib/python3.12/site-packages/airflow/example_dags/example_xcom.py took 0.042 seconds
[2025-04-09T22:49:03.139+0000] {processor.py:186} INFO - Started process (PID=718) to work on /home/airflow/.local/lib/python3.12/site-packages/airflow/example_dags/example_xcom.py
[2025-04-09T22:49:03.139+0000] {processor.py:914} INFO - Processing file /home/airflow/.local/lib/python3.12/site-packages/airflow/example_dags/example_xcom.py for tasks to queue
[2025-04-09T22:49:03.140+0000] {logging_mixin.py:190} INFO - [2025-04-09T22:49:03.140+0000] {dagbag.py:588} INFO - Filling up the DagBag from /home/airflow/.local/lib/python3.12/site-packages/airflow/example_dags/example_xcom.py
[2025-04-09T22:49:03.144+0000] {processor.py:925} INFO - DAG(s) 'example_xcom' retrieved from /home/airflow/.local/lib/python3.12/site-packages/airflow/example_dags/example_xcom.py
[2025-04-09T22:49:03.154+0000] {logging_mixin.py:190} INFO - [2025-04-09T22:49:03.154+0000] {dag.py:3239} INFO - Sync 1 DAGs
[2025-04-09T22:49:03.163+0000] {logging_mixin.py:190} INFO - [2025-04-09T22:49:03.163+0000] {dag.py:4180} INFO - Setting next_dagrun for example_xcom to 2021-01-01 00:00:00+00:00, run_after=2021-01-01 00:00:00+00:00
[2025-04-09T22:49:03.173+0000] {processor.py:208} INFO - Processing /home/airflow/.local/lib/python3.12/site-packages/airflow/example_dags/example_xcom.py took 0.037 seconds
[2025-04-09T22:49:33.278+0000] {processor.py:186} INFO - Started process (PID=782) to work on /home/airflow/.local/lib/python3.12/site-packages/airflow/example_dags/example_xcom.py
[2025-04-09T22:49:33.279+0000] {processor.py:914} INFO - Processing file /home/airflow/.local/lib/python3.12/site-packages/airflow/example_dags/example_xcom.py for tasks to queue
[2025-04-09T22:49:33.280+0000] {logging_mixin.py:190} INFO - [2025-04-09T22:49:33.280+0000] {dagbag.py:588} INFO - Filling up the DagBag from /home/airflow/.local/lib/python3.12/site-packages/airflow/example_dags/example_xcom.py
[2025-04-09T22:49:33.285+0000] {processor.py:925} INFO - DAG(s) 'example_xcom' retrieved from /home/airflow/.local/lib/python3.12/site-packages/airflow/example_dags/example_xcom.py
[2025-04-09T22:49:33.296+0000] {logging_mixin.py:190} INFO - [2025-04-09T22:49:33.296+0000] {dag.py:3239} INFO - Sync 1 DAGs
[2025-04-09T22:49:33.305+0000] {logging_mixin.py:190} INFO - [2025-04-09T22:49:33.305+0000] {dag.py:4180} INFO - Setting next_dagrun for example_xcom to 2021-01-01 00:00:00+00:00, run_after=2021-01-01 00:00:00+00:00
[2025-04-09T22:49:33.314+0000] {processor.py:208} INFO - Processing /home/airflow/.local/lib/python3.12/site-packages/airflow/example_dags/example_xcom.py took 0.039 seconds
[2025-04-09T22:50:03.541+0000] {processor.py:186} INFO - Started process (PID=846) to work on /home/airflow/.local/lib/python3.12/site-packages/airflow/example_dags/example_xcom.py
[2025-04-09T22:50:03.541+0000] {processor.py:914} INFO - Processing file /home/airflow/.local/lib/python3.12/site-packages/airflow/example_dags/example_xcom.py for tasks to queue
[2025-04-09T22:50:03.544+0000] {logging_mixin.py:190} INFO - [2025-04-09T22:50:03.543+0000] {dagbag.py:588} INFO - Filling up the DagBag from /home/airflow/.local/lib/python3.12/site-packages/airflow/example_dags/example_xcom.py
[2025-04-09T22:50:03.550+0000] {processor.py:925} INFO - DAG(s) 'example_xcom' retrieved from /home/airflow/.local/lib/python3.12/site-packages/airflow/example_dags/example_xcom.py
[2025-04-09T22:50:03.561+0000] {logging_mixin.py:190} INFO - [2025-04-09T22:50:03.561+0000] {dag.py:3239} INFO - Sync 1 DAGs
[2025-04-09T22:50:03.574+0000] {logging_mixin.py:190} INFO - [2025-04-09T22:50:03.574+0000] {dag.py:4180} INFO - Setting next_dagrun for example_xcom to 2021-01-01 00:00:00+00:00, run_after=2021-01-01 00:00:00+00:00
[2025-04-09T22:50:03.584+0000] {processor.py:208} INFO - Processing /home/airflow/.local/lib/python3.12/site-packages/airflow/example_dags/example_xcom.py took 0.046 seconds
[2025-04-09T22:50:33.771+0000] {processor.py:186} INFO - Started process (PID=910) to work on /home/airflow/.local/lib/python3.12/site-packages/airflow/example_dags/example_xcom.py
[2025-04-09T22:50:33.771+0000] {processor.py:914} INFO - Processing file /home/airflow/.local/lib/python3.12/site-packages/airflow/example_dags/example_xcom.py for tasks to queue
[2025-04-09T22:50:33.772+0000] {logging_mixin.py:190} INFO - [2025-04-09T22:50:33.772+0000] {dagbag.py:588} INFO - Filling up the DagBag from /home/airflow/.local/lib/python3.12/site-packages/airflow/example_dags/example_xcom.py
[2025-04-09T22:50:33.778+0000] {processor.py:925} INFO - DAG(s) 'example_xcom' retrieved from /home/airflow/.local/lib/python3.12/site-packages/airflow/example_dags/example_xcom.py
[2025-04-09T22:50:33.788+0000] {logging_mixin.py:190} INFO - [2025-04-09T22:50:33.788+0000] {dag.py:3239} INFO - Sync 1 DAGs
[2025-04-09T22:50:33.798+0000] {logging_mixin.py:190} INFO - [2025-04-09T22:50:33.798+0000] {dag.py:4180} INFO - Setting next_dagrun for example_xcom to 2021-01-01 00:00:00+00:00, run_after=2021-01-01 00:00:00+00:00
[2025-04-09T22:50:33.805+0000] {processor.py:208} INFO - Processing /home/airflow/.local/lib/python3.12/site-packages/airflow/example_dags/example_xcom.py took 0.038 seconds
[2025-04-09T22:51:04.793+0000] {processor.py:186} INFO - Started process (PID=974) to work on /home/airflow/.local/lib/python3.12/site-packages/airflow/example_dags/example_xcom.py
[2025-04-09T22:51:04.794+0000] {processor.py:914} INFO - Processing file /home/airflow/.local/lib/python3.12/site-packages/airflow/example_dags/example_xcom.py for tasks to queue
[2025-04-09T22:51:04.795+0000] {logging_mixin.py:190} INFO - [2025-04-09T22:51:04.795+0000] {dagbag.py:588} INFO - Filling up the DagBag from /home/airflow/.local/lib/python3.12/site-packages/airflow/example_dags/example_xcom.py
[2025-04-09T22:51:04.799+0000] {processor.py:925} INFO - DAG(s) 'example_xcom' retrieved from /home/airflow/.local/lib/python3.12/site-packages/airflow/example_dags/example_xcom.py
[2025-04-09T22:51:04.808+0000] {logging_mixin.py:190} INFO - [2025-04-09T22:51:04.808+0000] {dag.py:3239} INFO - Sync 1 DAGs
[2025-04-09T22:51:04.818+0000] {logging_mixin.py:190} INFO - [2025-04-09T22:51:04.817+0000] {dag.py:4180} INFO - Setting next_dagrun for example_xcom to 2021-01-01 00:00:00+00:00, run_after=2021-01-01 00:00:00+00:00
[2025-04-09T22:51:04.824+0000] {processor.py:208} INFO - Processing /home/airflow/.local/lib/python3.12/site-packages/airflow/example_dags/example_xcom.py took 0.034 seconds
[2025-04-09T22:51:34.952+0000] {processor.py:186} INFO - Started process (PID=1038) to work on /home/airflow/.local/lib/python3.12/site-packages/airflow/example_dags/example_xcom.py
[2025-04-09T22:51:34.954+0000] {processor.py:914} INFO - Processing file /home/airflow/.local/lib/python3.12/site-packages/airflow/example_dags/example_xcom.py for tasks to queue
[2025-04-09T22:51:34.955+0000] {logging_mixin.py:190} INFO - [2025-04-09T22:51:34.955+0000] {dagbag.py:588} INFO - Filling up the DagBag from /home/airflow/.local/lib/python3.12/site-packages/airflow/example_dags/example_xcom.py
[2025-04-09T22:51:34.960+0000] {processor.py:925} INFO - DAG(s) 'example_xcom' retrieved from /home/airflow/.local/lib/python3.12/site-packages/airflow/example_dags/example_xcom.py
[2025-04-09T22:51:34.971+0000] {logging_mixin.py:190} INFO - [2025-04-09T22:51:34.971+0000] {dag.py:3239} INFO - Sync 1 DAGs
[2025-04-09T22:51:34.981+0000] {logging_mixin.py:190} INFO - [2025-04-09T22:51:34.981+0000] {dag.py:4180} INFO - Setting next_dagrun for example_xcom to 2021-01-01 00:00:00+00:00, run_after=2021-01-01 00:00:00+00:00
[2025-04-09T22:51:34.991+0000] {processor.py:208} INFO - Processing /home/airflow/.local/lib/python3.12/site-packages/airflow/example_dags/example_xcom.py took 0.041 seconds
[2025-04-09T22:52:05.135+0000] {processor.py:186} INFO - Started process (PID=1102) to work on /home/airflow/.local/lib/python3.12/site-packages/airflow/example_dags/example_xcom.py
[2025-04-09T22:52:05.139+0000] {processor.py:914} INFO - Processing file /home/airflow/.local/lib/python3.12/site-packages/airflow/example_dags/example_xcom.py for tasks to queue
[2025-04-09T22:52:05.140+0000] {logging_mixin.py:190} INFO - [2025-04-09T22:52:05.140+0000] {dagbag.py:588} INFO - Filling up the DagBag from /home/airflow/.local/lib/python3.12/site-packages/airflow/example_dags/example_xcom.py
[2025-04-09T22:52:05.145+0000] {processor.py:925} INFO - DAG(s) 'example_xcom' retrieved from /home/airflow/.local/lib/python3.12/site-packages/airflow/example_dags/example_xcom.py
[2025-04-09T22:52:05.157+0000] {logging_mixin.py:190} INFO - [2025-04-09T22:52:05.157+0000] {dag.py:3239} INFO - Sync 1 DAGs
[2025-04-09T22:52:05.168+0000] {logging_mixin.py:190} INFO - [2025-04-09T22:52:05.168+0000] {dag.py:4180} INFO - Setting next_dagrun for example_xcom to 2021-01-01 00:00:00+00:00, run_after=2021-01-01 00:00:00+00:00
[2025-04-09T22:52:05.177+0000] {processor.py:208} INFO - Processing /home/airflow/.local/lib/python3.12/site-packages/airflow/example_dags/example_xcom.py took 0.045 seconds
[2025-04-09T22:52:35.525+0000] {processor.py:186} INFO - Started process (PID=1166) to work on /home/airflow/.local/lib/python3.12/site-packages/airflow/example_dags/example_xcom.py
[2025-04-09T22:52:35.525+0000] {processor.py:914} INFO - Processing file /home/airflow/.local/lib/python3.12/site-packages/airflow/example_dags/example_xcom.py for tasks to queue
[2025-04-09T22:52:35.527+0000] {logging_mixin.py:190} INFO - [2025-04-09T22:52:35.526+0000] {dagbag.py:588} INFO - Filling up the DagBag from /home/airflow/.local/lib/python3.12/site-packages/airflow/example_dags/example_xcom.py
[2025-04-09T22:52:35.532+0000] {processor.py:925} INFO - DAG(s) 'example_xcom' retrieved from /home/airflow/.local/lib/python3.12/site-packages/airflow/example_dags/example_xcom.py
[2025-04-09T22:52:35.542+0000] {logging_mixin.py:190} INFO - [2025-04-09T22:52:35.542+0000] {dag.py:3239} INFO - Sync 1 DAGs
[2025-04-09T22:52:35.553+0000] {logging_mixin.py:190} INFO - [2025-04-09T22:52:35.553+0000] {dag.py:4180} INFO - Setting next_dagrun for example_xcom to 2021-01-01 00:00:00+00:00, run_after=2021-01-01 00:00:00+00:00
[2025-04-09T22:52:35.562+0000] {processor.py:208} INFO - Processing /home/airflow/.local/lib/python3.12/site-packages/airflow/example_dags/example_xcom.py took 0.040 seconds
[2025-04-09T22:53:05.652+0000] {processor.py:186} INFO - Started process (PID=1230) to work on /home/airflow/.local/lib/python3.12/site-packages/airflow/example_dags/example_xcom.py
[2025-04-09T22:53:05.652+0000] {processor.py:914} INFO - Processing file /home/airflow/.local/lib/python3.12/site-packages/airflow/example_dags/example_xcom.py for tasks to queue
[2025-04-09T22:53:05.653+0000] {logging_mixin.py:190} INFO - [2025-04-09T22:53:05.653+0000] {dagbag.py:588} INFO - Filling up the DagBag from /home/airflow/.local/lib/python3.12/site-packages/airflow/example_dags/example_xcom.py
[2025-04-09T22:53:05.658+0000] {processor.py:925} INFO - DAG(s) 'example_xcom' retrieved from /home/airflow/.local/lib/python3.12/site-packages/airflow/example_dags/example_xcom.py
[2025-04-09T22:53:05.667+0000] {logging_mixin.py:190} INFO - [2025-04-09T22:53:05.666+0000] {dag.py:3239} INFO - Sync 1 DAGs
[2025-04-09T22:53:05.676+0000] {logging_mixin.py:190} INFO - [2025-04-09T22:53:05.676+0000] {dag.py:4180} INFO - Setting next_dagrun for example_xcom to 2021-01-01 00:00:00+00:00, run_after=2021-01-01 00:00:00+00:00
[2025-04-09T22:53:05.683+0000] {processor.py:208} INFO - Processing /home/airflow/.local/lib/python3.12/site-packages/airflow/example_dags/example_xcom.py took 0.034 seconds
[2025-04-09T22:53:36.517+0000] {processor.py:186} INFO - Started process (PID=1294) to work on /home/airflow/.local/lib/python3.12/site-packages/airflow/example_dags/example_xcom.py
[2025-04-09T22:53:36.517+0000] {processor.py:914} INFO - Processing file /home/airflow/.local/lib/python3.12/site-packages/airflow/example_dags/example_xcom.py for tasks to queue
[2025-04-09T22:53:36.518+0000] {logging_mixin.py:190} INFO - [2025-04-09T22:53:36.518+0000] {dagbag.py:588} INFO - Filling up the DagBag from /home/airflow/.local/lib/python3.12/site-packages/airflow/example_dags/example_xcom.py
[2025-04-09T22:53:36.523+0000] {processor.py:925} INFO - DAG(s) 'example_xcom' retrieved from /home/airflow/.local/lib/python3.12/site-packages/airflow/example_dags/example_xcom.py
[2025-04-09T22:53:36.532+0000] {logging_mixin.py:190} INFO - [2025-04-09T22:53:36.532+0000] {dag.py:3239} INFO - Sync 1 DAGs
[2025-04-09T22:53:36.542+0000] {logging_mixin.py:190} INFO - [2025-04-09T22:53:36.542+0000] {dag.py:4180} INFO - Setting next_dagrun for example_xcom to 2021-01-01 00:00:00+00:00, run_after=2021-01-01 00:00:00+00:00
[2025-04-09T22:53:36.549+0000] {processor.py:208} INFO - Processing /home/airflow/.local/lib/python3.12/site-packages/airflow/example_dags/example_xcom.py took 0.035 seconds
[2025-04-09T22:54:06.808+0000] {processor.py:186} INFO - Started process (PID=1358) to work on /home/airflow/.local/lib/python3.12/site-packages/airflow/example_dags/example_xcom.py
[2025-04-09T22:54:06.808+0000] {processor.py:914} INFO - Processing file /home/airflow/.local/lib/python3.12/site-packages/airflow/example_dags/example_xcom.py for tasks to queue
[2025-04-09T22:54:06.810+0000] {logging_mixin.py:190} INFO - [2025-04-09T22:54:06.809+0000] {dagbag.py:588} INFO - Filling up the DagBag from /home/airflow/.local/lib/python3.12/site-packages/airflow/example_dags/example_xcom.py
[2025-04-09T22:54:06.815+0000] {processor.py:925} INFO - DAG(s) 'example_xcom' retrieved from /home/airflow/.local/lib/python3.12/site-packages/airflow/example_dags/example_xcom.py
[2025-04-09T22:54:06.824+0000] {logging_mixin.py:190} INFO - [2025-04-09T22:54:06.824+0000] {dag.py:3239} INFO - Sync 1 DAGs
[2025-04-09T22:54:06.834+0000] {logging_mixin.py:190} INFO - [2025-04-09T22:54:06.834+0000] {dag.py:4180} INFO - Setting next_dagrun for example_xcom to 2021-01-01 00:00:00+00:00, run_after=2021-01-01 00:00:00+00:00
[2025-04-09T22:54:06.843+0000] {processor.py:208} INFO - Processing /home/airflow/.local/lib/python3.12/site-packages/airflow/example_dags/example_xcom.py took 0.038 seconds
[2025-04-09T22:54:37.342+0000] {processor.py:186} INFO - Started process (PID=1422) to work on /home/airflow/.local/lib/python3.12/site-packages/airflow/example_dags/example_xcom.py
[2025-04-09T22:54:37.343+0000] {processor.py:914} INFO - Processing file /home/airflow/.local/lib/python3.12/site-packages/airflow/example_dags/example_xcom.py for tasks to queue
[2025-04-09T22:54:37.346+0000] {logging_mixin.py:190} INFO - [2025-04-09T22:54:37.345+0000] {dagbag.py:588} INFO - Filling up the DagBag from /home/airflow/.local/lib/python3.12/site-packages/airflow/example_dags/example_xcom.py
[2025-04-09T22:54:37.350+0000] {processor.py:925} INFO - DAG(s) 'example_xcom' retrieved from /home/airflow/.local/lib/python3.12/site-packages/airflow/example_dags/example_xcom.py
[2025-04-09T22:54:37.360+0000] {logging_mixin.py:190} INFO - [2025-04-09T22:54:37.360+0000] {dag.py:3239} INFO - Sync 1 DAGs
[2025-04-09T22:54:37.370+0000] {logging_mixin.py:190} INFO - [2025-04-09T22:54:37.370+0000] {dag.py:4180} INFO - Setting next_dagrun for example_xcom to 2021-01-01 00:00:00+00:00, run_after=2021-01-01 00:00:00+00:00
[2025-04-09T22:54:37.378+0000] {processor.py:208} INFO - Processing /home/airflow/.local/lib/python3.12/site-packages/airflow/example_dags/example_xcom.py took 0.039 seconds
[2025-04-09T23:03:42.561+0000] {processor.py:186} INFO - Started process (PID=2573) to work on /home/airflow/.local/lib/python3.12/site-packages/airflow/example_dags/example_xcom.py
[2025-04-09T23:03:42.564+0000] {processor.py:914} INFO - Processing file /home/airflow/.local/lib/python3.12/site-packages/airflow/example_dags/example_xcom.py for tasks to queue
[2025-04-09T23:03:42.566+0000] {logging_mixin.py:190} INFO - [2025-04-09T23:03:42.565+0000] {dagbag.py:588} INFO - Filling up the DagBag from /home/airflow/.local/lib/python3.12/site-packages/airflow/example_dags/example_xcom.py
[2025-04-09T23:03:42.571+0000] {processor.py:925} INFO - DAG(s) 'example_xcom' retrieved from /home/airflow/.local/lib/python3.12/site-packages/airflow/example_dags/example_xcom.py
[2025-04-09T23:03:42.584+0000] {logging_mixin.py:190} INFO - [2025-04-09T23:03:42.584+0000] {dag.py:3239} INFO - Sync 1 DAGs
[2025-04-09T23:03:42.594+0000] {logging_mixin.py:190} INFO - [2025-04-09T23:03:42.594+0000] {dag.py:4180} INFO - Setting next_dagrun for example_xcom to 2021-01-01 00:00:00+00:00, run_after=2021-01-01 00:00:00+00:00
[2025-04-09T23:03:42.603+0000] {processor.py:208} INFO - Processing /home/airflow/.local/lib/python3.12/site-packages/airflow/example_dags/example_xcom.py took 0.045 seconds
[2025-04-09T23:04:12.862+0000] {processor.py:186} INFO - Started process (PID=2637) to work on /home/airflow/.local/lib/python3.12/site-packages/airflow/example_dags/example_xcom.py
[2025-04-09T23:04:12.862+0000] {processor.py:914} INFO - Processing file /home/airflow/.local/lib/python3.12/site-packages/airflow/example_dags/example_xcom.py for tasks to queue
[2025-04-09T23:04:12.863+0000] {logging_mixin.py:190} INFO - [2025-04-09T23:04:12.863+0000] {dagbag.py:588} INFO - Filling up the DagBag from /home/airflow/.local/lib/python3.12/site-packages/airflow/example_dags/example_xcom.py
[2025-04-09T23:04:12.868+0000] {processor.py:925} INFO - DAG(s) 'example_xcom' retrieved from /home/airflow/.local/lib/python3.12/site-packages/airflow/example_dags/example_xcom.py
[2025-04-09T23:04:12.877+0000] {logging_mixin.py:190} INFO - [2025-04-09T23:04:12.877+0000] {dag.py:3239} INFO - Sync 1 DAGs
[2025-04-09T23:04:12.886+0000] {logging_mixin.py:190} INFO - [2025-04-09T23:04:12.885+0000] {dag.py:4180} INFO - Setting next_dagrun for example_xcom to 2021-01-01 00:00:00+00:00, run_after=2021-01-01 00:00:00+00:00
[2025-04-09T23:04:12.892+0000] {processor.py:208} INFO - Processing /home/airflow/.local/lib/python3.12/site-packages/airflow/example_dags/example_xcom.py took 0.033 seconds
[2025-04-09T23:04:43.326+0000] {processor.py:186} INFO - Started process (PID=2702) to work on /home/airflow/.local/lib/python3.12/site-packages/airflow/example_dags/example_xcom.py
[2025-04-09T23:04:43.326+0000] {processor.py:914} INFO - Processing file /home/airflow/.local/lib/python3.12/site-packages/airflow/example_dags/example_xcom.py for tasks to queue
[2025-04-09T23:04:43.327+0000] {logging_mixin.py:190} INFO - [2025-04-09T23:04:43.327+0000] {dagbag.py:588} INFO - Filling up the DagBag from /home/airflow/.local/lib/python3.12/site-packages/airflow/example_dags/example_xcom.py
[2025-04-09T23:04:43.332+0000] {processor.py:925} INFO - DAG(s) 'example_xcom' retrieved from /home/airflow/.local/lib/python3.12/site-packages/airflow/example_dags/example_xcom.py
[2025-04-09T23:04:43.341+0000] {logging_mixin.py:190} INFO - [2025-04-09T23:04:43.341+0000] {dag.py:3239} INFO - Sync 1 DAGs
[2025-04-09T23:04:43.352+0000] {logging_mixin.py:190} INFO - [2025-04-09T23:04:43.351+0000] {dag.py:4180} INFO - Setting next_dagrun for example_xcom to 2021-01-01 00:00:00+00:00, run_after=2021-01-01 00:00:00+00:00
[2025-04-09T23:04:43.363+0000] {processor.py:208} INFO - Processing /home/airflow/.local/lib/python3.12/site-packages/airflow/example_dags/example_xcom.py took 0.041 seconds
[2025-04-09T23:05:13.454+0000] {processor.py:186} INFO - Started process (PID=2766) to work on /home/airflow/.local/lib/python3.12/site-packages/airflow/example_dags/example_xcom.py
[2025-04-09T23:05:13.455+0000] {processor.py:914} INFO - Processing file /home/airflow/.local/lib/python3.12/site-packages/airflow/example_dags/example_xcom.py for tasks to queue
[2025-04-09T23:05:13.457+0000] {logging_mixin.py:190} INFO - [2025-04-09T23:05:13.457+0000] {dagbag.py:588} INFO - Filling up the DagBag from /home/airflow/.local/lib/python3.12/site-packages/airflow/example_dags/example_xcom.py
[2025-04-09T23:05:13.461+0000] {processor.py:925} INFO - DAG(s) 'example_xcom' retrieved from /home/airflow/.local/lib/python3.12/site-packages/airflow/example_dags/example_xcom.py
[2025-04-09T23:05:13.472+0000] {logging_mixin.py:190} INFO - [2025-04-09T23:05:13.472+0000] {dag.py:3239} INFO - Sync 1 DAGs
[2025-04-09T23:05:13.483+0000] {logging_mixin.py:190} INFO - [2025-04-09T23:05:13.483+0000] {dag.py:4180} INFO - Setting next_dagrun for example_xcom to 2021-01-01 00:00:00+00:00, run_after=2021-01-01 00:00:00+00:00
[2025-04-09T23:05:13.493+0000] {processor.py:208} INFO - Processing /home/airflow/.local/lib/python3.12/site-packages/airflow/example_dags/example_xcom.py took 0.042 seconds
[2025-04-09T23:05:43.609+0000] {processor.py:186} INFO - Started process (PID=2830) to work on /home/airflow/.local/lib/python3.12/site-packages/airflow/example_dags/example_xcom.py
[2025-04-09T23:05:43.610+0000] {processor.py:914} INFO - Processing file /home/airflow/.local/lib/python3.12/site-packages/airflow/example_dags/example_xcom.py for tasks to queue
[2025-04-09T23:05:43.611+0000] {logging_mixin.py:190} INFO - [2025-04-09T23:05:43.611+0000] {dagbag.py:588} INFO - Filling up the DagBag from /home/airflow/.local/lib/python3.12/site-packages/airflow/example_dags/example_xcom.py
[2025-04-09T23:05:43.616+0000] {processor.py:925} INFO - DAG(s) 'example_xcom' retrieved from /home/airflow/.local/lib/python3.12/site-packages/airflow/example_dags/example_xcom.py
[2025-04-09T23:05:43.626+0000] {logging_mixin.py:190} INFO - [2025-04-09T23:05:43.626+0000] {dag.py:3239} INFO - Sync 1 DAGs
[2025-04-09T23:05:43.636+0000] {logging_mixin.py:190} INFO - [2025-04-09T23:05:43.636+0000] {dag.py:4180} INFO - Setting next_dagrun for example_xcom to 2021-01-01 00:00:00+00:00, run_after=2021-01-01 00:00:00+00:00
[2025-04-09T23:05:43.643+0000] {processor.py:208} INFO - Processing /home/airflow/.local/lib/python3.12/site-packages/airflow/example_dags/example_xcom.py took 0.039 seconds
[2025-04-09T23:06:13.839+0000] {processor.py:186} INFO - Started process (PID=2894) to work on /home/airflow/.local/lib/python3.12/site-packages/airflow/example_dags/example_xcom.py
[2025-04-09T23:06:13.841+0000] {processor.py:914} INFO - Processing file /home/airflow/.local/lib/python3.12/site-packages/airflow/example_dags/example_xcom.py for tasks to queue
[2025-04-09T23:06:13.842+0000] {logging_mixin.py:190} INFO - [2025-04-09T23:06:13.842+0000] {dagbag.py:588} INFO - Filling up the DagBag from /home/airflow/.local/lib/python3.12/site-packages/airflow/example_dags/example_xcom.py
[2025-04-09T23:06:13.847+0000] {processor.py:925} INFO - DAG(s) 'example_xcom' retrieved from /home/airflow/.local/lib/python3.12/site-packages/airflow/example_dags/example_xcom.py
[2025-04-09T23:06:13.856+0000] {logging_mixin.py:190} INFO - [2025-04-09T23:06:13.856+0000] {dag.py:3239} INFO - Sync 1 DAGs
[2025-04-09T23:06:13.865+0000] {logging_mixin.py:190} INFO - [2025-04-09T23:06:13.865+0000] {dag.py:4180} INFO - Setting next_dagrun for example_xcom to 2021-01-01 00:00:00+00:00, run_after=2021-01-01 00:00:00+00:00
[2025-04-09T23:06:13.877+0000] {processor.py:208} INFO - Processing /home/airflow/.local/lib/python3.12/site-packages/airflow/example_dags/example_xcom.py took 0.041 seconds
[2025-04-09T23:06:43.948+0000] {processor.py:186} INFO - Started process (PID=2957) to work on /home/airflow/.local/lib/python3.12/site-packages/airflow/example_dags/example_xcom.py
[2025-04-09T23:06:43.949+0000] {processor.py:914} INFO - Processing file /home/airflow/.local/lib/python3.12/site-packages/airflow/example_dags/example_xcom.py for tasks to queue
[2025-04-09T23:06:43.951+0000] {logging_mixin.py:190} INFO - [2025-04-09T23:06:43.951+0000] {dagbag.py:588} INFO - Filling up the DagBag from /home/airflow/.local/lib/python3.12/site-packages/airflow/example_dags/example_xcom.py
[2025-04-09T23:06:43.956+0000] {processor.py:925} INFO - DAG(s) 'example_xcom' retrieved from /home/airflow/.local/lib/python3.12/site-packages/airflow/example_dags/example_xcom.py
[2025-04-09T23:06:43.967+0000] {logging_mixin.py:190} INFO - [2025-04-09T23:06:43.967+0000] {dag.py:3239} INFO - Sync 1 DAGs
[2025-04-09T23:06:43.977+0000] {logging_mixin.py:190} INFO - [2025-04-09T23:06:43.977+0000] {dag.py:4180} INFO - Setting next_dagrun for example_xcom to 2021-01-01 00:00:00+00:00, run_after=2021-01-01 00:00:00+00:00
[2025-04-09T23:06:43.985+0000] {processor.py:208} INFO - Processing /home/airflow/.local/lib/python3.12/site-packages/airflow/example_dags/example_xcom.py took 0.040 seconds
