[2025-04-09T22:43:55.846+0000] {processor.py:186} INFO - Started process (PID=53) to work on /home/airflow/.local/lib/python3.12/site-packages/airflow/example_dags/example_latest_only.py
[2025-04-09T22:43:55.847+0000] {processor.py:914} INFO - Processing file /home/airflow/.local/lib/python3.12/site-packages/airflow/example_dags/example_latest_only.py for tasks to queue
[2025-04-09T22:43:55.849+0000] {logging_mixin.py:190} INFO - [2025-04-09T22:43:55.849+0000] {dagbag.py:588} INFO - Filling up the DagBag from /home/airflow/.local/lib/python3.12/site-packages/airflow/example_dags/example_latest_only.py
[2025-04-09T22:43:55.855+0000] {processor.py:925} INFO - DAG(s) 'latest_only' retrieved from /home/airflow/.local/lib/python3.12/site-packages/airflow/example_dags/example_latest_only.py
[2025-04-09T22:43:56.006+0000] {logging_mixin.py:190} INFO - [2025-04-09T22:43:56.006+0000] {dag.py:3239} INFO - Sync 1 DAGs
[2025-04-09T22:43:56.018+0000] {logging_mixin.py:190} INFO - [2025-04-09T22:43:56.018+0000] {dag.py:4180} INFO - Setting next_dagrun for latest_only to 2025-04-09 16:00:00+00:00, run_after=2025-04-09 20:00:00+00:00
[2025-04-09T22:43:56.028+0000] {processor.py:208} INFO - Processing /home/airflow/.local/lib/python3.12/site-packages/airflow/example_dags/example_latest_only.py took 0.189 seconds
[2025-04-09T22:44:26.828+0000] {processor.py:186} INFO - Started process (PID=121) to work on /home/airflow/.local/lib/python3.12/site-packages/airflow/example_dags/example_latest_only.py
[2025-04-09T22:44:26.829+0000] {processor.py:914} INFO - Processing file /home/airflow/.local/lib/python3.12/site-packages/airflow/example_dags/example_latest_only.py for tasks to queue
[2025-04-09T22:44:26.830+0000] {logging_mixin.py:190} INFO - [2025-04-09T22:44:26.830+0000] {dagbag.py:588} INFO - Filling up the DagBag from /home/airflow/.local/lib/python3.12/site-packages/airflow/example_dags/example_latest_only.py
[2025-04-09T22:44:26.834+0000] {processor.py:925} INFO - DAG(s) 'latest_only' retrieved from /home/airflow/.local/lib/python3.12/site-packages/airflow/example_dags/example_latest_only.py
[2025-04-09T22:44:26.847+0000] {logging_mixin.py:190} INFO - [2025-04-09T22:44:26.846+0000] {dag.py:3239} INFO - Sync 1 DAGs
[2025-04-09T22:44:26.861+0000] {logging_mixin.py:190} INFO - [2025-04-09T22:44:26.861+0000] {dag.py:4180} INFO - Setting next_dagrun for latest_only to 2025-04-09 16:00:00+00:00, run_after=2025-04-09 20:00:00+00:00
[2025-04-09T22:44:26.873+0000] {processor.py:208} INFO - Processing /home/airflow/.local/lib/python3.12/site-packages/airflow/example_dags/example_latest_only.py took 0.048 seconds
[2025-04-09T22:44:57.070+0000] {processor.py:186} INFO - Started process (PID=185) to work on /home/airflow/.local/lib/python3.12/site-packages/airflow/example_dags/example_latest_only.py
[2025-04-09T22:44:57.070+0000] {processor.py:914} INFO - Processing file /home/airflow/.local/lib/python3.12/site-packages/airflow/example_dags/example_latest_only.py for tasks to queue
[2025-04-09T22:44:57.072+0000] {logging_mixin.py:190} INFO - [2025-04-09T22:44:57.071+0000] {dagbag.py:588} INFO - Filling up the DagBag from /home/airflow/.local/lib/python3.12/site-packages/airflow/example_dags/example_latest_only.py
[2025-04-09T22:44:57.076+0000] {processor.py:925} INFO - DAG(s) 'latest_only' retrieved from /home/airflow/.local/lib/python3.12/site-packages/airflow/example_dags/example_latest_only.py
[2025-04-09T22:44:57.084+0000] {logging_mixin.py:190} INFO - [2025-04-09T22:44:57.084+0000] {dag.py:3239} INFO - Sync 1 DAGs
[2025-04-09T22:44:57.093+0000] {logging_mixin.py:190} INFO - [2025-04-09T22:44:57.093+0000] {dag.py:4180} INFO - Setting next_dagrun for latest_only to 2025-04-09 16:00:00+00:00, run_after=2025-04-09 20:00:00+00:00
[2025-04-09T22:44:57.100+0000] {processor.py:208} INFO - Processing /home/airflow/.local/lib/python3.12/site-packages/airflow/example_dags/example_latest_only.py took 0.034 seconds
[2025-04-09T22:45:28.037+0000] {processor.py:186} INFO - Started process (PID=249) to work on /home/airflow/.local/lib/python3.12/site-packages/airflow/example_dags/example_latest_only.py
[2025-04-09T22:45:28.041+0000] {processor.py:914} INFO - Processing file /home/airflow/.local/lib/python3.12/site-packages/airflow/example_dags/example_latest_only.py for tasks to queue
[2025-04-09T22:45:28.046+0000] {logging_mixin.py:190} INFO - [2025-04-09T22:45:28.046+0000] {dagbag.py:588} INFO - Filling up the DagBag from /home/airflow/.local/lib/python3.12/site-packages/airflow/example_dags/example_latest_only.py
[2025-04-09T22:45:28.050+0000] {processor.py:925} INFO - DAG(s) 'latest_only' retrieved from /home/airflow/.local/lib/python3.12/site-packages/airflow/example_dags/example_latest_only.py
[2025-04-09T22:45:28.061+0000] {logging_mixin.py:190} INFO - [2025-04-09T22:45:28.061+0000] {dag.py:3239} INFO - Sync 1 DAGs
[2025-04-09T22:45:28.071+0000] {logging_mixin.py:190} INFO - [2025-04-09T22:45:28.070+0000] {dag.py:4180} INFO - Setting next_dagrun for latest_only to 2025-04-09 16:00:00+00:00, run_after=2025-04-09 20:00:00+00:00
[2025-04-09T22:45:28.077+0000] {processor.py:208} INFO - Processing /home/airflow/.local/lib/python3.12/site-packages/airflow/example_dags/example_latest_only.py took 0.044 seconds
[2025-04-09T22:45:58.263+0000] {processor.py:186} INFO - Started process (PID=313) to work on /home/airflow/.local/lib/python3.12/site-packages/airflow/example_dags/example_latest_only.py
[2025-04-09T22:45:58.265+0000] {processor.py:914} INFO - Processing file /home/airflow/.local/lib/python3.12/site-packages/airflow/example_dags/example_latest_only.py for tasks to queue
[2025-04-09T22:45:58.267+0000] {logging_mixin.py:190} INFO - [2025-04-09T22:45:58.267+0000] {dagbag.py:588} INFO - Filling up the DagBag from /home/airflow/.local/lib/python3.12/site-packages/airflow/example_dags/example_latest_only.py
[2025-04-09T22:45:58.271+0000] {processor.py:925} INFO - DAG(s) 'latest_only' retrieved from /home/airflow/.local/lib/python3.12/site-packages/airflow/example_dags/example_latest_only.py
[2025-04-09T22:45:58.283+0000] {logging_mixin.py:190} INFO - [2025-04-09T22:45:58.283+0000] {dag.py:3239} INFO - Sync 1 DAGs
[2025-04-09T22:45:58.295+0000] {logging_mixin.py:190} INFO - [2025-04-09T22:45:58.295+0000] {dag.py:4180} INFO - Setting next_dagrun for latest_only to 2025-04-09 16:00:00+00:00, run_after=2025-04-09 20:00:00+00:00
[2025-04-09T22:45:58.308+0000] {processor.py:208} INFO - Processing /home/airflow/.local/lib/python3.12/site-packages/airflow/example_dags/example_latest_only.py took 0.050 seconds
[2025-04-09T22:46:28.634+0000] {processor.py:186} INFO - Started process (PID=377) to work on /home/airflow/.local/lib/python3.12/site-packages/airflow/example_dags/example_latest_only.py
[2025-04-09T22:46:28.634+0000] {processor.py:914} INFO - Processing file /home/airflow/.local/lib/python3.12/site-packages/airflow/example_dags/example_latest_only.py for tasks to queue
[2025-04-09T22:46:28.635+0000] {logging_mixin.py:190} INFO - [2025-04-09T22:46:28.635+0000] {dagbag.py:588} INFO - Filling up the DagBag from /home/airflow/.local/lib/python3.12/site-packages/airflow/example_dags/example_latest_only.py
[2025-04-09T22:46:28.639+0000] {processor.py:925} INFO - DAG(s) 'latest_only' retrieved from /home/airflow/.local/lib/python3.12/site-packages/airflow/example_dags/example_latest_only.py
[2025-04-09T22:46:28.647+0000] {logging_mixin.py:190} INFO - [2025-04-09T22:46:28.647+0000] {dag.py:3239} INFO - Sync 1 DAGs
[2025-04-09T22:46:28.655+0000] {logging_mixin.py:190} INFO - [2025-04-09T22:46:28.655+0000] {dag.py:4180} INFO - Setting next_dagrun for latest_only to 2025-04-09 16:00:00+00:00, run_after=2025-04-09 20:00:00+00:00
[2025-04-09T22:46:28.662+0000] {processor.py:208} INFO - Processing /home/airflow/.local/lib/python3.12/site-packages/airflow/example_dags/example_latest_only.py took 0.031 seconds
[2025-04-09T22:46:58.871+0000] {processor.py:186} INFO - Started process (PID=440) to work on /home/airflow/.local/lib/python3.12/site-packages/airflow/example_dags/example_latest_only.py
[2025-04-09T22:46:58.872+0000] {processor.py:914} INFO - Processing file /home/airflow/.local/lib/python3.12/site-packages/airflow/example_dags/example_latest_only.py for tasks to queue
[2025-04-09T22:46:58.874+0000] {logging_mixin.py:190} INFO - [2025-04-09T22:46:58.873+0000] {dagbag.py:588} INFO - Filling up the DagBag from /home/airflow/.local/lib/python3.12/site-packages/airflow/example_dags/example_latest_only.py
[2025-04-09T22:46:58.877+0000] {processor.py:925} INFO - DAG(s) 'latest_only' retrieved from /home/airflow/.local/lib/python3.12/site-packages/airflow/example_dags/example_latest_only.py
[2025-04-09T22:46:58.887+0000] {logging_mixin.py:190} INFO - [2025-04-09T22:46:58.887+0000] {dag.py:3239} INFO - Sync 1 DAGs
[2025-04-09T22:46:58.898+0000] {logging_mixin.py:190} INFO - [2025-04-09T22:46:58.898+0000] {dag.py:4180} INFO - Setting next_dagrun for latest_only to 2025-04-09 16:00:00+00:00, run_after=2025-04-09 20:00:00+00:00
[2025-04-09T22:46:58.906+0000] {processor.py:208} INFO - Processing /home/airflow/.local/lib/python3.12/site-packages/airflow/example_dags/example_latest_only.py took 0.040 seconds
[2025-04-09T22:47:29.311+0000] {processor.py:186} INFO - Started process (PID=504) to work on /home/airflow/.local/lib/python3.12/site-packages/airflow/example_dags/example_latest_only.py
[2025-04-09T22:47:29.312+0000] {processor.py:914} INFO - Processing file /home/airflow/.local/lib/python3.12/site-packages/airflow/example_dags/example_latest_only.py for tasks to queue
[2025-04-09T22:47:29.314+0000] {logging_mixin.py:190} INFO - [2025-04-09T22:47:29.314+0000] {dagbag.py:588} INFO - Filling up the DagBag from /home/airflow/.local/lib/python3.12/site-packages/airflow/example_dags/example_latest_only.py
[2025-04-09T22:47:29.318+0000] {processor.py:925} INFO - DAG(s) 'latest_only' retrieved from /home/airflow/.local/lib/python3.12/site-packages/airflow/example_dags/example_latest_only.py
[2025-04-09T22:47:29.330+0000] {logging_mixin.py:190} INFO - [2025-04-09T22:47:29.330+0000] {dag.py:3239} INFO - Sync 1 DAGs
[2025-04-09T22:47:29.342+0000] {logging_mixin.py:190} INFO - [2025-04-09T22:47:29.342+0000] {dag.py:4180} INFO - Setting next_dagrun for latest_only to 2025-04-09 16:00:00+00:00, run_after=2025-04-09 20:00:00+00:00
[2025-04-09T22:47:29.352+0000] {processor.py:208} INFO - Processing /home/airflow/.local/lib/python3.12/site-packages/airflow/example_dags/example_latest_only.py took 0.049 seconds
[2025-04-09T22:47:59.788+0000] {processor.py:186} INFO - Started process (PID=574) to work on /home/airflow/.local/lib/python3.12/site-packages/airflow/example_dags/example_latest_only.py
[2025-04-09T22:47:59.788+0000] {processor.py:914} INFO - Processing file /home/airflow/.local/lib/python3.12/site-packages/airflow/example_dags/example_latest_only.py for tasks to queue
[2025-04-09T22:47:59.790+0000] {logging_mixin.py:190} INFO - [2025-04-09T22:47:59.789+0000] {dagbag.py:588} INFO - Filling up the DagBag from /home/airflow/.local/lib/python3.12/site-packages/airflow/example_dags/example_latest_only.py
[2025-04-09T22:47:59.794+0000] {processor.py:925} INFO - DAG(s) 'latest_only' retrieved from /home/airflow/.local/lib/python3.12/site-packages/airflow/example_dags/example_latest_only.py
[2025-04-09T22:47:59.806+0000] {logging_mixin.py:190} INFO - [2025-04-09T22:47:59.806+0000] {dag.py:3239} INFO - Sync 1 DAGs
[2025-04-09T22:47:59.818+0000] {logging_mixin.py:190} INFO - [2025-04-09T22:47:59.817+0000] {dag.py:4180} INFO - Setting next_dagrun for latest_only to 2025-04-09 16:00:00+00:00, run_after=2025-04-09 20:00:00+00:00
[2025-04-09T22:47:59.827+0000] {processor.py:208} INFO - Processing /home/airflow/.local/lib/python3.12/site-packages/airflow/example_dags/example_latest_only.py took 0.043 seconds
[2025-04-09T22:48:30.328+0000] {processor.py:186} INFO - Started process (PID=638) to work on /home/airflow/.local/lib/python3.12/site-packages/airflow/example_dags/example_latest_only.py
[2025-04-09T22:48:30.330+0000] {processor.py:914} INFO - Processing file /home/airflow/.local/lib/python3.12/site-packages/airflow/example_dags/example_latest_only.py for tasks to queue
[2025-04-09T22:48:30.332+0000] {logging_mixin.py:190} INFO - [2025-04-09T22:48:30.332+0000] {dagbag.py:588} INFO - Filling up the DagBag from /home/airflow/.local/lib/python3.12/site-packages/airflow/example_dags/example_latest_only.py
[2025-04-09T22:48:30.336+0000] {processor.py:925} INFO - DAG(s) 'latest_only' retrieved from /home/airflow/.local/lib/python3.12/site-packages/airflow/example_dags/example_latest_only.py
[2025-04-09T22:48:30.347+0000] {logging_mixin.py:190} INFO - [2025-04-09T22:48:30.347+0000] {dag.py:3239} INFO - Sync 1 DAGs
[2025-04-09T22:48:30.360+0000] {logging_mixin.py:190} INFO - [2025-04-09T22:48:30.360+0000] {dag.py:4180} INFO - Setting next_dagrun for latest_only to 2025-04-09 16:00:00+00:00, run_after=2025-04-09 20:00:00+00:00
[2025-04-09T22:48:30.368+0000] {processor.py:208} INFO - Processing /home/airflow/.local/lib/python3.12/site-packages/airflow/example_dags/example_latest_only.py took 0.043 seconds
[2025-04-09T22:49:00.509+0000] {processor.py:186} INFO - Started process (PID=702) to work on /home/airflow/.local/lib/python3.12/site-packages/airflow/example_dags/example_latest_only.py
[2025-04-09T22:49:00.510+0000] {processor.py:914} INFO - Processing file /home/airflow/.local/lib/python3.12/site-packages/airflow/example_dags/example_latest_only.py for tasks to queue
[2025-04-09T22:49:00.511+0000] {logging_mixin.py:190} INFO - [2025-04-09T22:49:00.511+0000] {dagbag.py:588} INFO - Filling up the DagBag from /home/airflow/.local/lib/python3.12/site-packages/airflow/example_dags/example_latest_only.py
[2025-04-09T22:49:00.516+0000] {processor.py:925} INFO - DAG(s) 'latest_only' retrieved from /home/airflow/.local/lib/python3.12/site-packages/airflow/example_dags/example_latest_only.py
[2025-04-09T22:49:00.529+0000] {logging_mixin.py:190} INFO - [2025-04-09T22:49:00.528+0000] {dag.py:3239} INFO - Sync 1 DAGs
[2025-04-09T22:49:00.540+0000] {logging_mixin.py:190} INFO - [2025-04-09T22:49:00.540+0000] {dag.py:4180} INFO - Setting next_dagrun for latest_only to 2025-04-09 16:00:00+00:00, run_after=2025-04-09 20:00:00+00:00
[2025-04-09T22:49:00.548+0000] {processor.py:208} INFO - Processing /home/airflow/.local/lib/python3.12/site-packages/airflow/example_dags/example_latest_only.py took 0.043 seconds
[2025-04-09T22:49:30.667+0000] {processor.py:186} INFO - Started process (PID=766) to work on /home/airflow/.local/lib/python3.12/site-packages/airflow/example_dags/example_latest_only.py
[2025-04-09T22:49:30.667+0000] {processor.py:914} INFO - Processing file /home/airflow/.local/lib/python3.12/site-packages/airflow/example_dags/example_latest_only.py for tasks to queue
[2025-04-09T22:49:30.668+0000] {logging_mixin.py:190} INFO - [2025-04-09T22:49:30.668+0000] {dagbag.py:588} INFO - Filling up the DagBag from /home/airflow/.local/lib/python3.12/site-packages/airflow/example_dags/example_latest_only.py
[2025-04-09T22:49:30.673+0000] {processor.py:925} INFO - DAG(s) 'latest_only' retrieved from /home/airflow/.local/lib/python3.12/site-packages/airflow/example_dags/example_latest_only.py
[2025-04-09T22:49:30.682+0000] {logging_mixin.py:190} INFO - [2025-04-09T22:49:30.682+0000] {dag.py:3239} INFO - Sync 1 DAGs
[2025-04-09T22:49:30.692+0000] {logging_mixin.py:190} INFO - [2025-04-09T22:49:30.692+0000] {dag.py:4180} INFO - Setting next_dagrun for latest_only to 2025-04-09 16:00:00+00:00, run_after=2025-04-09 20:00:00+00:00
[2025-04-09T22:49:30.700+0000] {processor.py:208} INFO - Processing /home/airflow/.local/lib/python3.12/site-packages/airflow/example_dags/example_latest_only.py took 0.036 seconds
[2025-04-09T22:50:00.925+0000] {processor.py:186} INFO - Started process (PID=830) to work on /home/airflow/.local/lib/python3.12/site-packages/airflow/example_dags/example_latest_only.py
[2025-04-09T22:50:00.928+0000] {processor.py:914} INFO - Processing file /home/airflow/.local/lib/python3.12/site-packages/airflow/example_dags/example_latest_only.py for tasks to queue
[2025-04-09T22:50:00.932+0000] {logging_mixin.py:190} INFO - [2025-04-09T22:50:00.932+0000] {dagbag.py:588} INFO - Filling up the DagBag from /home/airflow/.local/lib/python3.12/site-packages/airflow/example_dags/example_latest_only.py
[2025-04-09T22:50:00.936+0000] {processor.py:925} INFO - DAG(s) 'latest_only' retrieved from /home/airflow/.local/lib/python3.12/site-packages/airflow/example_dags/example_latest_only.py
[2025-04-09T22:50:00.948+0000] {logging_mixin.py:190} INFO - [2025-04-09T22:50:00.948+0000] {dag.py:3239} INFO - Sync 1 DAGs
[2025-04-09T22:50:00.958+0000] {logging_mixin.py:190} INFO - [2025-04-09T22:50:00.958+0000] {dag.py:4180} INFO - Setting next_dagrun for latest_only to 2025-04-09 16:00:00+00:00, run_after=2025-04-09 20:00:00+00:00
[2025-04-09T22:50:00.967+0000] {processor.py:208} INFO - Processing /home/airflow/.local/lib/python3.12/site-packages/airflow/example_dags/example_latest_only.py took 0.046 seconds
[2025-04-09T22:50:31.121+0000] {processor.py:186} INFO - Started process (PID=894) to work on /home/airflow/.local/lib/python3.12/site-packages/airflow/example_dags/example_latest_only.py
[2025-04-09T22:50:31.122+0000] {processor.py:914} INFO - Processing file /home/airflow/.local/lib/python3.12/site-packages/airflow/example_dags/example_latest_only.py for tasks to queue
[2025-04-09T22:50:31.123+0000] {logging_mixin.py:190} INFO - [2025-04-09T22:50:31.123+0000] {dagbag.py:588} INFO - Filling up the DagBag from /home/airflow/.local/lib/python3.12/site-packages/airflow/example_dags/example_latest_only.py
[2025-04-09T22:50:31.127+0000] {processor.py:925} INFO - DAG(s) 'latest_only' retrieved from /home/airflow/.local/lib/python3.12/site-packages/airflow/example_dags/example_latest_only.py
[2025-04-09T22:50:31.136+0000] {logging_mixin.py:190} INFO - [2025-04-09T22:50:31.136+0000] {dag.py:3239} INFO - Sync 1 DAGs
[2025-04-09T22:50:31.146+0000] {logging_mixin.py:190} INFO - [2025-04-09T22:50:31.146+0000] {dag.py:4180} INFO - Setting next_dagrun for latest_only to 2025-04-09 16:00:00+00:00, run_after=2025-04-09 20:00:00+00:00
[2025-04-09T22:50:31.152+0000] {processor.py:208} INFO - Processing /home/airflow/.local/lib/python3.12/site-packages/airflow/example_dags/example_latest_only.py took 0.034 seconds
[2025-04-09T22:51:02.182+0000] {processor.py:186} INFO - Started process (PID=958) to work on /home/airflow/.local/lib/python3.12/site-packages/airflow/example_dags/example_latest_only.py
[2025-04-09T22:51:02.182+0000] {processor.py:914} INFO - Processing file /home/airflow/.local/lib/python3.12/site-packages/airflow/example_dags/example_latest_only.py for tasks to queue
[2025-04-09T22:51:02.184+0000] {logging_mixin.py:190} INFO - [2025-04-09T22:51:02.184+0000] {dagbag.py:588} INFO - Filling up the DagBag from /home/airflow/.local/lib/python3.12/site-packages/airflow/example_dags/example_latest_only.py
[2025-04-09T22:51:02.189+0000] {processor.py:925} INFO - DAG(s) 'latest_only' retrieved from /home/airflow/.local/lib/python3.12/site-packages/airflow/example_dags/example_latest_only.py
[2025-04-09T22:51:02.198+0000] {logging_mixin.py:190} INFO - [2025-04-09T22:51:02.197+0000] {dag.py:3239} INFO - Sync 1 DAGs
[2025-04-09T22:51:02.209+0000] {logging_mixin.py:190} INFO - [2025-04-09T22:51:02.208+0000] {dag.py:4180} INFO - Setting next_dagrun for latest_only to 2025-04-09 16:00:00+00:00, run_after=2025-04-09 20:00:00+00:00
[2025-04-09T22:51:02.219+0000] {processor.py:208} INFO - Processing /home/airflow/.local/lib/python3.12/site-packages/airflow/example_dags/example_latest_only.py took 0.040 seconds
[2025-04-09T22:51:32.399+0000] {processor.py:186} INFO - Started process (PID=1022) to work on /home/airflow/.local/lib/python3.12/site-packages/airflow/example_dags/example_latest_only.py
[2025-04-09T22:51:32.400+0000] {processor.py:914} INFO - Processing file /home/airflow/.local/lib/python3.12/site-packages/airflow/example_dags/example_latest_only.py for tasks to queue
[2025-04-09T22:51:32.401+0000] {logging_mixin.py:190} INFO - [2025-04-09T22:51:32.400+0000] {dagbag.py:588} INFO - Filling up the DagBag from /home/airflow/.local/lib/python3.12/site-packages/airflow/example_dags/example_latest_only.py
[2025-04-09T22:51:32.405+0000] {processor.py:925} INFO - DAG(s) 'latest_only' retrieved from /home/airflow/.local/lib/python3.12/site-packages/airflow/example_dags/example_latest_only.py
[2025-04-09T22:51:32.415+0000] {logging_mixin.py:190} INFO - [2025-04-09T22:51:32.414+0000] {dag.py:3239} INFO - Sync 1 DAGs
[2025-04-09T22:51:32.426+0000] {logging_mixin.py:190} INFO - [2025-04-09T22:51:32.426+0000] {dag.py:4180} INFO - Setting next_dagrun for latest_only to 2025-04-09 16:00:00+00:00, run_after=2025-04-09 20:00:00+00:00
[2025-04-09T22:51:32.435+0000] {processor.py:208} INFO - Processing /home/airflow/.local/lib/python3.12/site-packages/airflow/example_dags/example_latest_only.py took 0.042 seconds
[2025-04-09T22:52:02.607+0000] {processor.py:186} INFO - Started process (PID=1086) to work on /home/airflow/.local/lib/python3.12/site-packages/airflow/example_dags/example_latest_only.py
[2025-04-09T22:52:02.610+0000] {processor.py:914} INFO - Processing file /home/airflow/.local/lib/python3.12/site-packages/airflow/example_dags/example_latest_only.py for tasks to queue
[2025-04-09T22:52:02.612+0000] {logging_mixin.py:190} INFO - [2025-04-09T22:52:02.612+0000] {dagbag.py:588} INFO - Filling up the DagBag from /home/airflow/.local/lib/python3.12/site-packages/airflow/example_dags/example_latest_only.py
[2025-04-09T22:52:02.616+0000] {processor.py:925} INFO - DAG(s) 'latest_only' retrieved from /home/airflow/.local/lib/python3.12/site-packages/airflow/example_dags/example_latest_only.py
[2025-04-09T22:52:02.627+0000] {logging_mixin.py:190} INFO - [2025-04-09T22:52:02.627+0000] {dag.py:3239} INFO - Sync 1 DAGs
[2025-04-09T22:52:02.637+0000] {logging_mixin.py:190} INFO - [2025-04-09T22:52:02.637+0000] {dag.py:4180} INFO - Setting next_dagrun for latest_only to 2025-04-09 16:00:00+00:00, run_after=2025-04-09 20:00:00+00:00
[2025-04-09T22:52:02.646+0000] {processor.py:208} INFO - Processing /home/airflow/.local/lib/python3.12/site-packages/airflow/example_dags/example_latest_only.py took 0.044 seconds
[2025-04-09T22:52:32.836+0000] {processor.py:186} INFO - Started process (PID=1150) to work on /home/airflow/.local/lib/python3.12/site-packages/airflow/example_dags/example_latest_only.py
[2025-04-09T22:52:32.837+0000] {processor.py:914} INFO - Processing file /home/airflow/.local/lib/python3.12/site-packages/airflow/example_dags/example_latest_only.py for tasks to queue
[2025-04-09T22:52:32.841+0000] {logging_mixin.py:190} INFO - [2025-04-09T22:52:32.840+0000] {dagbag.py:588} INFO - Filling up the DagBag from /home/airflow/.local/lib/python3.12/site-packages/airflow/example_dags/example_latest_only.py
[2025-04-09T22:52:32.845+0000] {processor.py:925} INFO - DAG(s) 'latest_only' retrieved from /home/airflow/.local/lib/python3.12/site-packages/airflow/example_dags/example_latest_only.py
[2025-04-09T22:52:32.856+0000] {logging_mixin.py:190} INFO - [2025-04-09T22:52:32.856+0000] {dag.py:3239} INFO - Sync 1 DAGs
[2025-04-09T22:52:32.868+0000] {logging_mixin.py:190} INFO - [2025-04-09T22:52:32.868+0000] {dag.py:4180} INFO - Setting next_dagrun for latest_only to 2025-04-09 16:00:00+00:00, run_after=2025-04-09 20:00:00+00:00
[2025-04-09T22:52:32.878+0000] {processor.py:208} INFO - Processing /home/airflow/.local/lib/python3.12/site-packages/airflow/example_dags/example_latest_only.py took 0.047 seconds
[2025-04-09T22:53:03.005+0000] {processor.py:186} INFO - Started process (PID=1214) to work on /home/airflow/.local/lib/python3.12/site-packages/airflow/example_dags/example_latest_only.py
[2025-04-09T22:53:03.006+0000] {processor.py:914} INFO - Processing file /home/airflow/.local/lib/python3.12/site-packages/airflow/example_dags/example_latest_only.py for tasks to queue
[2025-04-09T22:53:03.007+0000] {logging_mixin.py:190} INFO - [2025-04-09T22:53:03.006+0000] {dagbag.py:588} INFO - Filling up the DagBag from /home/airflow/.local/lib/python3.12/site-packages/airflow/example_dags/example_latest_only.py
[2025-04-09T22:53:03.010+0000] {processor.py:925} INFO - DAG(s) 'latest_only' retrieved from /home/airflow/.local/lib/python3.12/site-packages/airflow/example_dags/example_latest_only.py
[2025-04-09T22:53:03.018+0000] {logging_mixin.py:190} INFO - [2025-04-09T22:53:03.018+0000] {dag.py:3239} INFO - Sync 1 DAGs
[2025-04-09T22:53:03.028+0000] {logging_mixin.py:190} INFO - [2025-04-09T22:53:03.028+0000] {dag.py:4180} INFO - Setting next_dagrun for latest_only to 2025-04-09 16:00:00+00:00, run_after=2025-04-09 20:00:00+00:00
[2025-04-09T22:53:03.036+0000] {processor.py:208} INFO - Processing /home/airflow/.local/lib/python3.12/site-packages/airflow/example_dags/example_latest_only.py took 0.033 seconds
[2025-04-09T22:53:33.989+0000] {processor.py:186} INFO - Started process (PID=1278) to work on /home/airflow/.local/lib/python3.12/site-packages/airflow/example_dags/example_latest_only.py
[2025-04-09T22:53:33.989+0000] {processor.py:914} INFO - Processing file /home/airflow/.local/lib/python3.12/site-packages/airflow/example_dags/example_latest_only.py for tasks to queue
[2025-04-09T22:53:33.990+0000] {logging_mixin.py:190} INFO - [2025-04-09T22:53:33.990+0000] {dagbag.py:588} INFO - Filling up the DagBag from /home/airflow/.local/lib/python3.12/site-packages/airflow/example_dags/example_latest_only.py
[2025-04-09T22:53:33.994+0000] {processor.py:925} INFO - DAG(s) 'latest_only' retrieved from /home/airflow/.local/lib/python3.12/site-packages/airflow/example_dags/example_latest_only.py
[2025-04-09T22:53:34.003+0000] {logging_mixin.py:190} INFO - [2025-04-09T22:53:34.003+0000] {dag.py:3239} INFO - Sync 1 DAGs
[2025-04-09T22:53:34.014+0000] {logging_mixin.py:190} INFO - [2025-04-09T22:53:34.014+0000] {dag.py:4180} INFO - Setting next_dagrun for latest_only to 2025-04-09 16:00:00+00:00, run_after=2025-04-09 20:00:00+00:00
[2025-04-09T22:53:34.022+0000] {processor.py:208} INFO - Processing /home/airflow/.local/lib/python3.12/site-packages/airflow/example_dags/example_latest_only.py took 0.036 seconds
[2025-04-09T22:54:05.066+0000] {processor.py:186} INFO - Started process (PID=1342) to work on /home/airflow/.local/lib/python3.12/site-packages/airflow/example_dags/example_latest_only.py
[2025-04-09T22:54:05.067+0000] {processor.py:914} INFO - Processing file /home/airflow/.local/lib/python3.12/site-packages/airflow/example_dags/example_latest_only.py for tasks to queue
[2025-04-09T22:54:05.068+0000] {logging_mixin.py:190} INFO - [2025-04-09T22:54:05.068+0000] {dagbag.py:588} INFO - Filling up the DagBag from /home/airflow/.local/lib/python3.12/site-packages/airflow/example_dags/example_latest_only.py
[2025-04-09T22:54:05.072+0000] {processor.py:925} INFO - DAG(s) 'latest_only' retrieved from /home/airflow/.local/lib/python3.12/site-packages/airflow/example_dags/example_latest_only.py
[2025-04-09T22:54:05.082+0000] {logging_mixin.py:190} INFO - [2025-04-09T22:54:05.082+0000] {dag.py:3239} INFO - Sync 1 DAGs
[2025-04-09T22:54:05.092+0000] {logging_mixin.py:190} INFO - [2025-04-09T22:54:05.092+0000] {dag.py:4180} INFO - Setting next_dagrun for latest_only to 2025-04-09 16:00:00+00:00, run_after=2025-04-09 20:00:00+00:00
[2025-04-09T22:54:05.100+0000] {processor.py:208} INFO - Processing /home/airflow/.local/lib/python3.12/site-packages/airflow/example_dags/example_latest_only.py took 0.037 seconds
[2025-04-09T22:54:35.683+0000] {processor.py:186} INFO - Started process (PID=1406) to work on /home/airflow/.local/lib/python3.12/site-packages/airflow/example_dags/example_latest_only.py
[2025-04-09T22:54:35.684+0000] {processor.py:914} INFO - Processing file /home/airflow/.local/lib/python3.12/site-packages/airflow/example_dags/example_latest_only.py for tasks to queue
[2025-04-09T22:54:35.685+0000] {logging_mixin.py:190} INFO - [2025-04-09T22:54:35.685+0000] {dagbag.py:588} INFO - Filling up the DagBag from /home/airflow/.local/lib/python3.12/site-packages/airflow/example_dags/example_latest_only.py
[2025-04-09T22:54:35.689+0000] {processor.py:925} INFO - DAG(s) 'latest_only' retrieved from /home/airflow/.local/lib/python3.12/site-packages/airflow/example_dags/example_latest_only.py
[2025-04-09T22:54:35.700+0000] {logging_mixin.py:190} INFO - [2025-04-09T22:54:35.699+0000] {dag.py:3239} INFO - Sync 1 DAGs
[2025-04-09T22:54:35.710+0000] {logging_mixin.py:190} INFO - [2025-04-09T22:54:35.710+0000] {dag.py:4180} INFO - Setting next_dagrun for latest_only to 2025-04-09 16:00:00+00:00, run_after=2025-04-09 20:00:00+00:00
[2025-04-09T22:54:35.718+0000] {processor.py:208} INFO - Processing /home/airflow/.local/lib/python3.12/site-packages/airflow/example_dags/example_latest_only.py took 0.038 seconds
