[2025-04-09T22:43:58.740+0000] {processor.py:186} INFO - Started process (PID=73) to work on /home/airflow/.local/lib/python3.12/site-packages/airflow/example_dags/example_branch_python_dop_operator_3.py
[2025-04-09T22:43:58.740+0000] {processor.py:914} INFO - Processing file /home/airflow/.local/lib/python3.12/site-packages/airflow/example_dags/example_branch_python_dop_operator_3.py for tasks to queue
[2025-04-09T22:43:58.741+0000] {logging_mixin.py:190} INFO - [2025-04-09T22:43:58.741+0000] {dagbag.py:588} INFO - Filling up the DagBag from /home/airflow/.local/lib/python3.12/site-packages/airflow/example_dags/example_branch_python_dop_operator_3.py
[2025-04-09T22:43:58.748+0000] {processor.py:925} INFO - DAG(s) 'example_branch_dop_operator_v3' retrieved from /home/airflow/.local/lib/python3.12/site-packages/airflow/example_dags/example_branch_python_dop_operator_3.py
[2025-04-09T22:43:58.763+0000] {logging_mixin.py:190} INFO - [2025-04-09T22:43:58.762+0000] {dag.py:3239} INFO - Sync 1 DAGs
[2025-04-09T22:43:58.783+0000] {logging_mixin.py:190} INFO - [2025-04-09T22:43:58.782+0000] {dag.py:4180} INFO - Setting next_dagrun for example_branch_dop_operator_v3 to 2025-04-09 22:42:00+00:00, run_after=2025-04-09 22:43:00+00:00
[2025-04-09T22:43:58.797+0000] {processor.py:208} INFO - Processing /home/airflow/.local/lib/python3.12/site-packages/airflow/example_dags/example_branch_python_dop_operator_3.py took 0.060 seconds
[2025-04-09T22:44:29.542+0000] {processor.py:186} INFO - Started process (PID=147) to work on /home/airflow/.local/lib/python3.12/site-packages/airflow/example_dags/example_branch_python_dop_operator_3.py
[2025-04-09T22:44:29.543+0000] {processor.py:914} INFO - Processing file /home/airflow/.local/lib/python3.12/site-packages/airflow/example_dags/example_branch_python_dop_operator_3.py for tasks to queue
[2025-04-09T22:44:29.544+0000] {logging_mixin.py:190} INFO - [2025-04-09T22:44:29.544+0000] {dagbag.py:588} INFO - Filling up the DagBag from /home/airflow/.local/lib/python3.12/site-packages/airflow/example_dags/example_branch_python_dop_operator_3.py
[2025-04-09T22:44:29.549+0000] {processor.py:925} INFO - DAG(s) 'example_branch_dop_operator_v3' retrieved from /home/airflow/.local/lib/python3.12/site-packages/airflow/example_dags/example_branch_python_dop_operator_3.py
[2025-04-09T22:44:29.558+0000] {logging_mixin.py:190} INFO - [2025-04-09T22:44:29.558+0000] {dag.py:3239} INFO - Sync 1 DAGs
[2025-04-09T22:44:29.569+0000] {logging_mixin.py:190} INFO - [2025-04-09T22:44:29.569+0000] {dag.py:4180} INFO - Setting next_dagrun for example_branch_dop_operator_v3 to 2025-04-09 22:43:00+00:00, run_after=2025-04-09 22:44:00+00:00
[2025-04-09T22:44:29.576+0000] {processor.py:208} INFO - Processing /home/airflow/.local/lib/python3.12/site-packages/airflow/example_dags/example_branch_python_dop_operator_3.py took 0.037 seconds
[2025-04-09T22:44:59.669+0000] {processor.py:186} INFO - Started process (PID=211) to work on /home/airflow/.local/lib/python3.12/site-packages/airflow/example_dags/example_branch_python_dop_operator_3.py
[2025-04-09T22:44:59.669+0000] {processor.py:914} INFO - Processing file /home/airflow/.local/lib/python3.12/site-packages/airflow/example_dags/example_branch_python_dop_operator_3.py for tasks to queue
[2025-04-09T22:44:59.670+0000] {logging_mixin.py:190} INFO - [2025-04-09T22:44:59.670+0000] {dagbag.py:588} INFO - Filling up the DagBag from /home/airflow/.local/lib/python3.12/site-packages/airflow/example_dags/example_branch_python_dop_operator_3.py
[2025-04-09T22:44:59.675+0000] {processor.py:925} INFO - DAG(s) 'example_branch_dop_operator_v3' retrieved from /home/airflow/.local/lib/python3.12/site-packages/airflow/example_dags/example_branch_python_dop_operator_3.py
[2025-04-09T22:44:59.684+0000] {logging_mixin.py:190} INFO - [2025-04-09T22:44:59.684+0000] {dag.py:3239} INFO - Sync 1 DAGs
[2025-04-09T22:44:59.695+0000] {logging_mixin.py:190} INFO - [2025-04-09T22:44:59.695+0000] {dag.py:4180} INFO - Setting next_dagrun for example_branch_dop_operator_v3 to 2025-04-09 22:43:00+00:00, run_after=2025-04-09 22:44:00+00:00
[2025-04-09T22:44:59.702+0000] {processor.py:208} INFO - Processing /home/airflow/.local/lib/python3.12/site-packages/airflow/example_dags/example_branch_python_dop_operator_3.py took 0.036 seconds
[2025-04-09T22:45:29.810+0000] {processor.py:186} INFO - Started process (PID=275) to work on /home/airflow/.local/lib/python3.12/site-packages/airflow/example_dags/example_branch_python_dop_operator_3.py
[2025-04-09T22:45:29.811+0000] {processor.py:914} INFO - Processing file /home/airflow/.local/lib/python3.12/site-packages/airflow/example_dags/example_branch_python_dop_operator_3.py for tasks to queue
[2025-04-09T22:45:29.812+0000] {logging_mixin.py:190} INFO - [2025-04-09T22:45:29.812+0000] {dagbag.py:588} INFO - Filling up the DagBag from /home/airflow/.local/lib/python3.12/site-packages/airflow/example_dags/example_branch_python_dop_operator_3.py
[2025-04-09T22:45:29.819+0000] {processor.py:925} INFO - DAG(s) 'example_branch_dop_operator_v3' retrieved from /home/airflow/.local/lib/python3.12/site-packages/airflow/example_dags/example_branch_python_dop_operator_3.py
[2025-04-09T22:45:29.826+0000] {logging_mixin.py:190} INFO - [2025-04-09T22:45:29.826+0000] {dag.py:3239} INFO - Sync 1 DAGs
[2025-04-09T22:45:29.837+0000] {logging_mixin.py:190} INFO - [2025-04-09T22:45:29.837+0000] {dag.py:4180} INFO - Setting next_dagrun for example_branch_dop_operator_v3 to 2025-04-09 22:44:00+00:00, run_after=2025-04-09 22:45:00+00:00
[2025-04-09T22:45:29.845+0000] {processor.py:208} INFO - Processing /home/airflow/.local/lib/python3.12/site-packages/airflow/example_dags/example_branch_python_dop_operator_3.py took 0.039 seconds
[2025-04-09T22:46:00.062+0000] {processor.py:186} INFO - Started process (PID=339) to work on /home/airflow/.local/lib/python3.12/site-packages/airflow/example_dags/example_branch_python_dop_operator_3.py
[2025-04-09T22:46:00.063+0000] {processor.py:914} INFO - Processing file /home/airflow/.local/lib/python3.12/site-packages/airflow/example_dags/example_branch_python_dop_operator_3.py for tasks to queue
[2025-04-09T22:46:00.064+0000] {logging_mixin.py:190} INFO - [2025-04-09T22:46:00.064+0000] {dagbag.py:588} INFO - Filling up the DagBag from /home/airflow/.local/lib/python3.12/site-packages/airflow/example_dags/example_branch_python_dop_operator_3.py
[2025-04-09T22:46:00.069+0000] {processor.py:925} INFO - DAG(s) 'example_branch_dop_operator_v3' retrieved from /home/airflow/.local/lib/python3.12/site-packages/airflow/example_dags/example_branch_python_dop_operator_3.py
[2025-04-09T22:46:00.081+0000] {logging_mixin.py:190} INFO - [2025-04-09T22:46:00.081+0000] {dag.py:3239} INFO - Sync 1 DAGs
[2025-04-09T22:46:00.092+0000] {logging_mixin.py:190} INFO - [2025-04-09T22:46:00.092+0000] {dag.py:4180} INFO - Setting next_dagrun for example_branch_dop_operator_v3 to 2025-04-09 22:45:00+00:00, run_after=2025-04-09 22:46:00+00:00
[2025-04-09T22:46:00.103+0000] {processor.py:208} INFO - Processing /home/airflow/.local/lib/python3.12/site-packages/airflow/example_dags/example_branch_python_dop_operator_3.py took 0.044 seconds
[2025-04-09T22:46:30.425+0000] {processor.py:186} INFO - Started process (PID=402) to work on /home/airflow/.local/lib/python3.12/site-packages/airflow/example_dags/example_branch_python_dop_operator_3.py
[2025-04-09T22:46:30.426+0000] {processor.py:914} INFO - Processing file /home/airflow/.local/lib/python3.12/site-packages/airflow/example_dags/example_branch_python_dop_operator_3.py for tasks to queue
[2025-04-09T22:46:30.428+0000] {logging_mixin.py:190} INFO - [2025-04-09T22:46:30.428+0000] {dagbag.py:588} INFO - Filling up the DagBag from /home/airflow/.local/lib/python3.12/site-packages/airflow/example_dags/example_branch_python_dop_operator_3.py
[2025-04-09T22:46:30.434+0000] {processor.py:925} INFO - DAG(s) 'example_branch_dop_operator_v3' retrieved from /home/airflow/.local/lib/python3.12/site-packages/airflow/example_dags/example_branch_python_dop_operator_3.py
[2025-04-09T22:46:30.442+0000] {logging_mixin.py:190} INFO - [2025-04-09T22:46:30.442+0000] {dag.py:3239} INFO - Sync 1 DAGs
[2025-04-09T22:46:30.453+0000] {logging_mixin.py:190} INFO - [2025-04-09T22:46:30.453+0000] {dag.py:4180} INFO - Setting next_dagrun for example_branch_dop_operator_v3 to 2025-04-09 22:45:00+00:00, run_after=2025-04-09 22:46:00+00:00
[2025-04-09T22:46:30.461+0000] {processor.py:208} INFO - Processing /home/airflow/.local/lib/python3.12/site-packages/airflow/example_dags/example_branch_python_dop_operator_3.py took 0.039 seconds
[2025-04-09T22:47:00.631+0000] {processor.py:186} INFO - Started process (PID=466) to work on /home/airflow/.local/lib/python3.12/site-packages/airflow/example_dags/example_branch_python_dop_operator_3.py
[2025-04-09T22:47:00.631+0000] {processor.py:914} INFO - Processing file /home/airflow/.local/lib/python3.12/site-packages/airflow/example_dags/example_branch_python_dop_operator_3.py for tasks to queue
[2025-04-09T22:47:00.633+0000] {logging_mixin.py:190} INFO - [2025-04-09T22:47:00.633+0000] {dagbag.py:588} INFO - Filling up the DagBag from /home/airflow/.local/lib/python3.12/site-packages/airflow/example_dags/example_branch_python_dop_operator_3.py
[2025-04-09T22:47:00.638+0000] {processor.py:925} INFO - DAG(s) 'example_branch_dop_operator_v3' retrieved from /home/airflow/.local/lib/python3.12/site-packages/airflow/example_dags/example_branch_python_dop_operator_3.py
[2025-04-09T22:47:00.649+0000] {logging_mixin.py:190} INFO - [2025-04-09T22:47:00.649+0000] {dag.py:3239} INFO - Sync 1 DAGs
[2025-04-09T22:47:00.662+0000] {logging_mixin.py:190} INFO - [2025-04-09T22:47:00.662+0000] {dag.py:4180} INFO - Setting next_dagrun for example_branch_dop_operator_v3 to 2025-04-09 22:46:00+00:00, run_after=2025-04-09 22:47:00+00:00
[2025-04-09T22:47:00.675+0000] {processor.py:208} INFO - Processing /home/airflow/.local/lib/python3.12/site-packages/airflow/example_dags/example_branch_python_dop_operator_3.py took 0.048 seconds
[2025-04-09T22:47:31.169+0000] {processor.py:186} INFO - Started process (PID=530) to work on /home/airflow/.local/lib/python3.12/site-packages/airflow/example_dags/example_branch_python_dop_operator_3.py
[2025-04-09T22:47:31.170+0000] {processor.py:914} INFO - Processing file /home/airflow/.local/lib/python3.12/site-packages/airflow/example_dags/example_branch_python_dop_operator_3.py for tasks to queue
[2025-04-09T22:47:31.171+0000] {logging_mixin.py:190} INFO - [2025-04-09T22:47:31.171+0000] {dagbag.py:588} INFO - Filling up the DagBag from /home/airflow/.local/lib/python3.12/site-packages/airflow/example_dags/example_branch_python_dop_operator_3.py
[2025-04-09T22:47:31.177+0000] {processor.py:925} INFO - DAG(s) 'example_branch_dop_operator_v3' retrieved from /home/airflow/.local/lib/python3.12/site-packages/airflow/example_dags/example_branch_python_dop_operator_3.py
[2025-04-09T22:47:31.190+0000] {logging_mixin.py:190} INFO - [2025-04-09T22:47:31.190+0000] {dag.py:3239} INFO - Sync 1 DAGs
[2025-04-09T22:47:31.212+0000] {logging_mixin.py:190} INFO - [2025-04-09T22:47:31.210+0000] {dag.py:4180} INFO - Setting next_dagrun for example_branch_dop_operator_v3 to 2025-04-09 22:46:00+00:00, run_after=2025-04-09 22:47:00+00:00
[2025-04-09T22:47:31.259+0000] {processor.py:208} INFO - Processing /home/airflow/.local/lib/python3.12/site-packages/airflow/example_dags/example_branch_python_dop_operator_3.py took 0.093 seconds
[2025-04-09T22:48:01.642+0000] {processor.py:186} INFO - Started process (PID=594) to work on /home/airflow/.local/lib/python3.12/site-packages/airflow/example_dags/example_branch_python_dop_operator_3.py
[2025-04-09T22:48:01.643+0000] {processor.py:914} INFO - Processing file /home/airflow/.local/lib/python3.12/site-packages/airflow/example_dags/example_branch_python_dop_operator_3.py for tasks to queue
[2025-04-09T22:48:01.645+0000] {logging_mixin.py:190} INFO - [2025-04-09T22:48:01.645+0000] {dagbag.py:588} INFO - Filling up the DagBag from /home/airflow/.local/lib/python3.12/site-packages/airflow/example_dags/example_branch_python_dop_operator_3.py
[2025-04-09T22:48:01.650+0000] {processor.py:925} INFO - DAG(s) 'example_branch_dop_operator_v3' retrieved from /home/airflow/.local/lib/python3.12/site-packages/airflow/example_dags/example_branch_python_dop_operator_3.py
[2025-04-09T22:48:01.661+0000] {logging_mixin.py:190} INFO - [2025-04-09T22:48:01.660+0000] {dag.py:3239} INFO - Sync 1 DAGs
[2025-04-09T22:48:01.671+0000] {logging_mixin.py:190} INFO - [2025-04-09T22:48:01.671+0000] {dag.py:4180} INFO - Setting next_dagrun for example_branch_dop_operator_v3 to 2025-04-09 22:47:00+00:00, run_after=2025-04-09 22:48:00+00:00
[2025-04-09T22:48:01.680+0000] {processor.py:208} INFO - Processing /home/airflow/.local/lib/python3.12/site-packages/airflow/example_dags/example_branch_python_dop_operator_3.py took 0.041 seconds
[2025-04-09T22:48:32.181+0000] {processor.py:186} INFO - Started process (PID=658) to work on /home/airflow/.local/lib/python3.12/site-packages/airflow/example_dags/example_branch_python_dop_operator_3.py
[2025-04-09T22:48:32.182+0000] {processor.py:914} INFO - Processing file /home/airflow/.local/lib/python3.12/site-packages/airflow/example_dags/example_branch_python_dop_operator_3.py for tasks to queue
[2025-04-09T22:48:32.183+0000] {logging_mixin.py:190} INFO - [2025-04-09T22:48:32.183+0000] {dagbag.py:588} INFO - Filling up the DagBag from /home/airflow/.local/lib/python3.12/site-packages/airflow/example_dags/example_branch_python_dop_operator_3.py
[2025-04-09T22:48:32.188+0000] {processor.py:925} INFO - DAG(s) 'example_branch_dop_operator_v3' retrieved from /home/airflow/.local/lib/python3.12/site-packages/airflow/example_dags/example_branch_python_dop_operator_3.py
[2025-04-09T22:48:32.198+0000] {logging_mixin.py:190} INFO - [2025-04-09T22:48:32.198+0000] {dag.py:3239} INFO - Sync 1 DAGs
[2025-04-09T22:48:32.211+0000] {logging_mixin.py:190} INFO - [2025-04-09T22:48:32.211+0000] {dag.py:4180} INFO - Setting next_dagrun for example_branch_dop_operator_v3 to 2025-04-09 22:47:00+00:00, run_after=2025-04-09 22:48:00+00:00
[2025-04-09T22:48:32.220+0000] {processor.py:208} INFO - Processing /home/airflow/.local/lib/python3.12/site-packages/airflow/example_dags/example_branch_python_dop_operator_3.py took 0.042 seconds
[2025-04-09T22:49:03.253+0000] {processor.py:186} INFO - Started process (PID=722) to work on /home/airflow/.local/lib/python3.12/site-packages/airflow/example_dags/example_branch_python_dop_operator_3.py
[2025-04-09T22:49:03.253+0000] {processor.py:914} INFO - Processing file /home/airflow/.local/lib/python3.12/site-packages/airflow/example_dags/example_branch_python_dop_operator_3.py for tasks to queue
[2025-04-09T22:49:03.255+0000] {logging_mixin.py:190} INFO - [2025-04-09T22:49:03.255+0000] {dagbag.py:588} INFO - Filling up the DagBag from /home/airflow/.local/lib/python3.12/site-packages/airflow/example_dags/example_branch_python_dop_operator_3.py
[2025-04-09T22:49:03.260+0000] {processor.py:925} INFO - DAG(s) 'example_branch_dop_operator_v3' retrieved from /home/airflow/.local/lib/python3.12/site-packages/airflow/example_dags/example_branch_python_dop_operator_3.py
[2025-04-09T22:49:03.269+0000] {logging_mixin.py:190} INFO - [2025-04-09T22:49:03.269+0000] {dag.py:3239} INFO - Sync 1 DAGs
[2025-04-09T22:49:03.279+0000] {logging_mixin.py:190} INFO - [2025-04-09T22:49:03.279+0000] {dag.py:4180} INFO - Setting next_dagrun for example_branch_dop_operator_v3 to 2025-04-09 22:48:00+00:00, run_after=2025-04-09 22:49:00+00:00
[2025-04-09T22:49:03.288+0000] {processor.py:208} INFO - Processing /home/airflow/.local/lib/python3.12/site-packages/airflow/example_dags/example_branch_python_dop_operator_3.py took 0.038 seconds
[2025-04-09T22:49:33.425+0000] {processor.py:186} INFO - Started process (PID=786) to work on /home/airflow/.local/lib/python3.12/site-packages/airflow/example_dags/example_branch_python_dop_operator_3.py
[2025-04-09T22:49:33.427+0000] {processor.py:914} INFO - Processing file /home/airflow/.local/lib/python3.12/site-packages/airflow/example_dags/example_branch_python_dop_operator_3.py for tasks to queue
[2025-04-09T22:49:33.429+0000] {logging_mixin.py:190} INFO - [2025-04-09T22:49:33.428+0000] {dagbag.py:588} INFO - Filling up the DagBag from /home/airflow/.local/lib/python3.12/site-packages/airflow/example_dags/example_branch_python_dop_operator_3.py
[2025-04-09T22:49:33.434+0000] {processor.py:925} INFO - DAG(s) 'example_branch_dop_operator_v3' retrieved from /home/airflow/.local/lib/python3.12/site-packages/airflow/example_dags/example_branch_python_dop_operator_3.py
[2025-04-09T22:49:33.446+0000] {logging_mixin.py:190} INFO - [2025-04-09T22:49:33.445+0000] {dag.py:3239} INFO - Sync 1 DAGs
[2025-04-09T22:49:33.459+0000] {logging_mixin.py:190} INFO - [2025-04-09T22:49:33.459+0000] {dag.py:4180} INFO - Setting next_dagrun for example_branch_dop_operator_v3 to 2025-04-09 22:48:00+00:00, run_after=2025-04-09 22:49:00+00:00
[2025-04-09T22:49:33.468+0000] {processor.py:208} INFO - Processing /home/airflow/.local/lib/python3.12/site-packages/airflow/example_dags/example_branch_python_dop_operator_3.py took 0.046 seconds
[2025-04-09T22:50:03.705+0000] {processor.py:186} INFO - Started process (PID=850) to work on /home/airflow/.local/lib/python3.12/site-packages/airflow/example_dags/example_branch_python_dop_operator_3.py
[2025-04-09T22:50:03.707+0000] {processor.py:914} INFO - Processing file /home/airflow/.local/lib/python3.12/site-packages/airflow/example_dags/example_branch_python_dop_operator_3.py for tasks to queue
[2025-04-09T22:50:03.709+0000] {logging_mixin.py:190} INFO - [2025-04-09T22:50:03.708+0000] {dagbag.py:588} INFO - Filling up the DagBag from /home/airflow/.local/lib/python3.12/site-packages/airflow/example_dags/example_branch_python_dop_operator_3.py
[2025-04-09T22:50:03.714+0000] {processor.py:925} INFO - DAG(s) 'example_branch_dop_operator_v3' retrieved from /home/airflow/.local/lib/python3.12/site-packages/airflow/example_dags/example_branch_python_dop_operator_3.py
[2025-04-09T22:50:03.723+0000] {logging_mixin.py:190} INFO - [2025-04-09T22:50:03.722+0000] {dag.py:3239} INFO - Sync 1 DAGs
[2025-04-09T22:50:03.733+0000] {logging_mixin.py:190} INFO - [2025-04-09T22:50:03.733+0000] {dag.py:4180} INFO - Setting next_dagrun for example_branch_dop_operator_v3 to 2025-04-09 22:49:00+00:00, run_after=2025-04-09 22:50:00+00:00
[2025-04-09T22:50:03.741+0000] {processor.py:208} INFO - Processing /home/airflow/.local/lib/python3.12/site-packages/airflow/example_dags/example_branch_python_dop_operator_3.py took 0.039 seconds
[2025-04-09T22:50:33.903+0000] {processor.py:186} INFO - Started process (PID=914) to work on /home/airflow/.local/lib/python3.12/site-packages/airflow/example_dags/example_branch_python_dop_operator_3.py
[2025-04-09T22:50:33.903+0000] {processor.py:914} INFO - Processing file /home/airflow/.local/lib/python3.12/site-packages/airflow/example_dags/example_branch_python_dop_operator_3.py for tasks to queue
[2025-04-09T22:50:33.904+0000] {logging_mixin.py:190} INFO - [2025-04-09T22:50:33.904+0000] {dagbag.py:588} INFO - Filling up the DagBag from /home/airflow/.local/lib/python3.12/site-packages/airflow/example_dags/example_branch_python_dop_operator_3.py
[2025-04-09T22:50:33.909+0000] {processor.py:925} INFO - DAG(s) 'example_branch_dop_operator_v3' retrieved from /home/airflow/.local/lib/python3.12/site-packages/airflow/example_dags/example_branch_python_dop_operator_3.py
[2025-04-09T22:50:33.917+0000] {logging_mixin.py:190} INFO - [2025-04-09T22:50:33.917+0000] {dag.py:3239} INFO - Sync 1 DAGs
[2025-04-09T22:50:33.932+0000] {logging_mixin.py:190} INFO - [2025-04-09T22:50:33.931+0000] {dag.py:4180} INFO - Setting next_dagrun for example_branch_dop_operator_v3 to 2025-04-09 22:49:00+00:00, run_after=2025-04-09 22:50:00+00:00
[2025-04-09T22:50:33.941+0000] {processor.py:208} INFO - Processing /home/airflow/.local/lib/python3.12/site-packages/airflow/example_dags/example_branch_python_dop_operator_3.py took 0.041 seconds
[2025-04-09T22:51:04.924+0000] {processor.py:186} INFO - Started process (PID=978) to work on /home/airflow/.local/lib/python3.12/site-packages/airflow/example_dags/example_branch_python_dop_operator_3.py
[2025-04-09T22:51:04.928+0000] {processor.py:914} INFO - Processing file /home/airflow/.local/lib/python3.12/site-packages/airflow/example_dags/example_branch_python_dop_operator_3.py for tasks to queue
[2025-04-09T22:51:04.931+0000] {logging_mixin.py:190} INFO - [2025-04-09T22:51:04.930+0000] {dagbag.py:588} INFO - Filling up the DagBag from /home/airflow/.local/lib/python3.12/site-packages/airflow/example_dags/example_branch_python_dop_operator_3.py
[2025-04-09T22:51:04.936+0000] {processor.py:925} INFO - DAG(s) 'example_branch_dop_operator_v3' retrieved from /home/airflow/.local/lib/python3.12/site-packages/airflow/example_dags/example_branch_python_dop_operator_3.py
[2025-04-09T22:51:04.946+0000] {logging_mixin.py:190} INFO - [2025-04-09T22:51:04.945+0000] {dag.py:3239} INFO - Sync 1 DAGs
[2025-04-09T22:51:04.956+0000] {logging_mixin.py:190} INFO - [2025-04-09T22:51:04.956+0000] {dag.py:4180} INFO - Setting next_dagrun for example_branch_dop_operator_v3 to 2025-04-09 22:50:00+00:00, run_after=2025-04-09 22:51:00+00:00
[2025-04-09T22:51:04.964+0000] {processor.py:208} INFO - Processing /home/airflow/.local/lib/python3.12/site-packages/airflow/example_dags/example_branch_python_dop_operator_3.py took 0.043 seconds
[2025-04-09T22:51:35.091+0000] {processor.py:186} INFO - Started process (PID=1042) to work on /home/airflow/.local/lib/python3.12/site-packages/airflow/example_dags/example_branch_python_dop_operator_3.py
[2025-04-09T22:51:35.092+0000] {processor.py:914} INFO - Processing file /home/airflow/.local/lib/python3.12/site-packages/airflow/example_dags/example_branch_python_dop_operator_3.py for tasks to queue
[2025-04-09T22:51:35.093+0000] {logging_mixin.py:190} INFO - [2025-04-09T22:51:35.093+0000] {dagbag.py:588} INFO - Filling up the DagBag from /home/airflow/.local/lib/python3.12/site-packages/airflow/example_dags/example_branch_python_dop_operator_3.py
[2025-04-09T22:51:35.099+0000] {processor.py:925} INFO - DAG(s) 'example_branch_dop_operator_v3' retrieved from /home/airflow/.local/lib/python3.12/site-packages/airflow/example_dags/example_branch_python_dop_operator_3.py
[2025-04-09T22:51:35.111+0000] {logging_mixin.py:190} INFO - [2025-04-09T22:51:35.111+0000] {dag.py:3239} INFO - Sync 1 DAGs
[2025-04-09T22:51:35.123+0000] {logging_mixin.py:190} INFO - [2025-04-09T22:51:35.123+0000] {dag.py:4180} INFO - Setting next_dagrun for example_branch_dop_operator_v3 to 2025-04-09 22:50:00+00:00, run_after=2025-04-09 22:51:00+00:00
[2025-04-09T22:51:35.131+0000] {processor.py:208} INFO - Processing /home/airflow/.local/lib/python3.12/site-packages/airflow/example_dags/example_branch_python_dop_operator_3.py took 0.042 seconds
[2025-04-09T22:52:05.284+0000] {processor.py:186} INFO - Started process (PID=1106) to work on /home/airflow/.local/lib/python3.12/site-packages/airflow/example_dags/example_branch_python_dop_operator_3.py
[2025-04-09T22:52:05.285+0000] {processor.py:914} INFO - Processing file /home/airflow/.local/lib/python3.12/site-packages/airflow/example_dags/example_branch_python_dop_operator_3.py for tasks to queue
[2025-04-09T22:52:05.286+0000] {logging_mixin.py:190} INFO - [2025-04-09T22:52:05.286+0000] {dagbag.py:588} INFO - Filling up the DagBag from /home/airflow/.local/lib/python3.12/site-packages/airflow/example_dags/example_branch_python_dop_operator_3.py
[2025-04-09T22:52:05.292+0000] {processor.py:925} INFO - DAG(s) 'example_branch_dop_operator_v3' retrieved from /home/airflow/.local/lib/python3.12/site-packages/airflow/example_dags/example_branch_python_dop_operator_3.py
[2025-04-09T22:52:05.302+0000] {logging_mixin.py:190} INFO - [2025-04-09T22:52:05.302+0000] {dag.py:3239} INFO - Sync 1 DAGs
[2025-04-09T22:52:05.316+0000] {logging_mixin.py:190} INFO - [2025-04-09T22:52:05.316+0000] {dag.py:4180} INFO - Setting next_dagrun for example_branch_dop_operator_v3 to 2025-04-09 22:51:00+00:00, run_after=2025-04-09 22:52:00+00:00
[2025-04-09T22:52:05.323+0000] {processor.py:208} INFO - Processing /home/airflow/.local/lib/python3.12/site-packages/airflow/example_dags/example_branch_python_dop_operator_3.py took 0.042 seconds
[2025-04-09T22:52:35.645+0000] {processor.py:186} INFO - Started process (PID=1170) to work on /home/airflow/.local/lib/python3.12/site-packages/airflow/example_dags/example_branch_python_dop_operator_3.py
[2025-04-09T22:52:35.645+0000] {processor.py:914} INFO - Processing file /home/airflow/.local/lib/python3.12/site-packages/airflow/example_dags/example_branch_python_dop_operator_3.py for tasks to queue
[2025-04-09T22:52:35.646+0000] {logging_mixin.py:190} INFO - [2025-04-09T22:52:35.646+0000] {dagbag.py:588} INFO - Filling up the DagBag from /home/airflow/.local/lib/python3.12/site-packages/airflow/example_dags/example_branch_python_dop_operator_3.py
[2025-04-09T22:52:35.653+0000] {processor.py:925} INFO - DAG(s) 'example_branch_dop_operator_v3' retrieved from /home/airflow/.local/lib/python3.12/site-packages/airflow/example_dags/example_branch_python_dop_operator_3.py
[2025-04-09T22:52:35.662+0000] {logging_mixin.py:190} INFO - [2025-04-09T22:52:35.662+0000] {dag.py:3239} INFO - Sync 1 DAGs
[2025-04-09T22:52:35.673+0000] {logging_mixin.py:190} INFO - [2025-04-09T22:52:35.673+0000] {dag.py:4180} INFO - Setting next_dagrun for example_branch_dop_operator_v3 to 2025-04-09 22:51:00+00:00, run_after=2025-04-09 22:52:00+00:00
[2025-04-09T22:52:35.681+0000] {processor.py:208} INFO - Processing /home/airflow/.local/lib/python3.12/site-packages/airflow/example_dags/example_branch_python_dop_operator_3.py took 0.039 seconds
[2025-04-09T22:53:05.779+0000] {processor.py:186} INFO - Started process (PID=1234) to work on /home/airflow/.local/lib/python3.12/site-packages/airflow/example_dags/example_branch_python_dop_operator_3.py
[2025-04-09T22:53:05.780+0000] {processor.py:914} INFO - Processing file /home/airflow/.local/lib/python3.12/site-packages/airflow/example_dags/example_branch_python_dop_operator_3.py for tasks to queue
[2025-04-09T22:53:05.781+0000] {logging_mixin.py:190} INFO - [2025-04-09T22:53:05.781+0000] {dagbag.py:588} INFO - Filling up the DagBag from /home/airflow/.local/lib/python3.12/site-packages/airflow/example_dags/example_branch_python_dop_operator_3.py
[2025-04-09T22:53:05.786+0000] {processor.py:925} INFO - DAG(s) 'example_branch_dop_operator_v3' retrieved from /home/airflow/.local/lib/python3.12/site-packages/airflow/example_dags/example_branch_python_dop_operator_3.py
[2025-04-09T22:53:05.795+0000] {logging_mixin.py:190} INFO - [2025-04-09T22:53:05.794+0000] {dag.py:3239} INFO - Sync 1 DAGs
[2025-04-09T22:53:05.805+0000] {logging_mixin.py:190} INFO - [2025-04-09T22:53:05.805+0000] {dag.py:4180} INFO - Setting next_dagrun for example_branch_dop_operator_v3 to 2025-04-09 22:52:00+00:00, run_after=2025-04-09 22:53:00+00:00
[2025-04-09T22:53:05.812+0000] {processor.py:208} INFO - Processing /home/airflow/.local/lib/python3.12/site-packages/airflow/example_dags/example_branch_python_dop_operator_3.py took 0.035 seconds
[2025-04-09T22:53:36.645+0000] {processor.py:186} INFO - Started process (PID=1298) to work on /home/airflow/.local/lib/python3.12/site-packages/airflow/example_dags/example_branch_python_dop_operator_3.py
[2025-04-09T22:53:36.646+0000] {processor.py:914} INFO - Processing file /home/airflow/.local/lib/python3.12/site-packages/airflow/example_dags/example_branch_python_dop_operator_3.py for tasks to queue
[2025-04-09T22:53:36.647+0000] {logging_mixin.py:190} INFO - [2025-04-09T22:53:36.646+0000] {dagbag.py:588} INFO - Filling up the DagBag from /home/airflow/.local/lib/python3.12/site-packages/airflow/example_dags/example_branch_python_dop_operator_3.py
[2025-04-09T22:53:36.652+0000] {processor.py:925} INFO - DAG(s) 'example_branch_dop_operator_v3' retrieved from /home/airflow/.local/lib/python3.12/site-packages/airflow/example_dags/example_branch_python_dop_operator_3.py
[2025-04-09T22:53:36.660+0000] {logging_mixin.py:190} INFO - [2025-04-09T22:53:36.660+0000] {dag.py:3239} INFO - Sync 1 DAGs
[2025-04-09T22:53:36.671+0000] {logging_mixin.py:190} INFO - [2025-04-09T22:53:36.671+0000] {dag.py:4180} INFO - Setting next_dagrun for example_branch_dop_operator_v3 to 2025-04-09 22:52:00+00:00, run_after=2025-04-09 22:53:00+00:00
[2025-04-09T22:53:36.677+0000] {processor.py:208} INFO - Processing /home/airflow/.local/lib/python3.12/site-packages/airflow/example_dags/example_branch_python_dop_operator_3.py took 0.035 seconds
[2025-04-09T22:54:06.957+0000] {processor.py:186} INFO - Started process (PID=1362) to work on /home/airflow/.local/lib/python3.12/site-packages/airflow/example_dags/example_branch_python_dop_operator_3.py
[2025-04-09T22:54:06.957+0000] {processor.py:914} INFO - Processing file /home/airflow/.local/lib/python3.12/site-packages/airflow/example_dags/example_branch_python_dop_operator_3.py for tasks to queue
[2025-04-09T22:54:06.958+0000] {logging_mixin.py:190} INFO - [2025-04-09T22:54:06.958+0000] {dagbag.py:588} INFO - Filling up the DagBag from /home/airflow/.local/lib/python3.12/site-packages/airflow/example_dags/example_branch_python_dop_operator_3.py
[2025-04-09T22:54:06.963+0000] {processor.py:925} INFO - DAG(s) 'example_branch_dop_operator_v3' retrieved from /home/airflow/.local/lib/python3.12/site-packages/airflow/example_dags/example_branch_python_dop_operator_3.py
[2025-04-09T22:54:06.974+0000] {logging_mixin.py:190} INFO - [2025-04-09T22:54:06.974+0000] {dag.py:3239} INFO - Sync 1 DAGs
[2025-04-09T22:54:06.987+0000] {logging_mixin.py:190} INFO - [2025-04-09T22:54:06.987+0000] {dag.py:4180} INFO - Setting next_dagrun for example_branch_dop_operator_v3 to 2025-04-09 22:53:00+00:00, run_after=2025-04-09 22:54:00+00:00
[2025-04-09T22:54:06.996+0000] {processor.py:208} INFO - Processing /home/airflow/.local/lib/python3.12/site-packages/airflow/example_dags/example_branch_python_dop_operator_3.py took 0.043 seconds
[2025-04-09T22:54:37.486+0000] {processor.py:186} INFO - Started process (PID=1426) to work on /home/airflow/.local/lib/python3.12/site-packages/airflow/example_dags/example_branch_python_dop_operator_3.py
[2025-04-09T22:54:37.491+0000] {processor.py:914} INFO - Processing file /home/airflow/.local/lib/python3.12/site-packages/airflow/example_dags/example_branch_python_dop_operator_3.py for tasks to queue
[2025-04-09T22:54:37.492+0000] {logging_mixin.py:190} INFO - [2025-04-09T22:54:37.492+0000] {dagbag.py:588} INFO - Filling up the DagBag from /home/airflow/.local/lib/python3.12/site-packages/airflow/example_dags/example_branch_python_dop_operator_3.py
[2025-04-09T22:54:37.498+0000] {processor.py:925} INFO - DAG(s) 'example_branch_dop_operator_v3' retrieved from /home/airflow/.local/lib/python3.12/site-packages/airflow/example_dags/example_branch_python_dop_operator_3.py
[2025-04-09T22:54:37.508+0000] {logging_mixin.py:190} INFO - [2025-04-09T22:54:37.508+0000] {dag.py:3239} INFO - Sync 1 DAGs
[2025-04-09T22:54:37.520+0000] {logging_mixin.py:190} INFO - [2025-04-09T22:54:37.520+0000] {dag.py:4180} INFO - Setting next_dagrun for example_branch_dop_operator_v3 to 2025-04-09 22:53:00+00:00, run_after=2025-04-09 22:54:00+00:00
[2025-04-09T22:54:37.528+0000] {processor.py:208} INFO - Processing /home/airflow/.local/lib/python3.12/site-packages/airflow/example_dags/example_branch_python_dop_operator_3.py took 0.044 seconds
[2025-04-09T23:03:42.761+0000] {processor.py:186} INFO - Started process (PID=2578) to work on /home/airflow/.local/lib/python3.12/site-packages/airflow/example_dags/example_branch_python_dop_operator_3.py
[2025-04-09T23:03:42.762+0000] {processor.py:914} INFO - Processing file /home/airflow/.local/lib/python3.12/site-packages/airflow/example_dags/example_branch_python_dop_operator_3.py for tasks to queue
[2025-04-09T23:03:42.763+0000] {logging_mixin.py:190} INFO - [2025-04-09T23:03:42.763+0000] {dagbag.py:588} INFO - Filling up the DagBag from /home/airflow/.local/lib/python3.12/site-packages/airflow/example_dags/example_branch_python_dop_operator_3.py
[2025-04-09T23:03:42.768+0000] {processor.py:925} INFO - DAG(s) 'example_branch_dop_operator_v3' retrieved from /home/airflow/.local/lib/python3.12/site-packages/airflow/example_dags/example_branch_python_dop_operator_3.py
[2025-04-09T23:03:42.780+0000] {logging_mixin.py:190} INFO - [2025-04-09T23:03:42.779+0000] {dag.py:3239} INFO - Sync 1 DAGs
[2025-04-09T23:03:42.790+0000] {logging_mixin.py:190} INFO - [2025-04-09T23:03:42.790+0000] {dag.py:4180} INFO - Setting next_dagrun for example_branch_dop_operator_v3 to 2025-04-09 23:02:00+00:00, run_after=2025-04-09 23:03:00+00:00
[2025-04-09T23:03:42.800+0000] {processor.py:208} INFO - Processing /home/airflow/.local/lib/python3.12/site-packages/airflow/example_dags/example_branch_python_dop_operator_3.py took 0.045 seconds
[2025-04-09T23:04:13.062+0000] {processor.py:186} INFO - Started process (PID=2642) to work on /home/airflow/.local/lib/python3.12/site-packages/airflow/example_dags/example_branch_python_dop_operator_3.py
[2025-04-09T23:04:13.062+0000] {processor.py:914} INFO - Processing file /home/airflow/.local/lib/python3.12/site-packages/airflow/example_dags/example_branch_python_dop_operator_3.py for tasks to queue
[2025-04-09T23:04:13.063+0000] {logging_mixin.py:190} INFO - [2025-04-09T23:04:13.063+0000] {dagbag.py:588} INFO - Filling up the DagBag from /home/airflow/.local/lib/python3.12/site-packages/airflow/example_dags/example_branch_python_dop_operator_3.py
[2025-04-09T23:04:13.068+0000] {processor.py:925} INFO - DAG(s) 'example_branch_dop_operator_v3' retrieved from /home/airflow/.local/lib/python3.12/site-packages/airflow/example_dags/example_branch_python_dop_operator_3.py
[2025-04-09T23:04:13.077+0000] {logging_mixin.py:190} INFO - [2025-04-09T23:04:13.077+0000] {dag.py:3239} INFO - Sync 1 DAGs
[2025-04-09T23:04:13.087+0000] {logging_mixin.py:190} INFO - [2025-04-09T23:04:13.087+0000] {dag.py:4180} INFO - Setting next_dagrun for example_branch_dop_operator_v3 to 2025-04-09 23:03:00+00:00, run_after=2025-04-09 23:04:00+00:00
[2025-04-09T23:04:13.093+0000] {processor.py:208} INFO - Processing /home/airflow/.local/lib/python3.12/site-packages/airflow/example_dags/example_branch_python_dop_operator_3.py took 0.034 seconds
[2025-04-09T23:04:43.439+0000] {processor.py:186} INFO - Started process (PID=2706) to work on /home/airflow/.local/lib/python3.12/site-packages/airflow/example_dags/example_branch_python_dop_operator_3.py
[2025-04-09T23:04:43.439+0000] {processor.py:914} INFO - Processing file /home/airflow/.local/lib/python3.12/site-packages/airflow/example_dags/example_branch_python_dop_operator_3.py for tasks to queue
[2025-04-09T23:04:43.440+0000] {logging_mixin.py:190} INFO - [2025-04-09T23:04:43.440+0000] {dagbag.py:588} INFO - Filling up the DagBag from /home/airflow/.local/lib/python3.12/site-packages/airflow/example_dags/example_branch_python_dop_operator_3.py
[2025-04-09T23:04:43.445+0000] {processor.py:925} INFO - DAG(s) 'example_branch_dop_operator_v3' retrieved from /home/airflow/.local/lib/python3.12/site-packages/airflow/example_dags/example_branch_python_dop_operator_3.py
[2025-04-09T23:04:43.456+0000] {logging_mixin.py:190} INFO - [2025-04-09T23:04:43.455+0000] {dag.py:3239} INFO - Sync 1 DAGs
[2025-04-09T23:04:43.467+0000] {logging_mixin.py:190} INFO - [2025-04-09T23:04:43.467+0000] {dag.py:4180} INFO - Setting next_dagrun for example_branch_dop_operator_v3 to 2025-04-09 23:03:00+00:00, run_after=2025-04-09 23:04:00+00:00
[2025-04-09T23:04:43.474+0000] {processor.py:208} INFO - Processing /home/airflow/.local/lib/python3.12/site-packages/airflow/example_dags/example_branch_python_dop_operator_3.py took 0.038 seconds
[2025-04-09T23:05:13.600+0000] {processor.py:186} INFO - Started process (PID=2770) to work on /home/airflow/.local/lib/python3.12/site-packages/airflow/example_dags/example_branch_python_dop_operator_3.py
[2025-04-09T23:05:13.601+0000] {processor.py:914} INFO - Processing file /home/airflow/.local/lib/python3.12/site-packages/airflow/example_dags/example_branch_python_dop_operator_3.py for tasks to queue
[2025-04-09T23:05:13.602+0000] {logging_mixin.py:190} INFO - [2025-04-09T23:05:13.602+0000] {dagbag.py:588} INFO - Filling up the DagBag from /home/airflow/.local/lib/python3.12/site-packages/airflow/example_dags/example_branch_python_dop_operator_3.py
[2025-04-09T23:05:13.607+0000] {processor.py:925} INFO - DAG(s) 'example_branch_dop_operator_v3' retrieved from /home/airflow/.local/lib/python3.12/site-packages/airflow/example_dags/example_branch_python_dop_operator_3.py
[2025-04-09T23:05:13.617+0000] {logging_mixin.py:190} INFO - [2025-04-09T23:05:13.617+0000] {dag.py:3239} INFO - Sync 1 DAGs
[2025-04-09T23:05:13.628+0000] {logging_mixin.py:190} INFO - [2025-04-09T23:05:13.628+0000] {dag.py:4180} INFO - Setting next_dagrun for example_branch_dop_operator_v3 to 2025-04-09 23:04:00+00:00, run_after=2025-04-09 23:05:00+00:00
[2025-04-09T23:05:13.637+0000] {processor.py:208} INFO - Processing /home/airflow/.local/lib/python3.12/site-packages/airflow/example_dags/example_branch_python_dop_operator_3.py took 0.040 seconds
[2025-04-09T23:05:43.764+0000] {processor.py:186} INFO - Started process (PID=2834) to work on /home/airflow/.local/lib/python3.12/site-packages/airflow/example_dags/example_branch_python_dop_operator_3.py
[2025-04-09T23:05:43.766+0000] {processor.py:914} INFO - Processing file /home/airflow/.local/lib/python3.12/site-packages/airflow/example_dags/example_branch_python_dop_operator_3.py for tasks to queue
[2025-04-09T23:05:43.767+0000] {logging_mixin.py:190} INFO - [2025-04-09T23:05:43.767+0000] {dagbag.py:588} INFO - Filling up the DagBag from /home/airflow/.local/lib/python3.12/site-packages/airflow/example_dags/example_branch_python_dop_operator_3.py
[2025-04-09T23:05:43.772+0000] {processor.py:925} INFO - DAG(s) 'example_branch_dop_operator_v3' retrieved from /home/airflow/.local/lib/python3.12/site-packages/airflow/example_dags/example_branch_python_dop_operator_3.py
[2025-04-09T23:05:43.781+0000] {logging_mixin.py:190} INFO - [2025-04-09T23:05:43.781+0000] {dag.py:3239} INFO - Sync 1 DAGs
[2025-04-09T23:05:43.793+0000] {logging_mixin.py:190} INFO - [2025-04-09T23:05:43.793+0000] {dag.py:4180} INFO - Setting next_dagrun for example_branch_dop_operator_v3 to 2025-04-09 23:04:00+00:00, run_after=2025-04-09 23:05:00+00:00
[2025-04-09T23:05:43.801+0000] {processor.py:208} INFO - Processing /home/airflow/.local/lib/python3.12/site-packages/airflow/example_dags/example_branch_python_dop_operator_3.py took 0.040 seconds
[2025-04-09T23:06:13.943+0000] {processor.py:186} INFO - Started process (PID=2898) to work on /home/airflow/.local/lib/python3.12/site-packages/airflow/example_dags/example_branch_python_dop_operator_3.py
[2025-04-09T23:06:13.943+0000] {processor.py:914} INFO - Processing file /home/airflow/.local/lib/python3.12/site-packages/airflow/example_dags/example_branch_python_dop_operator_3.py for tasks to queue
[2025-04-09T23:06:13.944+0000] {logging_mixin.py:190} INFO - [2025-04-09T23:06:13.944+0000] {dagbag.py:588} INFO - Filling up the DagBag from /home/airflow/.local/lib/python3.12/site-packages/airflow/example_dags/example_branch_python_dop_operator_3.py
[2025-04-09T23:06:13.949+0000] {processor.py:925} INFO - DAG(s) 'example_branch_dop_operator_v3' retrieved from /home/airflow/.local/lib/python3.12/site-packages/airflow/example_dags/example_branch_python_dop_operator_3.py
[2025-04-09T23:06:13.959+0000] {logging_mixin.py:190} INFO - [2025-04-09T23:06:13.959+0000] {dag.py:3239} INFO - Sync 1 DAGs
[2025-04-09T23:06:13.969+0000] {logging_mixin.py:190} INFO - [2025-04-09T23:06:13.969+0000] {dag.py:4180} INFO - Setting next_dagrun for example_branch_dop_operator_v3 to 2025-04-09 23:05:00+00:00, run_after=2025-04-09 23:06:00+00:00
[2025-04-09T23:06:13.980+0000] {processor.py:208} INFO - Processing /home/airflow/.local/lib/python3.12/site-packages/airflow/example_dags/example_branch_python_dop_operator_3.py took 0.040 seconds
[2025-04-09T23:06:44.141+0000] {processor.py:186} INFO - Started process (PID=2962) to work on /home/airflow/.local/lib/python3.12/site-packages/airflow/example_dags/example_branch_python_dop_operator_3.py
[2025-04-09T23:06:44.142+0000] {processor.py:914} INFO - Processing file /home/airflow/.local/lib/python3.12/site-packages/airflow/example_dags/example_branch_python_dop_operator_3.py for tasks to queue
[2025-04-09T23:06:44.143+0000] {logging_mixin.py:190} INFO - [2025-04-09T23:06:44.143+0000] {dagbag.py:588} INFO - Filling up the DagBag from /home/airflow/.local/lib/python3.12/site-packages/airflow/example_dags/example_branch_python_dop_operator_3.py
[2025-04-09T23:06:44.148+0000] {processor.py:925} INFO - DAG(s) 'example_branch_dop_operator_v3' retrieved from /home/airflow/.local/lib/python3.12/site-packages/airflow/example_dags/example_branch_python_dop_operator_3.py
[2025-04-09T23:06:44.158+0000] {logging_mixin.py:190} INFO - [2025-04-09T23:06:44.158+0000] {dag.py:3239} INFO - Sync 1 DAGs
[2025-04-09T23:06:44.169+0000] {logging_mixin.py:190} INFO - [2025-04-09T23:06:44.169+0000] {dag.py:4180} INFO - Setting next_dagrun for example_branch_dop_operator_v3 to 2025-04-09 23:05:00+00:00, run_after=2025-04-09 23:06:00+00:00
[2025-04-09T23:06:44.178+0000] {processor.py:208} INFO - Processing /home/airflow/.local/lib/python3.12/site-packages/airflow/example_dags/example_branch_python_dop_operator_3.py took 0.040 seconds
