[2025-04-09T22:43:57.036+0000] {processor.py:186} INFO - Started process (PID=61) to work on /home/airflow/.local/lib/python3.12/site-packages/airflow/example_dags/example_dynamic_task_mapping.py
[2025-04-09T22:43:57.041+0000] {processor.py:914} INFO - Processing file /home/airflow/.local/lib/python3.12/site-packages/airflow/example_dags/example_dynamic_task_mapping.py for tasks to queue
[2025-04-09T22:43:57.045+0000] {logging_mixin.py:190} INFO - [2025-04-09T22:43:57.044+0000] {dagbag.py:588} INFO - Filling up the DagBag from /home/airflow/.local/lib/python3.12/site-packages/airflow/example_dags/example_dynamic_task_mapping.py
[2025-04-09T22:43:57.053+0000] {processor.py:925} INFO - DAG(s) 'example_dynamic_task_mapping' retrieved from /home/airflow/.local/lib/python3.12/site-packages/airflow/example_dags/example_dynamic_task_mapping.py
[2025-04-09T22:43:57.191+0000] {logging_mixin.py:190} INFO - [2025-04-09T22:43:57.191+0000] {dag.py:3239} INFO - Sync 1 DAGs
[2025-04-09T22:43:57.201+0000] {logging_mixin.py:190} INFO - [2025-04-09T22:43:57.201+0000] {dag.py:4180} INFO - Setting next_dagrun for example_dynamic_task_mapping to None, run_after=None
[2025-04-09T22:43:57.214+0000] {processor.py:208} INFO - Processing /home/airflow/.local/lib/python3.12/site-packages/airflow/example_dags/example_dynamic_task_mapping.py took 0.187 seconds
[2025-04-09T22:44:28.054+0000] {processor.py:186} INFO - Started process (PID=129) to work on /home/airflow/.local/lib/python3.12/site-packages/airflow/example_dags/example_dynamic_task_mapping.py
[2025-04-09T22:44:28.055+0000] {processor.py:914} INFO - Processing file /home/airflow/.local/lib/python3.12/site-packages/airflow/example_dags/example_dynamic_task_mapping.py for tasks to queue
[2025-04-09T22:44:28.056+0000] {logging_mixin.py:190} INFO - [2025-04-09T22:44:28.056+0000] {dagbag.py:588} INFO - Filling up the DagBag from /home/airflow/.local/lib/python3.12/site-packages/airflow/example_dags/example_dynamic_task_mapping.py
[2025-04-09T22:44:28.061+0000] {processor.py:925} INFO - DAG(s) 'example_dynamic_task_mapping' retrieved from /home/airflow/.local/lib/python3.12/site-packages/airflow/example_dags/example_dynamic_task_mapping.py
[2025-04-09T22:44:28.072+0000] {logging_mixin.py:190} INFO - [2025-04-09T22:44:28.072+0000] {dag.py:3239} INFO - Sync 1 DAGs
[2025-04-09T22:44:28.082+0000] {logging_mixin.py:190} INFO - [2025-04-09T22:44:28.082+0000] {dag.py:4180} INFO - Setting next_dagrun for example_dynamic_task_mapping to None, run_after=None
[2025-04-09T22:44:28.092+0000] {processor.py:208} INFO - Processing /home/airflow/.local/lib/python3.12/site-packages/airflow/example_dags/example_dynamic_task_mapping.py took 0.042 seconds
[2025-04-09T22:44:58.257+0000] {processor.py:186} INFO - Started process (PID=193) to work on /home/airflow/.local/lib/python3.12/site-packages/airflow/example_dags/example_dynamic_task_mapping.py
[2025-04-09T22:44:58.257+0000] {processor.py:914} INFO - Processing file /home/airflow/.local/lib/python3.12/site-packages/airflow/example_dags/example_dynamic_task_mapping.py for tasks to queue
[2025-04-09T22:44:58.259+0000] {logging_mixin.py:190} INFO - [2025-04-09T22:44:58.259+0000] {dagbag.py:588} INFO - Filling up the DagBag from /home/airflow/.local/lib/python3.12/site-packages/airflow/example_dags/example_dynamic_task_mapping.py
[2025-04-09T22:44:58.265+0000] {processor.py:925} INFO - DAG(s) 'example_dynamic_task_mapping' retrieved from /home/airflow/.local/lib/python3.12/site-packages/airflow/example_dags/example_dynamic_task_mapping.py
[2025-04-09T22:44:58.277+0000] {logging_mixin.py:190} INFO - [2025-04-09T22:44:58.277+0000] {dag.py:3239} INFO - Sync 1 DAGs
[2025-04-09T22:44:58.285+0000] {logging_mixin.py:190} INFO - [2025-04-09T22:44:58.285+0000] {dag.py:4180} INFO - Setting next_dagrun for example_dynamic_task_mapping to None, run_after=None
[2025-04-09T22:44:58.294+0000] {processor.py:208} INFO - Processing /home/airflow/.local/lib/python3.12/site-packages/airflow/example_dags/example_dynamic_task_mapping.py took 0.042 seconds
[2025-04-09T22:45:28.311+0000] {processor.py:186} INFO - Started process (PID=256) to work on /home/airflow/.local/lib/python3.12/site-packages/airflow/example_dags/example_dynamic_task_mapping.py
[2025-04-09T22:45:28.312+0000] {processor.py:914} INFO - Processing file /home/airflow/.local/lib/python3.12/site-packages/airflow/example_dags/example_dynamic_task_mapping.py for tasks to queue
[2025-04-09T22:45:28.313+0000] {logging_mixin.py:190} INFO - [2025-04-09T22:45:28.313+0000] {dagbag.py:588} INFO - Filling up the DagBag from /home/airflow/.local/lib/python3.12/site-packages/airflow/example_dags/example_dynamic_task_mapping.py
[2025-04-09T22:45:28.318+0000] {processor.py:925} INFO - DAG(s) 'example_dynamic_task_mapping' retrieved from /home/airflow/.local/lib/python3.12/site-packages/airflow/example_dags/example_dynamic_task_mapping.py
[2025-04-09T22:45:28.327+0000] {logging_mixin.py:190} INFO - [2025-04-09T22:45:28.327+0000] {dag.py:3239} INFO - Sync 1 DAGs
[2025-04-09T22:45:28.333+0000] {logging_mixin.py:190} INFO - [2025-04-09T22:45:28.333+0000] {dag.py:4180} INFO - Setting next_dagrun for example_dynamic_task_mapping to None, run_after=None
[2025-04-09T22:45:28.340+0000] {processor.py:208} INFO - Processing /home/airflow/.local/lib/python3.12/site-packages/airflow/example_dags/example_dynamic_task_mapping.py took 0.032 seconds
[2025-04-09T22:45:58.480+0000] {processor.py:186} INFO - Started process (PID=320) to work on /home/airflow/.local/lib/python3.12/site-packages/airflow/example_dags/example_dynamic_task_mapping.py
[2025-04-09T22:45:58.481+0000] {processor.py:914} INFO - Processing file /home/airflow/.local/lib/python3.12/site-packages/airflow/example_dags/example_dynamic_task_mapping.py for tasks to queue
[2025-04-09T22:45:58.482+0000] {logging_mixin.py:190} INFO - [2025-04-09T22:45:58.482+0000] {dagbag.py:588} INFO - Filling up the DagBag from /home/airflow/.local/lib/python3.12/site-packages/airflow/example_dags/example_dynamic_task_mapping.py
[2025-04-09T22:45:58.487+0000] {processor.py:925} INFO - DAG(s) 'example_dynamic_task_mapping' retrieved from /home/airflow/.local/lib/python3.12/site-packages/airflow/example_dags/example_dynamic_task_mapping.py
[2025-04-09T22:45:58.504+0000] {logging_mixin.py:190} INFO - [2025-04-09T22:45:58.504+0000] {dag.py:3239} INFO - Sync 1 DAGs
[2025-04-09T22:45:58.511+0000] {logging_mixin.py:190} INFO - [2025-04-09T22:45:58.511+0000] {dag.py:4180} INFO - Setting next_dagrun for example_dynamic_task_mapping to None, run_after=None
[2025-04-09T22:45:58.518+0000] {processor.py:208} INFO - Processing /home/airflow/.local/lib/python3.12/site-packages/airflow/example_dags/example_dynamic_task_mapping.py took 0.043 seconds
[2025-04-09T22:46:28.899+0000] {processor.py:186} INFO - Started process (PID=384) to work on /home/airflow/.local/lib/python3.12/site-packages/airflow/example_dags/example_dynamic_task_mapping.py
[2025-04-09T22:46:28.900+0000] {processor.py:914} INFO - Processing file /home/airflow/.local/lib/python3.12/site-packages/airflow/example_dags/example_dynamic_task_mapping.py for tasks to queue
[2025-04-09T22:46:28.901+0000] {logging_mixin.py:190} INFO - [2025-04-09T22:46:28.901+0000] {dagbag.py:588} INFO - Filling up the DagBag from /home/airflow/.local/lib/python3.12/site-packages/airflow/example_dags/example_dynamic_task_mapping.py
[2025-04-09T22:46:28.907+0000] {processor.py:925} INFO - DAG(s) 'example_dynamic_task_mapping' retrieved from /home/airflow/.local/lib/python3.12/site-packages/airflow/example_dags/example_dynamic_task_mapping.py
[2025-04-09T22:46:28.917+0000] {logging_mixin.py:190} INFO - [2025-04-09T22:46:28.917+0000] {dag.py:3239} INFO - Sync 1 DAGs
[2025-04-09T22:46:28.934+0000] {logging_mixin.py:190} INFO - [2025-04-09T22:46:28.933+0000] {dag.py:4180} INFO - Setting next_dagrun for example_dynamic_task_mapping to None, run_after=None
[2025-04-09T22:46:28.941+0000] {processor.py:208} INFO - Processing /home/airflow/.local/lib/python3.12/site-packages/airflow/example_dags/example_dynamic_task_mapping.py took 0.045 seconds
[2025-04-09T22:46:59.064+0000] {processor.py:186} INFO - Started process (PID=447) to work on /home/airflow/.local/lib/python3.12/site-packages/airflow/example_dags/example_dynamic_task_mapping.py
[2025-04-09T22:46:59.065+0000] {processor.py:914} INFO - Processing file /home/airflow/.local/lib/python3.12/site-packages/airflow/example_dags/example_dynamic_task_mapping.py for tasks to queue
[2025-04-09T22:46:59.066+0000] {logging_mixin.py:190} INFO - [2025-04-09T22:46:59.066+0000] {dagbag.py:588} INFO - Filling up the DagBag from /home/airflow/.local/lib/python3.12/site-packages/airflow/example_dags/example_dynamic_task_mapping.py
[2025-04-09T22:46:59.070+0000] {processor.py:925} INFO - DAG(s) 'example_dynamic_task_mapping' retrieved from /home/airflow/.local/lib/python3.12/site-packages/airflow/example_dags/example_dynamic_task_mapping.py
[2025-04-09T22:46:59.079+0000] {logging_mixin.py:190} INFO - [2025-04-09T22:46:59.079+0000] {dag.py:3239} INFO - Sync 1 DAGs
[2025-04-09T22:46:59.084+0000] {logging_mixin.py:190} INFO - [2025-04-09T22:46:59.084+0000] {dag.py:4180} INFO - Setting next_dagrun for example_dynamic_task_mapping to None, run_after=None
[2025-04-09T22:46:59.091+0000] {processor.py:208} INFO - Processing /home/airflow/.local/lib/python3.12/site-packages/airflow/example_dags/example_dynamic_task_mapping.py took 0.030 seconds
[2025-04-09T22:47:29.616+0000] {processor.py:186} INFO - Started process (PID=517) to work on /home/airflow/.local/lib/python3.12/site-packages/airflow/example_dags/example_dynamic_task_mapping.py
[2025-04-09T22:47:29.617+0000] {processor.py:914} INFO - Processing file /home/airflow/.local/lib/python3.12/site-packages/airflow/example_dags/example_dynamic_task_mapping.py for tasks to queue
[2025-04-09T22:47:29.619+0000] {logging_mixin.py:190} INFO - [2025-04-09T22:47:29.618+0000] {dagbag.py:588} INFO - Filling up the DagBag from /home/airflow/.local/lib/python3.12/site-packages/airflow/example_dags/example_dynamic_task_mapping.py
[2025-04-09T22:47:29.624+0000] {processor.py:925} INFO - DAG(s) 'example_dynamic_task_mapping' retrieved from /home/airflow/.local/lib/python3.12/site-packages/airflow/example_dags/example_dynamic_task_mapping.py
[2025-04-09T22:47:29.637+0000] {logging_mixin.py:190} INFO - [2025-04-09T22:47:29.637+0000] {dag.py:3239} INFO - Sync 1 DAGs
[2025-04-09T22:47:29.643+0000] {logging_mixin.py:190} INFO - [2025-04-09T22:47:29.643+0000] {dag.py:4180} INFO - Setting next_dagrun for example_dynamic_task_mapping to None, run_after=None
[2025-04-09T22:47:29.652+0000] {processor.py:208} INFO - Processing /home/airflow/.local/lib/python3.12/site-packages/airflow/example_dags/example_dynamic_task_mapping.py took 0.041 seconds
[2025-04-09T22:48:00.088+0000] {processor.py:186} INFO - Started process (PID=581) to work on /home/airflow/.local/lib/python3.12/site-packages/airflow/example_dags/example_dynamic_task_mapping.py
[2025-04-09T22:48:00.090+0000] {processor.py:914} INFO - Processing file /home/airflow/.local/lib/python3.12/site-packages/airflow/example_dags/example_dynamic_task_mapping.py for tasks to queue
[2025-04-09T22:48:00.091+0000] {logging_mixin.py:190} INFO - [2025-04-09T22:48:00.091+0000] {dagbag.py:588} INFO - Filling up the DagBag from /home/airflow/.local/lib/python3.12/site-packages/airflow/example_dags/example_dynamic_task_mapping.py
[2025-04-09T22:48:00.095+0000] {processor.py:925} INFO - DAG(s) 'example_dynamic_task_mapping' retrieved from /home/airflow/.local/lib/python3.12/site-packages/airflow/example_dags/example_dynamic_task_mapping.py
[2025-04-09T22:48:00.106+0000] {logging_mixin.py:190} INFO - [2025-04-09T22:48:00.106+0000] {dag.py:3239} INFO - Sync 1 DAGs
[2025-04-09T22:48:00.115+0000] {logging_mixin.py:190} INFO - [2025-04-09T22:48:00.115+0000] {dag.py:4180} INFO - Setting next_dagrun for example_dynamic_task_mapping to None, run_after=None
[2025-04-09T22:48:00.126+0000] {processor.py:208} INFO - Processing /home/airflow/.local/lib/python3.12/site-packages/airflow/example_dags/example_dynamic_task_mapping.py took 0.042 seconds
[2025-04-09T22:48:30.617+0000] {processor.py:186} INFO - Started process (PID=645) to work on /home/airflow/.local/lib/python3.12/site-packages/airflow/example_dags/example_dynamic_task_mapping.py
[2025-04-09T22:48:30.620+0000] {processor.py:914} INFO - Processing file /home/airflow/.local/lib/python3.12/site-packages/airflow/example_dags/example_dynamic_task_mapping.py for tasks to queue
[2025-04-09T22:48:30.623+0000] {logging_mixin.py:190} INFO - [2025-04-09T22:48:30.622+0000] {dagbag.py:588} INFO - Filling up the DagBag from /home/airflow/.local/lib/python3.12/site-packages/airflow/example_dags/example_dynamic_task_mapping.py
[2025-04-09T22:48:30.627+0000] {processor.py:925} INFO - DAG(s) 'example_dynamic_task_mapping' retrieved from /home/airflow/.local/lib/python3.12/site-packages/airflow/example_dags/example_dynamic_task_mapping.py
[2025-04-09T22:48:30.635+0000] {logging_mixin.py:190} INFO - [2025-04-09T22:48:30.635+0000] {dag.py:3239} INFO - Sync 1 DAGs
[2025-04-09T22:48:30.645+0000] {logging_mixin.py:190} INFO - [2025-04-09T22:48:30.645+0000] {dag.py:4180} INFO - Setting next_dagrun for example_dynamic_task_mapping to None, run_after=None
[2025-04-09T22:48:30.655+0000] {processor.py:208} INFO - Processing /home/airflow/.local/lib/python3.12/site-packages/airflow/example_dags/example_dynamic_task_mapping.py took 0.042 seconds
[2025-04-09T22:49:00.727+0000] {processor.py:186} INFO - Started process (PID=709) to work on /home/airflow/.local/lib/python3.12/site-packages/airflow/example_dags/example_dynamic_task_mapping.py
[2025-04-09T22:49:00.727+0000] {processor.py:914} INFO - Processing file /home/airflow/.local/lib/python3.12/site-packages/airflow/example_dags/example_dynamic_task_mapping.py for tasks to queue
[2025-04-09T22:49:00.728+0000] {logging_mixin.py:190} INFO - [2025-04-09T22:49:00.728+0000] {dagbag.py:588} INFO - Filling up the DagBag from /home/airflow/.local/lib/python3.12/site-packages/airflow/example_dags/example_dynamic_task_mapping.py
[2025-04-09T22:49:00.733+0000] {processor.py:925} INFO - DAG(s) 'example_dynamic_task_mapping' retrieved from /home/airflow/.local/lib/python3.12/site-packages/airflow/example_dags/example_dynamic_task_mapping.py
[2025-04-09T22:49:00.742+0000] {logging_mixin.py:190} INFO - [2025-04-09T22:49:00.742+0000] {dag.py:3239} INFO - Sync 1 DAGs
[2025-04-09T22:49:00.748+0000] {logging_mixin.py:190} INFO - [2025-04-09T22:49:00.748+0000] {dag.py:4180} INFO - Setting next_dagrun for example_dynamic_task_mapping to None, run_after=None
[2025-04-09T22:49:00.754+0000] {processor.py:208} INFO - Processing /home/airflow/.local/lib/python3.12/site-packages/airflow/example_dags/example_dynamic_task_mapping.py took 0.030 seconds
[2025-04-09T22:49:30.810+0000] {processor.py:186} INFO - Started process (PID=772) to work on /home/airflow/.local/lib/python3.12/site-packages/airflow/example_dags/example_dynamic_task_mapping.py
[2025-04-09T22:49:30.811+0000] {processor.py:914} INFO - Processing file /home/airflow/.local/lib/python3.12/site-packages/airflow/example_dags/example_dynamic_task_mapping.py for tasks to queue
[2025-04-09T22:49:30.814+0000] {logging_mixin.py:190} INFO - [2025-04-09T22:49:30.814+0000] {dagbag.py:588} INFO - Filling up the DagBag from /home/airflow/.local/lib/python3.12/site-packages/airflow/example_dags/example_dynamic_task_mapping.py
[2025-04-09T22:49:30.819+0000] {processor.py:925} INFO - DAG(s) 'example_dynamic_task_mapping' retrieved from /home/airflow/.local/lib/python3.12/site-packages/airflow/example_dags/example_dynamic_task_mapping.py
[2025-04-09T22:49:30.828+0000] {logging_mixin.py:190} INFO - [2025-04-09T22:49:30.827+0000] {dag.py:3239} INFO - Sync 1 DAGs
[2025-04-09T22:49:30.833+0000] {logging_mixin.py:190} INFO - [2025-04-09T22:49:30.833+0000] {dag.py:4180} INFO - Setting next_dagrun for example_dynamic_task_mapping to None, run_after=None
[2025-04-09T22:49:30.840+0000] {processor.py:208} INFO - Processing /home/airflow/.local/lib/python3.12/site-packages/airflow/example_dags/example_dynamic_task_mapping.py took 0.032 seconds
[2025-04-09T22:50:01.148+0000] {processor.py:186} INFO - Started process (PID=837) to work on /home/airflow/.local/lib/python3.12/site-packages/airflow/example_dags/example_dynamic_task_mapping.py
[2025-04-09T22:50:01.150+0000] {processor.py:914} INFO - Processing file /home/airflow/.local/lib/python3.12/site-packages/airflow/example_dags/example_dynamic_task_mapping.py for tasks to queue
[2025-04-09T22:50:01.151+0000] {logging_mixin.py:190} INFO - [2025-04-09T22:50:01.151+0000] {dagbag.py:588} INFO - Filling up the DagBag from /home/airflow/.local/lib/python3.12/site-packages/airflow/example_dags/example_dynamic_task_mapping.py
[2025-04-09T22:50:01.155+0000] {processor.py:925} INFO - DAG(s) 'example_dynamic_task_mapping' retrieved from /home/airflow/.local/lib/python3.12/site-packages/airflow/example_dags/example_dynamic_task_mapping.py
[2025-04-09T22:50:01.165+0000] {logging_mixin.py:190} INFO - [2025-04-09T22:50:01.165+0000] {dag.py:3239} INFO - Sync 1 DAGs
[2025-04-09T22:50:01.172+0000] {logging_mixin.py:190} INFO - [2025-04-09T22:50:01.172+0000] {dag.py:4180} INFO - Setting next_dagrun for example_dynamic_task_mapping to None, run_after=None
[2025-04-09T22:50:01.182+0000] {processor.py:208} INFO - Processing /home/airflow/.local/lib/python3.12/site-packages/airflow/example_dags/example_dynamic_task_mapping.py took 0.038 seconds
[2025-04-09T22:50:31.345+0000] {processor.py:186} INFO - Started process (PID=901) to work on /home/airflow/.local/lib/python3.12/site-packages/airflow/example_dags/example_dynamic_task_mapping.py
[2025-04-09T22:50:31.345+0000] {processor.py:914} INFO - Processing file /home/airflow/.local/lib/python3.12/site-packages/airflow/example_dags/example_dynamic_task_mapping.py for tasks to queue
[2025-04-09T22:50:31.347+0000] {logging_mixin.py:190} INFO - [2025-04-09T22:50:31.347+0000] {dagbag.py:588} INFO - Filling up the DagBag from /home/airflow/.local/lib/python3.12/site-packages/airflow/example_dags/example_dynamic_task_mapping.py
[2025-04-09T22:50:31.353+0000] {processor.py:925} INFO - DAG(s) 'example_dynamic_task_mapping' retrieved from /home/airflow/.local/lib/python3.12/site-packages/airflow/example_dags/example_dynamic_task_mapping.py
[2025-04-09T22:50:31.365+0000] {logging_mixin.py:190} INFO - [2025-04-09T22:50:31.365+0000] {dag.py:3239} INFO - Sync 1 DAGs
[2025-04-09T22:50:31.373+0000] {logging_mixin.py:190} INFO - [2025-04-09T22:50:31.373+0000] {dag.py:4180} INFO - Setting next_dagrun for example_dynamic_task_mapping to None, run_after=None
[2025-04-09T22:50:31.383+0000] {processor.py:208} INFO - Processing /home/airflow/.local/lib/python3.12/site-packages/airflow/example_dags/example_dynamic_task_mapping.py took 0.041 seconds
[2025-04-09T22:51:02.428+0000] {processor.py:186} INFO - Started process (PID=965) to work on /home/airflow/.local/lib/python3.12/site-packages/airflow/example_dags/example_dynamic_task_mapping.py
[2025-04-09T22:51:02.429+0000] {processor.py:914} INFO - Processing file /home/airflow/.local/lib/python3.12/site-packages/airflow/example_dags/example_dynamic_task_mapping.py for tasks to queue
[2025-04-09T22:51:02.430+0000] {logging_mixin.py:190} INFO - [2025-04-09T22:51:02.430+0000] {dagbag.py:588} INFO - Filling up the DagBag from /home/airflow/.local/lib/python3.12/site-packages/airflow/example_dags/example_dynamic_task_mapping.py
[2025-04-09T22:51:02.436+0000] {processor.py:925} INFO - DAG(s) 'example_dynamic_task_mapping' retrieved from /home/airflow/.local/lib/python3.12/site-packages/airflow/example_dags/example_dynamic_task_mapping.py
[2025-04-09T22:51:02.445+0000] {logging_mixin.py:190} INFO - [2025-04-09T22:51:02.444+0000] {dag.py:3239} INFO - Sync 1 DAGs
[2025-04-09T22:51:02.452+0000] {logging_mixin.py:190} INFO - [2025-04-09T22:51:02.451+0000] {dag.py:4180} INFO - Setting next_dagrun for example_dynamic_task_mapping to None, run_after=None
[2025-04-09T22:51:02.462+0000] {processor.py:208} INFO - Processing /home/airflow/.local/lib/python3.12/site-packages/airflow/example_dags/example_dynamic_task_mapping.py took 0.036 seconds
[2025-04-09T22:51:32.600+0000] {processor.py:186} INFO - Started process (PID=1029) to work on /home/airflow/.local/lib/python3.12/site-packages/airflow/example_dags/example_dynamic_task_mapping.py
[2025-04-09T22:51:32.602+0000] {processor.py:914} INFO - Processing file /home/airflow/.local/lib/python3.12/site-packages/airflow/example_dags/example_dynamic_task_mapping.py for tasks to queue
[2025-04-09T22:51:32.603+0000] {logging_mixin.py:190} INFO - [2025-04-09T22:51:32.603+0000] {dagbag.py:588} INFO - Filling up the DagBag from /home/airflow/.local/lib/python3.12/site-packages/airflow/example_dags/example_dynamic_task_mapping.py
[2025-04-09T22:51:32.608+0000] {processor.py:925} INFO - DAG(s) 'example_dynamic_task_mapping' retrieved from /home/airflow/.local/lib/python3.12/site-packages/airflow/example_dags/example_dynamic_task_mapping.py
[2025-04-09T22:51:32.618+0000] {logging_mixin.py:190} INFO - [2025-04-09T22:51:32.617+0000] {dag.py:3239} INFO - Sync 1 DAGs
[2025-04-09T22:51:32.625+0000] {logging_mixin.py:190} INFO - [2025-04-09T22:51:32.625+0000] {dag.py:4180} INFO - Setting next_dagrun for example_dynamic_task_mapping to None, run_after=None
[2025-04-09T22:51:32.635+0000] {processor.py:208} INFO - Processing /home/airflow/.local/lib/python3.12/site-packages/airflow/example_dags/example_dynamic_task_mapping.py took 0.038 seconds
[2025-04-09T22:52:02.773+0000] {processor.py:186} INFO - Started process (PID=1092) to work on /home/airflow/.local/lib/python3.12/site-packages/airflow/example_dags/example_dynamic_task_mapping.py
[2025-04-09T22:52:02.774+0000] {processor.py:914} INFO - Processing file /home/airflow/.local/lib/python3.12/site-packages/airflow/example_dags/example_dynamic_task_mapping.py for tasks to queue
[2025-04-09T22:52:02.775+0000] {logging_mixin.py:190} INFO - [2025-04-09T22:52:02.775+0000] {dagbag.py:588} INFO - Filling up the DagBag from /home/airflow/.local/lib/python3.12/site-packages/airflow/example_dags/example_dynamic_task_mapping.py
[2025-04-09T22:52:02.780+0000] {processor.py:925} INFO - DAG(s) 'example_dynamic_task_mapping' retrieved from /home/airflow/.local/lib/python3.12/site-packages/airflow/example_dags/example_dynamic_task_mapping.py
[2025-04-09T22:52:02.789+0000] {logging_mixin.py:190} INFO - [2025-04-09T22:52:02.789+0000] {dag.py:3239} INFO - Sync 1 DAGs
[2025-04-09T22:52:02.796+0000] {logging_mixin.py:190} INFO - [2025-04-09T22:52:02.796+0000] {dag.py:4180} INFO - Setting next_dagrun for example_dynamic_task_mapping to None, run_after=None
[2025-04-09T22:52:02.803+0000] {processor.py:208} INFO - Processing /home/airflow/.local/lib/python3.12/site-packages/airflow/example_dags/example_dynamic_task_mapping.py took 0.034 seconds
[2025-04-09T22:52:33.039+0000] {processor.py:186} INFO - Started process (PID=1156) to work on /home/airflow/.local/lib/python3.12/site-packages/airflow/example_dags/example_dynamic_task_mapping.py
[2025-04-09T22:52:33.042+0000] {processor.py:914} INFO - Processing file /home/airflow/.local/lib/python3.12/site-packages/airflow/example_dags/example_dynamic_task_mapping.py for tasks to queue
[2025-04-09T22:52:33.043+0000] {logging_mixin.py:190} INFO - [2025-04-09T22:52:33.043+0000] {dagbag.py:588} INFO - Filling up the DagBag from /home/airflow/.local/lib/python3.12/site-packages/airflow/example_dags/example_dynamic_task_mapping.py
[2025-04-09T22:52:33.049+0000] {processor.py:925} INFO - DAG(s) 'example_dynamic_task_mapping' retrieved from /home/airflow/.local/lib/python3.12/site-packages/airflow/example_dags/example_dynamic_task_mapping.py
[2025-04-09T22:52:33.058+0000] {logging_mixin.py:190} INFO - [2025-04-09T22:52:33.058+0000] {dag.py:3239} INFO - Sync 1 DAGs
[2025-04-09T22:52:33.066+0000] {logging_mixin.py:190} INFO - [2025-04-09T22:52:33.066+0000] {dag.py:4180} INFO - Setting next_dagrun for example_dynamic_task_mapping to None, run_after=None
[2025-04-09T22:52:33.076+0000] {processor.py:208} INFO - Processing /home/airflow/.local/lib/python3.12/site-packages/airflow/example_dags/example_dynamic_task_mapping.py took 0.040 seconds
[2025-04-09T22:53:03.137+0000] {processor.py:186} INFO - Started process (PID=1220) to work on /home/airflow/.local/lib/python3.12/site-packages/airflow/example_dags/example_dynamic_task_mapping.py
[2025-04-09T22:53:03.137+0000] {processor.py:914} INFO - Processing file /home/airflow/.local/lib/python3.12/site-packages/airflow/example_dags/example_dynamic_task_mapping.py for tasks to queue
[2025-04-09T22:53:03.138+0000] {logging_mixin.py:190} INFO - [2025-04-09T22:53:03.138+0000] {dagbag.py:588} INFO - Filling up the DagBag from /home/airflow/.local/lib/python3.12/site-packages/airflow/example_dags/example_dynamic_task_mapping.py
[2025-04-09T22:53:03.142+0000] {processor.py:925} INFO - DAG(s) 'example_dynamic_task_mapping' retrieved from /home/airflow/.local/lib/python3.12/site-packages/airflow/example_dags/example_dynamic_task_mapping.py
[2025-04-09T22:53:03.150+0000] {logging_mixin.py:190} INFO - [2025-04-09T22:53:03.150+0000] {dag.py:3239} INFO - Sync 1 DAGs
[2025-04-09T22:53:03.156+0000] {logging_mixin.py:190} INFO - [2025-04-09T22:53:03.156+0000] {dag.py:4180} INFO - Setting next_dagrun for example_dynamic_task_mapping to None, run_after=None
[2025-04-09T22:53:03.163+0000] {processor.py:208} INFO - Processing /home/airflow/.local/lib/python3.12/site-packages/airflow/example_dags/example_dynamic_task_mapping.py took 0.029 seconds
[2025-04-09T22:53:34.126+0000] {processor.py:186} INFO - Started process (PID=1284) to work on /home/airflow/.local/lib/python3.12/site-packages/airflow/example_dags/example_dynamic_task_mapping.py
[2025-04-09T22:53:34.126+0000] {processor.py:914} INFO - Processing file /home/airflow/.local/lib/python3.12/site-packages/airflow/example_dags/example_dynamic_task_mapping.py for tasks to queue
[2025-04-09T22:53:34.127+0000] {logging_mixin.py:190} INFO - [2025-04-09T22:53:34.127+0000] {dagbag.py:588} INFO - Filling up the DagBag from /home/airflow/.local/lib/python3.12/site-packages/airflow/example_dags/example_dynamic_task_mapping.py
[2025-04-09T22:53:34.132+0000] {processor.py:925} INFO - DAG(s) 'example_dynamic_task_mapping' retrieved from /home/airflow/.local/lib/python3.12/site-packages/airflow/example_dags/example_dynamic_task_mapping.py
[2025-04-09T22:53:34.140+0000] {logging_mixin.py:190} INFO - [2025-04-09T22:53:34.140+0000] {dag.py:3239} INFO - Sync 1 DAGs
[2025-04-09T22:53:34.146+0000] {logging_mixin.py:190} INFO - [2025-04-09T22:53:34.145+0000] {dag.py:4180} INFO - Setting next_dagrun for example_dynamic_task_mapping to None, run_after=None
[2025-04-09T22:53:34.153+0000] {processor.py:208} INFO - Processing /home/airflow/.local/lib/python3.12/site-packages/airflow/example_dags/example_dynamic_task_mapping.py took 0.029 seconds
[2025-04-09T22:54:05.212+0000] {processor.py:186} INFO - Started process (PID=1348) to work on /home/airflow/.local/lib/python3.12/site-packages/airflow/example_dags/example_dynamic_task_mapping.py
[2025-04-09T22:54:05.213+0000] {processor.py:914} INFO - Processing file /home/airflow/.local/lib/python3.12/site-packages/airflow/example_dags/example_dynamic_task_mapping.py for tasks to queue
[2025-04-09T22:54:05.214+0000] {logging_mixin.py:190} INFO - [2025-04-09T22:54:05.213+0000] {dagbag.py:588} INFO - Filling up the DagBag from /home/airflow/.local/lib/python3.12/site-packages/airflow/example_dags/example_dynamic_task_mapping.py
[2025-04-09T22:54:05.219+0000] {processor.py:925} INFO - DAG(s) 'example_dynamic_task_mapping' retrieved from /home/airflow/.local/lib/python3.12/site-packages/airflow/example_dags/example_dynamic_task_mapping.py
[2025-04-09T22:54:05.233+0000] {logging_mixin.py:190} INFO - [2025-04-09T22:54:05.233+0000] {dag.py:3239} INFO - Sync 1 DAGs
[2025-04-09T22:54:05.239+0000] {logging_mixin.py:190} INFO - [2025-04-09T22:54:05.239+0000] {dag.py:4180} INFO - Setting next_dagrun for example_dynamic_task_mapping to None, run_after=None
[2025-04-09T22:54:05.247+0000] {processor.py:208} INFO - Processing /home/airflow/.local/lib/python3.12/site-packages/airflow/example_dags/example_dynamic_task_mapping.py took 0.038 seconds
[2025-04-09T22:54:35.848+0000] {processor.py:186} INFO - Started process (PID=1412) to work on /home/airflow/.local/lib/python3.12/site-packages/airflow/example_dags/example_dynamic_task_mapping.py
[2025-04-09T22:54:35.849+0000] {processor.py:914} INFO - Processing file /home/airflow/.local/lib/python3.12/site-packages/airflow/example_dags/example_dynamic_task_mapping.py for tasks to queue
[2025-04-09T22:54:35.851+0000] {logging_mixin.py:190} INFO - [2025-04-09T22:54:35.851+0000] {dagbag.py:588} INFO - Filling up the DagBag from /home/airflow/.local/lib/python3.12/site-packages/airflow/example_dags/example_dynamic_task_mapping.py
[2025-04-09T22:54:35.856+0000] {processor.py:925} INFO - DAG(s) 'example_dynamic_task_mapping' retrieved from /home/airflow/.local/lib/python3.12/site-packages/airflow/example_dags/example_dynamic_task_mapping.py
[2025-04-09T22:54:35.866+0000] {logging_mixin.py:190} INFO - [2025-04-09T22:54:35.866+0000] {dag.py:3239} INFO - Sync 1 DAGs
[2025-04-09T22:54:35.871+0000] {logging_mixin.py:190} INFO - [2025-04-09T22:54:35.871+0000] {dag.py:4180} INFO - Setting next_dagrun for example_dynamic_task_mapping to None, run_after=None
[2025-04-09T22:54:35.879+0000] {processor.py:208} INFO - Processing /home/airflow/.local/lib/python3.12/site-packages/airflow/example_dags/example_dynamic_task_mapping.py took 0.033 seconds
[2025-04-09T23:03:42.127+0000] {processor.py:186} INFO - Started process (PID=2566) to work on /home/airflow/.local/lib/python3.12/site-packages/airflow/example_dags/example_dynamic_task_mapping.py
[2025-04-09T23:03:42.133+0000] {processor.py:914} INFO - Processing file /home/airflow/.local/lib/python3.12/site-packages/airflow/example_dags/example_dynamic_task_mapping.py for tasks to queue
[2025-04-09T23:03:42.136+0000] {logging_mixin.py:190} INFO - [2025-04-09T23:03:42.135+0000] {dagbag.py:588} INFO - Filling up the DagBag from /home/airflow/.local/lib/python3.12/site-packages/airflow/example_dags/example_dynamic_task_mapping.py
[2025-04-09T23:03:42.141+0000] {processor.py:925} INFO - DAG(s) 'example_dynamic_task_mapping' retrieved from /home/airflow/.local/lib/python3.12/site-packages/airflow/example_dags/example_dynamic_task_mapping.py
[2025-04-09T23:03:42.152+0000] {logging_mixin.py:190} INFO - [2025-04-09T23:03:42.152+0000] {dag.py:3239} INFO - Sync 1 DAGs
[2025-04-09T23:03:42.158+0000] {logging_mixin.py:190} INFO - [2025-04-09T23:03:42.158+0000] {dag.py:4180} INFO - Setting next_dagrun for example_dynamic_task_mapping to None, run_after=None
[2025-04-09T23:03:42.166+0000] {processor.py:208} INFO - Processing /home/airflow/.local/lib/python3.12/site-packages/airflow/example_dags/example_dynamic_task_mapping.py took 0.042 seconds
[2025-04-09T23:04:12.595+0000] {processor.py:186} INFO - Started process (PID=2630) to work on /home/airflow/.local/lib/python3.12/site-packages/airflow/example_dags/example_dynamic_task_mapping.py
[2025-04-09T23:04:12.596+0000] {processor.py:914} INFO - Processing file /home/airflow/.local/lib/python3.12/site-packages/airflow/example_dags/example_dynamic_task_mapping.py for tasks to queue
[2025-04-09T23:04:12.597+0000] {logging_mixin.py:190} INFO - [2025-04-09T23:04:12.597+0000] {dagbag.py:588} INFO - Filling up the DagBag from /home/airflow/.local/lib/python3.12/site-packages/airflow/example_dags/example_dynamic_task_mapping.py
[2025-04-09T23:04:12.602+0000] {processor.py:925} INFO - DAG(s) 'example_dynamic_task_mapping' retrieved from /home/airflow/.local/lib/python3.12/site-packages/airflow/example_dags/example_dynamic_task_mapping.py
[2025-04-09T23:04:12.612+0000] {logging_mixin.py:190} INFO - [2025-04-09T23:04:12.612+0000] {dag.py:3239} INFO - Sync 1 DAGs
[2025-04-09T23:04:12.618+0000] {logging_mixin.py:190} INFO - [2025-04-09T23:04:12.618+0000] {dag.py:4180} INFO - Setting next_dagrun for example_dynamic_task_mapping to None, run_after=None
[2025-04-09T23:04:12.627+0000] {processor.py:208} INFO - Processing /home/airflow/.local/lib/python3.12/site-packages/airflow/example_dags/example_dynamic_task_mapping.py took 0.035 seconds
[2025-04-09T23:04:42.969+0000] {processor.py:186} INFO - Started process (PID=2694) to work on /home/airflow/.local/lib/python3.12/site-packages/airflow/example_dags/example_dynamic_task_mapping.py
[2025-04-09T23:04:42.969+0000] {processor.py:914} INFO - Processing file /home/airflow/.local/lib/python3.12/site-packages/airflow/example_dags/example_dynamic_task_mapping.py for tasks to queue
[2025-04-09T23:04:42.971+0000] {logging_mixin.py:190} INFO - [2025-04-09T23:04:42.971+0000] {dagbag.py:588} INFO - Filling up the DagBag from /home/airflow/.local/lib/python3.12/site-packages/airflow/example_dags/example_dynamic_task_mapping.py
[2025-04-09T23:04:42.976+0000] {processor.py:925} INFO - DAG(s) 'example_dynamic_task_mapping' retrieved from /home/airflow/.local/lib/python3.12/site-packages/airflow/example_dags/example_dynamic_task_mapping.py
[2025-04-09T23:04:42.985+0000] {logging_mixin.py:190} INFO - [2025-04-09T23:04:42.985+0000] {dag.py:3239} INFO - Sync 1 DAGs
[2025-04-09T23:04:42.991+0000] {logging_mixin.py:190} INFO - [2025-04-09T23:04:42.991+0000] {dag.py:4180} INFO - Setting next_dagrun for example_dynamic_task_mapping to None, run_after=None
[2025-04-09T23:04:42.999+0000] {processor.py:208} INFO - Processing /home/airflow/.local/lib/python3.12/site-packages/airflow/example_dags/example_dynamic_task_mapping.py took 0.033 seconds
[2025-04-09T23:05:13.064+0000] {processor.py:186} INFO - Started process (PID=2757) to work on /home/airflow/.local/lib/python3.12/site-packages/airflow/example_dags/example_dynamic_task_mapping.py
[2025-04-09T23:05:13.068+0000] {processor.py:914} INFO - Processing file /home/airflow/.local/lib/python3.12/site-packages/airflow/example_dags/example_dynamic_task_mapping.py for tasks to queue
[2025-04-09T23:05:13.069+0000] {logging_mixin.py:190} INFO - [2025-04-09T23:05:13.069+0000] {dagbag.py:588} INFO - Filling up the DagBag from /home/airflow/.local/lib/python3.12/site-packages/airflow/example_dags/example_dynamic_task_mapping.py
[2025-04-09T23:05:13.074+0000] {processor.py:925} INFO - DAG(s) 'example_dynamic_task_mapping' retrieved from /home/airflow/.local/lib/python3.12/site-packages/airflow/example_dags/example_dynamic_task_mapping.py
[2025-04-09T23:05:13.083+0000] {logging_mixin.py:190} INFO - [2025-04-09T23:05:13.083+0000] {dag.py:3239} INFO - Sync 1 DAGs
[2025-04-09T23:05:13.089+0000] {logging_mixin.py:190} INFO - [2025-04-09T23:05:13.089+0000] {dag.py:4180} INFO - Setting next_dagrun for example_dynamic_task_mapping to None, run_after=None
[2025-04-09T23:05:13.099+0000] {processor.py:208} INFO - Processing /home/airflow/.local/lib/python3.12/site-packages/airflow/example_dags/example_dynamic_task_mapping.py took 0.038 seconds
[2025-04-09T23:05:43.332+0000] {processor.py:186} INFO - Started process (PID=2822) to work on /home/airflow/.local/lib/python3.12/site-packages/airflow/example_dags/example_dynamic_task_mapping.py
[2025-04-09T23:05:43.332+0000] {processor.py:914} INFO - Processing file /home/airflow/.local/lib/python3.12/site-packages/airflow/example_dags/example_dynamic_task_mapping.py for tasks to queue
[2025-04-09T23:05:43.334+0000] {logging_mixin.py:190} INFO - [2025-04-09T23:05:43.334+0000] {dagbag.py:588} INFO - Filling up the DagBag from /home/airflow/.local/lib/python3.12/site-packages/airflow/example_dags/example_dynamic_task_mapping.py
[2025-04-09T23:05:43.338+0000] {processor.py:925} INFO - DAG(s) 'example_dynamic_task_mapping' retrieved from /home/airflow/.local/lib/python3.12/site-packages/airflow/example_dags/example_dynamic_task_mapping.py
[2025-04-09T23:05:43.348+0000] {logging_mixin.py:190} INFO - [2025-04-09T23:05:43.348+0000] {dag.py:3239} INFO - Sync 1 DAGs
[2025-04-09T23:05:43.354+0000] {logging_mixin.py:190} INFO - [2025-04-09T23:05:43.354+0000] {dag.py:4180} INFO - Setting next_dagrun for example_dynamic_task_mapping to None, run_after=None
[2025-04-09T23:05:43.362+0000] {processor.py:208} INFO - Processing /home/airflow/.local/lib/python3.12/site-packages/airflow/example_dags/example_dynamic_task_mapping.py took 0.033 seconds
[2025-04-09T23:06:13.553+0000] {processor.py:186} INFO - Started process (PID=2886) to work on /home/airflow/.local/lib/python3.12/site-packages/airflow/example_dags/example_dynamic_task_mapping.py
[2025-04-09T23:06:13.553+0000] {processor.py:914} INFO - Processing file /home/airflow/.local/lib/python3.12/site-packages/airflow/example_dags/example_dynamic_task_mapping.py for tasks to queue
[2025-04-09T23:06:13.555+0000] {logging_mixin.py:190} INFO - [2025-04-09T23:06:13.554+0000] {dagbag.py:588} INFO - Filling up the DagBag from /home/airflow/.local/lib/python3.12/site-packages/airflow/example_dags/example_dynamic_task_mapping.py
[2025-04-09T23:06:13.559+0000] {processor.py:925} INFO - DAG(s) 'example_dynamic_task_mapping' retrieved from /home/airflow/.local/lib/python3.12/site-packages/airflow/example_dags/example_dynamic_task_mapping.py
[2025-04-09T23:06:13.569+0000] {logging_mixin.py:190} INFO - [2025-04-09T23:06:13.569+0000] {dag.py:3239} INFO - Sync 1 DAGs
[2025-04-09T23:06:13.574+0000] {logging_mixin.py:190} INFO - [2025-04-09T23:06:13.574+0000] {dag.py:4180} INFO - Setting next_dagrun for example_dynamic_task_mapping to None, run_after=None
[2025-04-09T23:06:13.584+0000] {processor.py:208} INFO - Processing /home/airflow/.local/lib/python3.12/site-packages/airflow/example_dags/example_dynamic_task_mapping.py took 0.034 seconds
[2025-04-09T23:06:43.684+0000] {processor.py:186} INFO - Started process (PID=2950) to work on /home/airflow/.local/lib/python3.12/site-packages/airflow/example_dags/example_dynamic_task_mapping.py
[2025-04-09T23:06:43.685+0000] {processor.py:914} INFO - Processing file /home/airflow/.local/lib/python3.12/site-packages/airflow/example_dags/example_dynamic_task_mapping.py for tasks to queue
[2025-04-09T23:06:43.686+0000] {logging_mixin.py:190} INFO - [2025-04-09T23:06:43.686+0000] {dagbag.py:588} INFO - Filling up the DagBag from /home/airflow/.local/lib/python3.12/site-packages/airflow/example_dags/example_dynamic_task_mapping.py
[2025-04-09T23:06:43.691+0000] {processor.py:925} INFO - DAG(s) 'example_dynamic_task_mapping' retrieved from /home/airflow/.local/lib/python3.12/site-packages/airflow/example_dags/example_dynamic_task_mapping.py
[2025-04-09T23:06:43.701+0000] {logging_mixin.py:190} INFO - [2025-04-09T23:06:43.701+0000] {dag.py:3239} INFO - Sync 1 DAGs
[2025-04-09T23:06:43.708+0000] {logging_mixin.py:190} INFO - [2025-04-09T23:06:43.707+0000] {dag.py:4180} INFO - Setting next_dagrun for example_dynamic_task_mapping to None, run_after=None
[2025-04-09T23:06:43.718+0000] {processor.py:208} INFO - Processing /home/airflow/.local/lib/python3.12/site-packages/airflow/example_dags/example_dynamic_task_mapping.py took 0.037 seconds
