[2025-04-09T22:43:57.237+0000] {processor.py:186} INFO - Started process (PID=62) to work on /home/airflow/.local/lib/python3.12/site-packages/airflow/example_dags/example_outlet_event_extra.py
[2025-04-09T22:43:57.238+0000] {processor.py:914} INFO - Processing file /home/airflow/.local/lib/python3.12/site-packages/airflow/example_dags/example_outlet_event_extra.py for tasks to queue
[2025-04-09T22:43:57.240+0000] {logging_mixin.py:190} INFO - [2025-04-09T22:43:57.240+0000] {dagbag.py:588} INFO - Filling up the DagBag from /home/airflow/.local/lib/python3.12/site-packages/airflow/example_dags/example_outlet_event_extra.py
[2025-04-09T22:43:57.462+0000] {processor.py:925} INFO - DAG(s) 'dataset_with_extra_by_context', 'dataset_with_extra_from_classic_operator', 'dataset_with_extra_by_yield' retrieved from /home/airflow/.local/lib/python3.12/site-packages/airflow/example_dags/example_outlet_event_extra.py
[2025-04-09T22:43:57.479+0000] {logging_mixin.py:190} INFO - [2025-04-09T22:43:57.479+0000] {dag.py:3239} INFO - Sync 3 DAGs
[2025-04-09T22:43:57.496+0000] {logging_mixin.py:190} INFO - [2025-04-09T22:43:57.496+0000] {dag.py:4180} INFO - Setting next_dagrun for dataset_with_extra_by_context to 2025-04-08 00:00:00+00:00, run_after=2025-04-09 00:00:00+00:00
[2025-04-09T22:43:57.499+0000] {logging_mixin.py:190} INFO - [2025-04-09T22:43:57.498+0000] {dag.py:4180} INFO - Setting next_dagrun for dataset_with_extra_by_yield to 2025-04-08 00:00:00+00:00, run_after=2025-04-09 00:00:00+00:00
[2025-04-09T22:43:57.500+0000] {logging_mixin.py:190} INFO - [2025-04-09T22:43:57.500+0000] {dag.py:4180} INFO - Setting next_dagrun for dataset_with_extra_from_classic_operator to 2025-04-08 00:00:00+00:00, run_after=2025-04-09 00:00:00+00:00
[2025-04-09T22:43:57.520+0000] {processor.py:208} INFO - Processing /home/airflow/.local/lib/python3.12/site-packages/airflow/example_dags/example_outlet_event_extra.py took 0.287 seconds
[2025-04-09T22:44:28.109+0000] {processor.py:186} INFO - Started process (PID=130) to work on /home/airflow/.local/lib/python3.12/site-packages/airflow/example_dags/example_outlet_event_extra.py
[2025-04-09T22:44:28.110+0000] {processor.py:914} INFO - Processing file /home/airflow/.local/lib/python3.12/site-packages/airflow/example_dags/example_outlet_event_extra.py for tasks to queue
[2025-04-09T22:44:28.112+0000] {logging_mixin.py:190} INFO - [2025-04-09T22:44:28.111+0000] {dagbag.py:588} INFO - Filling up the DagBag from /home/airflow/.local/lib/python3.12/site-packages/airflow/example_dags/example_outlet_event_extra.py
[2025-04-09T22:44:28.176+0000] {processor.py:925} INFO - DAG(s) 'dataset_with_extra_by_yield', 'dataset_with_extra_from_classic_operator', 'dataset_with_extra_by_context' retrieved from /home/airflow/.local/lib/python3.12/site-packages/airflow/example_dags/example_outlet_event_extra.py
[2025-04-09T22:44:28.190+0000] {logging_mixin.py:190} INFO - [2025-04-09T22:44:28.190+0000] {dag.py:3239} INFO - Sync 3 DAGs
[2025-04-09T22:44:28.213+0000] {logging_mixin.py:190} INFO - [2025-04-09T22:44:28.213+0000] {dag.py:4180} INFO - Setting next_dagrun for dataset_with_extra_by_context to 2025-04-08 00:00:00+00:00, run_after=2025-04-09 00:00:00+00:00
[2025-04-09T22:44:28.216+0000] {logging_mixin.py:190} INFO - [2025-04-09T22:44:28.216+0000] {dag.py:4180} INFO - Setting next_dagrun for dataset_with_extra_by_yield to 2025-04-08 00:00:00+00:00, run_after=2025-04-09 00:00:00+00:00
[2025-04-09T22:44:28.217+0000] {logging_mixin.py:190} INFO - [2025-04-09T22:44:28.217+0000] {dag.py:4180} INFO - Setting next_dagrun for dataset_with_extra_from_classic_operator to 2025-04-08 00:00:00+00:00, run_after=2025-04-09 00:00:00+00:00
[2025-04-09T22:44:28.229+0000] {processor.py:208} INFO - Processing /home/airflow/.local/lib/python3.12/site-packages/airflow/example_dags/example_outlet_event_extra.py took 0.123 seconds
[2025-04-09T22:44:58.308+0000] {processor.py:186} INFO - Started process (PID=194) to work on /home/airflow/.local/lib/python3.12/site-packages/airflow/example_dags/example_outlet_event_extra.py
[2025-04-09T22:44:58.308+0000] {processor.py:914} INFO - Processing file /home/airflow/.local/lib/python3.12/site-packages/airflow/example_dags/example_outlet_event_extra.py for tasks to queue
[2025-04-09T22:44:58.310+0000] {logging_mixin.py:190} INFO - [2025-04-09T22:44:58.309+0000] {dagbag.py:588} INFO - Filling up the DagBag from /home/airflow/.local/lib/python3.12/site-packages/airflow/example_dags/example_outlet_event_extra.py
[2025-04-09T22:44:58.365+0000] {processor.py:925} INFO - DAG(s) 'dataset_with_extra_from_classic_operator', 'dataset_with_extra_by_yield', 'dataset_with_extra_by_context' retrieved from /home/airflow/.local/lib/python3.12/site-packages/airflow/example_dags/example_outlet_event_extra.py
[2025-04-09T22:44:58.376+0000] {logging_mixin.py:190} INFO - [2025-04-09T22:44:58.376+0000] {dag.py:3239} INFO - Sync 3 DAGs
[2025-04-09T22:44:58.389+0000] {logging_mixin.py:190} INFO - [2025-04-09T22:44:58.389+0000] {dag.py:4180} INFO - Setting next_dagrun for dataset_with_extra_by_context to 2025-04-08 00:00:00+00:00, run_after=2025-04-09 00:00:00+00:00
[2025-04-09T22:44:58.391+0000] {logging_mixin.py:190} INFO - [2025-04-09T22:44:58.391+0000] {dag.py:4180} INFO - Setting next_dagrun for dataset_with_extra_by_yield to 2025-04-08 00:00:00+00:00, run_after=2025-04-09 00:00:00+00:00
[2025-04-09T22:44:58.393+0000] {logging_mixin.py:190} INFO - [2025-04-09T22:44:58.392+0000] {dag.py:4180} INFO - Setting next_dagrun for dataset_with_extra_from_classic_operator to 2025-04-08 00:00:00+00:00, run_after=2025-04-09 00:00:00+00:00
[2025-04-09T22:44:58.401+0000] {processor.py:208} INFO - Processing /home/airflow/.local/lib/python3.12/site-packages/airflow/example_dags/example_outlet_event_extra.py took 0.097 seconds
[2025-04-09T22:45:29.333+0000] {processor.py:186} INFO - Started process (PID=264) to work on /home/airflow/.local/lib/python3.12/site-packages/airflow/example_dags/example_outlet_event_extra.py
[2025-04-09T22:45:29.334+0000] {processor.py:914} INFO - Processing file /home/airflow/.local/lib/python3.12/site-packages/airflow/example_dags/example_outlet_event_extra.py for tasks to queue
[2025-04-09T22:45:29.336+0000] {logging_mixin.py:190} INFO - [2025-04-09T22:45:29.335+0000] {dagbag.py:588} INFO - Filling up the DagBag from /home/airflow/.local/lib/python3.12/site-packages/airflow/example_dags/example_outlet_event_extra.py
[2025-04-09T22:45:29.404+0000] {processor.py:925} INFO - DAG(s) 'dataset_with_extra_by_yield', 'dataset_with_extra_from_classic_operator', 'dataset_with_extra_by_context' retrieved from /home/airflow/.local/lib/python3.12/site-packages/airflow/example_dags/example_outlet_event_extra.py
[2025-04-09T22:45:29.416+0000] {logging_mixin.py:190} INFO - [2025-04-09T22:45:29.416+0000] {dag.py:3239} INFO - Sync 3 DAGs
[2025-04-09T22:45:29.427+0000] {logging_mixin.py:190} INFO - [2025-04-09T22:45:29.427+0000] {dag.py:4180} INFO - Setting next_dagrun for dataset_with_extra_by_context to 2025-04-08 00:00:00+00:00, run_after=2025-04-09 00:00:00+00:00
[2025-04-09T22:45:29.429+0000] {logging_mixin.py:190} INFO - [2025-04-09T22:45:29.429+0000] {dag.py:4180} INFO - Setting next_dagrun for dataset_with_extra_by_yield to 2025-04-08 00:00:00+00:00, run_after=2025-04-09 00:00:00+00:00
[2025-04-09T22:45:29.430+0000] {logging_mixin.py:190} INFO - [2025-04-09T22:45:29.430+0000] {dag.py:4180} INFO - Setting next_dagrun for dataset_with_extra_from_classic_operator to 2025-04-08 00:00:00+00:00, run_after=2025-04-09 00:00:00+00:00
[2025-04-09T22:45:29.441+0000] {processor.py:208} INFO - Processing /home/airflow/.local/lib/python3.12/site-packages/airflow/example_dags/example_outlet_event_extra.py took 0.111 seconds
[2025-04-09T22:45:59.563+0000] {processor.py:186} INFO - Started process (PID=328) to work on /home/airflow/.local/lib/python3.12/site-packages/airflow/example_dags/example_outlet_event_extra.py
[2025-04-09T22:45:59.568+0000] {processor.py:914} INFO - Processing file /home/airflow/.local/lib/python3.12/site-packages/airflow/example_dags/example_outlet_event_extra.py for tasks to queue
[2025-04-09T22:45:59.570+0000] {logging_mixin.py:190} INFO - [2025-04-09T22:45:59.569+0000] {dagbag.py:588} INFO - Filling up the DagBag from /home/airflow/.local/lib/python3.12/site-packages/airflow/example_dags/example_outlet_event_extra.py
[2025-04-09T22:45:59.641+0000] {processor.py:925} INFO - DAG(s) 'dataset_with_extra_from_classic_operator', 'dataset_with_extra_by_yield', 'dataset_with_extra_by_context' retrieved from /home/airflow/.local/lib/python3.12/site-packages/airflow/example_dags/example_outlet_event_extra.py
[2025-04-09T22:45:59.657+0000] {logging_mixin.py:190} INFO - [2025-04-09T22:45:59.656+0000] {dag.py:3239} INFO - Sync 3 DAGs
[2025-04-09T22:45:59.667+0000] {logging_mixin.py:190} INFO - [2025-04-09T22:45:59.667+0000] {dag.py:4180} INFO - Setting next_dagrun for dataset_with_extra_by_context to 2025-04-08 00:00:00+00:00, run_after=2025-04-09 00:00:00+00:00
[2025-04-09T22:45:59.669+0000] {logging_mixin.py:190} INFO - [2025-04-09T22:45:59.669+0000] {dag.py:4180} INFO - Setting next_dagrun for dataset_with_extra_by_yield to 2025-04-08 00:00:00+00:00, run_after=2025-04-09 00:00:00+00:00
[2025-04-09T22:45:59.670+0000] {logging_mixin.py:190} INFO - [2025-04-09T22:45:59.670+0000] {dag.py:4180} INFO - Setting next_dagrun for dataset_with_extra_from_classic_operator to 2025-04-08 00:00:00+00:00, run_after=2025-04-09 00:00:00+00:00
[2025-04-09T22:45:59.681+0000] {processor.py:208} INFO - Processing /home/airflow/.local/lib/python3.12/site-packages/airflow/example_dags/example_outlet_event_extra.py took 0.123 seconds
[2025-04-09T22:46:29.976+0000] {processor.py:186} INFO - Started process (PID=391) to work on /home/airflow/.local/lib/python3.12/site-packages/airflow/example_dags/example_outlet_event_extra.py
[2025-04-09T22:46:29.981+0000] {processor.py:914} INFO - Processing file /home/airflow/.local/lib/python3.12/site-packages/airflow/example_dags/example_outlet_event_extra.py for tasks to queue
[2025-04-09T22:46:29.986+0000] {logging_mixin.py:190} INFO - [2025-04-09T22:46:29.985+0000] {dagbag.py:588} INFO - Filling up the DagBag from /home/airflow/.local/lib/python3.12/site-packages/airflow/example_dags/example_outlet_event_extra.py
[2025-04-09T22:46:30.064+0000] {processor.py:925} INFO - DAG(s) 'dataset_with_extra_from_classic_operator', 'dataset_with_extra_by_yield', 'dataset_with_extra_by_context' retrieved from /home/airflow/.local/lib/python3.12/site-packages/airflow/example_dags/example_outlet_event_extra.py
[2025-04-09T22:46:30.077+0000] {logging_mixin.py:190} INFO - [2025-04-09T22:46:30.077+0000] {dag.py:3239} INFO - Sync 3 DAGs
[2025-04-09T22:46:30.089+0000] {logging_mixin.py:190} INFO - [2025-04-09T22:46:30.089+0000] {dag.py:4180} INFO - Setting next_dagrun for dataset_with_extra_by_context to 2025-04-08 00:00:00+00:00, run_after=2025-04-09 00:00:00+00:00
[2025-04-09T22:46:30.091+0000] {logging_mixin.py:190} INFO - [2025-04-09T22:46:30.091+0000] {dag.py:4180} INFO - Setting next_dagrun for dataset_with_extra_by_yield to 2025-04-08 00:00:00+00:00, run_after=2025-04-09 00:00:00+00:00
[2025-04-09T22:46:30.092+0000] {logging_mixin.py:190} INFO - [2025-04-09T22:46:30.092+0000] {dag.py:4180} INFO - Setting next_dagrun for dataset_with_extra_from_classic_operator to 2025-04-08 00:00:00+00:00, run_after=2025-04-09 00:00:00+00:00
[2025-04-09T22:46:30.105+0000] {processor.py:208} INFO - Processing /home/airflow/.local/lib/python3.12/site-packages/airflow/example_dags/example_outlet_event_extra.py took 0.133 seconds
[2025-04-09T22:47:00.133+0000] {processor.py:186} INFO - Started process (PID=454) to work on /home/airflow/.local/lib/python3.12/site-packages/airflow/example_dags/example_outlet_event_extra.py
[2025-04-09T22:47:00.134+0000] {processor.py:914} INFO - Processing file /home/airflow/.local/lib/python3.12/site-packages/airflow/example_dags/example_outlet_event_extra.py for tasks to queue
[2025-04-09T22:47:00.136+0000] {logging_mixin.py:190} INFO - [2025-04-09T22:47:00.136+0000] {dagbag.py:588} INFO - Filling up the DagBag from /home/airflow/.local/lib/python3.12/site-packages/airflow/example_dags/example_outlet_event_extra.py
[2025-04-09T22:47:00.239+0000] {processor.py:925} INFO - DAG(s) 'dataset_with_extra_by_context', 'dataset_with_extra_from_classic_operator', 'dataset_with_extra_by_yield' retrieved from /home/airflow/.local/lib/python3.12/site-packages/airflow/example_dags/example_outlet_event_extra.py
[2025-04-09T22:47:00.256+0000] {logging_mixin.py:190} INFO - [2025-04-09T22:47:00.256+0000] {dag.py:3239} INFO - Sync 3 DAGs
[2025-04-09T22:47:00.270+0000] {logging_mixin.py:190} INFO - [2025-04-09T22:47:00.270+0000] {dag.py:4180} INFO - Setting next_dagrun for dataset_with_extra_by_context to 2025-04-08 00:00:00+00:00, run_after=2025-04-09 00:00:00+00:00
[2025-04-09T22:47:00.272+0000] {logging_mixin.py:190} INFO - [2025-04-09T22:47:00.272+0000] {dag.py:4180} INFO - Setting next_dagrun for dataset_with_extra_by_yield to 2025-04-08 00:00:00+00:00, run_after=2025-04-09 00:00:00+00:00
[2025-04-09T22:47:00.273+0000] {logging_mixin.py:190} INFO - [2025-04-09T22:47:00.273+0000] {dag.py:4180} INFO - Setting next_dagrun for dataset_with_extra_from_classic_operator to 2025-04-08 00:00:00+00:00, run_after=2025-04-09 00:00:00+00:00
[2025-04-09T22:47:00.287+0000] {processor.py:208} INFO - Processing /home/airflow/.local/lib/python3.12/site-packages/airflow/example_dags/example_outlet_event_extra.py took 0.161 seconds
[2025-04-09T22:47:30.689+0000] {processor.py:186} INFO - Started process (PID=519) to work on /home/airflow/.local/lib/python3.12/site-packages/airflow/example_dags/example_outlet_event_extra.py
[2025-04-09T22:47:30.693+0000] {processor.py:914} INFO - Processing file /home/airflow/.local/lib/python3.12/site-packages/airflow/example_dags/example_outlet_event_extra.py for tasks to queue
[2025-04-09T22:47:30.695+0000] {logging_mixin.py:190} INFO - [2025-04-09T22:47:30.695+0000] {dagbag.py:588} INFO - Filling up the DagBag from /home/airflow/.local/lib/python3.12/site-packages/airflow/example_dags/example_outlet_event_extra.py
[2025-04-09T22:47:30.768+0000] {processor.py:925} INFO - DAG(s) 'dataset_with_extra_by_yield', 'dataset_with_extra_by_context', 'dataset_with_extra_from_classic_operator' retrieved from /home/airflow/.local/lib/python3.12/site-packages/airflow/example_dags/example_outlet_event_extra.py
[2025-04-09T22:47:30.783+0000] {logging_mixin.py:190} INFO - [2025-04-09T22:47:30.783+0000] {dag.py:3239} INFO - Sync 3 DAGs
[2025-04-09T22:47:30.793+0000] {logging_mixin.py:190} INFO - [2025-04-09T22:47:30.793+0000] {dag.py:4180} INFO - Setting next_dagrun for dataset_with_extra_by_context to 2025-04-08 00:00:00+00:00, run_after=2025-04-09 00:00:00+00:00
[2025-04-09T22:47:30.795+0000] {logging_mixin.py:190} INFO - [2025-04-09T22:47:30.795+0000] {dag.py:4180} INFO - Setting next_dagrun for dataset_with_extra_by_yield to 2025-04-08 00:00:00+00:00, run_after=2025-04-09 00:00:00+00:00
[2025-04-09T22:47:30.797+0000] {logging_mixin.py:190} INFO - [2025-04-09T22:47:30.797+0000] {dag.py:4180} INFO - Setting next_dagrun for dataset_with_extra_from_classic_operator to 2025-04-08 00:00:00+00:00, run_after=2025-04-09 00:00:00+00:00
[2025-04-09T22:47:30.808+0000] {processor.py:208} INFO - Processing /home/airflow/.local/lib/python3.12/site-packages/airflow/example_dags/example_outlet_event_extra.py took 0.123 seconds
[2025-04-09T22:48:01.114+0000] {processor.py:186} INFO - Started process (PID=583) to work on /home/airflow/.local/lib/python3.12/site-packages/airflow/example_dags/example_outlet_event_extra.py
[2025-04-09T22:48:01.123+0000] {processor.py:914} INFO - Processing file /home/airflow/.local/lib/python3.12/site-packages/airflow/example_dags/example_outlet_event_extra.py for tasks to queue
[2025-04-09T22:48:01.125+0000] {logging_mixin.py:190} INFO - [2025-04-09T22:48:01.125+0000] {dagbag.py:588} INFO - Filling up the DagBag from /home/airflow/.local/lib/python3.12/site-packages/airflow/example_dags/example_outlet_event_extra.py
[2025-04-09T22:48:01.201+0000] {processor.py:925} INFO - DAG(s) 'dataset_with_extra_from_classic_operator', 'dataset_with_extra_by_context', 'dataset_with_extra_by_yield' retrieved from /home/airflow/.local/lib/python3.12/site-packages/airflow/example_dags/example_outlet_event_extra.py
[2025-04-09T22:48:01.215+0000] {logging_mixin.py:190} INFO - [2025-04-09T22:48:01.215+0000] {dag.py:3239} INFO - Sync 3 DAGs
[2025-04-09T22:48:01.228+0000] {logging_mixin.py:190} INFO - [2025-04-09T22:48:01.228+0000] {dag.py:4180} INFO - Setting next_dagrun for dataset_with_extra_by_context to 2025-04-08 00:00:00+00:00, run_after=2025-04-09 00:00:00+00:00
[2025-04-09T22:48:01.230+0000] {logging_mixin.py:190} INFO - [2025-04-09T22:48:01.230+0000] {dag.py:4180} INFO - Setting next_dagrun for dataset_with_extra_by_yield to 2025-04-08 00:00:00+00:00, run_after=2025-04-09 00:00:00+00:00
[2025-04-09T22:48:01.232+0000] {logging_mixin.py:190} INFO - [2025-04-09T22:48:01.231+0000] {dag.py:4180} INFO - Setting next_dagrun for dataset_with_extra_from_classic_operator to 2025-04-08 00:00:00+00:00, run_after=2025-04-09 00:00:00+00:00
[2025-04-09T22:48:01.244+0000] {processor.py:208} INFO - Processing /home/airflow/.local/lib/python3.12/site-packages/airflow/example_dags/example_outlet_event_extra.py took 0.135 seconds
[2025-04-09T22:48:31.665+0000] {processor.py:186} INFO - Started process (PID=647) to work on /home/airflow/.local/lib/python3.12/site-packages/airflow/example_dags/example_outlet_event_extra.py
[2025-04-09T22:48:31.672+0000] {processor.py:914} INFO - Processing file /home/airflow/.local/lib/python3.12/site-packages/airflow/example_dags/example_outlet_event_extra.py for tasks to queue
[2025-04-09T22:48:31.675+0000] {logging_mixin.py:190} INFO - [2025-04-09T22:48:31.674+0000] {dagbag.py:588} INFO - Filling up the DagBag from /home/airflow/.local/lib/python3.12/site-packages/airflow/example_dags/example_outlet_event_extra.py
[2025-04-09T22:48:31.736+0000] {processor.py:925} INFO - DAG(s) 'dataset_with_extra_from_classic_operator', 'dataset_with_extra_by_yield', 'dataset_with_extra_by_context' retrieved from /home/airflow/.local/lib/python3.12/site-packages/airflow/example_dags/example_outlet_event_extra.py
[2025-04-09T22:48:31.747+0000] {logging_mixin.py:190} INFO - [2025-04-09T22:48:31.747+0000] {dag.py:3239} INFO - Sync 3 DAGs
[2025-04-09T22:48:31.760+0000] {logging_mixin.py:190} INFO - [2025-04-09T22:48:31.760+0000] {dag.py:4180} INFO - Setting next_dagrun for dataset_with_extra_by_context to 2025-04-08 00:00:00+00:00, run_after=2025-04-09 00:00:00+00:00
[2025-04-09T22:48:31.766+0000] {logging_mixin.py:190} INFO - [2025-04-09T22:48:31.766+0000] {dag.py:4180} INFO - Setting next_dagrun for dataset_with_extra_by_yield to 2025-04-08 00:00:00+00:00, run_after=2025-04-09 00:00:00+00:00
[2025-04-09T22:48:31.767+0000] {logging_mixin.py:190} INFO - [2025-04-09T22:48:31.767+0000] {dag.py:4180} INFO - Setting next_dagrun for dataset_with_extra_from_classic_operator to 2025-04-08 00:00:00+00:00, run_after=2025-04-09 00:00:00+00:00
[2025-04-09T22:48:31.781+0000] {processor.py:208} INFO - Processing /home/airflow/.local/lib/python3.12/site-packages/airflow/example_dags/example_outlet_event_extra.py took 0.133 seconds
[2025-04-09T22:49:02.816+0000] {processor.py:186} INFO - Started process (PID=711) to work on /home/airflow/.local/lib/python3.12/site-packages/airflow/example_dags/example_outlet_event_extra.py
[2025-04-09T22:49:02.822+0000] {processor.py:914} INFO - Processing file /home/airflow/.local/lib/python3.12/site-packages/airflow/example_dags/example_outlet_event_extra.py for tasks to queue
[2025-04-09T22:49:02.825+0000] {logging_mixin.py:190} INFO - [2025-04-09T22:49:02.825+0000] {dagbag.py:588} INFO - Filling up the DagBag from /home/airflow/.local/lib/python3.12/site-packages/airflow/example_dags/example_outlet_event_extra.py
[2025-04-09T22:49:02.897+0000] {processor.py:925} INFO - DAG(s) 'dataset_with_extra_by_context', 'dataset_with_extra_from_classic_operator', 'dataset_with_extra_by_yield' retrieved from /home/airflow/.local/lib/python3.12/site-packages/airflow/example_dags/example_outlet_event_extra.py
[2025-04-09T22:49:02.912+0000] {logging_mixin.py:190} INFO - [2025-04-09T22:49:02.912+0000] {dag.py:3239} INFO - Sync 3 DAGs
[2025-04-09T22:49:02.924+0000] {logging_mixin.py:190} INFO - [2025-04-09T22:49:02.924+0000] {dag.py:4180} INFO - Setting next_dagrun for dataset_with_extra_by_context to 2025-04-08 00:00:00+00:00, run_after=2025-04-09 00:00:00+00:00
[2025-04-09T22:49:02.926+0000] {logging_mixin.py:190} INFO - [2025-04-09T22:49:02.926+0000] {dag.py:4180} INFO - Setting next_dagrun for dataset_with_extra_by_yield to 2025-04-08 00:00:00+00:00, run_after=2025-04-09 00:00:00+00:00
[2025-04-09T22:49:02.927+0000] {logging_mixin.py:190} INFO - [2025-04-09T22:49:02.927+0000] {dag.py:4180} INFO - Setting next_dagrun for dataset_with_extra_from_classic_operator to 2025-04-08 00:00:00+00:00, run_after=2025-04-09 00:00:00+00:00
[2025-04-09T22:49:02.939+0000] {processor.py:208} INFO - Processing /home/airflow/.local/lib/python3.12/site-packages/airflow/example_dags/example_outlet_event_extra.py took 0.129 seconds
[2025-04-09T22:49:32.989+0000] {processor.py:186} INFO - Started process (PID=775) to work on /home/airflow/.local/lib/python3.12/site-packages/airflow/example_dags/example_outlet_event_extra.py
[2025-04-09T22:49:32.993+0000] {processor.py:914} INFO - Processing file /home/airflow/.local/lib/python3.12/site-packages/airflow/example_dags/example_outlet_event_extra.py for tasks to queue
[2025-04-09T22:49:32.997+0000] {logging_mixin.py:190} INFO - [2025-04-09T22:49:32.996+0000] {dagbag.py:588} INFO - Filling up the DagBag from /home/airflow/.local/lib/python3.12/site-packages/airflow/example_dags/example_outlet_event_extra.py
[2025-04-09T22:49:33.054+0000] {processor.py:925} INFO - DAG(s) 'dataset_with_extra_by_yield', 'dataset_with_extra_from_classic_operator', 'dataset_with_extra_by_context' retrieved from /home/airflow/.local/lib/python3.12/site-packages/airflow/example_dags/example_outlet_event_extra.py
[2025-04-09T22:49:33.067+0000] {logging_mixin.py:190} INFO - [2025-04-09T22:49:33.067+0000] {dag.py:3239} INFO - Sync 3 DAGs
[2025-04-09T22:49:33.077+0000] {logging_mixin.py:190} INFO - [2025-04-09T22:49:33.077+0000] {dag.py:4180} INFO - Setting next_dagrun for dataset_with_extra_by_context to 2025-04-08 00:00:00+00:00, run_after=2025-04-09 00:00:00+00:00
[2025-04-09T22:49:33.082+0000] {logging_mixin.py:190} INFO - [2025-04-09T22:49:33.082+0000] {dag.py:4180} INFO - Setting next_dagrun for dataset_with_extra_by_yield to 2025-04-08 00:00:00+00:00, run_after=2025-04-09 00:00:00+00:00
[2025-04-09T22:49:33.083+0000] {logging_mixin.py:190} INFO - [2025-04-09T22:49:33.083+0000] {dag.py:4180} INFO - Setting next_dagrun for dataset_with_extra_from_classic_operator to 2025-04-08 00:00:00+00:00, run_after=2025-04-09 00:00:00+00:00
[2025-04-09T22:49:33.095+0000] {processor.py:208} INFO - Processing /home/airflow/.local/lib/python3.12/site-packages/airflow/example_dags/example_outlet_event_extra.py took 0.112 seconds
[2025-04-09T22:50:03.234+0000] {processor.py:186} INFO - Started process (PID=839) to work on /home/airflow/.local/lib/python3.12/site-packages/airflow/example_dags/example_outlet_event_extra.py
[2025-04-09T22:50:03.237+0000] {processor.py:914} INFO - Processing file /home/airflow/.local/lib/python3.12/site-packages/airflow/example_dags/example_outlet_event_extra.py for tasks to queue
[2025-04-09T22:50:03.241+0000] {logging_mixin.py:190} INFO - [2025-04-09T22:50:03.241+0000] {dagbag.py:588} INFO - Filling up the DagBag from /home/airflow/.local/lib/python3.12/site-packages/airflow/example_dags/example_outlet_event_extra.py
[2025-04-09T22:50:03.313+0000] {processor.py:925} INFO - DAG(s) 'dataset_with_extra_by_yield', 'dataset_with_extra_from_classic_operator', 'dataset_with_extra_by_context' retrieved from /home/airflow/.local/lib/python3.12/site-packages/airflow/example_dags/example_outlet_event_extra.py
[2025-04-09T22:50:03.326+0000] {logging_mixin.py:190} INFO - [2025-04-09T22:50:03.326+0000] {dag.py:3239} INFO - Sync 3 DAGs
[2025-04-09T22:50:03.338+0000] {logging_mixin.py:190} INFO - [2025-04-09T22:50:03.338+0000] {dag.py:4180} INFO - Setting next_dagrun for dataset_with_extra_by_context to 2025-04-08 00:00:00+00:00, run_after=2025-04-09 00:00:00+00:00
[2025-04-09T22:50:03.340+0000] {logging_mixin.py:190} INFO - [2025-04-09T22:50:03.340+0000] {dag.py:4180} INFO - Setting next_dagrun for dataset_with_extra_by_yield to 2025-04-08 00:00:00+00:00, run_after=2025-04-09 00:00:00+00:00
[2025-04-09T22:50:03.341+0000] {logging_mixin.py:190} INFO - [2025-04-09T22:50:03.341+0000] {dag.py:4180} INFO - Setting next_dagrun for dataset_with_extra_from_classic_operator to 2025-04-08 00:00:00+00:00, run_after=2025-04-09 00:00:00+00:00
[2025-04-09T22:50:03.352+0000] {processor.py:208} INFO - Processing /home/airflow/.local/lib/python3.12/site-packages/airflow/example_dags/example_outlet_event_extra.py took 0.125 seconds
[2025-04-09T22:50:33.432+0000] {processor.py:186} INFO - Started process (PID=903) to work on /home/airflow/.local/lib/python3.12/site-packages/airflow/example_dags/example_outlet_event_extra.py
[2025-04-09T22:50:33.433+0000] {processor.py:914} INFO - Processing file /home/airflow/.local/lib/python3.12/site-packages/airflow/example_dags/example_outlet_event_extra.py for tasks to queue
[2025-04-09T22:50:33.434+0000] {logging_mixin.py:190} INFO - [2025-04-09T22:50:33.434+0000] {dagbag.py:588} INFO - Filling up the DagBag from /home/airflow/.local/lib/python3.12/site-packages/airflow/example_dags/example_outlet_event_extra.py
[2025-04-09T22:50:33.506+0000] {processor.py:925} INFO - DAG(s) 'dataset_with_extra_by_context', 'dataset_with_extra_by_yield', 'dataset_with_extra_from_classic_operator' retrieved from /home/airflow/.local/lib/python3.12/site-packages/airflow/example_dags/example_outlet_event_extra.py
[2025-04-09T22:50:33.525+0000] {logging_mixin.py:190} INFO - [2025-04-09T22:50:33.525+0000] {dag.py:3239} INFO - Sync 3 DAGs
[2025-04-09T22:50:33.537+0000] {logging_mixin.py:190} INFO - [2025-04-09T22:50:33.537+0000] {dag.py:4180} INFO - Setting next_dagrun for dataset_with_extra_by_context to 2025-04-08 00:00:00+00:00, run_after=2025-04-09 00:00:00+00:00
[2025-04-09T22:50:33.539+0000] {logging_mixin.py:190} INFO - [2025-04-09T22:50:33.539+0000] {dag.py:4180} INFO - Setting next_dagrun for dataset_with_extra_by_yield to 2025-04-08 00:00:00+00:00, run_after=2025-04-09 00:00:00+00:00
[2025-04-09T22:50:33.540+0000] {logging_mixin.py:190} INFO - [2025-04-09T22:50:33.540+0000] {dag.py:4180} INFO - Setting next_dagrun for dataset_with_extra_from_classic_operator to 2025-04-08 00:00:00+00:00, run_after=2025-04-09 00:00:00+00:00
[2025-04-09T22:50:33.552+0000] {processor.py:208} INFO - Processing /home/airflow/.local/lib/python3.12/site-packages/airflow/example_dags/example_outlet_event_extra.py took 0.125 seconds
[2025-04-09T22:51:04.504+0000] {processor.py:186} INFO - Started process (PID=967) to work on /home/airflow/.local/lib/python3.12/site-packages/airflow/example_dags/example_outlet_event_extra.py
[2025-04-09T22:51:04.505+0000] {processor.py:914} INFO - Processing file /home/airflow/.local/lib/python3.12/site-packages/airflow/example_dags/example_outlet_event_extra.py for tasks to queue
[2025-04-09T22:51:04.507+0000] {logging_mixin.py:190} INFO - [2025-04-09T22:51:04.507+0000] {dagbag.py:588} INFO - Filling up the DagBag from /home/airflow/.local/lib/python3.12/site-packages/airflow/example_dags/example_outlet_event_extra.py
[2025-04-09T22:51:04.577+0000] {processor.py:925} INFO - DAG(s) 'dataset_with_extra_from_classic_operator', 'dataset_with_extra_by_yield', 'dataset_with_extra_by_context' retrieved from /home/airflow/.local/lib/python3.12/site-packages/airflow/example_dags/example_outlet_event_extra.py
[2025-04-09T22:51:04.595+0000] {logging_mixin.py:190} INFO - [2025-04-09T22:51:04.595+0000] {dag.py:3239} INFO - Sync 3 DAGs
[2025-04-09T22:51:04.607+0000] {logging_mixin.py:190} INFO - [2025-04-09T22:51:04.607+0000] {dag.py:4180} INFO - Setting next_dagrun for dataset_with_extra_by_context to 2025-04-08 00:00:00+00:00, run_after=2025-04-09 00:00:00+00:00
[2025-04-09T22:51:04.609+0000] {logging_mixin.py:190} INFO - [2025-04-09T22:51:04.609+0000] {dag.py:4180} INFO - Setting next_dagrun for dataset_with_extra_by_yield to 2025-04-08 00:00:00+00:00, run_after=2025-04-09 00:00:00+00:00
[2025-04-09T22:51:04.610+0000] {logging_mixin.py:190} INFO - [2025-04-09T22:51:04.610+0000] {dag.py:4180} INFO - Setting next_dagrun for dataset_with_extra_from_classic_operator to 2025-04-08 00:00:00+00:00, run_after=2025-04-09 00:00:00+00:00
[2025-04-09T22:51:04.622+0000] {processor.py:208} INFO - Processing /home/airflow/.local/lib/python3.12/site-packages/airflow/example_dags/example_outlet_event_extra.py took 0.124 seconds
[2025-04-09T22:51:34.681+0000] {processor.py:186} INFO - Started process (PID=1031) to work on /home/airflow/.local/lib/python3.12/site-packages/airflow/example_dags/example_outlet_event_extra.py
[2025-04-09T22:51:34.685+0000] {processor.py:914} INFO - Processing file /home/airflow/.local/lib/python3.12/site-packages/airflow/example_dags/example_outlet_event_extra.py for tasks to queue
[2025-04-09T22:51:34.687+0000] {logging_mixin.py:190} INFO - [2025-04-09T22:51:34.687+0000] {dagbag.py:588} INFO - Filling up the DagBag from /home/airflow/.local/lib/python3.12/site-packages/airflow/example_dags/example_outlet_event_extra.py
[2025-04-09T22:51:34.752+0000] {processor.py:925} INFO - DAG(s) 'dataset_with_extra_by_yield', 'dataset_with_extra_by_context', 'dataset_with_extra_from_classic_operator' retrieved from /home/airflow/.local/lib/python3.12/site-packages/airflow/example_dags/example_outlet_event_extra.py
[2025-04-09T22:51:34.764+0000] {logging_mixin.py:190} INFO - [2025-04-09T22:51:34.764+0000] {dag.py:3239} INFO - Sync 3 DAGs
[2025-04-09T22:51:34.775+0000] {logging_mixin.py:190} INFO - [2025-04-09T22:51:34.775+0000] {dag.py:4180} INFO - Setting next_dagrun for dataset_with_extra_by_context to 2025-04-08 00:00:00+00:00, run_after=2025-04-09 00:00:00+00:00
[2025-04-09T22:51:34.777+0000] {logging_mixin.py:190} INFO - [2025-04-09T22:51:34.777+0000] {dag.py:4180} INFO - Setting next_dagrun for dataset_with_extra_by_yield to 2025-04-08 00:00:00+00:00, run_after=2025-04-09 00:00:00+00:00
[2025-04-09T22:51:34.778+0000] {logging_mixin.py:190} INFO - [2025-04-09T22:51:34.778+0000] {dag.py:4180} INFO - Setting next_dagrun for dataset_with_extra_from_classic_operator to 2025-04-08 00:00:00+00:00, run_after=2025-04-09 00:00:00+00:00
[2025-04-09T22:51:34.788+0000] {processor.py:208} INFO - Processing /home/airflow/.local/lib/python3.12/site-packages/airflow/example_dags/example_outlet_event_extra.py took 0.113 seconds
[2025-04-09T22:52:04.856+0000] {processor.py:186} INFO - Started process (PID=1095) to work on /home/airflow/.local/lib/python3.12/site-packages/airflow/example_dags/example_outlet_event_extra.py
[2025-04-09T22:52:04.858+0000] {processor.py:914} INFO - Processing file /home/airflow/.local/lib/python3.12/site-packages/airflow/example_dags/example_outlet_event_extra.py for tasks to queue
[2025-04-09T22:52:04.859+0000] {logging_mixin.py:190} INFO - [2025-04-09T22:52:04.859+0000] {dagbag.py:588} INFO - Filling up the DagBag from /home/airflow/.local/lib/python3.12/site-packages/airflow/example_dags/example_outlet_event_extra.py
[2025-04-09T22:52:04.933+0000] {processor.py:925} INFO - DAG(s) 'dataset_with_extra_by_context', 'dataset_with_extra_from_classic_operator', 'dataset_with_extra_by_yield' retrieved from /home/airflow/.local/lib/python3.12/site-packages/airflow/example_dags/example_outlet_event_extra.py
[2025-04-09T22:52:04.946+0000] {logging_mixin.py:190} INFO - [2025-04-09T22:52:04.946+0000] {dag.py:3239} INFO - Sync 3 DAGs
[2025-04-09T22:52:04.957+0000] {logging_mixin.py:190} INFO - [2025-04-09T22:52:04.957+0000] {dag.py:4180} INFO - Setting next_dagrun for dataset_with_extra_by_context to 2025-04-08 00:00:00+00:00, run_after=2025-04-09 00:00:00+00:00
[2025-04-09T22:52:04.958+0000] {logging_mixin.py:190} INFO - [2025-04-09T22:52:04.958+0000] {dag.py:4180} INFO - Setting next_dagrun for dataset_with_extra_by_yield to 2025-04-08 00:00:00+00:00, run_after=2025-04-09 00:00:00+00:00
[2025-04-09T22:52:04.959+0000] {logging_mixin.py:190} INFO - [2025-04-09T22:52:04.959+0000] {dag.py:4180} INFO - Setting next_dagrun for dataset_with_extra_from_classic_operator to 2025-04-08 00:00:00+00:00, run_after=2025-04-09 00:00:00+00:00
[2025-04-09T22:52:04.970+0000] {processor.py:208} INFO - Processing /home/airflow/.local/lib/python3.12/site-packages/airflow/example_dags/example_outlet_event_extra.py took 0.120 seconds
[2025-04-09T22:52:35.128+0000] {processor.py:186} INFO - Started process (PID=1159) to work on /home/airflow/.local/lib/python3.12/site-packages/airflow/example_dags/example_outlet_event_extra.py
[2025-04-09T22:52:35.130+0000] {processor.py:914} INFO - Processing file /home/airflow/.local/lib/python3.12/site-packages/airflow/example_dags/example_outlet_event_extra.py for tasks to queue
[2025-04-09T22:52:35.132+0000] {logging_mixin.py:190} INFO - [2025-04-09T22:52:35.131+0000] {dagbag.py:588} INFO - Filling up the DagBag from /home/airflow/.local/lib/python3.12/site-packages/airflow/example_dags/example_outlet_event_extra.py
[2025-04-09T22:52:35.239+0000] {processor.py:925} INFO - DAG(s) 'dataset_with_extra_from_classic_operator', 'dataset_with_extra_by_yield', 'dataset_with_extra_by_context' retrieved from /home/airflow/.local/lib/python3.12/site-packages/airflow/example_dags/example_outlet_event_extra.py
[2025-04-09T22:52:35.267+0000] {logging_mixin.py:190} INFO - [2025-04-09T22:52:35.265+0000] {dag.py:3239} INFO - Sync 3 DAGs
[2025-04-09T22:52:35.283+0000] {logging_mixin.py:190} INFO - [2025-04-09T22:52:35.283+0000] {dag.py:4180} INFO - Setting next_dagrun for dataset_with_extra_by_context to 2025-04-08 00:00:00+00:00, run_after=2025-04-09 00:00:00+00:00
[2025-04-09T22:52:35.286+0000] {logging_mixin.py:190} INFO - [2025-04-09T22:52:35.286+0000] {dag.py:4180} INFO - Setting next_dagrun for dataset_with_extra_by_yield to 2025-04-08 00:00:00+00:00, run_after=2025-04-09 00:00:00+00:00
[2025-04-09T22:52:35.288+0000] {logging_mixin.py:190} INFO - [2025-04-09T22:52:35.288+0000] {dag.py:4180} INFO - Setting next_dagrun for dataset_with_extra_from_classic_operator to 2025-04-08 00:00:00+00:00, run_after=2025-04-09 00:00:00+00:00
[2025-04-09T22:52:35.299+0000] {processor.py:208} INFO - Processing /home/airflow/.local/lib/python3.12/site-packages/airflow/example_dags/example_outlet_event_extra.py took 0.177 seconds
[2025-04-09T22:53:05.352+0000] {processor.py:186} INFO - Started process (PID=1223) to work on /home/airflow/.local/lib/python3.12/site-packages/airflow/example_dags/example_outlet_event_extra.py
[2025-04-09T22:53:05.352+0000] {processor.py:914} INFO - Processing file /home/airflow/.local/lib/python3.12/site-packages/airflow/example_dags/example_outlet_event_extra.py for tasks to queue
[2025-04-09T22:53:05.354+0000] {logging_mixin.py:190} INFO - [2025-04-09T22:53:05.354+0000] {dagbag.py:588} INFO - Filling up the DagBag from /home/airflow/.local/lib/python3.12/site-packages/airflow/example_dags/example_outlet_event_extra.py
[2025-04-09T22:53:05.417+0000] {processor.py:925} INFO - DAG(s) 'dataset_with_extra_from_classic_operator', 'dataset_with_extra_by_yield', 'dataset_with_extra_by_context' retrieved from /home/airflow/.local/lib/python3.12/site-packages/airflow/example_dags/example_outlet_event_extra.py
[2025-04-09T22:53:05.429+0000] {logging_mixin.py:190} INFO - [2025-04-09T22:53:05.428+0000] {dag.py:3239} INFO - Sync 3 DAGs
[2025-04-09T22:53:05.440+0000] {logging_mixin.py:190} INFO - [2025-04-09T22:53:05.440+0000] {dag.py:4180} INFO - Setting next_dagrun for dataset_with_extra_by_context to 2025-04-08 00:00:00+00:00, run_after=2025-04-09 00:00:00+00:00
[2025-04-09T22:53:05.443+0000] {logging_mixin.py:190} INFO - [2025-04-09T22:53:05.443+0000] {dag.py:4180} INFO - Setting next_dagrun for dataset_with_extra_by_yield to 2025-04-08 00:00:00+00:00, run_after=2025-04-09 00:00:00+00:00
[2025-04-09T22:53:05.444+0000] {logging_mixin.py:190} INFO - [2025-04-09T22:53:05.444+0000] {dag.py:4180} INFO - Setting next_dagrun for dataset_with_extra_from_classic_operator to 2025-04-08 00:00:00+00:00, run_after=2025-04-09 00:00:00+00:00
[2025-04-09T22:53:05.455+0000] {processor.py:208} INFO - Processing /home/airflow/.local/lib/python3.12/site-packages/airflow/example_dags/example_outlet_event_extra.py took 0.106 seconds
[2025-04-09T22:53:36.198+0000] {processor.py:186} INFO - Started process (PID=1287) to work on /home/airflow/.local/lib/python3.12/site-packages/airflow/example_dags/example_outlet_event_extra.py
[2025-04-09T22:53:36.199+0000] {processor.py:914} INFO - Processing file /home/airflow/.local/lib/python3.12/site-packages/airflow/example_dags/example_outlet_event_extra.py for tasks to queue
[2025-04-09T22:53:36.202+0000] {logging_mixin.py:190} INFO - [2025-04-09T22:53:36.202+0000] {dagbag.py:588} INFO - Filling up the DagBag from /home/airflow/.local/lib/python3.12/site-packages/airflow/example_dags/example_outlet_event_extra.py
[2025-04-09T22:53:36.277+0000] {processor.py:925} INFO - DAG(s) 'dataset_with_extra_from_classic_operator', 'dataset_with_extra_by_context', 'dataset_with_extra_by_yield' retrieved from /home/airflow/.local/lib/python3.12/site-packages/airflow/example_dags/example_outlet_event_extra.py
[2025-04-09T22:53:36.290+0000] {logging_mixin.py:190} INFO - [2025-04-09T22:53:36.289+0000] {dag.py:3239} INFO - Sync 3 DAGs
[2025-04-09T22:53:36.300+0000] {logging_mixin.py:190} INFO - [2025-04-09T22:53:36.300+0000] {dag.py:4180} INFO - Setting next_dagrun for dataset_with_extra_by_context to 2025-04-08 00:00:00+00:00, run_after=2025-04-09 00:00:00+00:00
[2025-04-09T22:53:36.302+0000] {logging_mixin.py:190} INFO - [2025-04-09T22:53:36.302+0000] {dag.py:4180} INFO - Setting next_dagrun for dataset_with_extra_by_yield to 2025-04-08 00:00:00+00:00, run_after=2025-04-09 00:00:00+00:00
[2025-04-09T22:53:36.303+0000] {logging_mixin.py:190} INFO - [2025-04-09T22:53:36.303+0000] {dag.py:4180} INFO - Setting next_dagrun for dataset_with_extra_from_classic_operator to 2025-04-08 00:00:00+00:00, run_after=2025-04-09 00:00:00+00:00
[2025-04-09T22:53:36.312+0000] {processor.py:208} INFO - Processing /home/airflow/.local/lib/python3.12/site-packages/airflow/example_dags/example_outlet_event_extra.py took 0.120 seconds
[2025-04-09T22:54:06.438+0000] {processor.py:186} INFO - Started process (PID=1351) to work on /home/airflow/.local/lib/python3.12/site-packages/airflow/example_dags/example_outlet_event_extra.py
[2025-04-09T22:54:06.439+0000] {processor.py:914} INFO - Processing file /home/airflow/.local/lib/python3.12/site-packages/airflow/example_dags/example_outlet_event_extra.py for tasks to queue
[2025-04-09T22:54:06.440+0000] {logging_mixin.py:190} INFO - [2025-04-09T22:54:06.440+0000] {dagbag.py:588} INFO - Filling up the DagBag from /home/airflow/.local/lib/python3.12/site-packages/airflow/example_dags/example_outlet_event_extra.py
[2025-04-09T22:54:06.532+0000] {processor.py:925} INFO - DAG(s) 'dataset_with_extra_by_context', 'dataset_with_extra_by_yield', 'dataset_with_extra_from_classic_operator' retrieved from /home/airflow/.local/lib/python3.12/site-packages/airflow/example_dags/example_outlet_event_extra.py
[2025-04-09T22:54:06.549+0000] {logging_mixin.py:190} INFO - [2025-04-09T22:54:06.549+0000] {dag.py:3239} INFO - Sync 3 DAGs
[2025-04-09T22:54:06.566+0000] {logging_mixin.py:190} INFO - [2025-04-09T22:54:06.566+0000] {dag.py:4180} INFO - Setting next_dagrun for dataset_with_extra_by_context to 2025-04-08 00:00:00+00:00, run_after=2025-04-09 00:00:00+00:00
[2025-04-09T22:54:06.569+0000] {logging_mixin.py:190} INFO - [2025-04-09T22:54:06.569+0000] {dag.py:4180} INFO - Setting next_dagrun for dataset_with_extra_by_yield to 2025-04-08 00:00:00+00:00, run_after=2025-04-09 00:00:00+00:00
[2025-04-09T22:54:06.570+0000] {logging_mixin.py:190} INFO - [2025-04-09T22:54:06.570+0000] {dag.py:4180} INFO - Setting next_dagrun for dataset_with_extra_from_classic_operator to 2025-04-08 00:00:00+00:00, run_after=2025-04-09 00:00:00+00:00
[2025-04-09T22:54:06.584+0000] {processor.py:208} INFO - Processing /home/airflow/.local/lib/python3.12/site-packages/airflow/example_dags/example_outlet_event_extra.py took 0.149 seconds
[2025-04-09T22:54:37.068+0000] {processor.py:186} INFO - Started process (PID=1415) to work on /home/airflow/.local/lib/python3.12/site-packages/airflow/example_dags/example_outlet_event_extra.py
[2025-04-09T22:54:37.069+0000] {processor.py:914} INFO - Processing file /home/airflow/.local/lib/python3.12/site-packages/airflow/example_dags/example_outlet_event_extra.py for tasks to queue
[2025-04-09T22:54:37.071+0000] {logging_mixin.py:190} INFO - [2025-04-09T22:54:37.071+0000] {dagbag.py:588} INFO - Filling up the DagBag from /home/airflow/.local/lib/python3.12/site-packages/airflow/example_dags/example_outlet_event_extra.py
[2025-04-09T22:54:37.133+0000] {processor.py:925} INFO - DAG(s) 'dataset_with_extra_by_context', 'dataset_with_extra_from_classic_operator', 'dataset_with_extra_by_yield' retrieved from /home/airflow/.local/lib/python3.12/site-packages/airflow/example_dags/example_outlet_event_extra.py
[2025-04-09T22:54:37.148+0000] {logging_mixin.py:190} INFO - [2025-04-09T22:54:37.148+0000] {dag.py:3239} INFO - Sync 3 DAGs
[2025-04-09T22:54:37.159+0000] {logging_mixin.py:190} INFO - [2025-04-09T22:54:37.159+0000] {dag.py:4180} INFO - Setting next_dagrun for dataset_with_extra_by_context to 2025-04-08 00:00:00+00:00, run_after=2025-04-09 00:00:00+00:00
[2025-04-09T22:54:37.161+0000] {logging_mixin.py:190} INFO - [2025-04-09T22:54:37.161+0000] {dag.py:4180} INFO - Setting next_dagrun for dataset_with_extra_by_yield to 2025-04-08 00:00:00+00:00, run_after=2025-04-09 00:00:00+00:00
[2025-04-09T22:54:37.162+0000] {logging_mixin.py:190} INFO - [2025-04-09T22:54:37.162+0000] {dag.py:4180} INFO - Setting next_dagrun for dataset_with_extra_from_classic_operator to 2025-04-08 00:00:00+00:00, run_after=2025-04-09 00:00:00+00:00
[2025-04-09T22:54:37.172+0000] {processor.py:208} INFO - Processing /home/airflow/.local/lib/python3.12/site-packages/airflow/example_dags/example_outlet_event_extra.py took 0.107 seconds
[2025-04-09T23:03:42.179+0000] {processor.py:186} INFO - Started process (PID=2567) to work on /home/airflow/.local/lib/python3.12/site-packages/airflow/example_dags/example_outlet_event_extra.py
[2025-04-09T23:03:42.179+0000] {processor.py:914} INFO - Processing file /home/airflow/.local/lib/python3.12/site-packages/airflow/example_dags/example_outlet_event_extra.py for tasks to queue
[2025-04-09T23:03:42.181+0000] {logging_mixin.py:190} INFO - [2025-04-09T23:03:42.181+0000] {dagbag.py:588} INFO - Filling up the DagBag from /home/airflow/.local/lib/python3.12/site-packages/airflow/example_dags/example_outlet_event_extra.py
[2025-04-09T23:03:42.234+0000] {processor.py:925} INFO - DAG(s) 'dataset_with_extra_from_classic_operator', 'dataset_with_extra_by_yield', 'dataset_with_extra_by_context' retrieved from /home/airflow/.local/lib/python3.12/site-packages/airflow/example_dags/example_outlet_event_extra.py
[2025-04-09T23:03:42.359+0000] {logging_mixin.py:190} INFO - [2025-04-09T23:03:42.359+0000] {dag.py:3239} INFO - Sync 3 DAGs
[2025-04-09T23:03:42.377+0000] {logging_mixin.py:190} INFO - [2025-04-09T23:03:42.377+0000] {dag.py:4180} INFO - Setting next_dagrun for dataset_with_extra_by_context to 2025-04-08 00:00:00+00:00, run_after=2025-04-09 00:00:00+00:00
[2025-04-09T23:03:42.379+0000] {logging_mixin.py:190} INFO - [2025-04-09T23:03:42.379+0000] {dag.py:4180} INFO - Setting next_dagrun for dataset_with_extra_by_yield to 2025-04-08 00:00:00+00:00, run_after=2025-04-09 00:00:00+00:00
[2025-04-09T23:03:42.381+0000] {logging_mixin.py:190} INFO - [2025-04-09T23:03:42.381+0000] {dag.py:4180} INFO - Setting next_dagrun for dataset_with_extra_from_classic_operator to 2025-04-08 00:00:00+00:00, run_after=2025-04-09 00:00:00+00:00
[2025-04-09T23:03:42.392+0000] {processor.py:208} INFO - Processing /home/airflow/.local/lib/python3.12/site-packages/airflow/example_dags/example_outlet_event_extra.py took 0.215 seconds
[2025-04-09T23:04:12.644+0000] {processor.py:186} INFO - Started process (PID=2631) to work on /home/airflow/.local/lib/python3.12/site-packages/airflow/example_dags/example_outlet_event_extra.py
[2025-04-09T23:04:12.644+0000] {processor.py:914} INFO - Processing file /home/airflow/.local/lib/python3.12/site-packages/airflow/example_dags/example_outlet_event_extra.py for tasks to queue
[2025-04-09T23:04:12.645+0000] {logging_mixin.py:190} INFO - [2025-04-09T23:04:12.645+0000] {dagbag.py:588} INFO - Filling up the DagBag from /home/airflow/.local/lib/python3.12/site-packages/airflow/example_dags/example_outlet_event_extra.py
[2025-04-09T23:04:12.702+0000] {processor.py:925} INFO - DAG(s) 'dataset_with_extra_by_yield', 'dataset_with_extra_by_context', 'dataset_with_extra_from_classic_operator' retrieved from /home/airflow/.local/lib/python3.12/site-packages/airflow/example_dags/example_outlet_event_extra.py
[2025-04-09T23:04:12.715+0000] {logging_mixin.py:190} INFO - [2025-04-09T23:04:12.715+0000] {dag.py:3239} INFO - Sync 3 DAGs
[2025-04-09T23:04:12.725+0000] {logging_mixin.py:190} INFO - [2025-04-09T23:04:12.725+0000] {dag.py:4180} INFO - Setting next_dagrun for dataset_with_extra_by_context to 2025-04-08 00:00:00+00:00, run_after=2025-04-09 00:00:00+00:00
[2025-04-09T23:04:12.728+0000] {logging_mixin.py:190} INFO - [2025-04-09T23:04:12.728+0000] {dag.py:4180} INFO - Setting next_dagrun for dataset_with_extra_by_yield to 2025-04-08 00:00:00+00:00, run_after=2025-04-09 00:00:00+00:00
[2025-04-09T23:04:12.729+0000] {logging_mixin.py:190} INFO - [2025-04-09T23:04:12.729+0000] {dag.py:4180} INFO - Setting next_dagrun for dataset_with_extra_from_classic_operator to 2025-04-08 00:00:00+00:00, run_after=2025-04-09 00:00:00+00:00
[2025-04-09T23:04:12.738+0000] {processor.py:208} INFO - Processing /home/airflow/.local/lib/python3.12/site-packages/airflow/example_dags/example_outlet_event_extra.py took 0.097 seconds
[2025-04-09T23:04:43.067+0000] {processor.py:186} INFO - Started process (PID=2696) to work on /home/airflow/.local/lib/python3.12/site-packages/airflow/example_dags/example_outlet_event_extra.py
[2025-04-09T23:04:43.068+0000] {processor.py:914} INFO - Processing file /home/airflow/.local/lib/python3.12/site-packages/airflow/example_dags/example_outlet_event_extra.py for tasks to queue
[2025-04-09T23:04:43.069+0000] {logging_mixin.py:190} INFO - [2025-04-09T23:04:43.069+0000] {dagbag.py:588} INFO - Filling up the DagBag from /home/airflow/.local/lib/python3.12/site-packages/airflow/example_dags/example_outlet_event_extra.py
[2025-04-09T23:04:43.122+0000] {processor.py:925} INFO - DAG(s) 'dataset_with_extra_by_yield', 'dataset_with_extra_from_classic_operator', 'dataset_with_extra_by_context' retrieved from /home/airflow/.local/lib/python3.12/site-packages/airflow/example_dags/example_outlet_event_extra.py
[2025-04-09T23:04:43.134+0000] {logging_mixin.py:190} INFO - [2025-04-09T23:04:43.134+0000] {dag.py:3239} INFO - Sync 3 DAGs
[2025-04-09T23:04:43.143+0000] {logging_mixin.py:190} INFO - [2025-04-09T23:04:43.143+0000] {dag.py:4180} INFO - Setting next_dagrun for dataset_with_extra_by_context to 2025-04-08 00:00:00+00:00, run_after=2025-04-09 00:00:00+00:00
[2025-04-09T23:04:43.145+0000] {logging_mixin.py:190} INFO - [2025-04-09T23:04:43.145+0000] {dag.py:4180} INFO - Setting next_dagrun for dataset_with_extra_by_yield to 2025-04-08 00:00:00+00:00, run_after=2025-04-09 00:00:00+00:00
[2025-04-09T23:04:43.146+0000] {logging_mixin.py:190} INFO - [2025-04-09T23:04:43.146+0000] {dag.py:4180} INFO - Setting next_dagrun for dataset_with_extra_from_classic_operator to 2025-04-08 00:00:00+00:00, run_after=2025-04-09 00:00:00+00:00
[2025-04-09T23:04:43.154+0000] {processor.py:208} INFO - Processing /home/airflow/.local/lib/python3.12/site-packages/airflow/example_dags/example_outlet_event_extra.py took 0.089 seconds
[2025-04-09T23:05:13.249+0000] {processor.py:186} INFO - Started process (PID=2760) to work on /home/airflow/.local/lib/python3.12/site-packages/airflow/example_dags/example_outlet_event_extra.py
[2025-04-09T23:05:13.250+0000] {processor.py:914} INFO - Processing file /home/airflow/.local/lib/python3.12/site-packages/airflow/example_dags/example_outlet_event_extra.py for tasks to queue
[2025-04-09T23:05:13.251+0000] {logging_mixin.py:190} INFO - [2025-04-09T23:05:13.251+0000] {dagbag.py:588} INFO - Filling up the DagBag from /home/airflow/.local/lib/python3.12/site-packages/airflow/example_dags/example_outlet_event_extra.py
[2025-04-09T23:05:13.307+0000] {processor.py:925} INFO - DAG(s) 'dataset_with_extra_by_context', 'dataset_with_extra_from_classic_operator', 'dataset_with_extra_by_yield' retrieved from /home/airflow/.local/lib/python3.12/site-packages/airflow/example_dags/example_outlet_event_extra.py
[2025-04-09T23:05:13.320+0000] {logging_mixin.py:190} INFO - [2025-04-09T23:05:13.320+0000] {dag.py:3239} INFO - Sync 3 DAGs
[2025-04-09T23:05:13.331+0000] {logging_mixin.py:190} INFO - [2025-04-09T23:05:13.331+0000] {dag.py:4180} INFO - Setting next_dagrun for dataset_with_extra_by_context to 2025-04-08 00:00:00+00:00, run_after=2025-04-09 00:00:00+00:00
[2025-04-09T23:05:13.334+0000] {logging_mixin.py:190} INFO - [2025-04-09T23:05:13.334+0000] {dag.py:4180} INFO - Setting next_dagrun for dataset_with_extra_by_yield to 2025-04-08 00:00:00+00:00, run_after=2025-04-09 00:00:00+00:00
[2025-04-09T23:05:13.336+0000] {logging_mixin.py:190} INFO - [2025-04-09T23:05:13.336+0000] {dag.py:4180} INFO - Setting next_dagrun for dataset_with_extra_from_classic_operator to 2025-04-08 00:00:00+00:00, run_after=2025-04-09 00:00:00+00:00
[2025-04-09T23:05:13.347+0000] {processor.py:208} INFO - Processing /home/airflow/.local/lib/python3.12/site-packages/airflow/example_dags/example_outlet_event_extra.py took 0.101 seconds
[2025-04-09T23:05:43.378+0000] {processor.py:186} INFO - Started process (PID=2823) to work on /home/airflow/.local/lib/python3.12/site-packages/airflow/example_dags/example_outlet_event_extra.py
[2025-04-09T23:05:43.380+0000] {processor.py:914} INFO - Processing file /home/airflow/.local/lib/python3.12/site-packages/airflow/example_dags/example_outlet_event_extra.py for tasks to queue
[2025-04-09T23:05:43.382+0000] {logging_mixin.py:190} INFO - [2025-04-09T23:05:43.382+0000] {dagbag.py:588} INFO - Filling up the DagBag from /home/airflow/.local/lib/python3.12/site-packages/airflow/example_dags/example_outlet_event_extra.py
[2025-04-09T23:05:43.443+0000] {processor.py:925} INFO - DAG(s) 'dataset_with_extra_by_yield', 'dataset_with_extra_from_classic_operator', 'dataset_with_extra_by_context' retrieved from /home/airflow/.local/lib/python3.12/site-packages/airflow/example_dags/example_outlet_event_extra.py
[2025-04-09T23:05:43.454+0000] {logging_mixin.py:190} INFO - [2025-04-09T23:05:43.454+0000] {dag.py:3239} INFO - Sync 3 DAGs
[2025-04-09T23:05:43.465+0000] {logging_mixin.py:190} INFO - [2025-04-09T23:05:43.465+0000] {dag.py:4180} INFO - Setting next_dagrun for dataset_with_extra_by_context to 2025-04-08 00:00:00+00:00, run_after=2025-04-09 00:00:00+00:00
[2025-04-09T23:05:43.471+0000] {logging_mixin.py:190} INFO - [2025-04-09T23:05:43.471+0000] {dag.py:4180} INFO - Setting next_dagrun for dataset_with_extra_by_yield to 2025-04-08 00:00:00+00:00, run_after=2025-04-09 00:00:00+00:00
[2025-04-09T23:05:43.472+0000] {logging_mixin.py:190} INFO - [2025-04-09T23:05:43.472+0000] {dag.py:4180} INFO - Setting next_dagrun for dataset_with_extra_from_classic_operator to 2025-04-08 00:00:00+00:00, run_after=2025-04-09 00:00:00+00:00
[2025-04-09T23:05:43.481+0000] {processor.py:208} INFO - Processing /home/airflow/.local/lib/python3.12/site-packages/airflow/example_dags/example_outlet_event_extra.py took 0.108 seconds
[2025-04-09T23:06:13.599+0000] {processor.py:186} INFO - Started process (PID=2887) to work on /home/airflow/.local/lib/python3.12/site-packages/airflow/example_dags/example_outlet_event_extra.py
[2025-04-09T23:06:13.599+0000] {processor.py:914} INFO - Processing file /home/airflow/.local/lib/python3.12/site-packages/airflow/example_dags/example_outlet_event_extra.py for tasks to queue
[2025-04-09T23:06:13.601+0000] {logging_mixin.py:190} INFO - [2025-04-09T23:06:13.601+0000] {dagbag.py:588} INFO - Filling up the DagBag from /home/airflow/.local/lib/python3.12/site-packages/airflow/example_dags/example_outlet_event_extra.py
[2025-04-09T23:06:13.660+0000] {processor.py:925} INFO - DAG(s) 'dataset_with_extra_from_classic_operator', 'dataset_with_extra_by_yield', 'dataset_with_extra_by_context' retrieved from /home/airflow/.local/lib/python3.12/site-packages/airflow/example_dags/example_outlet_event_extra.py
[2025-04-09T23:06:13.671+0000] {logging_mixin.py:190} INFO - [2025-04-09T23:06:13.671+0000] {dag.py:3239} INFO - Sync 3 DAGs
[2025-04-09T23:06:13.682+0000] {logging_mixin.py:190} INFO - [2025-04-09T23:06:13.681+0000] {dag.py:4180} INFO - Setting next_dagrun for dataset_with_extra_by_context to 2025-04-08 00:00:00+00:00, run_after=2025-04-09 00:00:00+00:00
[2025-04-09T23:06:13.684+0000] {logging_mixin.py:190} INFO - [2025-04-09T23:06:13.684+0000] {dag.py:4180} INFO - Setting next_dagrun for dataset_with_extra_by_yield to 2025-04-08 00:00:00+00:00, run_after=2025-04-09 00:00:00+00:00
[2025-04-09T23:06:13.685+0000] {logging_mixin.py:190} INFO - [2025-04-09T23:06:13.685+0000] {dag.py:4180} INFO - Setting next_dagrun for dataset_with_extra_from_classic_operator to 2025-04-08 00:00:00+00:00, run_after=2025-04-09 00:00:00+00:00
[2025-04-09T23:06:13.695+0000] {processor.py:208} INFO - Processing /home/airflow/.local/lib/python3.12/site-packages/airflow/example_dags/example_outlet_event_extra.py took 0.099 seconds
[2025-04-09T23:06:43.782+0000] {processor.py:186} INFO - Started process (PID=2952) to work on /home/airflow/.local/lib/python3.12/site-packages/airflow/example_dags/example_outlet_event_extra.py
[2025-04-09T23:06:43.786+0000] {processor.py:914} INFO - Processing file /home/airflow/.local/lib/python3.12/site-packages/airflow/example_dags/example_outlet_event_extra.py for tasks to queue
[2025-04-09T23:06:43.787+0000] {logging_mixin.py:190} INFO - [2025-04-09T23:06:43.787+0000] {dagbag.py:588} INFO - Filling up the DagBag from /home/airflow/.local/lib/python3.12/site-packages/airflow/example_dags/example_outlet_event_extra.py
[2025-04-09T23:06:43.846+0000] {processor.py:925} INFO - DAG(s) 'dataset_with_extra_by_yield', 'dataset_with_extra_from_classic_operator', 'dataset_with_extra_by_context' retrieved from /home/airflow/.local/lib/python3.12/site-packages/airflow/example_dags/example_outlet_event_extra.py
[2025-04-09T23:06:43.857+0000] {logging_mixin.py:190} INFO - [2025-04-09T23:06:43.857+0000] {dag.py:3239} INFO - Sync 3 DAGs
[2025-04-09T23:06:43.867+0000] {logging_mixin.py:190} INFO - [2025-04-09T23:06:43.867+0000] {dag.py:4180} INFO - Setting next_dagrun for dataset_with_extra_by_context to 2025-04-08 00:00:00+00:00, run_after=2025-04-09 00:00:00+00:00
[2025-04-09T23:06:43.870+0000] {logging_mixin.py:190} INFO - [2025-04-09T23:06:43.870+0000] {dag.py:4180} INFO - Setting next_dagrun for dataset_with_extra_by_yield to 2025-04-08 00:00:00+00:00, run_after=2025-04-09 00:00:00+00:00
[2025-04-09T23:06:43.871+0000] {logging_mixin.py:190} INFO - [2025-04-09T23:06:43.870+0000] {dag.py:4180} INFO - Setting next_dagrun for dataset_with_extra_from_classic_operator to 2025-04-08 00:00:00+00:00, run_after=2025-04-09 00:00:00+00:00
[2025-04-09T23:06:43.881+0000] {processor.py:208} INFO - Processing /home/airflow/.local/lib/python3.12/site-packages/airflow/example_dags/example_outlet_event_extra.py took 0.102 seconds
