[2025-04-09T22:43:59.731+0000] {processor.py:186} INFO - Started process (PID=96) to work on /home/airflow/.local/lib/python3.12/site-packages/airflow/example_dags/example_inlet_event_extra.py
[2025-04-09T22:43:59.734+0000] {processor.py:914} INFO - Processing file /home/airflow/.local/lib/python3.12/site-packages/airflow/example_dags/example_inlet_event_extra.py for tasks to queue
[2025-04-09T22:43:59.738+0000] {logging_mixin.py:190} INFO - [2025-04-09T22:43:59.737+0000] {dagbag.py:588} INFO - Filling up the DagBag from /home/airflow/.local/lib/python3.12/site-packages/airflow/example_dags/example_inlet_event_extra.py
[2025-04-09T22:43:59.879+0000] {processor.py:925} INFO - DAG(s) 'read_dataset_event_from_classic', 'read_dataset_event' retrieved from /home/airflow/.local/lib/python3.12/site-packages/airflow/example_dags/example_inlet_event_extra.py
[2025-04-09T22:43:59.893+0000] {logging_mixin.py:190} INFO - [2025-04-09T22:43:59.893+0000] {dag.py:3239} INFO - Sync 2 DAGs
[2025-04-09T22:43:59.908+0000] {logging_mixin.py:190} INFO - [2025-04-09T22:43:59.908+0000] {dag.py:4180} INFO - Setting next_dagrun for read_dataset_event to 2025-04-08 00:00:00+00:00, run_after=2025-04-09 00:00:00+00:00
[2025-04-09T22:43:59.911+0000] {logging_mixin.py:190} INFO - [2025-04-09T22:43:59.911+0000] {dag.py:4180} INFO - Setting next_dagrun for read_dataset_event_from_classic to 2025-04-08 00:00:00+00:00, run_after=2025-04-09 00:00:00+00:00
[2025-04-09T22:43:59.919+0000] {processor.py:208} INFO - Processing /home/airflow/.local/lib/python3.12/site-packages/airflow/example_dags/example_inlet_event_extra.py took 0.205 seconds
[2025-04-09T22:44:30.075+0000] {processor.py:186} INFO - Started process (PID=164) to work on /home/airflow/.local/lib/python3.12/site-packages/airflow/example_dags/example_inlet_event_extra.py
[2025-04-09T22:44:30.075+0000] {processor.py:914} INFO - Processing file /home/airflow/.local/lib/python3.12/site-packages/airflow/example_dags/example_inlet_event_extra.py for tasks to queue
[2025-04-09T22:44:30.077+0000] {logging_mixin.py:190} INFO - [2025-04-09T22:44:30.076+0000] {dagbag.py:588} INFO - Filling up the DagBag from /home/airflow/.local/lib/python3.12/site-packages/airflow/example_dags/example_inlet_event_extra.py
[2025-04-09T22:44:30.130+0000] {processor.py:925} INFO - DAG(s) 'read_dataset_event', 'read_dataset_event_from_classic' retrieved from /home/airflow/.local/lib/python3.12/site-packages/airflow/example_dags/example_inlet_event_extra.py
[2025-04-09T22:44:30.139+0000] {logging_mixin.py:190} INFO - [2025-04-09T22:44:30.139+0000] {dag.py:3239} INFO - Sync 2 DAGs
[2025-04-09T22:44:30.149+0000] {logging_mixin.py:190} INFO - [2025-04-09T22:44:30.149+0000] {dag.py:4180} INFO - Setting next_dagrun for read_dataset_event to 2025-04-08 00:00:00+00:00, run_after=2025-04-09 00:00:00+00:00
[2025-04-09T22:44:30.151+0000] {logging_mixin.py:190} INFO - [2025-04-09T22:44:30.151+0000] {dag.py:4180} INFO - Setting next_dagrun for read_dataset_event_from_classic to 2025-04-08 00:00:00+00:00, run_after=2025-04-09 00:00:00+00:00
[2025-04-09T22:44:30.157+0000] {processor.py:208} INFO - Processing /home/airflow/.local/lib/python3.12/site-packages/airflow/example_dags/example_inlet_event_extra.py took 0.085 seconds
[2025-04-09T22:45:01.175+0000] {processor.py:186} INFO - Started process (PID=228) to work on /home/airflow/.local/lib/python3.12/site-packages/airflow/example_dags/example_inlet_event_extra.py
[2025-04-09T22:45:01.175+0000] {processor.py:914} INFO - Processing file /home/airflow/.local/lib/python3.12/site-packages/airflow/example_dags/example_inlet_event_extra.py for tasks to queue
[2025-04-09T22:45:01.176+0000] {logging_mixin.py:190} INFO - [2025-04-09T22:45:01.176+0000] {dagbag.py:588} INFO - Filling up the DagBag from /home/airflow/.local/lib/python3.12/site-packages/airflow/example_dags/example_inlet_event_extra.py
[2025-04-09T22:45:01.231+0000] {processor.py:925} INFO - DAG(s) 'read_dataset_event', 'read_dataset_event_from_classic' retrieved from /home/airflow/.local/lib/python3.12/site-packages/airflow/example_dags/example_inlet_event_extra.py
[2025-04-09T22:45:01.241+0000] {logging_mixin.py:190} INFO - [2025-04-09T22:45:01.240+0000] {dag.py:3239} INFO - Sync 2 DAGs
[2025-04-09T22:45:01.250+0000] {logging_mixin.py:190} INFO - [2025-04-09T22:45:01.250+0000] {dag.py:4180} INFO - Setting next_dagrun for read_dataset_event to 2025-04-08 00:00:00+00:00, run_after=2025-04-09 00:00:00+00:00
[2025-04-09T22:45:01.252+0000] {logging_mixin.py:190} INFO - [2025-04-09T22:45:01.252+0000] {dag.py:4180} INFO - Setting next_dagrun for read_dataset_event_from_classic to 2025-04-08 00:00:00+00:00, run_after=2025-04-09 00:00:00+00:00
[2025-04-09T22:45:01.258+0000] {processor.py:208} INFO - Processing /home/airflow/.local/lib/python3.12/site-packages/airflow/example_dags/example_inlet_event_extra.py took 0.086 seconds
[2025-04-09T22:45:31.306+0000] {processor.py:186} INFO - Started process (PID=292) to work on /home/airflow/.local/lib/python3.12/site-packages/airflow/example_dags/example_inlet_event_extra.py
[2025-04-09T22:45:31.306+0000] {processor.py:914} INFO - Processing file /home/airflow/.local/lib/python3.12/site-packages/airflow/example_dags/example_inlet_event_extra.py for tasks to queue
[2025-04-09T22:45:31.308+0000] {logging_mixin.py:190} INFO - [2025-04-09T22:45:31.308+0000] {dagbag.py:588} INFO - Filling up the DagBag from /home/airflow/.local/lib/python3.12/site-packages/airflow/example_dags/example_inlet_event_extra.py
[2025-04-09T22:45:31.360+0000] {processor.py:925} INFO - DAG(s) 'read_dataset_event', 'read_dataset_event_from_classic' retrieved from /home/airflow/.local/lib/python3.12/site-packages/airflow/example_dags/example_inlet_event_extra.py
[2025-04-09T22:45:31.369+0000] {logging_mixin.py:190} INFO - [2025-04-09T22:45:31.368+0000] {dag.py:3239} INFO - Sync 2 DAGs
[2025-04-09T22:45:31.380+0000] {logging_mixin.py:190} INFO - [2025-04-09T22:45:31.380+0000] {dag.py:4180} INFO - Setting next_dagrun for read_dataset_event to 2025-04-08 00:00:00+00:00, run_after=2025-04-09 00:00:00+00:00
[2025-04-09T22:45:31.381+0000] {logging_mixin.py:190} INFO - [2025-04-09T22:45:31.381+0000] {dag.py:4180} INFO - Setting next_dagrun for read_dataset_event_from_classic to 2025-04-08 00:00:00+00:00, run_after=2025-04-09 00:00:00+00:00
[2025-04-09T22:45:31.388+0000] {processor.py:208} INFO - Processing /home/airflow/.local/lib/python3.12/site-packages/airflow/example_dags/example_inlet_event_extra.py took 0.085 seconds
[2025-04-09T22:46:01.604+0000] {processor.py:186} INFO - Started process (PID=357) to work on /home/airflow/.local/lib/python3.12/site-packages/airflow/example_dags/example_inlet_event_extra.py
[2025-04-09T22:46:01.605+0000] {processor.py:914} INFO - Processing file /home/airflow/.local/lib/python3.12/site-packages/airflow/example_dags/example_inlet_event_extra.py for tasks to queue
[2025-04-09T22:46:01.606+0000] {logging_mixin.py:190} INFO - [2025-04-09T22:46:01.606+0000] {dagbag.py:588} INFO - Filling up the DagBag from /home/airflow/.local/lib/python3.12/site-packages/airflow/example_dags/example_inlet_event_extra.py
[2025-04-09T22:46:01.663+0000] {processor.py:925} INFO - DAG(s) 'read_dataset_event', 'read_dataset_event_from_classic' retrieved from /home/airflow/.local/lib/python3.12/site-packages/airflow/example_dags/example_inlet_event_extra.py
[2025-04-09T22:46:01.672+0000] {logging_mixin.py:190} INFO - [2025-04-09T22:46:01.672+0000] {dag.py:3239} INFO - Sync 2 DAGs
[2025-04-09T22:46:01.683+0000] {logging_mixin.py:190} INFO - [2025-04-09T22:46:01.683+0000] {dag.py:4180} INFO - Setting next_dagrun for read_dataset_event to 2025-04-08 00:00:00+00:00, run_after=2025-04-09 00:00:00+00:00
[2025-04-09T22:46:01.684+0000] {logging_mixin.py:190} INFO - [2025-04-09T22:46:01.684+0000] {dag.py:4180} INFO - Setting next_dagrun for read_dataset_event_from_classic to 2025-04-08 00:00:00+00:00, run_after=2025-04-09 00:00:00+00:00
[2025-04-09T22:46:01.691+0000] {processor.py:208} INFO - Processing /home/airflow/.local/lib/python3.12/site-packages/airflow/example_dags/example_inlet_event_extra.py took 0.090 seconds
[2025-04-09T22:46:32.032+0000] {processor.py:186} INFO - Started process (PID=419) to work on /home/airflow/.local/lib/python3.12/site-packages/airflow/example_dags/example_inlet_event_extra.py
[2025-04-09T22:46:32.033+0000] {processor.py:914} INFO - Processing file /home/airflow/.local/lib/python3.12/site-packages/airflow/example_dags/example_inlet_event_extra.py for tasks to queue
[2025-04-09T22:46:32.034+0000] {logging_mixin.py:190} INFO - [2025-04-09T22:46:32.034+0000] {dagbag.py:588} INFO - Filling up the DagBag from /home/airflow/.local/lib/python3.12/site-packages/airflow/example_dags/example_inlet_event_extra.py
[2025-04-09T22:46:32.088+0000] {processor.py:925} INFO - DAG(s) 'read_dataset_event_from_classic', 'read_dataset_event' retrieved from /home/airflow/.local/lib/python3.12/site-packages/airflow/example_dags/example_inlet_event_extra.py
[2025-04-09T22:46:32.101+0000] {logging_mixin.py:190} INFO - [2025-04-09T22:46:32.101+0000] {dag.py:3239} INFO - Sync 2 DAGs
[2025-04-09T22:46:32.113+0000] {logging_mixin.py:190} INFO - [2025-04-09T22:46:32.113+0000] {dag.py:4180} INFO - Setting next_dagrun for read_dataset_event to 2025-04-08 00:00:00+00:00, run_after=2025-04-09 00:00:00+00:00
[2025-04-09T22:46:32.115+0000] {logging_mixin.py:190} INFO - [2025-04-09T22:46:32.115+0000] {dag.py:4180} INFO - Setting next_dagrun for read_dataset_event_from_classic to 2025-04-08 00:00:00+00:00, run_after=2025-04-09 00:00:00+00:00
[2025-04-09T22:46:32.125+0000] {processor.py:208} INFO - Processing /home/airflow/.local/lib/python3.12/site-packages/airflow/example_dags/example_inlet_event_extra.py took 0.095 seconds
[2025-04-09T22:47:02.252+0000] {processor.py:186} INFO - Started process (PID=483) to work on /home/airflow/.local/lib/python3.12/site-packages/airflow/example_dags/example_inlet_event_extra.py
[2025-04-09T22:47:02.253+0000] {processor.py:914} INFO - Processing file /home/airflow/.local/lib/python3.12/site-packages/airflow/example_dags/example_inlet_event_extra.py for tasks to queue
[2025-04-09T22:47:02.254+0000] {logging_mixin.py:190} INFO - [2025-04-09T22:47:02.254+0000] {dagbag.py:588} INFO - Filling up the DagBag from /home/airflow/.local/lib/python3.12/site-packages/airflow/example_dags/example_inlet_event_extra.py
[2025-04-09T22:47:02.315+0000] {processor.py:925} INFO - DAG(s) 'read_dataset_event_from_classic', 'read_dataset_event' retrieved from /home/airflow/.local/lib/python3.12/site-packages/airflow/example_dags/example_inlet_event_extra.py
[2025-04-09T22:47:02.328+0000] {logging_mixin.py:190} INFO - [2025-04-09T22:47:02.328+0000] {dag.py:3239} INFO - Sync 2 DAGs
[2025-04-09T22:47:02.341+0000] {logging_mixin.py:190} INFO - [2025-04-09T22:47:02.341+0000] {dag.py:4180} INFO - Setting next_dagrun for read_dataset_event to 2025-04-08 00:00:00+00:00, run_after=2025-04-09 00:00:00+00:00
[2025-04-09T22:47:02.345+0000] {logging_mixin.py:190} INFO - [2025-04-09T22:47:02.345+0000] {dag.py:4180} INFO - Setting next_dagrun for read_dataset_event_from_classic to 2025-04-08 00:00:00+00:00, run_after=2025-04-09 00:00:00+00:00
[2025-04-09T22:47:02.353+0000] {processor.py:208} INFO - Processing /home/airflow/.local/lib/python3.12/site-packages/airflow/example_dags/example_inlet_event_extra.py took 0.104 seconds
[2025-04-09T22:47:32.768+0000] {processor.py:186} INFO - Started process (PID=547) to work on /home/airflow/.local/lib/python3.12/site-packages/airflow/example_dags/example_inlet_event_extra.py
[2025-04-09T22:47:32.769+0000] {processor.py:914} INFO - Processing file /home/airflow/.local/lib/python3.12/site-packages/airflow/example_dags/example_inlet_event_extra.py for tasks to queue
[2025-04-09T22:47:32.770+0000] {logging_mixin.py:190} INFO - [2025-04-09T22:47:32.770+0000] {dagbag.py:588} INFO - Filling up the DagBag from /home/airflow/.local/lib/python3.12/site-packages/airflow/example_dags/example_inlet_event_extra.py
[2025-04-09T22:47:32.826+0000] {processor.py:925} INFO - DAG(s) 'read_dataset_event_from_classic', 'read_dataset_event' retrieved from /home/airflow/.local/lib/python3.12/site-packages/airflow/example_dags/example_inlet_event_extra.py
[2025-04-09T22:47:32.836+0000] {logging_mixin.py:190} INFO - [2025-04-09T22:47:32.836+0000] {dag.py:3239} INFO - Sync 2 DAGs
[2025-04-09T22:47:32.847+0000] {logging_mixin.py:190} INFO - [2025-04-09T22:47:32.846+0000] {dag.py:4180} INFO - Setting next_dagrun for read_dataset_event to 2025-04-08 00:00:00+00:00, run_after=2025-04-09 00:00:00+00:00
[2025-04-09T22:47:32.851+0000] {logging_mixin.py:190} INFO - [2025-04-09T22:47:32.851+0000] {dag.py:4180} INFO - Setting next_dagrun for read_dataset_event_from_classic to 2025-04-08 00:00:00+00:00, run_after=2025-04-09 00:00:00+00:00
[2025-04-09T22:47:32.859+0000] {processor.py:208} INFO - Processing /home/airflow/.local/lib/python3.12/site-packages/airflow/example_dags/example_inlet_event_extra.py took 0.094 seconds
[2025-04-09T22:48:03.212+0000] {processor.py:186} INFO - Started process (PID=611) to work on /home/airflow/.local/lib/python3.12/site-packages/airflow/example_dags/example_inlet_event_extra.py
[2025-04-09T22:48:03.216+0000] {processor.py:914} INFO - Processing file /home/airflow/.local/lib/python3.12/site-packages/airflow/example_dags/example_inlet_event_extra.py for tasks to queue
[2025-04-09T22:48:03.218+0000] {logging_mixin.py:190} INFO - [2025-04-09T22:48:03.218+0000] {dagbag.py:588} INFO - Filling up the DagBag from /home/airflow/.local/lib/python3.12/site-packages/airflow/example_dags/example_inlet_event_extra.py
[2025-04-09T22:48:03.276+0000] {processor.py:925} INFO - DAG(s) 'read_dataset_event', 'read_dataset_event_from_classic' retrieved from /home/airflow/.local/lib/python3.12/site-packages/airflow/example_dags/example_inlet_event_extra.py
[2025-04-09T22:48:03.286+0000] {logging_mixin.py:190} INFO - [2025-04-09T22:48:03.285+0000] {dag.py:3239} INFO - Sync 2 DAGs
[2025-04-09T22:48:03.297+0000] {logging_mixin.py:190} INFO - [2025-04-09T22:48:03.297+0000] {dag.py:4180} INFO - Setting next_dagrun for read_dataset_event to 2025-04-08 00:00:00+00:00, run_after=2025-04-09 00:00:00+00:00
[2025-04-09T22:48:03.299+0000] {logging_mixin.py:190} INFO - [2025-04-09T22:48:03.299+0000] {dag.py:4180} INFO - Setting next_dagrun for read_dataset_event_from_classic to 2025-04-08 00:00:00+00:00, run_after=2025-04-09 00:00:00+00:00
[2025-04-09T22:48:03.307+0000] {processor.py:208} INFO - Processing /home/airflow/.local/lib/python3.12/site-packages/airflow/example_dags/example_inlet_event_extra.py took 0.098 seconds
[2025-04-09T22:48:33.679+0000] {processor.py:186} INFO - Started process (PID=675) to work on /home/airflow/.local/lib/python3.12/site-packages/airflow/example_dags/example_inlet_event_extra.py
[2025-04-09T22:48:33.680+0000] {processor.py:914} INFO - Processing file /home/airflow/.local/lib/python3.12/site-packages/airflow/example_dags/example_inlet_event_extra.py for tasks to queue
[2025-04-09T22:48:33.681+0000] {logging_mixin.py:190} INFO - [2025-04-09T22:48:33.681+0000] {dagbag.py:588} INFO - Filling up the DagBag from /home/airflow/.local/lib/python3.12/site-packages/airflow/example_dags/example_inlet_event_extra.py
[2025-04-09T22:48:33.734+0000] {processor.py:925} INFO - DAG(s) 'read_dataset_event', 'read_dataset_event_from_classic' retrieved from /home/airflow/.local/lib/python3.12/site-packages/airflow/example_dags/example_inlet_event_extra.py
[2025-04-09T22:48:33.744+0000] {logging_mixin.py:190} INFO - [2025-04-09T22:48:33.743+0000] {dag.py:3239} INFO - Sync 2 DAGs
[2025-04-09T22:48:33.754+0000] {logging_mixin.py:190} INFO - [2025-04-09T22:48:33.754+0000] {dag.py:4180} INFO - Setting next_dagrun for read_dataset_event to 2025-04-08 00:00:00+00:00, run_after=2025-04-09 00:00:00+00:00
[2025-04-09T22:48:33.756+0000] {logging_mixin.py:190} INFO - [2025-04-09T22:48:33.756+0000] {dag.py:4180} INFO - Setting next_dagrun for read_dataset_event_from_classic to 2025-04-08 00:00:00+00:00, run_after=2025-04-09 00:00:00+00:00
[2025-04-09T22:48:33.764+0000] {processor.py:208} INFO - Processing /home/airflow/.local/lib/python3.12/site-packages/airflow/example_dags/example_inlet_event_extra.py took 0.087 seconds
[2025-04-09T22:49:04.771+0000] {processor.py:186} INFO - Started process (PID=739) to work on /home/airflow/.local/lib/python3.12/site-packages/airflow/example_dags/example_inlet_event_extra.py
[2025-04-09T22:49:04.774+0000] {processor.py:914} INFO - Processing file /home/airflow/.local/lib/python3.12/site-packages/airflow/example_dags/example_inlet_event_extra.py for tasks to queue
[2025-04-09T22:49:04.776+0000] {logging_mixin.py:190} INFO - [2025-04-09T22:49:04.776+0000] {dagbag.py:588} INFO - Filling up the DagBag from /home/airflow/.local/lib/python3.12/site-packages/airflow/example_dags/example_inlet_event_extra.py
[2025-04-09T22:49:04.836+0000] {processor.py:925} INFO - DAG(s) 'read_dataset_event_from_classic', 'read_dataset_event' retrieved from /home/airflow/.local/lib/python3.12/site-packages/airflow/example_dags/example_inlet_event_extra.py
[2025-04-09T22:49:04.847+0000] {logging_mixin.py:190} INFO - [2025-04-09T22:49:04.847+0000] {dag.py:3239} INFO - Sync 2 DAGs
[2025-04-09T22:49:04.856+0000] {logging_mixin.py:190} INFO - [2025-04-09T22:49:04.856+0000] {dag.py:4180} INFO - Setting next_dagrun for read_dataset_event to 2025-04-08 00:00:00+00:00, run_after=2025-04-09 00:00:00+00:00
[2025-04-09T22:49:04.858+0000] {logging_mixin.py:190} INFO - [2025-04-09T22:49:04.858+0000] {dag.py:4180} INFO - Setting next_dagrun for read_dataset_event_from_classic to 2025-04-08 00:00:00+00:00, run_after=2025-04-09 00:00:00+00:00
[2025-04-09T22:49:04.864+0000] {processor.py:208} INFO - Processing /home/airflow/.local/lib/python3.12/site-packages/airflow/example_dags/example_inlet_event_extra.py took 0.097 seconds
[2025-04-09T22:49:34.975+0000] {processor.py:186} INFO - Started process (PID=803) to work on /home/airflow/.local/lib/python3.12/site-packages/airflow/example_dags/example_inlet_event_extra.py
[2025-04-09T22:49:34.978+0000] {processor.py:914} INFO - Processing file /home/airflow/.local/lib/python3.12/site-packages/airflow/example_dags/example_inlet_event_extra.py for tasks to queue
[2025-04-09T22:49:34.980+0000] {logging_mixin.py:190} INFO - [2025-04-09T22:49:34.979+0000] {dagbag.py:588} INFO - Filling up the DagBag from /home/airflow/.local/lib/python3.12/site-packages/airflow/example_dags/example_inlet_event_extra.py
[2025-04-09T22:49:35.038+0000] {processor.py:925} INFO - DAG(s) 'read_dataset_event', 'read_dataset_event_from_classic' retrieved from /home/airflow/.local/lib/python3.12/site-packages/airflow/example_dags/example_inlet_event_extra.py
[2025-04-09T22:49:35.048+0000] {logging_mixin.py:190} INFO - [2025-04-09T22:49:35.048+0000] {dag.py:3239} INFO - Sync 2 DAGs
[2025-04-09T22:49:35.060+0000] {logging_mixin.py:190} INFO - [2025-04-09T22:49:35.060+0000] {dag.py:4180} INFO - Setting next_dagrun for read_dataset_event to 2025-04-08 00:00:00+00:00, run_after=2025-04-09 00:00:00+00:00
[2025-04-09T22:49:35.062+0000] {logging_mixin.py:190} INFO - [2025-04-09T22:49:35.062+0000] {dag.py:4180} INFO - Setting next_dagrun for read_dataset_event_from_classic to 2025-04-08 00:00:00+00:00, run_after=2025-04-09 00:00:00+00:00
[2025-04-09T22:49:35.069+0000] {processor.py:208} INFO - Processing /home/airflow/.local/lib/python3.12/site-packages/airflow/example_dags/example_inlet_event_extra.py took 0.098 seconds
[2025-04-09T22:50:05.223+0000] {processor.py:186} INFO - Started process (PID=867) to work on /home/airflow/.local/lib/python3.12/site-packages/airflow/example_dags/example_inlet_event_extra.py
[2025-04-09T22:50:05.226+0000] {processor.py:914} INFO - Processing file /home/airflow/.local/lib/python3.12/site-packages/airflow/example_dags/example_inlet_event_extra.py for tasks to queue
[2025-04-09T22:50:05.227+0000] {logging_mixin.py:190} INFO - [2025-04-09T22:50:05.227+0000] {dagbag.py:588} INFO - Filling up the DagBag from /home/airflow/.local/lib/python3.12/site-packages/airflow/example_dags/example_inlet_event_extra.py
[2025-04-09T22:50:05.287+0000] {processor.py:925} INFO - DAG(s) 'read_dataset_event', 'read_dataset_event_from_classic' retrieved from /home/airflow/.local/lib/python3.12/site-packages/airflow/example_dags/example_inlet_event_extra.py
[2025-04-09T22:50:05.300+0000] {logging_mixin.py:190} INFO - [2025-04-09T22:50:05.299+0000] {dag.py:3239} INFO - Sync 2 DAGs
[2025-04-09T22:50:05.312+0000] {logging_mixin.py:190} INFO - [2025-04-09T22:50:05.311+0000] {dag.py:4180} INFO - Setting next_dagrun for read_dataset_event to 2025-04-08 00:00:00+00:00, run_after=2025-04-09 00:00:00+00:00
[2025-04-09T22:50:05.314+0000] {logging_mixin.py:190} INFO - [2025-04-09T22:50:05.314+0000] {dag.py:4180} INFO - Setting next_dagrun for read_dataset_event_from_classic to 2025-04-08 00:00:00+00:00, run_after=2025-04-09 00:00:00+00:00
[2025-04-09T22:50:05.322+0000] {processor.py:208} INFO - Processing /home/airflow/.local/lib/python3.12/site-packages/airflow/example_dags/example_inlet_event_extra.py took 0.102 seconds
[2025-04-09T22:50:35.382+0000] {processor.py:186} INFO - Started process (PID=931) to work on /home/airflow/.local/lib/python3.12/site-packages/airflow/example_dags/example_inlet_event_extra.py
[2025-04-09T22:50:35.383+0000] {processor.py:914} INFO - Processing file /home/airflow/.local/lib/python3.12/site-packages/airflow/example_dags/example_inlet_event_extra.py for tasks to queue
[2025-04-09T22:50:35.384+0000] {logging_mixin.py:190} INFO - [2025-04-09T22:50:35.384+0000] {dagbag.py:588} INFO - Filling up the DagBag from /home/airflow/.local/lib/python3.12/site-packages/airflow/example_dags/example_inlet_event_extra.py
[2025-04-09T22:50:35.440+0000] {processor.py:925} INFO - DAG(s) 'read_dataset_event_from_classic', 'read_dataset_event' retrieved from /home/airflow/.local/lib/python3.12/site-packages/airflow/example_dags/example_inlet_event_extra.py
[2025-04-09T22:50:35.450+0000] {logging_mixin.py:190} INFO - [2025-04-09T22:50:35.450+0000] {dag.py:3239} INFO - Sync 2 DAGs
[2025-04-09T22:50:35.462+0000] {logging_mixin.py:190} INFO - [2025-04-09T22:50:35.462+0000] {dag.py:4180} INFO - Setting next_dagrun for read_dataset_event to 2025-04-08 00:00:00+00:00, run_after=2025-04-09 00:00:00+00:00
[2025-04-09T22:50:35.464+0000] {logging_mixin.py:190} INFO - [2025-04-09T22:50:35.464+0000] {dag.py:4180} INFO - Setting next_dagrun for read_dataset_event_from_classic to 2025-04-08 00:00:00+00:00, run_after=2025-04-09 00:00:00+00:00
[2025-04-09T22:50:35.471+0000] {processor.py:208} INFO - Processing /home/airflow/.local/lib/python3.12/site-packages/airflow/example_dags/example_inlet_event_extra.py took 0.092 seconds
[2025-04-09T22:51:05.522+0000] {processor.py:186} INFO - Started process (PID=996) to work on /home/airflow/.local/lib/python3.12/site-packages/airflow/example_dags/example_inlet_event_extra.py
[2025-04-09T22:51:05.522+0000] {processor.py:914} INFO - Processing file /home/airflow/.local/lib/python3.12/site-packages/airflow/example_dags/example_inlet_event_extra.py for tasks to queue
[2025-04-09T22:51:05.525+0000] {logging_mixin.py:190} INFO - [2025-04-09T22:51:05.524+0000] {dagbag.py:588} INFO - Filling up the DagBag from /home/airflow/.local/lib/python3.12/site-packages/airflow/example_dags/example_inlet_event_extra.py
[2025-04-09T22:51:05.579+0000] {processor.py:925} INFO - DAG(s) 'read_dataset_event', 'read_dataset_event_from_classic' retrieved from /home/airflow/.local/lib/python3.12/site-packages/airflow/example_dags/example_inlet_event_extra.py
[2025-04-09T22:51:05.589+0000] {logging_mixin.py:190} INFO - [2025-04-09T22:51:05.588+0000] {dag.py:3239} INFO - Sync 2 DAGs
[2025-04-09T22:51:05.600+0000] {logging_mixin.py:190} INFO - [2025-04-09T22:51:05.600+0000] {dag.py:4180} INFO - Setting next_dagrun for read_dataset_event to 2025-04-08 00:00:00+00:00, run_after=2025-04-09 00:00:00+00:00
[2025-04-09T22:51:05.602+0000] {logging_mixin.py:190} INFO - [2025-04-09T22:51:05.602+0000] {dag.py:4180} INFO - Setting next_dagrun for read_dataset_event_from_classic to 2025-04-08 00:00:00+00:00, run_after=2025-04-09 00:00:00+00:00
[2025-04-09T22:51:05.611+0000] {processor.py:208} INFO - Processing /home/airflow/.local/lib/python3.12/site-packages/airflow/example_dags/example_inlet_event_extra.py took 0.092 seconds
[2025-04-09T22:51:35.671+0000] {processor.py:186} INFO - Started process (PID=1060) to work on /home/airflow/.local/lib/python3.12/site-packages/airflow/example_dags/example_inlet_event_extra.py
[2025-04-09T22:51:35.673+0000] {processor.py:914} INFO - Processing file /home/airflow/.local/lib/python3.12/site-packages/airflow/example_dags/example_inlet_event_extra.py for tasks to queue
[2025-04-09T22:51:35.674+0000] {logging_mixin.py:190} INFO - [2025-04-09T22:51:35.674+0000] {dagbag.py:588} INFO - Filling up the DagBag from /home/airflow/.local/lib/python3.12/site-packages/airflow/example_dags/example_inlet_event_extra.py
[2025-04-09T22:51:35.729+0000] {processor.py:925} INFO - DAG(s) 'read_dataset_event_from_classic', 'read_dataset_event' retrieved from /home/airflow/.local/lib/python3.12/site-packages/airflow/example_dags/example_inlet_event_extra.py
[2025-04-09T22:51:35.738+0000] {logging_mixin.py:190} INFO - [2025-04-09T22:51:35.738+0000] {dag.py:3239} INFO - Sync 2 DAGs
[2025-04-09T22:51:35.748+0000] {logging_mixin.py:190} INFO - [2025-04-09T22:51:35.748+0000] {dag.py:4180} INFO - Setting next_dagrun for read_dataset_event to 2025-04-08 00:00:00+00:00, run_after=2025-04-09 00:00:00+00:00
[2025-04-09T22:51:35.751+0000] {logging_mixin.py:190} INFO - [2025-04-09T22:51:35.751+0000] {dag.py:4180} INFO - Setting next_dagrun for read_dataset_event_from_classic to 2025-04-08 00:00:00+00:00, run_after=2025-04-09 00:00:00+00:00
[2025-04-09T22:51:35.758+0000] {processor.py:208} INFO - Processing /home/airflow/.local/lib/python3.12/site-packages/airflow/example_dags/example_inlet_event_extra.py took 0.090 seconds
[2025-04-09T22:52:05.823+0000] {processor.py:186} INFO - Started process (PID=1124) to work on /home/airflow/.local/lib/python3.12/site-packages/airflow/example_dags/example_inlet_event_extra.py
[2025-04-09T22:52:05.824+0000] {processor.py:914} INFO - Processing file /home/airflow/.local/lib/python3.12/site-packages/airflow/example_dags/example_inlet_event_extra.py for tasks to queue
[2025-04-09T22:52:05.825+0000] {logging_mixin.py:190} INFO - [2025-04-09T22:52:05.825+0000] {dagbag.py:588} INFO - Filling up the DagBag from /home/airflow/.local/lib/python3.12/site-packages/airflow/example_dags/example_inlet_event_extra.py
[2025-04-09T22:52:05.883+0000] {processor.py:925} INFO - DAG(s) 'read_dataset_event_from_classic', 'read_dataset_event' retrieved from /home/airflow/.local/lib/python3.12/site-packages/airflow/example_dags/example_inlet_event_extra.py
[2025-04-09T22:52:05.894+0000] {logging_mixin.py:190} INFO - [2025-04-09T22:52:05.894+0000] {dag.py:3239} INFO - Sync 2 DAGs
[2025-04-09T22:52:05.904+0000] {logging_mixin.py:190} INFO - [2025-04-09T22:52:05.904+0000] {dag.py:4180} INFO - Setting next_dagrun for read_dataset_event to 2025-04-08 00:00:00+00:00, run_after=2025-04-09 00:00:00+00:00
[2025-04-09T22:52:05.906+0000] {logging_mixin.py:190} INFO - [2025-04-09T22:52:05.906+0000] {dag.py:4180} INFO - Setting next_dagrun for read_dataset_event_from_classic to 2025-04-08 00:00:00+00:00, run_after=2025-04-09 00:00:00+00:00
[2025-04-09T22:52:05.913+0000] {processor.py:208} INFO - Processing /home/airflow/.local/lib/python3.12/site-packages/airflow/example_dags/example_inlet_event_extra.py took 0.093 seconds
[2025-04-09T22:52:36.111+0000] {processor.py:186} INFO - Started process (PID=1187) to work on /home/airflow/.local/lib/python3.12/site-packages/airflow/example_dags/example_inlet_event_extra.py
[2025-04-09T22:52:36.112+0000] {processor.py:914} INFO - Processing file /home/airflow/.local/lib/python3.12/site-packages/airflow/example_dags/example_inlet_event_extra.py for tasks to queue
[2025-04-09T22:52:36.114+0000] {logging_mixin.py:190} INFO - [2025-04-09T22:52:36.114+0000] {dagbag.py:588} INFO - Filling up the DagBag from /home/airflow/.local/lib/python3.12/site-packages/airflow/example_dags/example_inlet_event_extra.py
[2025-04-09T22:52:36.169+0000] {processor.py:925} INFO - DAG(s) 'read_dataset_event_from_classic', 'read_dataset_event' retrieved from /home/airflow/.local/lib/python3.12/site-packages/airflow/example_dags/example_inlet_event_extra.py
[2025-04-09T22:52:36.183+0000] {logging_mixin.py:190} INFO - [2025-04-09T22:52:36.183+0000] {dag.py:3239} INFO - Sync 2 DAGs
[2025-04-09T22:52:36.204+0000] {logging_mixin.py:190} INFO - [2025-04-09T22:52:36.204+0000] {dag.py:4180} INFO - Setting next_dagrun for read_dataset_event to 2025-04-08 00:00:00+00:00, run_after=2025-04-09 00:00:00+00:00
[2025-04-09T22:52:36.207+0000] {logging_mixin.py:190} INFO - [2025-04-09T22:52:36.207+0000] {dag.py:4180} INFO - Setting next_dagrun for read_dataset_event_from_classic to 2025-04-08 00:00:00+00:00, run_after=2025-04-09 00:00:00+00:00
[2025-04-09T22:52:36.216+0000] {processor.py:208} INFO - Processing /home/airflow/.local/lib/python3.12/site-packages/airflow/example_dags/example_inlet_event_extra.py took 0.108 seconds
[2025-04-09T22:53:07.163+0000] {processor.py:186} INFO - Started process (PID=1251) to work on /home/airflow/.local/lib/python3.12/site-packages/airflow/example_dags/example_inlet_event_extra.py
[2025-04-09T22:53:07.163+0000] {processor.py:914} INFO - Processing file /home/airflow/.local/lib/python3.12/site-packages/airflow/example_dags/example_inlet_event_extra.py for tasks to queue
[2025-04-09T22:53:07.165+0000] {logging_mixin.py:190} INFO - [2025-04-09T22:53:07.164+0000] {dagbag.py:588} INFO - Filling up the DagBag from /home/airflow/.local/lib/python3.12/site-packages/airflow/example_dags/example_inlet_event_extra.py
[2025-04-09T22:53:07.222+0000] {processor.py:925} INFO - DAG(s) 'read_dataset_event_from_classic', 'read_dataset_event' retrieved from /home/airflow/.local/lib/python3.12/site-packages/airflow/example_dags/example_inlet_event_extra.py
[2025-04-09T22:53:07.233+0000] {logging_mixin.py:190} INFO - [2025-04-09T22:53:07.233+0000] {dag.py:3239} INFO - Sync 2 DAGs
[2025-04-09T22:53:07.243+0000] {logging_mixin.py:190} INFO - [2025-04-09T22:53:07.242+0000] {dag.py:4180} INFO - Setting next_dagrun for read_dataset_event to 2025-04-08 00:00:00+00:00, run_after=2025-04-09 00:00:00+00:00
[2025-04-09T22:53:07.244+0000] {logging_mixin.py:190} INFO - [2025-04-09T22:53:07.244+0000] {dag.py:4180} INFO - Setting next_dagrun for read_dataset_event_from_classic to 2025-04-08 00:00:00+00:00, run_after=2025-04-09 00:00:00+00:00
[2025-04-09T22:53:07.251+0000] {processor.py:208} INFO - Processing /home/airflow/.local/lib/python3.12/site-packages/airflow/example_dags/example_inlet_event_extra.py took 0.092 seconds
[2025-04-09T22:53:38.066+0000] {processor.py:186} INFO - Started process (PID=1315) to work on /home/airflow/.local/lib/python3.12/site-packages/airflow/example_dags/example_inlet_event_extra.py
[2025-04-09T22:53:38.072+0000] {processor.py:914} INFO - Processing file /home/airflow/.local/lib/python3.12/site-packages/airflow/example_dags/example_inlet_event_extra.py for tasks to queue
[2025-04-09T22:53:38.075+0000] {logging_mixin.py:190} INFO - [2025-04-09T22:53:38.075+0000] {dagbag.py:588} INFO - Filling up the DagBag from /home/airflow/.local/lib/python3.12/site-packages/airflow/example_dags/example_inlet_event_extra.py
[2025-04-09T22:53:38.137+0000] {processor.py:925} INFO - DAG(s) 'read_dataset_event', 'read_dataset_event_from_classic' retrieved from /home/airflow/.local/lib/python3.12/site-packages/airflow/example_dags/example_inlet_event_extra.py
[2025-04-09T22:53:38.154+0000] {logging_mixin.py:190} INFO - [2025-04-09T22:53:38.154+0000] {dag.py:3239} INFO - Sync 2 DAGs
[2025-04-09T22:53:38.168+0000] {logging_mixin.py:190} INFO - [2025-04-09T22:53:38.167+0000] {dag.py:4180} INFO - Setting next_dagrun for read_dataset_event to 2025-04-08 00:00:00+00:00, run_after=2025-04-09 00:00:00+00:00
[2025-04-09T22:53:38.170+0000] {logging_mixin.py:190} INFO - [2025-04-09T22:53:38.170+0000] {dag.py:4180} INFO - Setting next_dagrun for read_dataset_event_from_classic to 2025-04-08 00:00:00+00:00, run_after=2025-04-09 00:00:00+00:00
[2025-04-09T22:53:38.181+0000] {processor.py:208} INFO - Processing /home/airflow/.local/lib/python3.12/site-packages/airflow/example_dags/example_inlet_event_extra.py took 0.130 seconds
[2025-04-09T22:54:08.446+0000] {processor.py:186} INFO - Started process (PID=1379) to work on /home/airflow/.local/lib/python3.12/site-packages/airflow/example_dags/example_inlet_event_extra.py
[2025-04-09T22:54:08.452+0000] {processor.py:914} INFO - Processing file /home/airflow/.local/lib/python3.12/site-packages/airflow/example_dags/example_inlet_event_extra.py for tasks to queue
[2025-04-09T22:54:08.456+0000] {logging_mixin.py:190} INFO - [2025-04-09T22:54:08.456+0000] {dagbag.py:588} INFO - Filling up the DagBag from /home/airflow/.local/lib/python3.12/site-packages/airflow/example_dags/example_inlet_event_extra.py
[2025-04-09T22:54:08.525+0000] {processor.py:925} INFO - DAG(s) 'read_dataset_event_from_classic', 'read_dataset_event' retrieved from /home/airflow/.local/lib/python3.12/site-packages/airflow/example_dags/example_inlet_event_extra.py
[2025-04-09T22:54:08.539+0000] {logging_mixin.py:190} INFO - [2025-04-09T22:54:08.539+0000] {dag.py:3239} INFO - Sync 2 DAGs
[2025-04-09T22:54:08.551+0000] {logging_mixin.py:190} INFO - [2025-04-09T22:54:08.551+0000] {dag.py:4180} INFO - Setting next_dagrun for read_dataset_event to 2025-04-08 00:00:00+00:00, run_after=2025-04-09 00:00:00+00:00
[2025-04-09T22:54:08.553+0000] {logging_mixin.py:190} INFO - [2025-04-09T22:54:08.553+0000] {dag.py:4180} INFO - Setting next_dagrun for read_dataset_event_from_classic to 2025-04-08 00:00:00+00:00, run_after=2025-04-09 00:00:00+00:00
[2025-04-09T22:54:08.561+0000] {processor.py:208} INFO - Processing /home/airflow/.local/lib/python3.12/site-packages/airflow/example_dags/example_inlet_event_extra.py took 0.123 seconds
[2025-04-09T22:54:38.962+0000] {processor.py:186} INFO - Started process (PID=1443) to work on /home/airflow/.local/lib/python3.12/site-packages/airflow/example_dags/example_inlet_event_extra.py
[2025-04-09T22:54:38.966+0000] {processor.py:914} INFO - Processing file /home/airflow/.local/lib/python3.12/site-packages/airflow/example_dags/example_inlet_event_extra.py for tasks to queue
[2025-04-09T22:54:38.970+0000] {logging_mixin.py:190} INFO - [2025-04-09T22:54:38.969+0000] {dagbag.py:588} INFO - Filling up the DagBag from /home/airflow/.local/lib/python3.12/site-packages/airflow/example_dags/example_inlet_event_extra.py
[2025-04-09T22:54:39.028+0000] {processor.py:925} INFO - DAG(s) 'read_dataset_event', 'read_dataset_event_from_classic' retrieved from /home/airflow/.local/lib/python3.12/site-packages/airflow/example_dags/example_inlet_event_extra.py
[2025-04-09T22:54:39.039+0000] {logging_mixin.py:190} INFO - [2025-04-09T22:54:39.039+0000] {dag.py:3239} INFO - Sync 2 DAGs
[2025-04-09T22:54:39.048+0000] {logging_mixin.py:190} INFO - [2025-04-09T22:54:39.048+0000] {dag.py:4180} INFO - Setting next_dagrun for read_dataset_event to 2025-04-08 00:00:00+00:00, run_after=2025-04-09 00:00:00+00:00
[2025-04-09T22:54:39.054+0000] {logging_mixin.py:190} INFO - [2025-04-09T22:54:39.054+0000] {dag.py:4180} INFO - Setting next_dagrun for read_dataset_event_from_classic to 2025-04-08 00:00:00+00:00, run_after=2025-04-09 00:00:00+00:00
[2025-04-09T22:54:39.062+0000] {processor.py:208} INFO - Processing /home/airflow/.local/lib/python3.12/site-packages/airflow/example_dags/example_inlet_event_extra.py took 0.105 seconds
[2025-04-09T23:03:46.248+0000] {processor.py:186} INFO - Started process (PID=2595) to work on /home/airflow/.local/lib/python3.12/site-packages/airflow/example_dags/example_inlet_event_extra.py
[2025-04-09T23:03:46.253+0000] {processor.py:914} INFO - Processing file /home/airflow/.local/lib/python3.12/site-packages/airflow/example_dags/example_inlet_event_extra.py for tasks to queue
[2025-04-09T23:03:46.255+0000] {logging_mixin.py:190} INFO - [2025-04-09T23:03:46.254+0000] {dagbag.py:588} INFO - Filling up the DagBag from /home/airflow/.local/lib/python3.12/site-packages/airflow/example_dags/example_inlet_event_extra.py
[2025-04-09T23:03:46.314+0000] {processor.py:925} INFO - DAG(s) 'read_dataset_event_from_classic', 'read_dataset_event' retrieved from /home/airflow/.local/lib/python3.12/site-packages/airflow/example_dags/example_inlet_event_extra.py
[2025-04-09T23:03:46.326+0000] {logging_mixin.py:190} INFO - [2025-04-09T23:03:46.326+0000] {dag.py:3239} INFO - Sync 2 DAGs
[2025-04-09T23:03:46.338+0000] {logging_mixin.py:190} INFO - [2025-04-09T23:03:46.338+0000] {dag.py:4180} INFO - Setting next_dagrun for read_dataset_event to 2025-04-08 00:00:00+00:00, run_after=2025-04-09 00:00:00+00:00
[2025-04-09T23:03:46.341+0000] {logging_mixin.py:190} INFO - [2025-04-09T23:03:46.341+0000] {dag.py:4180} INFO - Setting next_dagrun for read_dataset_event_from_classic to 2025-04-08 00:00:00+00:00, run_after=2025-04-09 00:00:00+00:00
[2025-04-09T23:03:46.351+0000] {processor.py:208} INFO - Processing /home/airflow/.local/lib/python3.12/site-packages/airflow/example_dags/example_inlet_event_extra.py took 0.108 seconds
[2025-04-09T23:04:16.603+0000] {processor.py:186} INFO - Started process (PID=2659) to work on /home/airflow/.local/lib/python3.12/site-packages/airflow/example_dags/example_inlet_event_extra.py
[2025-04-09T23:04:16.608+0000] {processor.py:914} INFO - Processing file /home/airflow/.local/lib/python3.12/site-packages/airflow/example_dags/example_inlet_event_extra.py for tasks to queue
[2025-04-09T23:04:16.611+0000] {logging_mixin.py:190} INFO - [2025-04-09T23:04:16.611+0000] {dagbag.py:588} INFO - Filling up the DagBag from /home/airflow/.local/lib/python3.12/site-packages/airflow/example_dags/example_inlet_event_extra.py
[2025-04-09T23:04:16.666+0000] {processor.py:925} INFO - DAG(s) 'read_dataset_event', 'read_dataset_event_from_classic' retrieved from /home/airflow/.local/lib/python3.12/site-packages/airflow/example_dags/example_inlet_event_extra.py
[2025-04-09T23:04:16.677+0000] {logging_mixin.py:190} INFO - [2025-04-09T23:04:16.677+0000] {dag.py:3239} INFO - Sync 2 DAGs
[2025-04-09T23:04:16.688+0000] {logging_mixin.py:190} INFO - [2025-04-09T23:04:16.688+0000] {dag.py:4180} INFO - Setting next_dagrun for read_dataset_event to 2025-04-08 00:00:00+00:00, run_after=2025-04-09 00:00:00+00:00
[2025-04-09T23:04:16.692+0000] {logging_mixin.py:190} INFO - [2025-04-09T23:04:16.691+0000] {dag.py:4180} INFO - Setting next_dagrun for read_dataset_event_from_classic to 2025-04-08 00:00:00+00:00, run_after=2025-04-09 00:00:00+00:00
[2025-04-09T23:04:16.701+0000] {processor.py:208} INFO - Processing /home/airflow/.local/lib/python3.12/site-packages/airflow/example_dags/example_inlet_event_extra.py took 0.103 seconds
[2025-04-09T23:04:46.898+0000] {processor.py:186} INFO - Started process (PID=2723) to work on /home/airflow/.local/lib/python3.12/site-packages/airflow/example_dags/example_inlet_event_extra.py
[2025-04-09T23:04:46.901+0000] {processor.py:914} INFO - Processing file /home/airflow/.local/lib/python3.12/site-packages/airflow/example_dags/example_inlet_event_extra.py for tasks to queue
[2025-04-09T23:04:46.903+0000] {logging_mixin.py:190} INFO - [2025-04-09T23:04:46.902+0000] {dagbag.py:588} INFO - Filling up the DagBag from /home/airflow/.local/lib/python3.12/site-packages/airflow/example_dags/example_inlet_event_extra.py
[2025-04-09T23:04:46.963+0000] {processor.py:925} INFO - DAG(s) 'read_dataset_event', 'read_dataset_event_from_classic' retrieved from /home/airflow/.local/lib/python3.12/site-packages/airflow/example_dags/example_inlet_event_extra.py
[2025-04-09T23:04:46.975+0000] {logging_mixin.py:190} INFO - [2025-04-09T23:04:46.974+0000] {dag.py:3239} INFO - Sync 2 DAGs
[2025-04-09T23:04:46.985+0000] {logging_mixin.py:190} INFO - [2025-04-09T23:04:46.985+0000] {dag.py:4180} INFO - Setting next_dagrun for read_dataset_event to 2025-04-08 00:00:00+00:00, run_after=2025-04-09 00:00:00+00:00
[2025-04-09T23:04:46.987+0000] {logging_mixin.py:190} INFO - [2025-04-09T23:04:46.987+0000] {dag.py:4180} INFO - Setting next_dagrun for read_dataset_event_from_classic to 2025-04-08 00:00:00+00:00, run_after=2025-04-09 00:00:00+00:00
[2025-04-09T23:04:46.995+0000] {processor.py:208} INFO - Processing /home/airflow/.local/lib/python3.12/site-packages/airflow/example_dags/example_inlet_event_extra.py took 0.102 seconds
[2025-04-09T23:05:17.097+0000] {processor.py:186} INFO - Started process (PID=2787) to work on /home/airflow/.local/lib/python3.12/site-packages/airflow/example_dags/example_inlet_event_extra.py
[2025-04-09T23:05:17.100+0000] {processor.py:914} INFO - Processing file /home/airflow/.local/lib/python3.12/site-packages/airflow/example_dags/example_inlet_event_extra.py for tasks to queue
[2025-04-09T23:05:17.102+0000] {logging_mixin.py:190} INFO - [2025-04-09T23:05:17.102+0000] {dagbag.py:588} INFO - Filling up the DagBag from /home/airflow/.local/lib/python3.12/site-packages/airflow/example_dags/example_inlet_event_extra.py
[2025-04-09T23:05:17.165+0000] {processor.py:925} INFO - DAG(s) 'read_dataset_event_from_classic', 'read_dataset_event' retrieved from /home/airflow/.local/lib/python3.12/site-packages/airflow/example_dags/example_inlet_event_extra.py
[2025-04-09T23:05:17.176+0000] {logging_mixin.py:190} INFO - [2025-04-09T23:05:17.176+0000] {dag.py:3239} INFO - Sync 2 DAGs
[2025-04-09T23:05:17.187+0000] {logging_mixin.py:190} INFO - [2025-04-09T23:05:17.187+0000] {dag.py:4180} INFO - Setting next_dagrun for read_dataset_event to 2025-04-08 00:00:00+00:00, run_after=2025-04-09 00:00:00+00:00
[2025-04-09T23:05:17.190+0000] {logging_mixin.py:190} INFO - [2025-04-09T23:05:17.190+0000] {dag.py:4180} INFO - Setting next_dagrun for read_dataset_event_from_classic to 2025-04-08 00:00:00+00:00, run_after=2025-04-09 00:00:00+00:00
[2025-04-09T23:05:17.198+0000] {processor.py:208} INFO - Processing /home/airflow/.local/lib/python3.12/site-packages/airflow/example_dags/example_inlet_event_extra.py took 0.105 seconds
[2025-04-09T23:05:47.236+0000] {processor.py:186} INFO - Started process (PID=2850) to work on /home/airflow/.local/lib/python3.12/site-packages/airflow/example_dags/example_inlet_event_extra.py
[2025-04-09T23:05:47.237+0000] {processor.py:914} INFO - Processing file /home/airflow/.local/lib/python3.12/site-packages/airflow/example_dags/example_inlet_event_extra.py for tasks to queue
[2025-04-09T23:05:47.239+0000] {logging_mixin.py:190} INFO - [2025-04-09T23:05:47.239+0000] {dagbag.py:588} INFO - Filling up the DagBag from /home/airflow/.local/lib/python3.12/site-packages/airflow/example_dags/example_inlet_event_extra.py
[2025-04-09T23:05:47.299+0000] {processor.py:925} INFO - DAG(s) 'read_dataset_event', 'read_dataset_event_from_classic' retrieved from /home/airflow/.local/lib/python3.12/site-packages/airflow/example_dags/example_inlet_event_extra.py
[2025-04-09T23:05:47.309+0000] {logging_mixin.py:190} INFO - [2025-04-09T23:05:47.309+0000] {dag.py:3239} INFO - Sync 2 DAGs
[2025-04-09T23:05:47.322+0000] {logging_mixin.py:190} INFO - [2025-04-09T23:05:47.322+0000] {dag.py:4180} INFO - Setting next_dagrun for read_dataset_event to 2025-04-08 00:00:00+00:00, run_after=2025-04-09 00:00:00+00:00
[2025-04-09T23:05:47.324+0000] {logging_mixin.py:190} INFO - [2025-04-09T23:05:47.323+0000] {dag.py:4180} INFO - Setting next_dagrun for read_dataset_event_from_classic to 2025-04-08 00:00:00+00:00, run_after=2025-04-09 00:00:00+00:00
[2025-04-09T23:05:47.333+0000] {processor.py:208} INFO - Processing /home/airflow/.local/lib/python3.12/site-packages/airflow/example_dags/example_inlet_event_extra.py took 0.101 seconds
[2025-04-09T23:06:17.452+0000] {processor.py:186} INFO - Started process (PID=2915) to work on /home/airflow/.local/lib/python3.12/site-packages/airflow/example_dags/example_inlet_event_extra.py
[2025-04-09T23:06:17.456+0000] {processor.py:914} INFO - Processing file /home/airflow/.local/lib/python3.12/site-packages/airflow/example_dags/example_inlet_event_extra.py for tasks to queue
[2025-04-09T23:06:17.459+0000] {logging_mixin.py:190} INFO - [2025-04-09T23:06:17.459+0000] {dagbag.py:588} INFO - Filling up the DagBag from /home/airflow/.local/lib/python3.12/site-packages/airflow/example_dags/example_inlet_event_extra.py
[2025-04-09T23:06:17.519+0000] {processor.py:925} INFO - DAG(s) 'read_dataset_event', 'read_dataset_event_from_classic' retrieved from /home/airflow/.local/lib/python3.12/site-packages/airflow/example_dags/example_inlet_event_extra.py
[2025-04-09T23:06:17.529+0000] {logging_mixin.py:190} INFO - [2025-04-09T23:06:17.529+0000] {dag.py:3239} INFO - Sync 2 DAGs
[2025-04-09T23:06:17.540+0000] {logging_mixin.py:190} INFO - [2025-04-09T23:06:17.540+0000] {dag.py:4180} INFO - Setting next_dagrun for read_dataset_event to 2025-04-08 00:00:00+00:00, run_after=2025-04-09 00:00:00+00:00
[2025-04-09T23:06:17.543+0000] {logging_mixin.py:190} INFO - [2025-04-09T23:06:17.543+0000] {dag.py:4180} INFO - Setting next_dagrun for read_dataset_event_from_classic to 2025-04-08 00:00:00+00:00, run_after=2025-04-09 00:00:00+00:00
[2025-04-09T23:06:17.551+0000] {processor.py:208} INFO - Processing /home/airflow/.local/lib/python3.12/site-packages/airflow/example_dags/example_inlet_event_extra.py took 0.104 seconds
[2025-04-09T23:06:47.713+0000] {processor.py:186} INFO - Started process (PID=2979) to work on /home/airflow/.local/lib/python3.12/site-packages/airflow/example_dags/example_inlet_event_extra.py
[2025-04-09T23:06:47.715+0000] {processor.py:914} INFO - Processing file /home/airflow/.local/lib/python3.12/site-packages/airflow/example_dags/example_inlet_event_extra.py for tasks to queue
[2025-04-09T23:06:47.716+0000] {logging_mixin.py:190} INFO - [2025-04-09T23:06:47.716+0000] {dagbag.py:588} INFO - Filling up the DagBag from /home/airflow/.local/lib/python3.12/site-packages/airflow/example_dags/example_inlet_event_extra.py
[2025-04-09T23:06:47.773+0000] {processor.py:925} INFO - DAG(s) 'read_dataset_event_from_classic', 'read_dataset_event' retrieved from /home/airflow/.local/lib/python3.12/site-packages/airflow/example_dags/example_inlet_event_extra.py
[2025-04-09T23:06:47.783+0000] {logging_mixin.py:190} INFO - [2025-04-09T23:06:47.783+0000] {dag.py:3239} INFO - Sync 2 DAGs
[2025-04-09T23:06:47.793+0000] {logging_mixin.py:190} INFO - [2025-04-09T23:06:47.793+0000] {dag.py:4180} INFO - Setting next_dagrun for read_dataset_event to 2025-04-08 00:00:00+00:00, run_after=2025-04-09 00:00:00+00:00
[2025-04-09T23:06:47.795+0000] {logging_mixin.py:190} INFO - [2025-04-09T23:06:47.795+0000] {dag.py:4180} INFO - Setting next_dagrun for read_dataset_event_from_classic to 2025-04-08 00:00:00+00:00, run_after=2025-04-09 00:00:00+00:00
[2025-04-09T23:06:47.802+0000] {processor.py:208} INFO - Processing /home/airflow/.local/lib/python3.12/site-packages/airflow/example_dags/example_inlet_event_extra.py took 0.094 seconds
