[2025-04-09T22:43:56.575+0000] {processor.py:186} INFO - Started process (PID=59) to work on /home/airflow/.local/lib/python3.12/site-packages/airflow/example_dags/example_complex.py
[2025-04-09T22:43:56.576+0000] {processor.py:914} INFO - Processing file /home/airflow/.local/lib/python3.12/site-packages/airflow/example_dags/example_complex.py for tasks to queue
[2025-04-09T22:43:56.577+0000] {logging_mixin.py:190} INFO - [2025-04-09T22:43:56.577+0000] {dagbag.py:588} INFO - Filling up the DagBag from /home/airflow/.local/lib/python3.12/site-packages/airflow/example_dags/example_complex.py
[2025-04-09T22:43:56.756+0000] {processor.py:925} INFO - DAG(s) 'example_complex' retrieved from /home/airflow/.local/lib/python3.12/site-packages/airflow/example_dags/example_complex.py
[2025-04-09T22:43:56.788+0000] {logging_mixin.py:190} INFO - [2025-04-09T22:43:56.788+0000] {dag.py:3239} INFO - Sync 1 DAGs
[2025-04-09T22:43:56.798+0000] {logging_mixin.py:190} INFO - [2025-04-09T22:43:56.797+0000] {dag.py:4180} INFO - Setting next_dagrun for example_complex to None, run_after=None
[2025-04-09T22:43:56.811+0000] {processor.py:208} INFO - Processing /home/airflow/.local/lib/python3.12/site-packages/airflow/example_dags/example_complex.py took 0.240 seconds
[2025-04-09T22:44:26.991+0000] {processor.py:186} INFO - Started process (PID=126) to work on /home/airflow/.local/lib/python3.12/site-packages/airflow/example_dags/example_complex.py
[2025-04-09T22:44:26.991+0000] {processor.py:914} INFO - Processing file /home/airflow/.local/lib/python3.12/site-packages/airflow/example_dags/example_complex.py for tasks to queue
[2025-04-09T22:44:26.992+0000] {logging_mixin.py:190} INFO - [2025-04-09T22:44:26.992+0000] {dagbag.py:588} INFO - Filling up the DagBag from /home/airflow/.local/lib/python3.12/site-packages/airflow/example_dags/example_complex.py
[2025-04-09T22:44:27.000+0000] {processor.py:925} INFO - DAG(s) 'example_complex' retrieved from /home/airflow/.local/lib/python3.12/site-packages/airflow/example_dags/example_complex.py
[2025-04-09T22:44:27.014+0000] {logging_mixin.py:190} INFO - [2025-04-09T22:44:27.013+0000] {dag.py:3239} INFO - Sync 1 DAGs
[2025-04-09T22:44:27.020+0000] {logging_mixin.py:190} INFO - [2025-04-09T22:44:27.020+0000] {dag.py:4180} INFO - Setting next_dagrun for example_complex to None, run_after=None
[2025-04-09T22:44:27.028+0000] {processor.py:208} INFO - Processing /home/airflow/.local/lib/python3.12/site-packages/airflow/example_dags/example_complex.py took 0.040 seconds
[2025-04-09T22:44:57.194+0000] {processor.py:186} INFO - Started process (PID=190) to work on /home/airflow/.local/lib/python3.12/site-packages/airflow/example_dags/example_complex.py
[2025-04-09T22:44:57.194+0000] {processor.py:914} INFO - Processing file /home/airflow/.local/lib/python3.12/site-packages/airflow/example_dags/example_complex.py for tasks to queue
[2025-04-09T22:44:57.195+0000] {logging_mixin.py:190} INFO - [2025-04-09T22:44:57.195+0000] {dagbag.py:588} INFO - Filling up the DagBag from /home/airflow/.local/lib/python3.12/site-packages/airflow/example_dags/example_complex.py
[2025-04-09T22:44:57.201+0000] {processor.py:925} INFO - DAG(s) 'example_complex' retrieved from /home/airflow/.local/lib/python3.12/site-packages/airflow/example_dags/example_complex.py
[2025-04-09T22:44:57.212+0000] {logging_mixin.py:190} INFO - [2025-04-09T22:44:57.212+0000] {dag.py:3239} INFO - Sync 1 DAGs
[2025-04-09T22:44:57.218+0000] {logging_mixin.py:190} INFO - [2025-04-09T22:44:57.218+0000] {dag.py:4180} INFO - Setting next_dagrun for example_complex to None, run_after=None
[2025-04-09T22:44:57.225+0000] {processor.py:208} INFO - Processing /home/airflow/.local/lib/python3.12/site-packages/airflow/example_dags/example_complex.py took 0.034 seconds
[2025-04-09T22:45:28.202+0000] {processor.py:186} INFO - Started process (PID=255) to work on /home/airflow/.local/lib/python3.12/site-packages/airflow/example_dags/example_complex.py
[2025-04-09T22:45:28.203+0000] {processor.py:914} INFO - Processing file /home/airflow/.local/lib/python3.12/site-packages/airflow/example_dags/example_complex.py for tasks to queue
[2025-04-09T22:45:28.205+0000] {logging_mixin.py:190} INFO - [2025-04-09T22:45:28.204+0000] {dagbag.py:588} INFO - Filling up the DagBag from /home/airflow/.local/lib/python3.12/site-packages/airflow/example_dags/example_complex.py
[2025-04-09T22:45:28.211+0000] {processor.py:925} INFO - DAG(s) 'example_complex' retrieved from /home/airflow/.local/lib/python3.12/site-packages/airflow/example_dags/example_complex.py
[2025-04-09T22:45:28.231+0000] {logging_mixin.py:190} INFO - [2025-04-09T22:45:28.230+0000] {dag.py:3239} INFO - Sync 1 DAGs
[2025-04-09T22:45:28.237+0000] {logging_mixin.py:190} INFO - [2025-04-09T22:45:28.237+0000] {dag.py:4180} INFO - Setting next_dagrun for example_complex to None, run_after=None
[2025-04-09T22:45:28.248+0000] {processor.py:208} INFO - Processing /home/airflow/.local/lib/python3.12/site-packages/airflow/example_dags/example_complex.py took 0.050 seconds
[2025-04-09T22:45:58.417+0000] {processor.py:186} INFO - Started process (PID=318) to work on /home/airflow/.local/lib/python3.12/site-packages/airflow/example_dags/example_complex.py
[2025-04-09T22:45:58.418+0000] {processor.py:914} INFO - Processing file /home/airflow/.local/lib/python3.12/site-packages/airflow/example_dags/example_complex.py for tasks to queue
[2025-04-09T22:45:58.419+0000] {logging_mixin.py:190} INFO - [2025-04-09T22:45:58.419+0000] {dagbag.py:588} INFO - Filling up the DagBag from /home/airflow/.local/lib/python3.12/site-packages/airflow/example_dags/example_complex.py
[2025-04-09T22:45:58.425+0000] {processor.py:925} INFO - DAG(s) 'example_complex' retrieved from /home/airflow/.local/lib/python3.12/site-packages/airflow/example_dags/example_complex.py
[2025-04-09T22:45:58.440+0000] {logging_mixin.py:190} INFO - [2025-04-09T22:45:58.440+0000] {dag.py:3239} INFO - Sync 1 DAGs
[2025-04-09T22:45:58.448+0000] {logging_mixin.py:190} INFO - [2025-04-09T22:45:58.448+0000] {dag.py:4180} INFO - Setting next_dagrun for example_complex to None, run_after=None
[2025-04-09T22:45:58.463+0000] {processor.py:208} INFO - Processing /home/airflow/.local/lib/python3.12/site-packages/airflow/example_dags/example_complex.py took 0.048 seconds
[2025-04-09T22:46:28.835+0000] {processor.py:186} INFO - Started process (PID=383) to work on /home/airflow/.local/lib/python3.12/site-packages/airflow/example_dags/example_complex.py
[2025-04-09T22:46:28.837+0000] {processor.py:914} INFO - Processing file /home/airflow/.local/lib/python3.12/site-packages/airflow/example_dags/example_complex.py for tasks to queue
[2025-04-09T22:46:28.838+0000] {logging_mixin.py:190} INFO - [2025-04-09T22:46:28.838+0000] {dagbag.py:588} INFO - Filling up the DagBag from /home/airflow/.local/lib/python3.12/site-packages/airflow/example_dags/example_complex.py
[2025-04-09T22:46:28.848+0000] {processor.py:925} INFO - DAG(s) 'example_complex' retrieved from /home/airflow/.local/lib/python3.12/site-packages/airflow/example_dags/example_complex.py
[2025-04-09T22:46:28.868+0000] {logging_mixin.py:190} INFO - [2025-04-09T22:46:28.868+0000] {dag.py:3239} INFO - Sync 1 DAGs
[2025-04-09T22:46:28.877+0000] {logging_mixin.py:190} INFO - [2025-04-09T22:46:28.877+0000] {dag.py:4180} INFO - Setting next_dagrun for example_complex to None, run_after=None
[2025-04-09T22:46:28.886+0000] {processor.py:208} INFO - Processing /home/airflow/.local/lib/python3.12/site-packages/airflow/example_dags/example_complex.py took 0.054 seconds
[2025-04-09T22:46:59.014+0000] {processor.py:186} INFO - Started process (PID=446) to work on /home/airflow/.local/lib/python3.12/site-packages/airflow/example_dags/example_complex.py
[2025-04-09T22:46:59.015+0000] {processor.py:914} INFO - Processing file /home/airflow/.local/lib/python3.12/site-packages/airflow/example_dags/example_complex.py for tasks to queue
[2025-04-09T22:46:59.017+0000] {logging_mixin.py:190} INFO - [2025-04-09T22:46:59.017+0000] {dagbag.py:588} INFO - Filling up the DagBag from /home/airflow/.local/lib/python3.12/site-packages/airflow/example_dags/example_complex.py
[2025-04-09T22:46:59.023+0000] {processor.py:925} INFO - DAG(s) 'example_complex' retrieved from /home/airflow/.local/lib/python3.12/site-packages/airflow/example_dags/example_complex.py
[2025-04-09T22:46:59.037+0000] {logging_mixin.py:190} INFO - [2025-04-09T22:46:59.037+0000] {dag.py:3239} INFO - Sync 1 DAGs
[2025-04-09T22:46:59.045+0000] {logging_mixin.py:190} INFO - [2025-04-09T22:46:59.045+0000] {dag.py:4180} INFO - Setting next_dagrun for example_complex to None, run_after=None
[2025-04-09T22:46:59.052+0000] {processor.py:208} INFO - Processing /home/airflow/.local/lib/python3.12/site-packages/airflow/example_dags/example_complex.py took 0.040 seconds
[2025-04-09T22:47:29.604+0000] {processor.py:186} INFO - Started process (PID=516) to work on /home/airflow/.local/lib/python3.12/site-packages/airflow/example_dags/example_complex.py
[2025-04-09T22:47:29.605+0000] {processor.py:914} INFO - Processing file /home/airflow/.local/lib/python3.12/site-packages/airflow/example_dags/example_complex.py for tasks to queue
[2025-04-09T22:47:29.606+0000] {logging_mixin.py:190} INFO - [2025-04-09T22:47:29.606+0000] {dagbag.py:588} INFO - Filling up the DagBag from /home/airflow/.local/lib/python3.12/site-packages/airflow/example_dags/example_complex.py
[2025-04-09T22:47:29.612+0000] {processor.py:925} INFO - DAG(s) 'example_complex' retrieved from /home/airflow/.local/lib/python3.12/site-packages/airflow/example_dags/example_complex.py
[2025-04-09T22:47:29.626+0000] {logging_mixin.py:190} INFO - [2025-04-09T22:47:29.626+0000] {dag.py:3239} INFO - Sync 1 DAGs
[2025-04-09T22:47:29.633+0000] {logging_mixin.py:190} INFO - [2025-04-09T22:47:29.632+0000] {dag.py:4180} INFO - Setting next_dagrun for example_complex to None, run_after=None
[2025-04-09T22:47:29.647+0000] {processor.py:208} INFO - Processing /home/airflow/.local/lib/python3.12/site-packages/airflow/example_dags/example_complex.py took 0.047 seconds
[2025-04-09T22:48:00.083+0000] {processor.py:186} INFO - Started process (PID=580) to work on /home/airflow/.local/lib/python3.12/site-packages/airflow/example_dags/example_complex.py
[2025-04-09T22:48:00.083+0000] {processor.py:914} INFO - Processing file /home/airflow/.local/lib/python3.12/site-packages/airflow/example_dags/example_complex.py for tasks to queue
[2025-04-09T22:48:00.085+0000] {logging_mixin.py:190} INFO - [2025-04-09T22:48:00.084+0000] {dagbag.py:588} INFO - Filling up the DagBag from /home/airflow/.local/lib/python3.12/site-packages/airflow/example_dags/example_complex.py
[2025-04-09T22:48:00.091+0000] {processor.py:925} INFO - DAG(s) 'example_complex' retrieved from /home/airflow/.local/lib/python3.12/site-packages/airflow/example_dags/example_complex.py
[2025-04-09T22:48:00.105+0000] {logging_mixin.py:190} INFO - [2025-04-09T22:48:00.105+0000] {dag.py:3239} INFO - Sync 1 DAGs
[2025-04-09T22:48:00.111+0000] {logging_mixin.py:190} INFO - [2025-04-09T22:48:00.111+0000] {dag.py:4180} INFO - Setting next_dagrun for example_complex to None, run_after=None
[2025-04-09T22:48:00.122+0000] {processor.py:208} INFO - Processing /home/airflow/.local/lib/python3.12/site-packages/airflow/example_dags/example_complex.py took 0.043 seconds
[2025-04-09T22:48:30.611+0000] {processor.py:186} INFO - Started process (PID=644) to work on /home/airflow/.local/lib/python3.12/site-packages/airflow/example_dags/example_complex.py
[2025-04-09T22:48:30.612+0000] {processor.py:914} INFO - Processing file /home/airflow/.local/lib/python3.12/site-packages/airflow/example_dags/example_complex.py for tasks to queue
[2025-04-09T22:48:30.613+0000] {logging_mixin.py:190} INFO - [2025-04-09T22:48:30.613+0000] {dagbag.py:588} INFO - Filling up the DagBag from /home/airflow/.local/lib/python3.12/site-packages/airflow/example_dags/example_complex.py
[2025-04-09T22:48:30.621+0000] {processor.py:925} INFO - DAG(s) 'example_complex' retrieved from /home/airflow/.local/lib/python3.12/site-packages/airflow/example_dags/example_complex.py
[2025-04-09T22:48:30.635+0000] {logging_mixin.py:190} INFO - [2025-04-09T22:48:30.635+0000] {dag.py:3239} INFO - Sync 1 DAGs
[2025-04-09T22:48:30.642+0000] {logging_mixin.py:190} INFO - [2025-04-09T22:48:30.642+0000] {dag.py:4180} INFO - Setting next_dagrun for example_complex to None, run_after=None
[2025-04-09T22:48:30.652+0000] {processor.py:208} INFO - Processing /home/airflow/.local/lib/python3.12/site-packages/airflow/example_dags/example_complex.py took 0.044 seconds
[2025-04-09T22:49:00.676+0000] {processor.py:186} INFO - Started process (PID=708) to work on /home/airflow/.local/lib/python3.12/site-packages/airflow/example_dags/example_complex.py
[2025-04-09T22:49:00.677+0000] {processor.py:914} INFO - Processing file /home/airflow/.local/lib/python3.12/site-packages/airflow/example_dags/example_complex.py for tasks to queue
[2025-04-09T22:49:00.678+0000] {logging_mixin.py:190} INFO - [2025-04-09T22:49:00.678+0000] {dagbag.py:588} INFO - Filling up the DagBag from /home/airflow/.local/lib/python3.12/site-packages/airflow/example_dags/example_complex.py
[2025-04-09T22:49:00.684+0000] {processor.py:925} INFO - DAG(s) 'example_complex' retrieved from /home/airflow/.local/lib/python3.12/site-packages/airflow/example_dags/example_complex.py
[2025-04-09T22:49:00.700+0000] {logging_mixin.py:190} INFO - [2025-04-09T22:49:00.700+0000] {dag.py:3239} INFO - Sync 1 DAGs
[2025-04-09T22:49:00.707+0000] {logging_mixin.py:190} INFO - [2025-04-09T22:49:00.707+0000] {dag.py:4180} INFO - Setting next_dagrun for example_complex to None, run_after=None
[2025-04-09T22:49:00.714+0000] {processor.py:208} INFO - Processing /home/airflow/.local/lib/python3.12/site-packages/airflow/example_dags/example_complex.py took 0.041 seconds
[2025-04-09T22:49:30.790+0000] {processor.py:186} INFO - Started process (PID=771) to work on /home/airflow/.local/lib/python3.12/site-packages/airflow/example_dags/example_complex.py
[2025-04-09T22:49:30.791+0000] {processor.py:914} INFO - Processing file /home/airflow/.local/lib/python3.12/site-packages/airflow/example_dags/example_complex.py for tasks to queue
[2025-04-09T22:49:30.792+0000] {logging_mixin.py:190} INFO - [2025-04-09T22:49:30.792+0000] {dagbag.py:588} INFO - Filling up the DagBag from /home/airflow/.local/lib/python3.12/site-packages/airflow/example_dags/example_complex.py
[2025-04-09T22:49:30.798+0000] {processor.py:925} INFO - DAG(s) 'example_complex' retrieved from /home/airflow/.local/lib/python3.12/site-packages/airflow/example_dags/example_complex.py
[2025-04-09T22:49:30.811+0000] {logging_mixin.py:190} INFO - [2025-04-09T22:49:30.811+0000] {dag.py:3239} INFO - Sync 1 DAGs
[2025-04-09T22:49:30.816+0000] {logging_mixin.py:190} INFO - [2025-04-09T22:49:30.816+0000] {dag.py:4180} INFO - Setting next_dagrun for example_complex to None, run_after=None
[2025-04-09T22:49:30.826+0000] {processor.py:208} INFO - Processing /home/airflow/.local/lib/python3.12/site-packages/airflow/example_dags/example_complex.py took 0.039 seconds
[2025-04-09T22:50:01.089+0000] {processor.py:186} INFO - Started process (PID=836) to work on /home/airflow/.local/lib/python3.12/site-packages/airflow/example_dags/example_complex.py
[2025-04-09T22:50:01.090+0000] {processor.py:914} INFO - Processing file /home/airflow/.local/lib/python3.12/site-packages/airflow/example_dags/example_complex.py for tasks to queue
[2025-04-09T22:50:01.092+0000] {logging_mixin.py:190} INFO - [2025-04-09T22:50:01.092+0000] {dagbag.py:588} INFO - Filling up the DagBag from /home/airflow/.local/lib/python3.12/site-packages/airflow/example_dags/example_complex.py
[2025-04-09T22:50:01.099+0000] {processor.py:925} INFO - DAG(s) 'example_complex' retrieved from /home/airflow/.local/lib/python3.12/site-packages/airflow/example_dags/example_complex.py
[2025-04-09T22:50:01.116+0000] {logging_mixin.py:190} INFO - [2025-04-09T22:50:01.115+0000] {dag.py:3239} INFO - Sync 1 DAGs
[2025-04-09T22:50:01.125+0000] {logging_mixin.py:190} INFO - [2025-04-09T22:50:01.124+0000] {dag.py:4180} INFO - Setting next_dagrun for example_complex to None, run_after=None
[2025-04-09T22:50:01.134+0000] {processor.py:208} INFO - Processing /home/airflow/.local/lib/python3.12/site-packages/airflow/example_dags/example_complex.py took 0.047 seconds
[2025-04-09T22:50:31.265+0000] {processor.py:186} INFO - Started process (PID=900) to work on /home/airflow/.local/lib/python3.12/site-packages/airflow/example_dags/example_complex.py
[2025-04-09T22:50:31.265+0000] {processor.py:914} INFO - Processing file /home/airflow/.local/lib/python3.12/site-packages/airflow/example_dags/example_complex.py for tasks to queue
[2025-04-09T22:50:31.271+0000] {logging_mixin.py:190} INFO - [2025-04-09T22:50:31.270+0000] {dagbag.py:588} INFO - Filling up the DagBag from /home/airflow/.local/lib/python3.12/site-packages/airflow/example_dags/example_complex.py
[2025-04-09T22:50:31.296+0000] {processor.py:925} INFO - DAG(s) 'example_complex' retrieved from /home/airflow/.local/lib/python3.12/site-packages/airflow/example_dags/example_complex.py
[2025-04-09T22:50:31.315+0000] {logging_mixin.py:190} INFO - [2025-04-09T22:50:31.315+0000] {dag.py:3239} INFO - Sync 1 DAGs
[2025-04-09T22:50:31.322+0000] {logging_mixin.py:190} INFO - [2025-04-09T22:50:31.322+0000] {dag.py:4180} INFO - Setting next_dagrun for example_complex to None, run_after=None
[2025-04-09T22:50:31.331+0000] {processor.py:208} INFO - Processing /home/airflow/.local/lib/python3.12/site-packages/airflow/example_dags/example_complex.py took 0.070 seconds
[2025-04-09T22:51:02.374+0000] {processor.py:186} INFO - Started process (PID=964) to work on /home/airflow/.local/lib/python3.12/site-packages/airflow/example_dags/example_complex.py
[2025-04-09T22:51:02.375+0000] {processor.py:914} INFO - Processing file /home/airflow/.local/lib/python3.12/site-packages/airflow/example_dags/example_complex.py for tasks to queue
[2025-04-09T22:51:02.376+0000] {logging_mixin.py:190} INFO - [2025-04-09T22:51:02.376+0000] {dagbag.py:588} INFO - Filling up the DagBag from /home/airflow/.local/lib/python3.12/site-packages/airflow/example_dags/example_complex.py
[2025-04-09T22:51:02.383+0000] {processor.py:925} INFO - DAG(s) 'example_complex' retrieved from /home/airflow/.local/lib/python3.12/site-packages/airflow/example_dags/example_complex.py
[2025-04-09T22:51:02.401+0000] {logging_mixin.py:190} INFO - [2025-04-09T22:51:02.401+0000] {dag.py:3239} INFO - Sync 1 DAGs
[2025-04-09T22:51:02.408+0000] {logging_mixin.py:190} INFO - [2025-04-09T22:51:02.408+0000] {dag.py:4180} INFO - Setting next_dagrun for example_complex to None, run_after=None
[2025-04-09T22:51:02.416+0000] {processor.py:208} INFO - Processing /home/airflow/.local/lib/python3.12/site-packages/airflow/example_dags/example_complex.py took 0.045 seconds
[2025-04-09T22:51:32.540+0000] {processor.py:186} INFO - Started process (PID=1028) to work on /home/airflow/.local/lib/python3.12/site-packages/airflow/example_dags/example_complex.py
[2025-04-09T22:51:32.542+0000] {processor.py:914} INFO - Processing file /home/airflow/.local/lib/python3.12/site-packages/airflow/example_dags/example_complex.py for tasks to queue
[2025-04-09T22:51:32.543+0000] {logging_mixin.py:190} INFO - [2025-04-09T22:51:32.543+0000] {dagbag.py:588} INFO - Filling up the DagBag from /home/airflow/.local/lib/python3.12/site-packages/airflow/example_dags/example_complex.py
[2025-04-09T22:51:32.549+0000] {processor.py:925} INFO - DAG(s) 'example_complex' retrieved from /home/airflow/.local/lib/python3.12/site-packages/airflow/example_dags/example_complex.py
[2025-04-09T22:51:32.565+0000] {logging_mixin.py:190} INFO - [2025-04-09T22:51:32.565+0000] {dag.py:3239} INFO - Sync 1 DAGs
[2025-04-09T22:51:32.572+0000] {logging_mixin.py:190} INFO - [2025-04-09T22:51:32.572+0000] {dag.py:4180} INFO - Setting next_dagrun for example_complex to None, run_after=None
[2025-04-09T22:51:32.581+0000] {processor.py:208} INFO - Processing /home/airflow/.local/lib/python3.12/site-packages/airflow/example_dags/example_complex.py took 0.045 seconds
[2025-04-09T22:52:02.752+0000] {processor.py:186} INFO - Started process (PID=1091) to work on /home/airflow/.local/lib/python3.12/site-packages/airflow/example_dags/example_complex.py
[2025-04-09T22:52:02.752+0000] {processor.py:914} INFO - Processing file /home/airflow/.local/lib/python3.12/site-packages/airflow/example_dags/example_complex.py for tasks to queue
[2025-04-09T22:52:02.753+0000] {logging_mixin.py:190} INFO - [2025-04-09T22:52:02.753+0000] {dagbag.py:588} INFO - Filling up the DagBag from /home/airflow/.local/lib/python3.12/site-packages/airflow/example_dags/example_complex.py
[2025-04-09T22:52:02.761+0000] {processor.py:925} INFO - DAG(s) 'example_complex' retrieved from /home/airflow/.local/lib/python3.12/site-packages/airflow/example_dags/example_complex.py
[2025-04-09T22:52:02.774+0000] {logging_mixin.py:190} INFO - [2025-04-09T22:52:02.774+0000] {dag.py:3239} INFO - Sync 1 DAGs
[2025-04-09T22:52:02.781+0000] {logging_mixin.py:190} INFO - [2025-04-09T22:52:02.780+0000] {dag.py:4180} INFO - Setting next_dagrun for example_complex to None, run_after=None
[2025-04-09T22:52:02.792+0000] {processor.py:208} INFO - Processing /home/airflow/.local/lib/python3.12/site-packages/airflow/example_dags/example_complex.py took 0.044 seconds
[2025-04-09T22:52:33.037+0000] {processor.py:186} INFO - Started process (PID=1155) to work on /home/airflow/.local/lib/python3.12/site-packages/airflow/example_dags/example_complex.py
[2025-04-09T22:52:33.037+0000] {processor.py:914} INFO - Processing file /home/airflow/.local/lib/python3.12/site-packages/airflow/example_dags/example_complex.py for tasks to queue
[2025-04-09T22:52:33.039+0000] {logging_mixin.py:190} INFO - [2025-04-09T22:52:33.039+0000] {dagbag.py:588} INFO - Filling up the DagBag from /home/airflow/.local/lib/python3.12/site-packages/airflow/example_dags/example_complex.py
[2025-04-09T22:52:33.045+0000] {processor.py:925} INFO - DAG(s) 'example_complex' retrieved from /home/airflow/.local/lib/python3.12/site-packages/airflow/example_dags/example_complex.py
[2025-04-09T22:52:33.060+0000] {logging_mixin.py:190} INFO - [2025-04-09T22:52:33.060+0000] {dag.py:3239} INFO - Sync 1 DAGs
[2025-04-09T22:52:33.067+0000] {logging_mixin.py:190} INFO - [2025-04-09T22:52:33.067+0000] {dag.py:4180} INFO - Setting next_dagrun for example_complex to None, run_after=None
[2025-04-09T22:52:33.076+0000] {processor.py:208} INFO - Processing /home/airflow/.local/lib/python3.12/site-packages/airflow/example_dags/example_complex.py took 0.042 seconds
[2025-04-09T22:53:03.135+0000] {processor.py:186} INFO - Started process (PID=1219) to work on /home/airflow/.local/lib/python3.12/site-packages/airflow/example_dags/example_complex.py
[2025-04-09T22:53:03.136+0000] {processor.py:914} INFO - Processing file /home/airflow/.local/lib/python3.12/site-packages/airflow/example_dags/example_complex.py for tasks to queue
[2025-04-09T22:53:03.137+0000] {logging_mixin.py:190} INFO - [2025-04-09T22:53:03.137+0000] {dagbag.py:588} INFO - Filling up the DagBag from /home/airflow/.local/lib/python3.12/site-packages/airflow/example_dags/example_complex.py
[2025-04-09T22:53:03.142+0000] {processor.py:925} INFO - DAG(s) 'example_complex' retrieved from /home/airflow/.local/lib/python3.12/site-packages/airflow/example_dags/example_complex.py
[2025-04-09T22:53:03.154+0000] {logging_mixin.py:190} INFO - [2025-04-09T22:53:03.154+0000] {dag.py:3239} INFO - Sync 1 DAGs
[2025-04-09T22:53:03.160+0000] {logging_mixin.py:190} INFO - [2025-04-09T22:53:03.160+0000] {dag.py:4180} INFO - Setting next_dagrun for example_complex to None, run_after=None
[2025-04-09T22:53:03.166+0000] {processor.py:208} INFO - Processing /home/airflow/.local/lib/python3.12/site-packages/airflow/example_dags/example_complex.py took 0.034 seconds
[2025-04-09T22:53:34.091+0000] {processor.py:186} INFO - Started process (PID=1283) to work on /home/airflow/.local/lib/python3.12/site-packages/airflow/example_dags/example_complex.py
[2025-04-09T22:53:34.092+0000] {processor.py:914} INFO - Processing file /home/airflow/.local/lib/python3.12/site-packages/airflow/example_dags/example_complex.py for tasks to queue
[2025-04-09T22:53:34.093+0000] {logging_mixin.py:190} INFO - [2025-04-09T22:53:34.093+0000] {dagbag.py:588} INFO - Filling up the DagBag from /home/airflow/.local/lib/python3.12/site-packages/airflow/example_dags/example_complex.py
[2025-04-09T22:53:34.098+0000] {processor.py:925} INFO - DAG(s) 'example_complex' retrieved from /home/airflow/.local/lib/python3.12/site-packages/airflow/example_dags/example_complex.py
[2025-04-09T22:53:34.111+0000] {logging_mixin.py:190} INFO - [2025-04-09T22:53:34.111+0000] {dag.py:3239} INFO - Sync 1 DAGs
[2025-04-09T22:53:34.116+0000] {logging_mixin.py:190} INFO - [2025-04-09T22:53:34.116+0000] {dag.py:4180} INFO - Setting next_dagrun for example_complex to None, run_after=None
[2025-04-09T22:53:34.124+0000] {processor.py:208} INFO - Processing /home/airflow/.local/lib/python3.12/site-packages/airflow/example_dags/example_complex.py took 0.035 seconds
[2025-04-09T22:54:05.203+0000] {processor.py:186} INFO - Started process (PID=1347) to work on /home/airflow/.local/lib/python3.12/site-packages/airflow/example_dags/example_complex.py
[2025-04-09T22:54:05.204+0000] {processor.py:914} INFO - Processing file /home/airflow/.local/lib/python3.12/site-packages/airflow/example_dags/example_complex.py for tasks to queue
[2025-04-09T22:54:05.205+0000] {logging_mixin.py:190} INFO - [2025-04-09T22:54:05.205+0000] {dagbag.py:588} INFO - Filling up the DagBag from /home/airflow/.local/lib/python3.12/site-packages/airflow/example_dags/example_complex.py
[2025-04-09T22:54:05.211+0000] {processor.py:925} INFO - DAG(s) 'example_complex' retrieved from /home/airflow/.local/lib/python3.12/site-packages/airflow/example_dags/example_complex.py
[2025-04-09T22:54:05.223+0000] {logging_mixin.py:190} INFO - [2025-04-09T22:54:05.223+0000] {dag.py:3239} INFO - Sync 1 DAGs
[2025-04-09T22:54:05.229+0000] {logging_mixin.py:190} INFO - [2025-04-09T22:54:05.229+0000] {dag.py:4180} INFO - Setting next_dagrun for example_complex to None, run_after=None
[2025-04-09T22:54:05.244+0000] {processor.py:208} INFO - Processing /home/airflow/.local/lib/python3.12/site-packages/airflow/example_dags/example_complex.py took 0.043 seconds
[2025-04-09T22:54:35.818+0000] {processor.py:186} INFO - Started process (PID=1411) to work on /home/airflow/.local/lib/python3.12/site-packages/airflow/example_dags/example_complex.py
[2025-04-09T22:54:35.818+0000] {processor.py:914} INFO - Processing file /home/airflow/.local/lib/python3.12/site-packages/airflow/example_dags/example_complex.py for tasks to queue
[2025-04-09T22:54:35.819+0000] {logging_mixin.py:190} INFO - [2025-04-09T22:54:35.819+0000] {dagbag.py:588} INFO - Filling up the DagBag from /home/airflow/.local/lib/python3.12/site-packages/airflow/example_dags/example_complex.py
[2025-04-09T22:54:35.825+0000] {processor.py:925} INFO - DAG(s) 'example_complex' retrieved from /home/airflow/.local/lib/python3.12/site-packages/airflow/example_dags/example_complex.py
[2025-04-09T22:54:35.839+0000] {logging_mixin.py:190} INFO - [2025-04-09T22:54:35.839+0000] {dag.py:3239} INFO - Sync 1 DAGs
[2025-04-09T22:54:35.845+0000] {logging_mixin.py:190} INFO - [2025-04-09T22:54:35.845+0000] {dag.py:4180} INFO - Setting next_dagrun for example_complex to None, run_after=None
[2025-04-09T22:54:35.858+0000] {processor.py:208} INFO - Processing /home/airflow/.local/lib/python3.12/site-packages/airflow/example_dags/example_complex.py took 0.043 seconds
[2025-04-09T23:03:42.078+0000] {processor.py:186} INFO - Started process (PID=2564) to work on /home/airflow/.local/lib/python3.12/site-packages/airflow/example_dags/example_complex.py
[2025-04-09T23:03:42.079+0000] {processor.py:914} INFO - Processing file /home/airflow/.local/lib/python3.12/site-packages/airflow/example_dags/example_complex.py for tasks to queue
[2025-04-09T23:03:42.080+0000] {logging_mixin.py:190} INFO - [2025-04-09T23:03:42.080+0000] {dagbag.py:588} INFO - Filling up the DagBag from /home/airflow/.local/lib/python3.12/site-packages/airflow/example_dags/example_complex.py
[2025-04-09T23:03:42.085+0000] {processor.py:925} INFO - DAG(s) 'example_complex' retrieved from /home/airflow/.local/lib/python3.12/site-packages/airflow/example_dags/example_complex.py
[2025-04-09T23:03:42.098+0000] {logging_mixin.py:190} INFO - [2025-04-09T23:03:42.098+0000] {dag.py:3239} INFO - Sync 1 DAGs
[2025-04-09T23:03:42.104+0000] {logging_mixin.py:190} INFO - [2025-04-09T23:03:42.104+0000] {dag.py:4180} INFO - Setting next_dagrun for example_complex to None, run_after=None
[2025-04-09T23:03:42.111+0000] {processor.py:208} INFO - Processing /home/airflow/.local/lib/python3.12/site-packages/airflow/example_dags/example_complex.py took 0.035 seconds
[2025-04-09T23:04:12.479+0000] {processor.py:186} INFO - Started process (PID=2628) to work on /home/airflow/.local/lib/python3.12/site-packages/airflow/example_dags/example_complex.py
[2025-04-09T23:04:12.480+0000] {processor.py:914} INFO - Processing file /home/airflow/.local/lib/python3.12/site-packages/airflow/example_dags/example_complex.py for tasks to queue
[2025-04-09T23:04:12.481+0000] {logging_mixin.py:190} INFO - [2025-04-09T23:04:12.481+0000] {dagbag.py:588} INFO - Filling up the DagBag from /home/airflow/.local/lib/python3.12/site-packages/airflow/example_dags/example_complex.py
[2025-04-09T23:04:12.488+0000] {processor.py:925} INFO - DAG(s) 'example_complex' retrieved from /home/airflow/.local/lib/python3.12/site-packages/airflow/example_dags/example_complex.py
[2025-04-09T23:04:12.503+0000] {logging_mixin.py:190} INFO - [2025-04-09T23:04:12.503+0000] {dag.py:3239} INFO - Sync 1 DAGs
[2025-04-09T23:04:12.510+0000] {logging_mixin.py:190} INFO - [2025-04-09T23:04:12.510+0000] {dag.py:4180} INFO - Setting next_dagrun for example_complex to None, run_after=None
[2025-04-09T23:04:12.518+0000] {processor.py:208} INFO - Processing /home/airflow/.local/lib/python3.12/site-packages/airflow/example_dags/example_complex.py took 0.041 seconds
[2025-04-09T23:04:42.917+0000] {processor.py:186} INFO - Started process (PID=2692) to work on /home/airflow/.local/lib/python3.12/site-packages/airflow/example_dags/example_complex.py
[2025-04-09T23:04:42.918+0000] {processor.py:914} INFO - Processing file /home/airflow/.local/lib/python3.12/site-packages/airflow/example_dags/example_complex.py for tasks to queue
[2025-04-09T23:04:42.919+0000] {logging_mixin.py:190} INFO - [2025-04-09T23:04:42.919+0000] {dagbag.py:588} INFO - Filling up the DagBag from /home/airflow/.local/lib/python3.12/site-packages/airflow/example_dags/example_complex.py
[2025-04-09T23:04:42.925+0000] {processor.py:925} INFO - DAG(s) 'example_complex' retrieved from /home/airflow/.local/lib/python3.12/site-packages/airflow/example_dags/example_complex.py
[2025-04-09T23:04:42.942+0000] {logging_mixin.py:190} INFO - [2025-04-09T23:04:42.942+0000] {dag.py:3239} INFO - Sync 1 DAGs
[2025-04-09T23:04:42.948+0000] {logging_mixin.py:190} INFO - [2025-04-09T23:04:42.948+0000] {dag.py:4180} INFO - Setting next_dagrun for example_complex to None, run_after=None
[2025-04-09T23:04:42.956+0000] {processor.py:208} INFO - Processing /home/airflow/.local/lib/python3.12/site-packages/airflow/example_dags/example_complex.py took 0.041 seconds
[2025-04-09T23:05:13.063+0000] {processor.py:186} INFO - Started process (PID=2756) to work on /home/airflow/.local/lib/python3.12/site-packages/airflow/example_dags/example_complex.py
[2025-04-09T23:05:13.063+0000] {processor.py:914} INFO - Processing file /home/airflow/.local/lib/python3.12/site-packages/airflow/example_dags/example_complex.py for tasks to queue
[2025-04-09T23:05:13.064+0000] {logging_mixin.py:190} INFO - [2025-04-09T23:05:13.064+0000] {dagbag.py:588} INFO - Filling up the DagBag from /home/airflow/.local/lib/python3.12/site-packages/airflow/example_dags/example_complex.py
[2025-04-09T23:05:13.070+0000] {processor.py:925} INFO - DAG(s) 'example_complex' retrieved from /home/airflow/.local/lib/python3.12/site-packages/airflow/example_dags/example_complex.py
[2025-04-09T23:05:13.084+0000] {logging_mixin.py:190} INFO - [2025-04-09T23:05:13.084+0000] {dag.py:3239} INFO - Sync 1 DAGs
[2025-04-09T23:05:13.090+0000] {logging_mixin.py:190} INFO - [2025-04-09T23:05:13.090+0000] {dag.py:4180} INFO - Setting next_dagrun for example_complex to None, run_after=None
[2025-04-09T23:05:13.100+0000] {processor.py:208} INFO - Processing /home/airflow/.local/lib/python3.12/site-packages/airflow/example_dags/example_complex.py took 0.040 seconds
[2025-04-09T23:05:43.221+0000] {processor.py:186} INFO - Started process (PID=2820) to work on /home/airflow/.local/lib/python3.12/site-packages/airflow/example_dags/example_complex.py
[2025-04-09T23:05:43.221+0000] {processor.py:914} INFO - Processing file /home/airflow/.local/lib/python3.12/site-packages/airflow/example_dags/example_complex.py for tasks to queue
[2025-04-09T23:05:43.224+0000] {logging_mixin.py:190} INFO - [2025-04-09T23:05:43.224+0000] {dagbag.py:588} INFO - Filling up the DagBag from /home/airflow/.local/lib/python3.12/site-packages/airflow/example_dags/example_complex.py
[2025-04-09T23:05:43.232+0000] {processor.py:925} INFO - DAG(s) 'example_complex' retrieved from /home/airflow/.local/lib/python3.12/site-packages/airflow/example_dags/example_complex.py
[2025-04-09T23:05:43.248+0000] {logging_mixin.py:190} INFO - [2025-04-09T23:05:43.248+0000] {dag.py:3239} INFO - Sync 1 DAGs
[2025-04-09T23:05:43.255+0000] {logging_mixin.py:190} INFO - [2025-04-09T23:05:43.255+0000] {dag.py:4180} INFO - Setting next_dagrun for example_complex to None, run_after=None
[2025-04-09T23:05:43.264+0000] {processor.py:208} INFO - Processing /home/airflow/.local/lib/python3.12/site-packages/airflow/example_dags/example_complex.py took 0.049 seconds
[2025-04-09T23:06:13.439+0000] {processor.py:186} INFO - Started process (PID=2884) to work on /home/airflow/.local/lib/python3.12/site-packages/airflow/example_dags/example_complex.py
[2025-04-09T23:06:13.440+0000] {processor.py:914} INFO - Processing file /home/airflow/.local/lib/python3.12/site-packages/airflow/example_dags/example_complex.py for tasks to queue
[2025-04-09T23:06:13.441+0000] {logging_mixin.py:190} INFO - [2025-04-09T23:06:13.441+0000] {dagbag.py:588} INFO - Filling up the DagBag from /home/airflow/.local/lib/python3.12/site-packages/airflow/example_dags/example_complex.py
[2025-04-09T23:06:13.448+0000] {processor.py:925} INFO - DAG(s) 'example_complex' retrieved from /home/airflow/.local/lib/python3.12/site-packages/airflow/example_dags/example_complex.py
[2025-04-09T23:06:13.463+0000] {logging_mixin.py:190} INFO - [2025-04-09T23:06:13.463+0000] {dag.py:3239} INFO - Sync 1 DAGs
[2025-04-09T23:06:13.470+0000] {logging_mixin.py:190} INFO - [2025-04-09T23:06:13.470+0000] {dag.py:4180} INFO - Setting next_dagrun for example_complex to None, run_after=None
[2025-04-09T23:06:13.481+0000] {processor.py:208} INFO - Processing /home/airflow/.local/lib/python3.12/site-packages/airflow/example_dags/example_complex.py took 0.045 seconds
[2025-04-09T23:06:43.535+0000] {processor.py:186} INFO - Started process (PID=2947) to work on /home/airflow/.local/lib/python3.12/site-packages/airflow/example_dags/example_complex.py
[2025-04-09T23:06:43.536+0000] {processor.py:914} INFO - Processing file /home/airflow/.local/lib/python3.12/site-packages/airflow/example_dags/example_complex.py for tasks to queue
[2025-04-09T23:06:43.537+0000] {logging_mixin.py:190} INFO - [2025-04-09T23:06:43.537+0000] {dagbag.py:588} INFO - Filling up the DagBag from /home/airflow/.local/lib/python3.12/site-packages/airflow/example_dags/example_complex.py
[2025-04-09T23:06:43.542+0000] {processor.py:925} INFO - DAG(s) 'example_complex' retrieved from /home/airflow/.local/lib/python3.12/site-packages/airflow/example_dags/example_complex.py
[2025-04-09T23:06:43.558+0000] {logging_mixin.py:190} INFO - [2025-04-09T23:06:43.558+0000] {dag.py:3239} INFO - Sync 1 DAGs
[2025-04-09T23:06:43.564+0000] {logging_mixin.py:190} INFO - [2025-04-09T23:06:43.564+0000] {dag.py:4180} INFO - Setting next_dagrun for example_complex to None, run_after=None
[2025-04-09T23:06:43.574+0000] {processor.py:208} INFO - Processing /home/airflow/.local/lib/python3.12/site-packages/airflow/example_dags/example_complex.py took 0.043 seconds
