[2025-04-09T22:43:57.541+0000] {processor.py:186} INFO - Started process (PID=64) to work on /home/airflow/.local/lib/python3.12/site-packages/airflow/example_dags/example_bash_operator.py
[2025-04-09T22:43:57.541+0000] {processor.py:914} INFO - Processing file /home/airflow/.local/lib/python3.12/site-packages/airflow/example_dags/example_bash_operator.py for tasks to queue
[2025-04-09T22:43:57.543+0000] {logging_mixin.py:190} INFO - [2025-04-09T22:43:57.542+0000] {dagbag.py:588} INFO - Filling up the DagBag from /home/airflow/.local/lib/python3.12/site-packages/airflow/example_dags/example_bash_operator.py
[2025-04-09T22:43:57.727+0000] {processor.py:925} INFO - DAG(s) 'example_bash_operator' retrieved from /home/airflow/.local/lib/python3.12/site-packages/airflow/example_dags/example_bash_operator.py
[2025-04-09T22:43:57.751+0000] {logging_mixin.py:190} INFO - [2025-04-09T22:43:57.751+0000] {dag.py:3239} INFO - Sync 1 DAGs
[2025-04-09T22:43:57.764+0000] {logging_mixin.py:190} INFO - [2025-04-09T22:43:57.764+0000] {dag.py:4180} INFO - Setting next_dagrun for example_bash_operator to 2025-04-08 00:00:00+00:00, run_after=2025-04-09 00:00:00+00:00
[2025-04-09T22:43:57.779+0000] {processor.py:208} INFO - Processing /home/airflow/.local/lib/python3.12/site-packages/airflow/example_dags/example_bash_operator.py took 0.242 seconds
[2025-04-09T22:44:28.243+0000] {processor.py:186} INFO - Started process (PID=132) to work on /home/airflow/.local/lib/python3.12/site-packages/airflow/example_dags/example_bash_operator.py
[2025-04-09T22:44:28.244+0000] {processor.py:914} INFO - Processing file /home/airflow/.local/lib/python3.12/site-packages/airflow/example_dags/example_bash_operator.py for tasks to queue
[2025-04-09T22:44:28.245+0000] {logging_mixin.py:190} INFO - [2025-04-09T22:44:28.245+0000] {dagbag.py:588} INFO - Filling up the DagBag from /home/airflow/.local/lib/python3.12/site-packages/airflow/example_dags/example_bash_operator.py
[2025-04-09T22:44:28.252+0000] {processor.py:925} INFO - DAG(s) 'example_bash_operator' retrieved from /home/airflow/.local/lib/python3.12/site-packages/airflow/example_dags/example_bash_operator.py
[2025-04-09T22:44:28.265+0000] {logging_mixin.py:190} INFO - [2025-04-09T22:44:28.265+0000] {dag.py:3239} INFO - Sync 1 DAGs
[2025-04-09T22:44:28.277+0000] {logging_mixin.py:190} INFO - [2025-04-09T22:44:28.277+0000] {dag.py:4180} INFO - Setting next_dagrun for example_bash_operator to 2025-04-08 00:00:00+00:00, run_after=2025-04-09 00:00:00+00:00
[2025-04-09T22:44:28.285+0000] {processor.py:208} INFO - Processing /home/airflow/.local/lib/python3.12/site-packages/airflow/example_dags/example_bash_operator.py took 0.045 seconds
[2025-04-09T22:44:58.415+0000] {processor.py:186} INFO - Started process (PID=196) to work on /home/airflow/.local/lib/python3.12/site-packages/airflow/example_dags/example_bash_operator.py
[2025-04-09T22:44:58.416+0000] {processor.py:914} INFO - Processing file /home/airflow/.local/lib/python3.12/site-packages/airflow/example_dags/example_bash_operator.py for tasks to queue
[2025-04-09T22:44:58.417+0000] {logging_mixin.py:190} INFO - [2025-04-09T22:44:58.417+0000] {dagbag.py:588} INFO - Filling up the DagBag from /home/airflow/.local/lib/python3.12/site-packages/airflow/example_dags/example_bash_operator.py
[2025-04-09T22:44:58.424+0000] {processor.py:925} INFO - DAG(s) 'example_bash_operator' retrieved from /home/airflow/.local/lib/python3.12/site-packages/airflow/example_dags/example_bash_operator.py
[2025-04-09T22:44:58.434+0000] {logging_mixin.py:190} INFO - [2025-04-09T22:44:58.434+0000] {dag.py:3239} INFO - Sync 1 DAGs
[2025-04-09T22:44:58.443+0000] {logging_mixin.py:190} INFO - [2025-04-09T22:44:58.443+0000] {dag.py:4180} INFO - Setting next_dagrun for example_bash_operator to 2025-04-08 00:00:00+00:00, run_after=2025-04-09 00:00:00+00:00
[2025-04-09T22:44:58.450+0000] {processor.py:208} INFO - Processing /home/airflow/.local/lib/python3.12/site-packages/airflow/example_dags/example_bash_operator.py took 0.038 seconds
[2025-04-09T22:45:29.496+0000] {processor.py:186} INFO - Started process (PID=266) to work on /home/airflow/.local/lib/python3.12/site-packages/airflow/example_dags/example_bash_operator.py
[2025-04-09T22:45:29.496+0000] {processor.py:914} INFO - Processing file /home/airflow/.local/lib/python3.12/site-packages/airflow/example_dags/example_bash_operator.py for tasks to queue
[2025-04-09T22:45:29.498+0000] {logging_mixin.py:190} INFO - [2025-04-09T22:45:29.497+0000] {dagbag.py:588} INFO - Filling up the DagBag from /home/airflow/.local/lib/python3.12/site-packages/airflow/example_dags/example_bash_operator.py
[2025-04-09T22:45:29.504+0000] {processor.py:925} INFO - DAG(s) 'example_bash_operator' retrieved from /home/airflow/.local/lib/python3.12/site-packages/airflow/example_dags/example_bash_operator.py
[2025-04-09T22:45:29.516+0000] {logging_mixin.py:190} INFO - [2025-04-09T22:45:29.516+0000] {dag.py:3239} INFO - Sync 1 DAGs
[2025-04-09T22:45:29.525+0000] {logging_mixin.py:190} INFO - [2025-04-09T22:45:29.525+0000] {dag.py:4180} INFO - Setting next_dagrun for example_bash_operator to 2025-04-08 00:00:00+00:00, run_after=2025-04-09 00:00:00+00:00
[2025-04-09T22:45:29.533+0000] {processor.py:208} INFO - Processing /home/airflow/.local/lib/python3.12/site-packages/airflow/example_dags/example_bash_operator.py took 0.040 seconds
[2025-04-09T22:45:59.700+0000] {processor.py:186} INFO - Started process (PID=330) to work on /home/airflow/.local/lib/python3.12/site-packages/airflow/example_dags/example_bash_operator.py
[2025-04-09T22:45:59.702+0000] {processor.py:914} INFO - Processing file /home/airflow/.local/lib/python3.12/site-packages/airflow/example_dags/example_bash_operator.py for tasks to queue
[2025-04-09T22:45:59.703+0000] {logging_mixin.py:190} INFO - [2025-04-09T22:45:59.703+0000] {dagbag.py:588} INFO - Filling up the DagBag from /home/airflow/.local/lib/python3.12/site-packages/airflow/example_dags/example_bash_operator.py
[2025-04-09T22:45:59.710+0000] {processor.py:925} INFO - DAG(s) 'example_bash_operator' retrieved from /home/airflow/.local/lib/python3.12/site-packages/airflow/example_dags/example_bash_operator.py
[2025-04-09T22:45:59.726+0000] {logging_mixin.py:190} INFO - [2025-04-09T22:45:59.726+0000] {dag.py:3239} INFO - Sync 1 DAGs
[2025-04-09T22:45:59.737+0000] {logging_mixin.py:190} INFO - [2025-04-09T22:45:59.737+0000] {dag.py:4180} INFO - Setting next_dagrun for example_bash_operator to 2025-04-08 00:00:00+00:00, run_after=2025-04-09 00:00:00+00:00
[2025-04-09T22:45:59.746+0000] {processor.py:208} INFO - Processing /home/airflow/.local/lib/python3.12/site-packages/airflow/example_dags/example_bash_operator.py took 0.048 seconds
[2025-04-09T22:46:30.131+0000] {processor.py:186} INFO - Started process (PID=393) to work on /home/airflow/.local/lib/python3.12/site-packages/airflow/example_dags/example_bash_operator.py
[2025-04-09T22:46:30.132+0000] {processor.py:914} INFO - Processing file /home/airflow/.local/lib/python3.12/site-packages/airflow/example_dags/example_bash_operator.py for tasks to queue
[2025-04-09T22:46:30.133+0000] {logging_mixin.py:190} INFO - [2025-04-09T22:46:30.133+0000] {dagbag.py:588} INFO - Filling up the DagBag from /home/airflow/.local/lib/python3.12/site-packages/airflow/example_dags/example_bash_operator.py
[2025-04-09T22:46:30.140+0000] {processor.py:925} INFO - DAG(s) 'example_bash_operator' retrieved from /home/airflow/.local/lib/python3.12/site-packages/airflow/example_dags/example_bash_operator.py
[2025-04-09T22:46:30.157+0000] {logging_mixin.py:190} INFO - [2025-04-09T22:46:30.156+0000] {dag.py:3239} INFO - Sync 1 DAGs
[2025-04-09T22:46:30.167+0000] {logging_mixin.py:190} INFO - [2025-04-09T22:46:30.167+0000] {dag.py:4180} INFO - Setting next_dagrun for example_bash_operator to 2025-04-08 00:00:00+00:00, run_after=2025-04-09 00:00:00+00:00
[2025-04-09T22:46:30.174+0000] {processor.py:208} INFO - Processing /home/airflow/.local/lib/python3.12/site-packages/airflow/example_dags/example_bash_operator.py took 0.047 seconds
[2025-04-09T22:47:00.310+0000] {processor.py:186} INFO - Started process (PID=457) to work on /home/airflow/.local/lib/python3.12/site-packages/airflow/example_dags/example_bash_operator.py
[2025-04-09T22:47:00.313+0000] {processor.py:914} INFO - Processing file /home/airflow/.local/lib/python3.12/site-packages/airflow/example_dags/example_bash_operator.py for tasks to queue
[2025-04-09T22:47:00.314+0000] {logging_mixin.py:190} INFO - [2025-04-09T22:47:00.314+0000] {dagbag.py:588} INFO - Filling up the DagBag from /home/airflow/.local/lib/python3.12/site-packages/airflow/example_dags/example_bash_operator.py
[2025-04-09T22:47:00.321+0000] {processor.py:925} INFO - DAG(s) 'example_bash_operator' retrieved from /home/airflow/.local/lib/python3.12/site-packages/airflow/example_dags/example_bash_operator.py
[2025-04-09T22:47:00.335+0000] {logging_mixin.py:190} INFO - [2025-04-09T22:47:00.334+0000] {dag.py:3239} INFO - Sync 1 DAGs
[2025-04-09T22:47:00.347+0000] {logging_mixin.py:190} INFO - [2025-04-09T22:47:00.346+0000] {dag.py:4180} INFO - Setting next_dagrun for example_bash_operator to 2025-04-08 00:00:00+00:00, run_after=2025-04-09 00:00:00+00:00
[2025-04-09T22:47:00.355+0000] {processor.py:208} INFO - Processing /home/airflow/.local/lib/python3.12/site-packages/airflow/example_dags/example_bash_operator.py took 0.049 seconds
[2025-04-09T22:47:30.866+0000] {processor.py:186} INFO - Started process (PID=521) to work on /home/airflow/.local/lib/python3.12/site-packages/airflow/example_dags/example_bash_operator.py
[2025-04-09T22:47:30.866+0000] {processor.py:914} INFO - Processing file /home/airflow/.local/lib/python3.12/site-packages/airflow/example_dags/example_bash_operator.py for tasks to queue
[2025-04-09T22:47:30.868+0000] {logging_mixin.py:190} INFO - [2025-04-09T22:47:30.867+0000] {dagbag.py:588} INFO - Filling up the DagBag from /home/airflow/.local/lib/python3.12/site-packages/airflow/example_dags/example_bash_operator.py
[2025-04-09T22:47:30.874+0000] {processor.py:925} INFO - DAG(s) 'example_bash_operator' retrieved from /home/airflow/.local/lib/python3.12/site-packages/airflow/example_dags/example_bash_operator.py
[2025-04-09T22:47:30.887+0000] {logging_mixin.py:190} INFO - [2025-04-09T22:47:30.887+0000] {dag.py:3239} INFO - Sync 1 DAGs
[2025-04-09T22:47:30.899+0000] {logging_mixin.py:190} INFO - [2025-04-09T22:47:30.899+0000] {dag.py:4180} INFO - Setting next_dagrun for example_bash_operator to 2025-04-08 00:00:00+00:00, run_after=2025-04-09 00:00:00+00:00
[2025-04-09T22:47:30.909+0000] {processor.py:208} INFO - Processing /home/airflow/.local/lib/python3.12/site-packages/airflow/example_dags/example_bash_operator.py took 0.046 seconds
[2025-04-09T22:48:01.309+0000] {processor.py:186} INFO - Started process (PID=585) to work on /home/airflow/.local/lib/python3.12/site-packages/airflow/example_dags/example_bash_operator.py
[2025-04-09T22:48:01.310+0000] {processor.py:914} INFO - Processing file /home/airflow/.local/lib/python3.12/site-packages/airflow/example_dags/example_bash_operator.py for tasks to queue
[2025-04-09T22:48:01.311+0000] {logging_mixin.py:190} INFO - [2025-04-09T22:48:01.311+0000] {dagbag.py:588} INFO - Filling up the DagBag from /home/airflow/.local/lib/python3.12/site-packages/airflow/example_dags/example_bash_operator.py
[2025-04-09T22:48:01.325+0000] {processor.py:925} INFO - DAG(s) 'example_bash_operator' retrieved from /home/airflow/.local/lib/python3.12/site-packages/airflow/example_dags/example_bash_operator.py
[2025-04-09T22:48:01.339+0000] {logging_mixin.py:190} INFO - [2025-04-09T22:48:01.339+0000] {dag.py:3239} INFO - Sync 1 DAGs
[2025-04-09T22:48:01.353+0000] {logging_mixin.py:190} INFO - [2025-04-09T22:48:01.353+0000] {dag.py:4180} INFO - Setting next_dagrun for example_bash_operator to 2025-04-08 00:00:00+00:00, run_after=2025-04-09 00:00:00+00:00
[2025-04-09T22:48:01.362+0000] {processor.py:208} INFO - Processing /home/airflow/.local/lib/python3.12/site-packages/airflow/example_dags/example_bash_operator.py took 0.056 seconds
[2025-04-09T22:48:31.843+0000] {processor.py:186} INFO - Started process (PID=649) to work on /home/airflow/.local/lib/python3.12/site-packages/airflow/example_dags/example_bash_operator.py
[2025-04-09T22:48:31.844+0000] {processor.py:914} INFO - Processing file /home/airflow/.local/lib/python3.12/site-packages/airflow/example_dags/example_bash_operator.py for tasks to queue
[2025-04-09T22:48:31.846+0000] {logging_mixin.py:190} INFO - [2025-04-09T22:48:31.845+0000] {dagbag.py:588} INFO - Filling up the DagBag from /home/airflow/.local/lib/python3.12/site-packages/airflow/example_dags/example_bash_operator.py
[2025-04-09T22:48:31.852+0000] {processor.py:925} INFO - DAG(s) 'example_bash_operator' retrieved from /home/airflow/.local/lib/python3.12/site-packages/airflow/example_dags/example_bash_operator.py
[2025-04-09T22:48:31.865+0000] {logging_mixin.py:190} INFO - [2025-04-09T22:48:31.865+0000] {dag.py:3239} INFO - Sync 1 DAGs
[2025-04-09T22:48:31.879+0000] {logging_mixin.py:190} INFO - [2025-04-09T22:48:31.878+0000] {dag.py:4180} INFO - Setting next_dagrun for example_bash_operator to 2025-04-08 00:00:00+00:00, run_after=2025-04-09 00:00:00+00:00
[2025-04-09T22:48:31.892+0000] {processor.py:208} INFO - Processing /home/airflow/.local/lib/python3.12/site-packages/airflow/example_dags/example_bash_operator.py took 0.052 seconds
[2025-04-09T22:49:02.994+0000] {processor.py:186} INFO - Started process (PID=713) to work on /home/airflow/.local/lib/python3.12/site-packages/airflow/example_dags/example_bash_operator.py
[2025-04-09T22:49:02.997+0000] {processor.py:914} INFO - Processing file /home/airflow/.local/lib/python3.12/site-packages/airflow/example_dags/example_bash_operator.py for tasks to queue
[2025-04-09T22:49:02.999+0000] {logging_mixin.py:190} INFO - [2025-04-09T22:49:02.998+0000] {dagbag.py:588} INFO - Filling up the DagBag from /home/airflow/.local/lib/python3.12/site-packages/airflow/example_dags/example_bash_operator.py
[2025-04-09T22:49:03.005+0000] {processor.py:925} INFO - DAG(s) 'example_bash_operator' retrieved from /home/airflow/.local/lib/python3.12/site-packages/airflow/example_dags/example_bash_operator.py
[2025-04-09T22:49:03.018+0000] {logging_mixin.py:190} INFO - [2025-04-09T22:49:03.018+0000] {dag.py:3239} INFO - Sync 1 DAGs
[2025-04-09T22:49:03.027+0000] {logging_mixin.py:190} INFO - [2025-04-09T22:49:03.027+0000] {dag.py:4180} INFO - Setting next_dagrun for example_bash_operator to 2025-04-08 00:00:00+00:00, run_after=2025-04-09 00:00:00+00:00
[2025-04-09T22:49:03.037+0000] {processor.py:208} INFO - Processing /home/airflow/.local/lib/python3.12/site-packages/airflow/example_dags/example_bash_operator.py took 0.046 seconds
[2025-04-09T22:49:33.150+0000] {processor.py:186} INFO - Started process (PID=777) to work on /home/airflow/.local/lib/python3.12/site-packages/airflow/example_dags/example_bash_operator.py
[2025-04-09T22:49:33.150+0000] {processor.py:914} INFO - Processing file /home/airflow/.local/lib/python3.12/site-packages/airflow/example_dags/example_bash_operator.py for tasks to queue
[2025-04-09T22:49:33.151+0000] {logging_mixin.py:190} INFO - [2025-04-09T22:49:33.151+0000] {dagbag.py:588} INFO - Filling up the DagBag from /home/airflow/.local/lib/python3.12/site-packages/airflow/example_dags/example_bash_operator.py
[2025-04-09T22:49:33.159+0000] {processor.py:925} INFO - DAG(s) 'example_bash_operator' retrieved from /home/airflow/.local/lib/python3.12/site-packages/airflow/example_dags/example_bash_operator.py
[2025-04-09T22:49:33.173+0000] {logging_mixin.py:190} INFO - [2025-04-09T22:49:33.172+0000] {dag.py:3239} INFO - Sync 1 DAGs
[2025-04-09T22:49:33.183+0000] {logging_mixin.py:190} INFO - [2025-04-09T22:49:33.183+0000] {dag.py:4180} INFO - Setting next_dagrun for example_bash_operator to 2025-04-08 00:00:00+00:00, run_after=2025-04-09 00:00:00+00:00
[2025-04-09T22:49:33.193+0000] {processor.py:208} INFO - Processing /home/airflow/.local/lib/python3.12/site-packages/airflow/example_dags/example_bash_operator.py took 0.046 seconds
[2025-04-09T22:50:03.372+0000] {processor.py:186} INFO - Started process (PID=841) to work on /home/airflow/.local/lib/python3.12/site-packages/airflow/example_dags/example_bash_operator.py
[2025-04-09T22:50:03.372+0000] {processor.py:914} INFO - Processing file /home/airflow/.local/lib/python3.12/site-packages/airflow/example_dags/example_bash_operator.py for tasks to queue
[2025-04-09T22:50:03.374+0000] {logging_mixin.py:190} INFO - [2025-04-09T22:50:03.374+0000] {dagbag.py:588} INFO - Filling up the DagBag from /home/airflow/.local/lib/python3.12/site-packages/airflow/example_dags/example_bash_operator.py
[2025-04-09T22:50:03.381+0000] {processor.py:925} INFO - DAG(s) 'example_bash_operator' retrieved from /home/airflow/.local/lib/python3.12/site-packages/airflow/example_dags/example_bash_operator.py
[2025-04-09T22:50:03.392+0000] {logging_mixin.py:190} INFO - [2025-04-09T22:50:03.392+0000] {dag.py:3239} INFO - Sync 1 DAGs
[2025-04-09T22:50:03.405+0000] {logging_mixin.py:190} INFO - [2025-04-09T22:50:03.405+0000] {dag.py:4180} INFO - Setting next_dagrun for example_bash_operator to 2025-04-08 00:00:00+00:00, run_after=2025-04-09 00:00:00+00:00
[2025-04-09T22:50:03.413+0000] {processor.py:208} INFO - Processing /home/airflow/.local/lib/python3.12/site-packages/airflow/example_dags/example_bash_operator.py took 0.045 seconds
[2025-04-09T22:50:33.613+0000] {processor.py:186} INFO - Started process (PID=905) to work on /home/airflow/.local/lib/python3.12/site-packages/airflow/example_dags/example_bash_operator.py
[2025-04-09T22:50:33.613+0000] {processor.py:914} INFO - Processing file /home/airflow/.local/lib/python3.12/site-packages/airflow/example_dags/example_bash_operator.py for tasks to queue
[2025-04-09T22:50:33.614+0000] {logging_mixin.py:190} INFO - [2025-04-09T22:50:33.614+0000] {dagbag.py:588} INFO - Filling up the DagBag from /home/airflow/.local/lib/python3.12/site-packages/airflow/example_dags/example_bash_operator.py
[2025-04-09T22:50:33.621+0000] {processor.py:925} INFO - DAG(s) 'example_bash_operator' retrieved from /home/airflow/.local/lib/python3.12/site-packages/airflow/example_dags/example_bash_operator.py
[2025-04-09T22:50:33.632+0000] {logging_mixin.py:190} INFO - [2025-04-09T22:50:33.632+0000] {dag.py:3239} INFO - Sync 1 DAGs
[2025-04-09T22:50:33.643+0000] {logging_mixin.py:190} INFO - [2025-04-09T22:50:33.643+0000] {dag.py:4180} INFO - Setting next_dagrun for example_bash_operator to 2025-04-08 00:00:00+00:00, run_after=2025-04-09 00:00:00+00:00
[2025-04-09T22:50:33.650+0000] {processor.py:208} INFO - Processing /home/airflow/.local/lib/python3.12/site-packages/airflow/example_dags/example_bash_operator.py took 0.040 seconds
[2025-04-09T22:51:04.684+0000] {processor.py:186} INFO - Started process (PID=969) to work on /home/airflow/.local/lib/python3.12/site-packages/airflow/example_dags/example_bash_operator.py
[2025-04-09T22:51:04.684+0000] {processor.py:914} INFO - Processing file /home/airflow/.local/lib/python3.12/site-packages/airflow/example_dags/example_bash_operator.py for tasks to queue
[2025-04-09T22:51:04.685+0000] {logging_mixin.py:190} INFO - [2025-04-09T22:51:04.685+0000] {dagbag.py:588} INFO - Filling up the DagBag from /home/airflow/.local/lib/python3.12/site-packages/airflow/example_dags/example_bash_operator.py
[2025-04-09T22:51:04.694+0000] {processor.py:925} INFO - DAG(s) 'example_bash_operator' retrieved from /home/airflow/.local/lib/python3.12/site-packages/airflow/example_dags/example_bash_operator.py
[2025-04-09T22:51:04.706+0000] {logging_mixin.py:190} INFO - [2025-04-09T22:51:04.706+0000] {dag.py:3239} INFO - Sync 1 DAGs
[2025-04-09T22:51:04.717+0000] {logging_mixin.py:190} INFO - [2025-04-09T22:51:04.717+0000] {dag.py:4180} INFO - Setting next_dagrun for example_bash_operator to 2025-04-08 00:00:00+00:00, run_after=2025-04-09 00:00:00+00:00
[2025-04-09T22:51:04.723+0000] {processor.py:208} INFO - Processing /home/airflow/.local/lib/python3.12/site-packages/airflow/example_dags/example_bash_operator.py took 0.043 seconds
[2025-04-09T22:51:34.810+0000] {processor.py:186} INFO - Started process (PID=1033) to work on /home/airflow/.local/lib/python3.12/site-packages/airflow/example_dags/example_bash_operator.py
[2025-04-09T22:51:34.811+0000] {processor.py:914} INFO - Processing file /home/airflow/.local/lib/python3.12/site-packages/airflow/example_dags/example_bash_operator.py for tasks to queue
[2025-04-09T22:51:34.812+0000] {logging_mixin.py:190} INFO - [2025-04-09T22:51:34.812+0000] {dagbag.py:588} INFO - Filling up the DagBag from /home/airflow/.local/lib/python3.12/site-packages/airflow/example_dags/example_bash_operator.py
[2025-04-09T22:51:34.818+0000] {processor.py:925} INFO - DAG(s) 'example_bash_operator' retrieved from /home/airflow/.local/lib/python3.12/site-packages/airflow/example_dags/example_bash_operator.py
[2025-04-09T22:51:34.832+0000] {logging_mixin.py:190} INFO - [2025-04-09T22:51:34.832+0000] {dag.py:3239} INFO - Sync 1 DAGs
[2025-04-09T22:51:34.842+0000] {logging_mixin.py:190} INFO - [2025-04-09T22:51:34.842+0000] {dag.py:4180} INFO - Setting next_dagrun for example_bash_operator to 2025-04-08 00:00:00+00:00, run_after=2025-04-09 00:00:00+00:00
[2025-04-09T22:51:34.849+0000] {processor.py:208} INFO - Processing /home/airflow/.local/lib/python3.12/site-packages/airflow/example_dags/example_bash_operator.py took 0.041 seconds
[2025-04-09T22:52:04.993+0000] {processor.py:186} INFO - Started process (PID=1097) to work on /home/airflow/.local/lib/python3.12/site-packages/airflow/example_dags/example_bash_operator.py
[2025-04-09T22:52:04.994+0000] {processor.py:914} INFO - Processing file /home/airflow/.local/lib/python3.12/site-packages/airflow/example_dags/example_bash_operator.py for tasks to queue
[2025-04-09T22:52:04.995+0000] {logging_mixin.py:190} INFO - [2025-04-09T22:52:04.995+0000] {dagbag.py:588} INFO - Filling up the DagBag from /home/airflow/.local/lib/python3.12/site-packages/airflow/example_dags/example_bash_operator.py
[2025-04-09T22:52:05.001+0000] {processor.py:925} INFO - DAG(s) 'example_bash_operator' retrieved from /home/airflow/.local/lib/python3.12/site-packages/airflow/example_dags/example_bash_operator.py
[2025-04-09T22:52:05.012+0000] {logging_mixin.py:190} INFO - [2025-04-09T22:52:05.012+0000] {dag.py:3239} INFO - Sync 1 DAGs
[2025-04-09T22:52:05.023+0000] {logging_mixin.py:190} INFO - [2025-04-09T22:52:05.023+0000] {dag.py:4180} INFO - Setting next_dagrun for example_bash_operator to 2025-04-08 00:00:00+00:00, run_after=2025-04-09 00:00:00+00:00
[2025-04-09T22:52:05.029+0000] {processor.py:208} INFO - Processing /home/airflow/.local/lib/python3.12/site-packages/airflow/example_dags/example_bash_operator.py took 0.039 seconds
[2025-04-09T22:52:35.323+0000] {processor.py:186} INFO - Started process (PID=1161) to work on /home/airflow/.local/lib/python3.12/site-packages/airflow/example_dags/example_bash_operator.py
[2025-04-09T22:52:35.324+0000] {processor.py:914} INFO - Processing file /home/airflow/.local/lib/python3.12/site-packages/airflow/example_dags/example_bash_operator.py for tasks to queue
[2025-04-09T22:52:35.325+0000] {logging_mixin.py:190} INFO - [2025-04-09T22:52:35.325+0000] {dagbag.py:588} INFO - Filling up the DagBag from /home/airflow/.local/lib/python3.12/site-packages/airflow/example_dags/example_bash_operator.py
[2025-04-09T22:52:35.332+0000] {processor.py:925} INFO - DAG(s) 'example_bash_operator' retrieved from /home/airflow/.local/lib/python3.12/site-packages/airflow/example_dags/example_bash_operator.py
[2025-04-09T22:52:35.347+0000] {logging_mixin.py:190} INFO - [2025-04-09T22:52:35.347+0000] {dag.py:3239} INFO - Sync 1 DAGs
[2025-04-09T22:52:35.360+0000] {logging_mixin.py:190} INFO - [2025-04-09T22:52:35.360+0000] {dag.py:4180} INFO - Setting next_dagrun for example_bash_operator to 2025-04-08 00:00:00+00:00, run_after=2025-04-09 00:00:00+00:00
[2025-04-09T22:52:35.369+0000] {processor.py:208} INFO - Processing /home/airflow/.local/lib/python3.12/site-packages/airflow/example_dags/example_bash_operator.py took 0.049 seconds
[2025-04-09T22:53:05.512+0000] {processor.py:186} INFO - Started process (PID=1225) to work on /home/airflow/.local/lib/python3.12/site-packages/airflow/example_dags/example_bash_operator.py
[2025-04-09T22:53:05.513+0000] {processor.py:914} INFO - Processing file /home/airflow/.local/lib/python3.12/site-packages/airflow/example_dags/example_bash_operator.py for tasks to queue
[2025-04-09T22:53:05.514+0000] {logging_mixin.py:190} INFO - [2025-04-09T22:53:05.514+0000] {dagbag.py:588} INFO - Filling up the DagBag from /home/airflow/.local/lib/python3.12/site-packages/airflow/example_dags/example_bash_operator.py
[2025-04-09T22:53:05.520+0000] {processor.py:925} INFO - DAG(s) 'example_bash_operator' retrieved from /home/airflow/.local/lib/python3.12/site-packages/airflow/example_dags/example_bash_operator.py
[2025-04-09T22:53:05.531+0000] {logging_mixin.py:190} INFO - [2025-04-09T22:53:05.531+0000] {dag.py:3239} INFO - Sync 1 DAGs
[2025-04-09T22:53:05.542+0000] {logging_mixin.py:190} INFO - [2025-04-09T22:53:05.541+0000] {dag.py:4180} INFO - Setting next_dagrun for example_bash_operator to 2025-04-08 00:00:00+00:00, run_after=2025-04-09 00:00:00+00:00
[2025-04-09T22:53:05.548+0000] {processor.py:208} INFO - Processing /home/airflow/.local/lib/python3.12/site-packages/airflow/example_dags/example_bash_operator.py took 0.039 seconds
[2025-04-09T22:53:36.368+0000] {processor.py:186} INFO - Started process (PID=1289) to work on /home/airflow/.local/lib/python3.12/site-packages/airflow/example_dags/example_bash_operator.py
[2025-04-09T22:53:36.368+0000] {processor.py:914} INFO - Processing file /home/airflow/.local/lib/python3.12/site-packages/airflow/example_dags/example_bash_operator.py for tasks to queue
[2025-04-09T22:53:36.369+0000] {logging_mixin.py:190} INFO - [2025-04-09T22:53:36.369+0000] {dagbag.py:588} INFO - Filling up the DagBag from /home/airflow/.local/lib/python3.12/site-packages/airflow/example_dags/example_bash_operator.py
[2025-04-09T22:53:36.376+0000] {processor.py:925} INFO - DAG(s) 'example_bash_operator' retrieved from /home/airflow/.local/lib/python3.12/site-packages/airflow/example_dags/example_bash_operator.py
[2025-04-09T22:53:36.387+0000] {logging_mixin.py:190} INFO - [2025-04-09T22:53:36.387+0000] {dag.py:3239} INFO - Sync 1 DAGs
[2025-04-09T22:53:36.397+0000] {logging_mixin.py:190} INFO - [2025-04-09T22:53:36.397+0000] {dag.py:4180} INFO - Setting next_dagrun for example_bash_operator to 2025-04-08 00:00:00+00:00, run_after=2025-04-09 00:00:00+00:00
[2025-04-09T22:53:36.405+0000] {processor.py:208} INFO - Processing /home/airflow/.local/lib/python3.12/site-packages/airflow/example_dags/example_bash_operator.py took 0.040 seconds
[2025-04-09T22:54:06.648+0000] {processor.py:186} INFO - Started process (PID=1353) to work on /home/airflow/.local/lib/python3.12/site-packages/airflow/example_dags/example_bash_operator.py
[2025-04-09T22:54:06.651+0000] {processor.py:914} INFO - Processing file /home/airflow/.local/lib/python3.12/site-packages/airflow/example_dags/example_bash_operator.py for tasks to queue
[2025-04-09T22:54:06.652+0000] {logging_mixin.py:190} INFO - [2025-04-09T22:54:06.652+0000] {dagbag.py:588} INFO - Filling up the DagBag from /home/airflow/.local/lib/python3.12/site-packages/airflow/example_dags/example_bash_operator.py
[2025-04-09T22:54:06.660+0000] {processor.py:925} INFO - DAG(s) 'example_bash_operator' retrieved from /home/airflow/.local/lib/python3.12/site-packages/airflow/example_dags/example_bash_operator.py
[2025-04-09T22:54:06.674+0000] {logging_mixin.py:190} INFO - [2025-04-09T22:54:06.674+0000] {dag.py:3239} INFO - Sync 1 DAGs
[2025-04-09T22:54:06.685+0000] {logging_mixin.py:190} INFO - [2025-04-09T22:54:06.685+0000] {dag.py:4180} INFO - Setting next_dagrun for example_bash_operator to 2025-04-08 00:00:00+00:00, run_after=2025-04-09 00:00:00+00:00
[2025-04-09T22:54:06.695+0000] {processor.py:208} INFO - Processing /home/airflow/.local/lib/python3.12/site-packages/airflow/example_dags/example_bash_operator.py took 0.050 seconds
[2025-04-09T22:54:37.131+0000] {processor.py:186} INFO - Started process (PID=1417) to work on /home/airflow/.local/lib/python3.12/site-packages/airflow/example_dags/example_bash_operator.py
[2025-04-09T22:54:37.131+0000] {processor.py:914} INFO - Processing file /home/airflow/.local/lib/python3.12/site-packages/airflow/example_dags/example_bash_operator.py for tasks to queue
[2025-04-09T22:54:37.133+0000] {logging_mixin.py:190} INFO - [2025-04-09T22:54:37.133+0000] {dagbag.py:588} INFO - Filling up the DagBag from /home/airflow/.local/lib/python3.12/site-packages/airflow/example_dags/example_bash_operator.py
[2025-04-09T22:54:37.140+0000] {processor.py:925} INFO - DAG(s) 'example_bash_operator' retrieved from /home/airflow/.local/lib/python3.12/site-packages/airflow/example_dags/example_bash_operator.py
[2025-04-09T22:54:37.152+0000] {logging_mixin.py:190} INFO - [2025-04-09T22:54:37.152+0000] {dag.py:3239} INFO - Sync 1 DAGs
[2025-04-09T22:54:37.163+0000] {logging_mixin.py:190} INFO - [2025-04-09T22:54:37.163+0000] {dag.py:4180} INFO - Setting next_dagrun for example_bash_operator to 2025-04-08 00:00:00+00:00, run_after=2025-04-09 00:00:00+00:00
[2025-04-09T22:54:37.174+0000] {processor.py:208} INFO - Processing /home/airflow/.local/lib/python3.12/site-packages/airflow/example_dags/example_bash_operator.py took 0.047 seconds
[2025-04-09T23:03:42.408+0000] {processor.py:186} INFO - Started process (PID=2569) to work on /home/airflow/.local/lib/python3.12/site-packages/airflow/example_dags/example_bash_operator.py
[2025-04-09T23:03:42.408+0000] {processor.py:914} INFO - Processing file /home/airflow/.local/lib/python3.12/site-packages/airflow/example_dags/example_bash_operator.py for tasks to queue
[2025-04-09T23:03:42.409+0000] {logging_mixin.py:190} INFO - [2025-04-09T23:03:42.409+0000] {dagbag.py:588} INFO - Filling up the DagBag from /home/airflow/.local/lib/python3.12/site-packages/airflow/example_dags/example_bash_operator.py
[2025-04-09T23:03:42.416+0000] {processor.py:925} INFO - DAG(s) 'example_bash_operator' retrieved from /home/airflow/.local/lib/python3.12/site-packages/airflow/example_dags/example_bash_operator.py
[2025-04-09T23:03:42.428+0000] {logging_mixin.py:190} INFO - [2025-04-09T23:03:42.428+0000] {dag.py:3239} INFO - Sync 1 DAGs
[2025-04-09T23:03:42.441+0000] {logging_mixin.py:190} INFO - [2025-04-09T23:03:42.441+0000] {dag.py:4180} INFO - Setting next_dagrun for example_bash_operator to 2025-04-08 00:00:00+00:00, run_after=2025-04-09 00:00:00+00:00
[2025-04-09T23:03:42.450+0000] {processor.py:208} INFO - Processing /home/airflow/.local/lib/python3.12/site-packages/airflow/example_dags/example_bash_operator.py took 0.045 seconds
[2025-04-09T23:04:12.705+0000] {processor.py:186} INFO - Started process (PID=2633) to work on /home/airflow/.local/lib/python3.12/site-packages/airflow/example_dags/example_bash_operator.py
[2025-04-09T23:04:12.705+0000] {processor.py:914} INFO - Processing file /home/airflow/.local/lib/python3.12/site-packages/airflow/example_dags/example_bash_operator.py for tasks to queue
[2025-04-09T23:04:12.707+0000] {logging_mixin.py:190} INFO - [2025-04-09T23:04:12.706+0000] {dagbag.py:588} INFO - Filling up the DagBag from /home/airflow/.local/lib/python3.12/site-packages/airflow/example_dags/example_bash_operator.py
[2025-04-09T23:04:12.713+0000] {processor.py:925} INFO - DAG(s) 'example_bash_operator' retrieved from /home/airflow/.local/lib/python3.12/site-packages/airflow/example_dags/example_bash_operator.py
[2025-04-09T23:04:12.724+0000] {logging_mixin.py:190} INFO - [2025-04-09T23:04:12.724+0000] {dag.py:3239} INFO - Sync 1 DAGs
[2025-04-09T23:04:12.734+0000] {logging_mixin.py:190} INFO - [2025-04-09T23:04:12.734+0000] {dag.py:4180} INFO - Setting next_dagrun for example_bash_operator to 2025-04-08 00:00:00+00:00, run_after=2025-04-09 00:00:00+00:00
[2025-04-09T23:04:12.742+0000] {processor.py:208} INFO - Processing /home/airflow/.local/lib/python3.12/site-packages/airflow/example_dags/example_bash_operator.py took 0.041 seconds
[2025-04-09T23:04:43.166+0000] {processor.py:186} INFO - Started process (PID=2697) to work on /home/airflow/.local/lib/python3.12/site-packages/airflow/example_dags/example_bash_operator.py
[2025-04-09T23:04:43.166+0000] {processor.py:914} INFO - Processing file /home/airflow/.local/lib/python3.12/site-packages/airflow/example_dags/example_bash_operator.py for tasks to queue
[2025-04-09T23:04:43.167+0000] {logging_mixin.py:190} INFO - [2025-04-09T23:04:43.167+0000] {dagbag.py:588} INFO - Filling up the DagBag from /home/airflow/.local/lib/python3.12/site-packages/airflow/example_dags/example_bash_operator.py
[2025-04-09T23:04:43.175+0000] {processor.py:925} INFO - DAG(s) 'example_bash_operator' retrieved from /home/airflow/.local/lib/python3.12/site-packages/airflow/example_dags/example_bash_operator.py
[2025-04-09T23:04:43.188+0000] {logging_mixin.py:190} INFO - [2025-04-09T23:04:43.188+0000] {dag.py:3239} INFO - Sync 1 DAGs
[2025-04-09T23:04:43.200+0000] {logging_mixin.py:190} INFO - [2025-04-09T23:04:43.200+0000] {dag.py:4180} INFO - Setting next_dagrun for example_bash_operator to 2025-04-08 00:00:00+00:00, run_after=2025-04-09 00:00:00+00:00
[2025-04-09T23:04:43.209+0000] {processor.py:208} INFO - Processing /home/airflow/.local/lib/python3.12/site-packages/airflow/example_dags/example_bash_operator.py took 0.046 seconds
[2025-04-09T23:05:13.254+0000] {processor.py:186} INFO - Started process (PID=2761) to work on /home/airflow/.local/lib/python3.12/site-packages/airflow/example_dags/example_bash_operator.py
[2025-04-09T23:05:13.255+0000] {processor.py:914} INFO - Processing file /home/airflow/.local/lib/python3.12/site-packages/airflow/example_dags/example_bash_operator.py for tasks to queue
[2025-04-09T23:05:13.256+0000] {logging_mixin.py:190} INFO - [2025-04-09T23:05:13.256+0000] {dagbag.py:588} INFO - Filling up the DagBag from /home/airflow/.local/lib/python3.12/site-packages/airflow/example_dags/example_bash_operator.py
[2025-04-09T23:05:13.263+0000] {processor.py:925} INFO - DAG(s) 'example_bash_operator' retrieved from /home/airflow/.local/lib/python3.12/site-packages/airflow/example_dags/example_bash_operator.py
[2025-04-09T23:05:13.275+0000] {logging_mixin.py:190} INFO - [2025-04-09T23:05:13.275+0000] {dag.py:3239} INFO - Sync 1 DAGs
[2025-04-09T23:05:13.285+0000] {logging_mixin.py:190} INFO - [2025-04-09T23:05:13.285+0000] {dag.py:4180} INFO - Setting next_dagrun for example_bash_operator to 2025-04-08 00:00:00+00:00, run_after=2025-04-09 00:00:00+00:00
[2025-04-09T23:05:13.292+0000] {processor.py:208} INFO - Processing /home/airflow/.local/lib/python3.12/site-packages/airflow/example_dags/example_bash_operator.py took 0.041 seconds
[2025-04-09T23:05:43.449+0000] {processor.py:186} INFO - Started process (PID=2825) to work on /home/airflow/.local/lib/python3.12/site-packages/airflow/example_dags/example_bash_operator.py
[2025-04-09T23:05:43.450+0000] {processor.py:914} INFO - Processing file /home/airflow/.local/lib/python3.12/site-packages/airflow/example_dags/example_bash_operator.py for tasks to queue
[2025-04-09T23:05:43.452+0000] {logging_mixin.py:190} INFO - [2025-04-09T23:05:43.452+0000] {dagbag.py:588} INFO - Filling up the DagBag from /home/airflow/.local/lib/python3.12/site-packages/airflow/example_dags/example_bash_operator.py
[2025-04-09T23:05:43.459+0000] {processor.py:925} INFO - DAG(s) 'example_bash_operator' retrieved from /home/airflow/.local/lib/python3.12/site-packages/airflow/example_dags/example_bash_operator.py
[2025-04-09T23:05:43.472+0000] {logging_mixin.py:190} INFO - [2025-04-09T23:05:43.472+0000] {dag.py:3239} INFO - Sync 1 DAGs
[2025-04-09T23:05:43.482+0000] {logging_mixin.py:190} INFO - [2025-04-09T23:05:43.482+0000] {dag.py:4180} INFO - Setting next_dagrun for example_bash_operator to 2025-04-08 00:00:00+00:00, run_after=2025-04-09 00:00:00+00:00
[2025-04-09T23:05:43.490+0000] {processor.py:208} INFO - Processing /home/airflow/.local/lib/python3.12/site-packages/airflow/example_dags/example_bash_operator.py took 0.044 seconds
[2025-04-09T23:06:13.672+0000] {processor.py:186} INFO - Started process (PID=2889) to work on /home/airflow/.local/lib/python3.12/site-packages/airflow/example_dags/example_bash_operator.py
[2025-04-09T23:06:13.675+0000] {processor.py:914} INFO - Processing file /home/airflow/.local/lib/python3.12/site-packages/airflow/example_dags/example_bash_operator.py for tasks to queue
[2025-04-09T23:06:13.676+0000] {logging_mixin.py:190} INFO - [2025-04-09T23:06:13.676+0000] {dagbag.py:588} INFO - Filling up the DagBag from /home/airflow/.local/lib/python3.12/site-packages/airflow/example_dags/example_bash_operator.py
[2025-04-09T23:06:13.682+0000] {processor.py:925} INFO - DAG(s) 'example_bash_operator' retrieved from /home/airflow/.local/lib/python3.12/site-packages/airflow/example_dags/example_bash_operator.py
[2025-04-09T23:06:13.698+0000] {logging_mixin.py:190} INFO - [2025-04-09T23:06:13.698+0000] {dag.py:3239} INFO - Sync 1 DAGs
[2025-04-09T23:06:13.709+0000] {logging_mixin.py:190} INFO - [2025-04-09T23:06:13.709+0000] {dag.py:4180} INFO - Setting next_dagrun for example_bash_operator to 2025-04-08 00:00:00+00:00, run_after=2025-04-09 00:00:00+00:00
[2025-04-09T23:06:13.720+0000] {processor.py:208} INFO - Processing /home/airflow/.local/lib/python3.12/site-packages/airflow/example_dags/example_bash_operator.py took 0.051 seconds
[2025-04-09T23:06:43.798+0000] {processor.py:186} INFO - Started process (PID=2953) to work on /home/airflow/.local/lib/python3.12/site-packages/airflow/example_dags/example_bash_operator.py
[2025-04-09T23:06:43.799+0000] {processor.py:914} INFO - Processing file /home/airflow/.local/lib/python3.12/site-packages/airflow/example_dags/example_bash_operator.py for tasks to queue
[2025-04-09T23:06:43.800+0000] {logging_mixin.py:190} INFO - [2025-04-09T23:06:43.800+0000] {dagbag.py:588} INFO - Filling up the DagBag from /home/airflow/.local/lib/python3.12/site-packages/airflow/example_dags/example_bash_operator.py
[2025-04-09T23:06:43.807+0000] {processor.py:925} INFO - DAG(s) 'example_bash_operator' retrieved from /home/airflow/.local/lib/python3.12/site-packages/airflow/example_dags/example_bash_operator.py
[2025-04-09T23:06:43.819+0000] {logging_mixin.py:190} INFO - [2025-04-09T23:06:43.819+0000] {dag.py:3239} INFO - Sync 1 DAGs
[2025-04-09T23:06:43.829+0000] {logging_mixin.py:190} INFO - [2025-04-09T23:06:43.829+0000] {dag.py:4180} INFO - Setting next_dagrun for example_bash_operator to 2025-04-08 00:00:00+00:00, run_after=2025-04-09 00:00:00+00:00
[2025-04-09T23:06:43.840+0000] {processor.py:208} INFO - Processing /home/airflow/.local/lib/python3.12/site-packages/airflow/example_dags/example_bash_operator.py took 0.045 seconds
