[2025-04-09T22:43:59.672+0000] {processor.py:186} INFO - Started process (PID=95) to work on /home/airflow/.local/lib/python3.12/site-packages/airflow/example_dags/example_external_task_marker_dag.py
[2025-04-09T22:43:59.673+0000] {processor.py:914} INFO - Processing file /home/airflow/.local/lib/python3.12/site-packages/airflow/example_dags/example_external_task_marker_dag.py for tasks to queue
[2025-04-09T22:43:59.675+0000] {logging_mixin.py:190} INFO - [2025-04-09T22:43:59.674+0000] {dagbag.py:588} INFO - Filling up the DagBag from /home/airflow/.local/lib/python3.12/site-packages/airflow/example_dags/example_external_task_marker_dag.py
[2025-04-09T22:43:59.681+0000] {processor.py:925} INFO - DAG(s) 'example_external_task_marker_child', 'example_external_task_marker_parent' retrieved from /home/airflow/.local/lib/python3.12/site-packages/airflow/example_dags/example_external_task_marker_dag.py
[2025-04-09T22:43:59.702+0000] {logging_mixin.py:190} INFO - [2025-04-09T22:43:59.700+0000] {dag.py:3239} INFO - Sync 2 DAGs
[2025-04-09T22:43:59.739+0000] {logging_mixin.py:190} INFO - [2025-04-09T22:43:59.738+0000] {dag.py:4180} INFO - Setting next_dagrun for example_external_task_marker_child to None, run_after=None
[2025-04-09T22:43:59.743+0000] {logging_mixin.py:190} INFO - [2025-04-09T22:43:59.743+0000] {dag.py:4180} INFO - Setting next_dagrun for example_external_task_marker_parent to None, run_after=None
[2025-04-09T22:43:59.781+0000] {processor.py:208} INFO - Processing /home/airflow/.local/lib/python3.12/site-packages/airflow/example_dags/example_external_task_marker_dag.py took 0.113 seconds
[2025-04-09T22:44:30.058+0000] {processor.py:186} INFO - Started process (PID=163) to work on /home/airflow/.local/lib/python3.12/site-packages/airflow/example_dags/example_external_task_marker_dag.py
[2025-04-09T22:44:30.059+0000] {processor.py:914} INFO - Processing file /home/airflow/.local/lib/python3.12/site-packages/airflow/example_dags/example_external_task_marker_dag.py for tasks to queue
[2025-04-09T22:44:30.060+0000] {logging_mixin.py:190} INFO - [2025-04-09T22:44:30.060+0000] {dagbag.py:588} INFO - Filling up the DagBag from /home/airflow/.local/lib/python3.12/site-packages/airflow/example_dags/example_external_task_marker_dag.py
[2025-04-09T22:44:30.064+0000] {processor.py:925} INFO - DAG(s) 'example_external_task_marker_parent', 'example_external_task_marker_child' retrieved from /home/airflow/.local/lib/python3.12/site-packages/airflow/example_dags/example_external_task_marker_dag.py
[2025-04-09T22:44:30.074+0000] {logging_mixin.py:190} INFO - [2025-04-09T22:44:30.074+0000] {dag.py:3239} INFO - Sync 2 DAGs
[2025-04-09T22:44:30.080+0000] {logging_mixin.py:190} INFO - [2025-04-09T22:44:30.080+0000] {dag.py:4180} INFO - Setting next_dagrun for example_external_task_marker_child to None, run_after=None
[2025-04-09T22:44:30.082+0000] {logging_mixin.py:190} INFO - [2025-04-09T22:44:30.082+0000] {dag.py:4180} INFO - Setting next_dagrun for example_external_task_marker_parent to None, run_after=None
[2025-04-09T22:44:30.088+0000] {processor.py:208} INFO - Processing /home/airflow/.local/lib/python3.12/site-packages/airflow/example_dags/example_external_task_marker_dag.py took 0.032 seconds
[2025-04-09T22:45:01.133+0000] {processor.py:186} INFO - Started process (PID=227) to work on /home/airflow/.local/lib/python3.12/site-packages/airflow/example_dags/example_external_task_marker_dag.py
[2025-04-09T22:45:01.133+0000] {processor.py:914} INFO - Processing file /home/airflow/.local/lib/python3.12/site-packages/airflow/example_dags/example_external_task_marker_dag.py for tasks to queue
[2025-04-09T22:45:01.135+0000] {logging_mixin.py:190} INFO - [2025-04-09T22:45:01.134+0000] {dagbag.py:588} INFO - Filling up the DagBag from /home/airflow/.local/lib/python3.12/site-packages/airflow/example_dags/example_external_task_marker_dag.py
[2025-04-09T22:45:01.140+0000] {processor.py:925} INFO - DAG(s) 'example_external_task_marker_parent', 'example_external_task_marker_child' retrieved from /home/airflow/.local/lib/python3.12/site-packages/airflow/example_dags/example_external_task_marker_dag.py
[2025-04-09T22:45:01.151+0000] {logging_mixin.py:190} INFO - [2025-04-09T22:45:01.151+0000] {dag.py:3239} INFO - Sync 2 DAGs
[2025-04-09T22:45:01.158+0000] {logging_mixin.py:190} INFO - [2025-04-09T22:45:01.158+0000] {dag.py:4180} INFO - Setting next_dagrun for example_external_task_marker_child to None, run_after=None
[2025-04-09T22:45:01.160+0000] {logging_mixin.py:190} INFO - [2025-04-09T22:45:01.160+0000] {dag.py:4180} INFO - Setting next_dagrun for example_external_task_marker_parent to None, run_after=None
[2025-04-09T22:45:01.168+0000] {processor.py:208} INFO - Processing /home/airflow/.local/lib/python3.12/site-packages/airflow/example_dags/example_external_task_marker_dag.py took 0.039 seconds
[2025-04-09T22:45:31.291+0000] {processor.py:186} INFO - Started process (PID=291) to work on /home/airflow/.local/lib/python3.12/site-packages/airflow/example_dags/example_external_task_marker_dag.py
[2025-04-09T22:45:31.292+0000] {processor.py:914} INFO - Processing file /home/airflow/.local/lib/python3.12/site-packages/airflow/example_dags/example_external_task_marker_dag.py for tasks to queue
[2025-04-09T22:45:31.293+0000] {logging_mixin.py:190} INFO - [2025-04-09T22:45:31.293+0000] {dagbag.py:588} INFO - Filling up the DagBag from /home/airflow/.local/lib/python3.12/site-packages/airflow/example_dags/example_external_task_marker_dag.py
[2025-04-09T22:45:31.298+0000] {processor.py:925} INFO - DAG(s) 'example_external_task_marker_parent', 'example_external_task_marker_child' retrieved from /home/airflow/.local/lib/python3.12/site-packages/airflow/example_dags/example_external_task_marker_dag.py
[2025-04-09T22:45:31.308+0000] {logging_mixin.py:190} INFO - [2025-04-09T22:45:31.308+0000] {dag.py:3239} INFO - Sync 2 DAGs
[2025-04-09T22:45:31.314+0000] {logging_mixin.py:190} INFO - [2025-04-09T22:45:31.314+0000] {dag.py:4180} INFO - Setting next_dagrun for example_external_task_marker_child to None, run_after=None
[2025-04-09T22:45:31.316+0000] {logging_mixin.py:190} INFO - [2025-04-09T22:45:31.316+0000] {dag.py:4180} INFO - Setting next_dagrun for example_external_task_marker_parent to None, run_after=None
[2025-04-09T22:45:31.322+0000] {processor.py:208} INFO - Processing /home/airflow/.local/lib/python3.12/site-packages/airflow/example_dags/example_external_task_marker_dag.py took 0.033 seconds
[2025-04-09T22:46:01.551+0000] {processor.py:186} INFO - Started process (PID=355) to work on /home/airflow/.local/lib/python3.12/site-packages/airflow/example_dags/example_external_task_marker_dag.py
[2025-04-09T22:46:01.552+0000] {processor.py:914} INFO - Processing file /home/airflow/.local/lib/python3.12/site-packages/airflow/example_dags/example_external_task_marker_dag.py for tasks to queue
[2025-04-09T22:46:01.554+0000] {logging_mixin.py:190} INFO - [2025-04-09T22:46:01.554+0000] {dagbag.py:588} INFO - Filling up the DagBag from /home/airflow/.local/lib/python3.12/site-packages/airflow/example_dags/example_external_task_marker_dag.py
[2025-04-09T22:46:01.559+0000] {processor.py:925} INFO - DAG(s) 'example_external_task_marker_child', 'example_external_task_marker_parent' retrieved from /home/airflow/.local/lib/python3.12/site-packages/airflow/example_dags/example_external_task_marker_dag.py
[2025-04-09T22:46:01.573+0000] {logging_mixin.py:190} INFO - [2025-04-09T22:46:01.572+0000] {dag.py:3239} INFO - Sync 2 DAGs
[2025-04-09T22:46:01.581+0000] {logging_mixin.py:190} INFO - [2025-04-09T22:46:01.581+0000] {dag.py:4180} INFO - Setting next_dagrun for example_external_task_marker_child to None, run_after=None
[2025-04-09T22:46:01.584+0000] {logging_mixin.py:190} INFO - [2025-04-09T22:46:01.584+0000] {dag.py:4180} INFO - Setting next_dagrun for example_external_task_marker_parent to None, run_after=None
[2025-04-09T22:46:01.590+0000] {processor.py:208} INFO - Processing /home/airflow/.local/lib/python3.12/site-packages/airflow/example_dags/example_external_task_marker_dag.py took 0.042 seconds
[2025-04-09T22:46:31.998+0000] {processor.py:186} INFO - Started process (PID=418) to work on /home/airflow/.local/lib/python3.12/site-packages/airflow/example_dags/example_external_task_marker_dag.py
[2025-04-09T22:46:32.001+0000] {processor.py:914} INFO - Processing file /home/airflow/.local/lib/python3.12/site-packages/airflow/example_dags/example_external_task_marker_dag.py for tasks to queue
[2025-04-09T22:46:32.004+0000] {logging_mixin.py:190} INFO - [2025-04-09T22:46:32.004+0000] {dagbag.py:588} INFO - Filling up the DagBag from /home/airflow/.local/lib/python3.12/site-packages/airflow/example_dags/example_external_task_marker_dag.py
[2025-04-09T22:46:32.009+0000] {processor.py:925} INFO - DAG(s) 'example_external_task_marker_parent', 'example_external_task_marker_child' retrieved from /home/airflow/.local/lib/python3.12/site-packages/airflow/example_dags/example_external_task_marker_dag.py
[2025-04-09T22:46:32.021+0000] {logging_mixin.py:190} INFO - [2025-04-09T22:46:32.021+0000] {dag.py:3239} INFO - Sync 2 DAGs
[2025-04-09T22:46:32.027+0000] {logging_mixin.py:190} INFO - [2025-04-09T22:46:32.027+0000] {dag.py:4180} INFO - Setting next_dagrun for example_external_task_marker_child to None, run_after=None
[2025-04-09T22:46:32.029+0000] {logging_mixin.py:190} INFO - [2025-04-09T22:46:32.029+0000] {dag.py:4180} INFO - Setting next_dagrun for example_external_task_marker_parent to None, run_after=None
[2025-04-09T22:46:32.035+0000] {processor.py:208} INFO - Processing /home/airflow/.local/lib/python3.12/site-packages/airflow/example_dags/example_external_task_marker_dag.py took 0.040 seconds
[2025-04-09T22:47:02.216+0000] {processor.py:186} INFO - Started process (PID=482) to work on /home/airflow/.local/lib/python3.12/site-packages/airflow/example_dags/example_external_task_marker_dag.py
[2025-04-09T22:47:02.219+0000] {processor.py:914} INFO - Processing file /home/airflow/.local/lib/python3.12/site-packages/airflow/example_dags/example_external_task_marker_dag.py for tasks to queue
[2025-04-09T22:47:02.221+0000] {logging_mixin.py:190} INFO - [2025-04-09T22:47:02.221+0000] {dagbag.py:588} INFO - Filling up the DagBag from /home/airflow/.local/lib/python3.12/site-packages/airflow/example_dags/example_external_task_marker_dag.py
[2025-04-09T22:47:02.226+0000] {processor.py:925} INFO - DAG(s) 'example_external_task_marker_child', 'example_external_task_marker_parent' retrieved from /home/airflow/.local/lib/python3.12/site-packages/airflow/example_dags/example_external_task_marker_dag.py
[2025-04-09T22:47:02.239+0000] {logging_mixin.py:190} INFO - [2025-04-09T22:47:02.239+0000] {dag.py:3239} INFO - Sync 2 DAGs
[2025-04-09T22:47:02.246+0000] {logging_mixin.py:190} INFO - [2025-04-09T22:47:02.246+0000] {dag.py:4180} INFO - Setting next_dagrun for example_external_task_marker_child to None, run_after=None
[2025-04-09T22:47:02.248+0000] {logging_mixin.py:190} INFO - [2025-04-09T22:47:02.248+0000] {dag.py:4180} INFO - Setting next_dagrun for example_external_task_marker_parent to None, run_after=None
[2025-04-09T22:47:02.255+0000] {processor.py:208} INFO - Processing /home/airflow/.local/lib/python3.12/site-packages/airflow/example_dags/example_external_task_marker_dag.py took 0.041 seconds
[2025-04-09T22:47:32.730+0000] {processor.py:186} INFO - Started process (PID=546) to work on /home/airflow/.local/lib/python3.12/site-packages/airflow/example_dags/example_external_task_marker_dag.py
[2025-04-09T22:47:32.730+0000] {processor.py:914} INFO - Processing file /home/airflow/.local/lib/python3.12/site-packages/airflow/example_dags/example_external_task_marker_dag.py for tasks to queue
[2025-04-09T22:47:32.731+0000] {logging_mixin.py:190} INFO - [2025-04-09T22:47:32.731+0000] {dagbag.py:588} INFO - Filling up the DagBag from /home/airflow/.local/lib/python3.12/site-packages/airflow/example_dags/example_external_task_marker_dag.py
[2025-04-09T22:47:32.735+0000] {processor.py:925} INFO - DAG(s) 'example_external_task_marker_parent', 'example_external_task_marker_child' retrieved from /home/airflow/.local/lib/python3.12/site-packages/airflow/example_dags/example_external_task_marker_dag.py
[2025-04-09T22:47:32.745+0000] {logging_mixin.py:190} INFO - [2025-04-09T22:47:32.745+0000] {dag.py:3239} INFO - Sync 2 DAGs
[2025-04-09T22:47:32.751+0000] {logging_mixin.py:190} INFO - [2025-04-09T22:47:32.751+0000] {dag.py:4180} INFO - Setting next_dagrun for example_external_task_marker_child to None, run_after=None
[2025-04-09T22:47:32.754+0000] {logging_mixin.py:190} INFO - [2025-04-09T22:47:32.754+0000] {dag.py:4180} INFO - Setting next_dagrun for example_external_task_marker_parent to None, run_after=None
[2025-04-09T22:47:32.761+0000] {processor.py:208} INFO - Processing /home/airflow/.local/lib/python3.12/site-packages/airflow/example_dags/example_external_task_marker_dag.py took 0.035 seconds
[2025-04-09T22:48:03.210+0000] {processor.py:186} INFO - Started process (PID=610) to work on /home/airflow/.local/lib/python3.12/site-packages/airflow/example_dags/example_external_task_marker_dag.py
[2025-04-09T22:48:03.210+0000] {processor.py:914} INFO - Processing file /home/airflow/.local/lib/python3.12/site-packages/airflow/example_dags/example_external_task_marker_dag.py for tasks to queue
[2025-04-09T22:48:03.212+0000] {logging_mixin.py:190} INFO - [2025-04-09T22:48:03.211+0000] {dagbag.py:588} INFO - Filling up the DagBag from /home/airflow/.local/lib/python3.12/site-packages/airflow/example_dags/example_external_task_marker_dag.py
[2025-04-09T22:48:03.216+0000] {processor.py:925} INFO - DAG(s) 'example_external_task_marker_child', 'example_external_task_marker_parent' retrieved from /home/airflow/.local/lib/python3.12/site-packages/airflow/example_dags/example_external_task_marker_dag.py
[2025-04-09T22:48:03.229+0000] {logging_mixin.py:190} INFO - [2025-04-09T22:48:03.228+0000] {dag.py:3239} INFO - Sync 2 DAGs
[2025-04-09T22:48:03.236+0000] {logging_mixin.py:190} INFO - [2025-04-09T22:48:03.236+0000] {dag.py:4180} INFO - Setting next_dagrun for example_external_task_marker_child to None, run_after=None
[2025-04-09T22:48:03.238+0000] {logging_mixin.py:190} INFO - [2025-04-09T22:48:03.238+0000] {dag.py:4180} INFO - Setting next_dagrun for example_external_task_marker_parent to None, run_after=None
[2025-04-09T22:48:03.247+0000] {processor.py:208} INFO - Processing /home/airflow/.local/lib/python3.12/site-packages/airflow/example_dags/example_external_task_marker_dag.py took 0.040 seconds
[2025-04-09T22:48:33.660+0000] {processor.py:186} INFO - Started process (PID=674) to work on /home/airflow/.local/lib/python3.12/site-packages/airflow/example_dags/example_external_task_marker_dag.py
[2025-04-09T22:48:33.661+0000] {processor.py:914} INFO - Processing file /home/airflow/.local/lib/python3.12/site-packages/airflow/example_dags/example_external_task_marker_dag.py for tasks to queue
[2025-04-09T22:48:33.662+0000] {logging_mixin.py:190} INFO - [2025-04-09T22:48:33.662+0000] {dagbag.py:588} INFO - Filling up the DagBag from /home/airflow/.local/lib/python3.12/site-packages/airflow/example_dags/example_external_task_marker_dag.py
[2025-04-09T22:48:33.666+0000] {processor.py:925} INFO - DAG(s) 'example_external_task_marker_parent', 'example_external_task_marker_child' retrieved from /home/airflow/.local/lib/python3.12/site-packages/airflow/example_dags/example_external_task_marker_dag.py
[2025-04-09T22:48:33.676+0000] {logging_mixin.py:190} INFO - [2025-04-09T22:48:33.676+0000] {dag.py:3239} INFO - Sync 2 DAGs
[2025-04-09T22:48:33.683+0000] {logging_mixin.py:190} INFO - [2025-04-09T22:48:33.683+0000] {dag.py:4180} INFO - Setting next_dagrun for example_external_task_marker_child to None, run_after=None
[2025-04-09T22:48:33.687+0000] {logging_mixin.py:190} INFO - [2025-04-09T22:48:33.687+0000] {dag.py:4180} INFO - Setting next_dagrun for example_external_task_marker_parent to None, run_after=None
[2025-04-09T22:48:33.693+0000] {processor.py:208} INFO - Processing /home/airflow/.local/lib/python3.12/site-packages/airflow/example_dags/example_external_task_marker_dag.py took 0.036 seconds
[2025-04-09T22:49:04.755+0000] {processor.py:186} INFO - Started process (PID=738) to work on /home/airflow/.local/lib/python3.12/site-packages/airflow/example_dags/example_external_task_marker_dag.py
[2025-04-09T22:49:04.757+0000] {processor.py:914} INFO - Processing file /home/airflow/.local/lib/python3.12/site-packages/airflow/example_dags/example_external_task_marker_dag.py for tasks to queue
[2025-04-09T22:49:04.758+0000] {logging_mixin.py:190} INFO - [2025-04-09T22:49:04.758+0000] {dagbag.py:588} INFO - Filling up the DagBag from /home/airflow/.local/lib/python3.12/site-packages/airflow/example_dags/example_external_task_marker_dag.py
[2025-04-09T22:49:04.764+0000] {processor.py:925} INFO - DAG(s) 'example_external_task_marker_child', 'example_external_task_marker_parent' retrieved from /home/airflow/.local/lib/python3.12/site-packages/airflow/example_dags/example_external_task_marker_dag.py
[2025-04-09T22:49:04.777+0000] {logging_mixin.py:190} INFO - [2025-04-09T22:49:04.777+0000] {dag.py:3239} INFO - Sync 2 DAGs
[2025-04-09T22:49:04.789+0000] {logging_mixin.py:190} INFO - [2025-04-09T22:49:04.789+0000] {dag.py:4180} INFO - Setting next_dagrun for example_external_task_marker_child to None, run_after=None
[2025-04-09T22:49:04.792+0000] {logging_mixin.py:190} INFO - [2025-04-09T22:49:04.792+0000] {dag.py:4180} INFO - Setting next_dagrun for example_external_task_marker_parent to None, run_after=None
[2025-04-09T22:49:04.799+0000] {processor.py:208} INFO - Processing /home/airflow/.local/lib/python3.12/site-packages/airflow/example_dags/example_external_task_marker_dag.py took 0.047 seconds
[2025-04-09T22:49:34.960+0000] {processor.py:186} INFO - Started process (PID=802) to work on /home/airflow/.local/lib/python3.12/site-packages/airflow/example_dags/example_external_task_marker_dag.py
[2025-04-09T22:49:34.963+0000] {processor.py:914} INFO - Processing file /home/airflow/.local/lib/python3.12/site-packages/airflow/example_dags/example_external_task_marker_dag.py for tasks to queue
[2025-04-09T22:49:34.964+0000] {logging_mixin.py:190} INFO - [2025-04-09T22:49:34.964+0000] {dagbag.py:588} INFO - Filling up the DagBag from /home/airflow/.local/lib/python3.12/site-packages/airflow/example_dags/example_external_task_marker_dag.py
[2025-04-09T22:49:34.969+0000] {processor.py:925} INFO - DAG(s) 'example_external_task_marker_child', 'example_external_task_marker_parent' retrieved from /home/airflow/.local/lib/python3.12/site-packages/airflow/example_dags/example_external_task_marker_dag.py
[2025-04-09T22:49:34.980+0000] {logging_mixin.py:190} INFO - [2025-04-09T22:49:34.980+0000] {dag.py:3239} INFO - Sync 2 DAGs
[2025-04-09T22:49:34.990+0000] {logging_mixin.py:190} INFO - [2025-04-09T22:49:34.990+0000] {dag.py:4180} INFO - Setting next_dagrun for example_external_task_marker_child to None, run_after=None
[2025-04-09T22:49:34.993+0000] {logging_mixin.py:190} INFO - [2025-04-09T22:49:34.993+0000] {dag.py:4180} INFO - Setting next_dagrun for example_external_task_marker_parent to None, run_after=None
[2025-04-09T22:49:35.001+0000] {processor.py:208} INFO - Processing /home/airflow/.local/lib/python3.12/site-packages/airflow/example_dags/example_external_task_marker_dag.py took 0.044 seconds
[2025-04-09T22:50:05.203+0000] {processor.py:186} INFO - Started process (PID=866) to work on /home/airflow/.local/lib/python3.12/site-packages/airflow/example_dags/example_external_task_marker_dag.py
[2025-04-09T22:50:05.204+0000] {processor.py:914} INFO - Processing file /home/airflow/.local/lib/python3.12/site-packages/airflow/example_dags/example_external_task_marker_dag.py for tasks to queue
[2025-04-09T22:50:05.206+0000] {logging_mixin.py:190} INFO - [2025-04-09T22:50:05.206+0000] {dagbag.py:588} INFO - Filling up the DagBag from /home/airflow/.local/lib/python3.12/site-packages/airflow/example_dags/example_external_task_marker_dag.py
[2025-04-09T22:50:05.211+0000] {processor.py:925} INFO - DAG(s) 'example_external_task_marker_parent', 'example_external_task_marker_child' retrieved from /home/airflow/.local/lib/python3.12/site-packages/airflow/example_dags/example_external_task_marker_dag.py
[2025-04-09T22:50:05.222+0000] {logging_mixin.py:190} INFO - [2025-04-09T22:50:05.221+0000] {dag.py:3239} INFO - Sync 2 DAGs
[2025-04-09T22:50:05.229+0000] {logging_mixin.py:190} INFO - [2025-04-09T22:50:05.229+0000] {dag.py:4180} INFO - Setting next_dagrun for example_external_task_marker_child to None, run_after=None
[2025-04-09T22:50:05.230+0000] {logging_mixin.py:190} INFO - [2025-04-09T22:50:05.230+0000] {dag.py:4180} INFO - Setting next_dagrun for example_external_task_marker_parent to None, run_after=None
[2025-04-09T22:50:05.237+0000] {processor.py:208} INFO - Processing /home/airflow/.local/lib/python3.12/site-packages/airflow/example_dags/example_external_task_marker_dag.py took 0.038 seconds
[2025-04-09T22:50:35.360+0000] {processor.py:186} INFO - Started process (PID=930) to work on /home/airflow/.local/lib/python3.12/site-packages/airflow/example_dags/example_external_task_marker_dag.py
[2025-04-09T22:50:35.360+0000] {processor.py:914} INFO - Processing file /home/airflow/.local/lib/python3.12/site-packages/airflow/example_dags/example_external_task_marker_dag.py for tasks to queue
[2025-04-09T22:50:35.362+0000] {logging_mixin.py:190} INFO - [2025-04-09T22:50:35.361+0000] {dagbag.py:588} INFO - Filling up the DagBag from /home/airflow/.local/lib/python3.12/site-packages/airflow/example_dags/example_external_task_marker_dag.py
[2025-04-09T22:50:35.366+0000] {processor.py:925} INFO - DAG(s) 'example_external_task_marker_parent', 'example_external_task_marker_child' retrieved from /home/airflow/.local/lib/python3.12/site-packages/airflow/example_dags/example_external_task_marker_dag.py
[2025-04-09T22:50:35.377+0000] {logging_mixin.py:190} INFO - [2025-04-09T22:50:35.377+0000] {dag.py:3239} INFO - Sync 2 DAGs
[2025-04-09T22:50:35.384+0000] {logging_mixin.py:190} INFO - [2025-04-09T22:50:35.384+0000] {dag.py:4180} INFO - Setting next_dagrun for example_external_task_marker_child to None, run_after=None
[2025-04-09T22:50:35.385+0000] {logging_mixin.py:190} INFO - [2025-04-09T22:50:35.385+0000] {dag.py:4180} INFO - Setting next_dagrun for example_external_task_marker_parent to None, run_after=None
[2025-04-09T22:50:35.393+0000] {processor.py:208} INFO - Processing /home/airflow/.local/lib/python3.12/site-packages/airflow/example_dags/example_external_task_marker_dag.py took 0.036 seconds
[2025-04-09T22:51:05.427+0000] {processor.py:186} INFO - Started process (PID=994) to work on /home/airflow/.local/lib/python3.12/site-packages/airflow/example_dags/example_external_task_marker_dag.py
[2025-04-09T22:51:05.428+0000] {processor.py:914} INFO - Processing file /home/airflow/.local/lib/python3.12/site-packages/airflow/example_dags/example_external_task_marker_dag.py for tasks to queue
[2025-04-09T22:51:05.430+0000] {logging_mixin.py:190} INFO - [2025-04-09T22:51:05.429+0000] {dagbag.py:588} INFO - Filling up the DagBag from /home/airflow/.local/lib/python3.12/site-packages/airflow/example_dags/example_external_task_marker_dag.py
[2025-04-09T22:51:05.435+0000] {processor.py:925} INFO - DAG(s) 'example_external_task_marker_parent', 'example_external_task_marker_child' retrieved from /home/airflow/.local/lib/python3.12/site-packages/airflow/example_dags/example_external_task_marker_dag.py
[2025-04-09T22:51:05.448+0000] {logging_mixin.py:190} INFO - [2025-04-09T22:51:05.448+0000] {dag.py:3239} INFO - Sync 2 DAGs
[2025-04-09T22:51:05.455+0000] {logging_mixin.py:190} INFO - [2025-04-09T22:51:05.455+0000] {dag.py:4180} INFO - Setting next_dagrun for example_external_task_marker_child to None, run_after=None
[2025-04-09T22:51:05.457+0000] {logging_mixin.py:190} INFO - [2025-04-09T22:51:05.457+0000] {dag.py:4180} INFO - Setting next_dagrun for example_external_task_marker_parent to None, run_after=None
[2025-04-09T22:51:05.464+0000] {processor.py:208} INFO - Processing /home/airflow/.local/lib/python3.12/site-packages/airflow/example_dags/example_external_task_marker_dag.py took 0.040 seconds
[2025-04-09T22:51:35.566+0000] {processor.py:186} INFO - Started process (PID=1057) to work on /home/airflow/.local/lib/python3.12/site-packages/airflow/example_dags/example_external_task_marker_dag.py
[2025-04-09T22:51:35.567+0000] {processor.py:914} INFO - Processing file /home/airflow/.local/lib/python3.12/site-packages/airflow/example_dags/example_external_task_marker_dag.py for tasks to queue
[2025-04-09T22:51:35.571+0000] {logging_mixin.py:190} INFO - [2025-04-09T22:51:35.570+0000] {dagbag.py:588} INFO - Filling up the DagBag from /home/airflow/.local/lib/python3.12/site-packages/airflow/example_dags/example_external_task_marker_dag.py
[2025-04-09T22:51:35.575+0000] {processor.py:925} INFO - DAG(s) 'example_external_task_marker_child', 'example_external_task_marker_parent' retrieved from /home/airflow/.local/lib/python3.12/site-packages/airflow/example_dags/example_external_task_marker_dag.py
[2025-04-09T22:51:35.585+0000] {logging_mixin.py:190} INFO - [2025-04-09T22:51:35.585+0000] {dag.py:3239} INFO - Sync 2 DAGs
[2025-04-09T22:51:35.596+0000] {logging_mixin.py:190} INFO - [2025-04-09T22:51:35.595+0000] {dag.py:4180} INFO - Setting next_dagrun for example_external_task_marker_child to None, run_after=None
[2025-04-09T22:51:35.597+0000] {logging_mixin.py:190} INFO - [2025-04-09T22:51:35.597+0000] {dag.py:4180} INFO - Setting next_dagrun for example_external_task_marker_parent to None, run_after=None
[2025-04-09T22:51:35.608+0000] {processor.py:208} INFO - Processing /home/airflow/.local/lib/python3.12/site-packages/airflow/example_dags/example_external_task_marker_dag.py took 0.045 seconds
[2025-04-09T22:52:05.727+0000] {processor.py:186} INFO - Started process (PID=1121) to work on /home/airflow/.local/lib/python3.12/site-packages/airflow/example_dags/example_external_task_marker_dag.py
[2025-04-09T22:52:05.728+0000] {processor.py:914} INFO - Processing file /home/airflow/.local/lib/python3.12/site-packages/airflow/example_dags/example_external_task_marker_dag.py for tasks to queue
[2025-04-09T22:52:05.729+0000] {logging_mixin.py:190} INFO - [2025-04-09T22:52:05.729+0000] {dagbag.py:588} INFO - Filling up the DagBag from /home/airflow/.local/lib/python3.12/site-packages/airflow/example_dags/example_external_task_marker_dag.py
[2025-04-09T22:52:05.733+0000] {processor.py:925} INFO - DAG(s) 'example_external_task_marker_parent', 'example_external_task_marker_child' retrieved from /home/airflow/.local/lib/python3.12/site-packages/airflow/example_dags/example_external_task_marker_dag.py
[2025-04-09T22:52:05.743+0000] {logging_mixin.py:190} INFO - [2025-04-09T22:52:05.743+0000] {dag.py:3239} INFO - Sync 2 DAGs
[2025-04-09T22:52:05.752+0000] {logging_mixin.py:190} INFO - [2025-04-09T22:52:05.752+0000] {dag.py:4180} INFO - Setting next_dagrun for example_external_task_marker_child to None, run_after=None
[2025-04-09T22:52:05.755+0000] {logging_mixin.py:190} INFO - [2025-04-09T22:52:05.755+0000] {dag.py:4180} INFO - Setting next_dagrun for example_external_task_marker_parent to None, run_after=None
[2025-04-09T22:52:05.761+0000] {processor.py:208} INFO - Processing /home/airflow/.local/lib/python3.12/site-packages/airflow/example_dags/example_external_task_marker_dag.py took 0.036 seconds
[2025-04-09T22:52:36.058+0000] {processor.py:186} INFO - Started process (PID=1185) to work on /home/airflow/.local/lib/python3.12/site-packages/airflow/example_dags/example_external_task_marker_dag.py
[2025-04-09T22:52:36.059+0000] {processor.py:914} INFO - Processing file /home/airflow/.local/lib/python3.12/site-packages/airflow/example_dags/example_external_task_marker_dag.py for tasks to queue
[2025-04-09T22:52:36.060+0000] {logging_mixin.py:190} INFO - [2025-04-09T22:52:36.060+0000] {dagbag.py:588} INFO - Filling up the DagBag from /home/airflow/.local/lib/python3.12/site-packages/airflow/example_dags/example_external_task_marker_dag.py
[2025-04-09T22:52:36.064+0000] {processor.py:925} INFO - DAG(s) 'example_external_task_marker_child', 'example_external_task_marker_parent' retrieved from /home/airflow/.local/lib/python3.12/site-packages/airflow/example_dags/example_external_task_marker_dag.py
[2025-04-09T22:52:36.075+0000] {logging_mixin.py:190} INFO - [2025-04-09T22:52:36.075+0000] {dag.py:3239} INFO - Sync 2 DAGs
[2025-04-09T22:52:36.082+0000] {logging_mixin.py:190} INFO - [2025-04-09T22:52:36.082+0000] {dag.py:4180} INFO - Setting next_dagrun for example_external_task_marker_child to None, run_after=None
[2025-04-09T22:52:36.087+0000] {logging_mixin.py:190} INFO - [2025-04-09T22:52:36.087+0000] {dag.py:4180} INFO - Setting next_dagrun for example_external_task_marker_parent to None, run_after=None
[2025-04-09T22:52:36.097+0000] {processor.py:208} INFO - Processing /home/airflow/.local/lib/python3.12/site-packages/airflow/example_dags/example_external_task_marker_dag.py took 0.041 seconds
[2025-04-09T22:53:06.132+0000] {processor.py:186} INFO - Started process (PID=1249) to work on /home/airflow/.local/lib/python3.12/site-packages/airflow/example_dags/example_external_task_marker_dag.py
[2025-04-09T22:53:06.133+0000] {processor.py:914} INFO - Processing file /home/airflow/.local/lib/python3.12/site-packages/airflow/example_dags/example_external_task_marker_dag.py for tasks to queue
[2025-04-09T22:53:06.134+0000] {logging_mixin.py:190} INFO - [2025-04-09T22:53:06.134+0000] {dagbag.py:588} INFO - Filling up the DagBag from /home/airflow/.local/lib/python3.12/site-packages/airflow/example_dags/example_external_task_marker_dag.py
[2025-04-09T22:53:06.138+0000] {processor.py:925} INFO - DAG(s) 'example_external_task_marker_parent', 'example_external_task_marker_child' retrieved from /home/airflow/.local/lib/python3.12/site-packages/airflow/example_dags/example_external_task_marker_dag.py
[2025-04-09T22:53:06.147+0000] {logging_mixin.py:190} INFO - [2025-04-09T22:53:06.147+0000] {dag.py:3239} INFO - Sync 2 DAGs
[2025-04-09T22:53:06.152+0000] {logging_mixin.py:190} INFO - [2025-04-09T22:53:06.152+0000] {dag.py:4180} INFO - Setting next_dagrun for example_external_task_marker_child to None, run_after=None
[2025-04-09T22:53:06.154+0000] {logging_mixin.py:190} INFO - [2025-04-09T22:53:06.154+0000] {dag.py:4180} INFO - Setting next_dagrun for example_external_task_marker_parent to None, run_after=None
[2025-04-09T22:53:06.160+0000] {processor.py:208} INFO - Processing /home/airflow/.local/lib/python3.12/site-packages/airflow/example_dags/example_external_task_marker_dag.py took 0.030 seconds
[2025-04-09T22:53:37.031+0000] {processor.py:186} INFO - Started process (PID=1313) to work on /home/airflow/.local/lib/python3.12/site-packages/airflow/example_dags/example_external_task_marker_dag.py
[2025-04-09T22:53:37.031+0000] {processor.py:914} INFO - Processing file /home/airflow/.local/lib/python3.12/site-packages/airflow/example_dags/example_external_task_marker_dag.py for tasks to queue
[2025-04-09T22:53:37.032+0000] {logging_mixin.py:190} INFO - [2025-04-09T22:53:37.032+0000] {dagbag.py:588} INFO - Filling up the DagBag from /home/airflow/.local/lib/python3.12/site-packages/airflow/example_dags/example_external_task_marker_dag.py
[2025-04-09T22:53:37.036+0000] {processor.py:925} INFO - DAG(s) 'example_external_task_marker_parent', 'example_external_task_marker_child' retrieved from /home/airflow/.local/lib/python3.12/site-packages/airflow/example_dags/example_external_task_marker_dag.py
[2025-04-09T22:53:37.046+0000] {logging_mixin.py:190} INFO - [2025-04-09T22:53:37.046+0000] {dag.py:3239} INFO - Sync 2 DAGs
[2025-04-09T22:53:37.052+0000] {logging_mixin.py:190} INFO - [2025-04-09T22:53:37.052+0000] {dag.py:4180} INFO - Setting next_dagrun for example_external_task_marker_child to None, run_after=None
[2025-04-09T22:53:37.053+0000] {logging_mixin.py:190} INFO - [2025-04-09T22:53:37.053+0000] {dag.py:4180} INFO - Setting next_dagrun for example_external_task_marker_parent to None, run_after=None
[2025-04-09T22:53:37.059+0000] {processor.py:208} INFO - Processing /home/airflow/.local/lib/python3.12/site-packages/airflow/example_dags/example_external_task_marker_dag.py took 0.031 seconds
[2025-04-09T22:54:07.388+0000] {processor.py:186} INFO - Started process (PID=1377) to work on /home/airflow/.local/lib/python3.12/site-packages/airflow/example_dags/example_external_task_marker_dag.py
[2025-04-09T22:54:07.388+0000] {processor.py:914} INFO - Processing file /home/airflow/.local/lib/python3.12/site-packages/airflow/example_dags/example_external_task_marker_dag.py for tasks to queue
[2025-04-09T22:54:07.390+0000] {logging_mixin.py:190} INFO - [2025-04-09T22:54:07.389+0000] {dagbag.py:588} INFO - Filling up the DagBag from /home/airflow/.local/lib/python3.12/site-packages/airflow/example_dags/example_external_task_marker_dag.py
[2025-04-09T22:54:07.394+0000] {processor.py:925} INFO - DAG(s) 'example_external_task_marker_child', 'example_external_task_marker_parent' retrieved from /home/airflow/.local/lib/python3.12/site-packages/airflow/example_dags/example_external_task_marker_dag.py
[2025-04-09T22:54:07.404+0000] {logging_mixin.py:190} INFO - [2025-04-09T22:54:07.404+0000] {dag.py:3239} INFO - Sync 2 DAGs
[2025-04-09T22:54:07.411+0000] {logging_mixin.py:190} INFO - [2025-04-09T22:54:07.411+0000] {dag.py:4180} INFO - Setting next_dagrun for example_external_task_marker_child to None, run_after=None
[2025-04-09T22:54:07.412+0000] {logging_mixin.py:190} INFO - [2025-04-09T22:54:07.412+0000] {dag.py:4180} INFO - Setting next_dagrun for example_external_task_marker_parent to None, run_after=None
[2025-04-09T22:54:07.420+0000] {processor.py:208} INFO - Processing /home/airflow/.local/lib/python3.12/site-packages/airflow/example_dags/example_external_task_marker_dag.py took 0.035 seconds
[2025-04-09T22:54:37.921+0000] {processor.py:186} INFO - Started process (PID=1441) to work on /home/airflow/.local/lib/python3.12/site-packages/airflow/example_dags/example_external_task_marker_dag.py
[2025-04-09T22:54:37.921+0000] {processor.py:914} INFO - Processing file /home/airflow/.local/lib/python3.12/site-packages/airflow/example_dags/example_external_task_marker_dag.py for tasks to queue
[2025-04-09T22:54:37.922+0000] {logging_mixin.py:190} INFO - [2025-04-09T22:54:37.922+0000] {dagbag.py:588} INFO - Filling up the DagBag from /home/airflow/.local/lib/python3.12/site-packages/airflow/example_dags/example_external_task_marker_dag.py
[2025-04-09T22:54:37.926+0000] {processor.py:925} INFO - DAG(s) 'example_external_task_marker_parent', 'example_external_task_marker_child' retrieved from /home/airflow/.local/lib/python3.12/site-packages/airflow/example_dags/example_external_task_marker_dag.py
[2025-04-09T22:54:37.935+0000] {logging_mixin.py:190} INFO - [2025-04-09T22:54:37.935+0000] {dag.py:3239} INFO - Sync 2 DAGs
[2025-04-09T22:54:37.941+0000] {logging_mixin.py:190} INFO - [2025-04-09T22:54:37.941+0000] {dag.py:4180} INFO - Setting next_dagrun for example_external_task_marker_child to None, run_after=None
[2025-04-09T22:54:37.943+0000] {logging_mixin.py:190} INFO - [2025-04-09T22:54:37.942+0000] {dag.py:4180} INFO - Setting next_dagrun for example_external_task_marker_parent to None, run_after=None
[2025-04-09T22:54:37.948+0000] {processor.py:208} INFO - Processing /home/airflow/.local/lib/python3.12/site-packages/airflow/example_dags/example_external_task_marker_dag.py took 0.030 seconds
