[2025-04-09T22:43:59.048+0000] {processor.py:186} INFO - Started process (PID=87) to work on /home/airflow/.local/lib/python3.12/site-packages/airflow/example_dags/example_latest_only_with_trigger.py
[2025-04-09T22:43:59.051+0000] {processor.py:914} INFO - Processing file /home/airflow/.local/lib/python3.12/site-packages/airflow/example_dags/example_latest_only_with_trigger.py for tasks to queue
[2025-04-09T22:43:59.056+0000] {logging_mixin.py:190} INFO - [2025-04-09T22:43:59.055+0000] {dagbag.py:588} INFO - Filling up the DagBag from /home/airflow/.local/lib/python3.12/site-packages/airflow/example_dags/example_latest_only_with_trigger.py
[2025-04-09T22:43:59.075+0000] {processor.py:925} INFO - DAG(s) 'latest_only_with_trigger' retrieved from /home/airflow/.local/lib/python3.12/site-packages/airflow/example_dags/example_latest_only_with_trigger.py
[2025-04-09T22:43:59.131+0000] {logging_mixin.py:190} INFO - [2025-04-09T22:43:59.131+0000] {dag.py:3239} INFO - Sync 1 DAGs
[2025-04-09T22:43:59.153+0000] {logging_mixin.py:190} INFO - [2025-04-09T22:43:59.153+0000] {dag.py:4180} INFO - Setting next_dagrun for latest_only_with_trigger to 2025-04-09 16:00:00+00:00, run_after=2025-04-09 20:00:00+00:00
[2025-04-09T22:43:59.177+0000] {processor.py:208} INFO - Processing /home/airflow/.local/lib/python3.12/site-packages/airflow/example_dags/example_latest_only_with_trigger.py took 0.132 seconds
[2025-04-09T22:44:29.775+0000] {processor.py:186} INFO - Started process (PID=155) to work on /home/airflow/.local/lib/python3.12/site-packages/airflow/example_dags/example_latest_only_with_trigger.py
[2025-04-09T22:44:29.776+0000] {processor.py:914} INFO - Processing file /home/airflow/.local/lib/python3.12/site-packages/airflow/example_dags/example_latest_only_with_trigger.py for tasks to queue
[2025-04-09T22:44:29.778+0000] {logging_mixin.py:190} INFO - [2025-04-09T22:44:29.778+0000] {dagbag.py:588} INFO - Filling up the DagBag from /home/airflow/.local/lib/python3.12/site-packages/airflow/example_dags/example_latest_only_with_trigger.py
[2025-04-09T22:44:29.784+0000] {processor.py:925} INFO - DAG(s) 'latest_only_with_trigger' retrieved from /home/airflow/.local/lib/python3.12/site-packages/airflow/example_dags/example_latest_only_with_trigger.py
[2025-04-09T22:44:29.793+0000] {logging_mixin.py:190} INFO - [2025-04-09T22:44:29.793+0000] {dag.py:3239} INFO - Sync 1 DAGs
[2025-04-09T22:44:29.803+0000] {logging_mixin.py:190} INFO - [2025-04-09T22:44:29.803+0000] {dag.py:4180} INFO - Setting next_dagrun for latest_only_with_trigger to 2025-04-09 16:00:00+00:00, run_after=2025-04-09 20:00:00+00:00
[2025-04-09T22:44:29.812+0000] {processor.py:208} INFO - Processing /home/airflow/.local/lib/python3.12/site-packages/airflow/example_dags/example_latest_only_with_trigger.py took 0.041 seconds
[2025-04-09T22:44:59.854+0000] {processor.py:186} INFO - Started process (PID=219) to work on /home/airflow/.local/lib/python3.12/site-packages/airflow/example_dags/example_latest_only_with_trigger.py
[2025-04-09T22:44:59.854+0000] {processor.py:914} INFO - Processing file /home/airflow/.local/lib/python3.12/site-packages/airflow/example_dags/example_latest_only_with_trigger.py for tasks to queue
[2025-04-09T22:44:59.855+0000] {logging_mixin.py:190} INFO - [2025-04-09T22:44:59.855+0000] {dagbag.py:588} INFO - Filling up the DagBag from /home/airflow/.local/lib/python3.12/site-packages/airflow/example_dags/example_latest_only_with_trigger.py
[2025-04-09T22:44:59.859+0000] {processor.py:925} INFO - DAG(s) 'latest_only_with_trigger' retrieved from /home/airflow/.local/lib/python3.12/site-packages/airflow/example_dags/example_latest_only_with_trigger.py
[2025-04-09T22:44:59.868+0000] {logging_mixin.py:190} INFO - [2025-04-09T22:44:59.868+0000] {dag.py:3239} INFO - Sync 1 DAGs
[2025-04-09T22:44:59.878+0000] {logging_mixin.py:190} INFO - [2025-04-09T22:44:59.878+0000] {dag.py:4180} INFO - Setting next_dagrun for latest_only_with_trigger to 2025-04-09 16:00:00+00:00, run_after=2025-04-09 20:00:00+00:00
[2025-04-09T22:44:59.886+0000] {processor.py:208} INFO - Processing /home/airflow/.local/lib/python3.12/site-packages/airflow/example_dags/example_latest_only_with_trigger.py took 0.035 seconds
[2025-04-09T22:45:29.995+0000] {processor.py:186} INFO - Started process (PID=283) to work on /home/airflow/.local/lib/python3.12/site-packages/airflow/example_dags/example_latest_only_with_trigger.py
[2025-04-09T22:45:29.996+0000] {processor.py:914} INFO - Processing file /home/airflow/.local/lib/python3.12/site-packages/airflow/example_dags/example_latest_only_with_trigger.py for tasks to queue
[2025-04-09T22:45:29.998+0000] {logging_mixin.py:190} INFO - [2025-04-09T22:45:29.998+0000] {dagbag.py:588} INFO - Filling up the DagBag from /home/airflow/.local/lib/python3.12/site-packages/airflow/example_dags/example_latest_only_with_trigger.py
[2025-04-09T22:45:30.008+0000] {processor.py:925} INFO - DAG(s) 'latest_only_with_trigger' retrieved from /home/airflow/.local/lib/python3.12/site-packages/airflow/example_dags/example_latest_only_with_trigger.py
[2025-04-09T22:45:30.018+0000] {logging_mixin.py:190} INFO - [2025-04-09T22:45:30.018+0000] {dag.py:3239} INFO - Sync 1 DAGs
[2025-04-09T22:45:30.030+0000] {logging_mixin.py:190} INFO - [2025-04-09T22:45:30.030+0000] {dag.py:4180} INFO - Setting next_dagrun for latest_only_with_trigger to 2025-04-09 16:00:00+00:00, run_after=2025-04-09 20:00:00+00:00
[2025-04-09T22:45:30.037+0000] {processor.py:208} INFO - Processing /home/airflow/.local/lib/python3.12/site-packages/airflow/example_dags/example_latest_only_with_trigger.py took 0.045 seconds
[2025-04-09T22:46:00.273+0000] {processor.py:186} INFO - Started process (PID=347) to work on /home/airflow/.local/lib/python3.12/site-packages/airflow/example_dags/example_latest_only_with_trigger.py
[2025-04-09T22:46:00.274+0000] {processor.py:914} INFO - Processing file /home/airflow/.local/lib/python3.12/site-packages/airflow/example_dags/example_latest_only_with_trigger.py for tasks to queue
[2025-04-09T22:46:00.276+0000] {logging_mixin.py:190} INFO - [2025-04-09T22:46:00.276+0000] {dagbag.py:588} INFO - Filling up the DagBag from /home/airflow/.local/lib/python3.12/site-packages/airflow/example_dags/example_latest_only_with_trigger.py
[2025-04-09T22:46:00.280+0000] {processor.py:925} INFO - DAG(s) 'latest_only_with_trigger' retrieved from /home/airflow/.local/lib/python3.12/site-packages/airflow/example_dags/example_latest_only_with_trigger.py
[2025-04-09T22:46:00.290+0000] {logging_mixin.py:190} INFO - [2025-04-09T22:46:00.290+0000] {dag.py:3239} INFO - Sync 1 DAGs
[2025-04-09T22:46:00.300+0000] {logging_mixin.py:190} INFO - [2025-04-09T22:46:00.300+0000] {dag.py:4180} INFO - Setting next_dagrun for latest_only_with_trigger to 2025-04-09 16:00:00+00:00, run_after=2025-04-09 20:00:00+00:00
[2025-04-09T22:46:00.307+0000] {processor.py:208} INFO - Processing /home/airflow/.local/lib/python3.12/site-packages/airflow/example_dags/example_latest_only_with_trigger.py took 0.037 seconds
[2025-04-09T22:46:30.650+0000] {processor.py:186} INFO - Started process (PID=410) to work on /home/airflow/.local/lib/python3.12/site-packages/airflow/example_dags/example_latest_only_with_trigger.py
[2025-04-09T22:46:30.652+0000] {processor.py:914} INFO - Processing file /home/airflow/.local/lib/python3.12/site-packages/airflow/example_dags/example_latest_only_with_trigger.py for tasks to queue
[2025-04-09T22:46:30.653+0000] {logging_mixin.py:190} INFO - [2025-04-09T22:46:30.653+0000] {dagbag.py:588} INFO - Filling up the DagBag from /home/airflow/.local/lib/python3.12/site-packages/airflow/example_dags/example_latest_only_with_trigger.py
[2025-04-09T22:46:30.657+0000] {processor.py:925} INFO - DAG(s) 'latest_only_with_trigger' retrieved from /home/airflow/.local/lib/python3.12/site-packages/airflow/example_dags/example_latest_only_with_trigger.py
[2025-04-09T22:46:30.668+0000] {logging_mixin.py:190} INFO - [2025-04-09T22:46:30.667+0000] {dag.py:3239} INFO - Sync 1 DAGs
[2025-04-09T22:46:30.681+0000] {logging_mixin.py:190} INFO - [2025-04-09T22:46:30.681+0000] {dag.py:4180} INFO - Setting next_dagrun for latest_only_with_trigger to 2025-04-09 16:00:00+00:00, run_after=2025-04-09 20:00:00+00:00
[2025-04-09T22:46:30.691+0000] {processor.py:208} INFO - Processing /home/airflow/.local/lib/python3.12/site-packages/airflow/example_dags/example_latest_only_with_trigger.py took 0.044 seconds
[2025-04-09T22:47:00.862+0000] {processor.py:186} INFO - Started process (PID=474) to work on /home/airflow/.local/lib/python3.12/site-packages/airflow/example_dags/example_latest_only_with_trigger.py
[2025-04-09T22:47:00.863+0000] {processor.py:914} INFO - Processing file /home/airflow/.local/lib/python3.12/site-packages/airflow/example_dags/example_latest_only_with_trigger.py for tasks to queue
[2025-04-09T22:47:00.865+0000] {logging_mixin.py:190} INFO - [2025-04-09T22:47:00.864+0000] {dagbag.py:588} INFO - Filling up the DagBag from /home/airflow/.local/lib/python3.12/site-packages/airflow/example_dags/example_latest_only_with_trigger.py
[2025-04-09T22:47:00.869+0000] {processor.py:925} INFO - DAG(s) 'latest_only_with_trigger' retrieved from /home/airflow/.local/lib/python3.12/site-packages/airflow/example_dags/example_latest_only_with_trigger.py
[2025-04-09T22:47:00.879+0000] {logging_mixin.py:190} INFO - [2025-04-09T22:47:00.879+0000] {dag.py:3239} INFO - Sync 1 DAGs
[2025-04-09T22:47:00.889+0000] {logging_mixin.py:190} INFO - [2025-04-09T22:47:00.888+0000] {dag.py:4180} INFO - Setting next_dagrun for latest_only_with_trigger to 2025-04-09 16:00:00+00:00, run_after=2025-04-09 20:00:00+00:00
[2025-04-09T22:47:00.899+0000] {processor.py:208} INFO - Processing /home/airflow/.local/lib/python3.12/site-packages/airflow/example_dags/example_latest_only_with_trigger.py took 0.040 seconds
[2025-04-09T22:47:31.447+0000] {processor.py:186} INFO - Started process (PID=538) to work on /home/airflow/.local/lib/python3.12/site-packages/airflow/example_dags/example_latest_only_with_trigger.py
[2025-04-09T22:47:31.451+0000] {processor.py:914} INFO - Processing file /home/airflow/.local/lib/python3.12/site-packages/airflow/example_dags/example_latest_only_with_trigger.py for tasks to queue
[2025-04-09T22:47:31.452+0000] {logging_mixin.py:190} INFO - [2025-04-09T22:47:31.452+0000] {dagbag.py:588} INFO - Filling up the DagBag from /home/airflow/.local/lib/python3.12/site-packages/airflow/example_dags/example_latest_only_with_trigger.py
[2025-04-09T22:47:31.456+0000] {processor.py:925} INFO - DAG(s) 'latest_only_with_trigger' retrieved from /home/airflow/.local/lib/python3.12/site-packages/airflow/example_dags/example_latest_only_with_trigger.py
[2025-04-09T22:47:31.468+0000] {logging_mixin.py:190} INFO - [2025-04-09T22:47:31.468+0000] {dag.py:3239} INFO - Sync 1 DAGs
[2025-04-09T22:47:31.478+0000] {logging_mixin.py:190} INFO - [2025-04-09T22:47:31.477+0000] {dag.py:4180} INFO - Setting next_dagrun for latest_only_with_trigger to 2025-04-09 16:00:00+00:00, run_after=2025-04-09 20:00:00+00:00
[2025-04-09T22:47:31.485+0000] {processor.py:208} INFO - Processing /home/airflow/.local/lib/python3.12/site-packages/airflow/example_dags/example_latest_only_with_trigger.py took 0.040 seconds
[2025-04-09T22:48:01.851+0000] {processor.py:186} INFO - Started process (PID=602) to work on /home/airflow/.local/lib/python3.12/site-packages/airflow/example_dags/example_latest_only_with_trigger.py
[2025-04-09T22:48:01.852+0000] {processor.py:914} INFO - Processing file /home/airflow/.local/lib/python3.12/site-packages/airflow/example_dags/example_latest_only_with_trigger.py for tasks to queue
[2025-04-09T22:48:01.853+0000] {logging_mixin.py:190} INFO - [2025-04-09T22:48:01.853+0000] {dagbag.py:588} INFO - Filling up the DagBag from /home/airflow/.local/lib/python3.12/site-packages/airflow/example_dags/example_latest_only_with_trigger.py
[2025-04-09T22:48:01.857+0000] {processor.py:925} INFO - DAG(s) 'latest_only_with_trigger' retrieved from /home/airflow/.local/lib/python3.12/site-packages/airflow/example_dags/example_latest_only_with_trigger.py
[2025-04-09T22:48:01.866+0000] {logging_mixin.py:190} INFO - [2025-04-09T22:48:01.866+0000] {dag.py:3239} INFO - Sync 1 DAGs
[2025-04-09T22:48:01.876+0000] {logging_mixin.py:190} INFO - [2025-04-09T22:48:01.876+0000] {dag.py:4180} INFO - Setting next_dagrun for latest_only_with_trigger to 2025-04-09 16:00:00+00:00, run_after=2025-04-09 20:00:00+00:00
[2025-04-09T22:48:01.883+0000] {processor.py:208} INFO - Processing /home/airflow/.local/lib/python3.12/site-packages/airflow/example_dags/example_latest_only_with_trigger.py took 0.035 seconds
[2025-04-09T22:48:32.387+0000] {processor.py:186} INFO - Started process (PID=666) to work on /home/airflow/.local/lib/python3.12/site-packages/airflow/example_dags/example_latest_only_with_trigger.py
[2025-04-09T22:48:32.390+0000] {processor.py:914} INFO - Processing file /home/airflow/.local/lib/python3.12/site-packages/airflow/example_dags/example_latest_only_with_trigger.py for tasks to queue
[2025-04-09T22:48:32.392+0000] {logging_mixin.py:190} INFO - [2025-04-09T22:48:32.392+0000] {dagbag.py:588} INFO - Filling up the DagBag from /home/airflow/.local/lib/python3.12/site-packages/airflow/example_dags/example_latest_only_with_trigger.py
[2025-04-09T22:48:32.395+0000] {processor.py:925} INFO - DAG(s) 'latest_only_with_trigger' retrieved from /home/airflow/.local/lib/python3.12/site-packages/airflow/example_dags/example_latest_only_with_trigger.py
[2025-04-09T22:48:32.407+0000] {logging_mixin.py:190} INFO - [2025-04-09T22:48:32.407+0000] {dag.py:3239} INFO - Sync 1 DAGs
[2025-04-09T22:48:32.417+0000] {logging_mixin.py:190} INFO - [2025-04-09T22:48:32.417+0000] {dag.py:4180} INFO - Setting next_dagrun for latest_only_with_trigger to 2025-04-09 16:00:00+00:00, run_after=2025-04-09 20:00:00+00:00
[2025-04-09T22:48:32.423+0000] {processor.py:208} INFO - Processing /home/airflow/.local/lib/python3.12/site-packages/airflow/example_dags/example_latest_only_with_trigger.py took 0.039 seconds
[2025-04-09T22:49:03.481+0000] {processor.py:186} INFO - Started process (PID=730) to work on /home/airflow/.local/lib/python3.12/site-packages/airflow/example_dags/example_latest_only_with_trigger.py
[2025-04-09T22:49:03.483+0000] {processor.py:914} INFO - Processing file /home/airflow/.local/lib/python3.12/site-packages/airflow/example_dags/example_latest_only_with_trigger.py for tasks to queue
[2025-04-09T22:49:03.484+0000] {logging_mixin.py:190} INFO - [2025-04-09T22:49:03.484+0000] {dagbag.py:588} INFO - Filling up the DagBag from /home/airflow/.local/lib/python3.12/site-packages/airflow/example_dags/example_latest_only_with_trigger.py
[2025-04-09T22:49:03.488+0000] {processor.py:925} INFO - DAG(s) 'latest_only_with_trigger' retrieved from /home/airflow/.local/lib/python3.12/site-packages/airflow/example_dags/example_latest_only_with_trigger.py
[2025-04-09T22:49:03.498+0000] {logging_mixin.py:190} INFO - [2025-04-09T22:49:03.498+0000] {dag.py:3239} INFO - Sync 1 DAGs
[2025-04-09T22:49:03.509+0000] {logging_mixin.py:190} INFO - [2025-04-09T22:49:03.509+0000] {dag.py:4180} INFO - Setting next_dagrun for latest_only_with_trigger to 2025-04-09 16:00:00+00:00, run_after=2025-04-09 20:00:00+00:00
[2025-04-09T22:49:03.517+0000] {processor.py:208} INFO - Processing /home/airflow/.local/lib/python3.12/site-packages/airflow/example_dags/example_latest_only_with_trigger.py took 0.039 seconds
[2025-04-09T22:49:33.658+0000] {processor.py:186} INFO - Started process (PID=794) to work on /home/airflow/.local/lib/python3.12/site-packages/airflow/example_dags/example_latest_only_with_trigger.py
[2025-04-09T22:49:33.659+0000] {processor.py:914} INFO - Processing file /home/airflow/.local/lib/python3.12/site-packages/airflow/example_dags/example_latest_only_with_trigger.py for tasks to queue
[2025-04-09T22:49:33.661+0000] {logging_mixin.py:190} INFO - [2025-04-09T22:49:33.661+0000] {dagbag.py:588} INFO - Filling up the DagBag from /home/airflow/.local/lib/python3.12/site-packages/airflow/example_dags/example_latest_only_with_trigger.py
[2025-04-09T22:49:33.665+0000] {processor.py:925} INFO - DAG(s) 'latest_only_with_trigger' retrieved from /home/airflow/.local/lib/python3.12/site-packages/airflow/example_dags/example_latest_only_with_trigger.py
[2025-04-09T22:49:33.674+0000] {logging_mixin.py:190} INFO - [2025-04-09T22:49:33.674+0000] {dag.py:3239} INFO - Sync 1 DAGs
[2025-04-09T22:49:33.685+0000] {logging_mixin.py:190} INFO - [2025-04-09T22:49:33.685+0000] {dag.py:4180} INFO - Setting next_dagrun for latest_only_with_trigger to 2025-04-09 16:00:00+00:00, run_after=2025-04-09 20:00:00+00:00
[2025-04-09T22:49:33.697+0000] {processor.py:208} INFO - Processing /home/airflow/.local/lib/python3.12/site-packages/airflow/example_dags/example_latest_only_with_trigger.py took 0.042 seconds
[2025-04-09T22:50:03.902+0000] {processor.py:186} INFO - Started process (PID=858) to work on /home/airflow/.local/lib/python3.12/site-packages/airflow/example_dags/example_latest_only_with_trigger.py
[2025-04-09T22:50:03.905+0000] {processor.py:914} INFO - Processing file /home/airflow/.local/lib/python3.12/site-packages/airflow/example_dags/example_latest_only_with_trigger.py for tasks to queue
[2025-04-09T22:50:03.906+0000] {logging_mixin.py:190} INFO - [2025-04-09T22:50:03.906+0000] {dagbag.py:588} INFO - Filling up the DagBag from /home/airflow/.local/lib/python3.12/site-packages/airflow/example_dags/example_latest_only_with_trigger.py
[2025-04-09T22:50:03.910+0000] {processor.py:925} INFO - DAG(s) 'latest_only_with_trigger' retrieved from /home/airflow/.local/lib/python3.12/site-packages/airflow/example_dags/example_latest_only_with_trigger.py
[2025-04-09T22:50:03.920+0000] {logging_mixin.py:190} INFO - [2025-04-09T22:50:03.920+0000] {dag.py:3239} INFO - Sync 1 DAGs
[2025-04-09T22:50:03.931+0000] {logging_mixin.py:190} INFO - [2025-04-09T22:50:03.931+0000] {dag.py:4180} INFO - Setting next_dagrun for latest_only_with_trigger to 2025-04-09 16:00:00+00:00, run_after=2025-04-09 20:00:00+00:00
[2025-04-09T22:50:03.940+0000] {processor.py:208} INFO - Processing /home/airflow/.local/lib/python3.12/site-packages/airflow/example_dags/example_latest_only_with_trigger.py took 0.041 seconds
[2025-04-09T22:50:34.093+0000] {processor.py:186} INFO - Started process (PID=922) to work on /home/airflow/.local/lib/python3.12/site-packages/airflow/example_dags/example_latest_only_with_trigger.py
[2025-04-09T22:50:34.093+0000] {processor.py:914} INFO - Processing file /home/airflow/.local/lib/python3.12/site-packages/airflow/example_dags/example_latest_only_with_trigger.py for tasks to queue
[2025-04-09T22:50:34.094+0000] {logging_mixin.py:190} INFO - [2025-04-09T22:50:34.094+0000] {dagbag.py:588} INFO - Filling up the DagBag from /home/airflow/.local/lib/python3.12/site-packages/airflow/example_dags/example_latest_only_with_trigger.py
[2025-04-09T22:50:34.098+0000] {processor.py:925} INFO - DAG(s) 'latest_only_with_trigger' retrieved from /home/airflow/.local/lib/python3.12/site-packages/airflow/example_dags/example_latest_only_with_trigger.py
[2025-04-09T22:50:34.106+0000] {logging_mixin.py:190} INFO - [2025-04-09T22:50:34.106+0000] {dag.py:3239} INFO - Sync 1 DAGs
[2025-04-09T22:50:34.116+0000] {logging_mixin.py:190} INFO - [2025-04-09T22:50:34.115+0000] {dag.py:4180} INFO - Setting next_dagrun for latest_only_with_trigger to 2025-04-09 16:00:00+00:00, run_after=2025-04-09 20:00:00+00:00
[2025-04-09T22:50:34.123+0000] {processor.py:208} INFO - Processing /home/airflow/.local/lib/python3.12/site-packages/airflow/example_dags/example_latest_only_with_trigger.py took 0.032 seconds
[2025-04-09T22:51:05.188+0000] {processor.py:186} INFO - Started process (PID=986) to work on /home/airflow/.local/lib/python3.12/site-packages/airflow/example_dags/example_latest_only_with_trigger.py
[2025-04-09T22:51:05.190+0000] {processor.py:914} INFO - Processing file /home/airflow/.local/lib/python3.12/site-packages/airflow/example_dags/example_latest_only_with_trigger.py for tasks to queue
[2025-04-09T22:51:05.192+0000] {logging_mixin.py:190} INFO - [2025-04-09T22:51:05.192+0000] {dagbag.py:588} INFO - Filling up the DagBag from /home/airflow/.local/lib/python3.12/site-packages/airflow/example_dags/example_latest_only_with_trigger.py
[2025-04-09T22:51:05.196+0000] {processor.py:925} INFO - DAG(s) 'latest_only_with_trigger' retrieved from /home/airflow/.local/lib/python3.12/site-packages/airflow/example_dags/example_latest_only_with_trigger.py
[2025-04-09T22:51:05.206+0000] {logging_mixin.py:190} INFO - [2025-04-09T22:51:05.206+0000] {dag.py:3239} INFO - Sync 1 DAGs
[2025-04-09T22:51:05.217+0000] {logging_mixin.py:190} INFO - [2025-04-09T22:51:05.217+0000] {dag.py:4180} INFO - Setting next_dagrun for latest_only_with_trigger to 2025-04-09 16:00:00+00:00, run_after=2025-04-09 20:00:00+00:00
[2025-04-09T22:51:05.225+0000] {processor.py:208} INFO - Processing /home/airflow/.local/lib/python3.12/site-packages/airflow/example_dags/example_latest_only_with_trigger.py took 0.039 seconds
[2025-04-09T22:51:35.341+0000] {processor.py:186} INFO - Started process (PID=1050) to work on /home/airflow/.local/lib/python3.12/site-packages/airflow/example_dags/example_latest_only_with_trigger.py
[2025-04-09T22:51:35.344+0000] {processor.py:914} INFO - Processing file /home/airflow/.local/lib/python3.12/site-packages/airflow/example_dags/example_latest_only_with_trigger.py for tasks to queue
[2025-04-09T22:51:35.345+0000] {logging_mixin.py:190} INFO - [2025-04-09T22:51:35.345+0000] {dagbag.py:588} INFO - Filling up the DagBag from /home/airflow/.local/lib/python3.12/site-packages/airflow/example_dags/example_latest_only_with_trigger.py
[2025-04-09T22:51:35.349+0000] {processor.py:925} INFO - DAG(s) 'latest_only_with_trigger' retrieved from /home/airflow/.local/lib/python3.12/site-packages/airflow/example_dags/example_latest_only_with_trigger.py
[2025-04-09T22:51:35.358+0000] {logging_mixin.py:190} INFO - [2025-04-09T22:51:35.358+0000] {dag.py:3239} INFO - Sync 1 DAGs
[2025-04-09T22:51:35.368+0000] {logging_mixin.py:190} INFO - [2025-04-09T22:51:35.368+0000] {dag.py:4180} INFO - Setting next_dagrun for latest_only_with_trigger to 2025-04-09 16:00:00+00:00, run_after=2025-04-09 20:00:00+00:00
[2025-04-09T22:51:35.376+0000] {processor.py:208} INFO - Processing /home/airflow/.local/lib/python3.12/site-packages/airflow/example_dags/example_latest_only_with_trigger.py took 0.039 seconds
[2025-04-09T22:52:05.509+0000] {processor.py:186} INFO - Started process (PID=1114) to work on /home/airflow/.local/lib/python3.12/site-packages/airflow/example_dags/example_latest_only_with_trigger.py
[2025-04-09T22:52:05.514+0000] {processor.py:914} INFO - Processing file /home/airflow/.local/lib/python3.12/site-packages/airflow/example_dags/example_latest_only_with_trigger.py for tasks to queue
[2025-04-09T22:52:05.515+0000] {logging_mixin.py:190} INFO - [2025-04-09T22:52:05.515+0000] {dagbag.py:588} INFO - Filling up the DagBag from /home/airflow/.local/lib/python3.12/site-packages/airflow/example_dags/example_latest_only_with_trigger.py
[2025-04-09T22:52:05.518+0000] {processor.py:925} INFO - DAG(s) 'latest_only_with_trigger' retrieved from /home/airflow/.local/lib/python3.12/site-packages/airflow/example_dags/example_latest_only_with_trigger.py
[2025-04-09T22:52:05.528+0000] {logging_mixin.py:190} INFO - [2025-04-09T22:52:05.528+0000] {dag.py:3239} INFO - Sync 1 DAGs
[2025-04-09T22:52:05.537+0000] {logging_mixin.py:190} INFO - [2025-04-09T22:52:05.537+0000] {dag.py:4180} INFO - Setting next_dagrun for latest_only_with_trigger to 2025-04-09 16:00:00+00:00, run_after=2025-04-09 20:00:00+00:00
[2025-04-09T22:52:05.546+0000] {processor.py:208} INFO - Processing /home/airflow/.local/lib/python3.12/site-packages/airflow/example_dags/example_latest_only_with_trigger.py took 0.039 seconds
[2025-04-09T22:52:35.873+0000] {processor.py:186} INFO - Started process (PID=1178) to work on /home/airflow/.local/lib/python3.12/site-packages/airflow/example_dags/example_latest_only_with_trigger.py
[2025-04-09T22:52:35.873+0000] {processor.py:914} INFO - Processing file /home/airflow/.local/lib/python3.12/site-packages/airflow/example_dags/example_latest_only_with_trigger.py for tasks to queue
[2025-04-09T22:52:35.874+0000] {logging_mixin.py:190} INFO - [2025-04-09T22:52:35.874+0000] {dagbag.py:588} INFO - Filling up the DagBag from /home/airflow/.local/lib/python3.12/site-packages/airflow/example_dags/example_latest_only_with_trigger.py
[2025-04-09T22:52:35.878+0000] {processor.py:925} INFO - DAG(s) 'latest_only_with_trigger' retrieved from /home/airflow/.local/lib/python3.12/site-packages/airflow/example_dags/example_latest_only_with_trigger.py
[2025-04-09T22:52:35.888+0000] {logging_mixin.py:190} INFO - [2025-04-09T22:52:35.888+0000] {dag.py:3239} INFO - Sync 1 DAGs
[2025-04-09T22:52:35.897+0000] {logging_mixin.py:190} INFO - [2025-04-09T22:52:35.897+0000] {dag.py:4180} INFO - Setting next_dagrun for latest_only_with_trigger to 2025-04-09 16:00:00+00:00, run_after=2025-04-09 20:00:00+00:00
[2025-04-09T22:52:35.905+0000] {processor.py:208} INFO - Processing /home/airflow/.local/lib/python3.12/site-packages/airflow/example_dags/example_latest_only_with_trigger.py took 0.035 seconds
[2025-04-09T22:53:05.971+0000] {processor.py:186} INFO - Started process (PID=1242) to work on /home/airflow/.local/lib/python3.12/site-packages/airflow/example_dags/example_latest_only_with_trigger.py
[2025-04-09T22:53:05.972+0000] {processor.py:914} INFO - Processing file /home/airflow/.local/lib/python3.12/site-packages/airflow/example_dags/example_latest_only_with_trigger.py for tasks to queue
[2025-04-09T22:53:05.973+0000] {logging_mixin.py:190} INFO - [2025-04-09T22:53:05.973+0000] {dagbag.py:588} INFO - Filling up the DagBag from /home/airflow/.local/lib/python3.12/site-packages/airflow/example_dags/example_latest_only_with_trigger.py
[2025-04-09T22:53:05.976+0000] {processor.py:925} INFO - DAG(s) 'latest_only_with_trigger' retrieved from /home/airflow/.local/lib/python3.12/site-packages/airflow/example_dags/example_latest_only_with_trigger.py
[2025-04-09T22:53:05.985+0000] {logging_mixin.py:190} INFO - [2025-04-09T22:53:05.985+0000] {dag.py:3239} INFO - Sync 1 DAGs
[2025-04-09T22:53:05.995+0000] {logging_mixin.py:190} INFO - [2025-04-09T22:53:05.995+0000] {dag.py:4180} INFO - Setting next_dagrun for latest_only_with_trigger to 2025-04-09 16:00:00+00:00, run_after=2025-04-09 20:00:00+00:00
[2025-04-09T22:53:06.002+0000] {processor.py:208} INFO - Processing /home/airflow/.local/lib/python3.12/site-packages/airflow/example_dags/example_latest_only_with_trigger.py took 0.034 seconds
[2025-04-09T22:53:36.856+0000] {processor.py:186} INFO - Started process (PID=1306) to work on /home/airflow/.local/lib/python3.12/site-packages/airflow/example_dags/example_latest_only_with_trigger.py
[2025-04-09T22:53:36.856+0000] {processor.py:914} INFO - Processing file /home/airflow/.local/lib/python3.12/site-packages/airflow/example_dags/example_latest_only_with_trigger.py for tasks to queue
[2025-04-09T22:53:36.857+0000] {logging_mixin.py:190} INFO - [2025-04-09T22:53:36.857+0000] {dagbag.py:588} INFO - Filling up the DagBag from /home/airflow/.local/lib/python3.12/site-packages/airflow/example_dags/example_latest_only_with_trigger.py
[2025-04-09T22:53:36.861+0000] {processor.py:925} INFO - DAG(s) 'latest_only_with_trigger' retrieved from /home/airflow/.local/lib/python3.12/site-packages/airflow/example_dags/example_latest_only_with_trigger.py
[2025-04-09T22:53:36.870+0000] {logging_mixin.py:190} INFO - [2025-04-09T22:53:36.869+0000] {dag.py:3239} INFO - Sync 1 DAGs
[2025-04-09T22:53:36.879+0000] {logging_mixin.py:190} INFO - [2025-04-09T22:53:36.879+0000] {dag.py:4180} INFO - Setting next_dagrun for latest_only_with_trigger to 2025-04-09 16:00:00+00:00, run_after=2025-04-09 20:00:00+00:00
[2025-04-09T22:53:36.885+0000] {processor.py:208} INFO - Processing /home/airflow/.local/lib/python3.12/site-packages/airflow/example_dags/example_latest_only_with_trigger.py took 0.032 seconds
[2025-04-09T22:54:07.193+0000] {processor.py:186} INFO - Started process (PID=1370) to work on /home/airflow/.local/lib/python3.12/site-packages/airflow/example_dags/example_latest_only_with_trigger.py
[2025-04-09T22:54:07.194+0000] {processor.py:914} INFO - Processing file /home/airflow/.local/lib/python3.12/site-packages/airflow/example_dags/example_latest_only_with_trigger.py for tasks to queue
[2025-04-09T22:54:07.195+0000] {logging_mixin.py:190} INFO - [2025-04-09T22:54:07.195+0000] {dagbag.py:588} INFO - Filling up the DagBag from /home/airflow/.local/lib/python3.12/site-packages/airflow/example_dags/example_latest_only_with_trigger.py
[2025-04-09T22:54:07.199+0000] {processor.py:925} INFO - DAG(s) 'latest_only_with_trigger' retrieved from /home/airflow/.local/lib/python3.12/site-packages/airflow/example_dags/example_latest_only_with_trigger.py
[2025-04-09T22:54:07.209+0000] {logging_mixin.py:190} INFO - [2025-04-09T22:54:07.209+0000] {dag.py:3239} INFO - Sync 1 DAGs
[2025-04-09T22:54:07.219+0000] {logging_mixin.py:190} INFO - [2025-04-09T22:54:07.219+0000] {dag.py:4180} INFO - Setting next_dagrun for latest_only_with_trigger to 2025-04-09 16:00:00+00:00, run_after=2025-04-09 20:00:00+00:00
[2025-04-09T22:54:07.227+0000] {processor.py:208} INFO - Processing /home/airflow/.local/lib/python3.12/site-packages/airflow/example_dags/example_latest_only_with_trigger.py took 0.036 seconds
[2025-04-09T22:54:37.725+0000] {processor.py:186} INFO - Started process (PID=1434) to work on /home/airflow/.local/lib/python3.12/site-packages/airflow/example_dags/example_latest_only_with_trigger.py
[2025-04-09T22:54:37.725+0000] {processor.py:914} INFO - Processing file /home/airflow/.local/lib/python3.12/site-packages/airflow/example_dags/example_latest_only_with_trigger.py for tasks to queue
[2025-04-09T22:54:37.726+0000] {logging_mixin.py:190} INFO - [2025-04-09T22:54:37.726+0000] {dagbag.py:588} INFO - Filling up the DagBag from /home/airflow/.local/lib/python3.12/site-packages/airflow/example_dags/example_latest_only_with_trigger.py
[2025-04-09T22:54:37.730+0000] {processor.py:925} INFO - DAG(s) 'latest_only_with_trigger' retrieved from /home/airflow/.local/lib/python3.12/site-packages/airflow/example_dags/example_latest_only_with_trigger.py
[2025-04-09T22:54:37.739+0000] {logging_mixin.py:190} INFO - [2025-04-09T22:54:37.739+0000] {dag.py:3239} INFO - Sync 1 DAGs
[2025-04-09T22:54:37.750+0000] {logging_mixin.py:190} INFO - [2025-04-09T22:54:37.750+0000] {dag.py:4180} INFO - Setting next_dagrun for latest_only_with_trigger to 2025-04-09 16:00:00+00:00, run_after=2025-04-09 20:00:00+00:00
[2025-04-09T22:54:37.762+0000] {processor.py:208} INFO - Processing /home/airflow/.local/lib/python3.12/site-packages/airflow/example_dags/example_latest_only_with_trigger.py took 0.040 seconds
[2025-04-09T23:03:42.968+0000] {processor.py:186} INFO - Started process (PID=2586) to work on /home/airflow/.local/lib/python3.12/site-packages/airflow/example_dags/example_latest_only_with_trigger.py
[2025-04-09T23:03:42.969+0000] {processor.py:914} INFO - Processing file /home/airflow/.local/lib/python3.12/site-packages/airflow/example_dags/example_latest_only_with_trigger.py for tasks to queue
[2025-04-09T23:03:42.970+0000] {logging_mixin.py:190} INFO - [2025-04-09T23:03:42.969+0000] {dagbag.py:588} INFO - Filling up the DagBag from /home/airflow/.local/lib/python3.12/site-packages/airflow/example_dags/example_latest_only_with_trigger.py
[2025-04-09T23:03:42.975+0000] {processor.py:925} INFO - DAG(s) 'latest_only_with_trigger' retrieved from /home/airflow/.local/lib/python3.12/site-packages/airflow/example_dags/example_latest_only_with_trigger.py
[2025-04-09T23:03:42.986+0000] {logging_mixin.py:190} INFO - [2025-04-09T23:03:42.986+0000] {dag.py:3239} INFO - Sync 1 DAGs
[2025-04-09T23:03:42.997+0000] {logging_mixin.py:190} INFO - [2025-04-09T23:03:42.997+0000] {dag.py:4180} INFO - Setting next_dagrun for latest_only_with_trigger to 2025-04-09 16:00:00+00:00, run_after=2025-04-09 20:00:00+00:00
[2025-04-09T23:03:43.005+0000] {processor.py:208} INFO - Processing /home/airflow/.local/lib/python3.12/site-packages/airflow/example_dags/example_latest_only_with_trigger.py took 0.040 seconds
[2025-04-09T23:04:13.288+0000] {processor.py:186} INFO - Started process (PID=2650) to work on /home/airflow/.local/lib/python3.12/site-packages/airflow/example_dags/example_latest_only_with_trigger.py
[2025-04-09T23:04:13.288+0000] {processor.py:914} INFO - Processing file /home/airflow/.local/lib/python3.12/site-packages/airflow/example_dags/example_latest_only_with_trigger.py for tasks to queue
[2025-04-09T23:04:13.289+0000] {logging_mixin.py:190} INFO - [2025-04-09T23:04:13.289+0000] {dagbag.py:588} INFO - Filling up the DagBag from /home/airflow/.local/lib/python3.12/site-packages/airflow/example_dags/example_latest_only_with_trigger.py
[2025-04-09T23:04:13.293+0000] {processor.py:925} INFO - DAG(s) 'latest_only_with_trigger' retrieved from /home/airflow/.local/lib/python3.12/site-packages/airflow/example_dags/example_latest_only_with_trigger.py
[2025-04-09T23:04:13.303+0000] {logging_mixin.py:190} INFO - [2025-04-09T23:04:13.302+0000] {dag.py:3239} INFO - Sync 1 DAGs
[2025-04-09T23:04:13.313+0000] {logging_mixin.py:190} INFO - [2025-04-09T23:04:13.313+0000] {dag.py:4180} INFO - Setting next_dagrun for latest_only_with_trigger to 2025-04-09 16:00:00+00:00, run_after=2025-04-09 20:00:00+00:00
[2025-04-09T23:04:13.321+0000] {processor.py:208} INFO - Processing /home/airflow/.local/lib/python3.12/site-packages/airflow/example_dags/example_latest_only_with_trigger.py took 0.036 seconds
[2025-04-09T23:04:43.649+0000] {processor.py:186} INFO - Started process (PID=2714) to work on /home/airflow/.local/lib/python3.12/site-packages/airflow/example_dags/example_latest_only_with_trigger.py
[2025-04-09T23:04:43.650+0000] {processor.py:914} INFO - Processing file /home/airflow/.local/lib/python3.12/site-packages/airflow/example_dags/example_latest_only_with_trigger.py for tasks to queue
[2025-04-09T23:04:43.652+0000] {logging_mixin.py:190} INFO - [2025-04-09T23:04:43.652+0000] {dagbag.py:588} INFO - Filling up the DagBag from /home/airflow/.local/lib/python3.12/site-packages/airflow/example_dags/example_latest_only_with_trigger.py
[2025-04-09T23:04:43.656+0000] {processor.py:925} INFO - DAG(s) 'latest_only_with_trigger' retrieved from /home/airflow/.local/lib/python3.12/site-packages/airflow/example_dags/example_latest_only_with_trigger.py
[2025-04-09T23:04:43.668+0000] {logging_mixin.py:190} INFO - [2025-04-09T23:04:43.667+0000] {dag.py:3239} INFO - Sync 1 DAGs
[2025-04-09T23:04:43.677+0000] {logging_mixin.py:190} INFO - [2025-04-09T23:04:43.677+0000] {dag.py:4180} INFO - Setting next_dagrun for latest_only_with_trigger to 2025-04-09 16:00:00+00:00, run_after=2025-04-09 20:00:00+00:00
[2025-04-09T23:04:43.689+0000] {processor.py:208} INFO - Processing /home/airflow/.local/lib/python3.12/site-packages/airflow/example_dags/example_latest_only_with_trigger.py took 0.044 seconds
[2025-04-09T23:05:13.810+0000] {processor.py:186} INFO - Started process (PID=2778) to work on /home/airflow/.local/lib/python3.12/site-packages/airflow/example_dags/example_latest_only_with_trigger.py
[2025-04-09T23:05:13.811+0000] {processor.py:914} INFO - Processing file /home/airflow/.local/lib/python3.12/site-packages/airflow/example_dags/example_latest_only_with_trigger.py for tasks to queue
[2025-04-09T23:05:13.812+0000] {logging_mixin.py:190} INFO - [2025-04-09T23:05:13.811+0000] {dagbag.py:588} INFO - Filling up the DagBag from /home/airflow/.local/lib/python3.12/site-packages/airflow/example_dags/example_latest_only_with_trigger.py
[2025-04-09T23:05:13.815+0000] {processor.py:925} INFO - DAG(s) 'latest_only_with_trigger' retrieved from /home/airflow/.local/lib/python3.12/site-packages/airflow/example_dags/example_latest_only_with_trigger.py
[2025-04-09T23:05:13.827+0000] {logging_mixin.py:190} INFO - [2025-04-09T23:05:13.827+0000] {dag.py:3239} INFO - Sync 1 DAGs
[2025-04-09T23:05:13.839+0000] {logging_mixin.py:190} INFO - [2025-04-09T23:05:13.839+0000] {dag.py:4180} INFO - Setting next_dagrun for latest_only_with_trigger to 2025-04-09 16:00:00+00:00, run_after=2025-04-09 20:00:00+00:00
[2025-04-09T23:05:13.848+0000] {processor.py:208} INFO - Processing /home/airflow/.local/lib/python3.12/site-packages/airflow/example_dags/example_latest_only_with_trigger.py took 0.041 seconds
[2025-04-09T23:05:44.000+0000] {processor.py:186} INFO - Started process (PID=2842) to work on /home/airflow/.local/lib/python3.12/site-packages/airflow/example_dags/example_latest_only_with_trigger.py
[2025-04-09T23:05:44.002+0000] {processor.py:914} INFO - Processing file /home/airflow/.local/lib/python3.12/site-packages/airflow/example_dags/example_latest_only_with_trigger.py for tasks to queue
[2025-04-09T23:05:44.004+0000] {logging_mixin.py:190} INFO - [2025-04-09T23:05:44.003+0000] {dagbag.py:588} INFO - Filling up the DagBag from /home/airflow/.local/lib/python3.12/site-packages/airflow/example_dags/example_latest_only_with_trigger.py
[2025-04-09T23:05:44.007+0000] {processor.py:925} INFO - DAG(s) 'latest_only_with_trigger' retrieved from /home/airflow/.local/lib/python3.12/site-packages/airflow/example_dags/example_latest_only_with_trigger.py
[2025-04-09T23:05:44.016+0000] {logging_mixin.py:190} INFO - [2025-04-09T23:05:44.016+0000] {dag.py:3239} INFO - Sync 1 DAGs
[2025-04-09T23:05:44.027+0000] {logging_mixin.py:190} INFO - [2025-04-09T23:05:44.027+0000] {dag.py:4180} INFO - Setting next_dagrun for latest_only_with_trigger to 2025-04-09 16:00:00+00:00, run_after=2025-04-09 20:00:00+00:00
[2025-04-09T23:05:44.036+0000] {processor.py:208} INFO - Processing /home/airflow/.local/lib/python3.12/site-packages/airflow/example_dags/example_latest_only_with_trigger.py took 0.039 seconds
[2025-04-09T23:06:14.177+0000] {processor.py:186} INFO - Started process (PID=2906) to work on /home/airflow/.local/lib/python3.12/site-packages/airflow/example_dags/example_latest_only_with_trigger.py
[2025-04-09T23:06:14.178+0000] {processor.py:914} INFO - Processing file /home/airflow/.local/lib/python3.12/site-packages/airflow/example_dags/example_latest_only_with_trigger.py for tasks to queue
[2025-04-09T23:06:14.180+0000] {logging_mixin.py:190} INFO - [2025-04-09T23:06:14.180+0000] {dagbag.py:588} INFO - Filling up the DagBag from /home/airflow/.local/lib/python3.12/site-packages/airflow/example_dags/example_latest_only_with_trigger.py
[2025-04-09T23:06:14.185+0000] {processor.py:925} INFO - DAG(s) 'latest_only_with_trigger' retrieved from /home/airflow/.local/lib/python3.12/site-packages/airflow/example_dags/example_latest_only_with_trigger.py
[2025-04-09T23:06:14.196+0000] {logging_mixin.py:190} INFO - [2025-04-09T23:06:14.195+0000] {dag.py:3239} INFO - Sync 1 DAGs
[2025-04-09T23:06:14.207+0000] {logging_mixin.py:190} INFO - [2025-04-09T23:06:14.207+0000] {dag.py:4180} INFO - Setting next_dagrun for latest_only_with_trigger to 2025-04-09 16:00:00+00:00, run_after=2025-04-09 20:00:00+00:00
[2025-04-09T23:06:14.216+0000] {processor.py:208} INFO - Processing /home/airflow/.local/lib/python3.12/site-packages/airflow/example_dags/example_latest_only_with_trigger.py took 0.041 seconds
[2025-04-09T23:06:44.391+0000] {processor.py:186} INFO - Started process (PID=2970) to work on /home/airflow/.local/lib/python3.12/site-packages/airflow/example_dags/example_latest_only_with_trigger.py
[2025-04-09T23:06:44.392+0000] {processor.py:914} INFO - Processing file /home/airflow/.local/lib/python3.12/site-packages/airflow/example_dags/example_latest_only_with_trigger.py for tasks to queue
[2025-04-09T23:06:44.393+0000] {logging_mixin.py:190} INFO - [2025-04-09T23:06:44.393+0000] {dagbag.py:588} INFO - Filling up the DagBag from /home/airflow/.local/lib/python3.12/site-packages/airflow/example_dags/example_latest_only_with_trigger.py
[2025-04-09T23:06:44.398+0000] {processor.py:925} INFO - DAG(s) 'latest_only_with_trigger' retrieved from /home/airflow/.local/lib/python3.12/site-packages/airflow/example_dags/example_latest_only_with_trigger.py
[2025-04-09T23:06:44.410+0000] {logging_mixin.py:190} INFO - [2025-04-09T23:06:44.410+0000] {dag.py:3239} INFO - Sync 1 DAGs
[2025-04-09T23:06:44.424+0000] {logging_mixin.py:190} INFO - [2025-04-09T23:06:44.424+0000] {dag.py:4180} INFO - Setting next_dagrun for latest_only_with_trigger to 2025-04-09 16:00:00+00:00, run_after=2025-04-09 20:00:00+00:00
[2025-04-09T23:06:44.436+0000] {processor.py:208} INFO - Processing /home/airflow/.local/lib/python3.12/site-packages/airflow/example_dags/example_latest_only_with_trigger.py took 0.049 seconds
