[2025-04-09T22:43:59.935+0000] {processor.py:186} INFO - Started process (PID=99) to work on /home/airflow/.local/lib/python3.12/site-packages/airflow/example_dags/example_task_group_decorator.py
[2025-04-09T22:43:59.936+0000] {processor.py:914} INFO - Processing file /home/airflow/.local/lib/python3.12/site-packages/airflow/example_dags/example_task_group_decorator.py for tasks to queue
[2025-04-09T22:43:59.937+0000] {logging_mixin.py:190} INFO - [2025-04-09T22:43:59.937+0000] {dagbag.py:588} INFO - Filling up the DagBag from /home/airflow/.local/lib/python3.12/site-packages/airflow/example_dags/example_task_group_decorator.py
[2025-04-09T22:43:59.949+0000] {processor.py:925} INFO - DAG(s) 'example_task_group_decorator' retrieved from /home/airflow/.local/lib/python3.12/site-packages/airflow/example_dags/example_task_group_decorator.py
[2025-04-09T22:43:59.964+0000] {logging_mixin.py:190} INFO - [2025-04-09T22:43:59.963+0000] {dag.py:3239} INFO - Sync 1 DAGs
[2025-04-09T22:43:59.971+0000] {logging_mixin.py:190} INFO - [2025-04-09T22:43:59.970+0000] {dag.py:4180} INFO - Setting next_dagrun for example_task_group_decorator to None, run_after=None
[2025-04-09T22:43:59.981+0000] {processor.py:208} INFO - Processing /home/airflow/.local/lib/python3.12/site-packages/airflow/example_dags/example_task_group_decorator.py took 0.050 seconds
[2025-04-09T22:44:30.169+0000] {processor.py:186} INFO - Started process (PID=167) to work on /home/airflow/.local/lib/python3.12/site-packages/airflow/example_dags/example_task_group_decorator.py
[2025-04-09T22:44:30.170+0000] {processor.py:914} INFO - Processing file /home/airflow/.local/lib/python3.12/site-packages/airflow/example_dags/example_task_group_decorator.py for tasks to queue
[2025-04-09T22:44:30.171+0000] {logging_mixin.py:190} INFO - [2025-04-09T22:44:30.171+0000] {dagbag.py:588} INFO - Filling up the DagBag from /home/airflow/.local/lib/python3.12/site-packages/airflow/example_dags/example_task_group_decorator.py
[2025-04-09T22:44:30.178+0000] {processor.py:925} INFO - DAG(s) 'example_task_group_decorator' retrieved from /home/airflow/.local/lib/python3.12/site-packages/airflow/example_dags/example_task_group_decorator.py
[2025-04-09T22:44:30.188+0000] {logging_mixin.py:190} INFO - [2025-04-09T22:44:30.187+0000] {dag.py:3239} INFO - Sync 1 DAGs
[2025-04-09T22:44:30.194+0000] {logging_mixin.py:190} INFO - [2025-04-09T22:44:30.194+0000] {dag.py:4180} INFO - Setting next_dagrun for example_task_group_decorator to None, run_after=None
[2025-04-09T22:44:30.201+0000] {processor.py:208} INFO - Processing /home/airflow/.local/lib/python3.12/site-packages/airflow/example_dags/example_task_group_decorator.py took 0.034 seconds
[2025-04-09T22:45:01.268+0000] {processor.py:186} INFO - Started process (PID=231) to work on /home/airflow/.local/lib/python3.12/site-packages/airflow/example_dags/example_task_group_decorator.py
[2025-04-09T22:45:01.268+0000] {processor.py:914} INFO - Processing file /home/airflow/.local/lib/python3.12/site-packages/airflow/example_dags/example_task_group_decorator.py for tasks to queue
[2025-04-09T22:45:01.269+0000] {logging_mixin.py:190} INFO - [2025-04-09T22:45:01.269+0000] {dagbag.py:588} INFO - Filling up the DagBag from /home/airflow/.local/lib/python3.12/site-packages/airflow/example_dags/example_task_group_decorator.py
[2025-04-09T22:45:01.276+0000] {processor.py:925} INFO - DAG(s) 'example_task_group_decorator' retrieved from /home/airflow/.local/lib/python3.12/site-packages/airflow/example_dags/example_task_group_decorator.py
[2025-04-09T22:45:01.286+0000] {logging_mixin.py:190} INFO - [2025-04-09T22:45:01.286+0000] {dag.py:3239} INFO - Sync 1 DAGs
[2025-04-09T22:45:01.292+0000] {logging_mixin.py:190} INFO - [2025-04-09T22:45:01.292+0000] {dag.py:4180} INFO - Setting next_dagrun for example_task_group_decorator to None, run_after=None
[2025-04-09T22:45:01.299+0000] {processor.py:208} INFO - Processing /home/airflow/.local/lib/python3.12/site-packages/airflow/example_dags/example_task_group_decorator.py took 0.034 seconds
[2025-04-09T22:45:31.401+0000] {processor.py:186} INFO - Started process (PID=295) to work on /home/airflow/.local/lib/python3.12/site-packages/airflow/example_dags/example_task_group_decorator.py
[2025-04-09T22:45:31.402+0000] {processor.py:914} INFO - Processing file /home/airflow/.local/lib/python3.12/site-packages/airflow/example_dags/example_task_group_decorator.py for tasks to queue
[2025-04-09T22:45:31.403+0000] {logging_mixin.py:190} INFO - [2025-04-09T22:45:31.403+0000] {dagbag.py:588} INFO - Filling up the DagBag from /home/airflow/.local/lib/python3.12/site-packages/airflow/example_dags/example_task_group_decorator.py
[2025-04-09T22:45:31.411+0000] {processor.py:925} INFO - DAG(s) 'example_task_group_decorator' retrieved from /home/airflow/.local/lib/python3.12/site-packages/airflow/example_dags/example_task_group_decorator.py
[2025-04-09T22:45:31.427+0000] {logging_mixin.py:190} INFO - [2025-04-09T22:45:31.426+0000] {dag.py:3239} INFO - Sync 1 DAGs
[2025-04-09T22:45:31.433+0000] {logging_mixin.py:190} INFO - [2025-04-09T22:45:31.433+0000] {dag.py:4180} INFO - Setting next_dagrun for example_task_group_decorator to None, run_after=None
[2025-04-09T22:45:31.440+0000] {processor.py:208} INFO - Processing /home/airflow/.local/lib/python3.12/site-packages/airflow/example_dags/example_task_group_decorator.py took 0.042 seconds
[2025-04-09T22:46:01.683+0000] {processor.py:186} INFO - Started process (PID=359) to work on /home/airflow/.local/lib/python3.12/site-packages/airflow/example_dags/example_task_group_decorator.py
[2025-04-09T22:46:01.684+0000] {processor.py:914} INFO - Processing file /home/airflow/.local/lib/python3.12/site-packages/airflow/example_dags/example_task_group_decorator.py for tasks to queue
[2025-04-09T22:46:01.686+0000] {logging_mixin.py:190} INFO - [2025-04-09T22:46:01.686+0000] {dagbag.py:588} INFO - Filling up the DagBag from /home/airflow/.local/lib/python3.12/site-packages/airflow/example_dags/example_task_group_decorator.py
[2025-04-09T22:46:01.694+0000] {processor.py:925} INFO - DAG(s) 'example_task_group_decorator' retrieved from /home/airflow/.local/lib/python3.12/site-packages/airflow/example_dags/example_task_group_decorator.py
[2025-04-09T22:46:01.711+0000] {logging_mixin.py:190} INFO - [2025-04-09T22:46:01.711+0000] {dag.py:3239} INFO - Sync 1 DAGs
[2025-04-09T22:46:01.717+0000] {logging_mixin.py:190} INFO - [2025-04-09T22:46:01.717+0000] {dag.py:4180} INFO - Setting next_dagrun for example_task_group_decorator to None, run_after=None
[2025-04-09T22:46:01.725+0000] {processor.py:208} INFO - Processing /home/airflow/.local/lib/python3.12/site-packages/airflow/example_dags/example_task_group_decorator.py took 0.045 seconds
[2025-04-09T22:46:32.138+0000] {processor.py:186} INFO - Started process (PID=422) to work on /home/airflow/.local/lib/python3.12/site-packages/airflow/example_dags/example_task_group_decorator.py
[2025-04-09T22:46:32.138+0000] {processor.py:914} INFO - Processing file /home/airflow/.local/lib/python3.12/site-packages/airflow/example_dags/example_task_group_decorator.py for tasks to queue
[2025-04-09T22:46:32.139+0000] {logging_mixin.py:190} INFO - [2025-04-09T22:46:32.139+0000] {dagbag.py:588} INFO - Filling up the DagBag from /home/airflow/.local/lib/python3.12/site-packages/airflow/example_dags/example_task_group_decorator.py
[2025-04-09T22:46:32.146+0000] {processor.py:925} INFO - DAG(s) 'example_task_group_decorator' retrieved from /home/airflow/.local/lib/python3.12/site-packages/airflow/example_dags/example_task_group_decorator.py
[2025-04-09T22:46:32.159+0000] {logging_mixin.py:190} INFO - [2025-04-09T22:46:32.159+0000] {dag.py:3239} INFO - Sync 1 DAGs
[2025-04-09T22:46:32.165+0000] {logging_mixin.py:190} INFO - [2025-04-09T22:46:32.165+0000] {dag.py:4180} INFO - Setting next_dagrun for example_task_group_decorator to None, run_after=None
[2025-04-09T22:46:32.177+0000] {processor.py:208} INFO - Processing /home/airflow/.local/lib/python3.12/site-packages/airflow/example_dags/example_task_group_decorator.py took 0.042 seconds
[2025-04-09T22:47:02.363+0000] {processor.py:186} INFO - Started process (PID=486) to work on /home/airflow/.local/lib/python3.12/site-packages/airflow/example_dags/example_task_group_decorator.py
[2025-04-09T22:47:02.363+0000] {processor.py:914} INFO - Processing file /home/airflow/.local/lib/python3.12/site-packages/airflow/example_dags/example_task_group_decorator.py for tasks to queue
[2025-04-09T22:47:02.364+0000] {logging_mixin.py:190} INFO - [2025-04-09T22:47:02.364+0000] {dagbag.py:588} INFO - Filling up the DagBag from /home/airflow/.local/lib/python3.12/site-packages/airflow/example_dags/example_task_group_decorator.py
[2025-04-09T22:47:02.371+0000] {processor.py:925} INFO - DAG(s) 'example_task_group_decorator' retrieved from /home/airflow/.local/lib/python3.12/site-packages/airflow/example_dags/example_task_group_decorator.py
[2025-04-09T22:47:02.382+0000] {logging_mixin.py:190} INFO - [2025-04-09T22:47:02.382+0000] {dag.py:3239} INFO - Sync 1 DAGs
[2025-04-09T22:47:02.388+0000] {logging_mixin.py:190} INFO - [2025-04-09T22:47:02.388+0000] {dag.py:4180} INFO - Setting next_dagrun for example_task_group_decorator to None, run_after=None
[2025-04-09T22:47:02.395+0000] {processor.py:208} INFO - Processing /home/airflow/.local/lib/python3.12/site-packages/airflow/example_dags/example_task_group_decorator.py took 0.035 seconds
[2025-04-09T22:47:32.871+0000] {processor.py:186} INFO - Started process (PID=550) to work on /home/airflow/.local/lib/python3.12/site-packages/airflow/example_dags/example_task_group_decorator.py
[2025-04-09T22:47:32.872+0000] {processor.py:914} INFO - Processing file /home/airflow/.local/lib/python3.12/site-packages/airflow/example_dags/example_task_group_decorator.py for tasks to queue
[2025-04-09T22:47:32.873+0000] {logging_mixin.py:190} INFO - [2025-04-09T22:47:32.873+0000] {dagbag.py:588} INFO - Filling up the DagBag from /home/airflow/.local/lib/python3.12/site-packages/airflow/example_dags/example_task_group_decorator.py
[2025-04-09T22:47:32.880+0000] {processor.py:925} INFO - DAG(s) 'example_task_group_decorator' retrieved from /home/airflow/.local/lib/python3.12/site-packages/airflow/example_dags/example_task_group_decorator.py
[2025-04-09T22:47:32.890+0000] {logging_mixin.py:190} INFO - [2025-04-09T22:47:32.890+0000] {dag.py:3239} INFO - Sync 1 DAGs
[2025-04-09T22:47:32.895+0000] {logging_mixin.py:190} INFO - [2025-04-09T22:47:32.895+0000] {dag.py:4180} INFO - Setting next_dagrun for example_task_group_decorator to None, run_after=None
[2025-04-09T22:47:32.902+0000] {processor.py:208} INFO - Processing /home/airflow/.local/lib/python3.12/site-packages/airflow/example_dags/example_task_group_decorator.py took 0.033 seconds
[2025-04-09T22:48:03.324+0000] {processor.py:186} INFO - Started process (PID=614) to work on /home/airflow/.local/lib/python3.12/site-packages/airflow/example_dags/example_task_group_decorator.py
[2025-04-09T22:48:03.324+0000] {processor.py:914} INFO - Processing file /home/airflow/.local/lib/python3.12/site-packages/airflow/example_dags/example_task_group_decorator.py for tasks to queue
[2025-04-09T22:48:03.325+0000] {logging_mixin.py:190} INFO - [2025-04-09T22:48:03.325+0000] {dagbag.py:588} INFO - Filling up the DagBag from /home/airflow/.local/lib/python3.12/site-packages/airflow/example_dags/example_task_group_decorator.py
[2025-04-09T22:48:03.333+0000] {processor.py:925} INFO - DAG(s) 'example_task_group_decorator' retrieved from /home/airflow/.local/lib/python3.12/site-packages/airflow/example_dags/example_task_group_decorator.py
[2025-04-09T22:48:03.345+0000] {logging_mixin.py:190} INFO - [2025-04-09T22:48:03.345+0000] {dag.py:3239} INFO - Sync 1 DAGs
[2025-04-09T22:48:03.352+0000] {logging_mixin.py:190} INFO - [2025-04-09T22:48:03.352+0000] {dag.py:4180} INFO - Setting next_dagrun for example_task_group_decorator to None, run_after=None
[2025-04-09T22:48:03.362+0000] {processor.py:208} INFO - Processing /home/airflow/.local/lib/python3.12/site-packages/airflow/example_dags/example_task_group_decorator.py took 0.042 seconds
[2025-04-09T22:48:33.777+0000] {processor.py:186} INFO - Started process (PID=678) to work on /home/airflow/.local/lib/python3.12/site-packages/airflow/example_dags/example_task_group_decorator.py
[2025-04-09T22:48:33.778+0000] {processor.py:914} INFO - Processing file /home/airflow/.local/lib/python3.12/site-packages/airflow/example_dags/example_task_group_decorator.py for tasks to queue
[2025-04-09T22:48:33.779+0000] {logging_mixin.py:190} INFO - [2025-04-09T22:48:33.779+0000] {dagbag.py:588} INFO - Filling up the DagBag from /home/airflow/.local/lib/python3.12/site-packages/airflow/example_dags/example_task_group_decorator.py
[2025-04-09T22:48:33.786+0000] {processor.py:925} INFO - DAG(s) 'example_task_group_decorator' retrieved from /home/airflow/.local/lib/python3.12/site-packages/airflow/example_dags/example_task_group_decorator.py
[2025-04-09T22:48:33.797+0000] {logging_mixin.py:190} INFO - [2025-04-09T22:48:33.797+0000] {dag.py:3239} INFO - Sync 1 DAGs
[2025-04-09T22:48:33.803+0000] {logging_mixin.py:190} INFO - [2025-04-09T22:48:33.803+0000] {dag.py:4180} INFO - Setting next_dagrun for example_task_group_decorator to None, run_after=None
[2025-04-09T22:48:33.812+0000] {processor.py:208} INFO - Processing /home/airflow/.local/lib/python3.12/site-packages/airflow/example_dags/example_task_group_decorator.py took 0.038 seconds
[2025-04-09T22:49:04.882+0000] {processor.py:186} INFO - Started process (PID=742) to work on /home/airflow/.local/lib/python3.12/site-packages/airflow/example_dags/example_task_group_decorator.py
[2025-04-09T22:49:04.883+0000] {processor.py:914} INFO - Processing file /home/airflow/.local/lib/python3.12/site-packages/airflow/example_dags/example_task_group_decorator.py for tasks to queue
[2025-04-09T22:49:04.884+0000] {logging_mixin.py:190} INFO - [2025-04-09T22:49:04.884+0000] {dagbag.py:588} INFO - Filling up the DagBag from /home/airflow/.local/lib/python3.12/site-packages/airflow/example_dags/example_task_group_decorator.py
[2025-04-09T22:49:04.891+0000] {processor.py:925} INFO - DAG(s) 'example_task_group_decorator' retrieved from /home/airflow/.local/lib/python3.12/site-packages/airflow/example_dags/example_task_group_decorator.py
[2025-04-09T22:49:04.905+0000] {logging_mixin.py:190} INFO - [2025-04-09T22:49:04.905+0000] {dag.py:3239} INFO - Sync 1 DAGs
[2025-04-09T22:49:04.912+0000] {logging_mixin.py:190} INFO - [2025-04-09T22:49:04.912+0000] {dag.py:4180} INFO - Setting next_dagrun for example_task_group_decorator to None, run_after=None
[2025-04-09T22:49:04.920+0000] {processor.py:208} INFO - Processing /home/airflow/.local/lib/python3.12/site-packages/airflow/example_dags/example_task_group_decorator.py took 0.040 seconds
[2025-04-09T22:49:35.085+0000] {processor.py:186} INFO - Started process (PID=806) to work on /home/airflow/.local/lib/python3.12/site-packages/airflow/example_dags/example_task_group_decorator.py
[2025-04-09T22:49:35.089+0000] {processor.py:914} INFO - Processing file /home/airflow/.local/lib/python3.12/site-packages/airflow/example_dags/example_task_group_decorator.py for tasks to queue
[2025-04-09T22:49:35.090+0000] {logging_mixin.py:190} INFO - [2025-04-09T22:49:35.090+0000] {dagbag.py:588} INFO - Filling up the DagBag from /home/airflow/.local/lib/python3.12/site-packages/airflow/example_dags/example_task_group_decorator.py
[2025-04-09T22:49:35.098+0000] {processor.py:925} INFO - DAG(s) 'example_task_group_decorator' retrieved from /home/airflow/.local/lib/python3.12/site-packages/airflow/example_dags/example_task_group_decorator.py
[2025-04-09T22:49:35.110+0000] {logging_mixin.py:190} INFO - [2025-04-09T22:49:35.110+0000] {dag.py:3239} INFO - Sync 1 DAGs
[2025-04-09T22:49:35.120+0000] {logging_mixin.py:190} INFO - [2025-04-09T22:49:35.120+0000] {dag.py:4180} INFO - Setting next_dagrun for example_task_group_decorator to None, run_after=None
[2025-04-09T22:49:35.128+0000] {processor.py:208} INFO - Processing /home/airflow/.local/lib/python3.12/site-packages/airflow/example_dags/example_task_group_decorator.py took 0.046 seconds
[2025-04-09T22:50:05.341+0000] {processor.py:186} INFO - Started process (PID=870) to work on /home/airflow/.local/lib/python3.12/site-packages/airflow/example_dags/example_task_group_decorator.py
[2025-04-09T22:50:05.342+0000] {processor.py:914} INFO - Processing file /home/airflow/.local/lib/python3.12/site-packages/airflow/example_dags/example_task_group_decorator.py for tasks to queue
[2025-04-09T22:50:05.343+0000] {logging_mixin.py:190} INFO - [2025-04-09T22:50:05.343+0000] {dagbag.py:588} INFO - Filling up the DagBag from /home/airflow/.local/lib/python3.12/site-packages/airflow/example_dags/example_task_group_decorator.py
[2025-04-09T22:50:05.351+0000] {processor.py:925} INFO - DAG(s) 'example_task_group_decorator' retrieved from /home/airflow/.local/lib/python3.12/site-packages/airflow/example_dags/example_task_group_decorator.py
[2025-04-09T22:50:05.364+0000] {logging_mixin.py:190} INFO - [2025-04-09T22:50:05.364+0000] {dag.py:3239} INFO - Sync 1 DAGs
[2025-04-09T22:50:05.372+0000] {logging_mixin.py:190} INFO - [2025-04-09T22:50:05.372+0000] {dag.py:4180} INFO - Setting next_dagrun for example_task_group_decorator to None, run_after=None
[2025-04-09T22:50:05.383+0000] {processor.py:208} INFO - Processing /home/airflow/.local/lib/python3.12/site-packages/airflow/example_dags/example_task_group_decorator.py took 0.045 seconds
[2025-04-09T22:50:35.485+0000] {processor.py:186} INFO - Started process (PID=934) to work on /home/airflow/.local/lib/python3.12/site-packages/airflow/example_dags/example_task_group_decorator.py
[2025-04-09T22:50:35.485+0000] {processor.py:914} INFO - Processing file /home/airflow/.local/lib/python3.12/site-packages/airflow/example_dags/example_task_group_decorator.py for tasks to queue
[2025-04-09T22:50:35.486+0000] {logging_mixin.py:190} INFO - [2025-04-09T22:50:35.486+0000] {dagbag.py:588} INFO - Filling up the DagBag from /home/airflow/.local/lib/python3.12/site-packages/airflow/example_dags/example_task_group_decorator.py
[2025-04-09T22:50:35.493+0000] {processor.py:925} INFO - DAG(s) 'example_task_group_decorator' retrieved from /home/airflow/.local/lib/python3.12/site-packages/airflow/example_dags/example_task_group_decorator.py
[2025-04-09T22:50:35.505+0000] {logging_mixin.py:190} INFO - [2025-04-09T22:50:35.504+0000] {dag.py:3239} INFO - Sync 1 DAGs
[2025-04-09T22:50:35.511+0000] {logging_mixin.py:190} INFO - [2025-04-09T22:50:35.511+0000] {dag.py:4180} INFO - Setting next_dagrun for example_task_group_decorator to None, run_after=None
[2025-04-09T22:50:35.520+0000] {processor.py:208} INFO - Processing /home/airflow/.local/lib/python3.12/site-packages/airflow/example_dags/example_task_group_decorator.py took 0.037 seconds
[2025-04-09T22:51:05.597+0000] {processor.py:186} INFO - Started process (PID=998) to work on /home/airflow/.local/lib/python3.12/site-packages/airflow/example_dags/example_task_group_decorator.py
[2025-04-09T22:51:05.598+0000] {processor.py:914} INFO - Processing file /home/airflow/.local/lib/python3.12/site-packages/airflow/example_dags/example_task_group_decorator.py for tasks to queue
[2025-04-09T22:51:05.599+0000] {logging_mixin.py:190} INFO - [2025-04-09T22:51:05.599+0000] {dagbag.py:588} INFO - Filling up the DagBag from /home/airflow/.local/lib/python3.12/site-packages/airflow/example_dags/example_task_group_decorator.py
[2025-04-09T22:51:05.608+0000] {processor.py:925} INFO - DAG(s) 'example_task_group_decorator' retrieved from /home/airflow/.local/lib/python3.12/site-packages/airflow/example_dags/example_task_group_decorator.py
[2025-04-09T22:51:05.621+0000] {logging_mixin.py:190} INFO - [2025-04-09T22:51:05.620+0000] {dag.py:3239} INFO - Sync 1 DAGs
[2025-04-09T22:51:05.627+0000] {logging_mixin.py:190} INFO - [2025-04-09T22:51:05.627+0000] {dag.py:4180} INFO - Setting next_dagrun for example_task_group_decorator to None, run_after=None
[2025-04-09T22:51:05.634+0000] {processor.py:208} INFO - Processing /home/airflow/.local/lib/python3.12/site-packages/airflow/example_dags/example_task_group_decorator.py took 0.041 seconds
[2025-04-09T22:51:35.766+0000] {processor.py:186} INFO - Started process (PID=1062) to work on /home/airflow/.local/lib/python3.12/site-packages/airflow/example_dags/example_task_group_decorator.py
[2025-04-09T22:51:35.767+0000] {processor.py:914} INFO - Processing file /home/airflow/.local/lib/python3.12/site-packages/airflow/example_dags/example_task_group_decorator.py for tasks to queue
[2025-04-09T22:51:35.768+0000] {logging_mixin.py:190} INFO - [2025-04-09T22:51:35.767+0000] {dagbag.py:588} INFO - Filling up the DagBag from /home/airflow/.local/lib/python3.12/site-packages/airflow/example_dags/example_task_group_decorator.py
[2025-04-09T22:51:35.775+0000] {processor.py:925} INFO - DAG(s) 'example_task_group_decorator' retrieved from /home/airflow/.local/lib/python3.12/site-packages/airflow/example_dags/example_task_group_decorator.py
[2025-04-09T22:51:35.787+0000] {logging_mixin.py:190} INFO - [2025-04-09T22:51:35.787+0000] {dag.py:3239} INFO - Sync 1 DAGs
[2025-04-09T22:51:35.793+0000] {logging_mixin.py:190} INFO - [2025-04-09T22:51:35.793+0000] {dag.py:4180} INFO - Setting next_dagrun for example_task_group_decorator to None, run_after=None
[2025-04-09T22:51:35.802+0000] {processor.py:208} INFO - Processing /home/airflow/.local/lib/python3.12/site-packages/airflow/example_dags/example_task_group_decorator.py took 0.038 seconds
[2025-04-09T22:52:05.923+0000] {processor.py:186} INFO - Started process (PID=1126) to work on /home/airflow/.local/lib/python3.12/site-packages/airflow/example_dags/example_task_group_decorator.py
[2025-04-09T22:52:05.924+0000] {processor.py:914} INFO - Processing file /home/airflow/.local/lib/python3.12/site-packages/airflow/example_dags/example_task_group_decorator.py for tasks to queue
[2025-04-09T22:52:05.925+0000] {logging_mixin.py:190} INFO - [2025-04-09T22:52:05.925+0000] {dagbag.py:588} INFO - Filling up the DagBag from /home/airflow/.local/lib/python3.12/site-packages/airflow/example_dags/example_task_group_decorator.py
[2025-04-09T22:52:05.931+0000] {processor.py:925} INFO - DAG(s) 'example_task_group_decorator' retrieved from /home/airflow/.local/lib/python3.12/site-packages/airflow/example_dags/example_task_group_decorator.py
[2025-04-09T22:52:05.941+0000] {logging_mixin.py:190} INFO - [2025-04-09T22:52:05.941+0000] {dag.py:3239} INFO - Sync 1 DAGs
[2025-04-09T22:52:05.947+0000] {logging_mixin.py:190} INFO - [2025-04-09T22:52:05.947+0000] {dag.py:4180} INFO - Setting next_dagrun for example_task_group_decorator to None, run_after=None
[2025-04-09T22:52:05.953+0000] {processor.py:208} INFO - Processing /home/airflow/.local/lib/python3.12/site-packages/airflow/example_dags/example_task_group_decorator.py took 0.033 seconds
[2025-04-09T22:52:36.275+0000] {processor.py:186} INFO - Started process (PID=1190) to work on /home/airflow/.local/lib/python3.12/site-packages/airflow/example_dags/example_task_group_decorator.py
[2025-04-09T22:52:36.275+0000] {processor.py:914} INFO - Processing file /home/airflow/.local/lib/python3.12/site-packages/airflow/example_dags/example_task_group_decorator.py for tasks to queue
[2025-04-09T22:52:36.277+0000] {logging_mixin.py:190} INFO - [2025-04-09T22:52:36.276+0000] {dagbag.py:588} INFO - Filling up the DagBag from /home/airflow/.local/lib/python3.12/site-packages/airflow/example_dags/example_task_group_decorator.py
[2025-04-09T22:52:36.285+0000] {processor.py:925} INFO - DAG(s) 'example_task_group_decorator' retrieved from /home/airflow/.local/lib/python3.12/site-packages/airflow/example_dags/example_task_group_decorator.py
[2025-04-09T22:52:36.297+0000] {logging_mixin.py:190} INFO - [2025-04-09T22:52:36.297+0000] {dag.py:3239} INFO - Sync 1 DAGs
[2025-04-09T22:52:36.304+0000] {logging_mixin.py:190} INFO - [2025-04-09T22:52:36.304+0000] {dag.py:4180} INFO - Setting next_dagrun for example_task_group_decorator to None, run_after=None
[2025-04-09T22:52:36.315+0000] {processor.py:208} INFO - Processing /home/airflow/.local/lib/python3.12/site-packages/airflow/example_dags/example_task_group_decorator.py took 0.043 seconds
[2025-04-09T22:53:07.303+0000] {processor.py:186} INFO - Started process (PID=1254) to work on /home/airflow/.local/lib/python3.12/site-packages/airflow/example_dags/example_task_group_decorator.py
[2025-04-09T22:53:07.304+0000] {processor.py:914} INFO - Processing file /home/airflow/.local/lib/python3.12/site-packages/airflow/example_dags/example_task_group_decorator.py for tasks to queue
[2025-04-09T22:53:07.305+0000] {logging_mixin.py:190} INFO - [2025-04-09T22:53:07.305+0000] {dagbag.py:588} INFO - Filling up the DagBag from /home/airflow/.local/lib/python3.12/site-packages/airflow/example_dags/example_task_group_decorator.py
[2025-04-09T22:53:07.312+0000] {processor.py:925} INFO - DAG(s) 'example_task_group_decorator' retrieved from /home/airflow/.local/lib/python3.12/site-packages/airflow/example_dags/example_task_group_decorator.py
[2025-04-09T22:53:07.322+0000] {logging_mixin.py:190} INFO - [2025-04-09T22:53:07.322+0000] {dag.py:3239} INFO - Sync 1 DAGs
[2025-04-09T22:53:07.328+0000] {logging_mixin.py:190} INFO - [2025-04-09T22:53:07.328+0000] {dag.py:4180} INFO - Setting next_dagrun for example_task_group_decorator to None, run_after=None
[2025-04-09T22:53:07.336+0000] {processor.py:208} INFO - Processing /home/airflow/.local/lib/python3.12/site-packages/airflow/example_dags/example_task_group_decorator.py took 0.035 seconds
[2025-04-09T22:53:38.259+0000] {processor.py:186} INFO - Started process (PID=1318) to work on /home/airflow/.local/lib/python3.12/site-packages/airflow/example_dags/example_task_group_decorator.py
[2025-04-09T22:53:38.261+0000] {processor.py:914} INFO - Processing file /home/airflow/.local/lib/python3.12/site-packages/airflow/example_dags/example_task_group_decorator.py for tasks to queue
[2025-04-09T22:53:38.263+0000] {logging_mixin.py:190} INFO - [2025-04-09T22:53:38.263+0000] {dagbag.py:588} INFO - Filling up the DagBag from /home/airflow/.local/lib/python3.12/site-packages/airflow/example_dags/example_task_group_decorator.py
[2025-04-09T22:53:38.271+0000] {processor.py:925} INFO - DAG(s) 'example_task_group_decorator' retrieved from /home/airflow/.local/lib/python3.12/site-packages/airflow/example_dags/example_task_group_decorator.py
[2025-04-09T22:53:38.284+0000] {logging_mixin.py:190} INFO - [2025-04-09T22:53:38.284+0000] {dag.py:3239} INFO - Sync 1 DAGs
[2025-04-09T22:53:38.290+0000] {logging_mixin.py:190} INFO - [2025-04-09T22:53:38.290+0000] {dag.py:4180} INFO - Setting next_dagrun for example_task_group_decorator to None, run_after=None
[2025-04-09T22:53:38.302+0000] {processor.py:208} INFO - Processing /home/airflow/.local/lib/python3.12/site-packages/airflow/example_dags/example_task_group_decorator.py took 0.045 seconds
[2025-04-09T22:54:08.750+0000] {processor.py:186} INFO - Started process (PID=1382) to work on /home/airflow/.local/lib/python3.12/site-packages/airflow/example_dags/example_task_group_decorator.py
[2025-04-09T22:54:08.752+0000] {processor.py:914} INFO - Processing file /home/airflow/.local/lib/python3.12/site-packages/airflow/example_dags/example_task_group_decorator.py for tasks to queue
[2025-04-09T22:54:08.755+0000] {logging_mixin.py:190} INFO - [2025-04-09T22:54:08.754+0000] {dagbag.py:588} INFO - Filling up the DagBag from /home/airflow/.local/lib/python3.12/site-packages/airflow/example_dags/example_task_group_decorator.py
[2025-04-09T22:54:08.768+0000] {processor.py:925} INFO - DAG(s) 'example_task_group_decorator' retrieved from /home/airflow/.local/lib/python3.12/site-packages/airflow/example_dags/example_task_group_decorator.py
[2025-04-09T22:54:08.786+0000] {logging_mixin.py:190} INFO - [2025-04-09T22:54:08.786+0000] {dag.py:3239} INFO - Sync 1 DAGs
[2025-04-09T22:54:08.797+0000] {logging_mixin.py:190} INFO - [2025-04-09T22:54:08.797+0000] {dag.py:4180} INFO - Setting next_dagrun for example_task_group_decorator to None, run_after=None
[2025-04-09T22:54:08.809+0000] {processor.py:208} INFO - Processing /home/airflow/.local/lib/python3.12/site-packages/airflow/example_dags/example_task_group_decorator.py took 0.061 seconds
[2025-04-09T22:54:39.125+0000] {processor.py:186} INFO - Started process (PID=1446) to work on /home/airflow/.local/lib/python3.12/site-packages/airflow/example_dags/example_task_group_decorator.py
[2025-04-09T22:54:39.126+0000] {processor.py:914} INFO - Processing file /home/airflow/.local/lib/python3.12/site-packages/airflow/example_dags/example_task_group_decorator.py for tasks to queue
[2025-04-09T22:54:39.128+0000] {logging_mixin.py:190} INFO - [2025-04-09T22:54:39.128+0000] {dagbag.py:588} INFO - Filling up the DagBag from /home/airflow/.local/lib/python3.12/site-packages/airflow/example_dags/example_task_group_decorator.py
[2025-04-09T22:54:39.135+0000] {processor.py:925} INFO - DAG(s) 'example_task_group_decorator' retrieved from /home/airflow/.local/lib/python3.12/site-packages/airflow/example_dags/example_task_group_decorator.py
[2025-04-09T22:54:39.146+0000] {logging_mixin.py:190} INFO - [2025-04-09T22:54:39.146+0000] {dag.py:3239} INFO - Sync 1 DAGs
[2025-04-09T22:54:39.153+0000] {logging_mixin.py:190} INFO - [2025-04-09T22:54:39.152+0000] {dag.py:4180} INFO - Setting next_dagrun for example_task_group_decorator to None, run_after=None
[2025-04-09T22:54:39.162+0000] {processor.py:208} INFO - Processing /home/airflow/.local/lib/python3.12/site-packages/airflow/example_dags/example_task_group_decorator.py took 0.040 seconds
