[2025-04-09T22:43:58.915+0000] {processor.py:186} INFO - Started process (PID=78) to work on /home/airflow/.local/lib/python3.12/site-packages/airflow/example_dags/example_display_name.py
[2025-04-09T22:43:58.915+0000] {processor.py:914} INFO - Processing file /home/airflow/.local/lib/python3.12/site-packages/airflow/example_dags/example_display_name.py for tasks to queue
[2025-04-09T22:43:58.917+0000] {logging_mixin.py:190} INFO - [2025-04-09T22:43:58.917+0000] {dagbag.py:588} INFO - Filling up the DagBag from /home/airflow/.local/lib/python3.12/site-packages/airflow/example_dags/example_display_name.py
[2025-04-09T22:43:58.922+0000] {processor.py:925} INFO - DAG(s) 'example_display_name' retrieved from /home/airflow/.local/lib/python3.12/site-packages/airflow/example_dags/example_display_name.py
[2025-04-09T22:43:58.937+0000] {logging_mixin.py:190} INFO - [2025-04-09T22:43:58.937+0000] {dag.py:3239} INFO - Sync 1 DAGs
[2025-04-09T22:43:58.945+0000] {logging_mixin.py:190} INFO - [2025-04-09T22:43:58.945+0000] {dag.py:4180} INFO - Setting next_dagrun for example_display_name to None, run_after=None
[2025-04-09T22:43:58.958+0000] {processor.py:208} INFO - Processing /home/airflow/.local/lib/python3.12/site-packages/airflow/example_dags/example_display_name.py took 0.046 seconds
[2025-04-09T22:44:29.692+0000] {processor.py:186} INFO - Started process (PID=152) to work on /home/airflow/.local/lib/python3.12/site-packages/airflow/example_dags/example_display_name.py
[2025-04-09T22:44:29.692+0000] {processor.py:914} INFO - Processing file /home/airflow/.local/lib/python3.12/site-packages/airflow/example_dags/example_display_name.py for tasks to queue
[2025-04-09T22:44:29.693+0000] {logging_mixin.py:190} INFO - [2025-04-09T22:44:29.693+0000] {dagbag.py:588} INFO - Filling up the DagBag from /home/airflow/.local/lib/python3.12/site-packages/airflow/example_dags/example_display_name.py
[2025-04-09T22:44:29.697+0000] {processor.py:925} INFO - DAG(s) 'example_display_name' retrieved from /home/airflow/.local/lib/python3.12/site-packages/airflow/example_dags/example_display_name.py
[2025-04-09T22:44:29.706+0000] {logging_mixin.py:190} INFO - [2025-04-09T22:44:29.705+0000] {dag.py:3239} INFO - Sync 1 DAGs
[2025-04-09T22:44:29.712+0000] {logging_mixin.py:190} INFO - [2025-04-09T22:44:29.712+0000] {dag.py:4180} INFO - Setting next_dagrun for example_display_name to None, run_after=None
[2025-04-09T22:44:29.719+0000] {processor.py:208} INFO - Processing /home/airflow/.local/lib/python3.12/site-packages/airflow/example_dags/example_display_name.py took 0.031 seconds
[2025-04-09T22:44:59.808+0000] {processor.py:186} INFO - Started process (PID=216) to work on /home/airflow/.local/lib/python3.12/site-packages/airflow/example_dags/example_display_name.py
[2025-04-09T22:44:59.809+0000] {processor.py:914} INFO - Processing file /home/airflow/.local/lib/python3.12/site-packages/airflow/example_dags/example_display_name.py for tasks to queue
[2025-04-09T22:44:59.810+0000] {logging_mixin.py:190} INFO - [2025-04-09T22:44:59.810+0000] {dagbag.py:588} INFO - Filling up the DagBag from /home/airflow/.local/lib/python3.12/site-packages/airflow/example_dags/example_display_name.py
[2025-04-09T22:44:59.814+0000] {processor.py:925} INFO - DAG(s) 'example_display_name' retrieved from /home/airflow/.local/lib/python3.12/site-packages/airflow/example_dags/example_display_name.py
[2025-04-09T22:44:59.822+0000] {logging_mixin.py:190} INFO - [2025-04-09T22:44:59.822+0000] {dag.py:3239} INFO - Sync 1 DAGs
[2025-04-09T22:44:59.828+0000] {logging_mixin.py:190} INFO - [2025-04-09T22:44:59.828+0000] {dag.py:4180} INFO - Setting next_dagrun for example_display_name to None, run_after=None
[2025-04-09T22:44:59.835+0000] {processor.py:208} INFO - Processing /home/airflow/.local/lib/python3.12/site-packages/airflow/example_dags/example_display_name.py took 0.030 seconds
[2025-04-09T22:45:29.933+0000] {processor.py:186} INFO - Started process (PID=280) to work on /home/airflow/.local/lib/python3.12/site-packages/airflow/example_dags/example_display_name.py
[2025-04-09T22:45:29.934+0000] {processor.py:914} INFO - Processing file /home/airflow/.local/lib/python3.12/site-packages/airflow/example_dags/example_display_name.py for tasks to queue
[2025-04-09T22:45:29.935+0000] {logging_mixin.py:190} INFO - [2025-04-09T22:45:29.935+0000] {dagbag.py:588} INFO - Filling up the DagBag from /home/airflow/.local/lib/python3.12/site-packages/airflow/example_dags/example_display_name.py
[2025-04-09T22:45:29.939+0000] {processor.py:925} INFO - DAG(s) 'example_display_name' retrieved from /home/airflow/.local/lib/python3.12/site-packages/airflow/example_dags/example_display_name.py
[2025-04-09T22:45:29.947+0000] {logging_mixin.py:190} INFO - [2025-04-09T22:45:29.946+0000] {dag.py:3239} INFO - Sync 1 DAGs
[2025-04-09T22:45:29.953+0000] {logging_mixin.py:190} INFO - [2025-04-09T22:45:29.952+0000] {dag.py:4180} INFO - Setting next_dagrun for example_display_name to None, run_after=None
[2025-04-09T22:45:29.960+0000] {processor.py:208} INFO - Processing /home/airflow/.local/lib/python3.12/site-packages/airflow/example_dags/example_display_name.py took 0.029 seconds
[2025-04-09T22:46:00.220+0000] {processor.py:186} INFO - Started process (PID=344) to work on /home/airflow/.local/lib/python3.12/site-packages/airflow/example_dags/example_display_name.py
[2025-04-09T22:46:00.221+0000] {processor.py:914} INFO - Processing file /home/airflow/.local/lib/python3.12/site-packages/airflow/example_dags/example_display_name.py for tasks to queue
[2025-04-09T22:46:00.223+0000] {logging_mixin.py:190} INFO - [2025-04-09T22:46:00.223+0000] {dagbag.py:588} INFO - Filling up the DagBag from /home/airflow/.local/lib/python3.12/site-packages/airflow/example_dags/example_display_name.py
[2025-04-09T22:46:00.227+0000] {processor.py:925} INFO - DAG(s) 'example_display_name' retrieved from /home/airflow/.local/lib/python3.12/site-packages/airflow/example_dags/example_display_name.py
[2025-04-09T22:46:00.237+0000] {logging_mixin.py:190} INFO - [2025-04-09T22:46:00.236+0000] {dag.py:3239} INFO - Sync 1 DAGs
[2025-04-09T22:46:00.244+0000] {logging_mixin.py:190} INFO - [2025-04-09T22:46:00.244+0000] {dag.py:4180} INFO - Setting next_dagrun for example_display_name to None, run_after=None
[2025-04-09T22:46:00.255+0000] {processor.py:208} INFO - Processing /home/airflow/.local/lib/python3.12/site-packages/airflow/example_dags/example_display_name.py took 0.038 seconds
[2025-04-09T22:46:30.534+0000] {processor.py:186} INFO - Started process (PID=407) to work on /home/airflow/.local/lib/python3.12/site-packages/airflow/example_dags/example_display_name.py
[2025-04-09T22:46:30.536+0000] {processor.py:914} INFO - Processing file /home/airflow/.local/lib/python3.12/site-packages/airflow/example_dags/example_display_name.py for tasks to queue
[2025-04-09T22:46:30.537+0000] {logging_mixin.py:190} INFO - [2025-04-09T22:46:30.537+0000] {dagbag.py:588} INFO - Filling up the DagBag from /home/airflow/.local/lib/python3.12/site-packages/airflow/example_dags/example_display_name.py
[2025-04-09T22:46:30.543+0000] {processor.py:925} INFO - DAG(s) 'example_display_name' retrieved from /home/airflow/.local/lib/python3.12/site-packages/airflow/example_dags/example_display_name.py
[2025-04-09T22:46:30.557+0000] {logging_mixin.py:190} INFO - [2025-04-09T22:46:30.557+0000] {dag.py:3239} INFO - Sync 1 DAGs
[2025-04-09T22:46:30.567+0000] {logging_mixin.py:190} INFO - [2025-04-09T22:46:30.567+0000] {dag.py:4180} INFO - Setting next_dagrun for example_display_name to None, run_after=None
[2025-04-09T22:46:30.580+0000] {processor.py:208} INFO - Processing /home/airflow/.local/lib/python3.12/site-packages/airflow/example_dags/example_display_name.py took 0.049 seconds
[2025-04-09T22:47:00.775+0000] {processor.py:186} INFO - Started process (PID=471) to work on /home/airflow/.local/lib/python3.12/site-packages/airflow/example_dags/example_display_name.py
[2025-04-09T22:47:00.777+0000] {processor.py:914} INFO - Processing file /home/airflow/.local/lib/python3.12/site-packages/airflow/example_dags/example_display_name.py for tasks to queue
[2025-04-09T22:47:00.778+0000] {logging_mixin.py:190} INFO - [2025-04-09T22:47:00.778+0000] {dagbag.py:588} INFO - Filling up the DagBag from /home/airflow/.local/lib/python3.12/site-packages/airflow/example_dags/example_display_name.py
[2025-04-09T22:47:00.783+0000] {processor.py:925} INFO - DAG(s) 'example_display_name' retrieved from /home/airflow/.local/lib/python3.12/site-packages/airflow/example_dags/example_display_name.py
[2025-04-09T22:47:00.794+0000] {logging_mixin.py:190} INFO - [2025-04-09T22:47:00.793+0000] {dag.py:3239} INFO - Sync 1 DAGs
[2025-04-09T22:47:00.800+0000] {logging_mixin.py:190} INFO - [2025-04-09T22:47:00.800+0000] {dag.py:4180} INFO - Setting next_dagrun for example_display_name to None, run_after=None
[2025-04-09T22:47:00.809+0000] {processor.py:208} INFO - Processing /home/airflow/.local/lib/python3.12/site-packages/airflow/example_dags/example_display_name.py took 0.037 seconds
[2025-04-09T22:47:31.383+0000] {processor.py:186} INFO - Started process (PID=535) to work on /home/airflow/.local/lib/python3.12/site-packages/airflow/example_dags/example_display_name.py
[2025-04-09T22:47:31.384+0000] {processor.py:914} INFO - Processing file /home/airflow/.local/lib/python3.12/site-packages/airflow/example_dags/example_display_name.py for tasks to queue
[2025-04-09T22:47:31.385+0000] {logging_mixin.py:190} INFO - [2025-04-09T22:47:31.385+0000] {dagbag.py:588} INFO - Filling up the DagBag from /home/airflow/.local/lib/python3.12/site-packages/airflow/example_dags/example_display_name.py
[2025-04-09T22:47:31.390+0000] {processor.py:925} INFO - DAG(s) 'example_display_name' retrieved from /home/airflow/.local/lib/python3.12/site-packages/airflow/example_dags/example_display_name.py
[2025-04-09T22:47:31.400+0000] {logging_mixin.py:190} INFO - [2025-04-09T22:47:31.399+0000] {dag.py:3239} INFO - Sync 1 DAGs
[2025-04-09T22:47:31.407+0000] {logging_mixin.py:190} INFO - [2025-04-09T22:47:31.407+0000] {dag.py:4180} INFO - Setting next_dagrun for example_display_name to None, run_after=None
[2025-04-09T22:47:31.420+0000] {processor.py:208} INFO - Processing /home/airflow/.local/lib/python3.12/site-packages/airflow/example_dags/example_display_name.py took 0.040 seconds
[2025-04-09T22:48:01.797+0000] {processor.py:186} INFO - Started process (PID=599) to work on /home/airflow/.local/lib/python3.12/site-packages/airflow/example_dags/example_display_name.py
[2025-04-09T22:48:01.797+0000] {processor.py:914} INFO - Processing file /home/airflow/.local/lib/python3.12/site-packages/airflow/example_dags/example_display_name.py for tasks to queue
[2025-04-09T22:48:01.798+0000] {logging_mixin.py:190} INFO - [2025-04-09T22:48:01.798+0000] {dagbag.py:588} INFO - Filling up the DagBag from /home/airflow/.local/lib/python3.12/site-packages/airflow/example_dags/example_display_name.py
[2025-04-09T22:48:01.802+0000] {processor.py:925} INFO - DAG(s) 'example_display_name' retrieved from /home/airflow/.local/lib/python3.12/site-packages/airflow/example_dags/example_display_name.py
[2025-04-09T22:48:01.811+0000] {logging_mixin.py:190} INFO - [2025-04-09T22:48:01.811+0000] {dag.py:3239} INFO - Sync 1 DAGs
[2025-04-09T22:48:01.817+0000] {logging_mixin.py:190} INFO - [2025-04-09T22:48:01.817+0000] {dag.py:4180} INFO - Setting next_dagrun for example_display_name to None, run_after=None
[2025-04-09T22:48:01.826+0000] {processor.py:208} INFO - Processing /home/airflow/.local/lib/python3.12/site-packages/airflow/example_dags/example_display_name.py took 0.032 seconds
[2025-04-09T22:48:32.330+0000] {processor.py:186} INFO - Started process (PID=663) to work on /home/airflow/.local/lib/python3.12/site-packages/airflow/example_dags/example_display_name.py
[2025-04-09T22:48:32.330+0000] {processor.py:914} INFO - Processing file /home/airflow/.local/lib/python3.12/site-packages/airflow/example_dags/example_display_name.py for tasks to queue
[2025-04-09T22:48:32.331+0000] {logging_mixin.py:190} INFO - [2025-04-09T22:48:32.331+0000] {dagbag.py:588} INFO - Filling up the DagBag from /home/airflow/.local/lib/python3.12/site-packages/airflow/example_dags/example_display_name.py
[2025-04-09T22:48:32.336+0000] {processor.py:925} INFO - DAG(s) 'example_display_name' retrieved from /home/airflow/.local/lib/python3.12/site-packages/airflow/example_dags/example_display_name.py
[2025-04-09T22:48:32.344+0000] {logging_mixin.py:190} INFO - [2025-04-09T22:48:32.344+0000] {dag.py:3239} INFO - Sync 1 DAGs
[2025-04-09T22:48:32.350+0000] {logging_mixin.py:190} INFO - [2025-04-09T22:48:32.350+0000] {dag.py:4180} INFO - Setting next_dagrun for example_display_name to None, run_after=None
[2025-04-09T22:48:32.360+0000] {processor.py:208} INFO - Processing /home/airflow/.local/lib/python3.12/site-packages/airflow/example_dags/example_display_name.py took 0.033 seconds
[2025-04-09T22:49:03.384+0000] {processor.py:186} INFO - Started process (PID=727) to work on /home/airflow/.local/lib/python3.12/site-packages/airflow/example_dags/example_display_name.py
[2025-04-09T22:49:03.385+0000] {processor.py:914} INFO - Processing file /home/airflow/.local/lib/python3.12/site-packages/airflow/example_dags/example_display_name.py for tasks to queue
[2025-04-09T22:49:03.387+0000] {logging_mixin.py:190} INFO - [2025-04-09T22:49:03.386+0000] {dagbag.py:588} INFO - Filling up the DagBag from /home/airflow/.local/lib/python3.12/site-packages/airflow/example_dags/example_display_name.py
[2025-04-09T22:49:03.392+0000] {processor.py:925} INFO - DAG(s) 'example_display_name' retrieved from /home/airflow/.local/lib/python3.12/site-packages/airflow/example_dags/example_display_name.py
[2025-04-09T22:49:03.404+0000] {logging_mixin.py:190} INFO - [2025-04-09T22:49:03.404+0000] {dag.py:3239} INFO - Sync 1 DAGs
[2025-04-09T22:49:03.412+0000] {logging_mixin.py:190} INFO - [2025-04-09T22:49:03.412+0000] {dag.py:4180} INFO - Setting next_dagrun for example_display_name to None, run_after=None
[2025-04-09T22:49:03.422+0000] {processor.py:208} INFO - Processing /home/airflow/.local/lib/python3.12/site-packages/airflow/example_dags/example_display_name.py took 0.043 seconds
[2025-04-09T22:49:33.580+0000] {processor.py:186} INFO - Started process (PID=791) to work on /home/airflow/.local/lib/python3.12/site-packages/airflow/example_dags/example_display_name.py
[2025-04-09T22:49:33.581+0000] {processor.py:914} INFO - Processing file /home/airflow/.local/lib/python3.12/site-packages/airflow/example_dags/example_display_name.py for tasks to queue
[2025-04-09T22:49:33.582+0000] {logging_mixin.py:190} INFO - [2025-04-09T22:49:33.582+0000] {dagbag.py:588} INFO - Filling up the DagBag from /home/airflow/.local/lib/python3.12/site-packages/airflow/example_dags/example_display_name.py
[2025-04-09T22:49:33.587+0000] {processor.py:925} INFO - DAG(s) 'example_display_name' retrieved from /home/airflow/.local/lib/python3.12/site-packages/airflow/example_dags/example_display_name.py
[2025-04-09T22:49:33.596+0000] {logging_mixin.py:190} INFO - [2025-04-09T22:49:33.595+0000] {dag.py:3239} INFO - Sync 1 DAGs
[2025-04-09T22:49:33.602+0000] {logging_mixin.py:190} INFO - [2025-04-09T22:49:33.602+0000] {dag.py:4180} INFO - Setting next_dagrun for example_display_name to None, run_after=None
[2025-04-09T22:49:33.611+0000] {processor.py:208} INFO - Processing /home/airflow/.local/lib/python3.12/site-packages/airflow/example_dags/example_display_name.py took 0.034 seconds
[2025-04-09T22:50:03.814+0000] {processor.py:186} INFO - Started process (PID=855) to work on /home/airflow/.local/lib/python3.12/site-packages/airflow/example_dags/example_display_name.py
[2025-04-09T22:50:03.815+0000] {processor.py:914} INFO - Processing file /home/airflow/.local/lib/python3.12/site-packages/airflow/example_dags/example_display_name.py for tasks to queue
[2025-04-09T22:50:03.817+0000] {logging_mixin.py:190} INFO - [2025-04-09T22:50:03.817+0000] {dagbag.py:588} INFO - Filling up the DagBag from /home/airflow/.local/lib/python3.12/site-packages/airflow/example_dags/example_display_name.py
[2025-04-09T22:50:03.821+0000] {processor.py:925} INFO - DAG(s) 'example_display_name' retrieved from /home/airflow/.local/lib/python3.12/site-packages/airflow/example_dags/example_display_name.py
[2025-04-09T22:50:03.831+0000] {logging_mixin.py:190} INFO - [2025-04-09T22:50:03.831+0000] {dag.py:3239} INFO - Sync 1 DAGs
[2025-04-09T22:50:03.839+0000] {logging_mixin.py:190} INFO - [2025-04-09T22:50:03.839+0000] {dag.py:4180} INFO - Setting next_dagrun for example_display_name to None, run_after=None
[2025-04-09T22:50:03.850+0000] {processor.py:208} INFO - Processing /home/airflow/.local/lib/python3.12/site-packages/airflow/example_dags/example_display_name.py took 0.039 seconds
[2025-04-09T22:50:34.016+0000] {processor.py:186} INFO - Started process (PID=919) to work on /home/airflow/.local/lib/python3.12/site-packages/airflow/example_dags/example_display_name.py
[2025-04-09T22:50:34.017+0000] {processor.py:914} INFO - Processing file /home/airflow/.local/lib/python3.12/site-packages/airflow/example_dags/example_display_name.py for tasks to queue
[2025-04-09T22:50:34.018+0000] {logging_mixin.py:190} INFO - [2025-04-09T22:50:34.018+0000] {dagbag.py:588} INFO - Filling up the DagBag from /home/airflow/.local/lib/python3.12/site-packages/airflow/example_dags/example_display_name.py
[2025-04-09T22:50:34.022+0000] {processor.py:925} INFO - DAG(s) 'example_display_name' retrieved from /home/airflow/.local/lib/python3.12/site-packages/airflow/example_dags/example_display_name.py
[2025-04-09T22:50:34.030+0000] {logging_mixin.py:190} INFO - [2025-04-09T22:50:34.030+0000] {dag.py:3239} INFO - Sync 1 DAGs
[2025-04-09T22:50:34.037+0000] {logging_mixin.py:190} INFO - [2025-04-09T22:50:34.037+0000] {dag.py:4180} INFO - Setting next_dagrun for example_display_name to None, run_after=None
[2025-04-09T22:50:34.044+0000] {processor.py:208} INFO - Processing /home/airflow/.local/lib/python3.12/site-packages/airflow/example_dags/example_display_name.py took 0.031 seconds
[2025-04-09T22:51:05.102+0000] {processor.py:186} INFO - Started process (PID=983) to work on /home/airflow/.local/lib/python3.12/site-packages/airflow/example_dags/example_display_name.py
[2025-04-09T22:51:05.103+0000] {processor.py:914} INFO - Processing file /home/airflow/.local/lib/python3.12/site-packages/airflow/example_dags/example_display_name.py for tasks to queue
[2025-04-09T22:51:05.105+0000] {logging_mixin.py:190} INFO - [2025-04-09T22:51:05.105+0000] {dagbag.py:588} INFO - Filling up the DagBag from /home/airflow/.local/lib/python3.12/site-packages/airflow/example_dags/example_display_name.py
[2025-04-09T22:51:05.110+0000] {processor.py:925} INFO - DAG(s) 'example_display_name' retrieved from /home/airflow/.local/lib/python3.12/site-packages/airflow/example_dags/example_display_name.py
[2025-04-09T22:51:05.121+0000] {logging_mixin.py:190} INFO - [2025-04-09T22:51:05.121+0000] {dag.py:3239} INFO - Sync 1 DAGs
[2025-04-09T22:51:05.129+0000] {logging_mixin.py:190} INFO - [2025-04-09T22:51:05.129+0000] {dag.py:4180} INFO - Setting next_dagrun for example_display_name to None, run_after=None
[2025-04-09T22:51:05.136+0000] {processor.py:208} INFO - Processing /home/airflow/.local/lib/python3.12/site-packages/airflow/example_dags/example_display_name.py took 0.038 seconds
[2025-04-09T22:51:35.275+0000] {processor.py:186} INFO - Started process (PID=1047) to work on /home/airflow/.local/lib/python3.12/site-packages/airflow/example_dags/example_display_name.py
[2025-04-09T22:51:35.276+0000] {processor.py:914} INFO - Processing file /home/airflow/.local/lib/python3.12/site-packages/airflow/example_dags/example_display_name.py for tasks to queue
[2025-04-09T22:51:35.277+0000] {logging_mixin.py:190} INFO - [2025-04-09T22:51:35.277+0000] {dagbag.py:588} INFO - Filling up the DagBag from /home/airflow/.local/lib/python3.12/site-packages/airflow/example_dags/example_display_name.py
[2025-04-09T22:51:35.281+0000] {processor.py:925} INFO - DAG(s) 'example_display_name' retrieved from /home/airflow/.local/lib/python3.12/site-packages/airflow/example_dags/example_display_name.py
[2025-04-09T22:51:35.289+0000] {logging_mixin.py:190} INFO - [2025-04-09T22:51:35.289+0000] {dag.py:3239} INFO - Sync 1 DAGs
[2025-04-09T22:51:35.296+0000] {logging_mixin.py:190} INFO - [2025-04-09T22:51:35.296+0000] {dag.py:4180} INFO - Setting next_dagrun for example_display_name to None, run_after=None
[2025-04-09T22:51:35.309+0000] {processor.py:208} INFO - Processing /home/airflow/.local/lib/python3.12/site-packages/airflow/example_dags/example_display_name.py took 0.037 seconds
[2025-04-09T22:52:05.433+0000] {processor.py:186} INFO - Started process (PID=1111) to work on /home/airflow/.local/lib/python3.12/site-packages/airflow/example_dags/example_display_name.py
[2025-04-09T22:52:05.433+0000] {processor.py:914} INFO - Processing file /home/airflow/.local/lib/python3.12/site-packages/airflow/example_dags/example_display_name.py for tasks to queue
[2025-04-09T22:52:05.434+0000] {logging_mixin.py:190} INFO - [2025-04-09T22:52:05.434+0000] {dagbag.py:588} INFO - Filling up the DagBag from /home/airflow/.local/lib/python3.12/site-packages/airflow/example_dags/example_display_name.py
[2025-04-09T22:52:05.438+0000] {processor.py:925} INFO - DAG(s) 'example_display_name' retrieved from /home/airflow/.local/lib/python3.12/site-packages/airflow/example_dags/example_display_name.py
[2025-04-09T22:52:05.446+0000] {logging_mixin.py:190} INFO - [2025-04-09T22:52:05.446+0000] {dag.py:3239} INFO - Sync 1 DAGs
[2025-04-09T22:52:05.451+0000] {logging_mixin.py:190} INFO - [2025-04-09T22:52:05.451+0000] {dag.py:4180} INFO - Setting next_dagrun for example_display_name to None, run_after=None
[2025-04-09T22:52:05.458+0000] {processor.py:208} INFO - Processing /home/airflow/.local/lib/python3.12/site-packages/airflow/example_dags/example_display_name.py took 0.028 seconds
[2025-04-09T22:52:35.789+0000] {processor.py:186} INFO - Started process (PID=1175) to work on /home/airflow/.local/lib/python3.12/site-packages/airflow/example_dags/example_display_name.py
[2025-04-09T22:52:35.790+0000] {processor.py:914} INFO - Processing file /home/airflow/.local/lib/python3.12/site-packages/airflow/example_dags/example_display_name.py for tasks to queue
[2025-04-09T22:52:35.791+0000] {logging_mixin.py:190} INFO - [2025-04-09T22:52:35.791+0000] {dagbag.py:588} INFO - Filling up the DagBag from /home/airflow/.local/lib/python3.12/site-packages/airflow/example_dags/example_display_name.py
[2025-04-09T22:52:35.795+0000] {processor.py:925} INFO - DAG(s) 'example_display_name' retrieved from /home/airflow/.local/lib/python3.12/site-packages/airflow/example_dags/example_display_name.py
[2025-04-09T22:52:35.804+0000] {logging_mixin.py:190} INFO - [2025-04-09T22:52:35.804+0000] {dag.py:3239} INFO - Sync 1 DAGs
[2025-04-09T22:52:35.811+0000] {logging_mixin.py:190} INFO - [2025-04-09T22:52:35.811+0000] {dag.py:4180} INFO - Setting next_dagrun for example_display_name to None, run_after=None
[2025-04-09T22:52:35.818+0000] {processor.py:208} INFO - Processing /home/airflow/.local/lib/python3.12/site-packages/airflow/example_dags/example_display_name.py took 0.031 seconds
[2025-04-09T22:53:05.914+0000] {processor.py:186} INFO - Started process (PID=1239) to work on /home/airflow/.local/lib/python3.12/site-packages/airflow/example_dags/example_display_name.py
[2025-04-09T22:53:05.915+0000] {processor.py:914} INFO - Processing file /home/airflow/.local/lib/python3.12/site-packages/airflow/example_dags/example_display_name.py for tasks to queue
[2025-04-09T22:53:05.916+0000] {logging_mixin.py:190} INFO - [2025-04-09T22:53:05.916+0000] {dagbag.py:588} INFO - Filling up the DagBag from /home/airflow/.local/lib/python3.12/site-packages/airflow/example_dags/example_display_name.py
[2025-04-09T22:53:05.920+0000] {processor.py:925} INFO - DAG(s) 'example_display_name' retrieved from /home/airflow/.local/lib/python3.12/site-packages/airflow/example_dags/example_display_name.py
[2025-04-09T22:53:05.928+0000] {logging_mixin.py:190} INFO - [2025-04-09T22:53:05.928+0000] {dag.py:3239} INFO - Sync 1 DAGs
[2025-04-09T22:53:05.934+0000] {logging_mixin.py:190} INFO - [2025-04-09T22:53:05.934+0000] {dag.py:4180} INFO - Setting next_dagrun for example_display_name to None, run_after=None
[2025-04-09T22:53:05.943+0000] {processor.py:208} INFO - Processing /home/airflow/.local/lib/python3.12/site-packages/airflow/example_dags/example_display_name.py took 0.031 seconds
[2025-04-09T22:53:36.778+0000] {processor.py:186} INFO - Started process (PID=1303) to work on /home/airflow/.local/lib/python3.12/site-packages/airflow/example_dags/example_display_name.py
[2025-04-09T22:53:36.778+0000] {processor.py:914} INFO - Processing file /home/airflow/.local/lib/python3.12/site-packages/airflow/example_dags/example_display_name.py for tasks to queue
[2025-04-09T22:53:36.779+0000] {logging_mixin.py:190} INFO - [2025-04-09T22:53:36.779+0000] {dagbag.py:588} INFO - Filling up the DagBag from /home/airflow/.local/lib/python3.12/site-packages/airflow/example_dags/example_display_name.py
[2025-04-09T22:53:36.783+0000] {processor.py:925} INFO - DAG(s) 'example_display_name' retrieved from /home/airflow/.local/lib/python3.12/site-packages/airflow/example_dags/example_display_name.py
[2025-04-09T22:53:36.791+0000] {logging_mixin.py:190} INFO - [2025-04-09T22:53:36.791+0000] {dag.py:3239} INFO - Sync 1 DAGs
[2025-04-09T22:53:36.797+0000] {logging_mixin.py:190} INFO - [2025-04-09T22:53:36.797+0000] {dag.py:4180} INFO - Setting next_dagrun for example_display_name to None, run_after=None
[2025-04-09T22:53:36.803+0000] {processor.py:208} INFO - Processing /home/airflow/.local/lib/python3.12/site-packages/airflow/example_dags/example_display_name.py took 0.028 seconds
[2025-04-09T22:54:07.106+0000] {processor.py:186} INFO - Started process (PID=1367) to work on /home/airflow/.local/lib/python3.12/site-packages/airflow/example_dags/example_display_name.py
[2025-04-09T22:54:07.107+0000] {processor.py:914} INFO - Processing file /home/airflow/.local/lib/python3.12/site-packages/airflow/example_dags/example_display_name.py for tasks to queue
[2025-04-09T22:54:07.108+0000] {logging_mixin.py:190} INFO - [2025-04-09T22:54:07.108+0000] {dagbag.py:588} INFO - Filling up the DagBag from /home/airflow/.local/lib/python3.12/site-packages/airflow/example_dags/example_display_name.py
[2025-04-09T22:54:07.111+0000] {processor.py:925} INFO - DAG(s) 'example_display_name' retrieved from /home/airflow/.local/lib/python3.12/site-packages/airflow/example_dags/example_display_name.py
[2025-04-09T22:54:07.121+0000] {logging_mixin.py:190} INFO - [2025-04-09T22:54:07.121+0000] {dag.py:3239} INFO - Sync 1 DAGs
[2025-04-09T22:54:07.129+0000] {logging_mixin.py:190} INFO - [2025-04-09T22:54:07.129+0000] {dag.py:4180} INFO - Setting next_dagrun for example_display_name to None, run_after=None
[2025-04-09T22:54:07.139+0000] {processor.py:208} INFO - Processing /home/airflow/.local/lib/python3.12/site-packages/airflow/example_dags/example_display_name.py took 0.035 seconds
[2025-04-09T22:54:37.636+0000] {processor.py:186} INFO - Started process (PID=1431) to work on /home/airflow/.local/lib/python3.12/site-packages/airflow/example_dags/example_display_name.py
[2025-04-09T22:54:37.637+0000] {processor.py:914} INFO - Processing file /home/airflow/.local/lib/python3.12/site-packages/airflow/example_dags/example_display_name.py for tasks to queue
[2025-04-09T22:54:37.640+0000] {logging_mixin.py:190} INFO - [2025-04-09T22:54:37.639+0000] {dagbag.py:588} INFO - Filling up the DagBag from /home/airflow/.local/lib/python3.12/site-packages/airflow/example_dags/example_display_name.py
[2025-04-09T22:54:37.643+0000] {processor.py:925} INFO - DAG(s) 'example_display_name' retrieved from /home/airflow/.local/lib/python3.12/site-packages/airflow/example_dags/example_display_name.py
[2025-04-09T22:54:37.655+0000] {logging_mixin.py:190} INFO - [2025-04-09T22:54:37.655+0000] {dag.py:3239} INFO - Sync 1 DAGs
[2025-04-09T22:54:37.661+0000] {logging_mixin.py:190} INFO - [2025-04-09T22:54:37.661+0000] {dag.py:4180} INFO - Setting next_dagrun for example_display_name to None, run_after=None
[2025-04-09T22:54:37.670+0000] {processor.py:208} INFO - Processing /home/airflow/.local/lib/python3.12/site-packages/airflow/example_dags/example_display_name.py took 0.037 seconds
