[2025-04-09T22:43:55.353+0000] {processor.py:186} INFO - Started process (PID=50) to work on /home/airflow/.local/lib/python3.12/site-packages/airflow/example_dags/example_sla_dag.py
[2025-04-09T22:43:55.354+0000] {processor.py:914} INFO - Processing file /home/airflow/.local/lib/python3.12/site-packages/airflow/example_dags/example_sla_dag.py for tasks to queue
[2025-04-09T22:43:55.356+0000] {logging_mixin.py:190} INFO - [2025-04-09T22:43:55.356+0000] {dagbag.py:588} INFO - Filling up the DagBag from /home/airflow/.local/lib/python3.12/site-packages/airflow/example_dags/example_sla_dag.py
[2025-04-09T22:43:55.364+0000] {processor.py:925} INFO - DAG(s) 'example_sla_dag' retrieved from /home/airflow/.local/lib/python3.12/site-packages/airflow/example_dags/example_sla_dag.py
[2025-04-09T22:43:55.395+0000] {logging_mixin.py:190} INFO - [2025-04-09T22:43:55.394+0000] {dag.py:3239} INFO - Sync 1 DAGs
[2025-04-09T22:43:55.612+0000] {logging_mixin.py:190} INFO - [2025-04-09T22:43:55.612+0000] {dag.py:4180} INFO - Setting next_dagrun for example_sla_dag to 2025-04-09 22:40:00+00:00, run_after=2025-04-09 22:42:00+00:00
[2025-04-09T22:43:55.623+0000] {processor.py:208} INFO - Processing /home/airflow/.local/lib/python3.12/site-packages/airflow/example_dags/example_sla_dag.py took 0.275 seconds
[2025-04-09T22:44:26.662+0000] {processor.py:186} INFO - Started process (PID=118) to work on /home/airflow/.local/lib/python3.12/site-packages/airflow/example_dags/example_sla_dag.py
[2025-04-09T22:44:26.663+0000] {processor.py:914} INFO - Processing file /home/airflow/.local/lib/python3.12/site-packages/airflow/example_dags/example_sla_dag.py for tasks to queue
[2025-04-09T22:44:26.667+0000] {logging_mixin.py:190} INFO - [2025-04-09T22:44:26.666+0000] {dagbag.py:588} INFO - Filling up the DagBag from /home/airflow/.local/lib/python3.12/site-packages/airflow/example_dags/example_sla_dag.py
[2025-04-09T22:44:26.687+0000] {processor.py:925} INFO - DAG(s) 'example_sla_dag' retrieved from /home/airflow/.local/lib/python3.12/site-packages/airflow/example_dags/example_sla_dag.py
[2025-04-09T22:44:26.712+0000] {logging_mixin.py:190} INFO - [2025-04-09T22:44:26.712+0000] {dag.py:3239} INFO - Sync 1 DAGs
[2025-04-09T22:44:26.734+0000] {logging_mixin.py:190} INFO - [2025-04-09T22:44:26.734+0000] {dag.py:4180} INFO - Setting next_dagrun for example_sla_dag to 2025-04-09 22:42:00+00:00, run_after=2025-04-09 22:44:00+00:00
[2025-04-09T22:44:26.743+0000] {processor.py:208} INFO - Processing /home/airflow/.local/lib/python3.12/site-packages/airflow/example_dags/example_sla_dag.py took 0.087 seconds
[2025-04-09T22:44:56.827+0000] {processor.py:186} INFO - Started process (PID=181) to work on /home/airflow/.local/lib/python3.12/site-packages/airflow/example_dags/example_sla_dag.py
[2025-04-09T22:44:56.829+0000] {processor.py:914} INFO - Processing file /home/airflow/.local/lib/python3.12/site-packages/airflow/example_dags/example_sla_dag.py for tasks to queue
[2025-04-09T22:44:56.835+0000] {logging_mixin.py:190} INFO - [2025-04-09T22:44:56.834+0000] {dagbag.py:588} INFO - Filling up the DagBag from /home/airflow/.local/lib/python3.12/site-packages/airflow/example_dags/example_sla_dag.py
[2025-04-09T22:44:56.856+0000] {processor.py:925} INFO - DAG(s) 'example_sla_dag' retrieved from /home/airflow/.local/lib/python3.12/site-packages/airflow/example_dags/example_sla_dag.py
[2025-04-09T22:44:56.880+0000] {logging_mixin.py:190} INFO - [2025-04-09T22:44:56.879+0000] {dag.py:3239} INFO - Sync 1 DAGs
[2025-04-09T22:44:56.903+0000] {logging_mixin.py:190} INFO - [2025-04-09T22:44:56.903+0000] {dag.py:4180} INFO - Setting next_dagrun for example_sla_dag to 2025-04-09 22:42:00+00:00, run_after=2025-04-09 22:44:00+00:00
[2025-04-09T22:44:56.914+0000] {processor.py:208} INFO - Processing /home/airflow/.local/lib/python3.12/site-packages/airflow/example_dags/example_sla_dag.py took 0.098 seconds
[2025-04-09T22:45:27.865+0000] {processor.py:186} INFO - Started process (PID=246) to work on /home/airflow/.local/lib/python3.12/site-packages/airflow/example_dags/example_sla_dag.py
[2025-04-09T22:45:27.867+0000] {processor.py:914} INFO - Processing file /home/airflow/.local/lib/python3.12/site-packages/airflow/example_dags/example_sla_dag.py for tasks to queue
[2025-04-09T22:45:27.871+0000] {logging_mixin.py:190} INFO - [2025-04-09T22:45:27.870+0000] {dagbag.py:588} INFO - Filling up the DagBag from /home/airflow/.local/lib/python3.12/site-packages/airflow/example_dags/example_sla_dag.py
[2025-04-09T22:45:27.888+0000] {processor.py:925} INFO - DAG(s) 'example_sla_dag' retrieved from /home/airflow/.local/lib/python3.12/site-packages/airflow/example_dags/example_sla_dag.py
[2025-04-09T22:45:27.913+0000] {logging_mixin.py:190} INFO - [2025-04-09T22:45:27.913+0000] {dag.py:3239} INFO - Sync 1 DAGs
[2025-04-09T22:45:27.930+0000] {logging_mixin.py:190} INFO - [2025-04-09T22:45:27.930+0000] {dag.py:4180} INFO - Setting next_dagrun for example_sla_dag to 2025-04-09 22:42:00+00:00, run_after=2025-04-09 22:44:00+00:00
[2025-04-09T22:45:27.941+0000] {processor.py:208} INFO - Processing /home/airflow/.local/lib/python3.12/site-packages/airflow/example_dags/example_sla_dag.py took 0.084 seconds
[2025-04-09T22:45:58.009+0000] {processor.py:186} INFO - Started process (PID=309) to work on /home/airflow/.local/lib/python3.12/site-packages/airflow/example_dags/example_sla_dag.py
[2025-04-09T22:45:58.012+0000] {processor.py:914} INFO - Processing file /home/airflow/.local/lib/python3.12/site-packages/airflow/example_dags/example_sla_dag.py for tasks to queue
[2025-04-09T22:45:58.018+0000] {logging_mixin.py:190} INFO - [2025-04-09T22:45:58.018+0000] {dagbag.py:588} INFO - Filling up the DagBag from /home/airflow/.local/lib/python3.12/site-packages/airflow/example_dags/example_sla_dag.py
[2025-04-09T22:45:58.036+0000] {processor.py:925} INFO - DAG(s) 'example_sla_dag' retrieved from /home/airflow/.local/lib/python3.12/site-packages/airflow/example_dags/example_sla_dag.py
[2025-04-09T22:45:58.057+0000] {logging_mixin.py:190} INFO - [2025-04-09T22:45:58.057+0000] {dag.py:3239} INFO - Sync 1 DAGs
[2025-04-09T22:45:58.078+0000] {logging_mixin.py:190} INFO - [2025-04-09T22:45:58.078+0000] {dag.py:4180} INFO - Setting next_dagrun for example_sla_dag to 2025-04-09 22:42:00+00:00, run_after=2025-04-09 22:44:00+00:00
[2025-04-09T22:45:58.087+0000] {processor.py:208} INFO - Processing /home/airflow/.local/lib/python3.12/site-packages/airflow/example_dags/example_sla_dag.py took 0.103 seconds
[2025-04-09T22:46:28.406+0000] {processor.py:186} INFO - Started process (PID=374) to work on /home/airflow/.local/lib/python3.12/site-packages/airflow/example_dags/example_sla_dag.py
[2025-04-09T22:46:28.407+0000] {processor.py:914} INFO - Processing file /home/airflow/.local/lib/python3.12/site-packages/airflow/example_dags/example_sla_dag.py for tasks to queue
[2025-04-09T22:46:28.412+0000] {logging_mixin.py:190} INFO - [2025-04-09T22:46:28.411+0000] {dagbag.py:588} INFO - Filling up the DagBag from /home/airflow/.local/lib/python3.12/site-packages/airflow/example_dags/example_sla_dag.py
[2025-04-09T22:46:28.441+0000] {processor.py:925} INFO - DAG(s) 'example_sla_dag' retrieved from /home/airflow/.local/lib/python3.12/site-packages/airflow/example_dags/example_sla_dag.py
[2025-04-09T22:46:28.479+0000] {logging_mixin.py:190} INFO - [2025-04-09T22:46:28.479+0000] {dag.py:3239} INFO - Sync 1 DAGs
[2025-04-09T22:46:28.501+0000] {logging_mixin.py:190} INFO - [2025-04-09T22:46:28.501+0000] {dag.py:4180} INFO - Setting next_dagrun for example_sla_dag to 2025-04-09 22:44:00+00:00, run_after=2025-04-09 22:46:00+00:00
[2025-04-09T22:46:28.512+0000] {processor.py:208} INFO - Processing /home/airflow/.local/lib/python3.12/site-packages/airflow/example_dags/example_sla_dag.py took 0.119 seconds
[2025-04-09T22:46:58.718+0000] {processor.py:186} INFO - Started process (PID=437) to work on /home/airflow/.local/lib/python3.12/site-packages/airflow/example_dags/example_sla_dag.py
[2025-04-09T22:46:58.719+0000] {processor.py:914} INFO - Processing file /home/airflow/.local/lib/python3.12/site-packages/airflow/example_dags/example_sla_dag.py for tasks to queue
[2025-04-09T22:46:58.723+0000] {logging_mixin.py:190} INFO - [2025-04-09T22:46:58.723+0000] {dagbag.py:588} INFO - Filling up the DagBag from /home/airflow/.local/lib/python3.12/site-packages/airflow/example_dags/example_sla_dag.py
[2025-04-09T22:46:58.741+0000] {processor.py:925} INFO - DAG(s) 'example_sla_dag' retrieved from /home/airflow/.local/lib/python3.12/site-packages/airflow/example_dags/example_sla_dag.py
[2025-04-09T22:46:58.754+0000] {logging_mixin.py:190} INFO - [2025-04-09T22:46:58.754+0000] {dag.py:3239} INFO - Sync 1 DAGs
[2025-04-09T22:46:58.767+0000] {logging_mixin.py:190} INFO - [2025-04-09T22:46:58.767+0000] {dag.py:4180} INFO - Setting next_dagrun for example_sla_dag to 2025-04-09 22:44:00+00:00, run_after=2025-04-09 22:46:00+00:00
[2025-04-09T22:46:58.774+0000] {processor.py:208} INFO - Processing /home/airflow/.local/lib/python3.12/site-packages/airflow/example_dags/example_sla_dag.py took 0.062 seconds
[2025-04-09T22:47:29.088+0000] {processor.py:186} INFO - Started process (PID=501) to work on /home/airflow/.local/lib/python3.12/site-packages/airflow/example_dags/example_sla_dag.py
[2025-04-09T22:47:29.090+0000] {processor.py:914} INFO - Processing file /home/airflow/.local/lib/python3.12/site-packages/airflow/example_dags/example_sla_dag.py for tasks to queue
[2025-04-09T22:47:29.095+0000] {logging_mixin.py:190} INFO - [2025-04-09T22:47:29.095+0000] {dagbag.py:588} INFO - Filling up the DagBag from /home/airflow/.local/lib/python3.12/site-packages/airflow/example_dags/example_sla_dag.py
[2025-04-09T22:47:29.115+0000] {processor.py:925} INFO - DAG(s) 'example_sla_dag' retrieved from /home/airflow/.local/lib/python3.12/site-packages/airflow/example_dags/example_sla_dag.py
[2025-04-09T22:47:29.147+0000] {logging_mixin.py:190} INFO - [2025-04-09T22:47:29.147+0000] {dag.py:3239} INFO - Sync 1 DAGs
[2025-04-09T22:47:29.174+0000] {logging_mixin.py:190} INFO - [2025-04-09T22:47:29.174+0000] {dag.py:4180} INFO - Setting next_dagrun for example_sla_dag to 2025-04-09 22:44:00+00:00, run_after=2025-04-09 22:46:00+00:00
[2025-04-09T22:47:29.186+0000] {processor.py:208} INFO - Processing /home/airflow/.local/lib/python3.12/site-packages/airflow/example_dags/example_sla_dag.py took 0.107 seconds
[2025-04-09T22:47:59.536+0000] {processor.py:186} INFO - Started process (PID=571) to work on /home/airflow/.local/lib/python3.12/site-packages/airflow/example_dags/example_sla_dag.py
[2025-04-09T22:47:59.537+0000] {processor.py:914} INFO - Processing file /home/airflow/.local/lib/python3.12/site-packages/airflow/example_dags/example_sla_dag.py for tasks to queue
[2025-04-09T22:47:59.543+0000] {logging_mixin.py:190} INFO - [2025-04-09T22:47:59.542+0000] {dagbag.py:588} INFO - Filling up the DagBag from /home/airflow/.local/lib/python3.12/site-packages/airflow/example_dags/example_sla_dag.py
[2025-04-09T22:47:59.570+0000] {processor.py:925} INFO - DAG(s) 'example_sla_dag' retrieved from /home/airflow/.local/lib/python3.12/site-packages/airflow/example_dags/example_sla_dag.py
[2025-04-09T22:47:59.592+0000] {logging_mixin.py:190} INFO - [2025-04-09T22:47:59.592+0000] {dag.py:3239} INFO - Sync 1 DAGs
[2025-04-09T22:47:59.616+0000] {logging_mixin.py:190} INFO - [2025-04-09T22:47:59.616+0000] {dag.py:4180} INFO - Setting next_dagrun for example_sla_dag to 2025-04-09 22:44:00+00:00, run_after=2025-04-09 22:46:00+00:00
[2025-04-09T22:47:59.632+0000] {processor.py:208} INFO - Processing /home/airflow/.local/lib/python3.12/site-packages/airflow/example_dags/example_sla_dag.py took 0.106 seconds
[2025-04-09T22:48:30.066+0000] {processor.py:186} INFO - Started process (PID=635) to work on /home/airflow/.local/lib/python3.12/site-packages/airflow/example_dags/example_sla_dag.py
[2025-04-09T22:48:30.071+0000] {processor.py:914} INFO - Processing file /home/airflow/.local/lib/python3.12/site-packages/airflow/example_dags/example_sla_dag.py for tasks to queue
[2025-04-09T22:48:30.077+0000] {logging_mixin.py:190} INFO - [2025-04-09T22:48:30.076+0000] {dagbag.py:588} INFO - Filling up the DagBag from /home/airflow/.local/lib/python3.12/site-packages/airflow/example_dags/example_sla_dag.py
[2025-04-09T22:48:30.099+0000] {processor.py:925} INFO - DAG(s) 'example_sla_dag' retrieved from /home/airflow/.local/lib/python3.12/site-packages/airflow/example_dags/example_sla_dag.py
[2025-04-09T22:48:30.137+0000] {logging_mixin.py:190} INFO - [2025-04-09T22:48:30.137+0000] {dag.py:3239} INFO - Sync 1 DAGs
[2025-04-09T22:48:30.156+0000] {logging_mixin.py:190} INFO - [2025-04-09T22:48:30.156+0000] {dag.py:4180} INFO - Setting next_dagrun for example_sla_dag to 2025-04-09 22:46:00+00:00, run_after=2025-04-09 22:48:00+00:00
[2025-04-09T22:48:30.175+0000] {processor.py:208} INFO - Processing /home/airflow/.local/lib/python3.12/site-packages/airflow/example_dags/example_sla_dag.py took 0.121 seconds
[2025-04-09T22:49:00.358+0000] {processor.py:186} INFO - Started process (PID=699) to work on /home/airflow/.local/lib/python3.12/site-packages/airflow/example_dags/example_sla_dag.py
[2025-04-09T22:49:00.359+0000] {processor.py:914} INFO - Processing file /home/airflow/.local/lib/python3.12/site-packages/airflow/example_dags/example_sla_dag.py for tasks to queue
[2025-04-09T22:49:00.363+0000] {logging_mixin.py:190} INFO - [2025-04-09T22:49:00.362+0000] {dagbag.py:588} INFO - Filling up the DagBag from /home/airflow/.local/lib/python3.12/site-packages/airflow/example_dags/example_sla_dag.py
[2025-04-09T22:49:00.378+0000] {processor.py:925} INFO - DAG(s) 'example_sla_dag' retrieved from /home/airflow/.local/lib/python3.12/site-packages/airflow/example_dags/example_sla_dag.py
[2025-04-09T22:49:00.394+0000] {logging_mixin.py:190} INFO - [2025-04-09T22:49:00.394+0000] {dag.py:3239} INFO - Sync 1 DAGs
[2025-04-09T22:49:00.410+0000] {logging_mixin.py:190} INFO - [2025-04-09T22:49:00.410+0000] {dag.py:4180} INFO - Setting next_dagrun for example_sla_dag to 2025-04-09 22:46:00+00:00, run_after=2025-04-09 22:48:00+00:00
[2025-04-09T22:49:00.421+0000] {processor.py:208} INFO - Processing /home/airflow/.local/lib/python3.12/site-packages/airflow/example_dags/example_sla_dag.py took 0.070 seconds
[2025-04-09T22:49:30.493+0000] {processor.py:186} INFO - Started process (PID=762) to work on /home/airflow/.local/lib/python3.12/site-packages/airflow/example_dags/example_sla_dag.py
[2025-04-09T22:49:30.494+0000] {processor.py:914} INFO - Processing file /home/airflow/.local/lib/python3.12/site-packages/airflow/example_dags/example_sla_dag.py for tasks to queue
[2025-04-09T22:49:30.496+0000] {logging_mixin.py:190} INFO - [2025-04-09T22:49:30.496+0000] {dagbag.py:588} INFO - Filling up the DagBag from /home/airflow/.local/lib/python3.12/site-packages/airflow/example_dags/example_sla_dag.py
[2025-04-09T22:49:30.506+0000] {processor.py:925} INFO - DAG(s) 'example_sla_dag' retrieved from /home/airflow/.local/lib/python3.12/site-packages/airflow/example_dags/example_sla_dag.py
[2025-04-09T22:49:30.520+0000] {logging_mixin.py:190} INFO - [2025-04-09T22:49:30.520+0000] {dag.py:3239} INFO - Sync 1 DAGs
[2025-04-09T22:49:30.533+0000] {logging_mixin.py:190} INFO - [2025-04-09T22:49:30.533+0000] {dag.py:4180} INFO - Setting next_dagrun for example_sla_dag to 2025-04-09 22:46:00+00:00, run_after=2025-04-09 22:48:00+00:00
[2025-04-09T22:49:30.542+0000] {processor.py:208} INFO - Processing /home/airflow/.local/lib/python3.12/site-packages/airflow/example_dags/example_sla_dag.py took 0.056 seconds
[2025-04-09T22:50:00.765+0000] {processor.py:186} INFO - Started process (PID=827) to work on /home/airflow/.local/lib/python3.12/site-packages/airflow/example_dags/example_sla_dag.py
[2025-04-09T22:50:00.766+0000] {processor.py:914} INFO - Processing file /home/airflow/.local/lib/python3.12/site-packages/airflow/example_dags/example_sla_dag.py for tasks to queue
[2025-04-09T22:50:00.770+0000] {logging_mixin.py:190} INFO - [2025-04-09T22:50:00.770+0000] {dagbag.py:588} INFO - Filling up the DagBag from /home/airflow/.local/lib/python3.12/site-packages/airflow/example_dags/example_sla_dag.py
[2025-04-09T22:50:00.785+0000] {processor.py:925} INFO - DAG(s) 'example_sla_dag' retrieved from /home/airflow/.local/lib/python3.12/site-packages/airflow/example_dags/example_sla_dag.py
[2025-04-09T22:50:00.806+0000] {logging_mixin.py:190} INFO - [2025-04-09T22:50:00.806+0000] {dag.py:3239} INFO - Sync 1 DAGs
[2025-04-09T22:50:00.822+0000] {logging_mixin.py:190} INFO - [2025-04-09T22:50:00.822+0000] {dag.py:4180} INFO - Setting next_dagrun for example_sla_dag to 2025-04-09 22:48:00+00:00, run_after=2025-04-09 22:50:00+00:00
[2025-04-09T22:50:00.835+0000] {processor.py:208} INFO - Processing /home/airflow/.local/lib/python3.12/site-packages/airflow/example_dags/example_sla_dag.py took 0.078 seconds
[2025-04-09T22:50:30.971+0000] {processor.py:186} INFO - Started process (PID=891) to work on /home/airflow/.local/lib/python3.12/site-packages/airflow/example_dags/example_sla_dag.py
[2025-04-09T22:50:30.972+0000] {processor.py:914} INFO - Processing file /home/airflow/.local/lib/python3.12/site-packages/airflow/example_dags/example_sla_dag.py for tasks to queue
[2025-04-09T22:50:30.974+0000] {logging_mixin.py:190} INFO - [2025-04-09T22:50:30.973+0000] {dagbag.py:588} INFO - Filling up the DagBag from /home/airflow/.local/lib/python3.12/site-packages/airflow/example_dags/example_sla_dag.py
[2025-04-09T22:50:30.986+0000] {processor.py:925} INFO - DAG(s) 'example_sla_dag' retrieved from /home/airflow/.local/lib/python3.12/site-packages/airflow/example_dags/example_sla_dag.py
[2025-04-09T22:50:31.000+0000] {logging_mixin.py:190} INFO - [2025-04-09T22:50:31.000+0000] {dag.py:3239} INFO - Sync 1 DAGs
[2025-04-09T22:50:31.014+0000] {logging_mixin.py:190} INFO - [2025-04-09T22:50:31.014+0000] {dag.py:4180} INFO - Setting next_dagrun for example_sla_dag to 2025-04-09 22:48:00+00:00, run_after=2025-04-09 22:50:00+00:00
[2025-04-09T22:50:31.022+0000] {processor.py:208} INFO - Processing /home/airflow/.local/lib/python3.12/site-packages/airflow/example_dags/example_sla_dag.py took 0.056 seconds
[2025-04-09T22:51:02.040+0000] {processor.py:186} INFO - Started process (PID=955) to work on /home/airflow/.local/lib/python3.12/site-packages/airflow/example_dags/example_sla_dag.py
[2025-04-09T22:51:02.042+0000] {processor.py:914} INFO - Processing file /home/airflow/.local/lib/python3.12/site-packages/airflow/example_dags/example_sla_dag.py for tasks to queue
[2025-04-09T22:51:02.043+0000] {logging_mixin.py:190} INFO - [2025-04-09T22:51:02.043+0000] {dagbag.py:588} INFO - Filling up the DagBag from /home/airflow/.local/lib/python3.12/site-packages/airflow/example_dags/example_sla_dag.py
[2025-04-09T22:51:02.054+0000] {processor.py:925} INFO - DAG(s) 'example_sla_dag' retrieved from /home/airflow/.local/lib/python3.12/site-packages/airflow/example_dags/example_sla_dag.py
[2025-04-09T22:51:02.064+0000] {logging_mixin.py:190} INFO - [2025-04-09T22:51:02.064+0000] {dag.py:3239} INFO - Sync 1 DAGs
[2025-04-09T22:51:02.076+0000] {logging_mixin.py:190} INFO - [2025-04-09T22:51:02.075+0000] {dag.py:4180} INFO - Setting next_dagrun for example_sla_dag to 2025-04-09 22:48:00+00:00, run_after=2025-04-09 22:50:00+00:00
[2025-04-09T22:51:02.083+0000] {processor.py:208} INFO - Processing /home/airflow/.local/lib/python3.12/site-packages/airflow/example_dags/example_sla_dag.py took 0.046 seconds
[2025-04-09T22:51:32.246+0000] {processor.py:186} INFO - Started process (PID=1019) to work on /home/airflow/.local/lib/python3.12/site-packages/airflow/example_dags/example_sla_dag.py
[2025-04-09T22:51:32.248+0000] {processor.py:914} INFO - Processing file /home/airflow/.local/lib/python3.12/site-packages/airflow/example_dags/example_sla_dag.py for tasks to queue
[2025-04-09T22:51:32.253+0000] {logging_mixin.py:190} INFO - [2025-04-09T22:51:32.253+0000] {dagbag.py:588} INFO - Filling up the DagBag from /home/airflow/.local/lib/python3.12/site-packages/airflow/example_dags/example_sla_dag.py
[2025-04-09T22:51:32.263+0000] {processor.py:925} INFO - DAG(s) 'example_sla_dag' retrieved from /home/airflow/.local/lib/python3.12/site-packages/airflow/example_dags/example_sla_dag.py
[2025-04-09T22:51:32.281+0000] {logging_mixin.py:190} INFO - [2025-04-09T22:51:32.280+0000] {dag.py:3239} INFO - Sync 1 DAGs
[2025-04-09T22:51:32.294+0000] {logging_mixin.py:190} INFO - [2025-04-09T22:51:32.294+0000] {dag.py:4180} INFO - Setting next_dagrun for example_sla_dag to 2025-04-09 22:48:00+00:00, run_after=2025-04-09 22:50:00+00:00
[2025-04-09T22:51:32.302+0000] {processor.py:208} INFO - Processing /home/airflow/.local/lib/python3.12/site-packages/airflow/example_dags/example_sla_dag.py took 0.062 seconds
[2025-04-09T22:52:02.390+0000] {processor.py:186} INFO - Started process (PID=1082) to work on /home/airflow/.local/lib/python3.12/site-packages/airflow/example_dags/example_sla_dag.py
[2025-04-09T22:52:02.391+0000] {processor.py:914} INFO - Processing file /home/airflow/.local/lib/python3.12/site-packages/airflow/example_dags/example_sla_dag.py for tasks to queue
[2025-04-09T22:52:02.396+0000] {logging_mixin.py:190} INFO - [2025-04-09T22:52:02.395+0000] {dagbag.py:588} INFO - Filling up the DagBag from /home/airflow/.local/lib/python3.12/site-packages/airflow/example_dags/example_sla_dag.py
[2025-04-09T22:52:02.412+0000] {processor.py:925} INFO - DAG(s) 'example_sla_dag' retrieved from /home/airflow/.local/lib/python3.12/site-packages/airflow/example_dags/example_sla_dag.py
[2025-04-09T22:52:02.429+0000] {logging_mixin.py:190} INFO - [2025-04-09T22:52:02.428+0000] {dag.py:3239} INFO - Sync 1 DAGs
[2025-04-09T22:52:02.449+0000] {logging_mixin.py:190} INFO - [2025-04-09T22:52:02.449+0000] {dag.py:4180} INFO - Setting next_dagrun for example_sla_dag to 2025-04-09 22:50:00+00:00, run_after=2025-04-09 22:52:00+00:00
[2025-04-09T22:52:02.462+0000] {processor.py:208} INFO - Processing /home/airflow/.local/lib/python3.12/site-packages/airflow/example_dags/example_sla_dag.py took 0.083 seconds
[2025-04-09T22:52:32.598+0000] {processor.py:186} INFO - Started process (PID=1146) to work on /home/airflow/.local/lib/python3.12/site-packages/airflow/example_dags/example_sla_dag.py
[2025-04-09T22:52:32.600+0000] {processor.py:914} INFO - Processing file /home/airflow/.local/lib/python3.12/site-packages/airflow/example_dags/example_sla_dag.py for tasks to queue
[2025-04-09T22:52:32.606+0000] {logging_mixin.py:190} INFO - [2025-04-09T22:52:32.605+0000] {dagbag.py:588} INFO - Filling up the DagBag from /home/airflow/.local/lib/python3.12/site-packages/airflow/example_dags/example_sla_dag.py
[2025-04-09T22:52:32.625+0000] {processor.py:925} INFO - DAG(s) 'example_sla_dag' retrieved from /home/airflow/.local/lib/python3.12/site-packages/airflow/example_dags/example_sla_dag.py
[2025-04-09T22:52:32.651+0000] {logging_mixin.py:190} INFO - [2025-04-09T22:52:32.651+0000] {dag.py:3239} INFO - Sync 1 DAGs
[2025-04-09T22:52:32.668+0000] {logging_mixin.py:190} INFO - [2025-04-09T22:52:32.668+0000] {dag.py:4180} INFO - Setting next_dagrun for example_sla_dag to 2025-04-09 22:50:00+00:00, run_after=2025-04-09 22:52:00+00:00
[2025-04-09T22:52:32.682+0000] {processor.py:208} INFO - Processing /home/airflow/.local/lib/python3.12/site-packages/airflow/example_dags/example_sla_dag.py took 0.098 seconds
[2025-04-09T22:53:02.868+0000] {processor.py:186} INFO - Started process (PID=1211) to work on /home/airflow/.local/lib/python3.12/site-packages/airflow/example_dags/example_sla_dag.py
[2025-04-09T22:53:02.870+0000] {processor.py:914} INFO - Processing file /home/airflow/.local/lib/python3.12/site-packages/airflow/example_dags/example_sla_dag.py for tasks to queue
[2025-04-09T22:53:02.873+0000] {logging_mixin.py:190} INFO - [2025-04-09T22:53:02.872+0000] {dagbag.py:588} INFO - Filling up the DagBag from /home/airflow/.local/lib/python3.12/site-packages/airflow/example_dags/example_sla_dag.py
[2025-04-09T22:53:02.885+0000] {processor.py:925} INFO - DAG(s) 'example_sla_dag' retrieved from /home/airflow/.local/lib/python3.12/site-packages/airflow/example_dags/example_sla_dag.py
[2025-04-09T22:53:02.899+0000] {logging_mixin.py:190} INFO - [2025-04-09T22:53:02.899+0000] {dag.py:3239} INFO - Sync 1 DAGs
[2025-04-09T22:53:02.914+0000] {logging_mixin.py:190} INFO - [2025-04-09T22:53:02.914+0000] {dag.py:4180} INFO - Setting next_dagrun for example_sla_dag to 2025-04-09 22:50:00+00:00, run_after=2025-04-09 22:52:00+00:00
[2025-04-09T22:53:02.923+0000] {processor.py:208} INFO - Processing /home/airflow/.local/lib/python3.12/site-packages/airflow/example_dags/example_sla_dag.py took 0.059 seconds
[2025-04-09T22:53:33.855+0000] {processor.py:186} INFO - Started process (PID=1275) to work on /home/airflow/.local/lib/python3.12/site-packages/airflow/example_dags/example_sla_dag.py
[2025-04-09T22:53:33.856+0000] {processor.py:914} INFO - Processing file /home/airflow/.local/lib/python3.12/site-packages/airflow/example_dags/example_sla_dag.py for tasks to queue
[2025-04-09T22:53:33.858+0000] {logging_mixin.py:190} INFO - [2025-04-09T22:53:33.858+0000] {dagbag.py:588} INFO - Filling up the DagBag from /home/airflow/.local/lib/python3.12/site-packages/airflow/example_dags/example_sla_dag.py
[2025-04-09T22:53:33.866+0000] {processor.py:925} INFO - DAG(s) 'example_sla_dag' retrieved from /home/airflow/.local/lib/python3.12/site-packages/airflow/example_dags/example_sla_dag.py
[2025-04-09T22:53:33.878+0000] {logging_mixin.py:190} INFO - [2025-04-09T22:53:33.877+0000] {dag.py:3239} INFO - Sync 1 DAGs
[2025-04-09T22:53:33.891+0000] {logging_mixin.py:190} INFO - [2025-04-09T22:53:33.891+0000] {dag.py:4180} INFO - Setting next_dagrun for example_sla_dag to 2025-04-09 22:50:00+00:00, run_after=2025-04-09 22:52:00+00:00
[2025-04-09T22:53:33.899+0000] {processor.py:208} INFO - Processing /home/airflow/.local/lib/python3.12/site-packages/airflow/example_dags/example_sla_dag.py took 0.049 seconds
[2025-04-09T22:54:04.913+0000] {processor.py:186} INFO - Started process (PID=1339) to work on /home/airflow/.local/lib/python3.12/site-packages/airflow/example_dags/example_sla_dag.py
[2025-04-09T22:54:04.914+0000] {processor.py:914} INFO - Processing file /home/airflow/.local/lib/python3.12/site-packages/airflow/example_dags/example_sla_dag.py for tasks to queue
[2025-04-09T22:54:04.918+0000] {logging_mixin.py:190} INFO - [2025-04-09T22:54:04.917+0000] {dagbag.py:588} INFO - Filling up the DagBag from /home/airflow/.local/lib/python3.12/site-packages/airflow/example_dags/example_sla_dag.py
[2025-04-09T22:54:04.931+0000] {processor.py:925} INFO - DAG(s) 'example_sla_dag' retrieved from /home/airflow/.local/lib/python3.12/site-packages/airflow/example_dags/example_sla_dag.py
[2025-04-09T22:54:04.954+0000] {logging_mixin.py:190} INFO - [2025-04-09T22:54:04.954+0000] {dag.py:3239} INFO - Sync 1 DAGs
[2025-04-09T22:54:04.969+0000] {logging_mixin.py:190} INFO - [2025-04-09T22:54:04.969+0000] {dag.py:4180} INFO - Setting next_dagrun for example_sla_dag to 2025-04-09 22:52:00+00:00, run_after=2025-04-09 22:54:00+00:00
[2025-04-09T22:54:04.980+0000] {processor.py:208} INFO - Processing /home/airflow/.local/lib/python3.12/site-packages/airflow/example_dags/example_sla_dag.py took 0.075 seconds
[2025-04-09T22:54:35.515+0000] {processor.py:186} INFO - Started process (PID=1403) to work on /home/airflow/.local/lib/python3.12/site-packages/airflow/example_dags/example_sla_dag.py
[2025-04-09T22:54:35.517+0000] {processor.py:914} INFO - Processing file /home/airflow/.local/lib/python3.12/site-packages/airflow/example_dags/example_sla_dag.py for tasks to queue
[2025-04-09T22:54:35.522+0000] {logging_mixin.py:190} INFO - [2025-04-09T22:54:35.521+0000] {dagbag.py:588} INFO - Filling up the DagBag from /home/airflow/.local/lib/python3.12/site-packages/airflow/example_dags/example_sla_dag.py
[2025-04-09T22:54:35.539+0000] {processor.py:925} INFO - DAG(s) 'example_sla_dag' retrieved from /home/airflow/.local/lib/python3.12/site-packages/airflow/example_dags/example_sla_dag.py
[2025-04-09T22:54:35.562+0000] {logging_mixin.py:190} INFO - [2025-04-09T22:54:35.561+0000] {dag.py:3239} INFO - Sync 1 DAGs
[2025-04-09T22:54:35.579+0000] {logging_mixin.py:190} INFO - [2025-04-09T22:54:35.579+0000] {dag.py:4180} INFO - Setting next_dagrun for example_sla_dag to 2025-04-09 22:52:00+00:00, run_after=2025-04-09 22:54:00+00:00
[2025-04-09T22:54:35.589+0000] {processor.py:208} INFO - Processing /home/airflow/.local/lib/python3.12/site-packages/airflow/example_dags/example_sla_dag.py took 0.081 seconds
[2025-04-09T23:03:41.519+0000] {processor.py:186} INFO - Started process (PID=2554) to work on /home/airflow/.local/lib/python3.12/site-packages/airflow/example_dags/example_sla_dag.py
[2025-04-09T23:03:41.520+0000] {processor.py:914} INFO - Processing file /home/airflow/.local/lib/python3.12/site-packages/airflow/example_dags/example_sla_dag.py for tasks to queue
[2025-04-09T23:03:41.526+0000] {logging_mixin.py:190} INFO - [2025-04-09T23:03:41.525+0000] {dagbag.py:588} INFO - Filling up the DagBag from /home/airflow/.local/lib/python3.12/site-packages/airflow/example_dags/example_sla_dag.py
[2025-04-09T23:03:41.548+0000] {processor.py:925} INFO - DAG(s) 'example_sla_dag' retrieved from /home/airflow/.local/lib/python3.12/site-packages/airflow/example_dags/example_sla_dag.py
[2025-04-09T23:03:41.576+0000] {logging_mixin.py:190} INFO - [2025-04-09T23:03:41.576+0000] {dag.py:3239} INFO - Sync 1 DAGs
[2025-04-09T23:03:41.606+0000] {logging_mixin.py:190} INFO - [2025-04-09T23:03:41.606+0000] {dag.py:4180} INFO - Setting next_dagrun for example_sla_dag to 2025-04-09 23:00:00+00:00, run_after=2025-04-09 23:02:00+00:00
[2025-04-09T23:03:41.622+0000] {processor.py:208} INFO - Processing /home/airflow/.local/lib/python3.12/site-packages/airflow/example_dags/example_sla_dag.py took 0.124 seconds
[2025-04-09T23:04:12.117+0000] {processor.py:186} INFO - Started process (PID=2619) to work on /home/airflow/.local/lib/python3.12/site-packages/airflow/example_dags/example_sla_dag.py
[2025-04-09T23:04:12.119+0000] {processor.py:914} INFO - Processing file /home/airflow/.local/lib/python3.12/site-packages/airflow/example_dags/example_sla_dag.py for tasks to queue
[2025-04-09T23:04:12.123+0000] {logging_mixin.py:190} INFO - [2025-04-09T23:04:12.123+0000] {dagbag.py:588} INFO - Filling up the DagBag from /home/airflow/.local/lib/python3.12/site-packages/airflow/example_dags/example_sla_dag.py
[2025-04-09T23:04:12.142+0000] {processor.py:925} INFO - DAG(s) 'example_sla_dag' retrieved from /home/airflow/.local/lib/python3.12/site-packages/airflow/example_dags/example_sla_dag.py
[2025-04-09T23:04:12.163+0000] {logging_mixin.py:190} INFO - [2025-04-09T23:04:12.163+0000] {dag.py:3239} INFO - Sync 1 DAGs
[2025-04-09T23:04:12.180+0000] {logging_mixin.py:190} INFO - [2025-04-09T23:04:12.180+0000] {dag.py:4180} INFO - Setting next_dagrun for example_sla_dag to 2025-04-09 23:02:00+00:00, run_after=2025-04-09 23:04:00+00:00
[2025-04-09T23:04:12.194+0000] {processor.py:208} INFO - Processing /home/airflow/.local/lib/python3.12/site-packages/airflow/example_dags/example_sla_dag.py took 0.085 seconds
[2025-04-09T23:04:42.420+0000] {processor.py:186} INFO - Started process (PID=2683) to work on /home/airflow/.local/lib/python3.12/site-packages/airflow/example_dags/example_sla_dag.py
[2025-04-09T23:04:42.424+0000] {processor.py:914} INFO - Processing file /home/airflow/.local/lib/python3.12/site-packages/airflow/example_dags/example_sla_dag.py for tasks to queue
[2025-04-09T23:04:42.427+0000] {logging_mixin.py:190} INFO - [2025-04-09T23:04:42.427+0000] {dagbag.py:588} INFO - Filling up the DagBag from /home/airflow/.local/lib/python3.12/site-packages/airflow/example_dags/example_sla_dag.py
[2025-04-09T23:04:42.454+0000] {processor.py:925} INFO - DAG(s) 'example_sla_dag' retrieved from /home/airflow/.local/lib/python3.12/site-packages/airflow/example_dags/example_sla_dag.py
[2025-04-09T23:04:42.478+0000] {logging_mixin.py:190} INFO - [2025-04-09T23:04:42.478+0000] {dag.py:3239} INFO - Sync 1 DAGs
[2025-04-09T23:04:42.502+0000] {logging_mixin.py:190} INFO - [2025-04-09T23:04:42.502+0000] {dag.py:4180} INFO - Setting next_dagrun for example_sla_dag to 2025-04-09 23:02:00+00:00, run_after=2025-04-09 23:04:00+00:00
[2025-04-09T23:04:42.514+0000] {processor.py:208} INFO - Processing /home/airflow/.local/lib/python3.12/site-packages/airflow/example_dags/example_sla_dag.py took 0.108 seconds
[2025-04-09T23:05:12.634+0000] {processor.py:186} INFO - Started process (PID=2747) to work on /home/airflow/.local/lib/python3.12/site-packages/airflow/example_dags/example_sla_dag.py
[2025-04-09T23:05:12.637+0000] {processor.py:914} INFO - Processing file /home/airflow/.local/lib/python3.12/site-packages/airflow/example_dags/example_sla_dag.py for tasks to queue
[2025-04-09T23:05:12.638+0000] {logging_mixin.py:190} INFO - [2025-04-09T23:05:12.638+0000] {dagbag.py:588} INFO - Filling up the DagBag from /home/airflow/.local/lib/python3.12/site-packages/airflow/example_dags/example_sla_dag.py
[2025-04-09T23:05:12.647+0000] {processor.py:925} INFO - DAG(s) 'example_sla_dag' retrieved from /home/airflow/.local/lib/python3.12/site-packages/airflow/example_dags/example_sla_dag.py
[2025-04-09T23:05:12.660+0000] {logging_mixin.py:190} INFO - [2025-04-09T23:05:12.660+0000] {dag.py:3239} INFO - Sync 1 DAGs
[2025-04-09T23:05:12.674+0000] {logging_mixin.py:190} INFO - [2025-04-09T23:05:12.673+0000] {dag.py:4180} INFO - Setting next_dagrun for example_sla_dag to 2025-04-09 23:02:00+00:00, run_after=2025-04-09 23:04:00+00:00
[2025-04-09T23:05:12.682+0000] {processor.py:208} INFO - Processing /home/airflow/.local/lib/python3.12/site-packages/airflow/example_dags/example_sla_dag.py took 0.052 seconds
[2025-04-09T23:05:42.891+0000] {processor.py:186} INFO - Started process (PID=2811) to work on /home/airflow/.local/lib/python3.12/site-packages/airflow/example_dags/example_sla_dag.py
[2025-04-09T23:05:42.893+0000] {processor.py:914} INFO - Processing file /home/airflow/.local/lib/python3.12/site-packages/airflow/example_dags/example_sla_dag.py for tasks to queue
[2025-04-09T23:05:42.900+0000] {logging_mixin.py:190} INFO - [2025-04-09T23:05:42.899+0000] {dagbag.py:588} INFO - Filling up the DagBag from /home/airflow/.local/lib/python3.12/site-packages/airflow/example_dags/example_sla_dag.py
[2025-04-09T23:05:42.920+0000] {processor.py:925} INFO - DAG(s) 'example_sla_dag' retrieved from /home/airflow/.local/lib/python3.12/site-packages/airflow/example_dags/example_sla_dag.py
[2025-04-09T23:05:42.938+0000] {logging_mixin.py:190} INFO - [2025-04-09T23:05:42.938+0000] {dag.py:3239} INFO - Sync 1 DAGs
[2025-04-09T23:05:42.958+0000] {logging_mixin.py:190} INFO - [2025-04-09T23:05:42.958+0000] {dag.py:4180} INFO - Setting next_dagrun for example_sla_dag to 2025-04-09 23:02:00+00:00, run_after=2025-04-09 23:04:00+00:00
[2025-04-09T23:05:42.968+0000] {processor.py:208} INFO - Processing /home/airflow/.local/lib/python3.12/site-packages/airflow/example_dags/example_sla_dag.py took 0.094 seconds
[2025-04-09T23:06:13.099+0000] {processor.py:186} INFO - Started process (PID=2875) to work on /home/airflow/.local/lib/python3.12/site-packages/airflow/example_dags/example_sla_dag.py
[2025-04-09T23:06:13.102+0000] {processor.py:914} INFO - Processing file /home/airflow/.local/lib/python3.12/site-packages/airflow/example_dags/example_sla_dag.py for tasks to queue
[2025-04-09T23:06:13.106+0000] {logging_mixin.py:190} INFO - [2025-04-09T23:06:13.105+0000] {dagbag.py:588} INFO - Filling up the DagBag from /home/airflow/.local/lib/python3.12/site-packages/airflow/example_dags/example_sla_dag.py
[2025-04-09T23:06:13.125+0000] {processor.py:925} INFO - DAG(s) 'example_sla_dag' retrieved from /home/airflow/.local/lib/python3.12/site-packages/airflow/example_dags/example_sla_dag.py
[2025-04-09T23:06:13.146+0000] {logging_mixin.py:190} INFO - [2025-04-09T23:06:13.146+0000] {dag.py:3239} INFO - Sync 1 DAGs
[2025-04-09T23:06:13.161+0000] {logging_mixin.py:190} INFO - [2025-04-09T23:06:13.161+0000] {dag.py:4180} INFO - Setting next_dagrun for example_sla_dag to 2025-04-09 23:04:00+00:00, run_after=2025-04-09 23:06:00+00:00
[2025-04-09T23:06:13.172+0000] {processor.py:208} INFO - Processing /home/airflow/.local/lib/python3.12/site-packages/airflow/example_dags/example_sla_dag.py took 0.084 seconds
[2025-04-09T23:06:43.217+0000] {processor.py:186} INFO - Started process (PID=2938) to work on /home/airflow/.local/lib/python3.12/site-packages/airflow/example_dags/example_sla_dag.py
[2025-04-09T23:06:43.218+0000] {processor.py:914} INFO - Processing file /home/airflow/.local/lib/python3.12/site-packages/airflow/example_dags/example_sla_dag.py for tasks to queue
[2025-04-09T23:06:43.221+0000] {logging_mixin.py:190} INFO - [2025-04-09T23:06:43.221+0000] {dagbag.py:588} INFO - Filling up the DagBag from /home/airflow/.local/lib/python3.12/site-packages/airflow/example_dags/example_sla_dag.py
[2025-04-09T23:06:43.233+0000] {processor.py:925} INFO - DAG(s) 'example_sla_dag' retrieved from /home/airflow/.local/lib/python3.12/site-packages/airflow/example_dags/example_sla_dag.py
[2025-04-09T23:06:43.248+0000] {logging_mixin.py:190} INFO - [2025-04-09T23:06:43.248+0000] {dag.py:3239} INFO - Sync 1 DAGs
[2025-04-09T23:06:43.261+0000] {logging_mixin.py:190} INFO - [2025-04-09T23:06:43.261+0000] {dag.py:4180} INFO - Setting next_dagrun for example_sla_dag to 2025-04-09 23:04:00+00:00, run_after=2025-04-09 23:06:00+00:00
[2025-04-09T23:06:43.271+0000] {processor.py:208} INFO - Processing /home/airflow/.local/lib/python3.12/site-packages/airflow/example_dags/example_sla_dag.py took 0.060 seconds
