[2025-04-09T22:43:57.417+0000] {processor.py:186} INFO - Started process (PID=63) to work on /home/airflow/.local/lib/python3.12/site-packages/airflow/example_dags/example_skip_dag.py
[2025-04-09T22:43:57.418+0000] {processor.py:914} INFO - Processing file /home/airflow/.local/lib/python3.12/site-packages/airflow/example_dags/example_skip_dag.py for tasks to queue
[2025-04-09T22:43:57.424+0000] {logging_mixin.py:190} INFO - [2025-04-09T22:43:57.423+0000] {dagbag.py:588} INFO - Filling up the DagBag from /home/airflow/.local/lib/python3.12/site-packages/airflow/example_dags/example_skip_dag.py
[2025-04-09T22:43:57.431+0000] {processor.py:925} INFO - DAG(s) 'example_skip_dag' retrieved from /home/airflow/.local/lib/python3.12/site-packages/airflow/example_dags/example_skip_dag.py
[2025-04-09T22:43:57.616+0000] {logging_mixin.py:190} INFO - [2025-04-09T22:43:57.615+0000] {dag.py:3239} INFO - Sync 1 DAGs
[2025-04-09T22:43:57.631+0000] {logging_mixin.py:190} INFO - [2025-04-09T22:43:57.631+0000] {dag.py:4180} INFO - Setting next_dagrun for example_skip_dag to 2025-04-08 00:00:00+00:00, run_after=2025-04-09 00:00:00+00:00
[2025-04-09T22:43:57.648+0000] {processor.py:208} INFO - Processing /home/airflow/.local/lib/python3.12/site-packages/airflow/example_dags/example_skip_dag.py took 0.236 seconds
[2025-04-09T22:44:28.199+0000] {processor.py:186} INFO - Started process (PID=131) to work on /home/airflow/.local/lib/python3.12/site-packages/airflow/example_dags/example_skip_dag.py
[2025-04-09T22:44:28.200+0000] {processor.py:914} INFO - Processing file /home/airflow/.local/lib/python3.12/site-packages/airflow/example_dags/example_skip_dag.py for tasks to queue
[2025-04-09T22:44:28.202+0000] {logging_mixin.py:190} INFO - [2025-04-09T22:44:28.202+0000] {dagbag.py:588} INFO - Filling up the DagBag from /home/airflow/.local/lib/python3.12/site-packages/airflow/example_dags/example_skip_dag.py
[2025-04-09T22:44:28.211+0000] {processor.py:925} INFO - DAG(s) 'example_skip_dag' retrieved from /home/airflow/.local/lib/python3.12/site-packages/airflow/example_dags/example_skip_dag.py
[2025-04-09T22:44:28.225+0000] {logging_mixin.py:190} INFO - [2025-04-09T22:44:28.224+0000] {dag.py:3239} INFO - Sync 1 DAGs
[2025-04-09T22:44:28.236+0000] {logging_mixin.py:190} INFO - [2025-04-09T22:44:28.236+0000] {dag.py:4180} INFO - Setting next_dagrun for example_skip_dag to 2025-04-08 00:00:00+00:00, run_after=2025-04-09 00:00:00+00:00
[2025-04-09T22:44:28.244+0000] {processor.py:208} INFO - Processing /home/airflow/.local/lib/python3.12/site-packages/airflow/example_dags/example_skip_dag.py took 0.050 seconds
[2025-04-09T22:44:58.384+0000] {processor.py:186} INFO - Started process (PID=195) to work on /home/airflow/.local/lib/python3.12/site-packages/airflow/example_dags/example_skip_dag.py
[2025-04-09T22:44:58.385+0000] {processor.py:914} INFO - Processing file /home/airflow/.local/lib/python3.12/site-packages/airflow/example_dags/example_skip_dag.py for tasks to queue
[2025-04-09T22:44:58.386+0000] {logging_mixin.py:190} INFO - [2025-04-09T22:44:58.386+0000] {dagbag.py:588} INFO - Filling up the DagBag from /home/airflow/.local/lib/python3.12/site-packages/airflow/example_dags/example_skip_dag.py
[2025-04-09T22:44:58.391+0000] {processor.py:925} INFO - DAG(s) 'example_skip_dag' retrieved from /home/airflow/.local/lib/python3.12/site-packages/airflow/example_dags/example_skip_dag.py
[2025-04-09T22:44:58.402+0000] {logging_mixin.py:190} INFO - [2025-04-09T22:44:58.402+0000] {dag.py:3239} INFO - Sync 1 DAGs
[2025-04-09T22:44:58.412+0000] {logging_mixin.py:190} INFO - [2025-04-09T22:44:58.412+0000] {dag.py:4180} INFO - Setting next_dagrun for example_skip_dag to 2025-04-08 00:00:00+00:00, run_after=2025-04-09 00:00:00+00:00
[2025-04-09T22:44:58.419+0000] {processor.py:208} INFO - Processing /home/airflow/.local/lib/python3.12/site-packages/airflow/example_dags/example_skip_dag.py took 0.038 seconds
[2025-04-09T22:45:29.454+0000] {processor.py:186} INFO - Started process (PID=265) to work on /home/airflow/.local/lib/python3.12/site-packages/airflow/example_dags/example_skip_dag.py
[2025-04-09T22:45:29.454+0000] {processor.py:914} INFO - Processing file /home/airflow/.local/lib/python3.12/site-packages/airflow/example_dags/example_skip_dag.py for tasks to queue
[2025-04-09T22:45:29.456+0000] {logging_mixin.py:190} INFO - [2025-04-09T22:45:29.456+0000] {dagbag.py:588} INFO - Filling up the DagBag from /home/airflow/.local/lib/python3.12/site-packages/airflow/example_dags/example_skip_dag.py
[2025-04-09T22:45:29.460+0000] {processor.py:925} INFO - DAG(s) 'example_skip_dag' retrieved from /home/airflow/.local/lib/python3.12/site-packages/airflow/example_dags/example_skip_dag.py
[2025-04-09T22:45:29.469+0000] {logging_mixin.py:190} INFO - [2025-04-09T22:45:29.469+0000] {dag.py:3239} INFO - Sync 1 DAGs
[2025-04-09T22:45:29.478+0000] {logging_mixin.py:190} INFO - [2025-04-09T22:45:29.478+0000] {dag.py:4180} INFO - Setting next_dagrun for example_skip_dag to 2025-04-08 00:00:00+00:00, run_after=2025-04-09 00:00:00+00:00
[2025-04-09T22:45:29.484+0000] {processor.py:208} INFO - Processing /home/airflow/.local/lib/python3.12/site-packages/airflow/example_dags/example_skip_dag.py took 0.033 seconds
[2025-04-09T22:45:59.694+0000] {processor.py:186} INFO - Started process (PID=329) to work on /home/airflow/.local/lib/python3.12/site-packages/airflow/example_dags/example_skip_dag.py
[2025-04-09T22:45:59.694+0000] {processor.py:914} INFO - Processing file /home/airflow/.local/lib/python3.12/site-packages/airflow/example_dags/example_skip_dag.py for tasks to queue
[2025-04-09T22:45:59.696+0000] {logging_mixin.py:190} INFO - [2025-04-09T22:45:59.696+0000] {dagbag.py:588} INFO - Filling up the DagBag from /home/airflow/.local/lib/python3.12/site-packages/airflow/example_dags/example_skip_dag.py
[2025-04-09T22:45:59.700+0000] {processor.py:925} INFO - DAG(s) 'example_skip_dag' retrieved from /home/airflow/.local/lib/python3.12/site-packages/airflow/example_dags/example_skip_dag.py
[2025-04-09T22:45:59.715+0000] {logging_mixin.py:190} INFO - [2025-04-09T22:45:59.715+0000] {dag.py:3239} INFO - Sync 1 DAGs
[2025-04-09T22:45:59.726+0000] {logging_mixin.py:190} INFO - [2025-04-09T22:45:59.726+0000] {dag.py:4180} INFO - Setting next_dagrun for example_skip_dag to 2025-04-08 00:00:00+00:00, run_after=2025-04-09 00:00:00+00:00
[2025-04-09T22:45:59.737+0000] {processor.py:208} INFO - Processing /home/airflow/.local/lib/python3.12/site-packages/airflow/example_dags/example_skip_dag.py took 0.047 seconds
[2025-04-09T22:46:30.119+0000] {processor.py:186} INFO - Started process (PID=392) to work on /home/airflow/.local/lib/python3.12/site-packages/airflow/example_dags/example_skip_dag.py
[2025-04-09T22:46:30.120+0000] {processor.py:914} INFO - Processing file /home/airflow/.local/lib/python3.12/site-packages/airflow/example_dags/example_skip_dag.py for tasks to queue
[2025-04-09T22:46:30.122+0000] {logging_mixin.py:190} INFO - [2025-04-09T22:46:30.121+0000] {dagbag.py:588} INFO - Filling up the DagBag from /home/airflow/.local/lib/python3.12/site-packages/airflow/example_dags/example_skip_dag.py
[2025-04-09T22:46:30.127+0000] {processor.py:925} INFO - DAG(s) 'example_skip_dag' retrieved from /home/airflow/.local/lib/python3.12/site-packages/airflow/example_dags/example_skip_dag.py
[2025-04-09T22:46:30.138+0000] {logging_mixin.py:190} INFO - [2025-04-09T22:46:30.137+0000] {dag.py:3239} INFO - Sync 1 DAGs
[2025-04-09T22:46:30.151+0000] {logging_mixin.py:190} INFO - [2025-04-09T22:46:30.151+0000] {dag.py:4180} INFO - Setting next_dagrun for example_skip_dag to 2025-04-08 00:00:00+00:00, run_after=2025-04-09 00:00:00+00:00
[2025-04-09T22:46:30.162+0000] {processor.py:208} INFO - Processing /home/airflow/.local/lib/python3.12/site-packages/airflow/example_dags/example_skip_dag.py took 0.046 seconds
[2025-04-09T22:47:00.302+0000] {processor.py:186} INFO - Started process (PID=456) to work on /home/airflow/.local/lib/python3.12/site-packages/airflow/example_dags/example_skip_dag.py
[2025-04-09T22:47:00.303+0000] {processor.py:914} INFO - Processing file /home/airflow/.local/lib/python3.12/site-packages/airflow/example_dags/example_skip_dag.py for tasks to queue
[2025-04-09T22:47:00.305+0000] {logging_mixin.py:190} INFO - [2025-04-09T22:47:00.304+0000] {dagbag.py:588} INFO - Filling up the DagBag from /home/airflow/.local/lib/python3.12/site-packages/airflow/example_dags/example_skip_dag.py
[2025-04-09T22:47:00.311+0000] {processor.py:925} INFO - DAG(s) 'example_skip_dag' retrieved from /home/airflow/.local/lib/python3.12/site-packages/airflow/example_dags/example_skip_dag.py
[2025-04-09T22:47:00.324+0000] {logging_mixin.py:190} INFO - [2025-04-09T22:47:00.323+0000] {dag.py:3239} INFO - Sync 1 DAGs
[2025-04-09T22:47:00.335+0000] {logging_mixin.py:190} INFO - [2025-04-09T22:47:00.335+0000] {dag.py:4180} INFO - Setting next_dagrun for example_skip_dag to 2025-04-08 00:00:00+00:00, run_after=2025-04-09 00:00:00+00:00
[2025-04-09T22:47:00.344+0000] {processor.py:208} INFO - Processing /home/airflow/.local/lib/python3.12/site-packages/airflow/example_dags/example_skip_dag.py took 0.045 seconds
[2025-04-09T22:47:30.820+0000] {processor.py:186} INFO - Started process (PID=520) to work on /home/airflow/.local/lib/python3.12/site-packages/airflow/example_dags/example_skip_dag.py
[2025-04-09T22:47:30.821+0000] {processor.py:914} INFO - Processing file /home/airflow/.local/lib/python3.12/site-packages/airflow/example_dags/example_skip_dag.py for tasks to queue
[2025-04-09T22:47:30.822+0000] {logging_mixin.py:190} INFO - [2025-04-09T22:47:30.822+0000] {dagbag.py:588} INFO - Filling up the DagBag from /home/airflow/.local/lib/python3.12/site-packages/airflow/example_dags/example_skip_dag.py
[2025-04-09T22:47:30.825+0000] {processor.py:925} INFO - DAG(s) 'example_skip_dag' retrieved from /home/airflow/.local/lib/python3.12/site-packages/airflow/example_dags/example_skip_dag.py
[2025-04-09T22:47:30.834+0000] {logging_mixin.py:190} INFO - [2025-04-09T22:47:30.834+0000] {dag.py:3239} INFO - Sync 1 DAGs
[2025-04-09T22:47:30.844+0000] {logging_mixin.py:190} INFO - [2025-04-09T22:47:30.844+0000] {dag.py:4180} INFO - Setting next_dagrun for example_skip_dag to 2025-04-08 00:00:00+00:00, run_after=2025-04-09 00:00:00+00:00
[2025-04-09T22:47:30.851+0000] {processor.py:208} INFO - Processing /home/airflow/.local/lib/python3.12/site-packages/airflow/example_dags/example_skip_dag.py took 0.034 seconds
[2025-04-09T22:48:01.258+0000] {processor.py:186} INFO - Started process (PID=584) to work on /home/airflow/.local/lib/python3.12/site-packages/airflow/example_dags/example_skip_dag.py
[2025-04-09T22:48:01.259+0000] {processor.py:914} INFO - Processing file /home/airflow/.local/lib/python3.12/site-packages/airflow/example_dags/example_skip_dag.py for tasks to queue
[2025-04-09T22:48:01.260+0000] {logging_mixin.py:190} INFO - [2025-04-09T22:48:01.260+0000] {dagbag.py:588} INFO - Filling up the DagBag from /home/airflow/.local/lib/python3.12/site-packages/airflow/example_dags/example_skip_dag.py
[2025-04-09T22:48:01.264+0000] {processor.py:925} INFO - DAG(s) 'example_skip_dag' retrieved from /home/airflow/.local/lib/python3.12/site-packages/airflow/example_dags/example_skip_dag.py
[2025-04-09T22:48:01.275+0000] {logging_mixin.py:190} INFO - [2025-04-09T22:48:01.275+0000] {dag.py:3239} INFO - Sync 1 DAGs
[2025-04-09T22:48:01.285+0000] {logging_mixin.py:190} INFO - [2025-04-09T22:48:01.285+0000] {dag.py:4180} INFO - Setting next_dagrun for example_skip_dag to 2025-04-08 00:00:00+00:00, run_after=2025-04-09 00:00:00+00:00
[2025-04-09T22:48:01.293+0000] {processor.py:208} INFO - Processing /home/airflow/.local/lib/python3.12/site-packages/airflow/example_dags/example_skip_dag.py took 0.038 seconds
[2025-04-09T22:48:31.795+0000] {processor.py:186} INFO - Started process (PID=648) to work on /home/airflow/.local/lib/python3.12/site-packages/airflow/example_dags/example_skip_dag.py
[2025-04-09T22:48:31.796+0000] {processor.py:914} INFO - Processing file /home/airflow/.local/lib/python3.12/site-packages/airflow/example_dags/example_skip_dag.py for tasks to queue
[2025-04-09T22:48:31.797+0000] {logging_mixin.py:190} INFO - [2025-04-09T22:48:31.797+0000] {dagbag.py:588} INFO - Filling up the DagBag from /home/airflow/.local/lib/python3.12/site-packages/airflow/example_dags/example_skip_dag.py
[2025-04-09T22:48:31.802+0000] {processor.py:925} INFO - DAG(s) 'example_skip_dag' retrieved from /home/airflow/.local/lib/python3.12/site-packages/airflow/example_dags/example_skip_dag.py
[2025-04-09T22:48:31.812+0000] {logging_mixin.py:190} INFO - [2025-04-09T22:48:31.811+0000] {dag.py:3239} INFO - Sync 1 DAGs
[2025-04-09T22:48:31.822+0000] {logging_mixin.py:190} INFO - [2025-04-09T22:48:31.822+0000] {dag.py:4180} INFO - Setting next_dagrun for example_skip_dag to 2025-04-08 00:00:00+00:00, run_after=2025-04-09 00:00:00+00:00
[2025-04-09T22:48:31.830+0000] {processor.py:208} INFO - Processing /home/airflow/.local/lib/python3.12/site-packages/airflow/example_dags/example_skip_dag.py took 0.037 seconds
[2025-04-09T22:49:02.953+0000] {processor.py:186} INFO - Started process (PID=712) to work on /home/airflow/.local/lib/python3.12/site-packages/airflow/example_dags/example_skip_dag.py
[2025-04-09T22:49:02.953+0000] {processor.py:914} INFO - Processing file /home/airflow/.local/lib/python3.12/site-packages/airflow/example_dags/example_skip_dag.py for tasks to queue
[2025-04-09T22:49:02.954+0000] {logging_mixin.py:190} INFO - [2025-04-09T22:49:02.954+0000] {dagbag.py:588} INFO - Filling up the DagBag from /home/airflow/.local/lib/python3.12/site-packages/airflow/example_dags/example_skip_dag.py
[2025-04-09T22:49:02.958+0000] {processor.py:925} INFO - DAG(s) 'example_skip_dag' retrieved from /home/airflow/.local/lib/python3.12/site-packages/airflow/example_dags/example_skip_dag.py
[2025-04-09T22:49:02.967+0000] {logging_mixin.py:190} INFO - [2025-04-09T22:49:02.967+0000] {dag.py:3239} INFO - Sync 1 DAGs
[2025-04-09T22:49:02.976+0000] {logging_mixin.py:190} INFO - [2025-04-09T22:49:02.975+0000] {dag.py:4180} INFO - Setting next_dagrun for example_skip_dag to 2025-04-08 00:00:00+00:00, run_after=2025-04-09 00:00:00+00:00
[2025-04-09T22:49:02.982+0000] {processor.py:208} INFO - Processing /home/airflow/.local/lib/python3.12/site-packages/airflow/example_dags/example_skip_dag.py took 0.032 seconds
[2025-04-09T22:49:33.107+0000] {processor.py:186} INFO - Started process (PID=776) to work on /home/airflow/.local/lib/python3.12/site-packages/airflow/example_dags/example_skip_dag.py
[2025-04-09T22:49:33.107+0000] {processor.py:914} INFO - Processing file /home/airflow/.local/lib/python3.12/site-packages/airflow/example_dags/example_skip_dag.py for tasks to queue
[2025-04-09T22:49:33.108+0000] {logging_mixin.py:190} INFO - [2025-04-09T22:49:33.108+0000] {dagbag.py:588} INFO - Filling up the DagBag from /home/airflow/.local/lib/python3.12/site-packages/airflow/example_dags/example_skip_dag.py
[2025-04-09T22:49:33.112+0000] {processor.py:925} INFO - DAG(s) 'example_skip_dag' retrieved from /home/airflow/.local/lib/python3.12/site-packages/airflow/example_dags/example_skip_dag.py
[2025-04-09T22:49:33.121+0000] {logging_mixin.py:190} INFO - [2025-04-09T22:49:33.121+0000] {dag.py:3239} INFO - Sync 1 DAGs
[2025-04-09T22:49:33.130+0000] {logging_mixin.py:190} INFO - [2025-04-09T22:49:33.130+0000] {dag.py:4180} INFO - Setting next_dagrun for example_skip_dag to 2025-04-08 00:00:00+00:00, run_after=2025-04-09 00:00:00+00:00
[2025-04-09T22:49:33.137+0000] {processor.py:208} INFO - Processing /home/airflow/.local/lib/python3.12/site-packages/airflow/example_dags/example_skip_dag.py took 0.032 seconds
[2025-04-09T22:50:03.365+0000] {processor.py:186} INFO - Started process (PID=840) to work on /home/airflow/.local/lib/python3.12/site-packages/airflow/example_dags/example_skip_dag.py
[2025-04-09T22:50:03.366+0000] {processor.py:914} INFO - Processing file /home/airflow/.local/lib/python3.12/site-packages/airflow/example_dags/example_skip_dag.py for tasks to queue
[2025-04-09T22:50:03.367+0000] {logging_mixin.py:190} INFO - [2025-04-09T22:50:03.367+0000] {dagbag.py:588} INFO - Filling up the DagBag from /home/airflow/.local/lib/python3.12/site-packages/airflow/example_dags/example_skip_dag.py
[2025-04-09T22:50:03.372+0000] {processor.py:925} INFO - DAG(s) 'example_skip_dag' retrieved from /home/airflow/.local/lib/python3.12/site-packages/airflow/example_dags/example_skip_dag.py
[2025-04-09T22:50:03.384+0000] {logging_mixin.py:190} INFO - [2025-04-09T22:50:03.384+0000] {dag.py:3239} INFO - Sync 1 DAGs
[2025-04-09T22:50:03.394+0000] {logging_mixin.py:190} INFO - [2025-04-09T22:50:03.394+0000] {dag.py:4180} INFO - Setting next_dagrun for example_skip_dag to 2025-04-08 00:00:00+00:00, run_after=2025-04-09 00:00:00+00:00
[2025-04-09T22:50:03.405+0000] {processor.py:208} INFO - Processing /home/airflow/.local/lib/python3.12/site-packages/airflow/example_dags/example_skip_dag.py took 0.043 seconds
[2025-04-09T22:50:33.569+0000] {processor.py:186} INFO - Started process (PID=904) to work on /home/airflow/.local/lib/python3.12/site-packages/airflow/example_dags/example_skip_dag.py
[2025-04-09T22:50:33.570+0000] {processor.py:914} INFO - Processing file /home/airflow/.local/lib/python3.12/site-packages/airflow/example_dags/example_skip_dag.py for tasks to queue
[2025-04-09T22:50:33.571+0000] {logging_mixin.py:190} INFO - [2025-04-09T22:50:33.570+0000] {dagbag.py:588} INFO - Filling up the DagBag from /home/airflow/.local/lib/python3.12/site-packages/airflow/example_dags/example_skip_dag.py
[2025-04-09T22:50:33.575+0000] {processor.py:925} INFO - DAG(s) 'example_skip_dag' retrieved from /home/airflow/.local/lib/python3.12/site-packages/airflow/example_dags/example_skip_dag.py
[2025-04-09T22:50:33.585+0000] {logging_mixin.py:190} INFO - [2025-04-09T22:50:33.584+0000] {dag.py:3239} INFO - Sync 1 DAGs
[2025-04-09T22:50:33.595+0000] {logging_mixin.py:190} INFO - [2025-04-09T22:50:33.594+0000] {dag.py:4180} INFO - Setting next_dagrun for example_skip_dag to 2025-04-08 00:00:00+00:00, run_after=2025-04-09 00:00:00+00:00
[2025-04-09T22:50:33.602+0000] {processor.py:208} INFO - Processing /home/airflow/.local/lib/python3.12/site-packages/airflow/example_dags/example_skip_dag.py took 0.035 seconds
[2025-04-09T22:51:04.636+0000] {processor.py:186} INFO - Started process (PID=968) to work on /home/airflow/.local/lib/python3.12/site-packages/airflow/example_dags/example_skip_dag.py
[2025-04-09T22:51:04.637+0000] {processor.py:914} INFO - Processing file /home/airflow/.local/lib/python3.12/site-packages/airflow/example_dags/example_skip_dag.py for tasks to queue
[2025-04-09T22:51:04.638+0000] {logging_mixin.py:190} INFO - [2025-04-09T22:51:04.638+0000] {dagbag.py:588} INFO - Filling up the DagBag from /home/airflow/.local/lib/python3.12/site-packages/airflow/example_dags/example_skip_dag.py
[2025-04-09T22:51:04.643+0000] {processor.py:925} INFO - DAG(s) 'example_skip_dag' retrieved from /home/airflow/.local/lib/python3.12/site-packages/airflow/example_dags/example_skip_dag.py
[2025-04-09T22:51:04.655+0000] {logging_mixin.py:190} INFO - [2025-04-09T22:51:04.655+0000] {dag.py:3239} INFO - Sync 1 DAGs
[2025-04-09T22:51:04.664+0000] {logging_mixin.py:190} INFO - [2025-04-09T22:51:04.664+0000] {dag.py:4180} INFO - Setting next_dagrun for example_skip_dag to 2025-04-08 00:00:00+00:00, run_after=2025-04-09 00:00:00+00:00
[2025-04-09T22:51:04.671+0000] {processor.py:208} INFO - Processing /home/airflow/.local/lib/python3.12/site-packages/airflow/example_dags/example_skip_dag.py took 0.038 seconds
[2025-04-09T22:51:34.802+0000] {processor.py:186} INFO - Started process (PID=1032) to work on /home/airflow/.local/lib/python3.12/site-packages/airflow/example_dags/example_skip_dag.py
[2025-04-09T22:51:34.802+0000] {processor.py:914} INFO - Processing file /home/airflow/.local/lib/python3.12/site-packages/airflow/example_dags/example_skip_dag.py for tasks to queue
[2025-04-09T22:51:34.804+0000] {logging_mixin.py:190} INFO - [2025-04-09T22:51:34.803+0000] {dagbag.py:588} INFO - Filling up the DagBag from /home/airflow/.local/lib/python3.12/site-packages/airflow/example_dags/example_skip_dag.py
[2025-04-09T22:51:34.808+0000] {processor.py:925} INFO - DAG(s) 'example_skip_dag' retrieved from /home/airflow/.local/lib/python3.12/site-packages/airflow/example_dags/example_skip_dag.py
[2025-04-09T22:51:34.818+0000] {logging_mixin.py:190} INFO - [2025-04-09T22:51:34.818+0000] {dag.py:3239} INFO - Sync 1 DAGs
[2025-04-09T22:51:34.828+0000] {logging_mixin.py:190} INFO - [2025-04-09T22:51:34.828+0000] {dag.py:4180} INFO - Setting next_dagrun for example_skip_dag to 2025-04-08 00:00:00+00:00, run_after=2025-04-09 00:00:00+00:00
[2025-04-09T22:51:34.837+0000] {processor.py:208} INFO - Processing /home/airflow/.local/lib/python3.12/site-packages/airflow/example_dags/example_skip_dag.py took 0.038 seconds
[2025-04-09T22:52:04.984+0000] {processor.py:186} INFO - Started process (PID=1096) to work on /home/airflow/.local/lib/python3.12/site-packages/airflow/example_dags/example_skip_dag.py
[2025-04-09T22:52:04.984+0000] {processor.py:914} INFO - Processing file /home/airflow/.local/lib/python3.12/site-packages/airflow/example_dags/example_skip_dag.py for tasks to queue
[2025-04-09T22:52:04.985+0000] {logging_mixin.py:190} INFO - [2025-04-09T22:52:04.985+0000] {dagbag.py:588} INFO - Filling up the DagBag from /home/airflow/.local/lib/python3.12/site-packages/airflow/example_dags/example_skip_dag.py
[2025-04-09T22:52:04.989+0000] {processor.py:925} INFO - DAG(s) 'example_skip_dag' retrieved from /home/airflow/.local/lib/python3.12/site-packages/airflow/example_dags/example_skip_dag.py
[2025-04-09T22:52:04.999+0000] {logging_mixin.py:190} INFO - [2025-04-09T22:52:04.999+0000] {dag.py:3239} INFO - Sync 1 DAGs
[2025-04-09T22:52:05.010+0000] {logging_mixin.py:190} INFO - [2025-04-09T22:52:05.010+0000] {dag.py:4180} INFO - Setting next_dagrun for example_skip_dag to 2025-04-08 00:00:00+00:00, run_after=2025-04-09 00:00:00+00:00
[2025-04-09T22:52:05.020+0000] {processor.py:208} INFO - Processing /home/airflow/.local/lib/python3.12/site-packages/airflow/example_dags/example_skip_dag.py took 0.039 seconds
[2025-04-09T22:52:35.314+0000] {processor.py:186} INFO - Started process (PID=1160) to work on /home/airflow/.local/lib/python3.12/site-packages/airflow/example_dags/example_skip_dag.py
[2025-04-09T22:52:35.314+0000] {processor.py:914} INFO - Processing file /home/airflow/.local/lib/python3.12/site-packages/airflow/example_dags/example_skip_dag.py for tasks to queue
[2025-04-09T22:52:35.316+0000] {logging_mixin.py:190} INFO - [2025-04-09T22:52:35.315+0000] {dagbag.py:588} INFO - Filling up the DagBag from /home/airflow/.local/lib/python3.12/site-packages/airflow/example_dags/example_skip_dag.py
[2025-04-09T22:52:35.320+0000] {processor.py:925} INFO - DAG(s) 'example_skip_dag' retrieved from /home/airflow/.local/lib/python3.12/site-packages/airflow/example_dags/example_skip_dag.py
[2025-04-09T22:52:35.333+0000] {logging_mixin.py:190} INFO - [2025-04-09T22:52:35.333+0000] {dag.py:3239} INFO - Sync 1 DAGs
[2025-04-09T22:52:35.344+0000] {logging_mixin.py:190} INFO - [2025-04-09T22:52:35.344+0000] {dag.py:4180} INFO - Setting next_dagrun for example_skip_dag to 2025-04-08 00:00:00+00:00, run_after=2025-04-09 00:00:00+00:00
[2025-04-09T22:52:35.354+0000] {processor.py:208} INFO - Processing /home/airflow/.local/lib/python3.12/site-packages/airflow/example_dags/example_skip_dag.py took 0.043 seconds
[2025-04-09T22:53:05.469+0000] {processor.py:186} INFO - Started process (PID=1224) to work on /home/airflow/.local/lib/python3.12/site-packages/airflow/example_dags/example_skip_dag.py
[2025-04-09T22:53:05.470+0000] {processor.py:914} INFO - Processing file /home/airflow/.local/lib/python3.12/site-packages/airflow/example_dags/example_skip_dag.py for tasks to queue
[2025-04-09T22:53:05.471+0000] {logging_mixin.py:190} INFO - [2025-04-09T22:53:05.471+0000] {dagbag.py:588} INFO - Filling up the DagBag from /home/airflow/.local/lib/python3.12/site-packages/airflow/example_dags/example_skip_dag.py
[2025-04-09T22:53:05.475+0000] {processor.py:925} INFO - DAG(s) 'example_skip_dag' retrieved from /home/airflow/.local/lib/python3.12/site-packages/airflow/example_dags/example_skip_dag.py
[2025-04-09T22:53:05.484+0000] {logging_mixin.py:190} INFO - [2025-04-09T22:53:05.484+0000] {dag.py:3239} INFO - Sync 1 DAGs
[2025-04-09T22:53:05.494+0000] {logging_mixin.py:190} INFO - [2025-04-09T22:53:05.494+0000] {dag.py:4180} INFO - Setting next_dagrun for example_skip_dag to 2025-04-08 00:00:00+00:00, run_after=2025-04-09 00:00:00+00:00
[2025-04-09T22:53:05.501+0000] {processor.py:208} INFO - Processing /home/airflow/.local/lib/python3.12/site-packages/airflow/example_dags/example_skip_dag.py took 0.034 seconds
[2025-04-09T22:53:36.324+0000] {processor.py:186} INFO - Started process (PID=1288) to work on /home/airflow/.local/lib/python3.12/site-packages/airflow/example_dags/example_skip_dag.py
[2025-04-09T22:53:36.324+0000] {processor.py:914} INFO - Processing file /home/airflow/.local/lib/python3.12/site-packages/airflow/example_dags/example_skip_dag.py for tasks to queue
[2025-04-09T22:53:36.325+0000] {logging_mixin.py:190} INFO - [2025-04-09T22:53:36.325+0000] {dagbag.py:588} INFO - Filling up the DagBag from /home/airflow/.local/lib/python3.12/site-packages/airflow/example_dags/example_skip_dag.py
[2025-04-09T22:53:36.329+0000] {processor.py:925} INFO - DAG(s) 'example_skip_dag' retrieved from /home/airflow/.local/lib/python3.12/site-packages/airflow/example_dags/example_skip_dag.py
[2025-04-09T22:53:36.339+0000] {logging_mixin.py:190} INFO - [2025-04-09T22:53:36.339+0000] {dag.py:3239} INFO - Sync 1 DAGs
[2025-04-09T22:53:36.349+0000] {logging_mixin.py:190} INFO - [2025-04-09T22:53:36.349+0000] {dag.py:4180} INFO - Setting next_dagrun for example_skip_dag to 2025-04-08 00:00:00+00:00, run_after=2025-04-09 00:00:00+00:00
[2025-04-09T22:53:36.356+0000] {processor.py:208} INFO - Processing /home/airflow/.local/lib/python3.12/site-packages/airflow/example_dags/example_skip_dag.py took 0.035 seconds
[2025-04-09T22:54:06.600+0000] {processor.py:186} INFO - Started process (PID=1352) to work on /home/airflow/.local/lib/python3.12/site-packages/airflow/example_dags/example_skip_dag.py
[2025-04-09T22:54:06.601+0000] {processor.py:914} INFO - Processing file /home/airflow/.local/lib/python3.12/site-packages/airflow/example_dags/example_skip_dag.py for tasks to queue
[2025-04-09T22:54:06.602+0000] {logging_mixin.py:190} INFO - [2025-04-09T22:54:06.602+0000] {dagbag.py:588} INFO - Filling up the DagBag from /home/airflow/.local/lib/python3.12/site-packages/airflow/example_dags/example_skip_dag.py
[2025-04-09T22:54:06.606+0000] {processor.py:925} INFO - DAG(s) 'example_skip_dag' retrieved from /home/airflow/.local/lib/python3.12/site-packages/airflow/example_dags/example_skip_dag.py
[2025-04-09T22:54:06.617+0000] {logging_mixin.py:190} INFO - [2025-04-09T22:54:06.617+0000] {dag.py:3239} INFO - Sync 1 DAGs
[2025-04-09T22:54:06.628+0000] {logging_mixin.py:190} INFO - [2025-04-09T22:54:06.628+0000] {dag.py:4180} INFO - Setting next_dagrun for example_skip_dag to 2025-04-08 00:00:00+00:00, run_after=2025-04-09 00:00:00+00:00
[2025-04-09T22:54:06.636+0000] {processor.py:208} INFO - Processing /home/airflow/.local/lib/python3.12/site-packages/airflow/example_dags/example_skip_dag.py took 0.039 seconds
[2025-04-09T22:54:37.079+0000] {processor.py:186} INFO - Started process (PID=1416) to work on /home/airflow/.local/lib/python3.12/site-packages/airflow/example_dags/example_skip_dag.py
[2025-04-09T22:54:37.080+0000] {processor.py:914} INFO - Processing file /home/airflow/.local/lib/python3.12/site-packages/airflow/example_dags/example_skip_dag.py for tasks to queue
[2025-04-09T22:54:37.082+0000] {logging_mixin.py:190} INFO - [2025-04-09T22:54:37.082+0000] {dagbag.py:588} INFO - Filling up the DagBag from /home/airflow/.local/lib/python3.12/site-packages/airflow/example_dags/example_skip_dag.py
[2025-04-09T22:54:37.087+0000] {processor.py:925} INFO - DAG(s) 'example_skip_dag' retrieved from /home/airflow/.local/lib/python3.12/site-packages/airflow/example_dags/example_skip_dag.py
[2025-04-09T22:54:37.099+0000] {logging_mixin.py:190} INFO - [2025-04-09T22:54:37.099+0000] {dag.py:3239} INFO - Sync 1 DAGs
[2025-04-09T22:54:37.110+0000] {logging_mixin.py:190} INFO - [2025-04-09T22:54:37.109+0000] {dag.py:4180} INFO - Setting next_dagrun for example_skip_dag to 2025-04-08 00:00:00+00:00, run_after=2025-04-09 00:00:00+00:00
[2025-04-09T22:54:37.117+0000] {processor.py:208} INFO - Processing /home/airflow/.local/lib/python3.12/site-packages/airflow/example_dags/example_skip_dag.py took 0.042 seconds
[2025-04-09T23:03:42.399+0000] {processor.py:186} INFO - Started process (PID=2568) to work on /home/airflow/.local/lib/python3.12/site-packages/airflow/example_dags/example_skip_dag.py
[2025-04-09T23:03:42.400+0000] {processor.py:914} INFO - Processing file /home/airflow/.local/lib/python3.12/site-packages/airflow/example_dags/example_skip_dag.py for tasks to queue
[2025-04-09T23:03:42.401+0000] {logging_mixin.py:190} INFO - [2025-04-09T23:03:42.401+0000] {dagbag.py:588} INFO - Filling up the DagBag from /home/airflow/.local/lib/python3.12/site-packages/airflow/example_dags/example_skip_dag.py
[2025-04-09T23:03:42.405+0000] {processor.py:925} INFO - DAG(s) 'example_skip_dag' retrieved from /home/airflow/.local/lib/python3.12/site-packages/airflow/example_dags/example_skip_dag.py
[2025-04-09T23:03:42.420+0000] {logging_mixin.py:190} INFO - [2025-04-09T23:03:42.419+0000] {dag.py:3239} INFO - Sync 1 DAGs
[2025-04-09T23:03:42.431+0000] {logging_mixin.py:190} INFO - [2025-04-09T23:03:42.431+0000] {dag.py:4180} INFO - Setting next_dagrun for example_skip_dag to 2025-04-08 00:00:00+00:00, run_after=2025-04-09 00:00:00+00:00
[2025-04-09T23:03:42.443+0000] {processor.py:208} INFO - Processing /home/airflow/.local/lib/python3.12/site-packages/airflow/example_dags/example_skip_dag.py took 0.050 seconds
[2025-04-09T23:04:12.661+0000] {processor.py:186} INFO - Started process (PID=2632) to work on /home/airflow/.local/lib/python3.12/site-packages/airflow/example_dags/example_skip_dag.py
[2025-04-09T23:04:12.661+0000] {processor.py:914} INFO - Processing file /home/airflow/.local/lib/python3.12/site-packages/airflow/example_dags/example_skip_dag.py for tasks to queue
[2025-04-09T23:04:12.662+0000] {logging_mixin.py:190} INFO - [2025-04-09T23:04:12.662+0000] {dagbag.py:588} INFO - Filling up the DagBag from /home/airflow/.local/lib/python3.12/site-packages/airflow/example_dags/example_skip_dag.py
[2025-04-09T23:04:12.666+0000] {processor.py:925} INFO - DAG(s) 'example_skip_dag' retrieved from /home/airflow/.local/lib/python3.12/site-packages/airflow/example_dags/example_skip_dag.py
[2025-04-09T23:04:12.676+0000] {logging_mixin.py:190} INFO - [2025-04-09T23:04:12.676+0000] {dag.py:3239} INFO - Sync 1 DAGs
[2025-04-09T23:04:12.686+0000] {logging_mixin.py:190} INFO - [2025-04-09T23:04:12.685+0000] {dag.py:4180} INFO - Setting next_dagrun for example_skip_dag to 2025-04-08 00:00:00+00:00, run_after=2025-04-09 00:00:00+00:00
[2025-04-09T23:04:12.692+0000] {processor.py:208} INFO - Processing /home/airflow/.local/lib/python3.12/site-packages/airflow/example_dags/example_skip_dag.py took 0.035 seconds
[2025-04-09T23:04:43.017+0000] {processor.py:186} INFO - Started process (PID=2695) to work on /home/airflow/.local/lib/python3.12/site-packages/airflow/example_dags/example_skip_dag.py
[2025-04-09T23:04:43.017+0000] {processor.py:914} INFO - Processing file /home/airflow/.local/lib/python3.12/site-packages/airflow/example_dags/example_skip_dag.py for tasks to queue
[2025-04-09T23:04:43.019+0000] {logging_mixin.py:190} INFO - [2025-04-09T23:04:43.019+0000] {dagbag.py:588} INFO - Filling up the DagBag from /home/airflow/.local/lib/python3.12/site-packages/airflow/example_dags/example_skip_dag.py
[2025-04-09T23:04:43.024+0000] {processor.py:925} INFO - DAG(s) 'example_skip_dag' retrieved from /home/airflow/.local/lib/python3.12/site-packages/airflow/example_dags/example_skip_dag.py
[2025-04-09T23:04:43.036+0000] {logging_mixin.py:190} INFO - [2025-04-09T23:04:43.036+0000] {dag.py:3239} INFO - Sync 1 DAGs
[2025-04-09T23:04:43.046+0000] {logging_mixin.py:190} INFO - [2025-04-09T23:04:43.046+0000] {dag.py:4180} INFO - Setting next_dagrun for example_skip_dag to 2025-04-08 00:00:00+00:00, run_after=2025-04-09 00:00:00+00:00
[2025-04-09T23:04:43.055+0000] {processor.py:208} INFO - Processing /home/airflow/.local/lib/python3.12/site-packages/airflow/example_dags/example_skip_dag.py took 0.044 seconds
[2025-04-09T23:05:13.207+0000] {processor.py:186} INFO - Started process (PID=2759) to work on /home/airflow/.local/lib/python3.12/site-packages/airflow/example_dags/example_skip_dag.py
[2025-04-09T23:05:13.207+0000] {processor.py:914} INFO - Processing file /home/airflow/.local/lib/python3.12/site-packages/airflow/example_dags/example_skip_dag.py for tasks to queue
[2025-04-09T23:05:13.208+0000] {logging_mixin.py:190} INFO - [2025-04-09T23:05:13.208+0000] {dagbag.py:588} INFO - Filling up the DagBag from /home/airflow/.local/lib/python3.12/site-packages/airflow/example_dags/example_skip_dag.py
[2025-04-09T23:05:13.212+0000] {processor.py:925} INFO - DAG(s) 'example_skip_dag' retrieved from /home/airflow/.local/lib/python3.12/site-packages/airflow/example_dags/example_skip_dag.py
[2025-04-09T23:05:13.222+0000] {logging_mixin.py:190} INFO - [2025-04-09T23:05:13.221+0000] {dag.py:3239} INFO - Sync 1 DAGs
[2025-04-09T23:05:13.231+0000] {logging_mixin.py:190} INFO - [2025-04-09T23:05:13.231+0000] {dag.py:4180} INFO - Setting next_dagrun for example_skip_dag to 2025-04-08 00:00:00+00:00, run_after=2025-04-09 00:00:00+00:00
[2025-04-09T23:05:13.237+0000] {processor.py:208} INFO - Processing /home/airflow/.local/lib/python3.12/site-packages/airflow/example_dags/example_skip_dag.py took 0.033 seconds
[2025-04-09T23:05:43.400+0000] {processor.py:186} INFO - Started process (PID=2824) to work on /home/airflow/.local/lib/python3.12/site-packages/airflow/example_dags/example_skip_dag.py
[2025-04-09T23:05:43.401+0000] {processor.py:914} INFO - Processing file /home/airflow/.local/lib/python3.12/site-packages/airflow/example_dags/example_skip_dag.py for tasks to queue
[2025-04-09T23:05:43.403+0000] {logging_mixin.py:190} INFO - [2025-04-09T23:05:43.403+0000] {dagbag.py:588} INFO - Filling up the DagBag from /home/airflow/.local/lib/python3.12/site-packages/airflow/example_dags/example_skip_dag.py
[2025-04-09T23:05:43.408+0000] {processor.py:925} INFO - DAG(s) 'example_skip_dag' retrieved from /home/airflow/.local/lib/python3.12/site-packages/airflow/example_dags/example_skip_dag.py
[2025-04-09T23:05:43.419+0000] {logging_mixin.py:190} INFO - [2025-04-09T23:05:43.419+0000] {dag.py:3239} INFO - Sync 1 DAGs
[2025-04-09T23:05:43.429+0000] {logging_mixin.py:190} INFO - [2025-04-09T23:05:43.429+0000] {dag.py:4180} INFO - Setting next_dagrun for example_skip_dag to 2025-04-08 00:00:00+00:00, run_after=2025-04-09 00:00:00+00:00
[2025-04-09T23:05:43.436+0000] {processor.py:208} INFO - Processing /home/airflow/.local/lib/python3.12/site-packages/airflow/example_dags/example_skip_dag.py took 0.038 seconds
[2025-04-09T23:06:13.622+0000] {processor.py:186} INFO - Started process (PID=2888) to work on /home/airflow/.local/lib/python3.12/site-packages/airflow/example_dags/example_skip_dag.py
[2025-04-09T23:06:13.623+0000] {processor.py:914} INFO - Processing file /home/airflow/.local/lib/python3.12/site-packages/airflow/example_dags/example_skip_dag.py for tasks to queue
[2025-04-09T23:06:13.625+0000] {logging_mixin.py:190} INFO - [2025-04-09T23:06:13.625+0000] {dagbag.py:588} INFO - Filling up the DagBag from /home/airflow/.local/lib/python3.12/site-packages/airflow/example_dags/example_skip_dag.py
[2025-04-09T23:06:13.629+0000] {processor.py:925} INFO - DAG(s) 'example_skip_dag' retrieved from /home/airflow/.local/lib/python3.12/site-packages/airflow/example_dags/example_skip_dag.py
[2025-04-09T23:06:13.640+0000] {logging_mixin.py:190} INFO - [2025-04-09T23:06:13.639+0000] {dag.py:3239} INFO - Sync 1 DAGs
[2025-04-09T23:06:13.649+0000] {logging_mixin.py:190} INFO - [2025-04-09T23:06:13.649+0000] {dag.py:4180} INFO - Setting next_dagrun for example_skip_dag to 2025-04-08 00:00:00+00:00, run_after=2025-04-09 00:00:00+00:00
[2025-04-09T23:06:13.657+0000] {processor.py:208} INFO - Processing /home/airflow/.local/lib/python3.12/site-packages/airflow/example_dags/example_skip_dag.py took 0.038 seconds
[2025-04-09T23:06:43.732+0000] {processor.py:186} INFO - Started process (PID=2951) to work on /home/airflow/.local/lib/python3.12/site-packages/airflow/example_dags/example_skip_dag.py
[2025-04-09T23:06:43.734+0000] {processor.py:914} INFO - Processing file /home/airflow/.local/lib/python3.12/site-packages/airflow/example_dags/example_skip_dag.py for tasks to queue
[2025-04-09T23:06:43.735+0000] {logging_mixin.py:190} INFO - [2025-04-09T23:06:43.735+0000] {dagbag.py:588} INFO - Filling up the DagBag from /home/airflow/.local/lib/python3.12/site-packages/airflow/example_dags/example_skip_dag.py
[2025-04-09T23:06:43.739+0000] {processor.py:925} INFO - DAG(s) 'example_skip_dag' retrieved from /home/airflow/.local/lib/python3.12/site-packages/airflow/example_dags/example_skip_dag.py
[2025-04-09T23:06:43.749+0000] {logging_mixin.py:190} INFO - [2025-04-09T23:06:43.748+0000] {dag.py:3239} INFO - Sync 1 DAGs
[2025-04-09T23:06:43.758+0000] {logging_mixin.py:190} INFO - [2025-04-09T23:06:43.758+0000] {dag.py:4180} INFO - Setting next_dagrun for example_skip_dag to 2025-04-08 00:00:00+00:00, run_after=2025-04-09 00:00:00+00:00
[2025-04-09T23:06:43.768+0000] {processor.py:208} INFO - Processing /home/airflow/.local/lib/python3.12/site-packages/airflow/example_dags/example_skip_dag.py took 0.039 seconds
