[2025-04-09T22:43:55.887+0000] {processor.py:186} INFO - Started process (PID=54) to work on /home/airflow/.local/lib/python3.12/site-packages/airflow/example_dags/tutorial_taskflow_api.py
[2025-04-09T22:43:55.887+0000] {processor.py:914} INFO - Processing file /home/airflow/.local/lib/python3.12/site-packages/airflow/example_dags/tutorial_taskflow_api.py for tasks to queue
[2025-04-09T22:43:55.889+0000] {logging_mixin.py:190} INFO - [2025-04-09T22:43:55.889+0000] {dagbag.py:588} INFO - Filling up the DagBag from /home/airflow/.local/lib/python3.12/site-packages/airflow/example_dags/tutorial_taskflow_api.py
[2025-04-09T22:43:55.894+0000] {processor.py:925} INFO - DAG(s) 'tutorial_taskflow_api' retrieved from /home/airflow/.local/lib/python3.12/site-packages/airflow/example_dags/tutorial_taskflow_api.py
[2025-04-09T22:43:56.042+0000] {logging_mixin.py:190} INFO - [2025-04-09T22:43:55.908+0000] {dag.py:3239} INFO - Sync 1 DAGs
[2025-04-09T22:43:56.049+0000] {logging_mixin.py:190} INFO - [2025-04-09T22:43:56.049+0000] {dag.py:4180} INFO - Setting next_dagrun for tutorial_taskflow_api to None, run_after=None
[2025-04-09T22:43:56.059+0000] {processor.py:208} INFO - Processing /home/airflow/.local/lib/python3.12/site-packages/airflow/example_dags/tutorial_taskflow_api.py took 0.176 seconds
[2025-04-09T22:44:26.871+0000] {processor.py:186} INFO - Started process (PID=122) to work on /home/airflow/.local/lib/python3.12/site-packages/airflow/example_dags/tutorial_taskflow_api.py
[2025-04-09T22:44:26.875+0000] {processor.py:914} INFO - Processing file /home/airflow/.local/lib/python3.12/site-packages/airflow/example_dags/tutorial_taskflow_api.py for tasks to queue
[2025-04-09T22:44:26.878+0000] {logging_mixin.py:190} INFO - [2025-04-09T22:44:26.878+0000] {dagbag.py:588} INFO - Filling up the DagBag from /home/airflow/.local/lib/python3.12/site-packages/airflow/example_dags/tutorial_taskflow_api.py
[2025-04-09T22:44:26.890+0000] {processor.py:925} INFO - DAG(s) 'tutorial_taskflow_api' retrieved from /home/airflow/.local/lib/python3.12/site-packages/airflow/example_dags/tutorial_taskflow_api.py
[2025-04-09T22:44:26.901+0000] {logging_mixin.py:190} INFO - [2025-04-09T22:44:26.901+0000] {dag.py:3239} INFO - Sync 1 DAGs
[2025-04-09T22:44:26.908+0000] {logging_mixin.py:190} INFO - [2025-04-09T22:44:26.908+0000] {dag.py:4180} INFO - Setting next_dagrun for tutorial_taskflow_api to None, run_after=None
[2025-04-09T22:44:26.920+0000] {processor.py:208} INFO - Processing /home/airflow/.local/lib/python3.12/site-packages/airflow/example_dags/tutorial_taskflow_api.py took 0.062 seconds
[2025-04-09T22:44:57.108+0000] {processor.py:186} INFO - Started process (PID=186) to work on /home/airflow/.local/lib/python3.12/site-packages/airflow/example_dags/tutorial_taskflow_api.py
[2025-04-09T22:44:57.109+0000] {processor.py:914} INFO - Processing file /home/airflow/.local/lib/python3.12/site-packages/airflow/example_dags/tutorial_taskflow_api.py for tasks to queue
[2025-04-09T22:44:57.110+0000] {logging_mixin.py:190} INFO - [2025-04-09T22:44:57.110+0000] {dagbag.py:588} INFO - Filling up the DagBag from /home/airflow/.local/lib/python3.12/site-packages/airflow/example_dags/tutorial_taskflow_api.py
[2025-04-09T22:44:57.114+0000] {processor.py:925} INFO - DAG(s) 'tutorial_taskflow_api' retrieved from /home/airflow/.local/lib/python3.12/site-packages/airflow/example_dags/tutorial_taskflow_api.py
[2025-04-09T22:44:57.122+0000] {logging_mixin.py:190} INFO - [2025-04-09T22:44:57.122+0000] {dag.py:3239} INFO - Sync 1 DAGs
[2025-04-09T22:44:57.127+0000] {logging_mixin.py:190} INFO - [2025-04-09T22:44:57.127+0000] {dag.py:4180} INFO - Setting next_dagrun for tutorial_taskflow_api to None, run_after=None
[2025-04-09T22:44:57.134+0000] {processor.py:208} INFO - Processing /home/airflow/.local/lib/python3.12/site-packages/airflow/example_dags/tutorial_taskflow_api.py took 0.028 seconds
[2025-04-09T22:45:28.078+0000] {processor.py:186} INFO - Started process (PID=250) to work on /home/airflow/.local/lib/python3.12/site-packages/airflow/example_dags/tutorial_taskflow_api.py
[2025-04-09T22:45:28.081+0000] {processor.py:914} INFO - Processing file /home/airflow/.local/lib/python3.12/site-packages/airflow/example_dags/tutorial_taskflow_api.py for tasks to queue
[2025-04-09T22:45:28.082+0000] {logging_mixin.py:190} INFO - [2025-04-09T22:45:28.082+0000] {dagbag.py:588} INFO - Filling up the DagBag from /home/airflow/.local/lib/python3.12/site-packages/airflow/example_dags/tutorial_taskflow_api.py
[2025-04-09T22:45:28.086+0000] {processor.py:925} INFO - DAG(s) 'tutorial_taskflow_api' retrieved from /home/airflow/.local/lib/python3.12/site-packages/airflow/example_dags/tutorial_taskflow_api.py
[2025-04-09T22:45:28.096+0000] {logging_mixin.py:190} INFO - [2025-04-09T22:45:28.096+0000] {dag.py:3239} INFO - Sync 1 DAGs
[2025-04-09T22:45:28.103+0000] {logging_mixin.py:190} INFO - [2025-04-09T22:45:28.102+0000] {dag.py:4180} INFO - Setting next_dagrun for tutorial_taskflow_api to None, run_after=None
[2025-04-09T22:45:28.112+0000] {processor.py:208} INFO - Processing /home/airflow/.local/lib/python3.12/site-packages/airflow/example_dags/tutorial_taskflow_api.py took 0.037 seconds
[2025-04-09T22:45:58.304+0000] {processor.py:186} INFO - Started process (PID=314) to work on /home/airflow/.local/lib/python3.12/site-packages/airflow/example_dags/tutorial_taskflow_api.py
[2025-04-09T22:45:58.306+0000] {processor.py:914} INFO - Processing file /home/airflow/.local/lib/python3.12/site-packages/airflow/example_dags/tutorial_taskflow_api.py for tasks to queue
[2025-04-09T22:45:58.308+0000] {logging_mixin.py:190} INFO - [2025-04-09T22:45:58.308+0000] {dagbag.py:588} INFO - Filling up the DagBag from /home/airflow/.local/lib/python3.12/site-packages/airflow/example_dags/tutorial_taskflow_api.py
[2025-04-09T22:45:58.318+0000] {processor.py:925} INFO - DAG(s) 'tutorial_taskflow_api' retrieved from /home/airflow/.local/lib/python3.12/site-packages/airflow/example_dags/tutorial_taskflow_api.py
[2025-04-09T22:45:58.327+0000] {logging_mixin.py:190} INFO - [2025-04-09T22:45:58.327+0000] {dag.py:3239} INFO - Sync 1 DAGs
[2025-04-09T22:45:58.333+0000] {logging_mixin.py:190} INFO - [2025-04-09T22:45:58.333+0000] {dag.py:4180} INFO - Setting next_dagrun for tutorial_taskflow_api to None, run_after=None
[2025-04-09T22:45:58.343+0000] {processor.py:208} INFO - Processing /home/airflow/.local/lib/python3.12/site-packages/airflow/example_dags/tutorial_taskflow_api.py took 0.047 seconds
[2025-04-09T22:46:28.679+0000] {processor.py:186} INFO - Started process (PID=378) to work on /home/airflow/.local/lib/python3.12/site-packages/airflow/example_dags/tutorial_taskflow_api.py
[2025-04-09T22:46:28.681+0000] {processor.py:914} INFO - Processing file /home/airflow/.local/lib/python3.12/site-packages/airflow/example_dags/tutorial_taskflow_api.py for tasks to queue
[2025-04-09T22:46:28.683+0000] {logging_mixin.py:190} INFO - [2025-04-09T22:46:28.682+0000] {dagbag.py:588} INFO - Filling up the DagBag from /home/airflow/.local/lib/python3.12/site-packages/airflow/example_dags/tutorial_taskflow_api.py
[2025-04-09T22:46:28.688+0000] {processor.py:925} INFO - DAG(s) 'tutorial_taskflow_api' retrieved from /home/airflow/.local/lib/python3.12/site-packages/airflow/example_dags/tutorial_taskflow_api.py
[2025-04-09T22:46:28.701+0000] {logging_mixin.py:190} INFO - [2025-04-09T22:46:28.701+0000] {dag.py:3239} INFO - Sync 1 DAGs
[2025-04-09T22:46:28.710+0000] {logging_mixin.py:190} INFO - [2025-04-09T22:46:28.709+0000] {dag.py:4180} INFO - Setting next_dagrun for tutorial_taskflow_api to None, run_after=None
[2025-04-09T22:46:28.720+0000] {processor.py:208} INFO - Processing /home/airflow/.local/lib/python3.12/site-packages/airflow/example_dags/tutorial_taskflow_api.py took 0.047 seconds
[2025-04-09T22:46:58.891+0000] {processor.py:186} INFO - Started process (PID=441) to work on /home/airflow/.local/lib/python3.12/site-packages/airflow/example_dags/tutorial_taskflow_api.py
[2025-04-09T22:46:58.892+0000] {processor.py:914} INFO - Processing file /home/airflow/.local/lib/python3.12/site-packages/airflow/example_dags/tutorial_taskflow_api.py for tasks to queue
[2025-04-09T22:46:58.893+0000] {logging_mixin.py:190} INFO - [2025-04-09T22:46:58.893+0000] {dagbag.py:588} INFO - Filling up the DagBag from /home/airflow/.local/lib/python3.12/site-packages/airflow/example_dags/tutorial_taskflow_api.py
[2025-04-09T22:46:58.897+0000] {processor.py:925} INFO - DAG(s) 'tutorial_taskflow_api' retrieved from /home/airflow/.local/lib/python3.12/site-packages/airflow/example_dags/tutorial_taskflow_api.py
[2025-04-09T22:46:58.906+0000] {logging_mixin.py:190} INFO - [2025-04-09T22:46:58.906+0000] {dag.py:3239} INFO - Sync 1 DAGs
[2025-04-09T22:46:58.912+0000] {logging_mixin.py:190} INFO - [2025-04-09T22:46:58.912+0000] {dag.py:4180} INFO - Setting next_dagrun for tutorial_taskflow_api to None, run_after=None
[2025-04-09T22:46:58.920+0000] {processor.py:208} INFO - Processing /home/airflow/.local/lib/python3.12/site-packages/airflow/example_dags/tutorial_taskflow_api.py took 0.031 seconds
[2025-04-09T22:47:29.311+0000] {processor.py:186} INFO - Started process (PID=505) to work on /home/airflow/.local/lib/python3.12/site-packages/airflow/example_dags/tutorial_taskflow_api.py
[2025-04-09T22:47:29.313+0000] {processor.py:914} INFO - Processing file /home/airflow/.local/lib/python3.12/site-packages/airflow/example_dags/tutorial_taskflow_api.py for tasks to queue
[2025-04-09T22:47:29.314+0000] {logging_mixin.py:190} INFO - [2025-04-09T22:47:29.314+0000] {dagbag.py:588} INFO - Filling up the DagBag from /home/airflow/.local/lib/python3.12/site-packages/airflow/example_dags/tutorial_taskflow_api.py
[2025-04-09T22:47:29.322+0000] {processor.py:925} INFO - DAG(s) 'tutorial_taskflow_api' retrieved from /home/airflow/.local/lib/python3.12/site-packages/airflow/example_dags/tutorial_taskflow_api.py
[2025-04-09T22:47:29.335+0000] {logging_mixin.py:190} INFO - [2025-04-09T22:47:29.335+0000] {dag.py:3239} INFO - Sync 1 DAGs
[2025-04-09T22:47:29.342+0000] {logging_mixin.py:190} INFO - [2025-04-09T22:47:29.342+0000] {dag.py:4180} INFO - Setting next_dagrun for tutorial_taskflow_api to None, run_after=None
[2025-04-09T22:47:29.351+0000] {processor.py:208} INFO - Processing /home/airflow/.local/lib/python3.12/site-packages/airflow/example_dags/tutorial_taskflow_api.py took 0.047 seconds
[2025-04-09T22:47:59.797+0000] {processor.py:186} INFO - Started process (PID=575) to work on /home/airflow/.local/lib/python3.12/site-packages/airflow/example_dags/tutorial_taskflow_api.py
[2025-04-09T22:47:59.798+0000] {processor.py:914} INFO - Processing file /home/airflow/.local/lib/python3.12/site-packages/airflow/example_dags/tutorial_taskflow_api.py for tasks to queue
[2025-04-09T22:47:59.800+0000] {logging_mixin.py:190} INFO - [2025-04-09T22:47:59.800+0000] {dagbag.py:588} INFO - Filling up the DagBag from /home/airflow/.local/lib/python3.12/site-packages/airflow/example_dags/tutorial_taskflow_api.py
[2025-04-09T22:47:59.805+0000] {processor.py:925} INFO - DAG(s) 'tutorial_taskflow_api' retrieved from /home/airflow/.local/lib/python3.12/site-packages/airflow/example_dags/tutorial_taskflow_api.py
[2025-04-09T22:47:59.817+0000] {logging_mixin.py:190} INFO - [2025-04-09T22:47:59.817+0000] {dag.py:3239} INFO - Sync 1 DAGs
[2025-04-09T22:47:59.825+0000] {logging_mixin.py:190} INFO - [2025-04-09T22:47:59.825+0000] {dag.py:4180} INFO - Setting next_dagrun for tutorial_taskflow_api to None, run_after=None
[2025-04-09T22:47:59.833+0000] {processor.py:208} INFO - Processing /home/airflow/.local/lib/python3.12/site-packages/airflow/example_dags/tutorial_taskflow_api.py took 0.042 seconds
[2025-04-09T22:48:30.330+0000] {processor.py:186} INFO - Started process (PID=639) to work on /home/airflow/.local/lib/python3.12/site-packages/airflow/example_dags/tutorial_taskflow_api.py
[2025-04-09T22:48:30.331+0000] {processor.py:914} INFO - Processing file /home/airflow/.local/lib/python3.12/site-packages/airflow/example_dags/tutorial_taskflow_api.py for tasks to queue
[2025-04-09T22:48:30.333+0000] {logging_mixin.py:190} INFO - [2025-04-09T22:48:30.332+0000] {dagbag.py:588} INFO - Filling up the DagBag from /home/airflow/.local/lib/python3.12/site-packages/airflow/example_dags/tutorial_taskflow_api.py
[2025-04-09T22:48:30.337+0000] {processor.py:925} INFO - DAG(s) 'tutorial_taskflow_api' retrieved from /home/airflow/.local/lib/python3.12/site-packages/airflow/example_dags/tutorial_taskflow_api.py
[2025-04-09T22:48:30.346+0000] {logging_mixin.py:190} INFO - [2025-04-09T22:48:30.346+0000] {dag.py:3239} INFO - Sync 1 DAGs
[2025-04-09T22:48:30.352+0000] {logging_mixin.py:190} INFO - [2025-04-09T22:48:30.352+0000] {dag.py:4180} INFO - Setting next_dagrun for tutorial_taskflow_api to None, run_after=None
[2025-04-09T22:48:30.362+0000] {processor.py:208} INFO - Processing /home/airflow/.local/lib/python3.12/site-packages/airflow/example_dags/tutorial_taskflow_api.py took 0.034 seconds
[2025-04-09T22:49:00.549+0000] {processor.py:186} INFO - Started process (PID=703) to work on /home/airflow/.local/lib/python3.12/site-packages/airflow/example_dags/tutorial_taskflow_api.py
[2025-04-09T22:49:00.550+0000] {processor.py:914} INFO - Processing file /home/airflow/.local/lib/python3.12/site-packages/airflow/example_dags/tutorial_taskflow_api.py for tasks to queue
[2025-04-09T22:49:00.551+0000] {logging_mixin.py:190} INFO - [2025-04-09T22:49:00.551+0000] {dagbag.py:588} INFO - Filling up the DagBag from /home/airflow/.local/lib/python3.12/site-packages/airflow/example_dags/tutorial_taskflow_api.py
[2025-04-09T22:49:00.556+0000] {processor.py:925} INFO - DAG(s) 'tutorial_taskflow_api' retrieved from /home/airflow/.local/lib/python3.12/site-packages/airflow/example_dags/tutorial_taskflow_api.py
[2025-04-09T22:49:00.565+0000] {logging_mixin.py:190} INFO - [2025-04-09T22:49:00.565+0000] {dag.py:3239} INFO - Sync 1 DAGs
[2025-04-09T22:49:00.573+0000] {logging_mixin.py:190} INFO - [2025-04-09T22:49:00.573+0000] {dag.py:4180} INFO - Setting next_dagrun for tutorial_taskflow_api to None, run_after=None
[2025-04-09T22:49:00.584+0000] {processor.py:208} INFO - Processing /home/airflow/.local/lib/python3.12/site-packages/airflow/example_dags/tutorial_taskflow_api.py took 0.039 seconds
[2025-04-09T22:49:30.694+0000] {processor.py:186} INFO - Started process (PID=767) to work on /home/airflow/.local/lib/python3.12/site-packages/airflow/example_dags/tutorial_taskflow_api.py
[2025-04-09T22:49:30.695+0000] {processor.py:914} INFO - Processing file /home/airflow/.local/lib/python3.12/site-packages/airflow/example_dags/tutorial_taskflow_api.py for tasks to queue
[2025-04-09T22:49:30.697+0000] {logging_mixin.py:190} INFO - [2025-04-09T22:49:30.697+0000] {dagbag.py:588} INFO - Filling up the DagBag from /home/airflow/.local/lib/python3.12/site-packages/airflow/example_dags/tutorial_taskflow_api.py
[2025-04-09T22:49:30.701+0000] {processor.py:925} INFO - DAG(s) 'tutorial_taskflow_api' retrieved from /home/airflow/.local/lib/python3.12/site-packages/airflow/example_dags/tutorial_taskflow_api.py
[2025-04-09T22:49:30.710+0000] {logging_mixin.py:190} INFO - [2025-04-09T22:49:30.710+0000] {dag.py:3239} INFO - Sync 1 DAGs
[2025-04-09T22:49:30.716+0000] {logging_mixin.py:190} INFO - [2025-04-09T22:49:30.716+0000] {dag.py:4180} INFO - Setting next_dagrun for tutorial_taskflow_api to None, run_after=None
[2025-04-09T22:49:30.724+0000] {processor.py:208} INFO - Processing /home/airflow/.local/lib/python3.12/site-packages/airflow/example_dags/tutorial_taskflow_api.py took 0.032 seconds
[2025-04-09T22:50:00.963+0000] {processor.py:186} INFO - Started process (PID=831) to work on /home/airflow/.local/lib/python3.12/site-packages/airflow/example_dags/tutorial_taskflow_api.py
[2025-04-09T22:50:00.964+0000] {processor.py:914} INFO - Processing file /home/airflow/.local/lib/python3.12/site-packages/airflow/example_dags/tutorial_taskflow_api.py for tasks to queue
[2025-04-09T22:50:00.965+0000] {logging_mixin.py:190} INFO - [2025-04-09T22:50:00.965+0000] {dagbag.py:588} INFO - Filling up the DagBag from /home/airflow/.local/lib/python3.12/site-packages/airflow/example_dags/tutorial_taskflow_api.py
[2025-04-09T22:50:00.969+0000] {processor.py:925} INFO - DAG(s) 'tutorial_taskflow_api' retrieved from /home/airflow/.local/lib/python3.12/site-packages/airflow/example_dags/tutorial_taskflow_api.py
[2025-04-09T22:50:00.979+0000] {logging_mixin.py:190} INFO - [2025-04-09T22:50:00.979+0000] {dag.py:3239} INFO - Sync 1 DAGs
[2025-04-09T22:50:00.985+0000] {logging_mixin.py:190} INFO - [2025-04-09T22:50:00.985+0000] {dag.py:4180} INFO - Setting next_dagrun for tutorial_taskflow_api to None, run_after=None
[2025-04-09T22:50:00.995+0000] {processor.py:208} INFO - Processing /home/airflow/.local/lib/python3.12/site-packages/airflow/example_dags/tutorial_taskflow_api.py took 0.036 seconds
[2025-04-09T22:50:31.133+0000] {processor.py:186} INFO - Started process (PID=895) to work on /home/airflow/.local/lib/python3.12/site-packages/airflow/example_dags/tutorial_taskflow_api.py
[2025-04-09T22:50:31.133+0000] {processor.py:914} INFO - Processing file /home/airflow/.local/lib/python3.12/site-packages/airflow/example_dags/tutorial_taskflow_api.py for tasks to queue
[2025-04-09T22:50:31.135+0000] {logging_mixin.py:190} INFO - [2025-04-09T22:50:31.134+0000] {dagbag.py:588} INFO - Filling up the DagBag from /home/airflow/.local/lib/python3.12/site-packages/airflow/example_dags/tutorial_taskflow_api.py
[2025-04-09T22:50:31.139+0000] {processor.py:925} INFO - DAG(s) 'tutorial_taskflow_api' retrieved from /home/airflow/.local/lib/python3.12/site-packages/airflow/example_dags/tutorial_taskflow_api.py
[2025-04-09T22:50:31.147+0000] {logging_mixin.py:190} INFO - [2025-04-09T22:50:31.146+0000] {dag.py:3239} INFO - Sync 1 DAGs
[2025-04-09T22:50:31.152+0000] {logging_mixin.py:190} INFO - [2025-04-09T22:50:31.152+0000] {dag.py:4180} INFO - Setting next_dagrun for tutorial_taskflow_api to None, run_after=None
[2025-04-09T22:50:31.160+0000] {processor.py:208} INFO - Processing /home/airflow/.local/lib/python3.12/site-packages/airflow/example_dags/tutorial_taskflow_api.py took 0.030 seconds
[2025-04-09T22:51:02.205+0000] {processor.py:186} INFO - Started process (PID=959) to work on /home/airflow/.local/lib/python3.12/site-packages/airflow/example_dags/tutorial_taskflow_api.py
[2025-04-09T22:51:02.205+0000] {processor.py:914} INFO - Processing file /home/airflow/.local/lib/python3.12/site-packages/airflow/example_dags/tutorial_taskflow_api.py for tasks to queue
[2025-04-09T22:51:02.207+0000] {logging_mixin.py:190} INFO - [2025-04-09T22:51:02.206+0000] {dagbag.py:588} INFO - Filling up the DagBag from /home/airflow/.local/lib/python3.12/site-packages/airflow/example_dags/tutorial_taskflow_api.py
[2025-04-09T22:51:02.211+0000] {processor.py:925} INFO - DAG(s) 'tutorial_taskflow_api' retrieved from /home/airflow/.local/lib/python3.12/site-packages/airflow/example_dags/tutorial_taskflow_api.py
[2025-04-09T22:51:02.221+0000] {logging_mixin.py:190} INFO - [2025-04-09T22:51:02.221+0000] {dag.py:3239} INFO - Sync 1 DAGs
[2025-04-09T22:51:02.229+0000] {logging_mixin.py:190} INFO - [2025-04-09T22:51:02.228+0000] {dag.py:4180} INFO - Setting next_dagrun for tutorial_taskflow_api to None, run_after=None
[2025-04-09T22:51:02.239+0000] {processor.py:208} INFO - Processing /home/airflow/.local/lib/python3.12/site-packages/airflow/example_dags/tutorial_taskflow_api.py took 0.037 seconds
[2025-04-09T22:51:32.414+0000] {processor.py:186} INFO - Started process (PID=1023) to work on /home/airflow/.local/lib/python3.12/site-packages/airflow/example_dags/tutorial_taskflow_api.py
[2025-04-09T22:51:32.414+0000] {processor.py:914} INFO - Processing file /home/airflow/.local/lib/python3.12/site-packages/airflow/example_dags/tutorial_taskflow_api.py for tasks to queue
[2025-04-09T22:51:32.418+0000] {logging_mixin.py:190} INFO - [2025-04-09T22:51:32.418+0000] {dagbag.py:588} INFO - Filling up the DagBag from /home/airflow/.local/lib/python3.12/site-packages/airflow/example_dags/tutorial_taskflow_api.py
[2025-04-09T22:51:32.424+0000] {processor.py:925} INFO - DAG(s) 'tutorial_taskflow_api' retrieved from /home/airflow/.local/lib/python3.12/site-packages/airflow/example_dags/tutorial_taskflow_api.py
[2025-04-09T22:51:32.433+0000] {logging_mixin.py:190} INFO - [2025-04-09T22:51:32.433+0000] {dag.py:3239} INFO - Sync 1 DAGs
[2025-04-09T22:51:32.439+0000] {logging_mixin.py:190} INFO - [2025-04-09T22:51:32.439+0000] {dag.py:4180} INFO - Setting next_dagrun for tutorial_taskflow_api to None, run_after=None
[2025-04-09T22:51:32.447+0000] {processor.py:208} INFO - Processing /home/airflow/.local/lib/python3.12/site-packages/airflow/example_dags/tutorial_taskflow_api.py took 0.036 seconds
[2025-04-09T22:52:02.654+0000] {processor.py:186} INFO - Started process (PID=1087) to work on /home/airflow/.local/lib/python3.12/site-packages/airflow/example_dags/tutorial_taskflow_api.py
[2025-04-09T22:52:02.654+0000] {processor.py:914} INFO - Processing file /home/airflow/.local/lib/python3.12/site-packages/airflow/example_dags/tutorial_taskflow_api.py for tasks to queue
[2025-04-09T22:52:02.655+0000] {logging_mixin.py:190} INFO - [2025-04-09T22:52:02.655+0000] {dagbag.py:588} INFO - Filling up the DagBag from /home/airflow/.local/lib/python3.12/site-packages/airflow/example_dags/tutorial_taskflow_api.py
[2025-04-09T22:52:02.660+0000] {processor.py:925} INFO - DAG(s) 'tutorial_taskflow_api' retrieved from /home/airflow/.local/lib/python3.12/site-packages/airflow/example_dags/tutorial_taskflow_api.py
[2025-04-09T22:52:02.669+0000] {logging_mixin.py:190} INFO - [2025-04-09T22:52:02.669+0000] {dag.py:3239} INFO - Sync 1 DAGs
[2025-04-09T22:52:02.676+0000] {logging_mixin.py:190} INFO - [2025-04-09T22:52:02.676+0000] {dag.py:4180} INFO - Setting next_dagrun for tutorial_taskflow_api to None, run_after=None
[2025-04-09T22:52:02.684+0000] {processor.py:208} INFO - Processing /home/airflow/.local/lib/python3.12/site-packages/airflow/example_dags/tutorial_taskflow_api.py took 0.034 seconds
[2025-04-09T22:52:32.892+0000] {processor.py:186} INFO - Started process (PID=1151) to work on /home/airflow/.local/lib/python3.12/site-packages/airflow/example_dags/tutorial_taskflow_api.py
[2025-04-09T22:52:32.893+0000] {processor.py:914} INFO - Processing file /home/airflow/.local/lib/python3.12/site-packages/airflow/example_dags/tutorial_taskflow_api.py for tasks to queue
[2025-04-09T22:52:32.894+0000] {logging_mixin.py:190} INFO - [2025-04-09T22:52:32.893+0000] {dagbag.py:588} INFO - Filling up the DagBag from /home/airflow/.local/lib/python3.12/site-packages/airflow/example_dags/tutorial_taskflow_api.py
[2025-04-09T22:52:32.898+0000] {processor.py:925} INFO - DAG(s) 'tutorial_taskflow_api' retrieved from /home/airflow/.local/lib/python3.12/site-packages/airflow/example_dags/tutorial_taskflow_api.py
[2025-04-09T22:52:32.907+0000] {logging_mixin.py:190} INFO - [2025-04-09T22:52:32.907+0000] {dag.py:3239} INFO - Sync 1 DAGs
[2025-04-09T22:52:32.913+0000] {logging_mixin.py:190} INFO - [2025-04-09T22:52:32.913+0000] {dag.py:4180} INFO - Setting next_dagrun for tutorial_taskflow_api to None, run_after=None
[2025-04-09T22:52:32.920+0000] {processor.py:208} INFO - Processing /home/airflow/.local/lib/python3.12/site-packages/airflow/example_dags/tutorial_taskflow_api.py took 0.032 seconds
[2025-04-09T22:53:03.019+0000] {processor.py:186} INFO - Started process (PID=1215) to work on /home/airflow/.local/lib/python3.12/site-packages/airflow/example_dags/tutorial_taskflow_api.py
[2025-04-09T22:53:03.019+0000] {processor.py:914} INFO - Processing file /home/airflow/.local/lib/python3.12/site-packages/airflow/example_dags/tutorial_taskflow_api.py for tasks to queue
[2025-04-09T22:53:03.020+0000] {logging_mixin.py:190} INFO - [2025-04-09T22:53:03.020+0000] {dagbag.py:588} INFO - Filling up the DagBag from /home/airflow/.local/lib/python3.12/site-packages/airflow/example_dags/tutorial_taskflow_api.py
[2025-04-09T22:53:03.024+0000] {processor.py:925} INFO - DAG(s) 'tutorial_taskflow_api' retrieved from /home/airflow/.local/lib/python3.12/site-packages/airflow/example_dags/tutorial_taskflow_api.py
[2025-04-09T22:53:03.033+0000] {logging_mixin.py:190} INFO - [2025-04-09T22:53:03.033+0000] {dag.py:3239} INFO - Sync 1 DAGs
[2025-04-09T22:53:03.039+0000] {logging_mixin.py:190} INFO - [2025-04-09T22:53:03.039+0000] {dag.py:4180} INFO - Setting next_dagrun for tutorial_taskflow_api to None, run_after=None
[2025-04-09T22:53:03.046+0000] {processor.py:208} INFO - Processing /home/airflow/.local/lib/python3.12/site-packages/airflow/example_dags/tutorial_taskflow_api.py took 0.030 seconds
[2025-04-09T22:53:34.002+0000] {processor.py:186} INFO - Started process (PID=1279) to work on /home/airflow/.local/lib/python3.12/site-packages/airflow/example_dags/tutorial_taskflow_api.py
[2025-04-09T22:53:34.002+0000] {processor.py:914} INFO - Processing file /home/airflow/.local/lib/python3.12/site-packages/airflow/example_dags/tutorial_taskflow_api.py for tasks to queue
[2025-04-09T22:53:34.004+0000] {logging_mixin.py:190} INFO - [2025-04-09T22:53:34.003+0000] {dagbag.py:588} INFO - Filling up the DagBag from /home/airflow/.local/lib/python3.12/site-packages/airflow/example_dags/tutorial_taskflow_api.py
[2025-04-09T22:53:34.008+0000] {processor.py:925} INFO - DAG(s) 'tutorial_taskflow_api' retrieved from /home/airflow/.local/lib/python3.12/site-packages/airflow/example_dags/tutorial_taskflow_api.py
[2025-04-09T22:53:34.018+0000] {logging_mixin.py:190} INFO - [2025-04-09T22:53:34.018+0000] {dag.py:3239} INFO - Sync 1 DAGs
[2025-04-09T22:53:34.024+0000] {logging_mixin.py:190} INFO - [2025-04-09T22:53:34.024+0000] {dag.py:4180} INFO - Setting next_dagrun for tutorial_taskflow_api to None, run_after=None
[2025-04-09T22:53:34.032+0000] {processor.py:208} INFO - Processing /home/airflow/.local/lib/python3.12/site-packages/airflow/example_dags/tutorial_taskflow_api.py took 0.033 seconds
[2025-04-09T22:54:05.107+0000] {processor.py:186} INFO - Started process (PID=1343) to work on /home/airflow/.local/lib/python3.12/site-packages/airflow/example_dags/tutorial_taskflow_api.py
[2025-04-09T22:54:05.107+0000] {processor.py:914} INFO - Processing file /home/airflow/.local/lib/python3.12/site-packages/airflow/example_dags/tutorial_taskflow_api.py for tasks to queue
[2025-04-09T22:54:05.108+0000] {logging_mixin.py:190} INFO - [2025-04-09T22:54:05.108+0000] {dagbag.py:588} INFO - Filling up the DagBag from /home/airflow/.local/lib/python3.12/site-packages/airflow/example_dags/tutorial_taskflow_api.py
[2025-04-09T22:54:05.113+0000] {processor.py:925} INFO - DAG(s) 'tutorial_taskflow_api' retrieved from /home/airflow/.local/lib/python3.12/site-packages/airflow/example_dags/tutorial_taskflow_api.py
[2025-04-09T22:54:05.126+0000] {logging_mixin.py:190} INFO - [2025-04-09T22:54:05.126+0000] {dag.py:3239} INFO - Sync 1 DAGs
[2025-04-09T22:54:05.133+0000] {logging_mixin.py:190} INFO - [2025-04-09T22:54:05.133+0000] {dag.py:4180} INFO - Setting next_dagrun for tutorial_taskflow_api to None, run_after=None
[2025-04-09T22:54:05.144+0000] {processor.py:208} INFO - Processing /home/airflow/.local/lib/python3.12/site-packages/airflow/example_dags/tutorial_taskflow_api.py took 0.040 seconds
[2025-04-09T22:54:35.721+0000] {processor.py:186} INFO - Started process (PID=1407) to work on /home/airflow/.local/lib/python3.12/site-packages/airflow/example_dags/tutorial_taskflow_api.py
[2025-04-09T22:54:35.722+0000] {processor.py:914} INFO - Processing file /home/airflow/.local/lib/python3.12/site-packages/airflow/example_dags/tutorial_taskflow_api.py for tasks to queue
[2025-04-09T22:54:35.724+0000] {logging_mixin.py:190} INFO - [2025-04-09T22:54:35.723+0000] {dagbag.py:588} INFO - Filling up the DagBag from /home/airflow/.local/lib/python3.12/site-packages/airflow/example_dags/tutorial_taskflow_api.py
[2025-04-09T22:54:35.728+0000] {processor.py:925} INFO - DAG(s) 'tutorial_taskflow_api' retrieved from /home/airflow/.local/lib/python3.12/site-packages/airflow/example_dags/tutorial_taskflow_api.py
[2025-04-09T22:54:35.737+0000] {logging_mixin.py:190} INFO - [2025-04-09T22:54:35.736+0000] {dag.py:3239} INFO - Sync 1 DAGs
[2025-04-09T22:54:35.743+0000] {logging_mixin.py:190} INFO - [2025-04-09T22:54:35.743+0000] {dag.py:4180} INFO - Setting next_dagrun for tutorial_taskflow_api to None, run_after=None
[2025-04-09T22:54:35.753+0000] {processor.py:208} INFO - Processing /home/airflow/.local/lib/python3.12/site-packages/airflow/example_dags/tutorial_taskflow_api.py took 0.035 seconds
[2025-04-09T23:03:41.807+0000] {processor.py:186} INFO - Started process (PID=2559) to work on /home/airflow/.local/lib/python3.12/site-packages/airflow/example_dags/tutorial_taskflow_api.py
[2025-04-09T23:03:41.809+0000] {processor.py:914} INFO - Processing file /home/airflow/.local/lib/python3.12/site-packages/airflow/example_dags/tutorial_taskflow_api.py for tasks to queue
[2025-04-09T23:03:41.812+0000] {logging_mixin.py:190} INFO - [2025-04-09T23:03:41.811+0000] {dagbag.py:588} INFO - Filling up the DagBag from /home/airflow/.local/lib/python3.12/site-packages/airflow/example_dags/tutorial_taskflow_api.py
[2025-04-09T23:03:41.816+0000] {processor.py:925} INFO - DAG(s) 'tutorial_taskflow_api' retrieved from /home/airflow/.local/lib/python3.12/site-packages/airflow/example_dags/tutorial_taskflow_api.py
[2025-04-09T23:03:41.828+0000] {logging_mixin.py:190} INFO - [2025-04-09T23:03:41.828+0000] {dag.py:3239} INFO - Sync 1 DAGs
[2025-04-09T23:03:41.835+0000] {logging_mixin.py:190} INFO - [2025-04-09T23:03:41.834+0000] {dag.py:4180} INFO - Setting next_dagrun for tutorial_taskflow_api to None, run_after=None
[2025-04-09T23:03:41.843+0000] {processor.py:208} INFO - Processing /home/airflow/.local/lib/python3.12/site-packages/airflow/example_dags/tutorial_taskflow_api.py took 0.040 seconds
[2025-04-09T23:04:12.317+0000] {processor.py:186} INFO - Started process (PID=2623) to work on /home/airflow/.local/lib/python3.12/site-packages/airflow/example_dags/tutorial_taskflow_api.py
[2025-04-09T23:04:12.318+0000] {processor.py:914} INFO - Processing file /home/airflow/.local/lib/python3.12/site-packages/airflow/example_dags/tutorial_taskflow_api.py for tasks to queue
[2025-04-09T23:04:12.319+0000] {logging_mixin.py:190} INFO - [2025-04-09T23:04:12.319+0000] {dagbag.py:588} INFO - Filling up the DagBag from /home/airflow/.local/lib/python3.12/site-packages/airflow/example_dags/tutorial_taskflow_api.py
[2025-04-09T23:04:12.324+0000] {processor.py:925} INFO - DAG(s) 'tutorial_taskflow_api' retrieved from /home/airflow/.local/lib/python3.12/site-packages/airflow/example_dags/tutorial_taskflow_api.py
[2025-04-09T23:04:12.333+0000] {logging_mixin.py:190} INFO - [2025-04-09T23:04:12.333+0000] {dag.py:3239} INFO - Sync 1 DAGs
[2025-04-09T23:04:12.340+0000] {logging_mixin.py:190} INFO - [2025-04-09T23:04:12.340+0000] {dag.py:4180} INFO - Setting next_dagrun for tutorial_taskflow_api to None, run_after=None
[2025-04-09T23:04:12.350+0000] {processor.py:208} INFO - Processing /home/airflow/.local/lib/python3.12/site-packages/airflow/example_dags/tutorial_taskflow_api.py took 0.037 seconds
[2025-04-09T23:04:42.681+0000] {processor.py:186} INFO - Started process (PID=2687) to work on /home/airflow/.local/lib/python3.12/site-packages/airflow/example_dags/tutorial_taskflow_api.py
[2025-04-09T23:04:42.682+0000] {processor.py:914} INFO - Processing file /home/airflow/.local/lib/python3.12/site-packages/airflow/example_dags/tutorial_taskflow_api.py for tasks to queue
[2025-04-09T23:04:42.684+0000] {logging_mixin.py:190} INFO - [2025-04-09T23:04:42.684+0000] {dagbag.py:588} INFO - Filling up the DagBag from /home/airflow/.local/lib/python3.12/site-packages/airflow/example_dags/tutorial_taskflow_api.py
[2025-04-09T23:04:42.689+0000] {processor.py:925} INFO - DAG(s) 'tutorial_taskflow_api' retrieved from /home/airflow/.local/lib/python3.12/site-packages/airflow/example_dags/tutorial_taskflow_api.py
[2025-04-09T23:04:42.704+0000] {logging_mixin.py:190} INFO - [2025-04-09T23:04:42.704+0000] {dag.py:3239} INFO - Sync 1 DAGs
[2025-04-09T23:04:42.713+0000] {logging_mixin.py:190} INFO - [2025-04-09T23:04:42.713+0000] {dag.py:4180} INFO - Setting next_dagrun for tutorial_taskflow_api to None, run_after=None
[2025-04-09T23:04:42.721+0000] {processor.py:208} INFO - Processing /home/airflow/.local/lib/python3.12/site-packages/airflow/example_dags/tutorial_taskflow_api.py took 0.042 seconds
[2025-04-09T23:05:12.827+0000] {processor.py:186} INFO - Started process (PID=2751) to work on /home/airflow/.local/lib/python3.12/site-packages/airflow/example_dags/tutorial_taskflow_api.py
[2025-04-09T23:05:12.827+0000] {processor.py:914} INFO - Processing file /home/airflow/.local/lib/python3.12/site-packages/airflow/example_dags/tutorial_taskflow_api.py for tasks to queue
[2025-04-09T23:05:12.828+0000] {logging_mixin.py:190} INFO - [2025-04-09T23:05:12.828+0000] {dagbag.py:588} INFO - Filling up the DagBag from /home/airflow/.local/lib/python3.12/site-packages/airflow/example_dags/tutorial_taskflow_api.py
[2025-04-09T23:05:12.832+0000] {processor.py:925} INFO - DAG(s) 'tutorial_taskflow_api' retrieved from /home/airflow/.local/lib/python3.12/site-packages/airflow/example_dags/tutorial_taskflow_api.py
[2025-04-09T23:05:12.840+0000] {logging_mixin.py:190} INFO - [2025-04-09T23:05:12.840+0000] {dag.py:3239} INFO - Sync 1 DAGs
[2025-04-09T23:05:12.845+0000] {logging_mixin.py:190} INFO - [2025-04-09T23:05:12.845+0000] {dag.py:4180} INFO - Setting next_dagrun for tutorial_taskflow_api to None, run_after=None
[2025-04-09T23:05:12.851+0000] {processor.py:208} INFO - Processing /home/airflow/.local/lib/python3.12/site-packages/airflow/example_dags/tutorial_taskflow_api.py took 0.027 seconds
[2025-04-09T23:05:43.098+0000] {processor.py:186} INFO - Started process (PID=2815) to work on /home/airflow/.local/lib/python3.12/site-packages/airflow/example_dags/tutorial_taskflow_api.py
[2025-04-09T23:05:43.100+0000] {processor.py:914} INFO - Processing file /home/airflow/.local/lib/python3.12/site-packages/airflow/example_dags/tutorial_taskflow_api.py for tasks to queue
[2025-04-09T23:05:43.102+0000] {logging_mixin.py:190} INFO - [2025-04-09T23:05:43.101+0000] {dagbag.py:588} INFO - Filling up the DagBag from /home/airflow/.local/lib/python3.12/site-packages/airflow/example_dags/tutorial_taskflow_api.py
[2025-04-09T23:05:43.106+0000] {processor.py:925} INFO - DAG(s) 'tutorial_taskflow_api' retrieved from /home/airflow/.local/lib/python3.12/site-packages/airflow/example_dags/tutorial_taskflow_api.py
[2025-04-09T23:05:43.115+0000] {logging_mixin.py:190} INFO - [2025-04-09T23:05:43.115+0000] {dag.py:3239} INFO - Sync 1 DAGs
[2025-04-09T23:05:43.121+0000] {logging_mixin.py:190} INFO - [2025-04-09T23:05:43.120+0000] {dag.py:4180} INFO - Setting next_dagrun for tutorial_taskflow_api to None, run_after=None
[2025-04-09T23:05:43.131+0000] {processor.py:208} INFO - Processing /home/airflow/.local/lib/python3.12/site-packages/airflow/example_dags/tutorial_taskflow_api.py took 0.037 seconds
[2025-04-09T23:06:13.295+0000] {processor.py:186} INFO - Started process (PID=2879) to work on /home/airflow/.local/lib/python3.12/site-packages/airflow/example_dags/tutorial_taskflow_api.py
[2025-04-09T23:06:13.297+0000] {processor.py:914} INFO - Processing file /home/airflow/.local/lib/python3.12/site-packages/airflow/example_dags/tutorial_taskflow_api.py for tasks to queue
[2025-04-09T23:06:13.299+0000] {logging_mixin.py:190} INFO - [2025-04-09T23:06:13.299+0000] {dagbag.py:588} INFO - Filling up the DagBag from /home/airflow/.local/lib/python3.12/site-packages/airflow/example_dags/tutorial_taskflow_api.py
[2025-04-09T23:06:13.304+0000] {processor.py:925} INFO - DAG(s) 'tutorial_taskflow_api' retrieved from /home/airflow/.local/lib/python3.12/site-packages/airflow/example_dags/tutorial_taskflow_api.py
[2025-04-09T23:06:13.315+0000] {logging_mixin.py:190} INFO - [2025-04-09T23:06:13.315+0000] {dag.py:3239} INFO - Sync 1 DAGs
[2025-04-09T23:06:13.327+0000] {logging_mixin.py:190} INFO - [2025-04-09T23:06:13.326+0000] {dag.py:4180} INFO - Setting next_dagrun for tutorial_taskflow_api to None, run_after=None
[2025-04-09T23:06:13.339+0000] {processor.py:208} INFO - Processing /home/airflow/.local/lib/python3.12/site-packages/airflow/example_dags/tutorial_taskflow_api.py took 0.048 seconds
[2025-04-09T23:06:43.435+0000] {processor.py:186} INFO - Started process (PID=2943) to work on /home/airflow/.local/lib/python3.12/site-packages/airflow/example_dags/tutorial_taskflow_api.py
[2025-04-09T23:06:43.435+0000] {processor.py:914} INFO - Processing file /home/airflow/.local/lib/python3.12/site-packages/airflow/example_dags/tutorial_taskflow_api.py for tasks to queue
[2025-04-09T23:06:43.436+0000] {logging_mixin.py:190} INFO - [2025-04-09T23:06:43.436+0000] {dagbag.py:588} INFO - Filling up the DagBag from /home/airflow/.local/lib/python3.12/site-packages/airflow/example_dags/tutorial_taskflow_api.py
[2025-04-09T23:06:43.441+0000] {processor.py:925} INFO - DAG(s) 'tutorial_taskflow_api' retrieved from /home/airflow/.local/lib/python3.12/site-packages/airflow/example_dags/tutorial_taskflow_api.py
[2025-04-09T23:06:43.449+0000] {logging_mixin.py:190} INFO - [2025-04-09T23:06:43.449+0000] {dag.py:3239} INFO - Sync 1 DAGs
[2025-04-09T23:06:43.456+0000] {logging_mixin.py:190} INFO - [2025-04-09T23:06:43.456+0000] {dag.py:4180} INFO - Setting next_dagrun for tutorial_taskflow_api to None, run_after=None
[2025-04-09T23:06:43.464+0000] {processor.py:208} INFO - Processing /home/airflow/.local/lib/python3.12/site-packages/airflow/example_dags/tutorial_taskflow_api.py took 0.033 seconds
