[2025-04-09T22:43:59.044+0000] {processor.py:186} INFO - Started process (PID=86) to work on /home/airflow/.local/lib/python3.12/site-packages/airflow/example_dags/tutorial.py
[2025-04-09T22:43:59.045+0000] {processor.py:914} INFO - Processing file /home/airflow/.local/lib/python3.12/site-packages/airflow/example_dags/tutorial.py for tasks to queue
[2025-04-09T22:43:59.046+0000] {logging_mixin.py:190} INFO - [2025-04-09T22:43:59.046+0000] {dagbag.py:588} INFO - Filling up the DagBag from /home/airflow/.local/lib/python3.12/site-packages/airflow/example_dags/tutorial.py
[2025-04-09T22:43:59.051+0000] {processor.py:925} INFO - DAG(s) 'tutorial' retrieved from /home/airflow/.local/lib/python3.12/site-packages/airflow/example_dags/tutorial.py
[2025-04-09T22:43:59.094+0000] {logging_mixin.py:190} INFO - [2025-04-09T22:43:59.093+0000] {dag.py:3239} INFO - Sync 1 DAGs
[2025-04-09T22:43:59.144+0000] {logging_mixin.py:190} INFO - [2025-04-09T22:43:59.144+0000] {dag.py:4180} INFO - Setting next_dagrun for tutorial to 2025-04-08 00:00:00+00:00, run_after=2025-04-09 00:00:00+00:00
[2025-04-09T22:43:59.172+0000] {processor.py:208} INFO - Processing /home/airflow/.local/lib/python3.12/site-packages/airflow/example_dags/tutorial.py took 0.132 seconds
[2025-04-09T22:44:29.731+0000] {processor.py:186} INFO - Started process (PID=154) to work on /home/airflow/.local/lib/python3.12/site-packages/airflow/example_dags/tutorial.py
[2025-04-09T22:44:29.731+0000] {processor.py:914} INFO - Processing file /home/airflow/.local/lib/python3.12/site-packages/airflow/example_dags/tutorial.py for tasks to queue
[2025-04-09T22:44:29.733+0000] {logging_mixin.py:190} INFO - [2025-04-09T22:44:29.732+0000] {dagbag.py:588} INFO - Filling up the DagBag from /home/airflow/.local/lib/python3.12/site-packages/airflow/example_dags/tutorial.py
[2025-04-09T22:44:29.737+0000] {processor.py:925} INFO - DAG(s) 'tutorial' retrieved from /home/airflow/.local/lib/python3.12/site-packages/airflow/example_dags/tutorial.py
[2025-04-09T22:44:29.745+0000] {logging_mixin.py:190} INFO - [2025-04-09T22:44:29.745+0000] {dag.py:3239} INFO - Sync 1 DAGs
[2025-04-09T22:44:29.754+0000] {logging_mixin.py:190} INFO - [2025-04-09T22:44:29.754+0000] {dag.py:4180} INFO - Setting next_dagrun for tutorial to 2025-04-08 00:00:00+00:00, run_after=2025-04-09 00:00:00+00:00
[2025-04-09T22:44:29.761+0000] {processor.py:208} INFO - Processing /home/airflow/.local/lib/python3.12/site-packages/airflow/example_dags/tutorial.py took 0.033 seconds
[2025-04-09T22:44:59.847+0000] {processor.py:186} INFO - Started process (PID=218) to work on /home/airflow/.local/lib/python3.12/site-packages/airflow/example_dags/tutorial.py
[2025-04-09T22:44:59.848+0000] {processor.py:914} INFO - Processing file /home/airflow/.local/lib/python3.12/site-packages/airflow/example_dags/tutorial.py for tasks to queue
[2025-04-09T22:44:59.849+0000] {logging_mixin.py:190} INFO - [2025-04-09T22:44:59.849+0000] {dagbag.py:588} INFO - Filling up the DagBag from /home/airflow/.local/lib/python3.12/site-packages/airflow/example_dags/tutorial.py
[2025-04-09T22:44:59.853+0000] {processor.py:925} INFO - DAG(s) 'tutorial' retrieved from /home/airflow/.local/lib/python3.12/site-packages/airflow/example_dags/tutorial.py
[2025-04-09T22:44:59.862+0000] {logging_mixin.py:190} INFO - [2025-04-09T22:44:59.862+0000] {dag.py:3239} INFO - Sync 1 DAGs
[2025-04-09T22:44:59.872+0000] {logging_mixin.py:190} INFO - [2025-04-09T22:44:59.872+0000] {dag.py:4180} INFO - Setting next_dagrun for tutorial to 2025-04-08 00:00:00+00:00, run_after=2025-04-09 00:00:00+00:00
[2025-04-09T22:44:59.880+0000] {processor.py:208} INFO - Processing /home/airflow/.local/lib/python3.12/site-packages/airflow/example_dags/tutorial.py took 0.036 seconds
[2025-04-09T22:45:29.971+0000] {processor.py:186} INFO - Started process (PID=282) to work on /home/airflow/.local/lib/python3.12/site-packages/airflow/example_dags/tutorial.py
[2025-04-09T22:45:29.972+0000] {processor.py:914} INFO - Processing file /home/airflow/.local/lib/python3.12/site-packages/airflow/example_dags/tutorial.py for tasks to queue
[2025-04-09T22:45:29.973+0000] {logging_mixin.py:190} INFO - [2025-04-09T22:45:29.973+0000] {dagbag.py:588} INFO - Filling up the DagBag from /home/airflow/.local/lib/python3.12/site-packages/airflow/example_dags/tutorial.py
[2025-04-09T22:45:29.977+0000] {processor.py:925} INFO - DAG(s) 'tutorial' retrieved from /home/airflow/.local/lib/python3.12/site-packages/airflow/example_dags/tutorial.py
[2025-04-09T22:45:29.985+0000] {logging_mixin.py:190} INFO - [2025-04-09T22:45:29.984+0000] {dag.py:3239} INFO - Sync 1 DAGs
[2025-04-09T22:45:29.994+0000] {logging_mixin.py:190} INFO - [2025-04-09T22:45:29.994+0000] {dag.py:4180} INFO - Setting next_dagrun for tutorial to 2025-04-08 00:00:00+00:00, run_after=2025-04-09 00:00:00+00:00
[2025-04-09T22:45:30.001+0000] {processor.py:208} INFO - Processing /home/airflow/.local/lib/python3.12/site-packages/airflow/example_dags/tutorial.py took 0.033 seconds
[2025-04-09T22:46:00.268+0000] {processor.py:186} INFO - Started process (PID=346) to work on /home/airflow/.local/lib/python3.12/site-packages/airflow/example_dags/tutorial.py
[2025-04-09T22:46:00.269+0000] {processor.py:914} INFO - Processing file /home/airflow/.local/lib/python3.12/site-packages/airflow/example_dags/tutorial.py for tasks to queue
[2025-04-09T22:46:00.271+0000] {logging_mixin.py:190} INFO - [2025-04-09T22:46:00.271+0000] {dagbag.py:588} INFO - Filling up the DagBag from /home/airflow/.local/lib/python3.12/site-packages/airflow/example_dags/tutorial.py
[2025-04-09T22:46:00.275+0000] {processor.py:925} INFO - DAG(s) 'tutorial' retrieved from /home/airflow/.local/lib/python3.12/site-packages/airflow/example_dags/tutorial.py
[2025-04-09T22:46:00.284+0000] {logging_mixin.py:190} INFO - [2025-04-09T22:46:00.284+0000] {dag.py:3239} INFO - Sync 1 DAGs
[2025-04-09T22:46:00.294+0000] {logging_mixin.py:190} INFO - [2025-04-09T22:46:00.294+0000] {dag.py:4180} INFO - Setting next_dagrun for tutorial to 2025-04-08 00:00:00+00:00, run_after=2025-04-09 00:00:00+00:00
[2025-04-09T22:46:00.301+0000] {processor.py:208} INFO - Processing /home/airflow/.local/lib/python3.12/site-packages/airflow/example_dags/tutorial.py took 0.036 seconds
[2025-04-09T22:46:30.646+0000] {processor.py:186} INFO - Started process (PID=409) to work on /home/airflow/.local/lib/python3.12/site-packages/airflow/example_dags/tutorial.py
[2025-04-09T22:46:30.647+0000] {processor.py:914} INFO - Processing file /home/airflow/.local/lib/python3.12/site-packages/airflow/example_dags/tutorial.py for tasks to queue
[2025-04-09T22:46:30.648+0000] {logging_mixin.py:190} INFO - [2025-04-09T22:46:30.648+0000] {dagbag.py:588} INFO - Filling up the DagBag from /home/airflow/.local/lib/python3.12/site-packages/airflow/example_dags/tutorial.py
[2025-04-09T22:46:30.654+0000] {processor.py:925} INFO - DAG(s) 'tutorial' retrieved from /home/airflow/.local/lib/python3.12/site-packages/airflow/example_dags/tutorial.py
[2025-04-09T22:46:30.667+0000] {logging_mixin.py:190} INFO - [2025-04-09T22:46:30.667+0000] {dag.py:3239} INFO - Sync 1 DAGs
[2025-04-09T22:46:30.677+0000] {logging_mixin.py:190} INFO - [2025-04-09T22:46:30.677+0000] {dag.py:4180} INFO - Setting next_dagrun for tutorial to 2025-04-08 00:00:00+00:00, run_after=2025-04-09 00:00:00+00:00
[2025-04-09T22:46:30.686+0000] {processor.py:208} INFO - Processing /home/airflow/.local/lib/python3.12/site-packages/airflow/example_dags/tutorial.py took 0.044 seconds
[2025-04-09T22:47:00.859+0000] {processor.py:186} INFO - Started process (PID=473) to work on /home/airflow/.local/lib/python3.12/site-packages/airflow/example_dags/tutorial.py
[2025-04-09T22:47:00.859+0000] {processor.py:914} INFO - Processing file /home/airflow/.local/lib/python3.12/site-packages/airflow/example_dags/tutorial.py for tasks to queue
[2025-04-09T22:47:00.860+0000] {logging_mixin.py:190} INFO - [2025-04-09T22:47:00.860+0000] {dagbag.py:588} INFO - Filling up the DagBag from /home/airflow/.local/lib/python3.12/site-packages/airflow/example_dags/tutorial.py
[2025-04-09T22:47:00.864+0000] {processor.py:925} INFO - DAG(s) 'tutorial' retrieved from /home/airflow/.local/lib/python3.12/site-packages/airflow/example_dags/tutorial.py
[2025-04-09T22:47:00.875+0000] {logging_mixin.py:190} INFO - [2025-04-09T22:47:00.875+0000] {dag.py:3239} INFO - Sync 1 DAGs
[2025-04-09T22:47:00.885+0000] {logging_mixin.py:190} INFO - [2025-04-09T22:47:00.885+0000] {dag.py:4180} INFO - Setting next_dagrun for tutorial to 2025-04-08 00:00:00+00:00, run_after=2025-04-09 00:00:00+00:00
[2025-04-09T22:47:00.896+0000] {processor.py:208} INFO - Processing /home/airflow/.local/lib/python3.12/site-packages/airflow/example_dags/tutorial.py took 0.041 seconds
[2025-04-09T22:47:31.435+0000] {processor.py:186} INFO - Started process (PID=537) to work on /home/airflow/.local/lib/python3.12/site-packages/airflow/example_dags/tutorial.py
[2025-04-09T22:47:31.437+0000] {processor.py:914} INFO - Processing file /home/airflow/.local/lib/python3.12/site-packages/airflow/example_dags/tutorial.py for tasks to queue
[2025-04-09T22:47:31.438+0000] {logging_mixin.py:190} INFO - [2025-04-09T22:47:31.438+0000] {dagbag.py:588} INFO - Filling up the DagBag from /home/airflow/.local/lib/python3.12/site-packages/airflow/example_dags/tutorial.py
[2025-04-09T22:47:31.442+0000] {processor.py:925} INFO - DAG(s) 'tutorial' retrieved from /home/airflow/.local/lib/python3.12/site-packages/airflow/example_dags/tutorial.py
[2025-04-09T22:47:31.451+0000] {logging_mixin.py:190} INFO - [2025-04-09T22:47:31.451+0000] {dag.py:3239} INFO - Sync 1 DAGs
[2025-04-09T22:47:31.461+0000] {logging_mixin.py:190} INFO - [2025-04-09T22:47:31.461+0000] {dag.py:4180} INFO - Setting next_dagrun for tutorial to 2025-04-08 00:00:00+00:00, run_after=2025-04-09 00:00:00+00:00
[2025-04-09T22:47:31.470+0000] {processor.py:208} INFO - Processing /home/airflow/.local/lib/python3.12/site-packages/airflow/example_dags/tutorial.py took 0.038 seconds
[2025-04-09T22:48:01.842+0000] {processor.py:186} INFO - Started process (PID=601) to work on /home/airflow/.local/lib/python3.12/site-packages/airflow/example_dags/tutorial.py
[2025-04-09T22:48:01.842+0000] {processor.py:914} INFO - Processing file /home/airflow/.local/lib/python3.12/site-packages/airflow/example_dags/tutorial.py for tasks to queue
[2025-04-09T22:48:01.844+0000] {logging_mixin.py:190} INFO - [2025-04-09T22:48:01.843+0000] {dagbag.py:588} INFO - Filling up the DagBag from /home/airflow/.local/lib/python3.12/site-packages/airflow/example_dags/tutorial.py
[2025-04-09T22:48:01.848+0000] {processor.py:925} INFO - DAG(s) 'tutorial' retrieved from /home/airflow/.local/lib/python3.12/site-packages/airflow/example_dags/tutorial.py
[2025-04-09T22:48:01.858+0000] {logging_mixin.py:190} INFO - [2025-04-09T22:48:01.858+0000] {dag.py:3239} INFO - Sync 1 DAGs
[2025-04-09T22:48:01.869+0000] {logging_mixin.py:190} INFO - [2025-04-09T22:48:01.869+0000] {dag.py:4180} INFO - Setting next_dagrun for tutorial to 2025-04-08 00:00:00+00:00, run_after=2025-04-09 00:00:00+00:00
[2025-04-09T22:48:01.878+0000] {processor.py:208} INFO - Processing /home/airflow/.local/lib/python3.12/site-packages/airflow/example_dags/tutorial.py took 0.040 seconds
[2025-04-09T22:48:32.374+0000] {processor.py:186} INFO - Started process (PID=665) to work on /home/airflow/.local/lib/python3.12/site-packages/airflow/example_dags/tutorial.py
[2025-04-09T22:48:32.377+0000] {processor.py:914} INFO - Processing file /home/airflow/.local/lib/python3.12/site-packages/airflow/example_dags/tutorial.py for tasks to queue
[2025-04-09T22:48:32.378+0000] {logging_mixin.py:190} INFO - [2025-04-09T22:48:32.378+0000] {dagbag.py:588} INFO - Filling up the DagBag from /home/airflow/.local/lib/python3.12/site-packages/airflow/example_dags/tutorial.py
[2025-04-09T22:48:32.382+0000] {processor.py:925} INFO - DAG(s) 'tutorial' retrieved from /home/airflow/.local/lib/python3.12/site-packages/airflow/example_dags/tutorial.py
[2025-04-09T22:48:32.390+0000] {logging_mixin.py:190} INFO - [2025-04-09T22:48:32.390+0000] {dag.py:3239} INFO - Sync 1 DAGs
[2025-04-09T22:48:32.400+0000] {logging_mixin.py:190} INFO - [2025-04-09T22:48:32.400+0000] {dag.py:4180} INFO - Setting next_dagrun for tutorial to 2025-04-08 00:00:00+00:00, run_after=2025-04-09 00:00:00+00:00
[2025-04-09T22:48:32.410+0000] {processor.py:208} INFO - Processing /home/airflow/.local/lib/python3.12/site-packages/airflow/example_dags/tutorial.py took 0.038 seconds
[2025-04-09T22:49:03.444+0000] {processor.py:186} INFO - Started process (PID=729) to work on /home/airflow/.local/lib/python3.12/site-packages/airflow/example_dags/tutorial.py
[2025-04-09T22:49:03.445+0000] {processor.py:914} INFO - Processing file /home/airflow/.local/lib/python3.12/site-packages/airflow/example_dags/tutorial.py for tasks to queue
[2025-04-09T22:49:03.448+0000] {logging_mixin.py:190} INFO - [2025-04-09T22:49:03.448+0000] {dagbag.py:588} INFO - Filling up the DagBag from /home/airflow/.local/lib/python3.12/site-packages/airflow/example_dags/tutorial.py
[2025-04-09T22:49:03.452+0000] {processor.py:925} INFO - DAG(s) 'tutorial' retrieved from /home/airflow/.local/lib/python3.12/site-packages/airflow/example_dags/tutorial.py
[2025-04-09T22:49:03.462+0000] {logging_mixin.py:190} INFO - [2025-04-09T22:49:03.462+0000] {dag.py:3239} INFO - Sync 1 DAGs
[2025-04-09T22:49:03.472+0000] {logging_mixin.py:190} INFO - [2025-04-09T22:49:03.472+0000] {dag.py:4180} INFO - Setting next_dagrun for tutorial to 2025-04-08 00:00:00+00:00, run_after=2025-04-09 00:00:00+00:00
[2025-04-09T22:49:03.479+0000] {processor.py:208} INFO - Processing /home/airflow/.local/lib/python3.12/site-packages/airflow/example_dags/tutorial.py took 0.039 seconds
[2025-04-09T22:49:33.625+0000] {processor.py:186} INFO - Started process (PID=793) to work on /home/airflow/.local/lib/python3.12/site-packages/airflow/example_dags/tutorial.py
[2025-04-09T22:49:33.627+0000] {processor.py:914} INFO - Processing file /home/airflow/.local/lib/python3.12/site-packages/airflow/example_dags/tutorial.py for tasks to queue
[2025-04-09T22:49:33.629+0000] {logging_mixin.py:190} INFO - [2025-04-09T22:49:33.628+0000] {dagbag.py:588} INFO - Filling up the DagBag from /home/airflow/.local/lib/python3.12/site-packages/airflow/example_dags/tutorial.py
[2025-04-09T22:49:33.633+0000] {processor.py:925} INFO - DAG(s) 'tutorial' retrieved from /home/airflow/.local/lib/python3.12/site-packages/airflow/example_dags/tutorial.py
[2025-04-09T22:49:33.645+0000] {logging_mixin.py:190} INFO - [2025-04-09T22:49:33.645+0000] {dag.py:3239} INFO - Sync 1 DAGs
[2025-04-09T22:49:33.655+0000] {logging_mixin.py:190} INFO - [2025-04-09T22:49:33.655+0000] {dag.py:4180} INFO - Setting next_dagrun for tutorial to 2025-04-08 00:00:00+00:00, run_after=2025-04-09 00:00:00+00:00
[2025-04-09T22:49:33.664+0000] {processor.py:208} INFO - Processing /home/airflow/.local/lib/python3.12/site-packages/airflow/example_dags/tutorial.py took 0.042 seconds
[2025-04-09T22:50:03.900+0000] {processor.py:186} INFO - Started process (PID=857) to work on /home/airflow/.local/lib/python3.12/site-packages/airflow/example_dags/tutorial.py
[2025-04-09T22:50:03.900+0000] {processor.py:914} INFO - Processing file /home/airflow/.local/lib/python3.12/site-packages/airflow/example_dags/tutorial.py for tasks to queue
[2025-04-09T22:50:03.901+0000] {logging_mixin.py:190} INFO - [2025-04-09T22:50:03.901+0000] {dagbag.py:588} INFO - Filling up the DagBag from /home/airflow/.local/lib/python3.12/site-packages/airflow/example_dags/tutorial.py
[2025-04-09T22:50:03.906+0000] {processor.py:925} INFO - DAG(s) 'tutorial' retrieved from /home/airflow/.local/lib/python3.12/site-packages/airflow/example_dags/tutorial.py
[2025-04-09T22:50:03.916+0000] {logging_mixin.py:190} INFO - [2025-04-09T22:50:03.916+0000] {dag.py:3239} INFO - Sync 1 DAGs
[2025-04-09T22:50:03.926+0000] {logging_mixin.py:190} INFO - [2025-04-09T22:50:03.926+0000] {dag.py:4180} INFO - Setting next_dagrun for tutorial to 2025-04-08 00:00:00+00:00, run_after=2025-04-09 00:00:00+00:00
[2025-04-09T22:50:03.936+0000] {processor.py:208} INFO - Processing /home/airflow/.local/lib/python3.12/site-packages/airflow/example_dags/tutorial.py took 0.039 seconds
[2025-04-09T22:50:34.091+0000] {processor.py:186} INFO - Started process (PID=921) to work on /home/airflow/.local/lib/python3.12/site-packages/airflow/example_dags/tutorial.py
[2025-04-09T22:50:34.092+0000] {processor.py:914} INFO - Processing file /home/airflow/.local/lib/python3.12/site-packages/airflow/example_dags/tutorial.py for tasks to queue
[2025-04-09T22:50:34.093+0000] {logging_mixin.py:190} INFO - [2025-04-09T22:50:34.093+0000] {dagbag.py:588} INFO - Filling up the DagBag from /home/airflow/.local/lib/python3.12/site-packages/airflow/example_dags/tutorial.py
[2025-04-09T22:50:34.097+0000] {processor.py:925} INFO - DAG(s) 'tutorial' retrieved from /home/airflow/.local/lib/python3.12/site-packages/airflow/example_dags/tutorial.py
[2025-04-09T22:50:34.105+0000] {logging_mixin.py:190} INFO - [2025-04-09T22:50:34.105+0000] {dag.py:3239} INFO - Sync 1 DAGs
[2025-04-09T22:50:34.116+0000] {logging_mixin.py:190} INFO - [2025-04-09T22:50:34.116+0000] {dag.py:4180} INFO - Setting next_dagrun for tutorial to 2025-04-08 00:00:00+00:00, run_after=2025-04-09 00:00:00+00:00
[2025-04-09T22:50:34.124+0000] {processor.py:208} INFO - Processing /home/airflow/.local/lib/python3.12/site-packages/airflow/example_dags/tutorial.py took 0.036 seconds
[2025-04-09T22:51:05.185+0000] {processor.py:186} INFO - Started process (PID=985) to work on /home/airflow/.local/lib/python3.12/site-packages/airflow/example_dags/tutorial.py
[2025-04-09T22:51:05.185+0000] {processor.py:914} INFO - Processing file /home/airflow/.local/lib/python3.12/site-packages/airflow/example_dags/tutorial.py for tasks to queue
[2025-04-09T22:51:05.186+0000] {logging_mixin.py:190} INFO - [2025-04-09T22:51:05.186+0000] {dagbag.py:588} INFO - Filling up the DagBag from /home/airflow/.local/lib/python3.12/site-packages/airflow/example_dags/tutorial.py
[2025-04-09T22:51:05.190+0000] {processor.py:925} INFO - DAG(s) 'tutorial' retrieved from /home/airflow/.local/lib/python3.12/site-packages/airflow/example_dags/tutorial.py
[2025-04-09T22:51:05.201+0000] {logging_mixin.py:190} INFO - [2025-04-09T22:51:05.201+0000] {dag.py:3239} INFO - Sync 1 DAGs
[2025-04-09T22:51:05.212+0000] {logging_mixin.py:190} INFO - [2025-04-09T22:51:05.212+0000] {dag.py:4180} INFO - Setting next_dagrun for tutorial to 2025-04-08 00:00:00+00:00, run_after=2025-04-09 00:00:00+00:00
[2025-04-09T22:51:05.221+0000] {processor.py:208} INFO - Processing /home/airflow/.local/lib/python3.12/site-packages/airflow/example_dags/tutorial.py took 0.039 seconds
[2025-04-09T22:51:35.326+0000] {processor.py:186} INFO - Started process (PID=1049) to work on /home/airflow/.local/lib/python3.12/site-packages/airflow/example_dags/tutorial.py
[2025-04-09T22:51:35.330+0000] {processor.py:914} INFO - Processing file /home/airflow/.local/lib/python3.12/site-packages/airflow/example_dags/tutorial.py for tasks to queue
[2025-04-09T22:51:35.331+0000] {logging_mixin.py:190} INFO - [2025-04-09T22:51:35.331+0000] {dagbag.py:588} INFO - Filling up the DagBag from /home/airflow/.local/lib/python3.12/site-packages/airflow/example_dags/tutorial.py
[2025-04-09T22:51:35.335+0000] {processor.py:925} INFO - DAG(s) 'tutorial' retrieved from /home/airflow/.local/lib/python3.12/site-packages/airflow/example_dags/tutorial.py
[2025-04-09T22:51:35.344+0000] {logging_mixin.py:190} INFO - [2025-04-09T22:51:35.344+0000] {dag.py:3239} INFO - Sync 1 DAGs
[2025-04-09T22:51:35.354+0000] {logging_mixin.py:190} INFO - [2025-04-09T22:51:35.354+0000] {dag.py:4180} INFO - Setting next_dagrun for tutorial to 2025-04-08 00:00:00+00:00, run_after=2025-04-09 00:00:00+00:00
[2025-04-09T22:51:35.366+0000] {processor.py:208} INFO - Processing /home/airflow/.local/lib/python3.12/site-packages/airflow/example_dags/tutorial.py took 0.043 seconds
[2025-04-09T22:52:05.507+0000] {processor.py:186} INFO - Started process (PID=1113) to work on /home/airflow/.local/lib/python3.12/site-packages/airflow/example_dags/tutorial.py
[2025-04-09T22:52:05.508+0000] {processor.py:914} INFO - Processing file /home/airflow/.local/lib/python3.12/site-packages/airflow/example_dags/tutorial.py for tasks to queue
[2025-04-09T22:52:05.509+0000] {logging_mixin.py:190} INFO - [2025-04-09T22:52:05.508+0000] {dagbag.py:588} INFO - Filling up the DagBag from /home/airflow/.local/lib/python3.12/site-packages/airflow/example_dags/tutorial.py
[2025-04-09T22:52:05.513+0000] {processor.py:925} INFO - DAG(s) 'tutorial' retrieved from /home/airflow/.local/lib/python3.12/site-packages/airflow/example_dags/tutorial.py
[2025-04-09T22:52:05.523+0000] {logging_mixin.py:190} INFO - [2025-04-09T22:52:05.523+0000] {dag.py:3239} INFO - Sync 1 DAGs
[2025-04-09T22:52:05.532+0000] {logging_mixin.py:190} INFO - [2025-04-09T22:52:05.532+0000] {dag.py:4180} INFO - Setting next_dagrun for tutorial to 2025-04-08 00:00:00+00:00, run_after=2025-04-09 00:00:00+00:00
[2025-04-09T22:52:05.541+0000] {processor.py:208} INFO - Processing /home/airflow/.local/lib/python3.12/site-packages/airflow/example_dags/tutorial.py took 0.037 seconds
[2025-04-09T22:52:35.830+0000] {processor.py:186} INFO - Started process (PID=1177) to work on /home/airflow/.local/lib/python3.12/site-packages/airflow/example_dags/tutorial.py
[2025-04-09T22:52:35.830+0000] {processor.py:914} INFO - Processing file /home/airflow/.local/lib/python3.12/site-packages/airflow/example_dags/tutorial.py for tasks to queue
[2025-04-09T22:52:35.831+0000] {logging_mixin.py:190} INFO - [2025-04-09T22:52:35.831+0000] {dagbag.py:588} INFO - Filling up the DagBag from /home/airflow/.local/lib/python3.12/site-packages/airflow/example_dags/tutorial.py
[2025-04-09T22:52:35.836+0000] {processor.py:925} INFO - DAG(s) 'tutorial' retrieved from /home/airflow/.local/lib/python3.12/site-packages/airflow/example_dags/tutorial.py
[2025-04-09T22:52:35.847+0000] {logging_mixin.py:190} INFO - [2025-04-09T22:52:35.847+0000] {dag.py:3239} INFO - Sync 1 DAGs
[2025-04-09T22:52:35.857+0000] {logging_mixin.py:190} INFO - [2025-04-09T22:52:35.857+0000] {dag.py:4180} INFO - Setting next_dagrun for tutorial to 2025-04-08 00:00:00+00:00, run_after=2025-04-09 00:00:00+00:00
[2025-04-09T22:52:35.865+0000] {processor.py:208} INFO - Processing /home/airflow/.local/lib/python3.12/site-packages/airflow/example_dags/tutorial.py took 0.038 seconds
[2025-04-09T22:53:05.955+0000] {processor.py:186} INFO - Started process (PID=1241) to work on /home/airflow/.local/lib/python3.12/site-packages/airflow/example_dags/tutorial.py
[2025-04-09T22:53:05.955+0000] {processor.py:914} INFO - Processing file /home/airflow/.local/lib/python3.12/site-packages/airflow/example_dags/tutorial.py for tasks to queue
[2025-04-09T22:53:05.956+0000] {logging_mixin.py:190} INFO - [2025-04-09T22:53:05.956+0000] {dagbag.py:588} INFO - Filling up the DagBag from /home/airflow/.local/lib/python3.12/site-packages/airflow/example_dags/tutorial.py
[2025-04-09T22:53:05.960+0000] {processor.py:925} INFO - DAG(s) 'tutorial' retrieved from /home/airflow/.local/lib/python3.12/site-packages/airflow/example_dags/tutorial.py
[2025-04-09T22:53:05.968+0000] {logging_mixin.py:190} INFO - [2025-04-09T22:53:05.968+0000] {dag.py:3239} INFO - Sync 1 DAGs
[2025-04-09T22:53:05.977+0000] {logging_mixin.py:190} INFO - [2025-04-09T22:53:05.977+0000] {dag.py:4180} INFO - Setting next_dagrun for tutorial to 2025-04-08 00:00:00+00:00, run_after=2025-04-09 00:00:00+00:00
[2025-04-09T22:53:05.985+0000] {processor.py:208} INFO - Processing /home/airflow/.local/lib/python3.12/site-packages/airflow/example_dags/tutorial.py took 0.033 seconds
[2025-04-09T22:53:36.816+0000] {processor.py:186} INFO - Started process (PID=1305) to work on /home/airflow/.local/lib/python3.12/site-packages/airflow/example_dags/tutorial.py
[2025-04-09T22:53:36.816+0000] {processor.py:914} INFO - Processing file /home/airflow/.local/lib/python3.12/site-packages/airflow/example_dags/tutorial.py for tasks to queue
[2025-04-09T22:53:36.817+0000] {logging_mixin.py:190} INFO - [2025-04-09T22:53:36.817+0000] {dagbag.py:588} INFO - Filling up the DagBag from /home/airflow/.local/lib/python3.12/site-packages/airflow/example_dags/tutorial.py
[2025-04-09T22:53:36.821+0000] {processor.py:925} INFO - DAG(s) 'tutorial' retrieved from /home/airflow/.local/lib/python3.12/site-packages/airflow/example_dags/tutorial.py
[2025-04-09T22:53:36.830+0000] {logging_mixin.py:190} INFO - [2025-04-09T22:53:36.830+0000] {dag.py:3239} INFO - Sync 1 DAGs
[2025-04-09T22:53:36.839+0000] {logging_mixin.py:190} INFO - [2025-04-09T22:53:36.839+0000] {dag.py:4180} INFO - Setting next_dagrun for tutorial to 2025-04-08 00:00:00+00:00, run_after=2025-04-09 00:00:00+00:00
[2025-04-09T22:53:36.845+0000] {processor.py:208} INFO - Processing /home/airflow/.local/lib/python3.12/site-packages/airflow/example_dags/tutorial.py took 0.032 seconds
[2025-04-09T22:54:07.153+0000] {processor.py:186} INFO - Started process (PID=1369) to work on /home/airflow/.local/lib/python3.12/site-packages/airflow/example_dags/tutorial.py
[2025-04-09T22:54:07.153+0000] {processor.py:914} INFO - Processing file /home/airflow/.local/lib/python3.12/site-packages/airflow/example_dags/tutorial.py for tasks to queue
[2025-04-09T22:54:07.154+0000] {logging_mixin.py:190} INFO - [2025-04-09T22:54:07.154+0000] {dagbag.py:588} INFO - Filling up the DagBag from /home/airflow/.local/lib/python3.12/site-packages/airflow/example_dags/tutorial.py
[2025-04-09T22:54:07.158+0000] {processor.py:925} INFO - DAG(s) 'tutorial' retrieved from /home/airflow/.local/lib/python3.12/site-packages/airflow/example_dags/tutorial.py
[2025-04-09T22:54:07.167+0000] {logging_mixin.py:190} INFO - [2025-04-09T22:54:07.167+0000] {dag.py:3239} INFO - Sync 1 DAGs
[2025-04-09T22:54:07.176+0000] {logging_mixin.py:190} INFO - [2025-04-09T22:54:07.176+0000] {dag.py:4180} INFO - Setting next_dagrun for tutorial to 2025-04-08 00:00:00+00:00, run_after=2025-04-09 00:00:00+00:00
[2025-04-09T22:54:07.182+0000] {processor.py:208} INFO - Processing /home/airflow/.local/lib/python3.12/site-packages/airflow/example_dags/tutorial.py took 0.032 seconds
[2025-04-09T22:54:37.684+0000] {processor.py:186} INFO - Started process (PID=1433) to work on /home/airflow/.local/lib/python3.12/site-packages/airflow/example_dags/tutorial.py
[2025-04-09T22:54:37.685+0000] {processor.py:914} INFO - Processing file /home/airflow/.local/lib/python3.12/site-packages/airflow/example_dags/tutorial.py for tasks to queue
[2025-04-09T22:54:37.686+0000] {logging_mixin.py:190} INFO - [2025-04-09T22:54:37.686+0000] {dagbag.py:588} INFO - Filling up the DagBag from /home/airflow/.local/lib/python3.12/site-packages/airflow/example_dags/tutorial.py
[2025-04-09T22:54:37.690+0000] {processor.py:925} INFO - DAG(s) 'tutorial' retrieved from /home/airflow/.local/lib/python3.12/site-packages/airflow/example_dags/tutorial.py
[2025-04-09T22:54:37.700+0000] {logging_mixin.py:190} INFO - [2025-04-09T22:54:37.700+0000] {dag.py:3239} INFO - Sync 1 DAGs
[2025-04-09T22:54:37.709+0000] {logging_mixin.py:190} INFO - [2025-04-09T22:54:37.709+0000] {dag.py:4180} INFO - Setting next_dagrun for tutorial to 2025-04-08 00:00:00+00:00, run_after=2025-04-09 00:00:00+00:00
[2025-04-09T22:54:37.718+0000] {processor.py:208} INFO - Processing /home/airflow/.local/lib/python3.12/site-packages/airflow/example_dags/tutorial.py took 0.037 seconds
[2025-04-09T23:03:42.965+0000] {processor.py:186} INFO - Started process (PID=2585) to work on /home/airflow/.local/lib/python3.12/site-packages/airflow/example_dags/tutorial.py
[2025-04-09T23:03:42.968+0000] {processor.py:914} INFO - Processing file /home/airflow/.local/lib/python3.12/site-packages/airflow/example_dags/tutorial.py for tasks to queue
[2025-04-09T23:03:42.969+0000] {logging_mixin.py:190} INFO - [2025-04-09T23:03:42.969+0000] {dagbag.py:588} INFO - Filling up the DagBag from /home/airflow/.local/lib/python3.12/site-packages/airflow/example_dags/tutorial.py
[2025-04-09T23:03:42.974+0000] {processor.py:925} INFO - DAG(s) 'tutorial' retrieved from /home/airflow/.local/lib/python3.12/site-packages/airflow/example_dags/tutorial.py
[2025-04-09T23:03:42.988+0000] {logging_mixin.py:190} INFO - [2025-04-09T23:03:42.987+0000] {dag.py:3239} INFO - Sync 1 DAGs
[2025-04-09T23:03:42.999+0000] {logging_mixin.py:190} INFO - [2025-04-09T23:03:42.999+0000] {dag.py:4180} INFO - Setting next_dagrun for tutorial to 2025-04-08 00:00:00+00:00, run_after=2025-04-09 00:00:00+00:00
[2025-04-09T23:03:43.009+0000] {processor.py:208} INFO - Processing /home/airflow/.local/lib/python3.12/site-packages/airflow/example_dags/tutorial.py took 0.048 seconds
[2025-04-09T23:04:13.257+0000] {processor.py:186} INFO - Started process (PID=2649) to work on /home/airflow/.local/lib/python3.12/site-packages/airflow/example_dags/tutorial.py
[2025-04-09T23:04:13.259+0000] {processor.py:914} INFO - Processing file /home/airflow/.local/lib/python3.12/site-packages/airflow/example_dags/tutorial.py for tasks to queue
[2025-04-09T23:04:13.260+0000] {logging_mixin.py:190} INFO - [2025-04-09T23:04:13.260+0000] {dagbag.py:588} INFO - Filling up the DagBag from /home/airflow/.local/lib/python3.12/site-packages/airflow/example_dags/tutorial.py
[2025-04-09T23:04:13.264+0000] {processor.py:925} INFO - DAG(s) 'tutorial' retrieved from /home/airflow/.local/lib/python3.12/site-packages/airflow/example_dags/tutorial.py
[2025-04-09T23:04:13.276+0000] {logging_mixin.py:190} INFO - [2025-04-09T23:04:13.276+0000] {dag.py:3239} INFO - Sync 1 DAGs
[2025-04-09T23:04:13.288+0000] {logging_mixin.py:190} INFO - [2025-04-09T23:04:13.287+0000] {dag.py:4180} INFO - Setting next_dagrun for tutorial to 2025-04-08 00:00:00+00:00, run_after=2025-04-09 00:00:00+00:00
[2025-04-09T23:04:13.295+0000] {processor.py:208} INFO - Processing /home/airflow/.local/lib/python3.12/site-packages/airflow/example_dags/tutorial.py took 0.041 seconds
[2025-04-09T23:04:43.624+0000] {processor.py:186} INFO - Started process (PID=2713) to work on /home/airflow/.local/lib/python3.12/site-packages/airflow/example_dags/tutorial.py
[2025-04-09T23:04:43.625+0000] {processor.py:914} INFO - Processing file /home/airflow/.local/lib/python3.12/site-packages/airflow/example_dags/tutorial.py for tasks to queue
[2025-04-09T23:04:43.627+0000] {logging_mixin.py:190} INFO - [2025-04-09T23:04:43.627+0000] {dagbag.py:588} INFO - Filling up the DagBag from /home/airflow/.local/lib/python3.12/site-packages/airflow/example_dags/tutorial.py
[2025-04-09T23:04:43.631+0000] {processor.py:925} INFO - DAG(s) 'tutorial' retrieved from /home/airflow/.local/lib/python3.12/site-packages/airflow/example_dags/tutorial.py
[2025-04-09T23:04:43.640+0000] {logging_mixin.py:190} INFO - [2025-04-09T23:04:43.640+0000] {dag.py:3239} INFO - Sync 1 DAGs
[2025-04-09T23:04:43.651+0000] {logging_mixin.py:190} INFO - [2025-04-09T23:04:43.651+0000] {dag.py:4180} INFO - Setting next_dagrun for tutorial to 2025-04-08 00:00:00+00:00, run_after=2025-04-09 00:00:00+00:00
[2025-04-09T23:04:43.659+0000] {processor.py:208} INFO - Processing /home/airflow/.local/lib/python3.12/site-packages/airflow/example_dags/tutorial.py took 0.038 seconds
[2025-04-09T23:05:13.808+0000] {processor.py:186} INFO - Started process (PID=2777) to work on /home/airflow/.local/lib/python3.12/site-packages/airflow/example_dags/tutorial.py
[2025-04-09T23:05:13.810+0000] {processor.py:914} INFO - Processing file /home/airflow/.local/lib/python3.12/site-packages/airflow/example_dags/tutorial.py for tasks to queue
[2025-04-09T23:05:13.812+0000] {logging_mixin.py:190} INFO - [2025-04-09T23:05:13.811+0000] {dagbag.py:588} INFO - Filling up the DagBag from /home/airflow/.local/lib/python3.12/site-packages/airflow/example_dags/tutorial.py
[2025-04-09T23:05:13.816+0000] {processor.py:925} INFO - DAG(s) 'tutorial' retrieved from /home/airflow/.local/lib/python3.12/site-packages/airflow/example_dags/tutorial.py
[2025-04-09T23:05:13.826+0000] {logging_mixin.py:190} INFO - [2025-04-09T23:05:13.826+0000] {dag.py:3239} INFO - Sync 1 DAGs
[2025-04-09T23:05:13.835+0000] {logging_mixin.py:190} INFO - [2025-04-09T23:05:13.835+0000] {dag.py:4180} INFO - Setting next_dagrun for tutorial to 2025-04-08 00:00:00+00:00, run_after=2025-04-09 00:00:00+00:00
[2025-04-09T23:05:13.845+0000] {processor.py:208} INFO - Processing /home/airflow/.local/lib/python3.12/site-packages/airflow/example_dags/tutorial.py took 0.040 seconds
[2025-04-09T23:05:43.966+0000] {processor.py:186} INFO - Started process (PID=2841) to work on /home/airflow/.local/lib/python3.12/site-packages/airflow/example_dags/tutorial.py
[2025-04-09T23:05:43.966+0000] {processor.py:914} INFO - Processing file /home/airflow/.local/lib/python3.12/site-packages/airflow/example_dags/tutorial.py for tasks to queue
[2025-04-09T23:05:43.968+0000] {logging_mixin.py:190} INFO - [2025-04-09T23:05:43.968+0000] {dagbag.py:588} INFO - Filling up the DagBag from /home/airflow/.local/lib/python3.12/site-packages/airflow/example_dags/tutorial.py
[2025-04-09T23:05:43.972+0000] {processor.py:925} INFO - DAG(s) 'tutorial' retrieved from /home/airflow/.local/lib/python3.12/site-packages/airflow/example_dags/tutorial.py
[2025-04-09T23:05:43.981+0000] {logging_mixin.py:190} INFO - [2025-04-09T23:05:43.981+0000] {dag.py:3239} INFO - Sync 1 DAGs
[2025-04-09T23:05:43.992+0000] {logging_mixin.py:190} INFO - [2025-04-09T23:05:43.992+0000] {dag.py:4180} INFO - Setting next_dagrun for tutorial to 2025-04-08 00:00:00+00:00, run_after=2025-04-09 00:00:00+00:00
[2025-04-09T23:05:43.999+0000] {processor.py:208} INFO - Processing /home/airflow/.local/lib/python3.12/site-packages/airflow/example_dags/tutorial.py took 0.037 seconds
[2025-04-09T23:06:14.176+0000] {processor.py:186} INFO - Started process (PID=2905) to work on /home/airflow/.local/lib/python3.12/site-packages/airflow/example_dags/tutorial.py
[2025-04-09T23:06:14.178+0000] {processor.py:914} INFO - Processing file /home/airflow/.local/lib/python3.12/site-packages/airflow/example_dags/tutorial.py for tasks to queue
[2025-04-09T23:06:14.180+0000] {logging_mixin.py:190} INFO - [2025-04-09T23:06:14.180+0000] {dagbag.py:588} INFO - Filling up the DagBag from /home/airflow/.local/lib/python3.12/site-packages/airflow/example_dags/tutorial.py
[2025-04-09T23:06:14.184+0000] {processor.py:925} INFO - DAG(s) 'tutorial' retrieved from /home/airflow/.local/lib/python3.12/site-packages/airflow/example_dags/tutorial.py
[2025-04-09T23:06:14.194+0000] {logging_mixin.py:190} INFO - [2025-04-09T23:06:14.194+0000] {dag.py:3239} INFO - Sync 1 DAGs
[2025-04-09T23:06:14.203+0000] {logging_mixin.py:190} INFO - [2025-04-09T23:06:14.203+0000] {dag.py:4180} INFO - Setting next_dagrun for tutorial to 2025-04-08 00:00:00+00:00, run_after=2025-04-09 00:00:00+00:00
[2025-04-09T23:06:14.212+0000] {processor.py:208} INFO - Processing /home/airflow/.local/lib/python3.12/site-packages/airflow/example_dags/tutorial.py took 0.039 seconds
[2025-04-09T23:06:44.388+0000] {processor.py:186} INFO - Started process (PID=2969) to work on /home/airflow/.local/lib/python3.12/site-packages/airflow/example_dags/tutorial.py
[2025-04-09T23:06:44.391+0000] {processor.py:914} INFO - Processing file /home/airflow/.local/lib/python3.12/site-packages/airflow/example_dags/tutorial.py for tasks to queue
[2025-04-09T23:06:44.393+0000] {logging_mixin.py:190} INFO - [2025-04-09T23:06:44.393+0000] {dagbag.py:588} INFO - Filling up the DagBag from /home/airflow/.local/lib/python3.12/site-packages/airflow/example_dags/tutorial.py
[2025-04-09T23:06:44.399+0000] {processor.py:925} INFO - DAG(s) 'tutorial' retrieved from /home/airflow/.local/lib/python3.12/site-packages/airflow/example_dags/tutorial.py
[2025-04-09T23:06:44.410+0000] {logging_mixin.py:190} INFO - [2025-04-09T23:06:44.410+0000] {dag.py:3239} INFO - Sync 1 DAGs
[2025-04-09T23:06:44.421+0000] {logging_mixin.py:190} INFO - [2025-04-09T23:06:44.420+0000] {dag.py:4180} INFO - Setting next_dagrun for tutorial to 2025-04-08 00:00:00+00:00, run_after=2025-04-09 00:00:00+00:00
[2025-04-09T23:06:44.434+0000] {processor.py:208} INFO - Processing /home/airflow/.local/lib/python3.12/site-packages/airflow/example_dags/tutorial.py took 0.049 seconds
